[2024-12-14 15:51:59,995] {processor.py:153} INFO - Started process (PID=48194) to work on /home/dev/curso/ambientevirtual/lib/python3.9/site-packages/airflow/example_dags/subdags/subdag.py
[2024-12-14 15:51:59,996] {processor.py:641} INFO - Processing file /home/dev/curso/ambientevirtual/lib/python3.9/site-packages/airflow/example_dags/subdags/subdag.py for tasks to queue
[2024-12-14 15:51:59,997] {logging_mixin.py:115} INFO - [2024-12-14 15:51:59,997] {dagbag.py:507} INFO - Filling up the DagBag from /home/dev/curso/ambientevirtual/lib/python3.9/site-packages/airflow/example_dags/subdags/subdag.py
[2024-12-14 15:51:59,999] {processor.py:653} WARNING - No viable dags retrieved from /home/dev/curso/ambientevirtual/lib/python3.9/site-packages/airflow/example_dags/subdags/subdag.py
[2024-12-14 15:52:00,015] {processor.py:161} INFO - Processing /home/dev/curso/ambientevirtual/lib/python3.9/site-packages/airflow/example_dags/subdags/subdag.py took 0.027 seconds
[2024-12-14 15:52:38,878] {processor.py:153} INFO - Started process (PID=48390) to work on /home/dev/curso/ambientevirtual/lib/python3.9/site-packages/airflow/example_dags/subdags/subdag.py
[2024-12-14 15:52:38,880] {processor.py:641} INFO - Processing file /home/dev/curso/ambientevirtual/lib/python3.9/site-packages/airflow/example_dags/subdags/subdag.py for tasks to queue
[2024-12-14 15:52:38,881] {logging_mixin.py:115} INFO - [2024-12-14 15:52:38,880] {dagbag.py:507} INFO - Filling up the DagBag from /home/dev/curso/ambientevirtual/lib/python3.9/site-packages/airflow/example_dags/subdags/subdag.py
[2024-12-14 15:52:38,882] {processor.py:653} WARNING - No viable dags retrieved from /home/dev/curso/ambientevirtual/lib/python3.9/site-packages/airflow/example_dags/subdags/subdag.py
[2024-12-14 15:52:38,897] {processor.py:161} INFO - Processing /home/dev/curso/ambientevirtual/lib/python3.9/site-packages/airflow/example_dags/subdags/subdag.py took 0.023 seconds
[2024-12-14 15:53:16,955] {processor.py:153} INFO - Started process (PID=48534) to work on /home/dev/curso/ambientevirtual/lib/python3.9/site-packages/airflow/example_dags/subdags/subdag.py
[2024-12-14 15:53:16,957] {processor.py:641} INFO - Processing file /home/dev/curso/ambientevirtual/lib/python3.9/site-packages/airflow/example_dags/subdags/subdag.py for tasks to queue
[2024-12-14 15:53:16,958] {logging_mixin.py:115} INFO - [2024-12-14 15:53:16,958] {dagbag.py:507} INFO - Filling up the DagBag from /home/dev/curso/ambientevirtual/lib/python3.9/site-packages/airflow/example_dags/subdags/subdag.py
[2024-12-14 15:53:16,961] {processor.py:653} WARNING - No viable dags retrieved from /home/dev/curso/ambientevirtual/lib/python3.9/site-packages/airflow/example_dags/subdags/subdag.py
[2024-12-14 15:53:16,976] {processor.py:161} INFO - Processing /home/dev/curso/ambientevirtual/lib/python3.9/site-packages/airflow/example_dags/subdags/subdag.py took 0.028 seconds
[2024-12-14 15:53:54,994] {processor.py:153} INFO - Started process (PID=48664) to work on /home/dev/curso/ambientevirtual/lib/python3.9/site-packages/airflow/example_dags/subdags/subdag.py
[2024-12-14 15:53:54,996] {processor.py:641} INFO - Processing file /home/dev/curso/ambientevirtual/lib/python3.9/site-packages/airflow/example_dags/subdags/subdag.py for tasks to queue
[2024-12-14 15:53:54,997] {logging_mixin.py:115} INFO - [2024-12-14 15:53:54,997] {dagbag.py:507} INFO - Filling up the DagBag from /home/dev/curso/ambientevirtual/lib/python3.9/site-packages/airflow/example_dags/subdags/subdag.py
[2024-12-14 15:53:55,000] {processor.py:653} WARNING - No viable dags retrieved from /home/dev/curso/ambientevirtual/lib/python3.9/site-packages/airflow/example_dags/subdags/subdag.py
[2024-12-14 15:53:55,019] {processor.py:161} INFO - Processing /home/dev/curso/ambientevirtual/lib/python3.9/site-packages/airflow/example_dags/subdags/subdag.py took 0.032 seconds
[2024-12-14 15:54:36,302] {processor.py:153} INFO - Started process (PID=48816) to work on /home/dev/curso/ambientevirtual/lib/python3.9/site-packages/airflow/example_dags/subdags/subdag.py
[2024-12-14 15:54:36,304] {processor.py:641} INFO - Processing file /home/dev/curso/ambientevirtual/lib/python3.9/site-packages/airflow/example_dags/subdags/subdag.py for tasks to queue
[2024-12-14 15:54:36,304] {logging_mixin.py:115} INFO - [2024-12-14 15:54:36,304] {dagbag.py:507} INFO - Filling up the DagBag from /home/dev/curso/ambientevirtual/lib/python3.9/site-packages/airflow/example_dags/subdags/subdag.py
[2024-12-14 15:54:36,306] {processor.py:653} WARNING - No viable dags retrieved from /home/dev/curso/ambientevirtual/lib/python3.9/site-packages/airflow/example_dags/subdags/subdag.py
[2024-12-14 15:54:36,321] {processor.py:161} INFO - Processing /home/dev/curso/ambientevirtual/lib/python3.9/site-packages/airflow/example_dags/subdags/subdag.py took 0.023 seconds
[2024-12-14 15:55:14,772] {processor.py:153} INFO - Started process (PID=48955) to work on /home/dev/curso/ambientevirtual/lib/python3.9/site-packages/airflow/example_dags/subdags/subdag.py
[2024-12-14 15:55:14,774] {processor.py:641} INFO - Processing file /home/dev/curso/ambientevirtual/lib/python3.9/site-packages/airflow/example_dags/subdags/subdag.py for tasks to queue
[2024-12-14 15:55:14,775] {logging_mixin.py:115} INFO - [2024-12-14 15:55:14,775] {dagbag.py:507} INFO - Filling up the DagBag from /home/dev/curso/ambientevirtual/lib/python3.9/site-packages/airflow/example_dags/subdags/subdag.py
[2024-12-14 15:55:14,777] {processor.py:653} WARNING - No viable dags retrieved from /home/dev/curso/ambientevirtual/lib/python3.9/site-packages/airflow/example_dags/subdags/subdag.py
[2024-12-14 15:55:14,792] {processor.py:161} INFO - Processing /home/dev/curso/ambientevirtual/lib/python3.9/site-packages/airflow/example_dags/subdags/subdag.py took 0.025 seconds
[2024-12-14 15:55:52,985] {processor.py:153} INFO - Started process (PID=49101) to work on /home/dev/curso/ambientevirtual/lib/python3.9/site-packages/airflow/example_dags/subdags/subdag.py
[2024-12-14 15:55:52,986] {processor.py:641} INFO - Processing file /home/dev/curso/ambientevirtual/lib/python3.9/site-packages/airflow/example_dags/subdags/subdag.py for tasks to queue
[2024-12-14 15:55:52,987] {logging_mixin.py:115} INFO - [2024-12-14 15:55:52,986] {dagbag.py:507} INFO - Filling up the DagBag from /home/dev/curso/ambientevirtual/lib/python3.9/site-packages/airflow/example_dags/subdags/subdag.py
[2024-12-14 15:55:52,989] {processor.py:653} WARNING - No viable dags retrieved from /home/dev/curso/ambientevirtual/lib/python3.9/site-packages/airflow/example_dags/subdags/subdag.py
[2024-12-14 15:55:53,004] {processor.py:161} INFO - Processing /home/dev/curso/ambientevirtual/lib/python3.9/site-packages/airflow/example_dags/subdags/subdag.py took 0.023 seconds
[2024-12-14 15:56:33,866] {processor.py:153} INFO - Started process (PID=49247) to work on /home/dev/curso/ambientevirtual/lib/python3.9/site-packages/airflow/example_dags/subdags/subdag.py
[2024-12-14 15:56:33,868] {processor.py:641} INFO - Processing file /home/dev/curso/ambientevirtual/lib/python3.9/site-packages/airflow/example_dags/subdags/subdag.py for tasks to queue
[2024-12-14 15:56:33,869] {logging_mixin.py:115} INFO - [2024-12-14 15:56:33,869] {dagbag.py:507} INFO - Filling up the DagBag from /home/dev/curso/ambientevirtual/lib/python3.9/site-packages/airflow/example_dags/subdags/subdag.py
[2024-12-14 15:56:33,873] {processor.py:653} WARNING - No viable dags retrieved from /home/dev/curso/ambientevirtual/lib/python3.9/site-packages/airflow/example_dags/subdags/subdag.py
[2024-12-14 15:56:33,888] {processor.py:161} INFO - Processing /home/dev/curso/ambientevirtual/lib/python3.9/site-packages/airflow/example_dags/subdags/subdag.py took 0.027 seconds
[2024-12-14 15:57:09,570] {processor.py:153} INFO - Started process (PID=49434) to work on /home/dev/curso/ambientevirtual/lib/python3.9/site-packages/airflow/example_dags/subdags/subdag.py
[2024-12-14 15:57:09,571] {processor.py:641} INFO - Processing file /home/dev/curso/ambientevirtual/lib/python3.9/site-packages/airflow/example_dags/subdags/subdag.py for tasks to queue
[2024-12-14 15:57:09,572] {logging_mixin.py:115} INFO - [2024-12-14 15:57:09,572] {dagbag.py:507} INFO - Filling up the DagBag from /home/dev/curso/ambientevirtual/lib/python3.9/site-packages/airflow/example_dags/subdags/subdag.py
[2024-12-14 15:57:09,573] {processor.py:653} WARNING - No viable dags retrieved from /home/dev/curso/ambientevirtual/lib/python3.9/site-packages/airflow/example_dags/subdags/subdag.py
[2024-12-14 15:57:09,591] {processor.py:161} INFO - Processing /home/dev/curso/ambientevirtual/lib/python3.9/site-packages/airflow/example_dags/subdags/subdag.py took 0.024 seconds
[2024-12-14 15:57:48,248] {processor.py:153} INFO - Started process (PID=49578) to work on /home/dev/curso/ambientevirtual/lib/python3.9/site-packages/airflow/example_dags/subdags/subdag.py
[2024-12-14 15:57:48,249] {processor.py:641} INFO - Processing file /home/dev/curso/ambientevirtual/lib/python3.9/site-packages/airflow/example_dags/subdags/subdag.py for tasks to queue
[2024-12-14 15:57:48,250] {logging_mixin.py:115} INFO - [2024-12-14 15:57:48,250] {dagbag.py:507} INFO - Filling up the DagBag from /home/dev/curso/ambientevirtual/lib/python3.9/site-packages/airflow/example_dags/subdags/subdag.py
[2024-12-14 15:57:48,251] {processor.py:653} WARNING - No viable dags retrieved from /home/dev/curso/ambientevirtual/lib/python3.9/site-packages/airflow/example_dags/subdags/subdag.py
[2024-12-14 15:57:48,269] {processor.py:161} INFO - Processing /home/dev/curso/ambientevirtual/lib/python3.9/site-packages/airflow/example_dags/subdags/subdag.py took 0.024 seconds
[2024-12-14 15:58:29,033] {processor.py:153} INFO - Started process (PID=49722) to work on /home/dev/curso/ambientevirtual/lib/python3.9/site-packages/airflow/example_dags/subdags/subdag.py
[2024-12-14 15:58:29,036] {processor.py:641} INFO - Processing file /home/dev/curso/ambientevirtual/lib/python3.9/site-packages/airflow/example_dags/subdags/subdag.py for tasks to queue
[2024-12-14 15:58:29,037] {logging_mixin.py:115} INFO - [2024-12-14 15:58:29,037] {dagbag.py:507} INFO - Filling up the DagBag from /home/dev/curso/ambientevirtual/lib/python3.9/site-packages/airflow/example_dags/subdags/subdag.py
[2024-12-14 15:58:29,041] {processor.py:653} WARNING - No viable dags retrieved from /home/dev/curso/ambientevirtual/lib/python3.9/site-packages/airflow/example_dags/subdags/subdag.py
[2024-12-14 15:58:29,057] {processor.py:161} INFO - Processing /home/dev/curso/ambientevirtual/lib/python3.9/site-packages/airflow/example_dags/subdags/subdag.py took 0.031 seconds
[2024-12-14 15:59:05,970] {processor.py:153} INFO - Started process (PID=49860) to work on /home/dev/curso/ambientevirtual/lib/python3.9/site-packages/airflow/example_dags/subdags/subdag.py
[2024-12-14 15:59:05,971] {processor.py:641} INFO - Processing file /home/dev/curso/ambientevirtual/lib/python3.9/site-packages/airflow/example_dags/subdags/subdag.py for tasks to queue
[2024-12-14 15:59:05,971] {logging_mixin.py:115} INFO - [2024-12-14 15:59:05,971] {dagbag.py:507} INFO - Filling up the DagBag from /home/dev/curso/ambientevirtual/lib/python3.9/site-packages/airflow/example_dags/subdags/subdag.py
[2024-12-14 15:59:05,973] {processor.py:653} WARNING - No viable dags retrieved from /home/dev/curso/ambientevirtual/lib/python3.9/site-packages/airflow/example_dags/subdags/subdag.py
[2024-12-14 15:59:05,987] {processor.py:161} INFO - Processing /home/dev/curso/ambientevirtual/lib/python3.9/site-packages/airflow/example_dags/subdags/subdag.py took 0.021 seconds
[2024-12-14 15:59:44,959] {processor.py:153} INFO - Started process (PID=49998) to work on /home/dev/curso/ambientevirtual/lib/python3.9/site-packages/airflow/example_dags/subdags/subdag.py
[2024-12-14 15:59:44,961] {processor.py:641} INFO - Processing file /home/dev/curso/ambientevirtual/lib/python3.9/site-packages/airflow/example_dags/subdags/subdag.py for tasks to queue
[2024-12-14 15:59:44,962] {logging_mixin.py:115} INFO - [2024-12-14 15:59:44,962] {dagbag.py:507} INFO - Filling up the DagBag from /home/dev/curso/ambientevirtual/lib/python3.9/site-packages/airflow/example_dags/subdags/subdag.py
[2024-12-14 15:59:44,965] {processor.py:653} WARNING - No viable dags retrieved from /home/dev/curso/ambientevirtual/lib/python3.9/site-packages/airflow/example_dags/subdags/subdag.py
[2024-12-14 15:59:44,989] {processor.py:161} INFO - Processing /home/dev/curso/ambientevirtual/lib/python3.9/site-packages/airflow/example_dags/subdags/subdag.py took 0.035 seconds
[2024-12-14 16:00:25,849] {processor.py:153} INFO - Started process (PID=50151) to work on /home/dev/curso/ambientevirtual/lib/python3.9/site-packages/airflow/example_dags/subdags/subdag.py
[2024-12-14 16:00:25,850] {processor.py:641} INFO - Processing file /home/dev/curso/ambientevirtual/lib/python3.9/site-packages/airflow/example_dags/subdags/subdag.py for tasks to queue
[2024-12-14 16:00:25,851] {logging_mixin.py:115} INFO - [2024-12-14 16:00:25,851] {dagbag.py:507} INFO - Filling up the DagBag from /home/dev/curso/ambientevirtual/lib/python3.9/site-packages/airflow/example_dags/subdags/subdag.py
[2024-12-14 16:00:25,853] {processor.py:653} WARNING - No viable dags retrieved from /home/dev/curso/ambientevirtual/lib/python3.9/site-packages/airflow/example_dags/subdags/subdag.py
[2024-12-14 16:00:25,866] {processor.py:161} INFO - Processing /home/dev/curso/ambientevirtual/lib/python3.9/site-packages/airflow/example_dags/subdags/subdag.py took 0.020 seconds
[2024-12-14 16:01:07,779] {processor.py:153} INFO - Started process (PID=50478) to work on /home/dev/curso/ambientevirtual/lib/python3.9/site-packages/airflow/example_dags/subdags/subdag.py
[2024-12-14 16:01:07,781] {processor.py:641} INFO - Processing file /home/dev/curso/ambientevirtual/lib/python3.9/site-packages/airflow/example_dags/subdags/subdag.py for tasks to queue
[2024-12-14 16:01:07,782] {logging_mixin.py:115} INFO - [2024-12-14 16:01:07,781] {dagbag.py:507} INFO - Filling up the DagBag from /home/dev/curso/ambientevirtual/lib/python3.9/site-packages/airflow/example_dags/subdags/subdag.py
[2024-12-14 16:01:07,785] {processor.py:653} WARNING - No viable dags retrieved from /home/dev/curso/ambientevirtual/lib/python3.9/site-packages/airflow/example_dags/subdags/subdag.py
[2024-12-14 16:01:07,804] {processor.py:161} INFO - Processing /home/dev/curso/ambientevirtual/lib/python3.9/site-packages/airflow/example_dags/subdags/subdag.py took 0.032 seconds
[2024-12-14 16:01:48,386] {processor.py:153} INFO - Started process (PID=50629) to work on /home/dev/curso/ambientevirtual/lib/python3.9/site-packages/airflow/example_dags/subdags/subdag.py
[2024-12-14 16:01:48,388] {processor.py:641} INFO - Processing file /home/dev/curso/ambientevirtual/lib/python3.9/site-packages/airflow/example_dags/subdags/subdag.py for tasks to queue
[2024-12-14 16:01:48,389] {logging_mixin.py:115} INFO - [2024-12-14 16:01:48,388] {dagbag.py:507} INFO - Filling up the DagBag from /home/dev/curso/ambientevirtual/lib/python3.9/site-packages/airflow/example_dags/subdags/subdag.py
[2024-12-14 16:01:48,392] {processor.py:653} WARNING - No viable dags retrieved from /home/dev/curso/ambientevirtual/lib/python3.9/site-packages/airflow/example_dags/subdags/subdag.py
[2024-12-14 16:01:48,417] {processor.py:161} INFO - Processing /home/dev/curso/ambientevirtual/lib/python3.9/site-packages/airflow/example_dags/subdags/subdag.py took 0.038 seconds
[2024-12-14 16:02:27,783] {processor.py:153} INFO - Started process (PID=50820) to work on /home/dev/curso/ambientevirtual/lib/python3.9/site-packages/airflow/example_dags/subdags/subdag.py
[2024-12-14 16:02:27,785] {processor.py:641} INFO - Processing file /home/dev/curso/ambientevirtual/lib/python3.9/site-packages/airflow/example_dags/subdags/subdag.py for tasks to queue
[2024-12-14 16:02:27,785] {logging_mixin.py:115} INFO - [2024-12-14 16:02:27,785] {dagbag.py:507} INFO - Filling up the DagBag from /home/dev/curso/ambientevirtual/lib/python3.9/site-packages/airflow/example_dags/subdags/subdag.py
[2024-12-14 16:02:27,787] {processor.py:653} WARNING - No viable dags retrieved from /home/dev/curso/ambientevirtual/lib/python3.9/site-packages/airflow/example_dags/subdags/subdag.py
[2024-12-14 16:02:27,801] {processor.py:161} INFO - Processing /home/dev/curso/ambientevirtual/lib/python3.9/site-packages/airflow/example_dags/subdags/subdag.py took 0.023 seconds
[2024-12-14 16:03:06,891] {processor.py:153} INFO - Started process (PID=50966) to work on /home/dev/curso/ambientevirtual/lib/python3.9/site-packages/airflow/example_dags/subdags/subdag.py
[2024-12-14 16:03:06,893] {processor.py:641} INFO - Processing file /home/dev/curso/ambientevirtual/lib/python3.9/site-packages/airflow/example_dags/subdags/subdag.py for tasks to queue
[2024-12-14 16:03:06,894] {logging_mixin.py:115} INFO - [2024-12-14 16:03:06,894] {dagbag.py:507} INFO - Filling up the DagBag from /home/dev/curso/ambientevirtual/lib/python3.9/site-packages/airflow/example_dags/subdags/subdag.py
[2024-12-14 16:03:06,896] {processor.py:653} WARNING - No viable dags retrieved from /home/dev/curso/ambientevirtual/lib/python3.9/site-packages/airflow/example_dags/subdags/subdag.py
[2024-12-14 16:03:06,917] {processor.py:161} INFO - Processing /home/dev/curso/ambientevirtual/lib/python3.9/site-packages/airflow/example_dags/subdags/subdag.py took 0.033 seconds
[2024-12-14 16:03:46,995] {processor.py:153} INFO - Started process (PID=51119) to work on /home/dev/curso/ambientevirtual/lib/python3.9/site-packages/airflow/example_dags/subdags/subdag.py
[2024-12-14 16:03:46,996] {processor.py:641} INFO - Processing file /home/dev/curso/ambientevirtual/lib/python3.9/site-packages/airflow/example_dags/subdags/subdag.py for tasks to queue
[2024-12-14 16:03:46,997] {logging_mixin.py:115} INFO - [2024-12-14 16:03:46,997] {dagbag.py:507} INFO - Filling up the DagBag from /home/dev/curso/ambientevirtual/lib/python3.9/site-packages/airflow/example_dags/subdags/subdag.py
[2024-12-14 16:03:46,999] {processor.py:653} WARNING - No viable dags retrieved from /home/dev/curso/ambientevirtual/lib/python3.9/site-packages/airflow/example_dags/subdags/subdag.py
[2024-12-14 16:03:47,012] {processor.py:161} INFO - Processing /home/dev/curso/ambientevirtual/lib/python3.9/site-packages/airflow/example_dags/subdags/subdag.py took 0.021 seconds
[2024-12-14 16:04:28,888] {processor.py:153} INFO - Started process (PID=51272) to work on /home/dev/curso/ambientevirtual/lib/python3.9/site-packages/airflow/example_dags/subdags/subdag.py
[2024-12-14 16:04:28,890] {processor.py:641} INFO - Processing file /home/dev/curso/ambientevirtual/lib/python3.9/site-packages/airflow/example_dags/subdags/subdag.py for tasks to queue
[2024-12-14 16:04:28,892] {logging_mixin.py:115} INFO - [2024-12-14 16:04:28,891] {dagbag.py:507} INFO - Filling up the DagBag from /home/dev/curso/ambientevirtual/lib/python3.9/site-packages/airflow/example_dags/subdags/subdag.py
[2024-12-14 16:04:28,894] {processor.py:653} WARNING - No viable dags retrieved from /home/dev/curso/ambientevirtual/lib/python3.9/site-packages/airflow/example_dags/subdags/subdag.py
[2024-12-14 16:04:28,910] {processor.py:161} INFO - Processing /home/dev/curso/ambientevirtual/lib/python3.9/site-packages/airflow/example_dags/subdags/subdag.py took 0.028 seconds
[2024-12-14 16:05:06,899] {processor.py:153} INFO - Started process (PID=51410) to work on /home/dev/curso/ambientevirtual/lib/python3.9/site-packages/airflow/example_dags/subdags/subdag.py
[2024-12-14 16:05:06,902] {processor.py:641} INFO - Processing file /home/dev/curso/ambientevirtual/lib/python3.9/site-packages/airflow/example_dags/subdags/subdag.py for tasks to queue
[2024-12-14 16:05:06,903] {logging_mixin.py:115} INFO - [2024-12-14 16:05:06,902] {dagbag.py:507} INFO - Filling up the DagBag from /home/dev/curso/ambientevirtual/lib/python3.9/site-packages/airflow/example_dags/subdags/subdag.py
[2024-12-14 16:05:06,906] {processor.py:653} WARNING - No viable dags retrieved from /home/dev/curso/ambientevirtual/lib/python3.9/site-packages/airflow/example_dags/subdags/subdag.py
[2024-12-14 16:05:06,926] {processor.py:161} INFO - Processing /home/dev/curso/ambientevirtual/lib/python3.9/site-packages/airflow/example_dags/subdags/subdag.py took 0.034 seconds
[2024-12-14 16:05:46,372] {processor.py:153} INFO - Started process (PID=51556) to work on /home/dev/curso/ambientevirtual/lib/python3.9/site-packages/airflow/example_dags/subdags/subdag.py
[2024-12-14 16:05:46,382] {processor.py:641} INFO - Processing file /home/dev/curso/ambientevirtual/lib/python3.9/site-packages/airflow/example_dags/subdags/subdag.py for tasks to queue
[2024-12-14 16:05:46,386] {logging_mixin.py:115} INFO - [2024-12-14 16:05:46,385] {dagbag.py:507} INFO - Filling up the DagBag from /home/dev/curso/ambientevirtual/lib/python3.9/site-packages/airflow/example_dags/subdags/subdag.py
[2024-12-14 16:05:46,398] {processor.py:653} WARNING - No viable dags retrieved from /home/dev/curso/ambientevirtual/lib/python3.9/site-packages/airflow/example_dags/subdags/subdag.py
[2024-12-14 16:05:46,420] {processor.py:161} INFO - Processing /home/dev/curso/ambientevirtual/lib/python3.9/site-packages/airflow/example_dags/subdags/subdag.py took 0.053 seconds
[2024-12-14 16:06:24,865] {processor.py:153} INFO - Started process (PID=51754) to work on /home/dev/curso/ambientevirtual/lib/python3.9/site-packages/airflow/example_dags/subdags/subdag.py
[2024-12-14 16:06:24,866] {processor.py:641} INFO - Processing file /home/dev/curso/ambientevirtual/lib/python3.9/site-packages/airflow/example_dags/subdags/subdag.py for tasks to queue
[2024-12-14 16:06:24,867] {logging_mixin.py:115} INFO - [2024-12-14 16:06:24,866] {dagbag.py:507} INFO - Filling up the DagBag from /home/dev/curso/ambientevirtual/lib/python3.9/site-packages/airflow/example_dags/subdags/subdag.py
[2024-12-14 16:06:24,868] {processor.py:653} WARNING - No viable dags retrieved from /home/dev/curso/ambientevirtual/lib/python3.9/site-packages/airflow/example_dags/subdags/subdag.py
[2024-12-14 16:06:24,882] {processor.py:161} INFO - Processing /home/dev/curso/ambientevirtual/lib/python3.9/site-packages/airflow/example_dags/subdags/subdag.py took 0.021 seconds
[2024-12-14 16:07:10,785] {processor.py:153} INFO - Started process (PID=51915) to work on /home/dev/curso/ambientevirtual/lib/python3.9/site-packages/airflow/example_dags/subdags/subdag.py
[2024-12-14 16:07:10,787] {processor.py:641} INFO - Processing file /home/dev/curso/ambientevirtual/lib/python3.9/site-packages/airflow/example_dags/subdags/subdag.py for tasks to queue
[2024-12-14 16:07:10,788] {logging_mixin.py:115} INFO - [2024-12-14 16:07:10,788] {dagbag.py:507} INFO - Filling up the DagBag from /home/dev/curso/ambientevirtual/lib/python3.9/site-packages/airflow/example_dags/subdags/subdag.py
[2024-12-14 16:07:10,790] {processor.py:653} WARNING - No viable dags retrieved from /home/dev/curso/ambientevirtual/lib/python3.9/site-packages/airflow/example_dags/subdags/subdag.py
[2024-12-14 16:07:10,806] {processor.py:161} INFO - Processing /home/dev/curso/ambientevirtual/lib/python3.9/site-packages/airflow/example_dags/subdags/subdag.py took 0.029 seconds
[2024-12-14 16:07:48,842] {processor.py:153} INFO - Started process (PID=52112) to work on /home/dev/curso/ambientevirtual/lib/python3.9/site-packages/airflow/example_dags/subdags/subdag.py
[2024-12-14 16:07:48,844] {processor.py:641} INFO - Processing file /home/dev/curso/ambientevirtual/lib/python3.9/site-packages/airflow/example_dags/subdags/subdag.py for tasks to queue
[2024-12-14 16:07:48,845] {logging_mixin.py:115} INFO - [2024-12-14 16:07:48,845] {dagbag.py:507} INFO - Filling up the DagBag from /home/dev/curso/ambientevirtual/lib/python3.9/site-packages/airflow/example_dags/subdags/subdag.py
[2024-12-14 16:07:48,847] {processor.py:653} WARNING - No viable dags retrieved from /home/dev/curso/ambientevirtual/lib/python3.9/site-packages/airflow/example_dags/subdags/subdag.py
[2024-12-14 16:07:48,867] {processor.py:161} INFO - Processing /home/dev/curso/ambientevirtual/lib/python3.9/site-packages/airflow/example_dags/subdags/subdag.py took 0.031 seconds
[2024-12-14 16:08:30,505] {processor.py:153} INFO - Started process (PID=52381) to work on /home/dev/curso/ambientevirtual/lib/python3.9/site-packages/airflow/example_dags/subdags/subdag.py
[2024-12-14 16:08:30,507] {processor.py:641} INFO - Processing file /home/dev/curso/ambientevirtual/lib/python3.9/site-packages/airflow/example_dags/subdags/subdag.py for tasks to queue
[2024-12-14 16:08:30,507] {logging_mixin.py:115} INFO - [2024-12-14 16:08:30,507] {dagbag.py:507} INFO - Filling up the DagBag from /home/dev/curso/ambientevirtual/lib/python3.9/site-packages/airflow/example_dags/subdags/subdag.py
[2024-12-14 16:08:30,510] {processor.py:653} WARNING - No viable dags retrieved from /home/dev/curso/ambientevirtual/lib/python3.9/site-packages/airflow/example_dags/subdags/subdag.py
[2024-12-14 16:08:30,526] {processor.py:161} INFO - Processing /home/dev/curso/ambientevirtual/lib/python3.9/site-packages/airflow/example_dags/subdags/subdag.py took 0.027 seconds
[2024-12-14 16:09:10,920] {processor.py:153} INFO - Started process (PID=52650) to work on /home/dev/curso/ambientevirtual/lib/python3.9/site-packages/airflow/example_dags/subdags/subdag.py
[2024-12-14 16:09:10,922] {processor.py:641} INFO - Processing file /home/dev/curso/ambientevirtual/lib/python3.9/site-packages/airflow/example_dags/subdags/subdag.py for tasks to queue
[2024-12-14 16:09:10,923] {logging_mixin.py:115} INFO - [2024-12-14 16:09:10,923] {dagbag.py:507} INFO - Filling up the DagBag from /home/dev/curso/ambientevirtual/lib/python3.9/site-packages/airflow/example_dags/subdags/subdag.py
[2024-12-14 16:09:10,926] {processor.py:653} WARNING - No viable dags retrieved from /home/dev/curso/ambientevirtual/lib/python3.9/site-packages/airflow/example_dags/subdags/subdag.py
[2024-12-14 16:09:10,950] {processor.py:161} INFO - Processing /home/dev/curso/ambientevirtual/lib/python3.9/site-packages/airflow/example_dags/subdags/subdag.py took 0.037 seconds
[2024-12-14 16:09:48,636] {processor.py:153} INFO - Started process (PID=52787) to work on /home/dev/curso/ambientevirtual/lib/python3.9/site-packages/airflow/example_dags/subdags/subdag.py
[2024-12-14 16:09:48,638] {processor.py:641} INFO - Processing file /home/dev/curso/ambientevirtual/lib/python3.9/site-packages/airflow/example_dags/subdags/subdag.py for tasks to queue
[2024-12-14 16:09:48,639] {logging_mixin.py:115} INFO - [2024-12-14 16:09:48,639] {dagbag.py:507} INFO - Filling up the DagBag from /home/dev/curso/ambientevirtual/lib/python3.9/site-packages/airflow/example_dags/subdags/subdag.py
[2024-12-14 16:09:48,642] {processor.py:653} WARNING - No viable dags retrieved from /home/dev/curso/ambientevirtual/lib/python3.9/site-packages/airflow/example_dags/subdags/subdag.py
[2024-12-14 16:09:48,658] {processor.py:161} INFO - Processing /home/dev/curso/ambientevirtual/lib/python3.9/site-packages/airflow/example_dags/subdags/subdag.py took 0.028 seconds
[2024-12-14 16:10:27,897] {processor.py:153} INFO - Started process (PID=52924) to work on /home/dev/curso/ambientevirtual/lib/python3.9/site-packages/airflow/example_dags/subdags/subdag.py
[2024-12-14 16:10:27,899] {processor.py:641} INFO - Processing file /home/dev/curso/ambientevirtual/lib/python3.9/site-packages/airflow/example_dags/subdags/subdag.py for tasks to queue
[2024-12-14 16:10:27,900] {logging_mixin.py:115} INFO - [2024-12-14 16:10:27,900] {dagbag.py:507} INFO - Filling up the DagBag from /home/dev/curso/ambientevirtual/lib/python3.9/site-packages/airflow/example_dags/subdags/subdag.py
[2024-12-14 16:10:27,903] {processor.py:653} WARNING - No viable dags retrieved from /home/dev/curso/ambientevirtual/lib/python3.9/site-packages/airflow/example_dags/subdags/subdag.py
[2024-12-14 16:10:27,924] {processor.py:161} INFO - Processing /home/dev/curso/ambientevirtual/lib/python3.9/site-packages/airflow/example_dags/subdags/subdag.py took 0.035 seconds
[2024-12-14 16:11:11,831] {processor.py:153} INFO - Started process (PID=53201) to work on /home/dev/curso/ambientevirtual/lib/python3.9/site-packages/airflow/example_dags/subdags/subdag.py
[2024-12-14 16:11:11,833] {processor.py:641} INFO - Processing file /home/dev/curso/ambientevirtual/lib/python3.9/site-packages/airflow/example_dags/subdags/subdag.py for tasks to queue
[2024-12-14 16:11:11,834] {logging_mixin.py:115} INFO - [2024-12-14 16:11:11,834] {dagbag.py:507} INFO - Filling up the DagBag from /home/dev/curso/ambientevirtual/lib/python3.9/site-packages/airflow/example_dags/subdags/subdag.py
[2024-12-14 16:11:11,836] {processor.py:653} WARNING - No viable dags retrieved from /home/dev/curso/ambientevirtual/lib/python3.9/site-packages/airflow/example_dags/subdags/subdag.py
[2024-12-14 16:11:11,850] {processor.py:161} INFO - Processing /home/dev/curso/ambientevirtual/lib/python3.9/site-packages/airflow/example_dags/subdags/subdag.py took 0.025 seconds
