[2024-12-24 21:00:02,488] {taskinstance.py:1159} INFO - Dependencies all met for <TaskInstance: TwitterDAG.twitter_datascience scheduled__2024-12-24T00:00:00+00:00 [queued]>
[2024-12-24 21:00:02,494] {taskinstance.py:1159} INFO - Dependencies all met for <TaskInstance: TwitterDAG.twitter_datascience scheduled__2024-12-24T00:00:00+00:00 [queued]>
[2024-12-24 21:00:02,494] {taskinstance.py:1356} INFO - 
--------------------------------------------------------------------------------
[2024-12-24 21:00:02,494] {taskinstance.py:1357} INFO - Starting attempt 1 of 1
[2024-12-24 21:00:02,494] {taskinstance.py:1358} INFO - 
--------------------------------------------------------------------------------
[2024-12-24 21:00:02,511] {taskinstance.py:1377} INFO - Executing <Task(TwitterOperator): twitter_datascience> on 2024-12-24 00:00:00+00:00
[2024-12-24 21:00:02,514] {standard_task_runner.py:52} INFO - Started process 998441 to run task
[2024-12-24 21:00:02,520] {standard_task_runner.py:79} INFO - Running: ['airflow', 'tasks', 'run', 'TwitterDAG', 'twitter_datascience', 'scheduled__2024-12-24T00:00:00+00:00', '--job-id', '16', '--raw', '--subdir', 'DAGS_FOLDER/twitter_dag.py', '--cfg-path', '/tmp/tmpf9p4qsg2', '--error-file', '/tmp/tmp89l9865t']
[2024-12-24 21:00:02,521] {standard_task_runner.py:80} INFO - Job 16: Subtask twitter_datascience
[2024-12-24 21:00:02,587] {task_command.py:370} INFO - Running <TaskInstance: TwitterDAG.twitter_datascience scheduled__2024-12-24T00:00:00+00:00 [running]> on host ANDERSON.
[2024-12-24 21:00:02,664] {taskinstance.py:1569} INFO - Exporting the following env vars:
AIRFLOW_CTX_DAG_OWNER=airflow
AIRFLOW_CTX_DAG_ID=TwitterDAG
AIRFLOW_CTX_TASK_ID=twitter_datascience
AIRFLOW_CTX_EXECUTION_DATE=2024-12-24T00:00:00+00:00
AIRFLOW_CTX_TRY_NUMBER=1
AIRFLOW_CTX_DAG_RUN_ID=scheduled__2024-12-24T00:00:00+00:00
[2024-12-24 21:00:02,672] {base.py:68} INFO - Using connection ID 'conexao' for task execution.
[2024-12-24 21:00:02,675] {twiter_hook.py:27} INFO - URL: https://labdados.com/2/tweets/search/recent?query=datascience&tweet.fields=author_id,conversation_id,created_at,id,in_reply_to_user_id,public_metrics,lang,text&expansions=author_id&user.fields=id,name,username,created_at&start_time=2024-12-24T00:00:00.00Z&end_time=2024-12-25T00:00:00.00Z
[2024-12-24 21:00:03,398] {taskinstance.py:1395} INFO - Marking task as SUCCESS. dag_id=TwitterDAG, task_id=twitter_datascience, execution_date=20241224T000000, start_date=20241225T000002, end_date=20241225T000003
[2024-12-24 21:00:03,415] {local_task_job.py:156} INFO - Task exited with return code 0
[2024-12-24 21:00:03,432] {local_task_job.py:273} INFO - 0 downstream tasks scheduled from follow-on schedule check
