[2024-12-19 20:50:40,276] {processor.py:153} INFO - Started process (PID=3263) to work on /home/dev/curso/ambientevirtual/lib/python3.9/site-packages/airflow/example_dags/example_subdag_operator.py
[2024-12-19 20:50:40,276] {processor.py:641} INFO - Processing file /home/dev/curso/ambientevirtual/lib/python3.9/site-packages/airflow/example_dags/example_subdag_operator.py for tasks to queue
[2024-12-19 20:50:40,277] {logging_mixin.py:115} INFO - [2024-12-19 20:50:40,277] {dagbag.py:507} INFO - Filling up the DagBag from /home/dev/curso/ambientevirtual/lib/python3.9/site-packages/airflow/example_dags/example_subdag_operator.py
[2024-12-19 20:50:40,304] {processor.py:651} INFO - DAG(s) dict_keys(['example_subdag_operator.section-1', 'example_subdag_operator.section-2', 'example_subdag_operator']) retrieved from /home/dev/curso/ambientevirtual/lib/python3.9/site-packages/airflow/example_dags/example_subdag_operator.py
[2024-12-19 20:50:40,330] {logging_mixin.py:115} INFO - [2024-12-19 20:50:40,330] {dag.py:2379} INFO - Sync 3 DAGs
[2024-12-19 20:50:40,357] {logging_mixin.py:115} INFO - [2024-12-19 20:50:40,356] {dag.py:2927} INFO - Setting next_dagrun for example_subdag_operator to 2022-01-01T00:00:00+00:00, run_after=2022-01-01T00:00:00+00:00
[2024-12-19 20:50:40,357] {logging_mixin.py:115} INFO - [2024-12-19 20:50:40,357] {dag.py:2927} INFO - Setting next_dagrun for example_subdag_operator.section-1 to None, run_after=None
[2024-12-19 20:50:40,357] {logging_mixin.py:115} INFO - [2024-12-19 20:50:40,357] {dag.py:2927} INFO - Setting next_dagrun for example_subdag_operator.section-2 to None, run_after=None
[2024-12-19 20:50:40,364] {logging_mixin.py:115} INFO - [2024-12-19 20:50:40,364] {dag.py:2379} INFO - Sync 2 DAGs
[2024-12-19 20:50:40,369] {logging_mixin.py:115} INFO - [2024-12-19 20:50:40,369] {dag.py:2927} INFO - Setting next_dagrun for example_subdag_operator.section-1 to None, run_after=None
[2024-12-19 20:50:40,370] {logging_mixin.py:115} INFO - [2024-12-19 20:50:40,370] {dag.py:2927} INFO - Setting next_dagrun for example_subdag_operator.section-2 to None, run_after=None
[2024-12-19 20:50:40,385] {processor.py:161} INFO - Processing /home/dev/curso/ambientevirtual/lib/python3.9/site-packages/airflow/example_dags/example_subdag_operator.py took 0.113 seconds
[2024-12-19 20:51:47,000] {processor.py:153} INFO - Started process (PID=3845) to work on /home/dev/curso/ambientevirtual/lib/python3.9/site-packages/airflow/example_dags/example_subdag_operator.py
[2024-12-19 20:51:47,024] {processor.py:641} INFO - Processing file /home/dev/curso/ambientevirtual/lib/python3.9/site-packages/airflow/example_dags/example_subdag_operator.py for tasks to queue
[2024-12-19 20:51:47,025] {logging_mixin.py:115} INFO - [2024-12-19 20:51:47,025] {dagbag.py:507} INFO - Filling up the DagBag from /home/dev/curso/ambientevirtual/lib/python3.9/site-packages/airflow/example_dags/example_subdag_operator.py
[2024-12-19 20:51:47,114] {processor.py:651} INFO - DAG(s) dict_keys(['example_subdag_operator.section-1', 'example_subdag_operator.section-2', 'example_subdag_operator']) retrieved from /home/dev/curso/ambientevirtual/lib/python3.9/site-packages/airflow/example_dags/example_subdag_operator.py
[2024-12-19 20:51:47,197] {logging_mixin.py:115} INFO - [2024-12-19 20:51:47,197] {dag.py:2379} INFO - Sync 3 DAGs
[2024-12-19 20:51:47,269] {logging_mixin.py:115} INFO - [2024-12-19 20:51:47,269] {dag.py:2927} INFO - Setting next_dagrun for example_subdag_operator to 2022-01-01T00:00:00+00:00, run_after=2022-01-01T00:00:00+00:00
[2024-12-19 20:51:47,275] {logging_mixin.py:115} INFO - [2024-12-19 20:51:47,274] {dag.py:2927} INFO - Setting next_dagrun for example_subdag_operator.section-1 to None, run_after=None
[2024-12-19 20:51:47,275] {logging_mixin.py:115} INFO - [2024-12-19 20:51:47,275] {dag.py:2927} INFO - Setting next_dagrun for example_subdag_operator.section-2 to None, run_after=None
[2024-12-19 20:51:47,307] {logging_mixin.py:115} INFO - [2024-12-19 20:51:47,307] {dag.py:2379} INFO - Sync 2 DAGs
[2024-12-19 20:51:47,335] {logging_mixin.py:115} INFO - [2024-12-19 20:51:47,335] {dag.py:2927} INFO - Setting next_dagrun for example_subdag_operator.section-1 to None, run_after=None
[2024-12-19 20:51:47,335] {logging_mixin.py:115} INFO - [2024-12-19 20:51:47,335] {dag.py:2927} INFO - Setting next_dagrun for example_subdag_operator.section-2 to None, run_after=None
[2024-12-19 20:51:47,351] {processor.py:161} INFO - Processing /home/dev/curso/ambientevirtual/lib/python3.9/site-packages/airflow/example_dags/example_subdag_operator.py took 0.355 seconds
