[2024-12-14 15:51:49,256] {processor.py:153} INFO - Started process (PID=48095) to work on /home/dev/curso/ambientevirtual/lib/python3.9/site-packages/airflow/example_dags/example_time_delta_sensor_async.py
[2024-12-14 15:51:49,258] {processor.py:641} INFO - Processing file /home/dev/curso/ambientevirtual/lib/python3.9/site-packages/airflow/example_dags/example_time_delta_sensor_async.py for tasks to queue
[2024-12-14 15:51:49,258] {logging_mixin.py:115} INFO - [2024-12-14 15:51:49,258] {dagbag.py:507} INFO - Filling up the DagBag from /home/dev/curso/ambientevirtual/lib/python3.9/site-packages/airflow/example_dags/example_time_delta_sensor_async.py
[2024-12-14 15:51:49,270] {processor.py:651} INFO - DAG(s) dict_keys(['example_time_delta_sensor_async']) retrieved from /home/dev/curso/ambientevirtual/lib/python3.9/site-packages/airflow/example_dags/example_time_delta_sensor_async.py
[2024-12-14 15:51:49,356] {logging_mixin.py:115} INFO - [2024-12-14 15:51:49,356] {manager.py:508} INFO - Created Permission View: can delete on DAG:example_time_delta_sensor_async
[2024-12-14 15:51:49,373] {logging_mixin.py:115} INFO - [2024-12-14 15:51:49,373] {manager.py:508} INFO - Created Permission View: can edit on DAG:example_time_delta_sensor_async
[2024-12-14 15:51:49,385] {logging_mixin.py:115} INFO - [2024-12-14 15:51:49,385] {manager.py:508} INFO - Created Permission View: can read on DAG:example_time_delta_sensor_async
[2024-12-14 15:51:49,386] {logging_mixin.py:115} INFO - [2024-12-14 15:51:49,386] {dag.py:2379} INFO - Sync 1 DAGs
[2024-12-14 15:51:49,394] {logging_mixin.py:115} INFO - [2024-12-14 15:51:49,394] {dag.py:2398} INFO - Creating ORM DAG for example_time_delta_sensor_async
[2024-12-14 15:51:49,405] {logging_mixin.py:115} INFO - [2024-12-14 15:51:49,405] {dag.py:2927} INFO - Setting next_dagrun for example_time_delta_sensor_async to None, run_after=None
[2024-12-14 15:51:49,424] {processor.py:161} INFO - Processing /home/dev/curso/ambientevirtual/lib/python3.9/site-packages/airflow/example_dags/example_time_delta_sensor_async.py took 0.174 seconds
[2024-12-14 15:52:26,578] {processor.py:153} INFO - Started process (PID=48347) to work on /home/dev/curso/ambientevirtual/lib/python3.9/site-packages/airflow/example_dags/example_time_delta_sensor_async.py
[2024-12-14 15:52:26,579] {processor.py:641} INFO - Processing file /home/dev/curso/ambientevirtual/lib/python3.9/site-packages/airflow/example_dags/example_time_delta_sensor_async.py for tasks to queue
[2024-12-14 15:52:26,579] {logging_mixin.py:115} INFO - [2024-12-14 15:52:26,579] {dagbag.py:507} INFO - Filling up the DagBag from /home/dev/curso/ambientevirtual/lib/python3.9/site-packages/airflow/example_dags/example_time_delta_sensor_async.py
[2024-12-14 15:52:26,586] {processor.py:651} INFO - DAG(s) dict_keys(['example_time_delta_sensor_async']) retrieved from /home/dev/curso/ambientevirtual/lib/python3.9/site-packages/airflow/example_dags/example_time_delta_sensor_async.py
[2024-12-14 15:52:26,613] {logging_mixin.py:115} INFO - [2024-12-14 15:52:26,613] {dag.py:2379} INFO - Sync 1 DAGs
[2024-12-14 15:52:26,633] {logging_mixin.py:115} INFO - [2024-12-14 15:52:26,633] {dag.py:2927} INFO - Setting next_dagrun for example_time_delta_sensor_async to None, run_after=None
[2024-12-14 15:52:26,649] {processor.py:161} INFO - Processing /home/dev/curso/ambientevirtual/lib/python3.9/site-packages/airflow/example_dags/example_time_delta_sensor_async.py took 0.075 seconds
[2024-12-14 15:53:02,513] {processor.py:153} INFO - Started process (PID=48477) to work on /home/dev/curso/ambientevirtual/lib/python3.9/site-packages/airflow/example_dags/example_time_delta_sensor_async.py
[2024-12-14 15:53:02,514] {processor.py:641} INFO - Processing file /home/dev/curso/ambientevirtual/lib/python3.9/site-packages/airflow/example_dags/example_time_delta_sensor_async.py for tasks to queue
[2024-12-14 15:53:02,515] {logging_mixin.py:115} INFO - [2024-12-14 15:53:02,515] {dagbag.py:507} INFO - Filling up the DagBag from /home/dev/curso/ambientevirtual/lib/python3.9/site-packages/airflow/example_dags/example_time_delta_sensor_async.py
[2024-12-14 15:53:02,523] {processor.py:651} INFO - DAG(s) dict_keys(['example_time_delta_sensor_async']) retrieved from /home/dev/curso/ambientevirtual/lib/python3.9/site-packages/airflow/example_dags/example_time_delta_sensor_async.py
[2024-12-14 15:53:02,548] {logging_mixin.py:115} INFO - [2024-12-14 15:53:02,548] {dag.py:2379} INFO - Sync 1 DAGs
[2024-12-14 15:53:02,566] {logging_mixin.py:115} INFO - [2024-12-14 15:53:02,566] {dag.py:2927} INFO - Setting next_dagrun for example_time_delta_sensor_async to None, run_after=None
[2024-12-14 15:53:02,583] {processor.py:161} INFO - Processing /home/dev/curso/ambientevirtual/lib/python3.9/site-packages/airflow/example_dags/example_time_delta_sensor_async.py took 0.076 seconds
[2024-12-14 15:53:38,141] {processor.py:153} INFO - Started process (PID=48607) to work on /home/dev/curso/ambientevirtual/lib/python3.9/site-packages/airflow/example_dags/example_time_delta_sensor_async.py
[2024-12-14 15:53:38,143] {processor.py:641} INFO - Processing file /home/dev/curso/ambientevirtual/lib/python3.9/site-packages/airflow/example_dags/example_time_delta_sensor_async.py for tasks to queue
[2024-12-14 15:53:38,144] {logging_mixin.py:115} INFO - [2024-12-14 15:53:38,144] {dagbag.py:507} INFO - Filling up the DagBag from /home/dev/curso/ambientevirtual/lib/python3.9/site-packages/airflow/example_dags/example_time_delta_sensor_async.py
[2024-12-14 15:53:38,156] {processor.py:651} INFO - DAG(s) dict_keys(['example_time_delta_sensor_async']) retrieved from /home/dev/curso/ambientevirtual/lib/python3.9/site-packages/airflow/example_dags/example_time_delta_sensor_async.py
[2024-12-14 15:53:38,192] {logging_mixin.py:115} INFO - [2024-12-14 15:53:38,192] {dag.py:2379} INFO - Sync 1 DAGs
[2024-12-14 15:53:38,211] {logging_mixin.py:115} INFO - [2024-12-14 15:53:38,211] {dag.py:2927} INFO - Setting next_dagrun for example_time_delta_sensor_async to None, run_after=None
[2024-12-14 15:53:38,230] {processor.py:161} INFO - Processing /home/dev/curso/ambientevirtual/lib/python3.9/site-packages/airflow/example_dags/example_time_delta_sensor_async.py took 0.095 seconds
[2024-12-14 15:54:14,017] {processor.py:153} INFO - Started process (PID=48737) to work on /home/dev/curso/ambientevirtual/lib/python3.9/site-packages/airflow/example_dags/example_time_delta_sensor_async.py
[2024-12-14 15:54:14,019] {processor.py:641} INFO - Processing file /home/dev/curso/ambientevirtual/lib/python3.9/site-packages/airflow/example_dags/example_time_delta_sensor_async.py for tasks to queue
[2024-12-14 15:54:14,019] {logging_mixin.py:115} INFO - [2024-12-14 15:54:14,019] {dagbag.py:507} INFO - Filling up the DagBag from /home/dev/curso/ambientevirtual/lib/python3.9/site-packages/airflow/example_dags/example_time_delta_sensor_async.py
[2024-12-14 15:54:14,027] {processor.py:651} INFO - DAG(s) dict_keys(['example_time_delta_sensor_async']) retrieved from /home/dev/curso/ambientevirtual/lib/python3.9/site-packages/airflow/example_dags/example_time_delta_sensor_async.py
[2024-12-14 15:54:14,057] {logging_mixin.py:115} INFO - [2024-12-14 15:54:14,057] {dag.py:2379} INFO - Sync 1 DAGs
[2024-12-14 15:54:14,079] {logging_mixin.py:115} INFO - [2024-12-14 15:54:14,079] {dag.py:2927} INFO - Setting next_dagrun for example_time_delta_sensor_async to None, run_after=None
[2024-12-14 15:54:14,096] {processor.py:161} INFO - Processing /home/dev/curso/ambientevirtual/lib/python3.9/site-packages/airflow/example_dags/example_time_delta_sensor_async.py took 0.082 seconds
[2024-12-14 15:54:51,402] {processor.py:153} INFO - Started process (PID=48873) to work on /home/dev/curso/ambientevirtual/lib/python3.9/site-packages/airflow/example_dags/example_time_delta_sensor_async.py
[2024-12-14 15:54:51,403] {processor.py:641} INFO - Processing file /home/dev/curso/ambientevirtual/lib/python3.9/site-packages/airflow/example_dags/example_time_delta_sensor_async.py for tasks to queue
[2024-12-14 15:54:51,404] {logging_mixin.py:115} INFO - [2024-12-14 15:54:51,404] {dagbag.py:507} INFO - Filling up the DagBag from /home/dev/curso/ambientevirtual/lib/python3.9/site-packages/airflow/example_dags/example_time_delta_sensor_async.py
[2024-12-14 15:54:51,414] {processor.py:651} INFO - DAG(s) dict_keys(['example_time_delta_sensor_async']) retrieved from /home/dev/curso/ambientevirtual/lib/python3.9/site-packages/airflow/example_dags/example_time_delta_sensor_async.py
[2024-12-14 15:54:51,446] {logging_mixin.py:115} INFO - [2024-12-14 15:54:51,446] {dag.py:2379} INFO - Sync 1 DAGs
[2024-12-14 15:54:51,466] {logging_mixin.py:115} INFO - [2024-12-14 15:54:51,466] {dag.py:2927} INFO - Setting next_dagrun for example_time_delta_sensor_async to None, run_after=None
[2024-12-14 15:54:51,487] {processor.py:161} INFO - Processing /home/dev/curso/ambientevirtual/lib/python3.9/site-packages/airflow/example_dags/example_time_delta_sensor_async.py took 0.089 seconds
[2024-12-14 15:55:28,929] {processor.py:153} INFO - Started process (PID=49012) to work on /home/dev/curso/ambientevirtual/lib/python3.9/site-packages/airflow/example_dags/example_time_delta_sensor_async.py
[2024-12-14 15:55:28,930] {processor.py:641} INFO - Processing file /home/dev/curso/ambientevirtual/lib/python3.9/site-packages/airflow/example_dags/example_time_delta_sensor_async.py for tasks to queue
[2024-12-14 15:55:28,931] {logging_mixin.py:115} INFO - [2024-12-14 15:55:28,931] {dagbag.py:507} INFO - Filling up the DagBag from /home/dev/curso/ambientevirtual/lib/python3.9/site-packages/airflow/example_dags/example_time_delta_sensor_async.py
[2024-12-14 15:55:28,938] {processor.py:651} INFO - DAG(s) dict_keys(['example_time_delta_sensor_async']) retrieved from /home/dev/curso/ambientevirtual/lib/python3.9/site-packages/airflow/example_dags/example_time_delta_sensor_async.py
[2024-12-14 15:55:28,965] {logging_mixin.py:115} INFO - [2024-12-14 15:55:28,965] {dag.py:2379} INFO - Sync 1 DAGs
[2024-12-14 15:55:28,984] {logging_mixin.py:115} INFO - [2024-12-14 15:55:28,984] {dag.py:2927} INFO - Setting next_dagrun for example_time_delta_sensor_async to None, run_after=None
[2024-12-14 15:55:29,001] {processor.py:161} INFO - Processing /home/dev/curso/ambientevirtual/lib/python3.9/site-packages/airflow/example_dags/example_time_delta_sensor_async.py took 0.076 seconds
[2024-12-14 15:56:05,901] {processor.py:153} INFO - Started process (PID=49149) to work on /home/dev/curso/ambientevirtual/lib/python3.9/site-packages/airflow/example_dags/example_time_delta_sensor_async.py
[2024-12-14 15:56:05,903] {processor.py:641} INFO - Processing file /home/dev/curso/ambientevirtual/lib/python3.9/site-packages/airflow/example_dags/example_time_delta_sensor_async.py for tasks to queue
[2024-12-14 15:56:05,903] {logging_mixin.py:115} INFO - [2024-12-14 15:56:05,903] {dagbag.py:507} INFO - Filling up the DagBag from /home/dev/curso/ambientevirtual/lib/python3.9/site-packages/airflow/example_dags/example_time_delta_sensor_async.py
[2024-12-14 15:56:05,912] {processor.py:651} INFO - DAG(s) dict_keys(['example_time_delta_sensor_async']) retrieved from /home/dev/curso/ambientevirtual/lib/python3.9/site-packages/airflow/example_dags/example_time_delta_sensor_async.py
[2024-12-14 15:56:05,952] {logging_mixin.py:115} INFO - [2024-12-14 15:56:05,952] {dag.py:2379} INFO - Sync 1 DAGs
[2024-12-14 15:56:05,983] {logging_mixin.py:115} INFO - [2024-12-14 15:56:05,983] {dag.py:2927} INFO - Setting next_dagrun for example_time_delta_sensor_async to None, run_after=None
[2024-12-14 15:56:06,009] {processor.py:161} INFO - Processing /home/dev/curso/ambientevirtual/lib/python3.9/site-packages/airflow/example_dags/example_time_delta_sensor_async.py took 0.115 seconds
[2024-12-14 15:56:47,048] {processor.py:153} INFO - Started process (PID=49352) to work on /home/dev/curso/ambientevirtual/lib/python3.9/site-packages/airflow/example_dags/example_time_delta_sensor_async.py
[2024-12-14 15:56:47,049] {processor.py:641} INFO - Processing file /home/dev/curso/ambientevirtual/lib/python3.9/site-packages/airflow/example_dags/example_time_delta_sensor_async.py for tasks to queue
[2024-12-14 15:56:47,050] {logging_mixin.py:115} INFO - [2024-12-14 15:56:47,050] {dagbag.py:507} INFO - Filling up the DagBag from /home/dev/curso/ambientevirtual/lib/python3.9/site-packages/airflow/example_dags/example_time_delta_sensor_async.py
[2024-12-14 15:56:47,057] {processor.py:651} INFO - DAG(s) dict_keys(['example_time_delta_sensor_async']) retrieved from /home/dev/curso/ambientevirtual/lib/python3.9/site-packages/airflow/example_dags/example_time_delta_sensor_async.py
[2024-12-14 15:56:47,089] {logging_mixin.py:115} INFO - [2024-12-14 15:56:47,088] {dag.py:2379} INFO - Sync 1 DAGs
[2024-12-14 15:56:47,112] {logging_mixin.py:115} INFO - [2024-12-14 15:56:47,112] {dag.py:2927} INFO - Setting next_dagrun for example_time_delta_sensor_async to None, run_after=None
[2024-12-14 15:56:47,128] {processor.py:161} INFO - Processing /home/dev/curso/ambientevirtual/lib/python3.9/site-packages/airflow/example_dags/example_time_delta_sensor_async.py took 0.084 seconds
[2024-12-14 15:57:23,011] {processor.py:153} INFO - Started process (PID=49481) to work on /home/dev/curso/ambientevirtual/lib/python3.9/site-packages/airflow/example_dags/example_time_delta_sensor_async.py
[2024-12-14 15:57:23,013] {processor.py:641} INFO - Processing file /home/dev/curso/ambientevirtual/lib/python3.9/site-packages/airflow/example_dags/example_time_delta_sensor_async.py for tasks to queue
[2024-12-14 15:57:23,014] {logging_mixin.py:115} INFO - [2024-12-14 15:57:23,014] {dagbag.py:507} INFO - Filling up the DagBag from /home/dev/curso/ambientevirtual/lib/python3.9/site-packages/airflow/example_dags/example_time_delta_sensor_async.py
[2024-12-14 15:57:23,022] {processor.py:651} INFO - DAG(s) dict_keys(['example_time_delta_sensor_async']) retrieved from /home/dev/curso/ambientevirtual/lib/python3.9/site-packages/airflow/example_dags/example_time_delta_sensor_async.py
[2024-12-14 15:57:23,055] {logging_mixin.py:115} INFO - [2024-12-14 15:57:23,054] {dag.py:2379} INFO - Sync 1 DAGs
[2024-12-14 15:57:23,079] {logging_mixin.py:115} INFO - [2024-12-14 15:57:23,079] {dag.py:2927} INFO - Setting next_dagrun for example_time_delta_sensor_async to None, run_after=None
[2024-12-14 15:57:23,101] {processor.py:161} INFO - Processing /home/dev/curso/ambientevirtual/lib/python3.9/site-packages/airflow/example_dags/example_time_delta_sensor_async.py took 0.096 seconds
[2024-12-14 15:57:59,674] {processor.py:153} INFO - Started process (PID=49617) to work on /home/dev/curso/ambientevirtual/lib/python3.9/site-packages/airflow/example_dags/example_time_delta_sensor_async.py
[2024-12-14 15:57:59,676] {processor.py:641} INFO - Processing file /home/dev/curso/ambientevirtual/lib/python3.9/site-packages/airflow/example_dags/example_time_delta_sensor_async.py for tasks to queue
[2024-12-14 15:57:59,676] {logging_mixin.py:115} INFO - [2024-12-14 15:57:59,676] {dagbag.py:507} INFO - Filling up the DagBag from /home/dev/curso/ambientevirtual/lib/python3.9/site-packages/airflow/example_dags/example_time_delta_sensor_async.py
[2024-12-14 15:57:59,682] {processor.py:651} INFO - DAG(s) dict_keys(['example_time_delta_sensor_async']) retrieved from /home/dev/curso/ambientevirtual/lib/python3.9/site-packages/airflow/example_dags/example_time_delta_sensor_async.py
[2024-12-14 15:57:59,715] {logging_mixin.py:115} INFO - [2024-12-14 15:57:59,715] {dag.py:2379} INFO - Sync 1 DAGs
[2024-12-14 15:57:59,740] {logging_mixin.py:115} INFO - [2024-12-14 15:57:59,740] {dag.py:2927} INFO - Setting next_dagrun for example_time_delta_sensor_async to None, run_after=None
[2024-12-14 15:57:59,760] {processor.py:161} INFO - Processing /home/dev/curso/ambientevirtual/lib/python3.9/site-packages/airflow/example_dags/example_time_delta_sensor_async.py took 0.091 seconds
[2024-12-14 15:58:35,902] {processor.py:153} INFO - Started process (PID=49747) to work on /home/dev/curso/ambientevirtual/lib/python3.9/site-packages/airflow/example_dags/example_time_delta_sensor_async.py
[2024-12-14 15:58:35,903] {processor.py:641} INFO - Processing file /home/dev/curso/ambientevirtual/lib/python3.9/site-packages/airflow/example_dags/example_time_delta_sensor_async.py for tasks to queue
[2024-12-14 15:58:35,904] {logging_mixin.py:115} INFO - [2024-12-14 15:58:35,904] {dagbag.py:507} INFO - Filling up the DagBag from /home/dev/curso/ambientevirtual/lib/python3.9/site-packages/airflow/example_dags/example_time_delta_sensor_async.py
[2024-12-14 15:58:35,911] {processor.py:651} INFO - DAG(s) dict_keys(['example_time_delta_sensor_async']) retrieved from /home/dev/curso/ambientevirtual/lib/python3.9/site-packages/airflow/example_dags/example_time_delta_sensor_async.py
[2024-12-14 15:58:35,942] {logging_mixin.py:115} INFO - [2024-12-14 15:58:35,942] {dag.py:2379} INFO - Sync 1 DAGs
[2024-12-14 15:58:35,963] {logging_mixin.py:115} INFO - [2024-12-14 15:58:35,963] {dag.py:2927} INFO - Setting next_dagrun for example_time_delta_sensor_async to None, run_after=None
[2024-12-14 15:58:35,980] {processor.py:161} INFO - Processing /home/dev/curso/ambientevirtual/lib/python3.9/site-packages/airflow/example_dags/example_time_delta_sensor_async.py took 0.082 seconds
[2024-12-14 15:59:11,082] {processor.py:153} INFO - Started process (PID=49877) to work on /home/dev/curso/ambientevirtual/lib/python3.9/site-packages/airflow/example_dags/example_time_delta_sensor_async.py
[2024-12-14 15:59:11,083] {processor.py:641} INFO - Processing file /home/dev/curso/ambientevirtual/lib/python3.9/site-packages/airflow/example_dags/example_time_delta_sensor_async.py for tasks to queue
[2024-12-14 15:59:11,084] {logging_mixin.py:115} INFO - [2024-12-14 15:59:11,083] {dagbag.py:507} INFO - Filling up the DagBag from /home/dev/curso/ambientevirtual/lib/python3.9/site-packages/airflow/example_dags/example_time_delta_sensor_async.py
[2024-12-14 15:59:11,095] {processor.py:651} INFO - DAG(s) dict_keys(['example_time_delta_sensor_async']) retrieved from /home/dev/curso/ambientevirtual/lib/python3.9/site-packages/airflow/example_dags/example_time_delta_sensor_async.py
[2024-12-14 15:59:11,122] {logging_mixin.py:115} INFO - [2024-12-14 15:59:11,122] {dag.py:2379} INFO - Sync 1 DAGs
[2024-12-14 15:59:11,141] {logging_mixin.py:115} INFO - [2024-12-14 15:59:11,141] {dag.py:2927} INFO - Setting next_dagrun for example_time_delta_sensor_async to None, run_after=None
[2024-12-14 15:59:11,158] {processor.py:161} INFO - Processing /home/dev/curso/ambientevirtual/lib/python3.9/site-packages/airflow/example_dags/example_time_delta_sensor_async.py took 0.084 seconds
[2024-12-14 15:59:52,266] {processor.py:153} INFO - Started process (PID=50029) to work on /home/dev/curso/ambientevirtual/lib/python3.9/site-packages/airflow/example_dags/example_time_delta_sensor_async.py
[2024-12-14 15:59:52,267] {processor.py:641} INFO - Processing file /home/dev/curso/ambientevirtual/lib/python3.9/site-packages/airflow/example_dags/example_time_delta_sensor_async.py for tasks to queue
[2024-12-14 15:59:52,268] {logging_mixin.py:115} INFO - [2024-12-14 15:59:52,268] {dagbag.py:507} INFO - Filling up the DagBag from /home/dev/curso/ambientevirtual/lib/python3.9/site-packages/airflow/example_dags/example_time_delta_sensor_async.py
[2024-12-14 15:59:52,280] {processor.py:651} INFO - DAG(s) dict_keys(['example_time_delta_sensor_async']) retrieved from /home/dev/curso/ambientevirtual/lib/python3.9/site-packages/airflow/example_dags/example_time_delta_sensor_async.py
[2024-12-14 15:59:52,308] {logging_mixin.py:115} INFO - [2024-12-14 15:59:52,308] {dag.py:2379} INFO - Sync 1 DAGs
[2024-12-14 15:59:52,328] {logging_mixin.py:115} INFO - [2024-12-14 15:59:52,328] {dag.py:2927} INFO - Setting next_dagrun for example_time_delta_sensor_async to None, run_after=None
[2024-12-14 15:59:52,343] {processor.py:161} INFO - Processing /home/dev/curso/ambientevirtual/lib/python3.9/site-packages/airflow/example_dags/example_time_delta_sensor_async.py took 0.084 seconds
[2024-12-14 16:00:32,226] {processor.py:153} INFO - Started process (PID=50175) to work on /home/dev/curso/ambientevirtual/lib/python3.9/site-packages/airflow/example_dags/example_time_delta_sensor_async.py
[2024-12-14 16:00:32,227] {processor.py:641} INFO - Processing file /home/dev/curso/ambientevirtual/lib/python3.9/site-packages/airflow/example_dags/example_time_delta_sensor_async.py for tasks to queue
[2024-12-14 16:00:32,228] {logging_mixin.py:115} INFO - [2024-12-14 16:00:32,228] {dagbag.py:507} INFO - Filling up the DagBag from /home/dev/curso/ambientevirtual/lib/python3.9/site-packages/airflow/example_dags/example_time_delta_sensor_async.py
[2024-12-14 16:00:32,236] {processor.py:651} INFO - DAG(s) dict_keys(['example_time_delta_sensor_async']) retrieved from /home/dev/curso/ambientevirtual/lib/python3.9/site-packages/airflow/example_dags/example_time_delta_sensor_async.py
[2024-12-14 16:00:32,278] {logging_mixin.py:115} INFO - [2024-12-14 16:00:32,278] {dag.py:2379} INFO - Sync 1 DAGs
[2024-12-14 16:00:32,311] {logging_mixin.py:115} INFO - [2024-12-14 16:00:32,310] {dag.py:2927} INFO - Setting next_dagrun for example_time_delta_sensor_async to None, run_after=None
[2024-12-14 16:00:32,340] {processor.py:161} INFO - Processing /home/dev/curso/ambientevirtual/lib/python3.9/site-packages/airflow/example_dags/example_time_delta_sensor_async.py took 0.121 seconds
[2024-12-14 16:01:12,914] {processor.py:153} INFO - Started process (PID=50501) to work on /home/dev/curso/ambientevirtual/lib/python3.9/site-packages/airflow/example_dags/example_time_delta_sensor_async.py
[2024-12-14 16:01:12,915] {processor.py:641} INFO - Processing file /home/dev/curso/ambientevirtual/lib/python3.9/site-packages/airflow/example_dags/example_time_delta_sensor_async.py for tasks to queue
[2024-12-14 16:01:12,916] {logging_mixin.py:115} INFO - [2024-12-14 16:01:12,916] {dagbag.py:507} INFO - Filling up the DagBag from /home/dev/curso/ambientevirtual/lib/python3.9/site-packages/airflow/example_dags/example_time_delta_sensor_async.py
[2024-12-14 16:01:12,923] {processor.py:651} INFO - DAG(s) dict_keys(['example_time_delta_sensor_async']) retrieved from /home/dev/curso/ambientevirtual/lib/python3.9/site-packages/airflow/example_dags/example_time_delta_sensor_async.py
[2024-12-14 16:01:12,952] {logging_mixin.py:115} INFO - [2024-12-14 16:01:12,952] {dag.py:2379} INFO - Sync 1 DAGs
[2024-12-14 16:01:12,973] {logging_mixin.py:115} INFO - [2024-12-14 16:01:12,972] {dag.py:2927} INFO - Setting next_dagrun for example_time_delta_sensor_async to None, run_after=None
[2024-12-14 16:01:12,990] {processor.py:161} INFO - Processing /home/dev/curso/ambientevirtual/lib/python3.9/site-packages/airflow/example_dags/example_time_delta_sensor_async.py took 0.079 seconds
[2024-12-14 16:01:49,137] {processor.py:153} INFO - Started process (PID=50631) to work on /home/dev/curso/ambientevirtual/lib/python3.9/site-packages/airflow/example_dags/example_time_delta_sensor_async.py
[2024-12-14 16:01:49,139] {processor.py:641} INFO - Processing file /home/dev/curso/ambientevirtual/lib/python3.9/site-packages/airflow/example_dags/example_time_delta_sensor_async.py for tasks to queue
[2024-12-14 16:01:49,148] {logging_mixin.py:115} INFO - [2024-12-14 16:01:49,147] {dagbag.py:507} INFO - Filling up the DagBag from /home/dev/curso/ambientevirtual/lib/python3.9/site-packages/airflow/example_dags/example_time_delta_sensor_async.py
[2024-12-14 16:01:49,166] {processor.py:651} INFO - DAG(s) dict_keys(['example_time_delta_sensor_async']) retrieved from /home/dev/curso/ambientevirtual/lib/python3.9/site-packages/airflow/example_dags/example_time_delta_sensor_async.py
[2024-12-14 16:01:49,200] {logging_mixin.py:115} INFO - [2024-12-14 16:01:49,199] {dag.py:2379} INFO - Sync 1 DAGs
[2024-12-14 16:01:49,224] {logging_mixin.py:115} INFO - [2024-12-14 16:01:49,224] {dag.py:2927} INFO - Setting next_dagrun for example_time_delta_sensor_async to None, run_after=None
[2024-12-14 16:01:49,252] {processor.py:161} INFO - Processing /home/dev/curso/ambientevirtual/lib/python3.9/site-packages/airflow/example_dags/example_time_delta_sensor_async.py took 0.130 seconds
[2024-12-14 16:02:31,691] {processor.py:153} INFO - Started process (PID=50836) to work on /home/dev/curso/ambientevirtual/lib/python3.9/site-packages/airflow/example_dags/example_time_delta_sensor_async.py
[2024-12-14 16:02:31,692] {processor.py:641} INFO - Processing file /home/dev/curso/ambientevirtual/lib/python3.9/site-packages/airflow/example_dags/example_time_delta_sensor_async.py for tasks to queue
[2024-12-14 16:02:31,693] {logging_mixin.py:115} INFO - [2024-12-14 16:02:31,693] {dagbag.py:507} INFO - Filling up the DagBag from /home/dev/curso/ambientevirtual/lib/python3.9/site-packages/airflow/example_dags/example_time_delta_sensor_async.py
[2024-12-14 16:02:31,700] {processor.py:651} INFO - DAG(s) dict_keys(['example_time_delta_sensor_async']) retrieved from /home/dev/curso/ambientevirtual/lib/python3.9/site-packages/airflow/example_dags/example_time_delta_sensor_async.py
[2024-12-14 16:02:31,739] {logging_mixin.py:115} INFO - [2024-12-14 16:02:31,738] {dag.py:2379} INFO - Sync 1 DAGs
[2024-12-14 16:02:31,762] {logging_mixin.py:115} INFO - [2024-12-14 16:02:31,762] {dag.py:2927} INFO - Setting next_dagrun for example_time_delta_sensor_async to None, run_after=None
[2024-12-14 16:02:31,785] {processor.py:161} INFO - Processing /home/dev/curso/ambientevirtual/lib/python3.9/site-packages/airflow/example_dags/example_time_delta_sensor_async.py took 0.099 seconds
[2024-12-14 16:03:04,622] {processor.py:153} INFO - Started process (PID=50958) to work on /home/dev/curso/ambientevirtual/lib/python3.9/site-packages/airflow/example_dags/example_time_delta_sensor_async.py
[2024-12-14 16:03:04,623] {processor.py:641} INFO - Processing file /home/dev/curso/ambientevirtual/lib/python3.9/site-packages/airflow/example_dags/example_time_delta_sensor_async.py for tasks to queue
[2024-12-14 16:03:04,624] {logging_mixin.py:115} INFO - [2024-12-14 16:03:04,624] {dagbag.py:507} INFO - Filling up the DagBag from /home/dev/curso/ambientevirtual/lib/python3.9/site-packages/airflow/example_dags/example_time_delta_sensor_async.py
[2024-12-14 16:03:04,633] {processor.py:651} INFO - DAG(s) dict_keys(['example_time_delta_sensor_async']) retrieved from /home/dev/curso/ambientevirtual/lib/python3.9/site-packages/airflow/example_dags/example_time_delta_sensor_async.py
[2024-12-14 16:03:04,663] {logging_mixin.py:115} INFO - [2024-12-14 16:03:04,663] {dag.py:2379} INFO - Sync 1 DAGs
[2024-12-14 16:03:04,683] {logging_mixin.py:115} INFO - [2024-12-14 16:03:04,683] {dag.py:2927} INFO - Setting next_dagrun for example_time_delta_sensor_async to None, run_after=None
[2024-12-14 16:03:04,703] {processor.py:161} INFO - Processing /home/dev/curso/ambientevirtual/lib/python3.9/site-packages/airflow/example_dags/example_time_delta_sensor_async.py took 0.089 seconds
[2024-12-14 16:03:39,627] {processor.py:153} INFO - Started process (PID=51088) to work on /home/dev/curso/ambientevirtual/lib/python3.9/site-packages/airflow/example_dags/example_time_delta_sensor_async.py
[2024-12-14 16:03:39,629] {processor.py:641} INFO - Processing file /home/dev/curso/ambientevirtual/lib/python3.9/site-packages/airflow/example_dags/example_time_delta_sensor_async.py for tasks to queue
[2024-12-14 16:03:39,630] {logging_mixin.py:115} INFO - [2024-12-14 16:03:39,630] {dagbag.py:507} INFO - Filling up the DagBag from /home/dev/curso/ambientevirtual/lib/python3.9/site-packages/airflow/example_dags/example_time_delta_sensor_async.py
[2024-12-14 16:03:39,639] {processor.py:651} INFO - DAG(s) dict_keys(['example_time_delta_sensor_async']) retrieved from /home/dev/curso/ambientevirtual/lib/python3.9/site-packages/airflow/example_dags/example_time_delta_sensor_async.py
[2024-12-14 16:03:39,668] {logging_mixin.py:115} INFO - [2024-12-14 16:03:39,668] {dag.py:2379} INFO - Sync 1 DAGs
[2024-12-14 16:03:39,689] {logging_mixin.py:115} INFO - [2024-12-14 16:03:39,688] {dag.py:2927} INFO - Setting next_dagrun for example_time_delta_sensor_async to None, run_after=None
[2024-12-14 16:03:39,705] {processor.py:161} INFO - Processing /home/dev/curso/ambientevirtual/lib/python3.9/site-packages/airflow/example_dags/example_time_delta_sensor_async.py took 0.085 seconds
[2024-12-14 16:04:15,930] {processor.py:153} INFO - Started process (PID=51218) to work on /home/dev/curso/ambientevirtual/lib/python3.9/site-packages/airflow/example_dags/example_time_delta_sensor_async.py
[2024-12-14 16:04:15,932] {processor.py:641} INFO - Processing file /home/dev/curso/ambientevirtual/lib/python3.9/site-packages/airflow/example_dags/example_time_delta_sensor_async.py for tasks to queue
[2024-12-14 16:04:15,932] {logging_mixin.py:115} INFO - [2024-12-14 16:04:15,932] {dagbag.py:507} INFO - Filling up the DagBag from /home/dev/curso/ambientevirtual/lib/python3.9/site-packages/airflow/example_dags/example_time_delta_sensor_async.py
[2024-12-14 16:04:15,939] {processor.py:651} INFO - DAG(s) dict_keys(['example_time_delta_sensor_async']) retrieved from /home/dev/curso/ambientevirtual/lib/python3.9/site-packages/airflow/example_dags/example_time_delta_sensor_async.py
[2024-12-14 16:04:15,967] {logging_mixin.py:115} INFO - [2024-12-14 16:04:15,967] {dag.py:2379} INFO - Sync 1 DAGs
[2024-12-14 16:04:15,987] {logging_mixin.py:115} INFO - [2024-12-14 16:04:15,987] {dag.py:2927} INFO - Setting next_dagrun for example_time_delta_sensor_async to None, run_after=None
[2024-12-14 16:04:16,004] {processor.py:161} INFO - Processing /home/dev/curso/ambientevirtual/lib/python3.9/site-packages/airflow/example_dags/example_time_delta_sensor_async.py took 0.078 seconds
[2024-12-14 16:04:52,590] {processor.py:153} INFO - Started process (PID=51354) to work on /home/dev/curso/ambientevirtual/lib/python3.9/site-packages/airflow/example_dags/example_time_delta_sensor_async.py
[2024-12-14 16:04:52,593] {processor.py:641} INFO - Processing file /home/dev/curso/ambientevirtual/lib/python3.9/site-packages/airflow/example_dags/example_time_delta_sensor_async.py for tasks to queue
[2024-12-14 16:04:52,594] {logging_mixin.py:115} INFO - [2024-12-14 16:04:52,594] {dagbag.py:507} INFO - Filling up the DagBag from /home/dev/curso/ambientevirtual/lib/python3.9/site-packages/airflow/example_dags/example_time_delta_sensor_async.py
[2024-12-14 16:04:52,600] {processor.py:651} INFO - DAG(s) dict_keys(['example_time_delta_sensor_async']) retrieved from /home/dev/curso/ambientevirtual/lib/python3.9/site-packages/airflow/example_dags/example_time_delta_sensor_async.py
[2024-12-14 16:04:52,629] {logging_mixin.py:115} INFO - [2024-12-14 16:04:52,629] {dag.py:2379} INFO - Sync 1 DAGs
[2024-12-14 16:04:52,649] {logging_mixin.py:115} INFO - [2024-12-14 16:04:52,649] {dag.py:2927} INFO - Setting next_dagrun for example_time_delta_sensor_async to None, run_after=None
[2024-12-14 16:04:52,666] {processor.py:161} INFO - Processing /home/dev/curso/ambientevirtual/lib/python3.9/site-packages/airflow/example_dags/example_time_delta_sensor_async.py took 0.083 seconds
[2024-12-14 16:05:30,347] {processor.py:153} INFO - Started process (PID=51492) to work on /home/dev/curso/ambientevirtual/lib/python3.9/site-packages/airflow/example_dags/example_time_delta_sensor_async.py
[2024-12-14 16:05:30,349] {processor.py:641} INFO - Processing file /home/dev/curso/ambientevirtual/lib/python3.9/site-packages/airflow/example_dags/example_time_delta_sensor_async.py for tasks to queue
[2024-12-14 16:05:30,351] {logging_mixin.py:115} INFO - [2024-12-14 16:05:30,350] {dagbag.py:507} INFO - Filling up the DagBag from /home/dev/curso/ambientevirtual/lib/python3.9/site-packages/airflow/example_dags/example_time_delta_sensor_async.py
[2024-12-14 16:05:30,361] {processor.py:651} INFO - DAG(s) dict_keys(['example_time_delta_sensor_async']) retrieved from /home/dev/curso/ambientevirtual/lib/python3.9/site-packages/airflow/example_dags/example_time_delta_sensor_async.py
[2024-12-14 16:05:30,391] {logging_mixin.py:115} INFO - [2024-12-14 16:05:30,391] {dag.py:2379} INFO - Sync 1 DAGs
[2024-12-14 16:05:30,412] {logging_mixin.py:115} INFO - [2024-12-14 16:05:30,412] {dag.py:2927} INFO - Setting next_dagrun for example_time_delta_sensor_async to None, run_after=None
[2024-12-14 16:05:30,432] {processor.py:161} INFO - Processing /home/dev/curso/ambientevirtual/lib/python3.9/site-packages/airflow/example_dags/example_time_delta_sensor_async.py took 0.092 seconds
[2024-12-14 16:06:08,155] {processor.py:153} INFO - Started process (PID=51630) to work on /home/dev/curso/ambientevirtual/lib/python3.9/site-packages/airflow/example_dags/example_time_delta_sensor_async.py
[2024-12-14 16:06:08,157] {processor.py:641} INFO - Processing file /home/dev/curso/ambientevirtual/lib/python3.9/site-packages/airflow/example_dags/example_time_delta_sensor_async.py for tasks to queue
[2024-12-14 16:06:08,158] {logging_mixin.py:115} INFO - [2024-12-14 16:06:08,158] {dagbag.py:507} INFO - Filling up the DagBag from /home/dev/curso/ambientevirtual/lib/python3.9/site-packages/airflow/example_dags/example_time_delta_sensor_async.py
[2024-12-14 16:06:08,169] {processor.py:651} INFO - DAG(s) dict_keys(['example_time_delta_sensor_async']) retrieved from /home/dev/curso/ambientevirtual/lib/python3.9/site-packages/airflow/example_dags/example_time_delta_sensor_async.py
[2024-12-14 16:06:08,202] {logging_mixin.py:115} INFO - [2024-12-14 16:06:08,202] {dag.py:2379} INFO - Sync 1 DAGs
[2024-12-14 16:06:08,227] {logging_mixin.py:115} INFO - [2024-12-14 16:06:08,227] {dag.py:2927} INFO - Setting next_dagrun for example_time_delta_sensor_async to None, run_after=None
[2024-12-14 16:06:08,248] {processor.py:161} INFO - Processing /home/dev/curso/ambientevirtual/lib/python3.9/site-packages/airflow/example_dags/example_time_delta_sensor_async.py took 0.100 seconds
[2024-12-14 16:06:46,237] {processor.py:153} INFO - Started process (PID=51826) to work on /home/dev/curso/ambientevirtual/lib/python3.9/site-packages/airflow/example_dags/example_time_delta_sensor_async.py
[2024-12-14 16:06:46,238] {processor.py:641} INFO - Processing file /home/dev/curso/ambientevirtual/lib/python3.9/site-packages/airflow/example_dags/example_time_delta_sensor_async.py for tasks to queue
[2024-12-14 16:06:46,239] {logging_mixin.py:115} INFO - [2024-12-14 16:06:46,239] {dagbag.py:507} INFO - Filling up the DagBag from /home/dev/curso/ambientevirtual/lib/python3.9/site-packages/airflow/example_dags/example_time_delta_sensor_async.py
[2024-12-14 16:06:46,248] {processor.py:651} INFO - DAG(s) dict_keys(['example_time_delta_sensor_async']) retrieved from /home/dev/curso/ambientevirtual/lib/python3.9/site-packages/airflow/example_dags/example_time_delta_sensor_async.py
[2024-12-14 16:06:46,297] {logging_mixin.py:115} INFO - [2024-12-14 16:06:46,296] {dag.py:2379} INFO - Sync 1 DAGs
[2024-12-14 16:06:46,321] {logging_mixin.py:115} INFO - [2024-12-14 16:06:46,320] {dag.py:2927} INFO - Setting next_dagrun for example_time_delta_sensor_async to None, run_after=None
[2024-12-14 16:06:46,341] {processor.py:161} INFO - Processing /home/dev/curso/ambientevirtual/lib/python3.9/site-packages/airflow/example_dags/example_time_delta_sensor_async.py took 0.110 seconds
[2024-12-14 16:07:26,312] {processor.py:153} INFO - Started process (PID=52037) to work on /home/dev/curso/ambientevirtual/lib/python3.9/site-packages/airflow/example_dags/example_time_delta_sensor_async.py
[2024-12-14 16:07:26,314] {processor.py:641} INFO - Processing file /home/dev/curso/ambientevirtual/lib/python3.9/site-packages/airflow/example_dags/example_time_delta_sensor_async.py for tasks to queue
[2024-12-14 16:07:26,315] {logging_mixin.py:115} INFO - [2024-12-14 16:07:26,314] {dagbag.py:507} INFO - Filling up the DagBag from /home/dev/curso/ambientevirtual/lib/python3.9/site-packages/airflow/example_dags/example_time_delta_sensor_async.py
[2024-12-14 16:07:26,325] {processor.py:651} INFO - DAG(s) dict_keys(['example_time_delta_sensor_async']) retrieved from /home/dev/curso/ambientevirtual/lib/python3.9/site-packages/airflow/example_dags/example_time_delta_sensor_async.py
[2024-12-14 16:07:26,359] {logging_mixin.py:115} INFO - [2024-12-14 16:07:26,359] {dag.py:2379} INFO - Sync 1 DAGs
[2024-12-14 16:07:26,379] {logging_mixin.py:115} INFO - [2024-12-14 16:07:26,379] {dag.py:2927} INFO - Setting next_dagrun for example_time_delta_sensor_async to None, run_after=None
[2024-12-14 16:07:26,396] {processor.py:161} INFO - Processing /home/dev/curso/ambientevirtual/lib/python3.9/site-packages/airflow/example_dags/example_time_delta_sensor_async.py took 0.091 seconds
[2024-12-14 16:08:05,814] {processor.py:153} INFO - Started process (PID=52183) to work on /home/dev/curso/ambientevirtual/lib/python3.9/site-packages/airflow/example_dags/example_time_delta_sensor_async.py
[2024-12-14 16:08:05,816] {processor.py:641} INFO - Processing file /home/dev/curso/ambientevirtual/lib/python3.9/site-packages/airflow/example_dags/example_time_delta_sensor_async.py for tasks to queue
[2024-12-14 16:08:05,816] {logging_mixin.py:115} INFO - [2024-12-14 16:08:05,816] {dagbag.py:507} INFO - Filling up the DagBag from /home/dev/curso/ambientevirtual/lib/python3.9/site-packages/airflow/example_dags/example_time_delta_sensor_async.py
[2024-12-14 16:08:05,822] {processor.py:651} INFO - DAG(s) dict_keys(['example_time_delta_sensor_async']) retrieved from /home/dev/curso/ambientevirtual/lib/python3.9/site-packages/airflow/example_dags/example_time_delta_sensor_async.py
[2024-12-14 16:08:05,854] {logging_mixin.py:115} INFO - [2024-12-14 16:08:05,854] {dag.py:2379} INFO - Sync 1 DAGs
[2024-12-14 16:08:05,880] {logging_mixin.py:115} INFO - [2024-12-14 16:08:05,880] {dag.py:2927} INFO - Setting next_dagrun for example_time_delta_sensor_async to None, run_after=None
[2024-12-14 16:08:05,902] {processor.py:161} INFO - Processing /home/dev/curso/ambientevirtual/lib/python3.9/site-packages/airflow/example_dags/example_time_delta_sensor_async.py took 0.092 seconds
[2024-12-14 16:08:45,614] {processor.py:153} INFO - Started process (PID=52519) to work on /home/dev/curso/ambientevirtual/lib/python3.9/site-packages/airflow/example_dags/example_time_delta_sensor_async.py
[2024-12-14 16:08:45,616] {processor.py:641} INFO - Processing file /home/dev/curso/ambientevirtual/lib/python3.9/site-packages/airflow/example_dags/example_time_delta_sensor_async.py for tasks to queue
[2024-12-14 16:08:45,616] {logging_mixin.py:115} INFO - [2024-12-14 16:08:45,616] {dagbag.py:507} INFO - Filling up the DagBag from /home/dev/curso/ambientevirtual/lib/python3.9/site-packages/airflow/example_dags/example_time_delta_sensor_async.py
[2024-12-14 16:08:45,625] {processor.py:651} INFO - DAG(s) dict_keys(['example_time_delta_sensor_async']) retrieved from /home/dev/curso/ambientevirtual/lib/python3.9/site-packages/airflow/example_dags/example_time_delta_sensor_async.py
[2024-12-14 16:08:45,663] {logging_mixin.py:115} INFO - [2024-12-14 16:08:45,663] {dag.py:2379} INFO - Sync 1 DAGs
[2024-12-14 16:08:45,691] {logging_mixin.py:115} INFO - [2024-12-14 16:08:45,690] {dag.py:2927} INFO - Setting next_dagrun for example_time_delta_sensor_async to None, run_after=None
[2024-12-14 16:08:45,711] {processor.py:161} INFO - Processing /home/dev/curso/ambientevirtual/lib/python3.9/site-packages/airflow/example_dags/example_time_delta_sensor_async.py took 0.103 seconds
[2024-12-14 16:09:26,715] {processor.py:153} INFO - Started process (PID=52699) to work on /home/dev/curso/ambientevirtual/lib/python3.9/site-packages/airflow/example_dags/example_time_delta_sensor_async.py
[2024-12-14 16:09:26,716] {processor.py:641} INFO - Processing file /home/dev/curso/ambientevirtual/lib/python3.9/site-packages/airflow/example_dags/example_time_delta_sensor_async.py for tasks to queue
[2024-12-14 16:09:26,717] {logging_mixin.py:115} INFO - [2024-12-14 16:09:26,717] {dagbag.py:507} INFO - Filling up the DagBag from /home/dev/curso/ambientevirtual/lib/python3.9/site-packages/airflow/example_dags/example_time_delta_sensor_async.py
[2024-12-14 16:09:26,723] {processor.py:651} INFO - DAG(s) dict_keys(['example_time_delta_sensor_async']) retrieved from /home/dev/curso/ambientevirtual/lib/python3.9/site-packages/airflow/example_dags/example_time_delta_sensor_async.py
[2024-12-14 16:09:26,771] {logging_mixin.py:115} INFO - [2024-12-14 16:09:26,771] {dag.py:2379} INFO - Sync 1 DAGs
[2024-12-14 16:09:26,805] {logging_mixin.py:115} INFO - [2024-12-14 16:09:26,805] {dag.py:2927} INFO - Setting next_dagrun for example_time_delta_sensor_async to None, run_after=None
[2024-12-14 16:09:26,844] {processor.py:161} INFO - Processing /home/dev/curso/ambientevirtual/lib/python3.9/site-packages/airflow/example_dags/example_time_delta_sensor_async.py took 0.133 seconds
[2024-12-14 16:10:04,443] {processor.py:153} INFO - Started process (PID=52840) to work on /home/dev/curso/ambientevirtual/lib/python3.9/site-packages/airflow/example_dags/example_time_delta_sensor_async.py
[2024-12-14 16:10:04,445] {processor.py:641} INFO - Processing file /home/dev/curso/ambientevirtual/lib/python3.9/site-packages/airflow/example_dags/example_time_delta_sensor_async.py for tasks to queue
[2024-12-14 16:10:04,446] {logging_mixin.py:115} INFO - [2024-12-14 16:10:04,446] {dagbag.py:507} INFO - Filling up the DagBag from /home/dev/curso/ambientevirtual/lib/python3.9/site-packages/airflow/example_dags/example_time_delta_sensor_async.py
[2024-12-14 16:10:04,454] {processor.py:651} INFO - DAG(s) dict_keys(['example_time_delta_sensor_async']) retrieved from /home/dev/curso/ambientevirtual/lib/python3.9/site-packages/airflow/example_dags/example_time_delta_sensor_async.py
[2024-12-14 16:10:04,492] {logging_mixin.py:115} INFO - [2024-12-14 16:10:04,492] {dag.py:2379} INFO - Sync 1 DAGs
[2024-12-14 16:10:04,512] {logging_mixin.py:115} INFO - [2024-12-14 16:10:04,512] {dag.py:2927} INFO - Setting next_dagrun for example_time_delta_sensor_async to None, run_after=None
[2024-12-14 16:10:04,527] {processor.py:161} INFO - Processing /home/dev/curso/ambientevirtual/lib/python3.9/site-packages/airflow/example_dags/example_time_delta_sensor_async.py took 0.091 seconds
[2024-12-14 16:10:40,256] {processor.py:153} INFO - Started process (PID=53029) to work on /home/dev/curso/ambientevirtual/lib/python3.9/site-packages/airflow/example_dags/example_time_delta_sensor_async.py
[2024-12-14 16:10:40,257] {processor.py:641} INFO - Processing file /home/dev/curso/ambientevirtual/lib/python3.9/site-packages/airflow/example_dags/example_time_delta_sensor_async.py for tasks to queue
[2024-12-14 16:10:40,258] {logging_mixin.py:115} INFO - [2024-12-14 16:10:40,258] {dagbag.py:507} INFO - Filling up the DagBag from /home/dev/curso/ambientevirtual/lib/python3.9/site-packages/airflow/example_dags/example_time_delta_sensor_async.py
[2024-12-14 16:10:40,264] {processor.py:651} INFO - DAG(s) dict_keys(['example_time_delta_sensor_async']) retrieved from /home/dev/curso/ambientevirtual/lib/python3.9/site-packages/airflow/example_dags/example_time_delta_sensor_async.py
[2024-12-14 16:10:40,291] {logging_mixin.py:115} INFO - [2024-12-14 16:10:40,291] {dag.py:2379} INFO - Sync 1 DAGs
[2024-12-14 16:10:40,312] {logging_mixin.py:115} INFO - [2024-12-14 16:10:40,311] {dag.py:2927} INFO - Setting next_dagrun for example_time_delta_sensor_async to None, run_after=None
[2024-12-14 16:10:40,331] {processor.py:161} INFO - Processing /home/dev/curso/ambientevirtual/lib/python3.9/site-packages/airflow/example_dags/example_time_delta_sensor_async.py took 0.079 seconds
[2024-12-14 16:11:15,963] {processor.py:153} INFO - Started process (PID=53218) to work on /home/dev/curso/ambientevirtual/lib/python3.9/site-packages/airflow/example_dags/example_time_delta_sensor_async.py
[2024-12-14 16:11:15,964] {processor.py:641} INFO - Processing file /home/dev/curso/ambientevirtual/lib/python3.9/site-packages/airflow/example_dags/example_time_delta_sensor_async.py for tasks to queue
[2024-12-14 16:11:15,965] {logging_mixin.py:115} INFO - [2024-12-14 16:11:15,965] {dagbag.py:507} INFO - Filling up the DagBag from /home/dev/curso/ambientevirtual/lib/python3.9/site-packages/airflow/example_dags/example_time_delta_sensor_async.py
[2024-12-14 16:11:15,976] {processor.py:651} INFO - DAG(s) dict_keys(['example_time_delta_sensor_async']) retrieved from /home/dev/curso/ambientevirtual/lib/python3.9/site-packages/airflow/example_dags/example_time_delta_sensor_async.py
[2024-12-14 16:11:16,005] {logging_mixin.py:115} INFO - [2024-12-14 16:11:16,004] {dag.py:2379} INFO - Sync 1 DAGs
[2024-12-14 16:11:16,024] {logging_mixin.py:115} INFO - [2024-12-14 16:11:16,024] {dag.py:2927} INFO - Setting next_dagrun for example_time_delta_sensor_async to None, run_after=None
[2024-12-14 16:11:16,049] {processor.py:161} INFO - Processing /home/dev/curso/ambientevirtual/lib/python3.9/site-packages/airflow/example_dags/example_time_delta_sensor_async.py took 0.093 seconds
