[2024-12-14 15:51:58,622] {processor.py:153} INFO - Started process (PID=48187) to work on /home/dev/curso/ambientevirtual/lib/python3.9/site-packages/airflow/example_dags/example_branch_operator.py
[2024-12-14 15:51:58,623] {processor.py:641} INFO - Processing file /home/dev/curso/ambientevirtual/lib/python3.9/site-packages/airflow/example_dags/example_branch_operator.py for tasks to queue
[2024-12-14 15:51:58,627] {logging_mixin.py:115} INFO - [2024-12-14 15:51:58,627] {dagbag.py:507} INFO - Filling up the DagBag from /home/dev/curso/ambientevirtual/lib/python3.9/site-packages/airflow/example_dags/example_branch_operator.py
[2024-12-14 15:51:58,644] {processor.py:651} INFO - DAG(s) dict_keys(['example_branch_operator']) retrieved from /home/dev/curso/ambientevirtual/lib/python3.9/site-packages/airflow/example_dags/example_branch_operator.py
[2024-12-14 15:51:58,739] {logging_mixin.py:115} INFO - [2024-12-14 15:51:58,739] {manager.py:508} INFO - Created Permission View: can delete on DAG:example_branch_operator
[2024-12-14 15:51:58,756] {logging_mixin.py:115} INFO - [2024-12-14 15:51:58,756] {manager.py:508} INFO - Created Permission View: can edit on DAG:example_branch_operator
[2024-12-14 15:51:58,770] {logging_mixin.py:115} INFO - [2024-12-14 15:51:58,770] {manager.py:508} INFO - Created Permission View: can read on DAG:example_branch_operator
[2024-12-14 15:51:58,770] {logging_mixin.py:115} INFO - [2024-12-14 15:51:58,770] {dag.py:2379} INFO - Sync 1 DAGs
[2024-12-14 15:51:58,782] {logging_mixin.py:115} INFO - [2024-12-14 15:51:58,781] {dag.py:2398} INFO - Creating ORM DAG for example_branch_operator
[2024-12-14 15:51:58,798] {logging_mixin.py:115} INFO - [2024-12-14 15:51:58,798] {dag.py:2927} INFO - Setting next_dagrun for example_branch_operator to 2024-12-13T00:00:00+00:00, run_after=2024-12-14T00:00:00+00:00
[2024-12-14 15:51:58,821] {processor.py:161} INFO - Processing /home/dev/curso/ambientevirtual/lib/python3.9/site-packages/airflow/example_dags/example_branch_operator.py took 0.204 seconds
[2024-12-14 15:52:37,640] {processor.py:153} INFO - Started process (PID=48389) to work on /home/dev/curso/ambientevirtual/lib/python3.9/site-packages/airflow/example_dags/example_branch_operator.py
[2024-12-14 15:52:37,642] {processor.py:641} INFO - Processing file /home/dev/curso/ambientevirtual/lib/python3.9/site-packages/airflow/example_dags/example_branch_operator.py for tasks to queue
[2024-12-14 15:52:37,643] {logging_mixin.py:115} INFO - [2024-12-14 15:52:37,643] {dagbag.py:507} INFO - Filling up the DagBag from /home/dev/curso/ambientevirtual/lib/python3.9/site-packages/airflow/example_dags/example_branch_operator.py
[2024-12-14 15:52:37,664] {processor.py:651} INFO - DAG(s) dict_keys(['example_branch_operator']) retrieved from /home/dev/curso/ambientevirtual/lib/python3.9/site-packages/airflow/example_dags/example_branch_operator.py
[2024-12-14 15:52:37,685] {logging_mixin.py:115} INFO - [2024-12-14 15:52:37,685] {dag.py:2379} INFO - Sync 1 DAGs
[2024-12-14 15:52:37,708] {logging_mixin.py:115} INFO - [2024-12-14 15:52:37,708] {dag.py:2927} INFO - Setting next_dagrun for example_branch_operator to 2024-12-13T00:00:00+00:00, run_after=2024-12-14T00:00:00+00:00
[2024-12-14 15:52:37,727] {processor.py:161} INFO - Processing /home/dev/curso/ambientevirtual/lib/python3.9/site-packages/airflow/example_dags/example_branch_operator.py took 0.095 seconds
[2024-12-14 15:53:15,813] {processor.py:153} INFO - Started process (PID=48527) to work on /home/dev/curso/ambientevirtual/lib/python3.9/site-packages/airflow/example_dags/example_branch_operator.py
[2024-12-14 15:53:15,815] {processor.py:641} INFO - Processing file /home/dev/curso/ambientevirtual/lib/python3.9/site-packages/airflow/example_dags/example_branch_operator.py for tasks to queue
[2024-12-14 15:53:15,815] {logging_mixin.py:115} INFO - [2024-12-14 15:53:15,815] {dagbag.py:507} INFO - Filling up the DagBag from /home/dev/curso/ambientevirtual/lib/python3.9/site-packages/airflow/example_dags/example_branch_operator.py
[2024-12-14 15:53:15,828] {processor.py:651} INFO - DAG(s) dict_keys(['example_branch_operator']) retrieved from /home/dev/curso/ambientevirtual/lib/python3.9/site-packages/airflow/example_dags/example_branch_operator.py
[2024-12-14 15:53:15,850] {logging_mixin.py:115} INFO - [2024-12-14 15:53:15,850] {dag.py:2379} INFO - Sync 1 DAGs
[2024-12-14 15:53:15,872] {logging_mixin.py:115} INFO - [2024-12-14 15:53:15,872] {dag.py:2927} INFO - Setting next_dagrun for example_branch_operator to 2024-12-13T00:00:00+00:00, run_after=2024-12-14T00:00:00+00:00
[2024-12-14 15:53:15,889] {processor.py:161} INFO - Processing /home/dev/curso/ambientevirtual/lib/python3.9/site-packages/airflow/example_dags/example_branch_operator.py took 0.080 seconds
[2024-12-14 15:53:54,538] {processor.py:153} INFO - Started process (PID=48663) to work on /home/dev/curso/ambientevirtual/lib/python3.9/site-packages/airflow/example_dags/example_branch_operator.py
[2024-12-14 15:53:54,540] {processor.py:641} INFO - Processing file /home/dev/curso/ambientevirtual/lib/python3.9/site-packages/airflow/example_dags/example_branch_operator.py for tasks to queue
[2024-12-14 15:53:54,541] {logging_mixin.py:115} INFO - [2024-12-14 15:53:54,541] {dagbag.py:507} INFO - Filling up the DagBag from /home/dev/curso/ambientevirtual/lib/python3.9/site-packages/airflow/example_dags/example_branch_operator.py
[2024-12-14 15:53:54,562] {processor.py:651} INFO - DAG(s) dict_keys(['example_branch_operator']) retrieved from /home/dev/curso/ambientevirtual/lib/python3.9/site-packages/airflow/example_dags/example_branch_operator.py
[2024-12-14 15:53:54,582] {logging_mixin.py:115} INFO - [2024-12-14 15:53:54,582] {dag.py:2379} INFO - Sync 1 DAGs
[2024-12-14 15:53:54,603] {logging_mixin.py:115} INFO - [2024-12-14 15:53:54,603] {dag.py:2927} INFO - Setting next_dagrun for example_branch_operator to 2024-12-13T00:00:00+00:00, run_after=2024-12-14T00:00:00+00:00
[2024-12-14 15:53:54,621] {processor.py:161} INFO - Processing /home/dev/curso/ambientevirtual/lib/python3.9/site-packages/airflow/example_dags/example_branch_operator.py took 0.089 seconds
[2024-12-14 15:54:35,164] {processor.py:153} INFO - Started process (PID=48809) to work on /home/dev/curso/ambientevirtual/lib/python3.9/site-packages/airflow/example_dags/example_branch_operator.py
[2024-12-14 15:54:35,166] {processor.py:641} INFO - Processing file /home/dev/curso/ambientevirtual/lib/python3.9/site-packages/airflow/example_dags/example_branch_operator.py for tasks to queue
[2024-12-14 15:54:35,167] {logging_mixin.py:115} INFO - [2024-12-14 15:54:35,167] {dagbag.py:507} INFO - Filling up the DagBag from /home/dev/curso/ambientevirtual/lib/python3.9/site-packages/airflow/example_dags/example_branch_operator.py
[2024-12-14 15:54:35,190] {processor.py:651} INFO - DAG(s) dict_keys(['example_branch_operator']) retrieved from /home/dev/curso/ambientevirtual/lib/python3.9/site-packages/airflow/example_dags/example_branch_operator.py
[2024-12-14 15:54:35,211] {logging_mixin.py:115} INFO - [2024-12-14 15:54:35,211] {dag.py:2379} INFO - Sync 1 DAGs
[2024-12-14 15:54:35,232] {logging_mixin.py:115} INFO - [2024-12-14 15:54:35,232] {dag.py:2927} INFO - Setting next_dagrun for example_branch_operator to 2024-12-13T00:00:00+00:00, run_after=2024-12-14T00:00:00+00:00
[2024-12-14 15:54:35,248] {processor.py:161} INFO - Processing /home/dev/curso/ambientevirtual/lib/python3.9/site-packages/airflow/example_dags/example_branch_operator.py took 0.091 seconds
[2024-12-14 15:55:13,629] {processor.py:153} INFO - Started process (PID=48954) to work on /home/dev/curso/ambientevirtual/lib/python3.9/site-packages/airflow/example_dags/example_branch_operator.py
[2024-12-14 15:55:13,631] {processor.py:641} INFO - Processing file /home/dev/curso/ambientevirtual/lib/python3.9/site-packages/airflow/example_dags/example_branch_operator.py for tasks to queue
[2024-12-14 15:55:13,632] {logging_mixin.py:115} INFO - [2024-12-14 15:55:13,632] {dagbag.py:507} INFO - Filling up the DagBag from /home/dev/curso/ambientevirtual/lib/python3.9/site-packages/airflow/example_dags/example_branch_operator.py
[2024-12-14 15:55:13,649] {processor.py:651} INFO - DAG(s) dict_keys(['example_branch_operator']) retrieved from /home/dev/curso/ambientevirtual/lib/python3.9/site-packages/airflow/example_dags/example_branch_operator.py
[2024-12-14 15:55:13,671] {logging_mixin.py:115} INFO - [2024-12-14 15:55:13,671] {dag.py:2379} INFO - Sync 1 DAGs
[2024-12-14 15:55:13,694] {logging_mixin.py:115} INFO - [2024-12-14 15:55:13,694] {dag.py:2927} INFO - Setting next_dagrun for example_branch_operator to 2024-12-13T00:00:00+00:00, run_after=2024-12-14T00:00:00+00:00
[2024-12-14 15:55:13,711] {processor.py:161} INFO - Processing /home/dev/curso/ambientevirtual/lib/python3.9/site-packages/airflow/example_dags/example_branch_operator.py took 0.088 seconds
[2024-12-14 15:55:52,581] {processor.py:153} INFO - Started process (PID=49097) to work on /home/dev/curso/ambientevirtual/lib/python3.9/site-packages/airflow/example_dags/example_branch_operator.py
[2024-12-14 15:55:52,582] {processor.py:641} INFO - Processing file /home/dev/curso/ambientevirtual/lib/python3.9/site-packages/airflow/example_dags/example_branch_operator.py for tasks to queue
[2024-12-14 15:55:52,583] {logging_mixin.py:115} INFO - [2024-12-14 15:55:52,582] {dagbag.py:507} INFO - Filling up the DagBag from /home/dev/curso/ambientevirtual/lib/python3.9/site-packages/airflow/example_dags/example_branch_operator.py
[2024-12-14 15:55:52,597] {processor.py:651} INFO - DAG(s) dict_keys(['example_branch_operator']) retrieved from /home/dev/curso/ambientevirtual/lib/python3.9/site-packages/airflow/example_dags/example_branch_operator.py
[2024-12-14 15:55:52,620] {logging_mixin.py:115} INFO - [2024-12-14 15:55:52,620] {dag.py:2379} INFO - Sync 1 DAGs
[2024-12-14 15:55:52,643] {logging_mixin.py:115} INFO - [2024-12-14 15:55:52,643] {dag.py:2927} INFO - Setting next_dagrun for example_branch_operator to 2024-12-13T00:00:00+00:00, run_after=2024-12-14T00:00:00+00:00
[2024-12-14 15:55:52,662] {processor.py:161} INFO - Processing /home/dev/curso/ambientevirtual/lib/python3.9/site-packages/airflow/example_dags/example_branch_operator.py took 0.085 seconds
[2024-12-14 15:56:32,618] {processor.py:153} INFO - Started process (PID=49246) to work on /home/dev/curso/ambientevirtual/lib/python3.9/site-packages/airflow/example_dags/example_branch_operator.py
[2024-12-14 15:56:32,623] {processor.py:641} INFO - Processing file /home/dev/curso/ambientevirtual/lib/python3.9/site-packages/airflow/example_dags/example_branch_operator.py for tasks to queue
[2024-12-14 15:56:32,623] {logging_mixin.py:115} INFO - [2024-12-14 15:56:32,623] {dagbag.py:507} INFO - Filling up the DagBag from /home/dev/curso/ambientevirtual/lib/python3.9/site-packages/airflow/example_dags/example_branch_operator.py
[2024-12-14 15:56:32,643] {processor.py:651} INFO - DAG(s) dict_keys(['example_branch_operator']) retrieved from /home/dev/curso/ambientevirtual/lib/python3.9/site-packages/airflow/example_dags/example_branch_operator.py
[2024-12-14 15:56:32,667] {logging_mixin.py:115} INFO - [2024-12-14 15:56:32,667] {dag.py:2379} INFO - Sync 1 DAGs
[2024-12-14 15:56:32,707] {logging_mixin.py:115} INFO - [2024-12-14 15:56:32,706] {dag.py:2927} INFO - Setting next_dagrun for example_branch_operator to 2024-12-13T00:00:00+00:00, run_after=2024-12-14T00:00:00+00:00
[2024-12-14 15:56:32,732] {processor.py:161} INFO - Processing /home/dev/curso/ambientevirtual/lib/python3.9/site-packages/airflow/example_dags/example_branch_operator.py took 0.118 seconds
[2024-12-14 15:57:08,569] {processor.py:153} INFO - Started process (PID=49433) to work on /home/dev/curso/ambientevirtual/lib/python3.9/site-packages/airflow/example_dags/example_branch_operator.py
[2024-12-14 15:57:08,570] {processor.py:641} INFO - Processing file /home/dev/curso/ambientevirtual/lib/python3.9/site-packages/airflow/example_dags/example_branch_operator.py for tasks to queue
[2024-12-14 15:57:08,571] {logging_mixin.py:115} INFO - [2024-12-14 15:57:08,570] {dagbag.py:507} INFO - Filling up the DagBag from /home/dev/curso/ambientevirtual/lib/python3.9/site-packages/airflow/example_dags/example_branch_operator.py
[2024-12-14 15:57:08,592] {processor.py:651} INFO - DAG(s) dict_keys(['example_branch_operator']) retrieved from /home/dev/curso/ambientevirtual/lib/python3.9/site-packages/airflow/example_dags/example_branch_operator.py
[2024-12-14 15:57:08,617] {logging_mixin.py:115} INFO - [2024-12-14 15:57:08,617] {dag.py:2379} INFO - Sync 1 DAGs
[2024-12-14 15:57:08,643] {logging_mixin.py:115} INFO - [2024-12-14 15:57:08,643] {dag.py:2927} INFO - Setting next_dagrun for example_branch_operator to 2024-12-13T00:00:00+00:00, run_after=2024-12-14T00:00:00+00:00
[2024-12-14 15:57:08,660] {processor.py:161} INFO - Processing /home/dev/curso/ambientevirtual/lib/python3.9/site-packages/airflow/example_dags/example_branch_operator.py took 0.098 seconds
[2024-12-14 15:57:47,750] {processor.py:153} INFO - Started process (PID=49577) to work on /home/dev/curso/ambientevirtual/lib/python3.9/site-packages/airflow/example_dags/example_branch_operator.py
[2024-12-14 15:57:47,751] {processor.py:641} INFO - Processing file /home/dev/curso/ambientevirtual/lib/python3.9/site-packages/airflow/example_dags/example_branch_operator.py for tasks to queue
[2024-12-14 15:57:47,752] {logging_mixin.py:115} INFO - [2024-12-14 15:57:47,751] {dagbag.py:507} INFO - Filling up the DagBag from /home/dev/curso/ambientevirtual/lib/python3.9/site-packages/airflow/example_dags/example_branch_operator.py
[2024-12-14 15:57:47,770] {processor.py:651} INFO - DAG(s) dict_keys(['example_branch_operator']) retrieved from /home/dev/curso/ambientevirtual/lib/python3.9/site-packages/airflow/example_dags/example_branch_operator.py
[2024-12-14 15:57:47,797] {logging_mixin.py:115} INFO - [2024-12-14 15:57:47,797] {dag.py:2379} INFO - Sync 1 DAGs
[2024-12-14 15:57:47,819] {logging_mixin.py:115} INFO - [2024-12-14 15:57:47,819] {dag.py:2927} INFO - Setting next_dagrun for example_branch_operator to 2024-12-13T00:00:00+00:00, run_after=2024-12-14T00:00:00+00:00
[2024-12-14 15:57:47,841] {processor.py:161} INFO - Processing /home/dev/curso/ambientevirtual/lib/python3.9/site-packages/airflow/example_dags/example_branch_operator.py took 0.095 seconds
[2024-12-14 15:58:27,894] {processor.py:153} INFO - Started process (PID=49715) to work on /home/dev/curso/ambientevirtual/lib/python3.9/site-packages/airflow/example_dags/example_branch_operator.py
[2024-12-14 15:58:27,895] {processor.py:641} INFO - Processing file /home/dev/curso/ambientevirtual/lib/python3.9/site-packages/airflow/example_dags/example_branch_operator.py for tasks to queue
[2024-12-14 15:58:27,896] {logging_mixin.py:115} INFO - [2024-12-14 15:58:27,896] {dagbag.py:507} INFO - Filling up the DagBag from /home/dev/curso/ambientevirtual/lib/python3.9/site-packages/airflow/example_dags/example_branch_operator.py
[2024-12-14 15:58:27,909] {processor.py:651} INFO - DAG(s) dict_keys(['example_branch_operator']) retrieved from /home/dev/curso/ambientevirtual/lib/python3.9/site-packages/airflow/example_dags/example_branch_operator.py
[2024-12-14 15:58:27,928] {logging_mixin.py:115} INFO - [2024-12-14 15:58:27,927] {dag.py:2379} INFO - Sync 1 DAGs
[2024-12-14 15:58:27,951] {logging_mixin.py:115} INFO - [2024-12-14 15:58:27,951] {dag.py:2927} INFO - Setting next_dagrun for example_branch_operator to 2024-12-13T00:00:00+00:00, run_after=2024-12-14T00:00:00+00:00
[2024-12-14 15:58:27,968] {processor.py:161} INFO - Processing /home/dev/curso/ambientevirtual/lib/python3.9/site-packages/airflow/example_dags/example_branch_operator.py took 0.079 seconds
[2024-12-14 15:59:05,394] {processor.py:153} INFO - Started process (PID=49853) to work on /home/dev/curso/ambientevirtual/lib/python3.9/site-packages/airflow/example_dags/example_branch_operator.py
[2024-12-14 15:59:05,396] {processor.py:641} INFO - Processing file /home/dev/curso/ambientevirtual/lib/python3.9/site-packages/airflow/example_dags/example_branch_operator.py for tasks to queue
[2024-12-14 15:59:05,397] {logging_mixin.py:115} INFO - [2024-12-14 15:59:05,397] {dagbag.py:507} INFO - Filling up the DagBag from /home/dev/curso/ambientevirtual/lib/python3.9/site-packages/airflow/example_dags/example_branch_operator.py
[2024-12-14 15:59:05,412] {processor.py:651} INFO - DAG(s) dict_keys(['example_branch_operator']) retrieved from /home/dev/curso/ambientevirtual/lib/python3.9/site-packages/airflow/example_dags/example_branch_operator.py
[2024-12-14 15:59:05,432] {logging_mixin.py:115} INFO - [2024-12-14 15:59:05,432] {dag.py:2379} INFO - Sync 1 DAGs
[2024-12-14 15:59:05,453] {logging_mixin.py:115} INFO - [2024-12-14 15:59:05,453] {dag.py:2927} INFO - Setting next_dagrun for example_branch_operator to 2024-12-13T00:00:00+00:00, run_after=2024-12-14T00:00:00+00:00
[2024-12-14 15:59:05,470] {processor.py:161} INFO - Processing /home/dev/curso/ambientevirtual/lib/python3.9/site-packages/airflow/example_dags/example_branch_operator.py took 0.082 seconds
[2024-12-14 15:59:43,820] {processor.py:153} INFO - Started process (PID=49997) to work on /home/dev/curso/ambientevirtual/lib/python3.9/site-packages/airflow/example_dags/example_branch_operator.py
[2024-12-14 15:59:43,821] {processor.py:641} INFO - Processing file /home/dev/curso/ambientevirtual/lib/python3.9/site-packages/airflow/example_dags/example_branch_operator.py for tasks to queue
[2024-12-14 15:59:43,822] {logging_mixin.py:115} INFO - [2024-12-14 15:59:43,822] {dagbag.py:507} INFO - Filling up the DagBag from /home/dev/curso/ambientevirtual/lib/python3.9/site-packages/airflow/example_dags/example_branch_operator.py
[2024-12-14 15:59:43,836] {processor.py:651} INFO - DAG(s) dict_keys(['example_branch_operator']) retrieved from /home/dev/curso/ambientevirtual/lib/python3.9/site-packages/airflow/example_dags/example_branch_operator.py
[2024-12-14 15:59:43,858] {logging_mixin.py:115} INFO - [2024-12-14 15:59:43,858] {dag.py:2379} INFO - Sync 1 DAGs
[2024-12-14 15:59:43,879] {logging_mixin.py:115} INFO - [2024-12-14 15:59:43,879] {dag.py:2927} INFO - Setting next_dagrun for example_branch_operator to 2024-12-13T00:00:00+00:00, run_after=2024-12-14T00:00:00+00:00
[2024-12-14 15:59:43,895] {processor.py:161} INFO - Processing /home/dev/curso/ambientevirtual/lib/python3.9/site-packages/airflow/example_dags/example_branch_operator.py took 0.079 seconds
[2024-12-14 16:00:24,613] {processor.py:153} INFO - Started process (PID=50144) to work on /home/dev/curso/ambientevirtual/lib/python3.9/site-packages/airflow/example_dags/example_branch_operator.py
[2024-12-14 16:00:24,615] {processor.py:641} INFO - Processing file /home/dev/curso/ambientevirtual/lib/python3.9/site-packages/airflow/example_dags/example_branch_operator.py for tasks to queue
[2024-12-14 16:00:24,616] {logging_mixin.py:115} INFO - [2024-12-14 16:00:24,615] {dagbag.py:507} INFO - Filling up the DagBag from /home/dev/curso/ambientevirtual/lib/python3.9/site-packages/airflow/example_dags/example_branch_operator.py
[2024-12-14 16:00:24,634] {processor.py:651} INFO - DAG(s) dict_keys(['example_branch_operator']) retrieved from /home/dev/curso/ambientevirtual/lib/python3.9/site-packages/airflow/example_dags/example_branch_operator.py
[2024-12-14 16:00:24,664] {logging_mixin.py:115} INFO - [2024-12-14 16:00:24,664] {dag.py:2379} INFO - Sync 1 DAGs
[2024-12-14 16:00:24,694] {logging_mixin.py:115} INFO - [2024-12-14 16:00:24,694] {dag.py:2927} INFO - Setting next_dagrun for example_branch_operator to 2024-12-13T00:00:00+00:00, run_after=2024-12-14T00:00:00+00:00
[2024-12-14 16:00:24,715] {processor.py:161} INFO - Processing /home/dev/curso/ambientevirtual/lib/python3.9/site-packages/airflow/example_dags/example_branch_operator.py took 0.110 seconds
[2024-12-14 16:01:06,535] {processor.py:153} INFO - Started process (PID=50474) to work on /home/dev/curso/ambientevirtual/lib/python3.9/site-packages/airflow/example_dags/example_branch_operator.py
[2024-12-14 16:01:06,536] {processor.py:641} INFO - Processing file /home/dev/curso/ambientevirtual/lib/python3.9/site-packages/airflow/example_dags/example_branch_operator.py for tasks to queue
[2024-12-14 16:01:06,537] {logging_mixin.py:115} INFO - [2024-12-14 16:01:06,537] {dagbag.py:507} INFO - Filling up the DagBag from /home/dev/curso/ambientevirtual/lib/python3.9/site-packages/airflow/example_dags/example_branch_operator.py
[2024-12-14 16:01:06,556] {processor.py:651} INFO - DAG(s) dict_keys(['example_branch_operator']) retrieved from /home/dev/curso/ambientevirtual/lib/python3.9/site-packages/airflow/example_dags/example_branch_operator.py
[2024-12-14 16:01:06,584] {logging_mixin.py:115} INFO - [2024-12-14 16:01:06,584] {dag.py:2379} INFO - Sync 1 DAGs
[2024-12-14 16:01:06,612] {logging_mixin.py:115} INFO - [2024-12-14 16:01:06,612] {dag.py:2927} INFO - Setting next_dagrun for example_branch_operator to 2024-12-13T00:00:00+00:00, run_after=2024-12-14T00:00:00+00:00
[2024-12-14 16:01:06,629] {processor.py:161} INFO - Processing /home/dev/curso/ambientevirtual/lib/python3.9/site-packages/airflow/example_dags/example_branch_operator.py took 0.098 seconds
[2024-12-14 16:01:47,139] {processor.py:153} INFO - Started process (PID=50622) to work on /home/dev/curso/ambientevirtual/lib/python3.9/site-packages/airflow/example_dags/example_branch_operator.py
[2024-12-14 16:01:47,140] {processor.py:641} INFO - Processing file /home/dev/curso/ambientevirtual/lib/python3.9/site-packages/airflow/example_dags/example_branch_operator.py for tasks to queue
[2024-12-14 16:01:47,141] {logging_mixin.py:115} INFO - [2024-12-14 16:01:47,141] {dagbag.py:507} INFO - Filling up the DagBag from /home/dev/curso/ambientevirtual/lib/python3.9/site-packages/airflow/example_dags/example_branch_operator.py
[2024-12-14 16:01:47,155] {processor.py:651} INFO - DAG(s) dict_keys(['example_branch_operator']) retrieved from /home/dev/curso/ambientevirtual/lib/python3.9/site-packages/airflow/example_dags/example_branch_operator.py
[2024-12-14 16:01:47,180] {logging_mixin.py:115} INFO - [2024-12-14 16:01:47,180] {dag.py:2379} INFO - Sync 1 DAGs
[2024-12-14 16:01:47,209] {logging_mixin.py:115} INFO - [2024-12-14 16:01:47,209] {dag.py:2927} INFO - Setting next_dagrun for example_branch_operator to 2024-12-13T00:00:00+00:00, run_after=2024-12-14T00:00:00+00:00
[2024-12-14 16:01:47,235] {processor.py:161} INFO - Processing /home/dev/curso/ambientevirtual/lib/python3.9/site-packages/airflow/example_dags/example_branch_operator.py took 0.100 seconds
[2024-12-14 16:02:24,492] {processor.py:153} INFO - Started process (PID=50819) to work on /home/dev/curso/ambientevirtual/lib/python3.9/site-packages/airflow/example_dags/example_branch_operator.py
[2024-12-14 16:02:24,493] {processor.py:641} INFO - Processing file /home/dev/curso/ambientevirtual/lib/python3.9/site-packages/airflow/example_dags/example_branch_operator.py for tasks to queue
[2024-12-14 16:02:24,494] {logging_mixin.py:115} INFO - [2024-12-14 16:02:24,494] {dagbag.py:507} INFO - Filling up the DagBag from /home/dev/curso/ambientevirtual/lib/python3.9/site-packages/airflow/example_dags/example_branch_operator.py
[2024-12-14 16:02:24,509] {processor.py:651} INFO - DAG(s) dict_keys(['example_branch_operator']) retrieved from /home/dev/curso/ambientevirtual/lib/python3.9/site-packages/airflow/example_dags/example_branch_operator.py
[2024-12-14 16:02:24,533] {logging_mixin.py:115} INFO - [2024-12-14 16:02:24,533] {dag.py:2379} INFO - Sync 1 DAGs
[2024-12-14 16:02:24,555] {logging_mixin.py:115} INFO - [2024-12-14 16:02:24,555] {dag.py:2927} INFO - Setting next_dagrun for example_branch_operator to 2024-12-13T00:00:00+00:00, run_after=2024-12-14T00:00:00+00:00
[2024-12-14 16:02:24,574] {processor.py:161} INFO - Processing /home/dev/curso/ambientevirtual/lib/python3.9/site-packages/airflow/example_dags/example_branch_operator.py took 0.087 seconds
[2024-12-14 16:03:05,757] {processor.py:153} INFO - Started process (PID=50965) to work on /home/dev/curso/ambientevirtual/lib/python3.9/site-packages/airflow/example_dags/example_branch_operator.py
[2024-12-14 16:03:05,759] {processor.py:641} INFO - Processing file /home/dev/curso/ambientevirtual/lib/python3.9/site-packages/airflow/example_dags/example_branch_operator.py for tasks to queue
[2024-12-14 16:03:05,760] {logging_mixin.py:115} INFO - [2024-12-14 16:03:05,760] {dagbag.py:507} INFO - Filling up the DagBag from /home/dev/curso/ambientevirtual/lib/python3.9/site-packages/airflow/example_dags/example_branch_operator.py
[2024-12-14 16:03:05,774] {processor.py:651} INFO - DAG(s) dict_keys(['example_branch_operator']) retrieved from /home/dev/curso/ambientevirtual/lib/python3.9/site-packages/airflow/example_dags/example_branch_operator.py
[2024-12-14 16:03:05,795] {logging_mixin.py:115} INFO - [2024-12-14 16:03:05,795] {dag.py:2379} INFO - Sync 1 DAGs
[2024-12-14 16:03:05,819] {logging_mixin.py:115} INFO - [2024-12-14 16:03:05,819] {dag.py:2927} INFO - Setting next_dagrun for example_branch_operator to 2024-12-13T00:00:00+00:00, run_after=2024-12-14T00:00:00+00:00
[2024-12-14 16:03:05,836] {processor.py:161} INFO - Processing /home/dev/curso/ambientevirtual/lib/python3.9/site-packages/airflow/example_dags/example_branch_operator.py took 0.086 seconds
[2024-12-14 16:03:40,704] {processor.py:153} INFO - Started process (PID=51095) to work on /home/dev/curso/ambientevirtual/lib/python3.9/site-packages/airflow/example_dags/example_branch_operator.py
[2024-12-14 16:03:40,706] {processor.py:641} INFO - Processing file /home/dev/curso/ambientevirtual/lib/python3.9/site-packages/airflow/example_dags/example_branch_operator.py for tasks to queue
[2024-12-14 16:03:40,707] {logging_mixin.py:115} INFO - [2024-12-14 16:03:40,706] {dagbag.py:507} INFO - Filling up the DagBag from /home/dev/curso/ambientevirtual/lib/python3.9/site-packages/airflow/example_dags/example_branch_operator.py
[2024-12-14 16:03:40,720] {processor.py:651} INFO - DAG(s) dict_keys(['example_branch_operator']) retrieved from /home/dev/curso/ambientevirtual/lib/python3.9/site-packages/airflow/example_dags/example_branch_operator.py
[2024-12-14 16:03:40,741] {logging_mixin.py:115} INFO - [2024-12-14 16:03:40,740] {dag.py:2379} INFO - Sync 1 DAGs
[2024-12-14 16:03:40,762] {logging_mixin.py:115} INFO - [2024-12-14 16:03:40,762] {dag.py:2927} INFO - Setting next_dagrun for example_branch_operator to 2024-12-13T00:00:00+00:00, run_after=2024-12-14T00:00:00+00:00
[2024-12-14 16:03:40,779] {processor.py:161} INFO - Processing /home/dev/curso/ambientevirtual/lib/python3.9/site-packages/airflow/example_dags/example_branch_operator.py took 0.079 seconds
[2024-12-14 16:04:22,267] {processor.py:153} INFO - Started process (PID=51242) to work on /home/dev/curso/ambientevirtual/lib/python3.9/site-packages/airflow/example_dags/example_branch_operator.py
[2024-12-14 16:04:22,269] {processor.py:641} INFO - Processing file /home/dev/curso/ambientevirtual/lib/python3.9/site-packages/airflow/example_dags/example_branch_operator.py for tasks to queue
[2024-12-14 16:04:22,269] {logging_mixin.py:115} INFO - [2024-12-14 16:04:22,269] {dagbag.py:507} INFO - Filling up the DagBag from /home/dev/curso/ambientevirtual/lib/python3.9/site-packages/airflow/example_dags/example_branch_operator.py
[2024-12-14 16:04:22,282] {processor.py:651} INFO - DAG(s) dict_keys(['example_branch_operator']) retrieved from /home/dev/curso/ambientevirtual/lib/python3.9/site-packages/airflow/example_dags/example_branch_operator.py
[2024-12-14 16:04:22,303] {logging_mixin.py:115} INFO - [2024-12-14 16:04:22,303] {dag.py:2379} INFO - Sync 1 DAGs
[2024-12-14 16:04:22,327] {logging_mixin.py:115} INFO - [2024-12-14 16:04:22,326] {dag.py:2927} INFO - Setting next_dagrun for example_branch_operator to 2024-12-13T00:00:00+00:00, run_after=2024-12-14T00:00:00+00:00
[2024-12-14 16:04:22,347] {processor.py:161} INFO - Processing /home/dev/curso/ambientevirtual/lib/python3.9/site-packages/airflow/example_dags/example_branch_operator.py took 0.083 seconds
[2024-12-14 16:04:59,761] {processor.py:153} INFO - Started process (PID=51379) to work on /home/dev/curso/ambientevirtual/lib/python3.9/site-packages/airflow/example_dags/example_branch_operator.py
[2024-12-14 16:04:59,763] {processor.py:641} INFO - Processing file /home/dev/curso/ambientevirtual/lib/python3.9/site-packages/airflow/example_dags/example_branch_operator.py for tasks to queue
[2024-12-14 16:04:59,764] {logging_mixin.py:115} INFO - [2024-12-14 16:04:59,764] {dagbag.py:507} INFO - Filling up the DagBag from /home/dev/curso/ambientevirtual/lib/python3.9/site-packages/airflow/example_dags/example_branch_operator.py
[2024-12-14 16:04:59,778] {processor.py:651} INFO - DAG(s) dict_keys(['example_branch_operator']) retrieved from /home/dev/curso/ambientevirtual/lib/python3.9/site-packages/airflow/example_dags/example_branch_operator.py
[2024-12-14 16:04:59,800] {logging_mixin.py:115} INFO - [2024-12-14 16:04:59,800] {dag.py:2379} INFO - Sync 1 DAGs
[2024-12-14 16:04:59,823] {logging_mixin.py:115} INFO - [2024-12-14 16:04:59,823] {dag.py:2927} INFO - Setting next_dagrun for example_branch_operator to 2024-12-13T00:00:00+00:00, run_after=2024-12-14T00:00:00+00:00
[2024-12-14 16:04:59,840] {processor.py:161} INFO - Processing /home/dev/curso/ambientevirtual/lib/python3.9/site-packages/airflow/example_dags/example_branch_operator.py took 0.085 seconds
[2024-12-14 16:05:35,252] {processor.py:153} INFO - Started process (PID=51509) to work on /home/dev/curso/ambientevirtual/lib/python3.9/site-packages/airflow/example_dags/example_branch_operator.py
[2024-12-14 16:05:35,254] {processor.py:641} INFO - Processing file /home/dev/curso/ambientevirtual/lib/python3.9/site-packages/airflow/example_dags/example_branch_operator.py for tasks to queue
[2024-12-14 16:05:35,255] {logging_mixin.py:115} INFO - [2024-12-14 16:05:35,254] {dagbag.py:507} INFO - Filling up the DagBag from /home/dev/curso/ambientevirtual/lib/python3.9/site-packages/airflow/example_dags/example_branch_operator.py
[2024-12-14 16:05:35,278] {processor.py:651} INFO - DAG(s) dict_keys(['example_branch_operator']) retrieved from /home/dev/curso/ambientevirtual/lib/python3.9/site-packages/airflow/example_dags/example_branch_operator.py
[2024-12-14 16:05:35,301] {logging_mixin.py:115} INFO - [2024-12-14 16:05:35,301] {dag.py:2379} INFO - Sync 1 DAGs
[2024-12-14 16:05:35,324] {logging_mixin.py:115} INFO - [2024-12-14 16:05:35,324] {dag.py:2927} INFO - Setting next_dagrun for example_branch_operator to 2024-12-13T00:00:00+00:00, run_after=2024-12-14T00:00:00+00:00
[2024-12-14 16:05:35,340] {processor.py:161} INFO - Processing /home/dev/curso/ambientevirtual/lib/python3.9/site-packages/airflow/example_dags/example_branch_operator.py took 0.096 seconds
[2024-12-14 16:06:14,288] {processor.py:153} INFO - Started process (PID=51654) to work on /home/dev/curso/ambientevirtual/lib/python3.9/site-packages/airflow/example_dags/example_branch_operator.py
[2024-12-14 16:06:14,290] {processor.py:641} INFO - Processing file /home/dev/curso/ambientevirtual/lib/python3.9/site-packages/airflow/example_dags/example_branch_operator.py for tasks to queue
[2024-12-14 16:06:14,291] {logging_mixin.py:115} INFO - [2024-12-14 16:06:14,291] {dagbag.py:507} INFO - Filling up the DagBag from /home/dev/curso/ambientevirtual/lib/python3.9/site-packages/airflow/example_dags/example_branch_operator.py
[2024-12-14 16:06:14,312] {processor.py:651} INFO - DAG(s) dict_keys(['example_branch_operator']) retrieved from /home/dev/curso/ambientevirtual/lib/python3.9/site-packages/airflow/example_dags/example_branch_operator.py
[2024-12-14 16:06:14,337] {logging_mixin.py:115} INFO - [2024-12-14 16:06:14,337] {dag.py:2379} INFO - Sync 1 DAGs
[2024-12-14 16:06:14,361] {logging_mixin.py:115} INFO - [2024-12-14 16:06:14,361] {dag.py:2927} INFO - Setting next_dagrun for example_branch_operator to 2024-12-13T00:00:00+00:00, run_after=2024-12-14T00:00:00+00:00
[2024-12-14 16:06:14,384] {processor.py:161} INFO - Processing /home/dev/curso/ambientevirtual/lib/python3.9/site-packages/airflow/example_dags/example_branch_operator.py took 0.103 seconds
[2024-12-14 16:06:52,911] {processor.py:153} INFO - Started process (PID=51857) to work on /home/dev/curso/ambientevirtual/lib/python3.9/site-packages/airflow/example_dags/example_branch_operator.py
[2024-12-14 16:06:52,913] {processor.py:641} INFO - Processing file /home/dev/curso/ambientevirtual/lib/python3.9/site-packages/airflow/example_dags/example_branch_operator.py for tasks to queue
[2024-12-14 16:06:52,913] {logging_mixin.py:115} INFO - [2024-12-14 16:06:52,913] {dagbag.py:507} INFO - Filling up the DagBag from /home/dev/curso/ambientevirtual/lib/python3.9/site-packages/airflow/example_dags/example_branch_operator.py
[2024-12-14 16:06:52,927] {processor.py:651} INFO - DAG(s) dict_keys(['example_branch_operator']) retrieved from /home/dev/curso/ambientevirtual/lib/python3.9/site-packages/airflow/example_dags/example_branch_operator.py
[2024-12-14 16:06:52,952] {logging_mixin.py:115} INFO - [2024-12-14 16:06:52,952] {dag.py:2379} INFO - Sync 1 DAGs
[2024-12-14 16:06:53,009] {logging_mixin.py:115} INFO - [2024-12-14 16:06:53,009] {dag.py:2927} INFO - Setting next_dagrun for example_branch_operator to 2024-12-13T00:00:00+00:00, run_after=2024-12-14T00:00:00+00:00
[2024-12-14 16:06:53,216] {processor.py:161} INFO - Processing /home/dev/curso/ambientevirtual/lib/python3.9/site-packages/airflow/example_dags/example_branch_operator.py took 0.315 seconds
[2024-12-14 16:07:33,172] {processor.py:153} INFO - Started process (PID=52062) to work on /home/dev/curso/ambientevirtual/lib/python3.9/site-packages/airflow/example_dags/example_branch_operator.py
[2024-12-14 16:07:33,174] {processor.py:641} INFO - Processing file /home/dev/curso/ambientevirtual/lib/python3.9/site-packages/airflow/example_dags/example_branch_operator.py for tasks to queue
[2024-12-14 16:07:33,174] {logging_mixin.py:115} INFO - [2024-12-14 16:07:33,174] {dagbag.py:507} INFO - Filling up the DagBag from /home/dev/curso/ambientevirtual/lib/python3.9/site-packages/airflow/example_dags/example_branch_operator.py
[2024-12-14 16:07:33,186] {processor.py:651} INFO - DAG(s) dict_keys(['example_branch_operator']) retrieved from /home/dev/curso/ambientevirtual/lib/python3.9/site-packages/airflow/example_dags/example_branch_operator.py
[2024-12-14 16:07:33,207] {logging_mixin.py:115} INFO - [2024-12-14 16:07:33,207] {dag.py:2379} INFO - Sync 1 DAGs
[2024-12-14 16:07:33,229] {logging_mixin.py:115} INFO - [2024-12-14 16:07:33,229] {dag.py:2927} INFO - Setting next_dagrun for example_branch_operator to 2024-12-13T00:00:00+00:00, run_after=2024-12-14T00:00:00+00:00
[2024-12-14 16:07:33,251] {processor.py:161} INFO - Processing /home/dev/curso/ambientevirtual/lib/python3.9/site-packages/airflow/example_dags/example_branch_operator.py took 0.082 seconds
[2024-12-14 16:08:11,483] {processor.py:153} INFO - Started process (PID=52193) to work on /home/dev/curso/ambientevirtual/lib/python3.9/site-packages/airflow/example_dags/example_branch_operator.py
[2024-12-14 16:08:11,484] {processor.py:641} INFO - Processing file /home/dev/curso/ambientevirtual/lib/python3.9/site-packages/airflow/example_dags/example_branch_operator.py for tasks to queue
[2024-12-14 16:08:11,485] {logging_mixin.py:115} INFO - [2024-12-14 16:08:11,485] {dagbag.py:507} INFO - Filling up the DagBag from /home/dev/curso/ambientevirtual/lib/python3.9/site-packages/airflow/example_dags/example_branch_operator.py
[2024-12-14 16:08:11,500] {processor.py:651} INFO - DAG(s) dict_keys(['example_branch_operator']) retrieved from /home/dev/curso/ambientevirtual/lib/python3.9/site-packages/airflow/example_dags/example_branch_operator.py
[2024-12-14 16:08:11,525] {logging_mixin.py:115} INFO - [2024-12-14 16:08:11,524] {dag.py:2379} INFO - Sync 1 DAGs
[2024-12-14 16:08:11,549] {logging_mixin.py:115} INFO - [2024-12-14 16:08:11,549] {dag.py:2927} INFO - Setting next_dagrun for example_branch_operator to 2024-12-13T00:00:00+00:00, run_after=2024-12-14T00:00:00+00:00
[2024-12-14 16:08:11,568] {processor.py:161} INFO - Processing /home/dev/curso/ambientevirtual/lib/python3.9/site-packages/airflow/example_dags/example_branch_operator.py took 0.091 seconds
[2024-12-14 16:08:52,803] {processor.py:153} INFO - Started process (PID=52578) to work on /home/dev/curso/ambientevirtual/lib/python3.9/site-packages/airflow/example_dags/example_branch_operator.py
[2024-12-14 16:08:52,804] {processor.py:641} INFO - Processing file /home/dev/curso/ambientevirtual/lib/python3.9/site-packages/airflow/example_dags/example_branch_operator.py for tasks to queue
[2024-12-14 16:08:52,805] {logging_mixin.py:115} INFO - [2024-12-14 16:08:52,804] {dagbag.py:507} INFO - Filling up the DagBag from /home/dev/curso/ambientevirtual/lib/python3.9/site-packages/airflow/example_dags/example_branch_operator.py
[2024-12-14 16:08:52,816] {processor.py:651} INFO - DAG(s) dict_keys(['example_branch_operator']) retrieved from /home/dev/curso/ambientevirtual/lib/python3.9/site-packages/airflow/example_dags/example_branch_operator.py
[2024-12-14 16:08:52,836] {logging_mixin.py:115} INFO - [2024-12-14 16:08:52,836] {dag.py:2379} INFO - Sync 1 DAGs
[2024-12-14 16:08:52,857] {logging_mixin.py:115} INFO - [2024-12-14 16:08:52,857] {dag.py:2927} INFO - Setting next_dagrun for example_branch_operator to 2024-12-13T00:00:00+00:00, run_after=2024-12-14T00:00:00+00:00
[2024-12-14 16:08:52,874] {processor.py:161} INFO - Processing /home/dev/curso/ambientevirtual/lib/python3.9/site-packages/airflow/example_dags/example_branch_operator.py took 0.074 seconds
[2024-12-14 16:09:35,486] {processor.py:153} INFO - Started process (PID=52737) to work on /home/dev/curso/ambientevirtual/lib/python3.9/site-packages/airflow/example_dags/example_branch_operator.py
[2024-12-14 16:09:35,488] {processor.py:641} INFO - Processing file /home/dev/curso/ambientevirtual/lib/python3.9/site-packages/airflow/example_dags/example_branch_operator.py for tasks to queue
[2024-12-14 16:09:35,488] {logging_mixin.py:115} INFO - [2024-12-14 16:09:35,488] {dagbag.py:507} INFO - Filling up the DagBag from /home/dev/curso/ambientevirtual/lib/python3.9/site-packages/airflow/example_dags/example_branch_operator.py
[2024-12-14 16:09:35,501] {processor.py:651} INFO - DAG(s) dict_keys(['example_branch_operator']) retrieved from /home/dev/curso/ambientevirtual/lib/python3.9/site-packages/airflow/example_dags/example_branch_operator.py
[2024-12-14 16:09:35,525] {logging_mixin.py:115} INFO - [2024-12-14 16:09:35,525] {dag.py:2379} INFO - Sync 1 DAGs
[2024-12-14 16:09:35,547] {logging_mixin.py:115} INFO - [2024-12-14 16:09:35,547] {dag.py:2927} INFO - Setting next_dagrun for example_branch_operator to 2024-12-13T00:00:00+00:00, run_after=2024-12-14T00:00:00+00:00
[2024-12-14 16:09:35,564] {processor.py:161} INFO - Processing /home/dev/curso/ambientevirtual/lib/python3.9/site-packages/airflow/example_dags/example_branch_operator.py took 0.081 seconds
[2024-12-14 16:10:10,067] {processor.py:153} INFO - Started process (PID=52861) to work on /home/dev/curso/ambientevirtual/lib/python3.9/site-packages/airflow/example_dags/example_branch_operator.py
[2024-12-14 16:10:10,068] {processor.py:641} INFO - Processing file /home/dev/curso/ambientevirtual/lib/python3.9/site-packages/airflow/example_dags/example_branch_operator.py for tasks to queue
[2024-12-14 16:10:10,069] {logging_mixin.py:115} INFO - [2024-12-14 16:10:10,068] {dagbag.py:507} INFO - Filling up the DagBag from /home/dev/curso/ambientevirtual/lib/python3.9/site-packages/airflow/example_dags/example_branch_operator.py
[2024-12-14 16:10:10,089] {processor.py:651} INFO - DAG(s) dict_keys(['example_branch_operator']) retrieved from /home/dev/curso/ambientevirtual/lib/python3.9/site-packages/airflow/example_dags/example_branch_operator.py
[2024-12-14 16:10:10,111] {logging_mixin.py:115} INFO - [2024-12-14 16:10:10,110] {dag.py:2379} INFO - Sync 1 DAGs
[2024-12-14 16:10:10,132] {logging_mixin.py:115} INFO - [2024-12-14 16:10:10,132] {dag.py:2927} INFO - Setting next_dagrun for example_branch_operator to 2024-12-13T00:00:00+00:00, run_after=2024-12-14T00:00:00+00:00
[2024-12-14 16:10:10,149] {processor.py:161} INFO - Processing /home/dev/curso/ambientevirtual/lib/python3.9/site-packages/airflow/example_dags/example_branch_operator.py took 0.089 seconds
[2024-12-14 16:10:49,424] {processor.py:153} INFO - Started process (PID=53121) to work on /home/dev/curso/ambientevirtual/lib/python3.9/site-packages/airflow/example_dags/example_branch_operator.py
[2024-12-14 16:10:49,426] {processor.py:641} INFO - Processing file /home/dev/curso/ambientevirtual/lib/python3.9/site-packages/airflow/example_dags/example_branch_operator.py for tasks to queue
[2024-12-14 16:10:49,427] {logging_mixin.py:115} INFO - [2024-12-14 16:10:49,427] {dagbag.py:507} INFO - Filling up the DagBag from /home/dev/curso/ambientevirtual/lib/python3.9/site-packages/airflow/example_dags/example_branch_operator.py
[2024-12-14 16:10:49,442] {processor.py:651} INFO - DAG(s) dict_keys(['example_branch_operator']) retrieved from /home/dev/curso/ambientevirtual/lib/python3.9/site-packages/airflow/example_dags/example_branch_operator.py
[2024-12-14 16:10:49,464] {logging_mixin.py:115} INFO - [2024-12-14 16:10:49,464] {dag.py:2379} INFO - Sync 1 DAGs
[2024-12-14 16:10:49,486] {logging_mixin.py:115} INFO - [2024-12-14 16:10:49,486] {dag.py:2927} INFO - Setting next_dagrun for example_branch_operator to 2024-12-13T00:00:00+00:00, run_after=2024-12-14T00:00:00+00:00
[2024-12-14 16:10:49,503] {processor.py:161} INFO - Processing /home/dev/curso/ambientevirtual/lib/python3.9/site-packages/airflow/example_dags/example_branch_operator.py took 0.086 seconds
[2024-12-14 16:11:26,126] {processor.py:153} INFO - Started process (PID=53259) to work on /home/dev/curso/ambientevirtual/lib/python3.9/site-packages/airflow/example_dags/example_branch_operator.py
[2024-12-14 16:11:26,127] {processor.py:641} INFO - Processing file /home/dev/curso/ambientevirtual/lib/python3.9/site-packages/airflow/example_dags/example_branch_operator.py for tasks to queue
[2024-12-14 16:11:26,127] {logging_mixin.py:115} INFO - [2024-12-14 16:11:26,127] {dagbag.py:507} INFO - Filling up the DagBag from /home/dev/curso/ambientevirtual/lib/python3.9/site-packages/airflow/example_dags/example_branch_operator.py
[2024-12-14 16:11:26,144] {processor.py:651} INFO - DAG(s) dict_keys(['example_branch_operator']) retrieved from /home/dev/curso/ambientevirtual/lib/python3.9/site-packages/airflow/example_dags/example_branch_operator.py
[2024-12-14 16:11:26,170] {logging_mixin.py:115} INFO - [2024-12-14 16:11:26,169] {dag.py:2379} INFO - Sync 1 DAGs
[2024-12-14 16:11:26,192] {logging_mixin.py:115} INFO - [2024-12-14 16:11:26,192] {dag.py:2927} INFO - Setting next_dagrun for example_branch_operator to 2024-12-13T00:00:00+00:00, run_after=2024-12-14T00:00:00+00:00
[2024-12-14 16:11:26,215] {processor.py:161} INFO - Processing /home/dev/curso/ambientevirtual/lib/python3.9/site-packages/airflow/example_dags/example_branch_operator.py took 0.093 seconds
