[2024-12-14 15:51:44,785] {processor.py:153} INFO - Started process (PID=48016) to work on /home/dev/curso/ambientevirtual/lib/python3.9/site-packages/airflow/example_dags/example_short_circuit_operator.py
[2024-12-14 15:51:44,786] {processor.py:641} INFO - Processing file /home/dev/curso/ambientevirtual/lib/python3.9/site-packages/airflow/example_dags/example_short_circuit_operator.py for tasks to queue
[2024-12-14 15:51:44,786] {logging_mixin.py:115} INFO - [2024-12-14 15:51:44,786] {dagbag.py:507} INFO - Filling up the DagBag from /home/dev/curso/ambientevirtual/lib/python3.9/site-packages/airflow/example_dags/example_short_circuit_operator.py
[2024-12-14 15:51:44,797] {processor.py:651} INFO - DAG(s) dict_keys(['example_short_circuit_operator']) retrieved from /home/dev/curso/ambientevirtual/lib/python3.9/site-packages/airflow/example_dags/example_short_circuit_operator.py
[2024-12-14 15:51:44,886] {logging_mixin.py:115} INFO - [2024-12-14 15:51:44,886] {manager.py:508} INFO - Created Permission View: can delete on DAG:example_short_circuit_operator
[2024-12-14 15:51:44,899] {logging_mixin.py:115} INFO - [2024-12-14 15:51:44,898] {manager.py:508} INFO - Created Permission View: can edit on DAG:example_short_circuit_operator
[2024-12-14 15:51:44,909] {logging_mixin.py:115} INFO - [2024-12-14 15:51:44,909] {manager.py:508} INFO - Created Permission View: can read on DAG:example_short_circuit_operator
[2024-12-14 15:51:44,909] {logging_mixin.py:115} INFO - [2024-12-14 15:51:44,909] {dag.py:2379} INFO - Sync 1 DAGs
[2024-12-14 15:51:44,917] {logging_mixin.py:115} INFO - [2024-12-14 15:51:44,917] {dag.py:2398} INFO - Creating ORM DAG for example_short_circuit_operator
[2024-12-14 15:51:44,926] {logging_mixin.py:115} INFO - [2024-12-14 15:51:44,926] {dag.py:2927} INFO - Setting next_dagrun for example_short_circuit_operator to 2024-12-13T18:51:44.926171+00:00, run_after=2024-12-14T18:51:44.926171+00:00
[2024-12-14 15:51:44,947] {processor.py:161} INFO - Processing /home/dev/curso/ambientevirtual/lib/python3.9/site-packages/airflow/example_dags/example_short_circuit_operator.py took 0.165 seconds
[2024-12-14 15:52:22,375] {processor.py:153} INFO - Started process (PID=48328) to work on /home/dev/curso/ambientevirtual/lib/python3.9/site-packages/airflow/example_dags/example_short_circuit_operator.py
[2024-12-14 15:52:22,376] {processor.py:641} INFO - Processing file /home/dev/curso/ambientevirtual/lib/python3.9/site-packages/airflow/example_dags/example_short_circuit_operator.py for tasks to queue
[2024-12-14 15:52:22,376] {logging_mixin.py:115} INFO - [2024-12-14 15:52:22,376] {dagbag.py:507} INFO - Filling up the DagBag from /home/dev/curso/ambientevirtual/lib/python3.9/site-packages/airflow/example_dags/example_short_circuit_operator.py
[2024-12-14 15:52:22,388] {processor.py:651} INFO - DAG(s) dict_keys(['example_short_circuit_operator']) retrieved from /home/dev/curso/ambientevirtual/lib/python3.9/site-packages/airflow/example_dags/example_short_circuit_operator.py
[2024-12-14 15:52:22,410] {logging_mixin.py:115} INFO - [2024-12-14 15:52:22,410] {dag.py:2379} INFO - Sync 1 DAGs
[2024-12-14 15:52:22,430] {logging_mixin.py:115} INFO - [2024-12-14 15:52:22,430] {dag.py:2927} INFO - Setting next_dagrun for example_short_circuit_operator to 2024-12-13T18:52:22.430502+00:00, run_after=2024-12-14T18:52:22.430502+00:00
[2024-12-14 15:52:22,447] {processor.py:161} INFO - Processing /home/dev/curso/ambientevirtual/lib/python3.9/site-packages/airflow/example_dags/example_short_circuit_operator.py took 0.076 seconds
[2024-12-14 15:52:58,513] {processor.py:153} INFO - Started process (PID=48461) to work on /home/dev/curso/ambientevirtual/lib/python3.9/site-packages/airflow/example_dags/example_short_circuit_operator.py
[2024-12-14 15:52:58,515] {processor.py:641} INFO - Processing file /home/dev/curso/ambientevirtual/lib/python3.9/site-packages/airflow/example_dags/example_short_circuit_operator.py for tasks to queue
[2024-12-14 15:52:58,516] {logging_mixin.py:115} INFO - [2024-12-14 15:52:58,516] {dagbag.py:507} INFO - Filling up the DagBag from /home/dev/curso/ambientevirtual/lib/python3.9/site-packages/airflow/example_dags/example_short_circuit_operator.py
[2024-12-14 15:52:58,527] {processor.py:651} INFO - DAG(s) dict_keys(['example_short_circuit_operator']) retrieved from /home/dev/curso/ambientevirtual/lib/python3.9/site-packages/airflow/example_dags/example_short_circuit_operator.py
[2024-12-14 15:52:58,548] {logging_mixin.py:115} INFO - [2024-12-14 15:52:58,548] {dag.py:2379} INFO - Sync 1 DAGs
[2024-12-14 15:52:58,577] {logging_mixin.py:115} INFO - [2024-12-14 15:52:58,577] {dag.py:2927} INFO - Setting next_dagrun for example_short_circuit_operator to 2024-12-13T18:52:58.577313+00:00, run_after=2024-12-14T18:52:58.577313+00:00
[2024-12-14 15:52:58,593] {processor.py:161} INFO - Processing /home/dev/curso/ambientevirtual/lib/python3.9/site-packages/airflow/example_dags/example_short_circuit_operator.py took 0.086 seconds
[2024-12-14 15:53:33,764] {processor.py:153} INFO - Started process (PID=48591) to work on /home/dev/curso/ambientevirtual/lib/python3.9/site-packages/airflow/example_dags/example_short_circuit_operator.py
[2024-12-14 15:53:33,764] {processor.py:641} INFO - Processing file /home/dev/curso/ambientevirtual/lib/python3.9/site-packages/airflow/example_dags/example_short_circuit_operator.py for tasks to queue
[2024-12-14 15:53:33,765] {logging_mixin.py:115} INFO - [2024-12-14 15:53:33,765] {dagbag.py:507} INFO - Filling up the DagBag from /home/dev/curso/ambientevirtual/lib/python3.9/site-packages/airflow/example_dags/example_short_circuit_operator.py
[2024-12-14 15:53:33,775] {processor.py:651} INFO - DAG(s) dict_keys(['example_short_circuit_operator']) retrieved from /home/dev/curso/ambientevirtual/lib/python3.9/site-packages/airflow/example_dags/example_short_circuit_operator.py
[2024-12-14 15:53:33,796] {logging_mixin.py:115} INFO - [2024-12-14 15:53:33,796] {dag.py:2379} INFO - Sync 1 DAGs
[2024-12-14 15:53:33,814] {logging_mixin.py:115} INFO - [2024-12-14 15:53:33,813] {dag.py:2927} INFO - Setting next_dagrun for example_short_circuit_operator to 2024-12-13T18:53:33.813701+00:00, run_after=2024-12-14T18:53:33.813701+00:00
[2024-12-14 15:53:33,829] {processor.py:161} INFO - Processing /home/dev/curso/ambientevirtual/lib/python3.9/site-packages/airflow/example_dags/example_short_circuit_operator.py took 0.069 seconds
[2024-12-14 15:54:10,026] {processor.py:153} INFO - Started process (PID=48721) to work on /home/dev/curso/ambientevirtual/lib/python3.9/site-packages/airflow/example_dags/example_short_circuit_operator.py
[2024-12-14 15:54:10,028] {processor.py:641} INFO - Processing file /home/dev/curso/ambientevirtual/lib/python3.9/site-packages/airflow/example_dags/example_short_circuit_operator.py for tasks to queue
[2024-12-14 15:54:10,029] {logging_mixin.py:115} INFO - [2024-12-14 15:54:10,028] {dagbag.py:507} INFO - Filling up the DagBag from /home/dev/curso/ambientevirtual/lib/python3.9/site-packages/airflow/example_dags/example_short_circuit_operator.py
[2024-12-14 15:54:10,047] {processor.py:651} INFO - DAG(s) dict_keys(['example_short_circuit_operator']) retrieved from /home/dev/curso/ambientevirtual/lib/python3.9/site-packages/airflow/example_dags/example_short_circuit_operator.py
[2024-12-14 15:54:10,067] {logging_mixin.py:115} INFO - [2024-12-14 15:54:10,067] {dag.py:2379} INFO - Sync 1 DAGs
[2024-12-14 15:54:10,085] {logging_mixin.py:115} INFO - [2024-12-14 15:54:10,085] {dag.py:2927} INFO - Setting next_dagrun for example_short_circuit_operator to 2024-12-13T18:54:10.084738+00:00, run_after=2024-12-14T18:54:10.084738+00:00
[2024-12-14 15:54:10,099] {processor.py:161} INFO - Processing /home/dev/curso/ambientevirtual/lib/python3.9/site-packages/airflow/example_dags/example_short_circuit_operator.py took 0.079 seconds
[2024-12-14 15:54:47,185] {processor.py:153} INFO - Started process (PID=48857) to work on /home/dev/curso/ambientevirtual/lib/python3.9/site-packages/airflow/example_dags/example_short_circuit_operator.py
[2024-12-14 15:54:47,187] {processor.py:641} INFO - Processing file /home/dev/curso/ambientevirtual/lib/python3.9/site-packages/airflow/example_dags/example_short_circuit_operator.py for tasks to queue
[2024-12-14 15:54:47,188] {logging_mixin.py:115} INFO - [2024-12-14 15:54:47,188] {dagbag.py:507} INFO - Filling up the DagBag from /home/dev/curso/ambientevirtual/lib/python3.9/site-packages/airflow/example_dags/example_short_circuit_operator.py
[2024-12-14 15:54:47,199] {processor.py:651} INFO - DAG(s) dict_keys(['example_short_circuit_operator']) retrieved from /home/dev/curso/ambientevirtual/lib/python3.9/site-packages/airflow/example_dags/example_short_circuit_operator.py
[2024-12-14 15:54:47,223] {logging_mixin.py:115} INFO - [2024-12-14 15:54:47,223] {dag.py:2379} INFO - Sync 1 DAGs
[2024-12-14 15:54:47,247] {logging_mixin.py:115} INFO - [2024-12-14 15:54:47,243] {dag.py:2927} INFO - Setting next_dagrun for example_short_circuit_operator to 2024-12-13T18:54:47.242967+00:00, run_after=2024-12-14T18:54:47.242967+00:00
[2024-12-14 15:54:47,268] {processor.py:161} INFO - Processing /home/dev/curso/ambientevirtual/lib/python3.9/site-packages/airflow/example_dags/example_short_circuit_operator.py took 0.088 seconds
[2024-12-14 15:55:21,496] {processor.py:153} INFO - Started process (PID=48981) to work on /home/dev/curso/ambientevirtual/lib/python3.9/site-packages/airflow/example_dags/example_short_circuit_operator.py
[2024-12-14 15:55:21,497] {processor.py:641} INFO - Processing file /home/dev/curso/ambientevirtual/lib/python3.9/site-packages/airflow/example_dags/example_short_circuit_operator.py for tasks to queue
[2024-12-14 15:55:21,499] {logging_mixin.py:115} INFO - [2024-12-14 15:55:21,498] {dagbag.py:507} INFO - Filling up the DagBag from /home/dev/curso/ambientevirtual/lib/python3.9/site-packages/airflow/example_dags/example_short_circuit_operator.py
[2024-12-14 15:55:21,518] {processor.py:651} INFO - DAG(s) dict_keys(['example_short_circuit_operator']) retrieved from /home/dev/curso/ambientevirtual/lib/python3.9/site-packages/airflow/example_dags/example_short_circuit_operator.py
[2024-12-14 15:55:21,541] {logging_mixin.py:115} INFO - [2024-12-14 15:55:21,541] {dag.py:2379} INFO - Sync 1 DAGs
[2024-12-14 15:55:21,562] {logging_mixin.py:115} INFO - [2024-12-14 15:55:21,562] {dag.py:2927} INFO - Setting next_dagrun for example_short_circuit_operator to 2024-12-13T18:55:21.561921+00:00, run_after=2024-12-14T18:55:21.561921+00:00
[2024-12-14 15:55:21,579] {processor.py:161} INFO - Processing /home/dev/curso/ambientevirtual/lib/python3.9/site-packages/airflow/example_dags/example_short_circuit_operator.py took 0.089 seconds
[2024-12-14 15:55:56,442] {processor.py:153} INFO - Started process (PID=49110) to work on /home/dev/curso/ambientevirtual/lib/python3.9/site-packages/airflow/example_dags/example_short_circuit_operator.py
[2024-12-14 15:55:56,444] {processor.py:641} INFO - Processing file /home/dev/curso/ambientevirtual/lib/python3.9/site-packages/airflow/example_dags/example_short_circuit_operator.py for tasks to queue
[2024-12-14 15:55:56,445] {logging_mixin.py:115} INFO - [2024-12-14 15:55:56,445] {dagbag.py:507} INFO - Filling up the DagBag from /home/dev/curso/ambientevirtual/lib/python3.9/site-packages/airflow/example_dags/example_short_circuit_operator.py
[2024-12-14 15:55:56,461] {processor.py:651} INFO - DAG(s) dict_keys(['example_short_circuit_operator']) retrieved from /home/dev/curso/ambientevirtual/lib/python3.9/site-packages/airflow/example_dags/example_short_circuit_operator.py
[2024-12-14 15:55:56,481] {logging_mixin.py:115} INFO - [2024-12-14 15:55:56,481] {dag.py:2379} INFO - Sync 1 DAGs
[2024-12-14 15:55:56,500] {logging_mixin.py:115} INFO - [2024-12-14 15:55:56,500] {dag.py:2927} INFO - Setting next_dagrun for example_short_circuit_operator to 2024-12-13T18:55:56.500137+00:00, run_after=2024-12-14T18:55:56.500137+00:00
[2024-12-14 15:55:56,517] {processor.py:161} INFO - Processing /home/dev/curso/ambientevirtual/lib/python3.9/site-packages/airflow/example_dags/example_short_circuit_operator.py took 0.081 seconds
[2024-12-14 15:56:31,362] {processor.py:153} INFO - Started process (PID=49238) to work on /home/dev/curso/ambientevirtual/lib/python3.9/site-packages/airflow/example_dags/example_short_circuit_operator.py
[2024-12-14 15:56:31,363] {processor.py:641} INFO - Processing file /home/dev/curso/ambientevirtual/lib/python3.9/site-packages/airflow/example_dags/example_short_circuit_operator.py for tasks to queue
[2024-12-14 15:56:31,363] {logging_mixin.py:115} INFO - [2024-12-14 15:56:31,363] {dagbag.py:507} INFO - Filling up the DagBag from /home/dev/curso/ambientevirtual/lib/python3.9/site-packages/airflow/example_dags/example_short_circuit_operator.py
[2024-12-14 15:56:31,379] {processor.py:651} INFO - DAG(s) dict_keys(['example_short_circuit_operator']) retrieved from /home/dev/curso/ambientevirtual/lib/python3.9/site-packages/airflow/example_dags/example_short_circuit_operator.py
[2024-12-14 15:56:31,406] {logging_mixin.py:115} INFO - [2024-12-14 15:56:31,406] {dag.py:2379} INFO - Sync 1 DAGs
[2024-12-14 15:56:31,434] {logging_mixin.py:115} INFO - [2024-12-14 15:56:31,434] {dag.py:2927} INFO - Setting next_dagrun for example_short_circuit_operator to 2024-12-13T18:56:31.433966+00:00, run_after=2024-12-14T18:56:31.433966+00:00
[2024-12-14 15:56:31,457] {processor.py:161} INFO - Processing /home/dev/curso/ambientevirtual/lib/python3.9/site-packages/airflow/example_dags/example_short_circuit_operator.py took 0.100 seconds
[2024-12-14 15:57:07,320] {processor.py:153} INFO - Started process (PID=49426) to work on /home/dev/curso/ambientevirtual/lib/python3.9/site-packages/airflow/example_dags/example_short_circuit_operator.py
[2024-12-14 15:57:07,322] {processor.py:641} INFO - Processing file /home/dev/curso/ambientevirtual/lib/python3.9/site-packages/airflow/example_dags/example_short_circuit_operator.py for tasks to queue
[2024-12-14 15:57:07,323] {logging_mixin.py:115} INFO - [2024-12-14 15:57:07,323] {dagbag.py:507} INFO - Filling up the DagBag from /home/dev/curso/ambientevirtual/lib/python3.9/site-packages/airflow/example_dags/example_short_circuit_operator.py
[2024-12-14 15:57:07,337] {processor.py:651} INFO - DAG(s) dict_keys(['example_short_circuit_operator']) retrieved from /home/dev/curso/ambientevirtual/lib/python3.9/site-packages/airflow/example_dags/example_short_circuit_operator.py
[2024-12-14 15:57:07,366] {logging_mixin.py:115} INFO - [2024-12-14 15:57:07,365] {dag.py:2379} INFO - Sync 1 DAGs
[2024-12-14 15:57:07,387] {logging_mixin.py:115} INFO - [2024-12-14 15:57:07,387] {dag.py:2927} INFO - Setting next_dagrun for example_short_circuit_operator to 2024-12-13T18:57:07.387101+00:00, run_after=2024-12-14T18:57:07.387101+00:00
[2024-12-14 15:57:07,414] {processor.py:161} INFO - Processing /home/dev/curso/ambientevirtual/lib/python3.9/site-packages/airflow/example_dags/example_short_circuit_operator.py took 0.098 seconds
[2024-12-14 15:57:47,364] {processor.py:153} INFO - Started process (PID=49576) to work on /home/dev/curso/ambientevirtual/lib/python3.9/site-packages/airflow/example_dags/example_short_circuit_operator.py
[2024-12-14 15:57:47,365] {processor.py:641} INFO - Processing file /home/dev/curso/ambientevirtual/lib/python3.9/site-packages/airflow/example_dags/example_short_circuit_operator.py for tasks to queue
[2024-12-14 15:57:47,366] {logging_mixin.py:115} INFO - [2024-12-14 15:57:47,366] {dagbag.py:507} INFO - Filling up the DagBag from /home/dev/curso/ambientevirtual/lib/python3.9/site-packages/airflow/example_dags/example_short_circuit_operator.py
[2024-12-14 15:57:47,378] {processor.py:651} INFO - DAG(s) dict_keys(['example_short_circuit_operator']) retrieved from /home/dev/curso/ambientevirtual/lib/python3.9/site-packages/airflow/example_dags/example_short_circuit_operator.py
[2024-12-14 15:57:47,403] {logging_mixin.py:115} INFO - [2024-12-14 15:57:47,403] {dag.py:2379} INFO - Sync 1 DAGs
[2024-12-14 15:57:47,427] {logging_mixin.py:115} INFO - [2024-12-14 15:57:47,427] {dag.py:2927} INFO - Setting next_dagrun for example_short_circuit_operator to 2024-12-13T18:57:47.427234+00:00, run_after=2024-12-14T18:57:47.427234+00:00
[2024-12-14 15:57:47,450] {processor.py:161} INFO - Processing /home/dev/curso/ambientevirtual/lib/python3.9/site-packages/airflow/example_dags/example_short_circuit_operator.py took 0.090 seconds
[2024-12-14 15:58:24,992] {processor.py:153} INFO - Started process (PID=49714) to work on /home/dev/curso/ambientevirtual/lib/python3.9/site-packages/airflow/example_dags/example_short_circuit_operator.py
[2024-12-14 15:58:24,993] {processor.py:641} INFO - Processing file /home/dev/curso/ambientevirtual/lib/python3.9/site-packages/airflow/example_dags/example_short_circuit_operator.py for tasks to queue
[2024-12-14 15:58:24,994] {logging_mixin.py:115} INFO - [2024-12-14 15:58:24,994] {dagbag.py:507} INFO - Filling up the DagBag from /home/dev/curso/ambientevirtual/lib/python3.9/site-packages/airflow/example_dags/example_short_circuit_operator.py
[2024-12-14 15:58:25,007] {processor.py:651} INFO - DAG(s) dict_keys(['example_short_circuit_operator']) retrieved from /home/dev/curso/ambientevirtual/lib/python3.9/site-packages/airflow/example_dags/example_short_circuit_operator.py
[2024-12-14 15:58:25,042] {logging_mixin.py:115} INFO - [2024-12-14 15:58:25,042] {dag.py:2379} INFO - Sync 1 DAGs
[2024-12-14 15:58:25,079] {logging_mixin.py:115} INFO - [2024-12-14 15:58:25,079] {dag.py:2927} INFO - Setting next_dagrun for example_short_circuit_operator to 2024-12-13T18:58:25.078851+00:00, run_after=2024-12-14T18:58:25.078851+00:00
[2024-12-14 15:58:25,107] {processor.py:161} INFO - Processing /home/dev/curso/ambientevirtual/lib/python3.9/site-packages/airflow/example_dags/example_short_circuit_operator.py took 0.121 seconds
[2024-12-14 15:59:04,249] {processor.py:153} INFO - Started process (PID=49852) to work on /home/dev/curso/ambientevirtual/lib/python3.9/site-packages/airflow/example_dags/example_short_circuit_operator.py
[2024-12-14 15:59:04,250] {processor.py:641} INFO - Processing file /home/dev/curso/ambientevirtual/lib/python3.9/site-packages/airflow/example_dags/example_short_circuit_operator.py for tasks to queue
[2024-12-14 15:59:04,251] {logging_mixin.py:115} INFO - [2024-12-14 15:59:04,251] {dagbag.py:507} INFO - Filling up the DagBag from /home/dev/curso/ambientevirtual/lib/python3.9/site-packages/airflow/example_dags/example_short_circuit_operator.py
[2024-12-14 15:59:04,263] {processor.py:651} INFO - DAG(s) dict_keys(['example_short_circuit_operator']) retrieved from /home/dev/curso/ambientevirtual/lib/python3.9/site-packages/airflow/example_dags/example_short_circuit_operator.py
[2024-12-14 15:59:04,284] {logging_mixin.py:115} INFO - [2024-12-14 15:59:04,284] {dag.py:2379} INFO - Sync 1 DAGs
[2024-12-14 15:59:04,304] {logging_mixin.py:115} INFO - [2024-12-14 15:59:04,303] {dag.py:2927} INFO - Setting next_dagrun for example_short_circuit_operator to 2024-12-13T18:59:04.303595+00:00, run_after=2024-12-14T18:59:04.303595+00:00
[2024-12-14 15:59:04,320] {processor.py:161} INFO - Processing /home/dev/curso/ambientevirtual/lib/python3.9/site-packages/airflow/example_dags/example_short_circuit_operator.py took 0.075 seconds
[2024-12-14 15:59:41,905] {processor.py:153} INFO - Started process (PID=49989) to work on /home/dev/curso/ambientevirtual/lib/python3.9/site-packages/airflow/example_dags/example_short_circuit_operator.py
[2024-12-14 15:59:41,906] {processor.py:641} INFO - Processing file /home/dev/curso/ambientevirtual/lib/python3.9/site-packages/airflow/example_dags/example_short_circuit_operator.py for tasks to queue
[2024-12-14 15:59:41,907] {logging_mixin.py:115} INFO - [2024-12-14 15:59:41,907] {dagbag.py:507} INFO - Filling up the DagBag from /home/dev/curso/ambientevirtual/lib/python3.9/site-packages/airflow/example_dags/example_short_circuit_operator.py
[2024-12-14 15:59:41,922] {processor.py:651} INFO - DAG(s) dict_keys(['example_short_circuit_operator']) retrieved from /home/dev/curso/ambientevirtual/lib/python3.9/site-packages/airflow/example_dags/example_short_circuit_operator.py
[2024-12-14 15:59:41,943] {logging_mixin.py:115} INFO - [2024-12-14 15:59:41,943] {dag.py:2379} INFO - Sync 1 DAGs
[2024-12-14 15:59:41,962] {logging_mixin.py:115} INFO - [2024-12-14 15:59:41,962] {dag.py:2927} INFO - Setting next_dagrun for example_short_circuit_operator to 2024-12-13T18:59:41.962233+00:00, run_after=2024-12-14T18:59:41.962233+00:00
[2024-12-14 15:59:41,981] {processor.py:161} INFO - Processing /home/dev/curso/ambientevirtual/lib/python3.9/site-packages/airflow/example_dags/example_short_circuit_operator.py took 0.082 seconds
[2024-12-14 16:00:16,485] {processor.py:153} INFO - Started process (PID=50115) to work on /home/dev/curso/ambientevirtual/lib/python3.9/site-packages/airflow/example_dags/example_short_circuit_operator.py
[2024-12-14 16:00:16,486] {processor.py:641} INFO - Processing file /home/dev/curso/ambientevirtual/lib/python3.9/site-packages/airflow/example_dags/example_short_circuit_operator.py for tasks to queue
[2024-12-14 16:00:16,487] {logging_mixin.py:115} INFO - [2024-12-14 16:00:16,487] {dagbag.py:507} INFO - Filling up the DagBag from /home/dev/curso/ambientevirtual/lib/python3.9/site-packages/airflow/example_dags/example_short_circuit_operator.py
[2024-12-14 16:00:16,497] {processor.py:651} INFO - DAG(s) dict_keys(['example_short_circuit_operator']) retrieved from /home/dev/curso/ambientevirtual/lib/python3.9/site-packages/airflow/example_dags/example_short_circuit_operator.py
[2024-12-14 16:00:16,519] {logging_mixin.py:115} INFO - [2024-12-14 16:00:16,519] {dag.py:2379} INFO - Sync 1 DAGs
[2024-12-14 16:00:16,539] {logging_mixin.py:115} INFO - [2024-12-14 16:00:16,539] {dag.py:2927} INFO - Setting next_dagrun for example_short_circuit_operator to 2024-12-13T19:00:16.539176+00:00, run_after=2024-12-14T19:00:16.539176+00:00
[2024-12-14 16:00:16,556] {processor.py:161} INFO - Processing /home/dev/curso/ambientevirtual/lib/python3.9/site-packages/airflow/example_dags/example_short_circuit_operator.py took 0.076 seconds
[2024-12-14 16:00:57,661] {processor.py:153} INFO - Started process (PID=50381) to work on /home/dev/curso/ambientevirtual/lib/python3.9/site-packages/airflow/example_dags/example_short_circuit_operator.py
[2024-12-14 16:00:57,664] {processor.py:641} INFO - Processing file /home/dev/curso/ambientevirtual/lib/python3.9/site-packages/airflow/example_dags/example_short_circuit_operator.py for tasks to queue
[2024-12-14 16:00:57,665] {logging_mixin.py:115} INFO - [2024-12-14 16:00:57,664] {dagbag.py:507} INFO - Filling up the DagBag from /home/dev/curso/ambientevirtual/lib/python3.9/site-packages/airflow/example_dags/example_short_circuit_operator.py
[2024-12-14 16:00:57,681] {processor.py:651} INFO - DAG(s) dict_keys(['example_short_circuit_operator']) retrieved from /home/dev/curso/ambientevirtual/lib/python3.9/site-packages/airflow/example_dags/example_short_circuit_operator.py
[2024-12-14 16:00:57,708] {logging_mixin.py:115} INFO - [2024-12-14 16:00:57,708] {dag.py:2379} INFO - Sync 1 DAGs
[2024-12-14 16:00:57,733] {logging_mixin.py:115} INFO - [2024-12-14 16:00:57,733] {dag.py:2927} INFO - Setting next_dagrun for example_short_circuit_operator to 2024-12-13T19:00:57.733382+00:00, run_after=2024-12-14T19:00:57.733382+00:00
[2024-12-14 16:00:57,753] {processor.py:161} INFO - Processing /home/dev/curso/ambientevirtual/lib/python3.9/site-packages/airflow/example_dags/example_short_circuit_operator.py took 0.097 seconds
[2024-12-14 16:01:36,255] {processor.py:153} INFO - Started process (PID=50582) to work on /home/dev/curso/ambientevirtual/lib/python3.9/site-packages/airflow/example_dags/example_short_circuit_operator.py
[2024-12-14 16:01:36,257] {processor.py:641} INFO - Processing file /home/dev/curso/ambientevirtual/lib/python3.9/site-packages/airflow/example_dags/example_short_circuit_operator.py for tasks to queue
[2024-12-14 16:01:36,257] {logging_mixin.py:115} INFO - [2024-12-14 16:01:36,257] {dagbag.py:507} INFO - Filling up the DagBag from /home/dev/curso/ambientevirtual/lib/python3.9/site-packages/airflow/example_dags/example_short_circuit_operator.py
[2024-12-14 16:01:36,270] {processor.py:651} INFO - DAG(s) dict_keys(['example_short_circuit_operator']) retrieved from /home/dev/curso/ambientevirtual/lib/python3.9/site-packages/airflow/example_dags/example_short_circuit_operator.py
[2024-12-14 16:01:36,293] {logging_mixin.py:115} INFO - [2024-12-14 16:01:36,293] {dag.py:2379} INFO - Sync 1 DAGs
[2024-12-14 16:01:36,316] {logging_mixin.py:115} INFO - [2024-12-14 16:01:36,316] {dag.py:2927} INFO - Setting next_dagrun for example_short_circuit_operator to 2024-12-13T19:01:36.316403+00:00, run_after=2024-12-14T19:01:36.316403+00:00
[2024-12-14 16:01:36,335] {processor.py:161} INFO - Processing /home/dev/curso/ambientevirtual/lib/python3.9/site-packages/airflow/example_dags/example_short_circuit_operator.py took 0.085 seconds
[2024-12-14 16:02:15,039] {processor.py:153} INFO - Started process (PID=50779) to work on /home/dev/curso/ambientevirtual/lib/python3.9/site-packages/airflow/example_dags/example_short_circuit_operator.py
[2024-12-14 16:02:15,041] {processor.py:641} INFO - Processing file /home/dev/curso/ambientevirtual/lib/python3.9/site-packages/airflow/example_dags/example_short_circuit_operator.py for tasks to queue
[2024-12-14 16:02:15,042] {logging_mixin.py:115} INFO - [2024-12-14 16:02:15,042] {dagbag.py:507} INFO - Filling up the DagBag from /home/dev/curso/ambientevirtual/lib/python3.9/site-packages/airflow/example_dags/example_short_circuit_operator.py
[2024-12-14 16:02:15,062] {processor.py:651} INFO - DAG(s) dict_keys(['example_short_circuit_operator']) retrieved from /home/dev/curso/ambientevirtual/lib/python3.9/site-packages/airflow/example_dags/example_short_circuit_operator.py
[2024-12-14 16:02:15,084] {logging_mixin.py:115} INFO - [2024-12-14 16:02:15,084] {dag.py:2379} INFO - Sync 1 DAGs
[2024-12-14 16:02:15,103] {logging_mixin.py:115} INFO - [2024-12-14 16:02:15,103] {dag.py:2927} INFO - Setting next_dagrun for example_short_circuit_operator to 2024-12-13T19:02:15.103283+00:00, run_after=2024-12-14T19:02:15.103283+00:00
[2024-12-14 16:02:15,121] {processor.py:161} INFO - Processing /home/dev/curso/ambientevirtual/lib/python3.9/site-packages/airflow/example_dags/example_short_circuit_operator.py took 0.088 seconds
[2024-12-14 16:02:50,067] {processor.py:153} INFO - Started process (PID=50910) to work on /home/dev/curso/ambientevirtual/lib/python3.9/site-packages/airflow/example_dags/example_short_circuit_operator.py
[2024-12-14 16:02:50,068] {processor.py:641} INFO - Processing file /home/dev/curso/ambientevirtual/lib/python3.9/site-packages/airflow/example_dags/example_short_circuit_operator.py for tasks to queue
[2024-12-14 16:02:50,069] {logging_mixin.py:115} INFO - [2024-12-14 16:02:50,069] {dagbag.py:507} INFO - Filling up the DagBag from /home/dev/curso/ambientevirtual/lib/python3.9/site-packages/airflow/example_dags/example_short_circuit_operator.py
[2024-12-14 16:02:50,092] {processor.py:651} INFO - DAG(s) dict_keys(['example_short_circuit_operator']) retrieved from /home/dev/curso/ambientevirtual/lib/python3.9/site-packages/airflow/example_dags/example_short_circuit_operator.py
[2024-12-14 16:02:50,115] {logging_mixin.py:115} INFO - [2024-12-14 16:02:50,115] {dag.py:2379} INFO - Sync 1 DAGs
[2024-12-14 16:02:50,135] {logging_mixin.py:115} INFO - [2024-12-14 16:02:50,135] {dag.py:2927} INFO - Setting next_dagrun for example_short_circuit_operator to 2024-12-13T19:02:50.135565+00:00, run_after=2024-12-14T19:02:50.135565+00:00
[2024-12-14 16:02:50,153] {processor.py:161} INFO - Processing /home/dev/curso/ambientevirtual/lib/python3.9/site-packages/airflow/example_dags/example_short_circuit_operator.py took 0.093 seconds
[2024-12-14 16:03:26,353] {processor.py:153} INFO - Started process (PID=51047) to work on /home/dev/curso/ambientevirtual/lib/python3.9/site-packages/airflow/example_dags/example_short_circuit_operator.py
[2024-12-14 16:03:26,354] {processor.py:641} INFO - Processing file /home/dev/curso/ambientevirtual/lib/python3.9/site-packages/airflow/example_dags/example_short_circuit_operator.py for tasks to queue
[2024-12-14 16:03:26,355] {logging_mixin.py:115} INFO - [2024-12-14 16:03:26,355] {dagbag.py:507} INFO - Filling up the DagBag from /home/dev/curso/ambientevirtual/lib/python3.9/site-packages/airflow/example_dags/example_short_circuit_operator.py
[2024-12-14 16:03:26,366] {processor.py:651} INFO - DAG(s) dict_keys(['example_short_circuit_operator']) retrieved from /home/dev/curso/ambientevirtual/lib/python3.9/site-packages/airflow/example_dags/example_short_circuit_operator.py
[2024-12-14 16:03:26,387] {logging_mixin.py:115} INFO - [2024-12-14 16:03:26,387] {dag.py:2379} INFO - Sync 1 DAGs
[2024-12-14 16:03:26,407] {logging_mixin.py:115} INFO - [2024-12-14 16:03:26,407] {dag.py:2927} INFO - Setting next_dagrun for example_short_circuit_operator to 2024-12-13T19:03:26.407080+00:00, run_after=2024-12-14T19:03:26.407080+00:00
[2024-12-14 16:03:26,424] {processor.py:161} INFO - Processing /home/dev/curso/ambientevirtual/lib/python3.9/site-packages/airflow/example_dags/example_short_circuit_operator.py took 0.075 seconds
[2024-12-14 16:04:03,688] {processor.py:153} INFO - Started process (PID=51184) to work on /home/dev/curso/ambientevirtual/lib/python3.9/site-packages/airflow/example_dags/example_short_circuit_operator.py
[2024-12-14 16:04:03,689] {processor.py:641} INFO - Processing file /home/dev/curso/ambientevirtual/lib/python3.9/site-packages/airflow/example_dags/example_short_circuit_operator.py for tasks to queue
[2024-12-14 16:04:03,689] {logging_mixin.py:115} INFO - [2024-12-14 16:04:03,689] {dagbag.py:507} INFO - Filling up the DagBag from /home/dev/curso/ambientevirtual/lib/python3.9/site-packages/airflow/example_dags/example_short_circuit_operator.py
[2024-12-14 16:04:03,703] {processor.py:651} INFO - DAG(s) dict_keys(['example_short_circuit_operator']) retrieved from /home/dev/curso/ambientevirtual/lib/python3.9/site-packages/airflow/example_dags/example_short_circuit_operator.py
[2024-12-14 16:04:03,725] {logging_mixin.py:115} INFO - [2024-12-14 16:04:03,725] {dag.py:2379} INFO - Sync 1 DAGs
[2024-12-14 16:04:03,746] {logging_mixin.py:115} INFO - [2024-12-14 16:04:03,746] {dag.py:2927} INFO - Setting next_dagrun for example_short_circuit_operator to 2024-12-13T19:04:03.746417+00:00, run_after=2024-12-14T19:04:03.746417+00:00
[2024-12-14 16:04:03,764] {processor.py:161} INFO - Processing /home/dev/curso/ambientevirtual/lib/python3.9/site-packages/airflow/example_dags/example_short_circuit_operator.py took 0.081 seconds
[2024-12-14 16:04:39,784] {processor.py:153} INFO - Started process (PID=51313) to work on /home/dev/curso/ambientevirtual/lib/python3.9/site-packages/airflow/example_dags/example_short_circuit_operator.py
[2024-12-14 16:04:39,786] {processor.py:641} INFO - Processing file /home/dev/curso/ambientevirtual/lib/python3.9/site-packages/airflow/example_dags/example_short_circuit_operator.py for tasks to queue
[2024-12-14 16:04:39,787] {logging_mixin.py:115} INFO - [2024-12-14 16:04:39,787] {dagbag.py:507} INFO - Filling up the DagBag from /home/dev/curso/ambientevirtual/lib/python3.9/site-packages/airflow/example_dags/example_short_circuit_operator.py
[2024-12-14 16:04:39,807] {processor.py:651} INFO - DAG(s) dict_keys(['example_short_circuit_operator']) retrieved from /home/dev/curso/ambientevirtual/lib/python3.9/site-packages/airflow/example_dags/example_short_circuit_operator.py
[2024-12-14 16:04:39,836] {logging_mixin.py:115} INFO - [2024-12-14 16:04:39,836] {dag.py:2379} INFO - Sync 1 DAGs
[2024-12-14 16:04:39,856] {logging_mixin.py:115} INFO - [2024-12-14 16:04:39,856] {dag.py:2927} INFO - Setting next_dagrun for example_short_circuit_operator to 2024-12-13T19:04:39.856386+00:00, run_after=2024-12-14T19:04:39.856386+00:00
[2024-12-14 16:04:39,873] {processor.py:161} INFO - Processing /home/dev/curso/ambientevirtual/lib/python3.9/site-packages/airflow/example_dags/example_short_circuit_operator.py took 0.096 seconds
[2024-12-14 16:05:15,301] {processor.py:153} INFO - Started process (PID=51443) to work on /home/dev/curso/ambientevirtual/lib/python3.9/site-packages/airflow/example_dags/example_short_circuit_operator.py
[2024-12-14 16:05:15,303] {processor.py:641} INFO - Processing file /home/dev/curso/ambientevirtual/lib/python3.9/site-packages/airflow/example_dags/example_short_circuit_operator.py for tasks to queue
[2024-12-14 16:05:15,304] {logging_mixin.py:115} INFO - [2024-12-14 16:05:15,304] {dagbag.py:507} INFO - Filling up the DagBag from /home/dev/curso/ambientevirtual/lib/python3.9/site-packages/airflow/example_dags/example_short_circuit_operator.py
[2024-12-14 16:05:15,316] {processor.py:651} INFO - DAG(s) dict_keys(['example_short_circuit_operator']) retrieved from /home/dev/curso/ambientevirtual/lib/python3.9/site-packages/airflow/example_dags/example_short_circuit_operator.py
[2024-12-14 16:05:15,338] {logging_mixin.py:115} INFO - [2024-12-14 16:05:15,338] {dag.py:2379} INFO - Sync 1 DAGs
[2024-12-14 16:05:15,358] {logging_mixin.py:115} INFO - [2024-12-14 16:05:15,358] {dag.py:2927} INFO - Setting next_dagrun for example_short_circuit_operator to 2024-12-13T19:05:15.358223+00:00, run_after=2024-12-14T19:05:15.358223+00:00
[2024-12-14 16:05:15,377] {processor.py:161} INFO - Processing /home/dev/curso/ambientevirtual/lib/python3.9/site-packages/airflow/example_dags/example_short_circuit_operator.py took 0.082 seconds
[2024-12-14 16:05:49,822] {processor.py:153} INFO - Started process (PID=51565) to work on /home/dev/curso/ambientevirtual/lib/python3.9/site-packages/airflow/example_dags/example_short_circuit_operator.py
[2024-12-14 16:05:49,823] {processor.py:641} INFO - Processing file /home/dev/curso/ambientevirtual/lib/python3.9/site-packages/airflow/example_dags/example_short_circuit_operator.py for tasks to queue
[2024-12-14 16:05:49,824] {logging_mixin.py:115} INFO - [2024-12-14 16:05:49,824] {dagbag.py:507} INFO - Filling up the DagBag from /home/dev/curso/ambientevirtual/lib/python3.9/site-packages/airflow/example_dags/example_short_circuit_operator.py
[2024-12-14 16:05:49,837] {processor.py:651} INFO - DAG(s) dict_keys(['example_short_circuit_operator']) retrieved from /home/dev/curso/ambientevirtual/lib/python3.9/site-packages/airflow/example_dags/example_short_circuit_operator.py
[2024-12-14 16:05:49,859] {logging_mixin.py:115} INFO - [2024-12-14 16:05:49,859] {dag.py:2379} INFO - Sync 1 DAGs
[2024-12-14 16:05:49,885] {logging_mixin.py:115} INFO - [2024-12-14 16:05:49,885] {dag.py:2927} INFO - Setting next_dagrun for example_short_circuit_operator to 2024-12-13T19:05:49.884737+00:00, run_after=2024-12-14T19:05:49.884737+00:00
[2024-12-14 16:05:49,907] {processor.py:161} INFO - Processing /home/dev/curso/ambientevirtual/lib/python3.9/site-packages/airflow/example_dags/example_short_circuit_operator.py took 0.089 seconds
[2024-12-14 16:06:23,390] {processor.py:153} INFO - Started process (PID=51746) to work on /home/dev/curso/ambientevirtual/lib/python3.9/site-packages/airflow/example_dags/example_short_circuit_operator.py
[2024-12-14 16:06:23,391] {processor.py:641} INFO - Processing file /home/dev/curso/ambientevirtual/lib/python3.9/site-packages/airflow/example_dags/example_short_circuit_operator.py for tasks to queue
[2024-12-14 16:06:23,392] {logging_mixin.py:115} INFO - [2024-12-14 16:06:23,392] {dagbag.py:507} INFO - Filling up the DagBag from /home/dev/curso/ambientevirtual/lib/python3.9/site-packages/airflow/example_dags/example_short_circuit_operator.py
[2024-12-14 16:06:23,408] {processor.py:651} INFO - DAG(s) dict_keys(['example_short_circuit_operator']) retrieved from /home/dev/curso/ambientevirtual/lib/python3.9/site-packages/airflow/example_dags/example_short_circuit_operator.py
[2024-12-14 16:06:23,429] {logging_mixin.py:115} INFO - [2024-12-14 16:06:23,429] {dag.py:2379} INFO - Sync 1 DAGs
[2024-12-14 16:06:23,450] {logging_mixin.py:115} INFO - [2024-12-14 16:06:23,450] {dag.py:2927} INFO - Setting next_dagrun for example_short_circuit_operator to 2024-12-13T19:06:23.450320+00:00, run_after=2024-12-14T19:06:23.450320+00:00
[2024-12-14 16:06:23,468] {processor.py:161} INFO - Processing /home/dev/curso/ambientevirtual/lib/python3.9/site-packages/airflow/example_dags/example_short_circuit_operator.py took 0.085 seconds
[2024-12-14 16:07:01,548] {processor.py:153} INFO - Started process (PID=51881) to work on /home/dev/curso/ambientevirtual/lib/python3.9/site-packages/airflow/example_dags/example_short_circuit_operator.py
[2024-12-14 16:07:01,550] {processor.py:641} INFO - Processing file /home/dev/curso/ambientevirtual/lib/python3.9/site-packages/airflow/example_dags/example_short_circuit_operator.py for tasks to queue
[2024-12-14 16:07:01,551] {logging_mixin.py:115} INFO - [2024-12-14 16:07:01,551] {dagbag.py:507} INFO - Filling up the DagBag from /home/dev/curso/ambientevirtual/lib/python3.9/site-packages/airflow/example_dags/example_short_circuit_operator.py
[2024-12-14 16:07:01,571] {processor.py:651} INFO - DAG(s) dict_keys(['example_short_circuit_operator']) retrieved from /home/dev/curso/ambientevirtual/lib/python3.9/site-packages/airflow/example_dags/example_short_circuit_operator.py
[2024-12-14 16:07:01,595] {logging_mixin.py:115} INFO - [2024-12-14 16:07:01,595] {dag.py:2379} INFO - Sync 1 DAGs
[2024-12-14 16:07:01,618] {logging_mixin.py:115} INFO - [2024-12-14 16:07:01,618] {dag.py:2927} INFO - Setting next_dagrun for example_short_circuit_operator to 2024-12-13T19:07:01.618329+00:00, run_after=2024-12-14T19:07:01.618329+00:00
[2024-12-14 16:07:01,637] {processor.py:161} INFO - Processing /home/dev/curso/ambientevirtual/lib/python3.9/site-packages/airflow/example_dags/example_short_circuit_operator.py took 0.096 seconds
[2024-12-14 16:07:42,133] {processor.py:153} INFO - Started process (PID=52086) to work on /home/dev/curso/ambientevirtual/lib/python3.9/site-packages/airflow/example_dags/example_short_circuit_operator.py
[2024-12-14 16:07:42,136] {processor.py:641} INFO - Processing file /home/dev/curso/ambientevirtual/lib/python3.9/site-packages/airflow/example_dags/example_short_circuit_operator.py for tasks to queue
[2024-12-14 16:07:42,137] {logging_mixin.py:115} INFO - [2024-12-14 16:07:42,136] {dagbag.py:507} INFO - Filling up the DagBag from /home/dev/curso/ambientevirtual/lib/python3.9/site-packages/airflow/example_dags/example_short_circuit_operator.py
[2024-12-14 16:07:42,159] {processor.py:651} INFO - DAG(s) dict_keys(['example_short_circuit_operator']) retrieved from /home/dev/curso/ambientevirtual/lib/python3.9/site-packages/airflow/example_dags/example_short_circuit_operator.py
[2024-12-14 16:07:42,181] {logging_mixin.py:115} INFO - [2024-12-14 16:07:42,181] {dag.py:2379} INFO - Sync 1 DAGs
[2024-12-14 16:07:42,202] {logging_mixin.py:115} INFO - [2024-12-14 16:07:42,202] {dag.py:2927} INFO - Setting next_dagrun for example_short_circuit_operator to 2024-12-13T19:07:42.201788+00:00, run_after=2024-12-14T19:07:42.201788+00:00
[2024-12-14 16:07:42,218] {processor.py:161} INFO - Processing /home/dev/curso/ambientevirtual/lib/python3.9/site-packages/airflow/example_dags/example_short_circuit_operator.py took 0.092 seconds
[2024-12-14 16:08:16,638] {processor.py:153} INFO - Started process (PID=52218) to work on /home/dev/curso/ambientevirtual/lib/python3.9/site-packages/airflow/example_dags/example_short_circuit_operator.py
[2024-12-14 16:08:16,639] {processor.py:641} INFO - Processing file /home/dev/curso/ambientevirtual/lib/python3.9/site-packages/airflow/example_dags/example_short_circuit_operator.py for tasks to queue
[2024-12-14 16:08:16,640] {logging_mixin.py:115} INFO - [2024-12-14 16:08:16,640] {dagbag.py:507} INFO - Filling up the DagBag from /home/dev/curso/ambientevirtual/lib/python3.9/site-packages/airflow/example_dags/example_short_circuit_operator.py
[2024-12-14 16:08:16,661] {processor.py:651} INFO - DAG(s) dict_keys(['example_short_circuit_operator']) retrieved from /home/dev/curso/ambientevirtual/lib/python3.9/site-packages/airflow/example_dags/example_short_circuit_operator.py
[2024-12-14 16:08:16,699] {logging_mixin.py:115} INFO - [2024-12-14 16:08:16,699] {dag.py:2379} INFO - Sync 1 DAGs
[2024-12-14 16:08:16,733] {logging_mixin.py:115} INFO - [2024-12-14 16:08:16,732] {dag.py:2927} INFO - Setting next_dagrun for example_short_circuit_operator to 2024-12-13T19:08:16.732561+00:00, run_after=2024-12-14T19:08:16.732561+00:00
[2024-12-14 16:08:16,763] {processor.py:161} INFO - Processing /home/dev/curso/ambientevirtual/lib/python3.9/site-packages/airflow/example_dags/example_short_circuit_operator.py took 0.133 seconds
[2024-12-14 16:08:50,060] {processor.py:153} INFO - Started process (PID=52569) to work on /home/dev/curso/ambientevirtual/lib/python3.9/site-packages/airflow/example_dags/example_short_circuit_operator.py
[2024-12-14 16:08:50,061] {processor.py:641} INFO - Processing file /home/dev/curso/ambientevirtual/lib/python3.9/site-packages/airflow/example_dags/example_short_circuit_operator.py for tasks to queue
[2024-12-14 16:08:50,062] {logging_mixin.py:115} INFO - [2024-12-14 16:08:50,062] {dagbag.py:507} INFO - Filling up the DagBag from /home/dev/curso/ambientevirtual/lib/python3.9/site-packages/airflow/example_dags/example_short_circuit_operator.py
[2024-12-14 16:08:50,076] {processor.py:651} INFO - DAG(s) dict_keys(['example_short_circuit_operator']) retrieved from /home/dev/curso/ambientevirtual/lib/python3.9/site-packages/airflow/example_dags/example_short_circuit_operator.py
[2024-12-14 16:08:50,099] {logging_mixin.py:115} INFO - [2024-12-14 16:08:50,099] {dag.py:2379} INFO - Sync 1 DAGs
[2024-12-14 16:08:50,124] {logging_mixin.py:115} INFO - [2024-12-14 16:08:50,124] {dag.py:2927} INFO - Setting next_dagrun for example_short_circuit_operator to 2024-12-13T19:08:50.123768+00:00, run_after=2024-12-14T19:08:50.123768+00:00
[2024-12-14 16:08:50,142] {processor.py:161} INFO - Processing /home/dev/curso/ambientevirtual/lib/python3.9/site-packages/airflow/example_dags/example_short_circuit_operator.py took 0.087 seconds
[2024-12-14 16:09:24,245] {processor.py:153} INFO - Started process (PID=52691) to work on /home/dev/curso/ambientevirtual/lib/python3.9/site-packages/airflow/example_dags/example_short_circuit_operator.py
[2024-12-14 16:09:24,247] {processor.py:641} INFO - Processing file /home/dev/curso/ambientevirtual/lib/python3.9/site-packages/airflow/example_dags/example_short_circuit_operator.py for tasks to queue
[2024-12-14 16:09:24,248] {logging_mixin.py:115} INFO - [2024-12-14 16:09:24,248] {dagbag.py:507} INFO - Filling up the DagBag from /home/dev/curso/ambientevirtual/lib/python3.9/site-packages/airflow/example_dags/example_short_circuit_operator.py
[2024-12-14 16:09:24,267] {processor.py:651} INFO - DAG(s) dict_keys(['example_short_circuit_operator']) retrieved from /home/dev/curso/ambientevirtual/lib/python3.9/site-packages/airflow/example_dags/example_short_circuit_operator.py
[2024-12-14 16:09:24,292] {logging_mixin.py:115} INFO - [2024-12-14 16:09:24,291] {dag.py:2379} INFO - Sync 1 DAGs
[2024-12-14 16:09:24,313] {logging_mixin.py:115} INFO - [2024-12-14 16:09:24,313] {dag.py:2927} INFO - Setting next_dagrun for example_short_circuit_operator to 2024-12-13T19:09:24.312798+00:00, run_after=2024-12-14T19:09:24.312798+00:00
[2024-12-14 16:09:24,335] {processor.py:161} INFO - Processing /home/dev/curso/ambientevirtual/lib/python3.9/site-packages/airflow/example_dags/example_short_circuit_operator.py took 0.096 seconds
[2024-12-14 16:09:59,325] {processor.py:153} INFO - Started process (PID=52820) to work on /home/dev/curso/ambientevirtual/lib/python3.9/site-packages/airflow/example_dags/example_short_circuit_operator.py
[2024-12-14 16:09:59,326] {processor.py:641} INFO - Processing file /home/dev/curso/ambientevirtual/lib/python3.9/site-packages/airflow/example_dags/example_short_circuit_operator.py for tasks to queue
[2024-12-14 16:09:59,327] {logging_mixin.py:115} INFO - [2024-12-14 16:09:59,327] {dagbag.py:507} INFO - Filling up the DagBag from /home/dev/curso/ambientevirtual/lib/python3.9/site-packages/airflow/example_dags/example_short_circuit_operator.py
[2024-12-14 16:09:59,342] {processor.py:651} INFO - DAG(s) dict_keys(['example_short_circuit_operator']) retrieved from /home/dev/curso/ambientevirtual/lib/python3.9/site-packages/airflow/example_dags/example_short_circuit_operator.py
[2024-12-14 16:09:59,363] {logging_mixin.py:115} INFO - [2024-12-14 16:09:59,362] {dag.py:2379} INFO - Sync 1 DAGs
[2024-12-14 16:09:59,382] {logging_mixin.py:115} INFO - [2024-12-14 16:09:59,382] {dag.py:2927} INFO - Setting next_dagrun for example_short_circuit_operator to 2024-12-13T19:09:59.382323+00:00, run_after=2024-12-14T19:09:59.382323+00:00
[2024-12-14 16:09:59,399] {processor.py:161} INFO - Processing /home/dev/curso/ambientevirtual/lib/python3.9/site-packages/airflow/example_dags/example_short_circuit_operator.py took 0.081 seconds
[2024-12-14 16:10:38,038] {processor.py:153} INFO - Started process (PID=52967) to work on /home/dev/curso/ambientevirtual/lib/python3.9/site-packages/airflow/example_dags/example_short_circuit_operator.py
[2024-12-14 16:10:38,040] {processor.py:641} INFO - Processing file /home/dev/curso/ambientevirtual/lib/python3.9/site-packages/airflow/example_dags/example_short_circuit_operator.py for tasks to queue
[2024-12-14 16:10:38,041] {logging_mixin.py:115} INFO - [2024-12-14 16:10:38,040] {dagbag.py:507} INFO - Filling up the DagBag from /home/dev/curso/ambientevirtual/lib/python3.9/site-packages/airflow/example_dags/example_short_circuit_operator.py
[2024-12-14 16:10:38,052] {processor.py:651} INFO - DAG(s) dict_keys(['example_short_circuit_operator']) retrieved from /home/dev/curso/ambientevirtual/lib/python3.9/site-packages/airflow/example_dags/example_short_circuit_operator.py
[2024-12-14 16:10:38,073] {logging_mixin.py:115} INFO - [2024-12-14 16:10:38,073] {dag.py:2379} INFO - Sync 1 DAGs
[2024-12-14 16:10:38,093] {logging_mixin.py:115} INFO - [2024-12-14 16:10:38,093] {dag.py:2927} INFO - Setting next_dagrun for example_short_circuit_operator to 2024-12-13T19:10:38.093197+00:00, run_after=2024-12-14T19:10:38.093197+00:00
[2024-12-14 16:10:38,111] {processor.py:161} INFO - Processing /home/dev/curso/ambientevirtual/lib/python3.9/site-packages/airflow/example_dags/example_short_circuit_operator.py took 0.077 seconds
[2024-12-14 16:11:14,380] {processor.py:153} INFO - Started process (PID=53210) to work on /home/dev/curso/ambientevirtual/lib/python3.9/site-packages/airflow/example_dags/example_short_circuit_operator.py
[2024-12-14 16:11:14,382] {processor.py:641} INFO - Processing file /home/dev/curso/ambientevirtual/lib/python3.9/site-packages/airflow/example_dags/example_short_circuit_operator.py for tasks to queue
[2024-12-14 16:11:14,383] {logging_mixin.py:115} INFO - [2024-12-14 16:11:14,383] {dagbag.py:507} INFO - Filling up the DagBag from /home/dev/curso/ambientevirtual/lib/python3.9/site-packages/airflow/example_dags/example_short_circuit_operator.py
[2024-12-14 16:11:14,395] {processor.py:651} INFO - DAG(s) dict_keys(['example_short_circuit_operator']) retrieved from /home/dev/curso/ambientevirtual/lib/python3.9/site-packages/airflow/example_dags/example_short_circuit_operator.py
[2024-12-14 16:11:14,416] {logging_mixin.py:115} INFO - [2024-12-14 16:11:14,416] {dag.py:2379} INFO - Sync 1 DAGs
[2024-12-14 16:11:14,437] {logging_mixin.py:115} INFO - [2024-12-14 16:11:14,437] {dag.py:2927} INFO - Setting next_dagrun for example_short_circuit_operator to 2024-12-13T19:11:14.437129+00:00, run_after=2024-12-14T19:11:14.437129+00:00
[2024-12-14 16:11:14,456] {processor.py:161} INFO - Processing /home/dev/curso/ambientevirtual/lib/python3.9/site-packages/airflow/example_dags/example_short_circuit_operator.py took 0.082 seconds
