[2024-12-14 15:51:37,535] {processor.py:153} INFO - Started process (PID=47932) to work on /home/dev/curso/ambientevirtual/lib/python3.9/site-packages/airflow/example_dags/example_branch_python_dop_operator_3.py
[2024-12-14 15:51:37,535] {processor.py:641} INFO - Processing file /home/dev/curso/ambientevirtual/lib/python3.9/site-packages/airflow/example_dags/example_branch_python_dop_operator_3.py for tasks to queue
[2024-12-14 15:51:37,536] {logging_mixin.py:115} INFO - [2024-12-14 15:51:37,536] {dagbag.py:507} INFO - Filling up the DagBag from /home/dev/curso/ambientevirtual/lib/python3.9/site-packages/airflow/example_dags/example_branch_python_dop_operator_3.py
[2024-12-14 15:51:37,547] {processor.py:651} INFO - DAG(s) dict_keys(['example_branch_dop_operator_v3']) retrieved from /home/dev/curso/ambientevirtual/lib/python3.9/site-packages/airflow/example_dags/example_branch_python_dop_operator_3.py
[2024-12-14 15:51:37,626] {logging_mixin.py:115} INFO - [2024-12-14 15:51:37,626] {manager.py:508} INFO - Created Permission View: can delete on DAG:example_branch_dop_operator_v3
[2024-12-14 15:51:37,642] {logging_mixin.py:115} INFO - [2024-12-14 15:51:37,641] {manager.py:508} INFO - Created Permission View: can edit on DAG:example_branch_dop_operator_v3
[2024-12-14 15:51:37,660] {logging_mixin.py:115} INFO - [2024-12-14 15:51:37,660] {manager.py:508} INFO - Created Permission View: can read on DAG:example_branch_dop_operator_v3
[2024-12-14 15:51:37,660] {logging_mixin.py:115} INFO - [2024-12-14 15:51:37,660] {dag.py:2379} INFO - Sync 1 DAGs
[2024-12-14 15:51:37,670] {logging_mixin.py:115} INFO - [2024-12-14 15:51:37,669] {dag.py:2398} INFO - Creating ORM DAG for example_branch_dop_operator_v3
[2024-12-14 15:51:37,690] {logging_mixin.py:115} INFO - [2024-12-14 15:51:37,690] {dag.py:2927} INFO - Setting next_dagrun for example_branch_dop_operator_v3 to 2024-12-14T18:50:00+00:00, run_after=2024-12-14T18:51:00+00:00
[2024-12-14 15:51:37,715] {processor.py:161} INFO - Processing /home/dev/curso/ambientevirtual/lib/python3.9/site-packages/airflow/example_dags/example_branch_python_dop_operator_3.py took 0.183 seconds
[2024-12-14 15:52:14,972] {processor.py:153} INFO - Started process (PID=48300) to work on /home/dev/curso/ambientevirtual/lib/python3.9/site-packages/airflow/example_dags/example_branch_python_dop_operator_3.py
[2024-12-14 15:52:14,973] {processor.py:641} INFO - Processing file /home/dev/curso/ambientevirtual/lib/python3.9/site-packages/airflow/example_dags/example_branch_python_dop_operator_3.py for tasks to queue
[2024-12-14 15:52:14,974] {logging_mixin.py:115} INFO - [2024-12-14 15:52:14,974] {dagbag.py:507} INFO - Filling up the DagBag from /home/dev/curso/ambientevirtual/lib/python3.9/site-packages/airflow/example_dags/example_branch_python_dop_operator_3.py
[2024-12-14 15:52:14,988] {processor.py:651} INFO - DAG(s) dict_keys(['example_branch_dop_operator_v3']) retrieved from /home/dev/curso/ambientevirtual/lib/python3.9/site-packages/airflow/example_dags/example_branch_python_dop_operator_3.py
[2024-12-14 15:52:15,009] {logging_mixin.py:115} INFO - [2024-12-14 15:52:15,009] {dag.py:2379} INFO - Sync 1 DAGs
[2024-12-14 15:52:15,036] {logging_mixin.py:115} INFO - [2024-12-14 15:52:15,036] {dag.py:2927} INFO - Setting next_dagrun for example_branch_dop_operator_v3 to 2024-12-14T18:51:00+00:00, run_after=2024-12-14T18:52:00+00:00
[2024-12-14 15:52:15,054] {processor.py:161} INFO - Processing /home/dev/curso/ambientevirtual/lib/python3.9/site-packages/airflow/example_dags/example_branch_python_dop_operator_3.py took 0.089 seconds
[2024-12-14 15:52:51,105] {processor.py:153} INFO - Started process (PID=48430) to work on /home/dev/curso/ambientevirtual/lib/python3.9/site-packages/airflow/example_dags/example_branch_python_dop_operator_3.py
[2024-12-14 15:52:51,107] {processor.py:641} INFO - Processing file /home/dev/curso/ambientevirtual/lib/python3.9/site-packages/airflow/example_dags/example_branch_python_dop_operator_3.py for tasks to queue
[2024-12-14 15:52:51,108] {logging_mixin.py:115} INFO - [2024-12-14 15:52:51,108] {dagbag.py:507} INFO - Filling up the DagBag from /home/dev/curso/ambientevirtual/lib/python3.9/site-packages/airflow/example_dags/example_branch_python_dop_operator_3.py
[2024-12-14 15:52:51,125] {processor.py:651} INFO - DAG(s) dict_keys(['example_branch_dop_operator_v3']) retrieved from /home/dev/curso/ambientevirtual/lib/python3.9/site-packages/airflow/example_dags/example_branch_python_dop_operator_3.py
[2024-12-14 15:52:51,143] {logging_mixin.py:115} INFO - [2024-12-14 15:52:51,143] {dag.py:2379} INFO - Sync 1 DAGs
[2024-12-14 15:52:51,167] {logging_mixin.py:115} INFO - [2024-12-14 15:52:51,167] {dag.py:2927} INFO - Setting next_dagrun for example_branch_dop_operator_v3 to 2024-12-14T18:51:00+00:00, run_after=2024-12-14T18:52:00+00:00
[2024-12-14 15:52:51,183] {processor.py:161} INFO - Processing /home/dev/curso/ambientevirtual/lib/python3.9/site-packages/airflow/example_dags/example_branch_python_dop_operator_3.py took 0.085 seconds
[2024-12-14 15:53:27,644] {processor.py:153} INFO - Started process (PID=48566) to work on /home/dev/curso/ambientevirtual/lib/python3.9/site-packages/airflow/example_dags/example_branch_python_dop_operator_3.py
[2024-12-14 15:53:27,645] {processor.py:641} INFO - Processing file /home/dev/curso/ambientevirtual/lib/python3.9/site-packages/airflow/example_dags/example_branch_python_dop_operator_3.py for tasks to queue
[2024-12-14 15:53:27,646] {logging_mixin.py:115} INFO - [2024-12-14 15:53:27,645] {dagbag.py:507} INFO - Filling up the DagBag from /home/dev/curso/ambientevirtual/lib/python3.9/site-packages/airflow/example_dags/example_branch_python_dop_operator_3.py
[2024-12-14 15:53:27,658] {processor.py:651} INFO - DAG(s) dict_keys(['example_branch_dop_operator_v3']) retrieved from /home/dev/curso/ambientevirtual/lib/python3.9/site-packages/airflow/example_dags/example_branch_python_dop_operator_3.py
[2024-12-14 15:53:27,677] {logging_mixin.py:115} INFO - [2024-12-14 15:53:27,677] {dag.py:2379} INFO - Sync 1 DAGs
[2024-12-14 15:53:27,701] {logging_mixin.py:115} INFO - [2024-12-14 15:53:27,701] {dag.py:2927} INFO - Setting next_dagrun for example_branch_dop_operator_v3 to 2024-12-14T18:52:00+00:00, run_after=2024-12-14T18:53:00+00:00
[2024-12-14 15:53:27,718] {processor.py:161} INFO - Processing /home/dev/curso/ambientevirtual/lib/python3.9/site-packages/airflow/example_dags/example_branch_python_dop_operator_3.py took 0.078 seconds
[2024-12-14 15:54:03,760] {processor.py:153} INFO - Started process (PID=48696) to work on /home/dev/curso/ambientevirtual/lib/python3.9/site-packages/airflow/example_dags/example_branch_python_dop_operator_3.py
[2024-12-14 15:54:03,762] {processor.py:641} INFO - Processing file /home/dev/curso/ambientevirtual/lib/python3.9/site-packages/airflow/example_dags/example_branch_python_dop_operator_3.py for tasks to queue
[2024-12-14 15:54:03,763] {logging_mixin.py:115} INFO - [2024-12-14 15:54:03,763] {dagbag.py:507} INFO - Filling up the DagBag from /home/dev/curso/ambientevirtual/lib/python3.9/site-packages/airflow/example_dags/example_branch_python_dop_operator_3.py
[2024-12-14 15:54:03,781] {processor.py:651} INFO - DAG(s) dict_keys(['example_branch_dop_operator_v3']) retrieved from /home/dev/curso/ambientevirtual/lib/python3.9/site-packages/airflow/example_dags/example_branch_python_dop_operator_3.py
[2024-12-14 15:54:03,799] {logging_mixin.py:115} INFO - [2024-12-14 15:54:03,799] {dag.py:2379} INFO - Sync 1 DAGs
[2024-12-14 15:54:03,824] {logging_mixin.py:115} INFO - [2024-12-14 15:54:03,824] {dag.py:2927} INFO - Setting next_dagrun for example_branch_dop_operator_v3 to 2024-12-14T18:53:00+00:00, run_after=2024-12-14T18:54:00+00:00
[2024-12-14 15:54:03,840] {processor.py:161} INFO - Processing /home/dev/curso/ambientevirtual/lib/python3.9/site-packages/airflow/example_dags/example_branch_python_dop_operator_3.py took 0.086 seconds
[2024-12-14 15:54:38,779] {processor.py:153} INFO - Started process (PID=48825) to work on /home/dev/curso/ambientevirtual/lib/python3.9/site-packages/airflow/example_dags/example_branch_python_dop_operator_3.py
[2024-12-14 15:54:38,780] {processor.py:641} INFO - Processing file /home/dev/curso/ambientevirtual/lib/python3.9/site-packages/airflow/example_dags/example_branch_python_dop_operator_3.py for tasks to queue
[2024-12-14 15:54:38,781] {logging_mixin.py:115} INFO - [2024-12-14 15:54:38,780] {dagbag.py:507} INFO - Filling up the DagBag from /home/dev/curso/ambientevirtual/lib/python3.9/site-packages/airflow/example_dags/example_branch_python_dop_operator_3.py
[2024-12-14 15:54:38,793] {processor.py:651} INFO - DAG(s) dict_keys(['example_branch_dop_operator_v3']) retrieved from /home/dev/curso/ambientevirtual/lib/python3.9/site-packages/airflow/example_dags/example_branch_python_dop_operator_3.py
[2024-12-14 15:54:38,818] {logging_mixin.py:115} INFO - [2024-12-14 15:54:38,818] {dag.py:2379} INFO - Sync 1 DAGs
[2024-12-14 15:54:38,850] {logging_mixin.py:115} INFO - [2024-12-14 15:54:38,850] {dag.py:2927} INFO - Setting next_dagrun for example_branch_dop_operator_v3 to 2024-12-14T18:53:00+00:00, run_after=2024-12-14T18:54:00+00:00
[2024-12-14 15:54:38,875] {processor.py:161} INFO - Processing /home/dev/curso/ambientevirtual/lib/python3.9/site-packages/airflow/example_dags/example_branch_python_dop_operator_3.py took 0.100 seconds
[2024-12-14 15:55:12,496] {processor.py:153} INFO - Started process (PID=48947) to work on /home/dev/curso/ambientevirtual/lib/python3.9/site-packages/airflow/example_dags/example_branch_python_dop_operator_3.py
[2024-12-14 15:55:12,498] {processor.py:641} INFO - Processing file /home/dev/curso/ambientevirtual/lib/python3.9/site-packages/airflow/example_dags/example_branch_python_dop_operator_3.py for tasks to queue
[2024-12-14 15:55:12,499] {logging_mixin.py:115} INFO - [2024-12-14 15:55:12,499] {dagbag.py:507} INFO - Filling up the DagBag from /home/dev/curso/ambientevirtual/lib/python3.9/site-packages/airflow/example_dags/example_branch_python_dop_operator_3.py
[2024-12-14 15:55:12,517] {processor.py:651} INFO - DAG(s) dict_keys(['example_branch_dop_operator_v3']) retrieved from /home/dev/curso/ambientevirtual/lib/python3.9/site-packages/airflow/example_dags/example_branch_python_dop_operator_3.py
[2024-12-14 15:55:12,536] {logging_mixin.py:115} INFO - [2024-12-14 15:55:12,536] {dag.py:2379} INFO - Sync 1 DAGs
[2024-12-14 15:55:12,562] {logging_mixin.py:115} INFO - [2024-12-14 15:55:12,562] {dag.py:2927} INFO - Setting next_dagrun for example_branch_dop_operator_v3 to 2024-12-14T18:54:00+00:00, run_after=2024-12-14T18:55:00+00:00
[2024-12-14 15:55:12,580] {processor.py:161} INFO - Processing /home/dev/curso/ambientevirtual/lib/python3.9/site-packages/airflow/example_dags/example_branch_python_dop_operator_3.py took 0.090 seconds
[2024-12-14 15:55:46,314] {processor.py:153} INFO - Started process (PID=49072) to work on /home/dev/curso/ambientevirtual/lib/python3.9/site-packages/airflow/example_dags/example_branch_python_dop_operator_3.py
[2024-12-14 15:55:46,314] {processor.py:641} INFO - Processing file /home/dev/curso/ambientevirtual/lib/python3.9/site-packages/airflow/example_dags/example_branch_python_dop_operator_3.py for tasks to queue
[2024-12-14 15:55:46,315] {logging_mixin.py:115} INFO - [2024-12-14 15:55:46,315] {dagbag.py:507} INFO - Filling up the DagBag from /home/dev/curso/ambientevirtual/lib/python3.9/site-packages/airflow/example_dags/example_branch_python_dop_operator_3.py
[2024-12-14 15:55:46,328] {processor.py:651} INFO - DAG(s) dict_keys(['example_branch_dop_operator_v3']) retrieved from /home/dev/curso/ambientevirtual/lib/python3.9/site-packages/airflow/example_dags/example_branch_python_dop_operator_3.py
[2024-12-14 15:55:46,349] {logging_mixin.py:115} INFO - [2024-12-14 15:55:46,349] {dag.py:2379} INFO - Sync 1 DAGs
[2024-12-14 15:55:46,377] {logging_mixin.py:115} INFO - [2024-12-14 15:55:46,377] {dag.py:2927} INFO - Setting next_dagrun for example_branch_dop_operator_v3 to 2024-12-14T18:54:00+00:00, run_after=2024-12-14T18:55:00+00:00
[2024-12-14 15:55:46,397] {processor.py:161} INFO - Processing /home/dev/curso/ambientevirtual/lib/python3.9/site-packages/airflow/example_dags/example_branch_python_dop_operator_3.py took 0.088 seconds
[2024-12-14 15:56:22,118] {processor.py:153} INFO - Started process (PID=49205) to work on /home/dev/curso/ambientevirtual/lib/python3.9/site-packages/airflow/example_dags/example_branch_python_dop_operator_3.py
[2024-12-14 15:56:22,119] {processor.py:641} INFO - Processing file /home/dev/curso/ambientevirtual/lib/python3.9/site-packages/airflow/example_dags/example_branch_python_dop_operator_3.py for tasks to queue
[2024-12-14 15:56:22,120] {logging_mixin.py:115} INFO - [2024-12-14 15:56:22,120] {dagbag.py:507} INFO - Filling up the DagBag from /home/dev/curso/ambientevirtual/lib/python3.9/site-packages/airflow/example_dags/example_branch_python_dop_operator_3.py
[2024-12-14 15:56:22,134] {processor.py:651} INFO - DAG(s) dict_keys(['example_branch_dop_operator_v3']) retrieved from /home/dev/curso/ambientevirtual/lib/python3.9/site-packages/airflow/example_dags/example_branch_python_dop_operator_3.py
[2024-12-14 15:56:22,156] {logging_mixin.py:115} INFO - [2024-12-14 15:56:22,156] {dag.py:2379} INFO - Sync 1 DAGs
[2024-12-14 15:56:22,186] {logging_mixin.py:115} INFO - [2024-12-14 15:56:22,186] {dag.py:2927} INFO - Setting next_dagrun for example_branch_dop_operator_v3 to 2024-12-14T18:55:00+00:00, run_after=2024-12-14T18:56:00+00:00
[2024-12-14 15:56:22,207] {processor.py:161} INFO - Processing /home/dev/curso/ambientevirtual/lib/python3.9/site-packages/airflow/example_dags/example_branch_python_dop_operator_3.py took 0.092 seconds
[2024-12-14 15:56:58,325] {processor.py:153} INFO - Started process (PID=49393) to work on /home/dev/curso/ambientevirtual/lib/python3.9/site-packages/airflow/example_dags/example_branch_python_dop_operator_3.py
[2024-12-14 15:56:58,326] {processor.py:641} INFO - Processing file /home/dev/curso/ambientevirtual/lib/python3.9/site-packages/airflow/example_dags/example_branch_python_dop_operator_3.py for tasks to queue
[2024-12-14 15:56:58,326] {logging_mixin.py:115} INFO - [2024-12-14 15:56:58,326] {dagbag.py:507} INFO - Filling up the DagBag from /home/dev/curso/ambientevirtual/lib/python3.9/site-packages/airflow/example_dags/example_branch_python_dop_operator_3.py
[2024-12-14 15:56:58,339] {processor.py:651} INFO - DAG(s) dict_keys(['example_branch_dop_operator_v3']) retrieved from /home/dev/curso/ambientevirtual/lib/python3.9/site-packages/airflow/example_dags/example_branch_python_dop_operator_3.py
[2024-12-14 15:56:58,363] {logging_mixin.py:115} INFO - [2024-12-14 15:56:58,363] {dag.py:2379} INFO - Sync 1 DAGs
[2024-12-14 15:56:58,395] {logging_mixin.py:115} INFO - [2024-12-14 15:56:58,395] {dag.py:2927} INFO - Setting next_dagrun for example_branch_dop_operator_v3 to 2024-12-14T18:55:00+00:00, run_after=2024-12-14T18:56:00+00:00
[2024-12-14 15:56:58,415] {processor.py:161} INFO - Processing /home/dev/curso/ambientevirtual/lib/python3.9/site-packages/airflow/example_dags/example_branch_python_dop_operator_3.py took 0.094 seconds
[2024-12-14 15:57:34,260] {processor.py:153} INFO - Started process (PID=49522) to work on /home/dev/curso/ambientevirtual/lib/python3.9/site-packages/airflow/example_dags/example_branch_python_dop_operator_3.py
[2024-12-14 15:57:34,262] {processor.py:641} INFO - Processing file /home/dev/curso/ambientevirtual/lib/python3.9/site-packages/airflow/example_dags/example_branch_python_dop_operator_3.py for tasks to queue
[2024-12-14 15:57:34,263] {logging_mixin.py:115} INFO - [2024-12-14 15:57:34,263] {dagbag.py:507} INFO - Filling up the DagBag from /home/dev/curso/ambientevirtual/lib/python3.9/site-packages/airflow/example_dags/example_branch_python_dop_operator_3.py
[2024-12-14 15:57:34,277] {processor.py:651} INFO - DAG(s) dict_keys(['example_branch_dop_operator_v3']) retrieved from /home/dev/curso/ambientevirtual/lib/python3.9/site-packages/airflow/example_dags/example_branch_python_dop_operator_3.py
[2024-12-14 15:57:34,301] {logging_mixin.py:115} INFO - [2024-12-14 15:57:34,301] {dag.py:2379} INFO - Sync 1 DAGs
[2024-12-14 15:57:34,333] {logging_mixin.py:115} INFO - [2024-12-14 15:57:34,333] {dag.py:2927} INFO - Setting next_dagrun for example_branch_dop_operator_v3 to 2024-12-14T18:56:00+00:00, run_after=2024-12-14T18:57:00+00:00
[2024-12-14 15:57:34,356] {processor.py:161} INFO - Processing /home/dev/curso/ambientevirtual/lib/python3.9/site-packages/airflow/example_dags/example_branch_python_dop_operator_3.py took 0.103 seconds
[2024-12-14 15:58:08,714] {processor.py:153} INFO - Started process (PID=49650) to work on /home/dev/curso/ambientevirtual/lib/python3.9/site-packages/airflow/example_dags/example_branch_python_dop_operator_3.py
[2024-12-14 15:58:08,716] {processor.py:641} INFO - Processing file /home/dev/curso/ambientevirtual/lib/python3.9/site-packages/airflow/example_dags/example_branch_python_dop_operator_3.py for tasks to queue
[2024-12-14 15:58:08,717] {logging_mixin.py:115} INFO - [2024-12-14 15:58:08,717] {dagbag.py:507} INFO - Filling up the DagBag from /home/dev/curso/ambientevirtual/lib/python3.9/site-packages/airflow/example_dags/example_branch_python_dop_operator_3.py
[2024-12-14 15:58:08,733] {processor.py:651} INFO - DAG(s) dict_keys(['example_branch_dop_operator_v3']) retrieved from /home/dev/curso/ambientevirtual/lib/python3.9/site-packages/airflow/example_dags/example_branch_python_dop_operator_3.py
[2024-12-14 15:58:08,757] {logging_mixin.py:115} INFO - [2024-12-14 15:58:08,757] {dag.py:2379} INFO - Sync 1 DAGs
[2024-12-14 15:58:08,788] {logging_mixin.py:115} INFO - [2024-12-14 15:58:08,788] {dag.py:2927} INFO - Setting next_dagrun for example_branch_dop_operator_v3 to 2024-12-14T18:57:00+00:00, run_after=2024-12-14T18:58:00+00:00
[2024-12-14 15:58:08,808] {processor.py:161} INFO - Processing /home/dev/curso/ambientevirtual/lib/python3.9/site-packages/airflow/example_dags/example_branch_python_dop_operator_3.py took 0.100 seconds
[2024-12-14 15:58:43,292] {processor.py:153} INFO - Started process (PID=49779) to work on /home/dev/curso/ambientevirtual/lib/python3.9/site-packages/airflow/example_dags/example_branch_python_dop_operator_3.py
[2024-12-14 15:58:43,293] {processor.py:641} INFO - Processing file /home/dev/curso/ambientevirtual/lib/python3.9/site-packages/airflow/example_dags/example_branch_python_dop_operator_3.py for tasks to queue
[2024-12-14 15:58:43,294] {logging_mixin.py:115} INFO - [2024-12-14 15:58:43,293] {dagbag.py:507} INFO - Filling up the DagBag from /home/dev/curso/ambientevirtual/lib/python3.9/site-packages/airflow/example_dags/example_branch_python_dop_operator_3.py
[2024-12-14 15:58:43,305] {processor.py:651} INFO - DAG(s) dict_keys(['example_branch_dop_operator_v3']) retrieved from /home/dev/curso/ambientevirtual/lib/python3.9/site-packages/airflow/example_dags/example_branch_python_dop_operator_3.py
[2024-12-14 15:58:43,324] {logging_mixin.py:115} INFO - [2024-12-14 15:58:43,324] {dag.py:2379} INFO - Sync 1 DAGs
[2024-12-14 15:58:43,350] {logging_mixin.py:115} INFO - [2024-12-14 15:58:43,350] {dag.py:2927} INFO - Setting next_dagrun for example_branch_dop_operator_v3 to 2024-12-14T18:57:00+00:00, run_after=2024-12-14T18:58:00+00:00
[2024-12-14 15:58:43,366] {processor.py:161} INFO - Processing /home/dev/curso/ambientevirtual/lib/python3.9/site-packages/airflow/example_dags/example_branch_python_dop_operator_3.py took 0.077 seconds
[2024-12-14 15:59:18,464] {processor.py:153} INFO - Started process (PID=49908) to work on /home/dev/curso/ambientevirtual/lib/python3.9/site-packages/airflow/example_dags/example_branch_python_dop_operator_3.py
[2024-12-14 15:59:18,465] {processor.py:641} INFO - Processing file /home/dev/curso/ambientevirtual/lib/python3.9/site-packages/airflow/example_dags/example_branch_python_dop_operator_3.py for tasks to queue
[2024-12-14 15:59:18,466] {logging_mixin.py:115} INFO - [2024-12-14 15:59:18,466] {dagbag.py:507} INFO - Filling up the DagBag from /home/dev/curso/ambientevirtual/lib/python3.9/site-packages/airflow/example_dags/example_branch_python_dop_operator_3.py
[2024-12-14 15:59:18,477] {processor.py:651} INFO - DAG(s) dict_keys(['example_branch_dop_operator_v3']) retrieved from /home/dev/curso/ambientevirtual/lib/python3.9/site-packages/airflow/example_dags/example_branch_python_dop_operator_3.py
[2024-12-14 15:59:18,497] {logging_mixin.py:115} INFO - [2024-12-14 15:59:18,496] {dag.py:2379} INFO - Sync 1 DAGs
[2024-12-14 15:59:18,522] {logging_mixin.py:115} INFO - [2024-12-14 15:59:18,522] {dag.py:2927} INFO - Setting next_dagrun for example_branch_dop_operator_v3 to 2024-12-14T18:58:00+00:00, run_after=2024-12-14T18:59:00+00:00
[2024-12-14 15:59:18,538] {processor.py:161} INFO - Processing /home/dev/curso/ambientevirtual/lib/python3.9/site-packages/airflow/example_dags/example_branch_python_dop_operator_3.py took 0.078 seconds
[2024-12-14 15:59:53,398] {processor.py:153} INFO - Started process (PID=50030) to work on /home/dev/curso/ambientevirtual/lib/python3.9/site-packages/airflow/example_dags/example_branch_python_dop_operator_3.py
[2024-12-14 15:59:53,399] {processor.py:641} INFO - Processing file /home/dev/curso/ambientevirtual/lib/python3.9/site-packages/airflow/example_dags/example_branch_python_dop_operator_3.py for tasks to queue
[2024-12-14 15:59:53,400] {logging_mixin.py:115} INFO - [2024-12-14 15:59:53,400] {dagbag.py:507} INFO - Filling up the DagBag from /home/dev/curso/ambientevirtual/lib/python3.9/site-packages/airflow/example_dags/example_branch_python_dop_operator_3.py
[2024-12-14 15:59:53,418] {processor.py:651} INFO - DAG(s) dict_keys(['example_branch_dop_operator_v3']) retrieved from /home/dev/curso/ambientevirtual/lib/python3.9/site-packages/airflow/example_dags/example_branch_python_dop_operator_3.py
[2024-12-14 15:59:53,438] {logging_mixin.py:115} INFO - [2024-12-14 15:59:53,438] {dag.py:2379} INFO - Sync 1 DAGs
[2024-12-14 15:59:53,464] {logging_mixin.py:115} INFO - [2024-12-14 15:59:53,464] {dag.py:2927} INFO - Setting next_dagrun for example_branch_dop_operator_v3 to 2024-12-14T18:58:00+00:00, run_after=2024-12-14T18:59:00+00:00
[2024-12-14 15:59:53,481] {processor.py:161} INFO - Processing /home/dev/curso/ambientevirtual/lib/python3.9/site-packages/airflow/example_dags/example_branch_python_dop_operator_3.py took 0.090 seconds
[2024-12-14 16:00:26,961] {processor.py:153} INFO - Started process (PID=50158) to work on /home/dev/curso/ambientevirtual/lib/python3.9/site-packages/airflow/example_dags/example_branch_python_dop_operator_3.py
[2024-12-14 16:00:26,962] {processor.py:641} INFO - Processing file /home/dev/curso/ambientevirtual/lib/python3.9/site-packages/airflow/example_dags/example_branch_python_dop_operator_3.py for tasks to queue
[2024-12-14 16:00:26,962] {logging_mixin.py:115} INFO - [2024-12-14 16:00:26,962] {dagbag.py:507} INFO - Filling up the DagBag from /home/dev/curso/ambientevirtual/lib/python3.9/site-packages/airflow/example_dags/example_branch_python_dop_operator_3.py
[2024-12-14 16:00:26,976] {processor.py:651} INFO - DAG(s) dict_keys(['example_branch_dop_operator_v3']) retrieved from /home/dev/curso/ambientevirtual/lib/python3.9/site-packages/airflow/example_dags/example_branch_python_dop_operator_3.py
[2024-12-14 16:00:26,999] {logging_mixin.py:115} INFO - [2024-12-14 16:00:26,999] {dag.py:2379} INFO - Sync 1 DAGs
[2024-12-14 16:00:27,031] {logging_mixin.py:115} INFO - [2024-12-14 16:00:27,031] {dag.py:2927} INFO - Setting next_dagrun for example_branch_dop_operator_v3 to 2024-12-14T18:59:00+00:00, run_after=2024-12-14T19:00:00+00:00
[2024-12-14 16:00:27,057] {processor.py:161} INFO - Processing /home/dev/curso/ambientevirtual/lib/python3.9/site-packages/airflow/example_dags/example_branch_python_dop_operator_3.py took 0.100 seconds
[2024-12-14 16:01:01,693] {processor.py:153} INFO - Started process (PID=50454) to work on /home/dev/curso/ambientevirtual/lib/python3.9/site-packages/airflow/example_dags/example_branch_python_dop_operator_3.py
[2024-12-14 16:01:01,693] {processor.py:641} INFO - Processing file /home/dev/curso/ambientevirtual/lib/python3.9/site-packages/airflow/example_dags/example_branch_python_dop_operator_3.py for tasks to queue
[2024-12-14 16:01:01,694] {logging_mixin.py:115} INFO - [2024-12-14 16:01:01,694] {dagbag.py:507} INFO - Filling up the DagBag from /home/dev/curso/ambientevirtual/lib/python3.9/site-packages/airflow/example_dags/example_branch_python_dop_operator_3.py
[2024-12-14 16:01:01,706] {processor.py:651} INFO - DAG(s) dict_keys(['example_branch_dop_operator_v3']) retrieved from /home/dev/curso/ambientevirtual/lib/python3.9/site-packages/airflow/example_dags/example_branch_python_dop_operator_3.py
[2024-12-14 16:01:01,726] {logging_mixin.py:115} INFO - [2024-12-14 16:01:01,726] {dag.py:2379} INFO - Sync 1 DAGs
[2024-12-14 16:01:01,754] {logging_mixin.py:115} INFO - [2024-12-14 16:01:01,753] {dag.py:2927} INFO - Setting next_dagrun for example_branch_dop_operator_v3 to 2024-12-14T19:00:00+00:00, run_after=2024-12-14T19:01:00+00:00
[2024-12-14 16:01:01,782] {processor.py:161} INFO - Processing /home/dev/curso/ambientevirtual/lib/python3.9/site-packages/airflow/example_dags/example_branch_python_dop_operator_3.py took 0.093 seconds
[2024-12-14 16:01:33,987] {processor.py:153} INFO - Started process (PID=50574) to work on /home/dev/curso/ambientevirtual/lib/python3.9/site-packages/airflow/example_dags/example_branch_python_dop_operator_3.py
[2024-12-14 16:01:33,988] {processor.py:641} INFO - Processing file /home/dev/curso/ambientevirtual/lib/python3.9/site-packages/airflow/example_dags/example_branch_python_dop_operator_3.py for tasks to queue
[2024-12-14 16:01:33,989] {logging_mixin.py:115} INFO - [2024-12-14 16:01:33,989] {dagbag.py:507} INFO - Filling up the DagBag from /home/dev/curso/ambientevirtual/lib/python3.9/site-packages/airflow/example_dags/example_branch_python_dop_operator_3.py
[2024-12-14 16:01:34,001] {processor.py:651} INFO - DAG(s) dict_keys(['example_branch_dop_operator_v3']) retrieved from /home/dev/curso/ambientevirtual/lib/python3.9/site-packages/airflow/example_dags/example_branch_python_dop_operator_3.py
[2024-12-14 16:01:34,022] {logging_mixin.py:115} INFO - [2024-12-14 16:01:34,022] {dag.py:2379} INFO - Sync 1 DAGs
[2024-12-14 16:01:34,047] {logging_mixin.py:115} INFO - [2024-12-14 16:01:34,047] {dag.py:2927} INFO - Setting next_dagrun for example_branch_dop_operator_v3 to 2024-12-14T19:00:00+00:00, run_after=2024-12-14T19:01:00+00:00
[2024-12-14 16:01:34,064] {processor.py:161} INFO - Processing /home/dev/curso/ambientevirtual/lib/python3.9/site-packages/airflow/example_dags/example_branch_python_dop_operator_3.py took 0.081 seconds
[2024-12-14 16:02:12,754] {processor.py:153} INFO - Started process (PID=50771) to work on /home/dev/curso/ambientevirtual/lib/python3.9/site-packages/airflow/example_dags/example_branch_python_dop_operator_3.py
[2024-12-14 16:02:12,755] {processor.py:641} INFO - Processing file /home/dev/curso/ambientevirtual/lib/python3.9/site-packages/airflow/example_dags/example_branch_python_dop_operator_3.py for tasks to queue
[2024-12-14 16:02:12,756] {logging_mixin.py:115} INFO - [2024-12-14 16:02:12,755] {dagbag.py:507} INFO - Filling up the DagBag from /home/dev/curso/ambientevirtual/lib/python3.9/site-packages/airflow/example_dags/example_branch_python_dop_operator_3.py
[2024-12-14 16:02:12,769] {processor.py:651} INFO - DAG(s) dict_keys(['example_branch_dop_operator_v3']) retrieved from /home/dev/curso/ambientevirtual/lib/python3.9/site-packages/airflow/example_dags/example_branch_python_dop_operator_3.py
[2024-12-14 16:02:12,789] {logging_mixin.py:115} INFO - [2024-12-14 16:02:12,789] {dag.py:2379} INFO - Sync 1 DAGs
[2024-12-14 16:02:12,820] {logging_mixin.py:115} INFO - [2024-12-14 16:02:12,820] {dag.py:2927} INFO - Setting next_dagrun for example_branch_dop_operator_v3 to 2024-12-14T19:01:00+00:00, run_after=2024-12-14T19:02:00+00:00
[2024-12-14 16:02:12,843] {processor.py:161} INFO - Processing /home/dev/curso/ambientevirtual/lib/python3.9/site-packages/airflow/example_dags/example_branch_python_dop_operator_3.py took 0.093 seconds
[2024-12-14 16:02:44,925] {processor.py:153} INFO - Started process (PID=50893) to work on /home/dev/curso/ambientevirtual/lib/python3.9/site-packages/airflow/example_dags/example_branch_python_dop_operator_3.py
[2024-12-14 16:02:44,926] {processor.py:641} INFO - Processing file /home/dev/curso/ambientevirtual/lib/python3.9/site-packages/airflow/example_dags/example_branch_python_dop_operator_3.py for tasks to queue
[2024-12-14 16:02:44,926] {logging_mixin.py:115} INFO - [2024-12-14 16:02:44,926] {dagbag.py:507} INFO - Filling up the DagBag from /home/dev/curso/ambientevirtual/lib/python3.9/site-packages/airflow/example_dags/example_branch_python_dop_operator_3.py
[2024-12-14 16:02:44,939] {processor.py:651} INFO - DAG(s) dict_keys(['example_branch_dop_operator_v3']) retrieved from /home/dev/curso/ambientevirtual/lib/python3.9/site-packages/airflow/example_dags/example_branch_python_dop_operator_3.py
[2024-12-14 16:02:44,959] {logging_mixin.py:115} INFO - [2024-12-14 16:02:44,958] {dag.py:2379} INFO - Sync 1 DAGs
[2024-12-14 16:02:44,986] {logging_mixin.py:115} INFO - [2024-12-14 16:02:44,985] {dag.py:2927} INFO - Setting next_dagrun for example_branch_dop_operator_v3 to 2024-12-14T19:01:00+00:00, run_after=2024-12-14T19:02:00+00:00
[2024-12-14 16:02:45,003] {processor.py:161} INFO - Processing /home/dev/curso/ambientevirtual/lib/python3.9/site-packages/airflow/example_dags/example_branch_python_dop_operator_3.py took 0.082 seconds
[2024-12-14 16:03:20,193] {processor.py:153} INFO - Started process (PID=51022) to work on /home/dev/curso/ambientevirtual/lib/python3.9/site-packages/airflow/example_dags/example_branch_python_dop_operator_3.py
[2024-12-14 16:03:20,195] {processor.py:641} INFO - Processing file /home/dev/curso/ambientevirtual/lib/python3.9/site-packages/airflow/example_dags/example_branch_python_dop_operator_3.py for tasks to queue
[2024-12-14 16:03:20,196] {logging_mixin.py:115} INFO - [2024-12-14 16:03:20,196] {dagbag.py:507} INFO - Filling up the DagBag from /home/dev/curso/ambientevirtual/lib/python3.9/site-packages/airflow/example_dags/example_branch_python_dop_operator_3.py
[2024-12-14 16:03:20,211] {processor.py:651} INFO - DAG(s) dict_keys(['example_branch_dop_operator_v3']) retrieved from /home/dev/curso/ambientevirtual/lib/python3.9/site-packages/airflow/example_dags/example_branch_python_dop_operator_3.py
[2024-12-14 16:03:20,230] {logging_mixin.py:115} INFO - [2024-12-14 16:03:20,230] {dag.py:2379} INFO - Sync 1 DAGs
[2024-12-14 16:03:20,257] {logging_mixin.py:115} INFO - [2024-12-14 16:03:20,257] {dag.py:2927} INFO - Setting next_dagrun for example_branch_dop_operator_v3 to 2024-12-14T19:02:00+00:00, run_after=2024-12-14T19:03:00+00:00
[2024-12-14 16:03:20,276] {processor.py:161} INFO - Processing /home/dev/curso/ambientevirtual/lib/python3.9/site-packages/airflow/example_dags/example_branch_python_dop_operator_3.py took 0.089 seconds
[2024-12-14 16:03:55,849] {processor.py:153} INFO - Started process (PID=51151) to work on /home/dev/curso/ambientevirtual/lib/python3.9/site-packages/airflow/example_dags/example_branch_python_dop_operator_3.py
[2024-12-14 16:03:55,851] {processor.py:641} INFO - Processing file /home/dev/curso/ambientevirtual/lib/python3.9/site-packages/airflow/example_dags/example_branch_python_dop_operator_3.py for tasks to queue
[2024-12-14 16:03:55,852] {logging_mixin.py:115} INFO - [2024-12-14 16:03:55,852] {dagbag.py:507} INFO - Filling up the DagBag from /home/dev/curso/ambientevirtual/lib/python3.9/site-packages/airflow/example_dags/example_branch_python_dop_operator_3.py
[2024-12-14 16:03:55,866] {processor.py:651} INFO - DAG(s) dict_keys(['example_branch_dop_operator_v3']) retrieved from /home/dev/curso/ambientevirtual/lib/python3.9/site-packages/airflow/example_dags/example_branch_python_dop_operator_3.py
[2024-12-14 16:03:55,887] {logging_mixin.py:115} INFO - [2024-12-14 16:03:55,887] {dag.py:2379} INFO - Sync 1 DAGs
[2024-12-14 16:03:55,915] {logging_mixin.py:115} INFO - [2024-12-14 16:03:55,915] {dag.py:2927} INFO - Setting next_dagrun for example_branch_dop_operator_v3 to 2024-12-14T19:02:00+00:00, run_after=2024-12-14T19:03:00+00:00
[2024-12-14 16:03:55,932] {processor.py:161} INFO - Processing /home/dev/curso/ambientevirtual/lib/python3.9/site-packages/airflow/example_dags/example_branch_python_dop_operator_3.py took 0.090 seconds
[2024-12-14 16:04:30,146] {processor.py:153} INFO - Started process (PID=51274) to work on /home/dev/curso/ambientevirtual/lib/python3.9/site-packages/airflow/example_dags/example_branch_python_dop_operator_3.py
[2024-12-14 16:04:30,148] {processor.py:641} INFO - Processing file /home/dev/curso/ambientevirtual/lib/python3.9/site-packages/airflow/example_dags/example_branch_python_dop_operator_3.py for tasks to queue
[2024-12-14 16:04:30,149] {logging_mixin.py:115} INFO - [2024-12-14 16:04:30,149] {dagbag.py:507} INFO - Filling up the DagBag from /home/dev/curso/ambientevirtual/lib/python3.9/site-packages/airflow/example_dags/example_branch_python_dop_operator_3.py
[2024-12-14 16:04:30,176] {processor.py:651} INFO - DAG(s) dict_keys(['example_branch_dop_operator_v3']) retrieved from /home/dev/curso/ambientevirtual/lib/python3.9/site-packages/airflow/example_dags/example_branch_python_dop_operator_3.py
[2024-12-14 16:04:30,196] {logging_mixin.py:115} INFO - [2024-12-14 16:04:30,196] {dag.py:2379} INFO - Sync 1 DAGs
[2024-12-14 16:04:30,224] {logging_mixin.py:115} INFO - [2024-12-14 16:04:30,224] {dag.py:2927} INFO - Setting next_dagrun for example_branch_dop_operator_v3 to 2024-12-14T19:03:00+00:00, run_after=2024-12-14T19:04:00+00:00
[2024-12-14 16:04:30,241] {processor.py:161} INFO - Processing /home/dev/curso/ambientevirtual/lib/python3.9/site-packages/airflow/example_dags/example_branch_python_dop_operator_3.py took 0.105 seconds
[2024-12-14 16:05:04,527] {processor.py:153} INFO - Started process (PID=51402) to work on /home/dev/curso/ambientevirtual/lib/python3.9/site-packages/airflow/example_dags/example_branch_python_dop_operator_3.py
[2024-12-14 16:05:04,529] {processor.py:641} INFO - Processing file /home/dev/curso/ambientevirtual/lib/python3.9/site-packages/airflow/example_dags/example_branch_python_dop_operator_3.py for tasks to queue
[2024-12-14 16:05:04,529] {logging_mixin.py:115} INFO - [2024-12-14 16:05:04,529] {dagbag.py:507} INFO - Filling up the DagBag from /home/dev/curso/ambientevirtual/lib/python3.9/site-packages/airflow/example_dags/example_branch_python_dop_operator_3.py
[2024-12-14 16:05:04,542] {processor.py:651} INFO - DAG(s) dict_keys(['example_branch_dop_operator_v3']) retrieved from /home/dev/curso/ambientevirtual/lib/python3.9/site-packages/airflow/example_dags/example_branch_python_dop_operator_3.py
[2024-12-14 16:05:04,562] {logging_mixin.py:115} INFO - [2024-12-14 16:05:04,562] {dag.py:2379} INFO - Sync 1 DAGs
[2024-12-14 16:05:04,589] {logging_mixin.py:115} INFO - [2024-12-14 16:05:04,589] {dag.py:2927} INFO - Setting next_dagrun for example_branch_dop_operator_v3 to 2024-12-14T19:04:00+00:00, run_after=2024-12-14T19:05:00+00:00
[2024-12-14 16:05:04,606] {processor.py:161} INFO - Processing /home/dev/curso/ambientevirtual/lib/python3.9/site-packages/airflow/example_dags/example_branch_python_dop_operator_3.py took 0.082 seconds
[2024-12-14 16:05:40,537] {processor.py:153} INFO - Started process (PID=51532) to work on /home/dev/curso/ambientevirtual/lib/python3.9/site-packages/airflow/example_dags/example_branch_python_dop_operator_3.py
[2024-12-14 16:05:40,538] {processor.py:641} INFO - Processing file /home/dev/curso/ambientevirtual/lib/python3.9/site-packages/airflow/example_dags/example_branch_python_dop_operator_3.py for tasks to queue
[2024-12-14 16:05:40,539] {logging_mixin.py:115} INFO - [2024-12-14 16:05:40,539] {dagbag.py:507} INFO - Filling up the DagBag from /home/dev/curso/ambientevirtual/lib/python3.9/site-packages/airflow/example_dags/example_branch_python_dop_operator_3.py
[2024-12-14 16:05:40,552] {processor.py:651} INFO - DAG(s) dict_keys(['example_branch_dop_operator_v3']) retrieved from /home/dev/curso/ambientevirtual/lib/python3.9/site-packages/airflow/example_dags/example_branch_python_dop_operator_3.py
[2024-12-14 16:05:40,572] {logging_mixin.py:115} INFO - [2024-12-14 16:05:40,571] {dag.py:2379} INFO - Sync 1 DAGs
[2024-12-14 16:05:40,600] {logging_mixin.py:115} INFO - [2024-12-14 16:05:40,599] {dag.py:2927} INFO - Setting next_dagrun for example_branch_dop_operator_v3 to 2024-12-14T19:04:00+00:00, run_after=2024-12-14T19:05:00+00:00
[2024-12-14 16:05:40,617] {processor.py:161} INFO - Processing /home/dev/curso/ambientevirtual/lib/python3.9/site-packages/airflow/example_dags/example_branch_python_dop_operator_3.py took 0.085 seconds
[2024-12-14 16:06:17,992] {processor.py:153} INFO - Started process (PID=51695) to work on /home/dev/curso/ambientevirtual/lib/python3.9/site-packages/airflow/example_dags/example_branch_python_dop_operator_3.py
[2024-12-14 16:06:17,994] {processor.py:641} INFO - Processing file /home/dev/curso/ambientevirtual/lib/python3.9/site-packages/airflow/example_dags/example_branch_python_dop_operator_3.py for tasks to queue
[2024-12-14 16:06:17,995] {logging_mixin.py:115} INFO - [2024-12-14 16:06:17,995] {dagbag.py:507} INFO - Filling up the DagBag from /home/dev/curso/ambientevirtual/lib/python3.9/site-packages/airflow/example_dags/example_branch_python_dop_operator_3.py
[2024-12-14 16:06:18,014] {processor.py:651} INFO - DAG(s) dict_keys(['example_branch_dop_operator_v3']) retrieved from /home/dev/curso/ambientevirtual/lib/python3.9/site-packages/airflow/example_dags/example_branch_python_dop_operator_3.py
[2024-12-14 16:06:18,037] {logging_mixin.py:115} INFO - [2024-12-14 16:06:18,037] {dag.py:2379} INFO - Sync 1 DAGs
[2024-12-14 16:06:18,064] {logging_mixin.py:115} INFO - [2024-12-14 16:06:18,064] {dag.py:2927} INFO - Setting next_dagrun for example_branch_dop_operator_v3 to 2024-12-14T19:05:00+00:00, run_after=2024-12-14T19:06:00+00:00
[2024-12-14 16:06:18,082] {processor.py:161} INFO - Processing /home/dev/curso/ambientevirtual/lib/python3.9/site-packages/airflow/example_dags/example_branch_python_dop_operator_3.py took 0.096 seconds
[2024-12-14 16:06:54,388] {processor.py:153} INFO - Started process (PID=51858) to work on /home/dev/curso/ambientevirtual/lib/python3.9/site-packages/airflow/example_dags/example_branch_python_dop_operator_3.py
[2024-12-14 16:06:54,390] {processor.py:641} INFO - Processing file /home/dev/curso/ambientevirtual/lib/python3.9/site-packages/airflow/example_dags/example_branch_python_dop_operator_3.py for tasks to queue
[2024-12-14 16:06:54,390] {logging_mixin.py:115} INFO - [2024-12-14 16:06:54,390] {dagbag.py:507} INFO - Filling up the DagBag from /home/dev/curso/ambientevirtual/lib/python3.9/site-packages/airflow/example_dags/example_branch_python_dop_operator_3.py
[2024-12-14 16:06:54,402] {processor.py:651} INFO - DAG(s) dict_keys(['example_branch_dop_operator_v3']) retrieved from /home/dev/curso/ambientevirtual/lib/python3.9/site-packages/airflow/example_dags/example_branch_python_dop_operator_3.py
[2024-12-14 16:06:54,422] {logging_mixin.py:115} INFO - [2024-12-14 16:06:54,422] {dag.py:2379} INFO - Sync 1 DAGs
[2024-12-14 16:06:54,448] {logging_mixin.py:115} INFO - [2024-12-14 16:06:54,448] {dag.py:2927} INFO - Setting next_dagrun for example_branch_dop_operator_v3 to 2024-12-14T19:05:00+00:00, run_after=2024-12-14T19:06:00+00:00
[2024-12-14 16:06:54,465] {processor.py:161} INFO - Processing /home/dev/curso/ambientevirtual/lib/python3.9/site-packages/airflow/example_dags/example_branch_python_dop_operator_3.py took 0.084 seconds
[2024-12-14 16:07:27,932] {processor.py:153} INFO - Started process (PID=52039) to work on /home/dev/curso/ambientevirtual/lib/python3.9/site-packages/airflow/example_dags/example_branch_python_dop_operator_3.py
[2024-12-14 16:07:27,933] {processor.py:641} INFO - Processing file /home/dev/curso/ambientevirtual/lib/python3.9/site-packages/airflow/example_dags/example_branch_python_dop_operator_3.py for tasks to queue
[2024-12-14 16:07:27,934] {logging_mixin.py:115} INFO - [2024-12-14 16:07:27,934] {dagbag.py:507} INFO - Filling up the DagBag from /home/dev/curso/ambientevirtual/lib/python3.9/site-packages/airflow/example_dags/example_branch_python_dop_operator_3.py
[2024-12-14 16:07:27,946] {processor.py:651} INFO - DAG(s) dict_keys(['example_branch_dop_operator_v3']) retrieved from /home/dev/curso/ambientevirtual/lib/python3.9/site-packages/airflow/example_dags/example_branch_python_dop_operator_3.py
[2024-12-14 16:07:27,965] {logging_mixin.py:115} INFO - [2024-12-14 16:07:27,965] {dag.py:2379} INFO - Sync 1 DAGs
[2024-12-14 16:07:27,991] {logging_mixin.py:115} INFO - [2024-12-14 16:07:27,990] {dag.py:2927} INFO - Setting next_dagrun for example_branch_dop_operator_v3 to 2024-12-14T19:06:00+00:00, run_after=2024-12-14T19:07:00+00:00
[2024-12-14 16:07:28,008] {processor.py:161} INFO - Processing /home/dev/curso/ambientevirtual/lib/python3.9/site-packages/airflow/example_dags/example_branch_python_dop_operator_3.py took 0.083 seconds
[2024-12-14 16:08:02,728] {processor.py:153} INFO - Started process (PID=52167) to work on /home/dev/curso/ambientevirtual/lib/python3.9/site-packages/airflow/example_dags/example_branch_python_dop_operator_3.py
[2024-12-14 16:08:02,729] {processor.py:641} INFO - Processing file /home/dev/curso/ambientevirtual/lib/python3.9/site-packages/airflow/example_dags/example_branch_python_dop_operator_3.py for tasks to queue
[2024-12-14 16:08:02,730] {logging_mixin.py:115} INFO - [2024-12-14 16:08:02,730] {dagbag.py:507} INFO - Filling up the DagBag from /home/dev/curso/ambientevirtual/lib/python3.9/site-packages/airflow/example_dags/example_branch_python_dop_operator_3.py
[2024-12-14 16:08:02,748] {processor.py:651} INFO - DAG(s) dict_keys(['example_branch_dop_operator_v3']) retrieved from /home/dev/curso/ambientevirtual/lib/python3.9/site-packages/airflow/example_dags/example_branch_python_dop_operator_3.py
[2024-12-14 16:08:02,773] {logging_mixin.py:115} INFO - [2024-12-14 16:08:02,773] {dag.py:2379} INFO - Sync 1 DAGs
[2024-12-14 16:08:02,802] {logging_mixin.py:115} INFO - [2024-12-14 16:08:02,802] {dag.py:2927} INFO - Setting next_dagrun for example_branch_dop_operator_v3 to 2024-12-14T19:07:00+00:00, run_after=2024-12-14T19:08:00+00:00
[2024-12-14 16:08:02,820] {processor.py:161} INFO - Processing /home/dev/curso/ambientevirtual/lib/python3.9/site-packages/airflow/example_dags/example_branch_python_dop_operator_3.py took 0.096 seconds
[2024-12-14 16:08:39,506] {processor.py:153} INFO - Started process (PID=52479) to work on /home/dev/curso/ambientevirtual/lib/python3.9/site-packages/airflow/example_dags/example_branch_python_dop_operator_3.py
[2024-12-14 16:08:39,508] {processor.py:641} INFO - Processing file /home/dev/curso/ambientevirtual/lib/python3.9/site-packages/airflow/example_dags/example_branch_python_dop_operator_3.py for tasks to queue
[2024-12-14 16:08:39,509] {logging_mixin.py:115} INFO - [2024-12-14 16:08:39,509] {dagbag.py:507} INFO - Filling up the DagBag from /home/dev/curso/ambientevirtual/lib/python3.9/site-packages/airflow/example_dags/example_branch_python_dop_operator_3.py
[2024-12-14 16:08:39,529] {processor.py:651} INFO - DAG(s) dict_keys(['example_branch_dop_operator_v3']) retrieved from /home/dev/curso/ambientevirtual/lib/python3.9/site-packages/airflow/example_dags/example_branch_python_dop_operator_3.py
[2024-12-14 16:08:39,548] {logging_mixin.py:115} INFO - [2024-12-14 16:08:39,548] {dag.py:2379} INFO - Sync 1 DAGs
[2024-12-14 16:08:39,573] {logging_mixin.py:115} INFO - [2024-12-14 16:08:39,573] {dag.py:2927} INFO - Setting next_dagrun for example_branch_dop_operator_v3 to 2024-12-14T19:07:00+00:00, run_after=2024-12-14T19:08:00+00:00
[2024-12-14 16:08:39,592] {processor.py:161} INFO - Processing /home/dev/curso/ambientevirtual/lib/python3.9/site-packages/airflow/example_dags/example_branch_python_dop_operator_3.py took 0.092 seconds
[2024-12-14 16:09:14,448] {processor.py:153} INFO - Started process (PID=52659) to work on /home/dev/curso/ambientevirtual/lib/python3.9/site-packages/airflow/example_dags/example_branch_python_dop_operator_3.py
[2024-12-14 16:09:14,448] {processor.py:641} INFO - Processing file /home/dev/curso/ambientevirtual/lib/python3.9/site-packages/airflow/example_dags/example_branch_python_dop_operator_3.py for tasks to queue
[2024-12-14 16:09:14,449] {logging_mixin.py:115} INFO - [2024-12-14 16:09:14,449] {dagbag.py:507} INFO - Filling up the DagBag from /home/dev/curso/ambientevirtual/lib/python3.9/site-packages/airflow/example_dags/example_branch_python_dop_operator_3.py
[2024-12-14 16:09:14,461] {processor.py:651} INFO - DAG(s) dict_keys(['example_branch_dop_operator_v3']) retrieved from /home/dev/curso/ambientevirtual/lib/python3.9/site-packages/airflow/example_dags/example_branch_python_dop_operator_3.py
[2024-12-14 16:09:14,485] {logging_mixin.py:115} INFO - [2024-12-14 16:09:14,485] {dag.py:2379} INFO - Sync 1 DAGs
[2024-12-14 16:09:14,517] {logging_mixin.py:115} INFO - [2024-12-14 16:09:14,517] {dag.py:2927} INFO - Setting next_dagrun for example_branch_dop_operator_v3 to 2024-12-14T19:08:00+00:00, run_after=2024-12-14T19:09:00+00:00
[2024-12-14 16:09:14,540] {processor.py:161} INFO - Processing /home/dev/curso/ambientevirtual/lib/python3.9/site-packages/airflow/example_dags/example_branch_python_dop_operator_3.py took 0.097 seconds
[2024-12-14 16:09:53,038] {processor.py:153} INFO - Started process (PID=52795) to work on /home/dev/curso/ambientevirtual/lib/python3.9/site-packages/airflow/example_dags/example_branch_python_dop_operator_3.py
[2024-12-14 16:09:53,040] {processor.py:641} INFO - Processing file /home/dev/curso/ambientevirtual/lib/python3.9/site-packages/airflow/example_dags/example_branch_python_dop_operator_3.py for tasks to queue
[2024-12-14 16:09:53,041] {logging_mixin.py:115} INFO - [2024-12-14 16:09:53,040] {dagbag.py:507} INFO - Filling up the DagBag from /home/dev/curso/ambientevirtual/lib/python3.9/site-packages/airflow/example_dags/example_branch_python_dop_operator_3.py
[2024-12-14 16:09:53,054] {processor.py:651} INFO - DAG(s) dict_keys(['example_branch_dop_operator_v3']) retrieved from /home/dev/curso/ambientevirtual/lib/python3.9/site-packages/airflow/example_dags/example_branch_python_dop_operator_3.py
[2024-12-14 16:09:53,076] {logging_mixin.py:115} INFO - [2024-12-14 16:09:53,076] {dag.py:2379} INFO - Sync 1 DAGs
[2024-12-14 16:09:53,103] {logging_mixin.py:115} INFO - [2024-12-14 16:09:53,103] {dag.py:2927} INFO - Setting next_dagrun for example_branch_dop_operator_v3 to 2024-12-14T19:08:00+00:00, run_after=2024-12-14T19:09:00+00:00
[2024-12-14 16:09:53,119] {processor.py:161} INFO - Processing /home/dev/curso/ambientevirtual/lib/python3.9/site-packages/airflow/example_dags/example_branch_python_dop_operator_3.py took 0.088 seconds
[2024-12-14 16:10:31,143] {processor.py:153} INFO - Started process (PID=52933) to work on /home/dev/curso/ambientevirtual/lib/python3.9/site-packages/airflow/example_dags/example_branch_python_dop_operator_3.py
[2024-12-14 16:10:31,145] {processor.py:641} INFO - Processing file /home/dev/curso/ambientevirtual/lib/python3.9/site-packages/airflow/example_dags/example_branch_python_dop_operator_3.py for tasks to queue
[2024-12-14 16:10:31,146] {logging_mixin.py:115} INFO - [2024-12-14 16:10:31,146] {dagbag.py:507} INFO - Filling up the DagBag from /home/dev/curso/ambientevirtual/lib/python3.9/site-packages/airflow/example_dags/example_branch_python_dop_operator_3.py
[2024-12-14 16:10:31,167] {processor.py:651} INFO - DAG(s) dict_keys(['example_branch_dop_operator_v3']) retrieved from /home/dev/curso/ambientevirtual/lib/python3.9/site-packages/airflow/example_dags/example_branch_python_dop_operator_3.py
[2024-12-14 16:10:31,197] {logging_mixin.py:115} INFO - [2024-12-14 16:10:31,197] {dag.py:2379} INFO - Sync 1 DAGs
[2024-12-14 16:10:31,222] {logging_mixin.py:115} INFO - [2024-12-14 16:10:31,222] {dag.py:2927} INFO - Setting next_dagrun for example_branch_dop_operator_v3 to 2024-12-14T19:09:00+00:00, run_after=2024-12-14T19:10:00+00:00
[2024-12-14 16:10:31,245] {processor.py:161} INFO - Processing /home/dev/curso/ambientevirtual/lib/python3.9/site-packages/airflow/example_dags/example_branch_python_dop_operator_3.py took 0.109 seconds
[2024-12-14 16:11:06,948] {processor.py:153} INFO - Started process (PID=53178) to work on /home/dev/curso/ambientevirtual/lib/python3.9/site-packages/airflow/example_dags/example_branch_python_dop_operator_3.py
[2024-12-14 16:11:06,950] {processor.py:641} INFO - Processing file /home/dev/curso/ambientevirtual/lib/python3.9/site-packages/airflow/example_dags/example_branch_python_dop_operator_3.py for tasks to queue
[2024-12-14 16:11:06,951] {logging_mixin.py:115} INFO - [2024-12-14 16:11:06,951] {dagbag.py:507} INFO - Filling up the DagBag from /home/dev/curso/ambientevirtual/lib/python3.9/site-packages/airflow/example_dags/example_branch_python_dop_operator_3.py
[2024-12-14 16:11:06,967] {processor.py:651} INFO - DAG(s) dict_keys(['example_branch_dop_operator_v3']) retrieved from /home/dev/curso/ambientevirtual/lib/python3.9/site-packages/airflow/example_dags/example_branch_python_dop_operator_3.py
[2024-12-14 16:11:06,987] {logging_mixin.py:115} INFO - [2024-12-14 16:11:06,987] {dag.py:2379} INFO - Sync 1 DAGs
[2024-12-14 16:11:07,013] {logging_mixin.py:115} INFO - [2024-12-14 16:11:07,013] {dag.py:2927} INFO - Setting next_dagrun for example_branch_dop_operator_v3 to 2024-12-14T19:10:00+00:00, run_after=2024-12-14T19:11:00+00:00
[2024-12-14 16:11:07,031] {processor.py:161} INFO - Processing /home/dev/curso/ambientevirtual/lib/python3.9/site-packages/airflow/example_dags/example_branch_python_dop_operator_3.py took 0.090 seconds
[2024-12-14 16:11:39,724] {processor.py:153} INFO - Started process (PID=53300) to work on /home/dev/curso/ambientevirtual/lib/python3.9/site-packages/airflow/example_dags/example_branch_python_dop_operator_3.py
[2024-12-14 16:11:39,725] {processor.py:641} INFO - Processing file /home/dev/curso/ambientevirtual/lib/python3.9/site-packages/airflow/example_dags/example_branch_python_dop_operator_3.py for tasks to queue
[2024-12-14 16:11:39,726] {logging_mixin.py:115} INFO - [2024-12-14 16:11:39,725] {dagbag.py:507} INFO - Filling up the DagBag from /home/dev/curso/ambientevirtual/lib/python3.9/site-packages/airflow/example_dags/example_branch_python_dop_operator_3.py
[2024-12-14 16:11:39,740] {processor.py:651} INFO - DAG(s) dict_keys(['example_branch_dop_operator_v3']) retrieved from /home/dev/curso/ambientevirtual/lib/python3.9/site-packages/airflow/example_dags/example_branch_python_dop_operator_3.py
[2024-12-14 16:11:39,763] {logging_mixin.py:115} INFO - [2024-12-14 16:11:39,763] {dag.py:2379} INFO - Sync 1 DAGs
[2024-12-14 16:11:39,793] {logging_mixin.py:115} INFO - [2024-12-14 16:11:39,793] {dag.py:2927} INFO - Setting next_dagrun for example_branch_dop_operator_v3 to 2024-12-14T19:10:00+00:00, run_after=2024-12-14T19:11:00+00:00
[2024-12-14 16:11:39,811] {processor.py:161} INFO - Processing /home/dev/curso/ambientevirtual/lib/python3.9/site-packages/airflow/example_dags/example_branch_python_dop_operator_3.py took 0.091 seconds
