[2024-12-14 15:51:32,958] {processor.py:153} INFO - Started process (PID=47867) to work on /home/dev/curso/ambientevirtual/lib/python3.9/site-packages/airflow/example_dags/example_xcom.py
[2024-12-14 15:51:32,959] {processor.py:641} INFO - Processing file /home/dev/curso/ambientevirtual/lib/python3.9/site-packages/airflow/example_dags/example_xcom.py for tasks to queue
[2024-12-14 15:51:32,960] {logging_mixin.py:115} INFO - [2024-12-14 15:51:32,959] {dagbag.py:507} INFO - Filling up the DagBag from /home/dev/curso/ambientevirtual/lib/python3.9/site-packages/airflow/example_dags/example_xcom.py
[2024-12-14 15:51:32,986] {processor.py:651} INFO - DAG(s) dict_keys(['example_xcom']) retrieved from /home/dev/curso/ambientevirtual/lib/python3.9/site-packages/airflow/example_dags/example_xcom.py
[2024-12-14 15:51:33,070] {logging_mixin.py:115} INFO - [2024-12-14 15:51:33,070] {manager.py:508} INFO - Created Permission View: can delete on DAG:example_xcom
[2024-12-14 15:51:33,085] {logging_mixin.py:115} INFO - [2024-12-14 15:51:33,085] {manager.py:508} INFO - Created Permission View: can edit on DAG:example_xcom
[2024-12-14 15:51:33,096] {logging_mixin.py:115} INFO - [2024-12-14 15:51:33,096] {manager.py:508} INFO - Created Permission View: can read on DAG:example_xcom
[2024-12-14 15:51:33,097] {logging_mixin.py:115} INFO - [2024-12-14 15:51:33,097] {dag.py:2379} INFO - Sync 1 DAGs
[2024-12-14 15:51:33,105] {logging_mixin.py:115} INFO - [2024-12-14 15:51:33,105] {dag.py:2398} INFO - Creating ORM DAG for example_xcom
[2024-12-14 15:51:33,116] {logging_mixin.py:115} INFO - [2024-12-14 15:51:33,116] {dag.py:2927} INFO - Setting next_dagrun for example_xcom to 2021-01-01T00:00:00+00:00, run_after=2021-01-01T00:00:00+00:00
[2024-12-14 15:51:33,137] {processor.py:161} INFO - Processing /home/dev/curso/ambientevirtual/lib/python3.9/site-packages/airflow/example_dags/example_xcom.py took 0.183 seconds
[2024-12-14 15:52:13,106] {processor.py:153} INFO - Started process (PID=48292) to work on /home/dev/curso/ambientevirtual/lib/python3.9/site-packages/airflow/example_dags/example_xcom.py
[2024-12-14 15:52:13,107] {processor.py:641} INFO - Processing file /home/dev/curso/ambientevirtual/lib/python3.9/site-packages/airflow/example_dags/example_xcom.py for tasks to queue
[2024-12-14 15:52:13,108] {logging_mixin.py:115} INFO - [2024-12-14 15:52:13,108] {dagbag.py:507} INFO - Filling up the DagBag from /home/dev/curso/ambientevirtual/lib/python3.9/site-packages/airflow/example_dags/example_xcom.py
[2024-12-14 15:52:13,153] {processor.py:651} INFO - DAG(s) dict_keys(['example_xcom']) retrieved from /home/dev/curso/ambientevirtual/lib/python3.9/site-packages/airflow/example_dags/example_xcom.py
[2024-12-14 15:52:13,271] {logging_mixin.py:115} INFO - [2024-12-14 15:52:13,271] {dag.py:2379} INFO - Sync 1 DAGs
[2024-12-14 15:52:13,301] {logging_mixin.py:115} INFO - [2024-12-14 15:52:13,301] {dag.py:2927} INFO - Setting next_dagrun for example_xcom to 2021-01-01T00:00:00+00:00, run_after=2021-01-01T00:00:00+00:00
[2024-12-14 15:52:13,492] {processor.py:161} INFO - Processing /home/dev/curso/ambientevirtual/lib/python3.9/site-packages/airflow/example_dags/example_xcom.py took 0.391 seconds
[2024-12-14 15:52:49,431] {processor.py:153} INFO - Started process (PID=48422) to work on /home/dev/curso/ambientevirtual/lib/python3.9/site-packages/airflow/example_dags/example_xcom.py
[2024-12-14 15:52:49,432] {processor.py:641} INFO - Processing file /home/dev/curso/ambientevirtual/lib/python3.9/site-packages/airflow/example_dags/example_xcom.py for tasks to queue
[2024-12-14 15:52:49,433] {logging_mixin.py:115} INFO - [2024-12-14 15:52:49,433] {dagbag.py:507} INFO - Filling up the DagBag from /home/dev/curso/ambientevirtual/lib/python3.9/site-packages/airflow/example_dags/example_xcom.py
[2024-12-14 15:52:49,465] {processor.py:651} INFO - DAG(s) dict_keys(['example_xcom']) retrieved from /home/dev/curso/ambientevirtual/lib/python3.9/site-packages/airflow/example_dags/example_xcom.py
[2024-12-14 15:52:49,523] {logging_mixin.py:115} INFO - [2024-12-14 15:52:49,523] {dag.py:2379} INFO - Sync 1 DAGs
[2024-12-14 15:52:49,539] {logging_mixin.py:115} INFO - [2024-12-14 15:52:49,539] {dag.py:2927} INFO - Setting next_dagrun for example_xcom to 2021-01-01T00:00:00+00:00, run_after=2021-01-01T00:00:00+00:00
[2024-12-14 15:52:49,556] {processor.py:161} INFO - Processing /home/dev/curso/ambientevirtual/lib/python3.9/site-packages/airflow/example_dags/example_xcom.py took 0.132 seconds
[2024-12-14 15:53:25,363] {processor.py:153} INFO - Started process (PID=48558) to work on /home/dev/curso/ambientevirtual/lib/python3.9/site-packages/airflow/example_dags/example_xcom.py
[2024-12-14 15:53:25,365] {processor.py:641} INFO - Processing file /home/dev/curso/ambientevirtual/lib/python3.9/site-packages/airflow/example_dags/example_xcom.py for tasks to queue
[2024-12-14 15:53:25,366] {logging_mixin.py:115} INFO - [2024-12-14 15:53:25,366] {dagbag.py:507} INFO - Filling up the DagBag from /home/dev/curso/ambientevirtual/lib/python3.9/site-packages/airflow/example_dags/example_xcom.py
[2024-12-14 15:53:25,393] {processor.py:651} INFO - DAG(s) dict_keys(['example_xcom']) retrieved from /home/dev/curso/ambientevirtual/lib/python3.9/site-packages/airflow/example_dags/example_xcom.py
[2024-12-14 15:53:25,412] {logging_mixin.py:115} INFO - [2024-12-14 15:53:25,412] {dag.py:2379} INFO - Sync 1 DAGs
[2024-12-14 15:53:25,430] {logging_mixin.py:115} INFO - [2024-12-14 15:53:25,430] {dag.py:2927} INFO - Setting next_dagrun for example_xcom to 2021-01-01T00:00:00+00:00, run_after=2021-01-01T00:00:00+00:00
[2024-12-14 15:53:25,448] {processor.py:161} INFO - Processing /home/dev/curso/ambientevirtual/lib/python3.9/site-packages/airflow/example_dags/example_xcom.py took 0.091 seconds
[2024-12-14 15:54:00,904] {processor.py:153} INFO - Started process (PID=48687) to work on /home/dev/curso/ambientevirtual/lib/python3.9/site-packages/airflow/example_dags/example_xcom.py
[2024-12-14 15:54:00,906] {processor.py:641} INFO - Processing file /home/dev/curso/ambientevirtual/lib/python3.9/site-packages/airflow/example_dags/example_xcom.py for tasks to queue
[2024-12-14 15:54:00,907] {logging_mixin.py:115} INFO - [2024-12-14 15:54:00,907] {dagbag.py:507} INFO - Filling up the DagBag from /home/dev/curso/ambientevirtual/lib/python3.9/site-packages/airflow/example_dags/example_xcom.py
[2024-12-14 15:54:00,938] {processor.py:651} INFO - DAG(s) dict_keys(['example_xcom']) retrieved from /home/dev/curso/ambientevirtual/lib/python3.9/site-packages/airflow/example_dags/example_xcom.py
[2024-12-14 15:54:00,989] {logging_mixin.py:115} INFO - [2024-12-14 15:54:00,989] {dag.py:2379} INFO - Sync 1 DAGs
[2024-12-14 15:54:01,006] {logging_mixin.py:115} INFO - [2024-12-14 15:54:01,006] {dag.py:2927} INFO - Setting next_dagrun for example_xcom to 2021-01-01T00:00:00+00:00, run_after=2021-01-01T00:00:00+00:00
[2024-12-14 15:54:01,024] {processor.py:161} INFO - Processing /home/dev/curso/ambientevirtual/lib/python3.9/site-packages/airflow/example_dags/example_xcom.py took 0.126 seconds
[2024-12-14 15:54:36,797] {processor.py:153} INFO - Started process (PID=48817) to work on /home/dev/curso/ambientevirtual/lib/python3.9/site-packages/airflow/example_dags/example_xcom.py
[2024-12-14 15:54:36,799] {processor.py:641} INFO - Processing file /home/dev/curso/ambientevirtual/lib/python3.9/site-packages/airflow/example_dags/example_xcom.py for tasks to queue
[2024-12-14 15:54:36,800] {logging_mixin.py:115} INFO - [2024-12-14 15:54:36,800] {dagbag.py:507} INFO - Filling up the DagBag from /home/dev/curso/ambientevirtual/lib/python3.9/site-packages/airflow/example_dags/example_xcom.py
[2024-12-14 15:54:36,823] {processor.py:651} INFO - DAG(s) dict_keys(['example_xcom']) retrieved from /home/dev/curso/ambientevirtual/lib/python3.9/site-packages/airflow/example_dags/example_xcom.py
[2024-12-14 15:54:36,843] {logging_mixin.py:115} INFO - [2024-12-14 15:54:36,843] {dag.py:2379} INFO - Sync 1 DAGs
[2024-12-14 15:54:36,862] {logging_mixin.py:115} INFO - [2024-12-14 15:54:36,861] {dag.py:2927} INFO - Setting next_dagrun for example_xcom to 2021-01-01T00:00:00+00:00, run_after=2021-01-01T00:00:00+00:00
[2024-12-14 15:54:36,880] {processor.py:161} INFO - Processing /home/dev/curso/ambientevirtual/lib/python3.9/site-packages/airflow/example_dags/example_xcom.py took 0.089 seconds
[2024-12-14 15:55:10,129] {processor.py:153} INFO - Started process (PID=48939) to work on /home/dev/curso/ambientevirtual/lib/python3.9/site-packages/airflow/example_dags/example_xcom.py
[2024-12-14 15:55:10,130] {processor.py:641} INFO - Processing file /home/dev/curso/ambientevirtual/lib/python3.9/site-packages/airflow/example_dags/example_xcom.py for tasks to queue
[2024-12-14 15:55:10,131] {logging_mixin.py:115} INFO - [2024-12-14 15:55:10,131] {dagbag.py:507} INFO - Filling up the DagBag from /home/dev/curso/ambientevirtual/lib/python3.9/site-packages/airflow/example_dags/example_xcom.py
[2024-12-14 15:55:10,167] {processor.py:651} INFO - DAG(s) dict_keys(['example_xcom']) retrieved from /home/dev/curso/ambientevirtual/lib/python3.9/site-packages/airflow/example_dags/example_xcom.py
[2024-12-14 15:55:10,220] {logging_mixin.py:115} INFO - [2024-12-14 15:55:10,220] {dag.py:2379} INFO - Sync 1 DAGs
[2024-12-14 15:55:10,237] {logging_mixin.py:115} INFO - [2024-12-14 15:55:10,237] {dag.py:2927} INFO - Setting next_dagrun for example_xcom to 2021-01-01T00:00:00+00:00, run_after=2021-01-01T00:00:00+00:00
[2024-12-14 15:55:10,254] {processor.py:161} INFO - Processing /home/dev/curso/ambientevirtual/lib/python3.9/site-packages/airflow/example_dags/example_xcom.py took 0.131 seconds
[2024-12-14 15:55:43,847] {processor.py:153} INFO - Started process (PID=49061) to work on /home/dev/curso/ambientevirtual/lib/python3.9/site-packages/airflow/example_dags/example_xcom.py
[2024-12-14 15:55:43,849] {processor.py:641} INFO - Processing file /home/dev/curso/ambientevirtual/lib/python3.9/site-packages/airflow/example_dags/example_xcom.py for tasks to queue
[2024-12-14 15:55:43,850] {logging_mixin.py:115} INFO - [2024-12-14 15:55:43,850] {dagbag.py:507} INFO - Filling up the DagBag from /home/dev/curso/ambientevirtual/lib/python3.9/site-packages/airflow/example_dags/example_xcom.py
[2024-12-14 15:55:43,874] {processor.py:651} INFO - DAG(s) dict_keys(['example_xcom']) retrieved from /home/dev/curso/ambientevirtual/lib/python3.9/site-packages/airflow/example_dags/example_xcom.py
[2024-12-14 15:55:43,923] {logging_mixin.py:115} INFO - [2024-12-14 15:55:43,923] {dag.py:2379} INFO - Sync 1 DAGs
[2024-12-14 15:55:43,940] {logging_mixin.py:115} INFO - [2024-12-14 15:55:43,939] {dag.py:2927} INFO - Setting next_dagrun for example_xcom to 2021-01-01T00:00:00+00:00, run_after=2021-01-01T00:00:00+00:00
[2024-12-14 15:55:43,957] {processor.py:161} INFO - Processing /home/dev/curso/ambientevirtual/lib/python3.9/site-packages/airflow/example_dags/example_xcom.py took 0.116 seconds
[2024-12-14 15:56:20,680] {processor.py:153} INFO - Started process (PID=49197) to work on /home/dev/curso/ambientevirtual/lib/python3.9/site-packages/airflow/example_dags/example_xcom.py
[2024-12-14 15:56:20,683] {processor.py:641} INFO - Processing file /home/dev/curso/ambientevirtual/lib/python3.9/site-packages/airflow/example_dags/example_xcom.py for tasks to queue
[2024-12-14 15:56:20,684] {logging_mixin.py:115} INFO - [2024-12-14 15:56:20,683] {dagbag.py:507} INFO - Filling up the DagBag from /home/dev/curso/ambientevirtual/lib/python3.9/site-packages/airflow/example_dags/example_xcom.py
[2024-12-14 15:56:20,716] {processor.py:651} INFO - DAG(s) dict_keys(['example_xcom']) retrieved from /home/dev/curso/ambientevirtual/lib/python3.9/site-packages/airflow/example_dags/example_xcom.py
[2024-12-14 15:56:20,739] {logging_mixin.py:115} INFO - [2024-12-14 15:56:20,739] {dag.py:2379} INFO - Sync 1 DAGs
[2024-12-14 15:56:20,762] {logging_mixin.py:115} INFO - [2024-12-14 15:56:20,762] {dag.py:2927} INFO - Setting next_dagrun for example_xcom to 2021-01-01T00:00:00+00:00, run_after=2021-01-01T00:00:00+00:00
[2024-12-14 15:56:20,781] {processor.py:161} INFO - Processing /home/dev/curso/ambientevirtual/lib/python3.9/site-packages/airflow/example_dags/example_xcom.py took 0.109 seconds
[2024-12-14 15:56:53,573] {processor.py:153} INFO - Started process (PID=49376) to work on /home/dev/curso/ambientevirtual/lib/python3.9/site-packages/airflow/example_dags/example_xcom.py
[2024-12-14 15:56:53,574] {processor.py:641} INFO - Processing file /home/dev/curso/ambientevirtual/lib/python3.9/site-packages/airflow/example_dags/example_xcom.py for tasks to queue
[2024-12-14 15:56:53,574] {logging_mixin.py:115} INFO - [2024-12-14 15:56:53,574] {dagbag.py:507} INFO - Filling up the DagBag from /home/dev/curso/ambientevirtual/lib/python3.9/site-packages/airflow/example_dags/example_xcom.py
[2024-12-14 15:56:53,600] {processor.py:651} INFO - DAG(s) dict_keys(['example_xcom']) retrieved from /home/dev/curso/ambientevirtual/lib/python3.9/site-packages/airflow/example_dags/example_xcom.py
[2024-12-14 15:56:53,661] {logging_mixin.py:115} INFO - [2024-12-14 15:56:53,661] {dag.py:2379} INFO - Sync 1 DAGs
[2024-12-14 15:56:53,679] {logging_mixin.py:115} INFO - [2024-12-14 15:56:53,678] {dag.py:2927} INFO - Setting next_dagrun for example_xcom to 2021-01-01T00:00:00+00:00, run_after=2021-01-01T00:00:00+00:00
[2024-12-14 15:56:53,703] {processor.py:161} INFO - Processing /home/dev/curso/ambientevirtual/lib/python3.9/site-packages/airflow/example_dags/example_xcom.py took 0.133 seconds
[2024-12-14 15:57:29,387] {processor.py:153} INFO - Started process (PID=49505) to work on /home/dev/curso/ambientevirtual/lib/python3.9/site-packages/airflow/example_dags/example_xcom.py
[2024-12-14 15:57:29,389] {processor.py:641} INFO - Processing file /home/dev/curso/ambientevirtual/lib/python3.9/site-packages/airflow/example_dags/example_xcom.py for tasks to queue
[2024-12-14 15:57:29,390] {logging_mixin.py:115} INFO - [2024-12-14 15:57:29,390] {dagbag.py:507} INFO - Filling up the DagBag from /home/dev/curso/ambientevirtual/lib/python3.9/site-packages/airflow/example_dags/example_xcom.py
[2024-12-14 15:57:29,417] {processor.py:651} INFO - DAG(s) dict_keys(['example_xcom']) retrieved from /home/dev/curso/ambientevirtual/lib/python3.9/site-packages/airflow/example_dags/example_xcom.py
[2024-12-14 15:57:29,440] {logging_mixin.py:115} INFO - [2024-12-14 15:57:29,440] {dag.py:2379} INFO - Sync 1 DAGs
[2024-12-14 15:57:29,465] {logging_mixin.py:115} INFO - [2024-12-14 15:57:29,465] {dag.py:2927} INFO - Setting next_dagrun for example_xcom to 2021-01-01T00:00:00+00:00, run_after=2021-01-01T00:00:00+00:00
[2024-12-14 15:57:29,481] {processor.py:161} INFO - Processing /home/dev/curso/ambientevirtual/lib/python3.9/site-packages/airflow/example_dags/example_xcom.py took 0.100 seconds
[2024-12-14 15:58:04,415] {processor.py:153} INFO - Started process (PID=49634) to work on /home/dev/curso/ambientevirtual/lib/python3.9/site-packages/airflow/example_dags/example_xcom.py
[2024-12-14 15:58:04,418] {processor.py:641} INFO - Processing file /home/dev/curso/ambientevirtual/lib/python3.9/site-packages/airflow/example_dags/example_xcom.py for tasks to queue
[2024-12-14 15:58:04,418] {logging_mixin.py:115} INFO - [2024-12-14 15:58:04,418] {dagbag.py:507} INFO - Filling up the DagBag from /home/dev/curso/ambientevirtual/lib/python3.9/site-packages/airflow/example_dags/example_xcom.py
[2024-12-14 15:58:04,441] {processor.py:651} INFO - DAG(s) dict_keys(['example_xcom']) retrieved from /home/dev/curso/ambientevirtual/lib/python3.9/site-packages/airflow/example_dags/example_xcom.py
[2024-12-14 15:58:04,465] {logging_mixin.py:115} INFO - [2024-12-14 15:58:04,465] {dag.py:2379} INFO - Sync 1 DAGs
[2024-12-14 15:58:04,490] {logging_mixin.py:115} INFO - [2024-12-14 15:58:04,490] {dag.py:2927} INFO - Setting next_dagrun for example_xcom to 2021-01-01T00:00:00+00:00, run_after=2021-01-01T00:00:00+00:00
[2024-12-14 15:58:04,510] {processor.py:161} INFO - Processing /home/dev/curso/ambientevirtual/lib/python3.9/site-packages/airflow/example_dags/example_xcom.py took 0.103 seconds
[2024-12-14 15:58:39,293] {processor.py:153} INFO - Started process (PID=49763) to work on /home/dev/curso/ambientevirtual/lib/python3.9/site-packages/airflow/example_dags/example_xcom.py
[2024-12-14 15:58:39,293] {processor.py:641} INFO - Processing file /home/dev/curso/ambientevirtual/lib/python3.9/site-packages/airflow/example_dags/example_xcom.py for tasks to queue
[2024-12-14 15:58:39,294] {logging_mixin.py:115} INFO - [2024-12-14 15:58:39,294] {dagbag.py:507} INFO - Filling up the DagBag from /home/dev/curso/ambientevirtual/lib/python3.9/site-packages/airflow/example_dags/example_xcom.py
[2024-12-14 15:58:39,345] {processor.py:651} INFO - DAG(s) dict_keys(['example_xcom']) retrieved from /home/dev/curso/ambientevirtual/lib/python3.9/site-packages/airflow/example_dags/example_xcom.py
[2024-12-14 15:58:39,383] {logging_mixin.py:115} INFO - [2024-12-14 15:58:39,383] {dag.py:2379} INFO - Sync 1 DAGs
[2024-12-14 15:58:39,442] {logging_mixin.py:115} INFO - [2024-12-14 15:58:39,442] {dag.py:2927} INFO - Setting next_dagrun for example_xcom to 2021-01-01T00:00:00+00:00, run_after=2021-01-01T00:00:00+00:00
[2024-12-14 15:58:39,485] {processor.py:161} INFO - Processing /home/dev/curso/ambientevirtual/lib/python3.9/site-packages/airflow/example_dags/example_xcom.py took 0.197 seconds
[2024-12-14 15:59:14,580] {processor.py:153} INFO - Started process (PID=49892) to work on /home/dev/curso/ambientevirtual/lib/python3.9/site-packages/airflow/example_dags/example_xcom.py
[2024-12-14 15:59:14,582] {processor.py:641} INFO - Processing file /home/dev/curso/ambientevirtual/lib/python3.9/site-packages/airflow/example_dags/example_xcom.py for tasks to queue
[2024-12-14 15:59:14,582] {logging_mixin.py:115} INFO - [2024-12-14 15:59:14,582] {dagbag.py:507} INFO - Filling up the DagBag from /home/dev/curso/ambientevirtual/lib/python3.9/site-packages/airflow/example_dags/example_xcom.py
[2024-12-14 15:59:14,605] {processor.py:651} INFO - DAG(s) dict_keys(['example_xcom']) retrieved from /home/dev/curso/ambientevirtual/lib/python3.9/site-packages/airflow/example_dags/example_xcom.py
[2024-12-14 15:59:14,659] {logging_mixin.py:115} INFO - [2024-12-14 15:59:14,659] {dag.py:2379} INFO - Sync 1 DAGs
[2024-12-14 15:59:14,677] {logging_mixin.py:115} INFO - [2024-12-14 15:59:14,677] {dag.py:2927} INFO - Setting next_dagrun for example_xcom to 2021-01-01T00:00:00+00:00, run_after=2021-01-01T00:00:00+00:00
[2024-12-14 15:59:14,696] {processor.py:161} INFO - Processing /home/dev/curso/ambientevirtual/lib/python3.9/site-packages/airflow/example_dags/example_xcom.py took 0.123 seconds
[2024-12-14 15:59:48,468] {processor.py:153} INFO - Started process (PID=50013) to work on /home/dev/curso/ambientevirtual/lib/python3.9/site-packages/airflow/example_dags/example_xcom.py
[2024-12-14 15:59:48,469] {processor.py:641} INFO - Processing file /home/dev/curso/ambientevirtual/lib/python3.9/site-packages/airflow/example_dags/example_xcom.py for tasks to queue
[2024-12-14 15:59:48,470] {logging_mixin.py:115} INFO - [2024-12-14 15:59:48,470] {dagbag.py:507} INFO - Filling up the DagBag from /home/dev/curso/ambientevirtual/lib/python3.9/site-packages/airflow/example_dags/example_xcom.py
[2024-12-14 15:59:48,501] {processor.py:651} INFO - DAG(s) dict_keys(['example_xcom']) retrieved from /home/dev/curso/ambientevirtual/lib/python3.9/site-packages/airflow/example_dags/example_xcom.py
[2024-12-14 15:59:48,551] {logging_mixin.py:115} INFO - [2024-12-14 15:59:48,551] {dag.py:2379} INFO - Sync 1 DAGs
[2024-12-14 15:59:48,568] {logging_mixin.py:115} INFO - [2024-12-14 15:59:48,568] {dag.py:2927} INFO - Setting next_dagrun for example_xcom to 2021-01-01T00:00:00+00:00, run_after=2021-01-01T00:00:00+00:00
[2024-12-14 15:59:48,585] {processor.py:161} INFO - Processing /home/dev/curso/ambientevirtual/lib/python3.9/site-packages/airflow/example_dags/example_xcom.py took 0.121 seconds
[2024-12-14 16:00:21,827] {processor.py:153} INFO - Started process (PID=50135) to work on /home/dev/curso/ambientevirtual/lib/python3.9/site-packages/airflow/example_dags/example_xcom.py
[2024-12-14 16:00:21,828] {processor.py:641} INFO - Processing file /home/dev/curso/ambientevirtual/lib/python3.9/site-packages/airflow/example_dags/example_xcom.py for tasks to queue
[2024-12-14 16:00:21,828] {logging_mixin.py:115} INFO - [2024-12-14 16:00:21,828] {dagbag.py:507} INFO - Filling up the DagBag from /home/dev/curso/ambientevirtual/lib/python3.9/site-packages/airflow/example_dags/example_xcom.py
[2024-12-14 16:00:21,853] {processor.py:651} INFO - DAG(s) dict_keys(['example_xcom']) retrieved from /home/dev/curso/ambientevirtual/lib/python3.9/site-packages/airflow/example_dags/example_xcom.py
[2024-12-14 16:00:21,874] {logging_mixin.py:115} INFO - [2024-12-14 16:00:21,874] {dag.py:2379} INFO - Sync 1 DAGs
[2024-12-14 16:00:21,894] {logging_mixin.py:115} INFO - [2024-12-14 16:00:21,894] {dag.py:2927} INFO - Setting next_dagrun for example_xcom to 2021-01-01T00:00:00+00:00, run_after=2021-01-01T00:00:00+00:00
[2024-12-14 16:00:21,911] {processor.py:161} INFO - Processing /home/dev/curso/ambientevirtual/lib/python3.9/site-packages/airflow/example_dags/example_xcom.py took 0.088 seconds
[2024-12-14 16:00:54,938] {processor.py:153} INFO - Started process (PID=50316) to work on /home/dev/curso/ambientevirtual/lib/python3.9/site-packages/airflow/example_dags/example_xcom.py
[2024-12-14 16:00:54,939] {processor.py:641} INFO - Processing file /home/dev/curso/ambientevirtual/lib/python3.9/site-packages/airflow/example_dags/example_xcom.py for tasks to queue
[2024-12-14 16:00:54,940] {logging_mixin.py:115} INFO - [2024-12-14 16:00:54,940] {dagbag.py:507} INFO - Filling up the DagBag from /home/dev/curso/ambientevirtual/lib/python3.9/site-packages/airflow/example_dags/example_xcom.py
[2024-12-14 16:00:54,968] {processor.py:651} INFO - DAG(s) dict_keys(['example_xcom']) retrieved from /home/dev/curso/ambientevirtual/lib/python3.9/site-packages/airflow/example_dags/example_xcom.py
[2024-12-14 16:00:55,054] {logging_mixin.py:115} INFO - [2024-12-14 16:00:55,054] {dag.py:2379} INFO - Sync 1 DAGs
[2024-12-14 16:00:55,074] {logging_mixin.py:115} INFO - [2024-12-14 16:00:55,074] {dag.py:2927} INFO - Setting next_dagrun for example_xcom to 2021-01-01T00:00:00+00:00, run_after=2021-01-01T00:00:00+00:00
[2024-12-14 16:00:55,092] {processor.py:161} INFO - Processing /home/dev/curso/ambientevirtual/lib/python3.9/site-packages/airflow/example_dags/example_xcom.py took 0.158 seconds
[2024-12-14 16:01:29,225] {processor.py:153} INFO - Started process (PID=50551) to work on /home/dev/curso/ambientevirtual/lib/python3.9/site-packages/airflow/example_dags/example_xcom.py
[2024-12-14 16:01:29,226] {processor.py:641} INFO - Processing file /home/dev/curso/ambientevirtual/lib/python3.9/site-packages/airflow/example_dags/example_xcom.py for tasks to queue
[2024-12-14 16:01:29,227] {logging_mixin.py:115} INFO - [2024-12-14 16:01:29,227] {dagbag.py:507} INFO - Filling up the DagBag from /home/dev/curso/ambientevirtual/lib/python3.9/site-packages/airflow/example_dags/example_xcom.py
[2024-12-14 16:01:29,249] {processor.py:651} INFO - DAG(s) dict_keys(['example_xcom']) retrieved from /home/dev/curso/ambientevirtual/lib/python3.9/site-packages/airflow/example_dags/example_xcom.py
[2024-12-14 16:01:29,309] {logging_mixin.py:115} INFO - [2024-12-14 16:01:29,309] {dag.py:2379} INFO - Sync 1 DAGs
[2024-12-14 16:01:29,327] {logging_mixin.py:115} INFO - [2024-12-14 16:01:29,327] {dag.py:2927} INFO - Setting next_dagrun for example_xcom to 2021-01-01T00:00:00+00:00, run_after=2021-01-01T00:00:00+00:00
[2024-12-14 16:01:29,349] {processor.py:161} INFO - Processing /home/dev/curso/ambientevirtual/lib/python3.9/site-packages/airflow/example_dags/example_xcom.py took 0.128 seconds
[2024-12-14 16:02:06,333] {processor.py:153} INFO - Started process (PID=50745) to work on /home/dev/curso/ambientevirtual/lib/python3.9/site-packages/airflow/example_dags/example_xcom.py
[2024-12-14 16:02:06,334] {processor.py:641} INFO - Processing file /home/dev/curso/ambientevirtual/lib/python3.9/site-packages/airflow/example_dags/example_xcom.py for tasks to queue
[2024-12-14 16:02:06,335] {logging_mixin.py:115} INFO - [2024-12-14 16:02:06,335] {dagbag.py:507} INFO - Filling up the DagBag from /home/dev/curso/ambientevirtual/lib/python3.9/site-packages/airflow/example_dags/example_xcom.py
[2024-12-14 16:02:06,359] {processor.py:651} INFO - DAG(s) dict_keys(['example_xcom']) retrieved from /home/dev/curso/ambientevirtual/lib/python3.9/site-packages/airflow/example_dags/example_xcom.py
[2024-12-14 16:02:06,381] {logging_mixin.py:115} INFO - [2024-12-14 16:02:06,381] {dag.py:2379} INFO - Sync 1 DAGs
[2024-12-14 16:02:06,402] {logging_mixin.py:115} INFO - [2024-12-14 16:02:06,402] {dag.py:2927} INFO - Setting next_dagrun for example_xcom to 2021-01-01T00:00:00+00:00, run_after=2021-01-01T00:00:00+00:00
[2024-12-14 16:02:06,420] {processor.py:161} INFO - Processing /home/dev/curso/ambientevirtual/lib/python3.9/site-packages/airflow/example_dags/example_xcom.py took 0.091 seconds
[2024-12-14 16:02:42,060] {processor.py:153} INFO - Started process (PID=50877) to work on /home/dev/curso/ambientevirtual/lib/python3.9/site-packages/airflow/example_dags/example_xcom.py
[2024-12-14 16:02:42,062] {processor.py:641} INFO - Processing file /home/dev/curso/ambientevirtual/lib/python3.9/site-packages/airflow/example_dags/example_xcom.py for tasks to queue
[2024-12-14 16:02:42,062] {logging_mixin.py:115} INFO - [2024-12-14 16:02:42,062] {dagbag.py:507} INFO - Filling up the DagBag from /home/dev/curso/ambientevirtual/lib/python3.9/site-packages/airflow/example_dags/example_xcom.py
[2024-12-14 16:02:42,083] {processor.py:651} INFO - DAG(s) dict_keys(['example_xcom']) retrieved from /home/dev/curso/ambientevirtual/lib/python3.9/site-packages/airflow/example_dags/example_xcom.py
[2024-12-14 16:02:42,103] {logging_mixin.py:115} INFO - [2024-12-14 16:02:42,103] {dag.py:2379} INFO - Sync 1 DAGs
[2024-12-14 16:02:42,128] {logging_mixin.py:115} INFO - [2024-12-14 16:02:42,127] {dag.py:2927} INFO - Setting next_dagrun for example_xcom to 2021-01-01T00:00:00+00:00, run_after=2021-01-01T00:00:00+00:00
[2024-12-14 16:02:42,149] {processor.py:161} INFO - Processing /home/dev/curso/ambientevirtual/lib/python3.9/site-packages/airflow/example_dags/example_xcom.py took 0.092 seconds
[2024-12-14 16:03:14,755] {processor.py:153} INFO - Started process (PID=50999) to work on /home/dev/curso/ambientevirtual/lib/python3.9/site-packages/airflow/example_dags/example_xcom.py
[2024-12-14 16:03:14,756] {processor.py:641} INFO - Processing file /home/dev/curso/ambientevirtual/lib/python3.9/site-packages/airflow/example_dags/example_xcom.py for tasks to queue
[2024-12-14 16:03:14,757] {logging_mixin.py:115} INFO - [2024-12-14 16:03:14,757] {dagbag.py:507} INFO - Filling up the DagBag from /home/dev/curso/ambientevirtual/lib/python3.9/site-packages/airflow/example_dags/example_xcom.py
[2024-12-14 16:03:14,791] {processor.py:651} INFO - DAG(s) dict_keys(['example_xcom']) retrieved from /home/dev/curso/ambientevirtual/lib/python3.9/site-packages/airflow/example_dags/example_xcom.py
[2024-12-14 16:03:14,811] {logging_mixin.py:115} INFO - [2024-12-14 16:03:14,811] {dag.py:2379} INFO - Sync 1 DAGs
[2024-12-14 16:03:14,831] {logging_mixin.py:115} INFO - [2024-12-14 16:03:14,831] {dag.py:2927} INFO - Setting next_dagrun for example_xcom to 2021-01-01T00:00:00+00:00, run_after=2021-01-01T00:00:00+00:00
[2024-12-14 16:03:14,847] {processor.py:161} INFO - Processing /home/dev/curso/ambientevirtual/lib/python3.9/site-packages/airflow/example_dags/example_xcom.py took 0.099 seconds
[2024-12-14 16:03:49,874] {processor.py:153} INFO - Started process (PID=51128) to work on /home/dev/curso/ambientevirtual/lib/python3.9/site-packages/airflow/example_dags/example_xcom.py
[2024-12-14 16:03:49,876] {processor.py:641} INFO - Processing file /home/dev/curso/ambientevirtual/lib/python3.9/site-packages/airflow/example_dags/example_xcom.py for tasks to queue
[2024-12-14 16:03:49,877] {logging_mixin.py:115} INFO - [2024-12-14 16:03:49,876] {dagbag.py:507} INFO - Filling up the DagBag from /home/dev/curso/ambientevirtual/lib/python3.9/site-packages/airflow/example_dags/example_xcom.py
[2024-12-14 16:03:49,901] {processor.py:651} INFO - DAG(s) dict_keys(['example_xcom']) retrieved from /home/dev/curso/ambientevirtual/lib/python3.9/site-packages/airflow/example_dags/example_xcom.py
[2024-12-14 16:03:49,921] {logging_mixin.py:115} INFO - [2024-12-14 16:03:49,921] {dag.py:2379} INFO - Sync 1 DAGs
[2024-12-14 16:03:49,941] {logging_mixin.py:115} INFO - [2024-12-14 16:03:49,941] {dag.py:2927} INFO - Setting next_dagrun for example_xcom to 2021-01-01T00:00:00+00:00, run_after=2021-01-01T00:00:00+00:00
[2024-12-14 16:03:49,958] {processor.py:161} INFO - Processing /home/dev/curso/ambientevirtual/lib/python3.9/site-packages/airflow/example_dags/example_xcom.py took 0.091 seconds
[2024-12-14 16:04:25,385] {processor.py:153} INFO - Started process (PID=51257) to work on /home/dev/curso/ambientevirtual/lib/python3.9/site-packages/airflow/example_dags/example_xcom.py
[2024-12-14 16:04:25,387] {processor.py:641} INFO - Processing file /home/dev/curso/ambientevirtual/lib/python3.9/site-packages/airflow/example_dags/example_xcom.py for tasks to queue
[2024-12-14 16:04:25,388] {logging_mixin.py:115} INFO - [2024-12-14 16:04:25,388] {dagbag.py:507} INFO - Filling up the DagBag from /home/dev/curso/ambientevirtual/lib/python3.9/site-packages/airflow/example_dags/example_xcom.py
[2024-12-14 16:04:25,422] {processor.py:651} INFO - DAG(s) dict_keys(['example_xcom']) retrieved from /home/dev/curso/ambientevirtual/lib/python3.9/site-packages/airflow/example_dags/example_xcom.py
[2024-12-14 16:04:25,476] {logging_mixin.py:115} INFO - [2024-12-14 16:04:25,476] {dag.py:2379} INFO - Sync 1 DAGs
[2024-12-14 16:04:25,494] {logging_mixin.py:115} INFO - [2024-12-14 16:04:25,494] {dag.py:2927} INFO - Setting next_dagrun for example_xcom to 2021-01-01T00:00:00+00:00, run_after=2021-01-01T00:00:00+00:00
[2024-12-14 16:04:25,512] {processor.py:161} INFO - Processing /home/dev/curso/ambientevirtual/lib/python3.9/site-packages/airflow/example_dags/example_xcom.py took 0.134 seconds
[2024-12-14 16:05:02,629] {processor.py:153} INFO - Started process (PID=51394) to work on /home/dev/curso/ambientevirtual/lib/python3.9/site-packages/airflow/example_dags/example_xcom.py
[2024-12-14 16:05:02,631] {processor.py:641} INFO - Processing file /home/dev/curso/ambientevirtual/lib/python3.9/site-packages/airflow/example_dags/example_xcom.py for tasks to queue
[2024-12-14 16:05:02,631] {logging_mixin.py:115} INFO - [2024-12-14 16:05:02,631] {dagbag.py:507} INFO - Filling up the DagBag from /home/dev/curso/ambientevirtual/lib/python3.9/site-packages/airflow/example_dags/example_xcom.py
[2024-12-14 16:05:02,656] {processor.py:651} INFO - DAG(s) dict_keys(['example_xcom']) retrieved from /home/dev/curso/ambientevirtual/lib/python3.9/site-packages/airflow/example_dags/example_xcom.py
[2024-12-14 16:05:02,675] {logging_mixin.py:115} INFO - [2024-12-14 16:05:02,675] {dag.py:2379} INFO - Sync 1 DAGs
[2024-12-14 16:05:02,695] {logging_mixin.py:115} INFO - [2024-12-14 16:05:02,695] {dag.py:2927} INFO - Setting next_dagrun for example_xcom to 2021-01-01T00:00:00+00:00, run_after=2021-01-01T00:00:00+00:00
[2024-12-14 16:05:02,713] {processor.py:161} INFO - Processing /home/dev/curso/ambientevirtual/lib/python3.9/site-packages/airflow/example_dags/example_xcom.py took 0.090 seconds
[2024-12-14 16:05:38,266] {processor.py:153} INFO - Started process (PID=51524) to work on /home/dev/curso/ambientevirtual/lib/python3.9/site-packages/airflow/example_dags/example_xcom.py
[2024-12-14 16:05:38,268] {processor.py:641} INFO - Processing file /home/dev/curso/ambientevirtual/lib/python3.9/site-packages/airflow/example_dags/example_xcom.py for tasks to queue
[2024-12-14 16:05:38,269] {logging_mixin.py:115} INFO - [2024-12-14 16:05:38,269] {dagbag.py:507} INFO - Filling up the DagBag from /home/dev/curso/ambientevirtual/lib/python3.9/site-packages/airflow/example_dags/example_xcom.py
[2024-12-14 16:05:38,294] {processor.py:651} INFO - DAG(s) dict_keys(['example_xcom']) retrieved from /home/dev/curso/ambientevirtual/lib/python3.9/site-packages/airflow/example_dags/example_xcom.py
[2024-12-14 16:05:38,314] {logging_mixin.py:115} INFO - [2024-12-14 16:05:38,314] {dag.py:2379} INFO - Sync 1 DAGs
[2024-12-14 16:05:38,335] {logging_mixin.py:115} INFO - [2024-12-14 16:05:38,335] {dag.py:2927} INFO - Setting next_dagrun for example_xcom to 2021-01-01T00:00:00+00:00, run_after=2021-01-01T00:00:00+00:00
[2024-12-14 16:05:38,353] {processor.py:161} INFO - Processing /home/dev/curso/ambientevirtual/lib/python3.9/site-packages/airflow/example_dags/example_xcom.py took 0.094 seconds
[2024-12-14 16:06:11,424] {processor.py:153} INFO - Started process (PID=51645) to work on /home/dev/curso/ambientevirtual/lib/python3.9/site-packages/airflow/example_dags/example_xcom.py
[2024-12-14 16:06:11,425] {processor.py:641} INFO - Processing file /home/dev/curso/ambientevirtual/lib/python3.9/site-packages/airflow/example_dags/example_xcom.py for tasks to queue
[2024-12-14 16:06:11,425] {logging_mixin.py:115} INFO - [2024-12-14 16:06:11,425] {dagbag.py:507} INFO - Filling up the DagBag from /home/dev/curso/ambientevirtual/lib/python3.9/site-packages/airflow/example_dags/example_xcom.py
[2024-12-14 16:06:11,453] {processor.py:651} INFO - DAG(s) dict_keys(['example_xcom']) retrieved from /home/dev/curso/ambientevirtual/lib/python3.9/site-packages/airflow/example_dags/example_xcom.py
[2024-12-14 16:06:11,477] {logging_mixin.py:115} INFO - [2024-12-14 16:06:11,477] {dag.py:2379} INFO - Sync 1 DAGs
[2024-12-14 16:06:11,499] {logging_mixin.py:115} INFO - [2024-12-14 16:06:11,499] {dag.py:2927} INFO - Setting next_dagrun for example_xcom to 2021-01-01T00:00:00+00:00, run_after=2021-01-01T00:00:00+00:00
[2024-12-14 16:06:11,520] {processor.py:161} INFO - Processing /home/dev/curso/ambientevirtual/lib/python3.9/site-packages/airflow/example_dags/example_xcom.py took 0.100 seconds
[2024-12-14 16:06:48,905] {processor.py:153} INFO - Started process (PID=51841) to work on /home/dev/curso/ambientevirtual/lib/python3.9/site-packages/airflow/example_dags/example_xcom.py
[2024-12-14 16:06:48,907] {processor.py:641} INFO - Processing file /home/dev/curso/ambientevirtual/lib/python3.9/site-packages/airflow/example_dags/example_xcom.py for tasks to queue
[2024-12-14 16:06:48,908] {logging_mixin.py:115} INFO - [2024-12-14 16:06:48,908] {dagbag.py:507} INFO - Filling up the DagBag from /home/dev/curso/ambientevirtual/lib/python3.9/site-packages/airflow/example_dags/example_xcom.py
[2024-12-14 16:06:48,937] {processor.py:651} INFO - DAG(s) dict_keys(['example_xcom']) retrieved from /home/dev/curso/ambientevirtual/lib/python3.9/site-packages/airflow/example_dags/example_xcom.py
[2024-12-14 16:06:49,003] {logging_mixin.py:115} INFO - [2024-12-14 16:06:49,003] {dag.py:2379} INFO - Sync 1 DAGs
[2024-12-14 16:06:49,023] {logging_mixin.py:115} INFO - [2024-12-14 16:06:49,023] {dag.py:2927} INFO - Setting next_dagrun for example_xcom to 2021-01-01T00:00:00+00:00, run_after=2021-01-01T00:00:00+00:00
[2024-12-14 16:06:49,048] {processor.py:161} INFO - Processing /home/dev/curso/ambientevirtual/lib/python3.9/site-packages/airflow/example_dags/example_xcom.py took 0.151 seconds
[2024-12-14 16:07:22,312] {processor.py:153} INFO - Started process (PID=52021) to work on /home/dev/curso/ambientevirtual/lib/python3.9/site-packages/airflow/example_dags/example_xcom.py
[2024-12-14 16:07:22,313] {processor.py:641} INFO - Processing file /home/dev/curso/ambientevirtual/lib/python3.9/site-packages/airflow/example_dags/example_xcom.py for tasks to queue
[2024-12-14 16:07:22,314] {logging_mixin.py:115} INFO - [2024-12-14 16:07:22,314] {dagbag.py:507} INFO - Filling up the DagBag from /home/dev/curso/ambientevirtual/lib/python3.9/site-packages/airflow/example_dags/example_xcom.py
[2024-12-14 16:07:22,344] {processor.py:651} INFO - DAG(s) dict_keys(['example_xcom']) retrieved from /home/dev/curso/ambientevirtual/lib/python3.9/site-packages/airflow/example_dags/example_xcom.py
[2024-12-14 16:07:22,403] {logging_mixin.py:115} INFO - [2024-12-14 16:07:22,403] {dag.py:2379} INFO - Sync 1 DAGs
[2024-12-14 16:07:22,434] {logging_mixin.py:115} INFO - [2024-12-14 16:07:22,434] {dag.py:2927} INFO - Setting next_dagrun for example_xcom to 2021-01-01T00:00:00+00:00, run_after=2021-01-01T00:00:00+00:00
[2024-12-14 16:07:22,470] {processor.py:161} INFO - Processing /home/dev/curso/ambientevirtual/lib/python3.9/site-packages/airflow/example_dags/example_xcom.py took 0.165 seconds
[2024-12-14 16:07:58,057] {processor.py:153} INFO - Started process (PID=52151) to work on /home/dev/curso/ambientevirtual/lib/python3.9/site-packages/airflow/example_dags/example_xcom.py
[2024-12-14 16:07:58,059] {processor.py:641} INFO - Processing file /home/dev/curso/ambientevirtual/lib/python3.9/site-packages/airflow/example_dags/example_xcom.py for tasks to queue
[2024-12-14 16:07:58,060] {logging_mixin.py:115} INFO - [2024-12-14 16:07:58,059] {dagbag.py:507} INFO - Filling up the DagBag from /home/dev/curso/ambientevirtual/lib/python3.9/site-packages/airflow/example_dags/example_xcom.py
[2024-12-14 16:07:58,086] {processor.py:651} INFO - DAG(s) dict_keys(['example_xcom']) retrieved from /home/dev/curso/ambientevirtual/lib/python3.9/site-packages/airflow/example_dags/example_xcom.py
[2024-12-14 16:07:58,108] {logging_mixin.py:115} INFO - [2024-12-14 16:07:58,108] {dag.py:2379} INFO - Sync 1 DAGs
[2024-12-14 16:07:58,131] {logging_mixin.py:115} INFO - [2024-12-14 16:07:58,131] {dag.py:2927} INFO - Setting next_dagrun for example_xcom to 2021-01-01T00:00:00+00:00, run_after=2021-01-01T00:00:00+00:00
[2024-12-14 16:07:58,153] {processor.py:161} INFO - Processing /home/dev/curso/ambientevirtual/lib/python3.9/site-packages/airflow/example_dags/example_xcom.py took 0.099 seconds
[2024-12-14 16:08:32,793] {processor.py:153} INFO - Started process (PID=52390) to work on /home/dev/curso/ambientevirtual/lib/python3.9/site-packages/airflow/example_dags/example_xcom.py
[2024-12-14 16:08:32,793] {processor.py:641} INFO - Processing file /home/dev/curso/ambientevirtual/lib/python3.9/site-packages/airflow/example_dags/example_xcom.py for tasks to queue
[2024-12-14 16:08:32,794] {logging_mixin.py:115} INFO - [2024-12-14 16:08:32,794] {dagbag.py:507} INFO - Filling up the DagBag from /home/dev/curso/ambientevirtual/lib/python3.9/site-packages/airflow/example_dags/example_xcom.py
[2024-12-14 16:08:32,819] {processor.py:651} INFO - DAG(s) dict_keys(['example_xcom']) retrieved from /home/dev/curso/ambientevirtual/lib/python3.9/site-packages/airflow/example_dags/example_xcom.py
[2024-12-14 16:08:32,839] {logging_mixin.py:115} INFO - [2024-12-14 16:08:32,838] {dag.py:2379} INFO - Sync 1 DAGs
[2024-12-14 16:08:32,865] {logging_mixin.py:115} INFO - [2024-12-14 16:08:32,864] {dag.py:2927} INFO - Setting next_dagrun for example_xcom to 2021-01-01T00:00:00+00:00, run_after=2021-01-01T00:00:00+00:00
[2024-12-14 16:08:32,889] {processor.py:161} INFO - Processing /home/dev/curso/ambientevirtual/lib/python3.9/site-packages/airflow/example_dags/example_xcom.py took 0.102 seconds
[2024-12-14 16:09:08,825] {processor.py:153} INFO - Started process (PID=52641) to work on /home/dev/curso/ambientevirtual/lib/python3.9/site-packages/airflow/example_dags/example_xcom.py
[2024-12-14 16:09:08,826] {processor.py:641} INFO - Processing file /home/dev/curso/ambientevirtual/lib/python3.9/site-packages/airflow/example_dags/example_xcom.py for tasks to queue
[2024-12-14 16:09:08,827] {logging_mixin.py:115} INFO - [2024-12-14 16:09:08,827] {dagbag.py:507} INFO - Filling up the DagBag from /home/dev/curso/ambientevirtual/lib/python3.9/site-packages/airflow/example_dags/example_xcom.py
[2024-12-14 16:09:08,852] {processor.py:651} INFO - DAG(s) dict_keys(['example_xcom']) retrieved from /home/dev/curso/ambientevirtual/lib/python3.9/site-packages/airflow/example_dags/example_xcom.py
[2024-12-14 16:09:08,913] {logging_mixin.py:115} INFO - [2024-12-14 16:09:08,913] {dag.py:2379} INFO - Sync 1 DAGs
[2024-12-14 16:09:08,934] {logging_mixin.py:115} INFO - [2024-12-14 16:09:08,933] {dag.py:2927} INFO - Setting next_dagrun for example_xcom to 2021-01-01T00:00:00+00:00, run_after=2021-01-01T00:00:00+00:00
[2024-12-14 16:09:08,955] {processor.py:161} INFO - Processing /home/dev/curso/ambientevirtual/lib/python3.9/site-packages/airflow/example_dags/example_xcom.py took 0.136 seconds
[2024-12-14 16:09:45,764] {processor.py:153} INFO - Started process (PID=52772) to work on /home/dev/curso/ambientevirtual/lib/python3.9/site-packages/airflow/example_dags/example_xcom.py
[2024-12-14 16:09:45,766] {processor.py:641} INFO - Processing file /home/dev/curso/ambientevirtual/lib/python3.9/site-packages/airflow/example_dags/example_xcom.py for tasks to queue
[2024-12-14 16:09:45,766] {logging_mixin.py:115} INFO - [2024-12-14 16:09:45,766] {dagbag.py:507} INFO - Filling up the DagBag from /home/dev/curso/ambientevirtual/lib/python3.9/site-packages/airflow/example_dags/example_xcom.py
[2024-12-14 16:09:45,792] {processor.py:651} INFO - DAG(s) dict_keys(['example_xcom']) retrieved from /home/dev/curso/ambientevirtual/lib/python3.9/site-packages/airflow/example_dags/example_xcom.py
[2024-12-14 16:09:45,853] {logging_mixin.py:115} INFO - [2024-12-14 16:09:45,853] {dag.py:2379} INFO - Sync 1 DAGs
[2024-12-14 16:09:45,870] {logging_mixin.py:115} INFO - [2024-12-14 16:09:45,870] {dag.py:2927} INFO - Setting next_dagrun for example_xcom to 2021-01-01T00:00:00+00:00, run_after=2021-01-01T00:00:00+00:00
[2024-12-14 16:09:45,893] {processor.py:161} INFO - Processing /home/dev/curso/ambientevirtual/lib/python3.9/site-packages/airflow/example_dags/example_xcom.py took 0.134 seconds
[2024-12-14 16:10:19,864] {processor.py:153} INFO - Started process (PID=52900) to work on /home/dev/curso/ambientevirtual/lib/python3.9/site-packages/airflow/example_dags/example_xcom.py
[2024-12-14 16:10:19,865] {processor.py:641} INFO - Processing file /home/dev/curso/ambientevirtual/lib/python3.9/site-packages/airflow/example_dags/example_xcom.py for tasks to queue
[2024-12-14 16:10:19,866] {logging_mixin.py:115} INFO - [2024-12-14 16:10:19,866] {dagbag.py:507} INFO - Filling up the DagBag from /home/dev/curso/ambientevirtual/lib/python3.9/site-packages/airflow/example_dags/example_xcom.py
[2024-12-14 16:10:19,888] {processor.py:651} INFO - DAG(s) dict_keys(['example_xcom']) retrieved from /home/dev/curso/ambientevirtual/lib/python3.9/site-packages/airflow/example_dags/example_xcom.py
[2024-12-14 16:10:19,907] {logging_mixin.py:115} INFO - [2024-12-14 16:10:19,907] {dag.py:2379} INFO - Sync 1 DAGs
[2024-12-14 16:10:19,926] {logging_mixin.py:115} INFO - [2024-12-14 16:10:19,926] {dag.py:2927} INFO - Setting next_dagrun for example_xcom to 2021-01-01T00:00:00+00:00, run_after=2021-01-01T00:00:00+00:00
[2024-12-14 16:10:19,950] {processor.py:161} INFO - Processing /home/dev/curso/ambientevirtual/lib/python3.9/site-packages/airflow/example_dags/example_xcom.py took 0.094 seconds
[2024-12-14 16:10:54,079] {processor.py:153} INFO - Started process (PID=53137) to work on /home/dev/curso/ambientevirtual/lib/python3.9/site-packages/airflow/example_dags/example_xcom.py
[2024-12-14 16:10:54,081] {processor.py:641} INFO - Processing file /home/dev/curso/ambientevirtual/lib/python3.9/site-packages/airflow/example_dags/example_xcom.py for tasks to queue
[2024-12-14 16:10:54,082] {logging_mixin.py:115} INFO - [2024-12-14 16:10:54,081] {dagbag.py:507} INFO - Filling up the DagBag from /home/dev/curso/ambientevirtual/lib/python3.9/site-packages/airflow/example_dags/example_xcom.py
[2024-12-14 16:10:54,106] {processor.py:651} INFO - DAG(s) dict_keys(['example_xcom']) retrieved from /home/dev/curso/ambientevirtual/lib/python3.9/site-packages/airflow/example_dags/example_xcom.py
[2024-12-14 16:10:54,125] {logging_mixin.py:115} INFO - [2024-12-14 16:10:54,125] {dag.py:2379} INFO - Sync 1 DAGs
[2024-12-14 16:10:54,143] {logging_mixin.py:115} INFO - [2024-12-14 16:10:54,143] {dag.py:2927} INFO - Setting next_dagrun for example_xcom to 2021-01-01T00:00:00+00:00, run_after=2021-01-01T00:00:00+00:00
[2024-12-14 16:10:54,160] {processor.py:161} INFO - Processing /home/dev/curso/ambientevirtual/lib/python3.9/site-packages/airflow/example_dags/example_xcom.py took 0.088 seconds
[2024-12-14 16:11:27,523] {processor.py:153} INFO - Started process (PID=53261) to work on /home/dev/curso/ambientevirtual/lib/python3.9/site-packages/airflow/example_dags/example_xcom.py
[2024-12-14 16:11:27,524] {processor.py:641} INFO - Processing file /home/dev/curso/ambientevirtual/lib/python3.9/site-packages/airflow/example_dags/example_xcom.py for tasks to queue
[2024-12-14 16:11:27,524] {logging_mixin.py:115} INFO - [2024-12-14 16:11:27,524] {dagbag.py:507} INFO - Filling up the DagBag from /home/dev/curso/ambientevirtual/lib/python3.9/site-packages/airflow/example_dags/example_xcom.py
[2024-12-14 16:11:27,553] {processor.py:651} INFO - DAG(s) dict_keys(['example_xcom']) retrieved from /home/dev/curso/ambientevirtual/lib/python3.9/site-packages/airflow/example_dags/example_xcom.py
[2024-12-14 16:11:27,617] {logging_mixin.py:115} INFO - [2024-12-14 16:11:27,617] {dag.py:2379} INFO - Sync 1 DAGs
[2024-12-14 16:11:27,639] {logging_mixin.py:115} INFO - [2024-12-14 16:11:27,639] {dag.py:2927} INFO - Setting next_dagrun for example_xcom to 2021-01-01T00:00:00+00:00, run_after=2021-01-01T00:00:00+00:00
[2024-12-14 16:11:27,661] {processor.py:161} INFO - Processing /home/dev/curso/ambientevirtual/lib/python3.9/site-packages/airflow/example_dags/example_xcom.py took 0.142 seconds
