[2024-12-14 15:51:48,010] {processor.py:153} INFO - Started process (PID=48088) to work on /home/dev/curso/ambientevirtual/lib/python3.9/site-packages/airflow/example_dags/example_task_group_decorator.py
[2024-12-14 15:51:48,011] {processor.py:641} INFO - Processing file /home/dev/curso/ambientevirtual/lib/python3.9/site-packages/airflow/example_dags/example_task_group_decorator.py for tasks to queue
[2024-12-14 15:51:48,012] {logging_mixin.py:115} INFO - [2024-12-14 15:51:48,012] {dagbag.py:507} INFO - Filling up the DagBag from /home/dev/curso/ambientevirtual/lib/python3.9/site-packages/airflow/example_dags/example_task_group_decorator.py
[2024-12-14 15:51:48,052] {processor.py:651} INFO - DAG(s) dict_keys(['example_task_group_decorator']) retrieved from /home/dev/curso/ambientevirtual/lib/python3.9/site-packages/airflow/example_dags/example_task_group_decorator.py
[2024-12-14 15:51:48,127] {logging_mixin.py:115} INFO - [2024-12-14 15:51:48,127] {manager.py:508} INFO - Created Permission View: can delete on DAG:example_task_group_decorator
[2024-12-14 15:51:48,139] {logging_mixin.py:115} INFO - [2024-12-14 15:51:48,139] {manager.py:508} INFO - Created Permission View: can edit on DAG:example_task_group_decorator
[2024-12-14 15:51:48,149] {logging_mixin.py:115} INFO - [2024-12-14 15:51:48,149] {manager.py:508} INFO - Created Permission View: can read on DAG:example_task_group_decorator
[2024-12-14 15:51:48,149] {logging_mixin.py:115} INFO - [2024-12-14 15:51:48,149] {dag.py:2379} INFO - Sync 1 DAGs
[2024-12-14 15:51:48,158] {logging_mixin.py:115} INFO - [2024-12-14 15:51:48,158] {dag.py:2398} INFO - Creating ORM DAG for example_task_group_decorator
[2024-12-14 15:51:48,168] {logging_mixin.py:115} INFO - [2024-12-14 15:51:48,167] {dag.py:2927} INFO - Setting next_dagrun for example_task_group_decorator to 2024-12-13T18:51:48.167604+00:00, run_after=2024-12-14T18:51:48.167604+00:00
[2024-12-14 15:51:48,186] {processor.py:161} INFO - Processing /home/dev/curso/ambientevirtual/lib/python3.9/site-packages/airflow/example_dags/example_task_group_decorator.py took 0.183 seconds
[2024-12-14 15:52:25,342] {processor.py:153} INFO - Started process (PID=48340) to work on /home/dev/curso/ambientevirtual/lib/python3.9/site-packages/airflow/example_dags/example_task_group_decorator.py
[2024-12-14 15:52:25,344] {processor.py:641} INFO - Processing file /home/dev/curso/ambientevirtual/lib/python3.9/site-packages/airflow/example_dags/example_task_group_decorator.py for tasks to queue
[2024-12-14 15:52:25,345] {logging_mixin.py:115} INFO - [2024-12-14 15:52:25,345] {dagbag.py:507} INFO - Filling up the DagBag from /home/dev/curso/ambientevirtual/lib/python3.9/site-packages/airflow/example_dags/example_task_group_decorator.py
[2024-12-14 15:52:25,379] {processor.py:651} INFO - DAG(s) dict_keys(['example_task_group_decorator']) retrieved from /home/dev/curso/ambientevirtual/lib/python3.9/site-packages/airflow/example_dags/example_task_group_decorator.py
[2024-12-14 15:52:25,431] {logging_mixin.py:115} INFO - [2024-12-14 15:52:25,431] {dag.py:2379} INFO - Sync 1 DAGs
[2024-12-14 15:52:25,447] {logging_mixin.py:115} INFO - [2024-12-14 15:52:25,447] {dag.py:2927} INFO - Setting next_dagrun for example_task_group_decorator to 2024-12-13T18:52:25.447176+00:00, run_after=2024-12-14T18:52:25.447176+00:00
[2024-12-14 15:52:25,465] {processor.py:161} INFO - Processing /home/dev/curso/ambientevirtual/lib/python3.9/site-packages/airflow/example_dags/example_task_group_decorator.py took 0.129 seconds
[2024-12-14 15:53:01,351] {processor.py:153} INFO - Started process (PID=48470) to work on /home/dev/curso/ambientevirtual/lib/python3.9/site-packages/airflow/example_dags/example_task_group_decorator.py
[2024-12-14 15:53:01,353] {processor.py:641} INFO - Processing file /home/dev/curso/ambientevirtual/lib/python3.9/site-packages/airflow/example_dags/example_task_group_decorator.py for tasks to queue
[2024-12-14 15:53:01,354] {logging_mixin.py:115} INFO - [2024-12-14 15:53:01,354] {dagbag.py:507} INFO - Filling up the DagBag from /home/dev/curso/ambientevirtual/lib/python3.9/site-packages/airflow/example_dags/example_task_group_decorator.py
[2024-12-14 15:53:01,383] {processor.py:651} INFO - DAG(s) dict_keys(['example_task_group_decorator']) retrieved from /home/dev/curso/ambientevirtual/lib/python3.9/site-packages/airflow/example_dags/example_task_group_decorator.py
[2024-12-14 15:53:01,432] {logging_mixin.py:115} INFO - [2024-12-14 15:53:01,432] {dag.py:2379} INFO - Sync 1 DAGs
[2024-12-14 15:53:01,449] {logging_mixin.py:115} INFO - [2024-12-14 15:53:01,448] {dag.py:2927} INFO - Setting next_dagrun for example_task_group_decorator to 2024-12-13T18:53:01.448591+00:00, run_after=2024-12-14T18:53:01.448591+00:00
[2024-12-14 15:53:01,466] {processor.py:161} INFO - Processing /home/dev/curso/ambientevirtual/lib/python3.9/site-packages/airflow/example_dags/example_task_group_decorator.py took 0.120 seconds
[2024-12-14 15:53:36,908] {processor.py:153} INFO - Started process (PID=48600) to work on /home/dev/curso/ambientevirtual/lib/python3.9/site-packages/airflow/example_dags/example_task_group_decorator.py
[2024-12-14 15:53:36,910] {processor.py:641} INFO - Processing file /home/dev/curso/ambientevirtual/lib/python3.9/site-packages/airflow/example_dags/example_task_group_decorator.py for tasks to queue
[2024-12-14 15:53:36,911] {logging_mixin.py:115} INFO - [2024-12-14 15:53:36,911] {dagbag.py:507} INFO - Filling up the DagBag from /home/dev/curso/ambientevirtual/lib/python3.9/site-packages/airflow/example_dags/example_task_group_decorator.py
[2024-12-14 15:53:36,940] {processor.py:651} INFO - DAG(s) dict_keys(['example_task_group_decorator']) retrieved from /home/dev/curso/ambientevirtual/lib/python3.9/site-packages/airflow/example_dags/example_task_group_decorator.py
[2024-12-14 15:53:36,989] {logging_mixin.py:115} INFO - [2024-12-14 15:53:36,989] {dag.py:2379} INFO - Sync 1 DAGs
[2024-12-14 15:53:37,005] {logging_mixin.py:115} INFO - [2024-12-14 15:53:37,005] {dag.py:2927} INFO - Setting next_dagrun for example_task_group_decorator to 2024-12-13T18:53:37.004991+00:00, run_after=2024-12-14T18:53:37.004991+00:00
[2024-12-14 15:53:37,022] {processor.py:161} INFO - Processing /home/dev/curso/ambientevirtual/lib/python3.9/site-packages/airflow/example_dags/example_task_group_decorator.py took 0.120 seconds
[2024-12-14 15:54:13,537] {processor.py:153} INFO - Started process (PID=48736) to work on /home/dev/curso/ambientevirtual/lib/python3.9/site-packages/airflow/example_dags/example_task_group_decorator.py
[2024-12-14 15:54:13,538] {processor.py:641} INFO - Processing file /home/dev/curso/ambientevirtual/lib/python3.9/site-packages/airflow/example_dags/example_task_group_decorator.py for tasks to queue
[2024-12-14 15:54:13,539] {logging_mixin.py:115} INFO - [2024-12-14 15:54:13,538] {dagbag.py:507} INFO - Filling up the DagBag from /home/dev/curso/ambientevirtual/lib/python3.9/site-packages/airflow/example_dags/example_task_group_decorator.py
[2024-12-14 15:54:13,569] {processor.py:651} INFO - DAG(s) dict_keys(['example_task_group_decorator']) retrieved from /home/dev/curso/ambientevirtual/lib/python3.9/site-packages/airflow/example_dags/example_task_group_decorator.py
[2024-12-14 15:54:13,590] {logging_mixin.py:115} INFO - [2024-12-14 15:54:13,590] {dag.py:2379} INFO - Sync 1 DAGs
[2024-12-14 15:54:13,608] {logging_mixin.py:115} INFO - [2024-12-14 15:54:13,608] {dag.py:2927} INFO - Setting next_dagrun for example_task_group_decorator to 2024-12-13T18:54:13.608531+00:00, run_after=2024-12-14T18:54:13.608531+00:00
[2024-12-14 15:54:13,625] {processor.py:161} INFO - Processing /home/dev/curso/ambientevirtual/lib/python3.9/site-packages/airflow/example_dags/example_task_group_decorator.py took 0.092 seconds
[2024-12-14 15:54:50,168] {processor.py:153} INFO - Started process (PID=48866) to work on /home/dev/curso/ambientevirtual/lib/python3.9/site-packages/airflow/example_dags/example_task_group_decorator.py
[2024-12-14 15:54:50,170] {processor.py:641} INFO - Processing file /home/dev/curso/ambientevirtual/lib/python3.9/site-packages/airflow/example_dags/example_task_group_decorator.py for tasks to queue
[2024-12-14 15:54:50,171] {logging_mixin.py:115} INFO - [2024-12-14 15:54:50,171] {dagbag.py:507} INFO - Filling up the DagBag from /home/dev/curso/ambientevirtual/lib/python3.9/site-packages/airflow/example_dags/example_task_group_decorator.py
[2024-12-14 15:54:50,209] {processor.py:651} INFO - DAG(s) dict_keys(['example_task_group_decorator']) retrieved from /home/dev/curso/ambientevirtual/lib/python3.9/site-packages/airflow/example_dags/example_task_group_decorator.py
[2024-12-14 15:54:50,268] {logging_mixin.py:115} INFO - [2024-12-14 15:54:50,268] {dag.py:2379} INFO - Sync 1 DAGs
[2024-12-14 15:54:50,290] {logging_mixin.py:115} INFO - [2024-12-14 15:54:50,289] {dag.py:2927} INFO - Setting next_dagrun for example_task_group_decorator to 2024-12-13T18:54:50.289632+00:00, run_after=2024-12-14T18:54:50.289632+00:00
[2024-12-14 15:54:50,314] {processor.py:161} INFO - Processing /home/dev/curso/ambientevirtual/lib/python3.9/site-packages/airflow/example_dags/example_task_group_decorator.py took 0.152 seconds
[2024-12-14 15:55:27,689] {processor.py:153} INFO - Started process (PID=49005) to work on /home/dev/curso/ambientevirtual/lib/python3.9/site-packages/airflow/example_dags/example_task_group_decorator.py
[2024-12-14 15:55:27,690] {processor.py:641} INFO - Processing file /home/dev/curso/ambientevirtual/lib/python3.9/site-packages/airflow/example_dags/example_task_group_decorator.py for tasks to queue
[2024-12-14 15:55:27,691] {logging_mixin.py:115} INFO - [2024-12-14 15:55:27,691] {dagbag.py:507} INFO - Filling up the DagBag from /home/dev/curso/ambientevirtual/lib/python3.9/site-packages/airflow/example_dags/example_task_group_decorator.py
[2024-12-14 15:55:27,721] {processor.py:651} INFO - DAG(s) dict_keys(['example_task_group_decorator']) retrieved from /home/dev/curso/ambientevirtual/lib/python3.9/site-packages/airflow/example_dags/example_task_group_decorator.py
[2024-12-14 15:55:27,778] {logging_mixin.py:115} INFO - [2024-12-14 15:55:27,778] {dag.py:2379} INFO - Sync 1 DAGs
[2024-12-14 15:55:27,797] {logging_mixin.py:115} INFO - [2024-12-14 15:55:27,797] {dag.py:2927} INFO - Setting next_dagrun for example_task_group_decorator to 2024-12-13T18:55:27.796892+00:00, run_after=2024-12-14T18:55:27.796892+00:00
[2024-12-14 15:55:27,816] {processor.py:161} INFO - Processing /home/dev/curso/ambientevirtual/lib/python3.9/site-packages/airflow/example_dags/example_task_group_decorator.py took 0.133 seconds
[2024-12-14 15:56:04,654] {processor.py:153} INFO - Started process (PID=49142) to work on /home/dev/curso/ambientevirtual/lib/python3.9/site-packages/airflow/example_dags/example_task_group_decorator.py
[2024-12-14 15:56:04,656] {processor.py:641} INFO - Processing file /home/dev/curso/ambientevirtual/lib/python3.9/site-packages/airflow/example_dags/example_task_group_decorator.py for tasks to queue
[2024-12-14 15:56:04,656] {logging_mixin.py:115} INFO - [2024-12-14 15:56:04,656] {dagbag.py:507} INFO - Filling up the DagBag from /home/dev/curso/ambientevirtual/lib/python3.9/site-packages/airflow/example_dags/example_task_group_decorator.py
[2024-12-14 15:56:04,692] {processor.py:651} INFO - DAG(s) dict_keys(['example_task_group_decorator']) retrieved from /home/dev/curso/ambientevirtual/lib/python3.9/site-packages/airflow/example_dags/example_task_group_decorator.py
[2024-12-14 15:56:04,773] {logging_mixin.py:115} INFO - [2024-12-14 15:56:04,773] {dag.py:2379} INFO - Sync 1 DAGs
[2024-12-14 15:56:04,816] {logging_mixin.py:115} INFO - [2024-12-14 15:56:04,816] {dag.py:2927} INFO - Setting next_dagrun for example_task_group_decorator to 2024-12-13T18:56:04.815743+00:00, run_after=2024-12-14T18:56:04.815743+00:00
[2024-12-14 15:56:04,846] {processor.py:161} INFO - Processing /home/dev/curso/ambientevirtual/lib/python3.9/site-packages/airflow/example_dags/example_task_group_decorator.py took 0.196 seconds
[2024-12-14 15:56:40,700] {processor.py:153} INFO - Started process (PID=49278) to work on /home/dev/curso/ambientevirtual/lib/python3.9/site-packages/airflow/example_dags/example_task_group_decorator.py
[2024-12-14 15:56:40,701] {processor.py:641} INFO - Processing file /home/dev/curso/ambientevirtual/lib/python3.9/site-packages/airflow/example_dags/example_task_group_decorator.py for tasks to queue
[2024-12-14 15:56:40,702] {logging_mixin.py:115} INFO - [2024-12-14 15:56:40,702] {dagbag.py:507} INFO - Filling up the DagBag from /home/dev/curso/ambientevirtual/lib/python3.9/site-packages/airflow/example_dags/example_task_group_decorator.py
[2024-12-14 15:56:40,735] {processor.py:651} INFO - DAG(s) dict_keys(['example_task_group_decorator']) retrieved from /home/dev/curso/ambientevirtual/lib/python3.9/site-packages/airflow/example_dags/example_task_group_decorator.py
[2024-12-14 15:56:40,798] {logging_mixin.py:115} INFO - [2024-12-14 15:56:40,798] {dag.py:2379} INFO - Sync 1 DAGs
[2024-12-14 15:56:40,821] {logging_mixin.py:115} INFO - [2024-12-14 15:56:40,821] {dag.py:2927} INFO - Setting next_dagrun for example_task_group_decorator to 2024-12-13T18:56:40.820875+00:00, run_after=2024-12-14T18:56:40.820875+00:00
[2024-12-14 15:56:40,852] {processor.py:161} INFO - Processing /home/dev/curso/ambientevirtual/lib/python3.9/site-packages/airflow/example_dags/example_task_group_decorator.py took 0.156 seconds
[2024-12-14 15:57:21,777] {processor.py:153} INFO - Started process (PID=49474) to work on /home/dev/curso/ambientevirtual/lib/python3.9/site-packages/airflow/example_dags/example_task_group_decorator.py
[2024-12-14 15:57:21,779] {processor.py:641} INFO - Processing file /home/dev/curso/ambientevirtual/lib/python3.9/site-packages/airflow/example_dags/example_task_group_decorator.py for tasks to queue
[2024-12-14 15:57:21,780] {logging_mixin.py:115} INFO - [2024-12-14 15:57:21,779] {dagbag.py:507} INFO - Filling up the DagBag from /home/dev/curso/ambientevirtual/lib/python3.9/site-packages/airflow/example_dags/example_task_group_decorator.py
[2024-12-14 15:57:21,820] {processor.py:651} INFO - DAG(s) dict_keys(['example_task_group_decorator']) retrieved from /home/dev/curso/ambientevirtual/lib/python3.9/site-packages/airflow/example_dags/example_task_group_decorator.py
[2024-12-14 15:57:21,851] {logging_mixin.py:115} INFO - [2024-12-14 15:57:21,851] {dag.py:2379} INFO - Sync 1 DAGs
[2024-12-14 15:57:21,877] {logging_mixin.py:115} INFO - [2024-12-14 15:57:21,877] {dag.py:2927} INFO - Setting next_dagrun for example_task_group_decorator to 2024-12-13T18:57:21.877192+00:00, run_after=2024-12-14T18:57:21.877192+00:00
[2024-12-14 15:57:21,894] {processor.py:161} INFO - Processing /home/dev/curso/ambientevirtual/lib/python3.9/site-packages/airflow/example_dags/example_task_group_decorator.py took 0.130 seconds
[2024-12-14 15:57:58,424] {processor.py:153} INFO - Started process (PID=49610) to work on /home/dev/curso/ambientevirtual/lib/python3.9/site-packages/airflow/example_dags/example_task_group_decorator.py
[2024-12-14 15:57:58,426] {processor.py:641} INFO - Processing file /home/dev/curso/ambientevirtual/lib/python3.9/site-packages/airflow/example_dags/example_task_group_decorator.py for tasks to queue
[2024-12-14 15:57:58,429] {logging_mixin.py:115} INFO - [2024-12-14 15:57:58,429] {dagbag.py:507} INFO - Filling up the DagBag from /home/dev/curso/ambientevirtual/lib/python3.9/site-packages/airflow/example_dags/example_task_group_decorator.py
[2024-12-14 15:57:58,470] {processor.py:651} INFO - DAG(s) dict_keys(['example_task_group_decorator']) retrieved from /home/dev/curso/ambientevirtual/lib/python3.9/site-packages/airflow/example_dags/example_task_group_decorator.py
[2024-12-14 15:57:58,498] {logging_mixin.py:115} INFO - [2024-12-14 15:57:58,497] {dag.py:2379} INFO - Sync 1 DAGs
[2024-12-14 15:57:58,519] {logging_mixin.py:115} INFO - [2024-12-14 15:57:58,519] {dag.py:2927} INFO - Setting next_dagrun for example_task_group_decorator to 2024-12-13T18:57:58.519260+00:00, run_after=2024-12-14T18:57:58.519260+00:00
[2024-12-14 15:57:58,543] {processor.py:161} INFO - Processing /home/dev/curso/ambientevirtual/lib/python3.9/site-packages/airflow/example_dags/example_task_group_decorator.py took 0.125 seconds
[2024-12-14 15:58:34,673] {processor.py:153} INFO - Started process (PID=49740) to work on /home/dev/curso/ambientevirtual/lib/python3.9/site-packages/airflow/example_dags/example_task_group_decorator.py
[2024-12-14 15:58:34,674] {processor.py:641} INFO - Processing file /home/dev/curso/ambientevirtual/lib/python3.9/site-packages/airflow/example_dags/example_task_group_decorator.py for tasks to queue
[2024-12-14 15:58:34,675] {logging_mixin.py:115} INFO - [2024-12-14 15:58:34,675] {dagbag.py:507} INFO - Filling up the DagBag from /home/dev/curso/ambientevirtual/lib/python3.9/site-packages/airflow/example_dags/example_task_group_decorator.py
[2024-12-14 15:58:34,720] {processor.py:651} INFO - DAG(s) dict_keys(['example_task_group_decorator']) retrieved from /home/dev/curso/ambientevirtual/lib/python3.9/site-packages/airflow/example_dags/example_task_group_decorator.py
[2024-12-14 15:58:34,744] {logging_mixin.py:115} INFO - [2024-12-14 15:58:34,744] {dag.py:2379} INFO - Sync 1 DAGs
[2024-12-14 15:58:34,764] {logging_mixin.py:115} INFO - [2024-12-14 15:58:34,764] {dag.py:2927} INFO - Setting next_dagrun for example_task_group_decorator to 2024-12-13T18:58:34.764468+00:00, run_after=2024-12-14T18:58:34.764468+00:00
[2024-12-14 15:58:34,781] {processor.py:161} INFO - Processing /home/dev/curso/ambientevirtual/lib/python3.9/site-packages/airflow/example_dags/example_task_group_decorator.py took 0.115 seconds
[2024-12-14 15:59:09,838] {processor.py:153} INFO - Started process (PID=49870) to work on /home/dev/curso/ambientevirtual/lib/python3.9/site-packages/airflow/example_dags/example_task_group_decorator.py
[2024-12-14 15:59:09,840] {processor.py:641} INFO - Processing file /home/dev/curso/ambientevirtual/lib/python3.9/site-packages/airflow/example_dags/example_task_group_decorator.py for tasks to queue
[2024-12-14 15:59:09,841] {logging_mixin.py:115} INFO - [2024-12-14 15:59:09,841] {dagbag.py:507} INFO - Filling up the DagBag from /home/dev/curso/ambientevirtual/lib/python3.9/site-packages/airflow/example_dags/example_task_group_decorator.py
[2024-12-14 15:59:09,875] {processor.py:651} INFO - DAG(s) dict_keys(['example_task_group_decorator']) retrieved from /home/dev/curso/ambientevirtual/lib/python3.9/site-packages/airflow/example_dags/example_task_group_decorator.py
[2024-12-14 15:59:09,928] {logging_mixin.py:115} INFO - [2024-12-14 15:59:09,928] {dag.py:2379} INFO - Sync 1 DAGs
[2024-12-14 15:59:09,944] {logging_mixin.py:115} INFO - [2024-12-14 15:59:09,944] {dag.py:2927} INFO - Setting next_dagrun for example_task_group_decorator to 2024-12-13T18:59:09.944395+00:00, run_after=2024-12-14T18:59:09.944395+00:00
[2024-12-14 15:59:09,962] {processor.py:161} INFO - Processing /home/dev/curso/ambientevirtual/lib/python3.9/site-packages/airflow/example_dags/example_task_group_decorator.py took 0.133 seconds
[2024-12-14 15:59:51,021] {processor.py:153} INFO - Started process (PID=50022) to work on /home/dev/curso/ambientevirtual/lib/python3.9/site-packages/airflow/example_dags/example_task_group_decorator.py
[2024-12-14 15:59:51,023] {processor.py:641} INFO - Processing file /home/dev/curso/ambientevirtual/lib/python3.9/site-packages/airflow/example_dags/example_task_group_decorator.py for tasks to queue
[2024-12-14 15:59:51,024] {logging_mixin.py:115} INFO - [2024-12-14 15:59:51,024] {dagbag.py:507} INFO - Filling up the DagBag from /home/dev/curso/ambientevirtual/lib/python3.9/site-packages/airflow/example_dags/example_task_group_decorator.py
[2024-12-14 15:59:51,059] {processor.py:651} INFO - DAG(s) dict_keys(['example_task_group_decorator']) retrieved from /home/dev/curso/ambientevirtual/lib/python3.9/site-packages/airflow/example_dags/example_task_group_decorator.py
[2024-12-14 15:59:51,112] {logging_mixin.py:115} INFO - [2024-12-14 15:59:51,112] {dag.py:2379} INFO - Sync 1 DAGs
[2024-12-14 15:59:51,129] {logging_mixin.py:115} INFO - [2024-12-14 15:59:51,129] {dag.py:2927} INFO - Setting next_dagrun for example_task_group_decorator to 2024-12-13T18:59:51.129401+00:00, run_after=2024-12-14T18:59:51.129401+00:00
[2024-12-14 15:59:51,147] {processor.py:161} INFO - Processing /home/dev/curso/ambientevirtual/lib/python3.9/site-packages/airflow/example_dags/example_task_group_decorator.py took 0.133 seconds
[2024-12-14 16:00:31,631] {processor.py:153} INFO - Started process (PID=50174) to work on /home/dev/curso/ambientevirtual/lib/python3.9/site-packages/airflow/example_dags/example_task_group_decorator.py
[2024-12-14 16:00:31,632] {processor.py:641} INFO - Processing file /home/dev/curso/ambientevirtual/lib/python3.9/site-packages/airflow/example_dags/example_task_group_decorator.py for tasks to queue
[2024-12-14 16:00:31,633] {logging_mixin.py:115} INFO - [2024-12-14 16:00:31,633] {dagbag.py:507} INFO - Filling up the DagBag from /home/dev/curso/ambientevirtual/lib/python3.9/site-packages/airflow/example_dags/example_task_group_decorator.py
[2024-12-14 16:00:31,667] {processor.py:651} INFO - DAG(s) dict_keys(['example_task_group_decorator']) retrieved from /home/dev/curso/ambientevirtual/lib/python3.9/site-packages/airflow/example_dags/example_task_group_decorator.py
[2024-12-14 16:00:31,692] {logging_mixin.py:115} INFO - [2024-12-14 16:00:31,692] {dag.py:2379} INFO - Sync 1 DAGs
[2024-12-14 16:00:31,713] {logging_mixin.py:115} INFO - [2024-12-14 16:00:31,712] {dag.py:2927} INFO - Setting next_dagrun for example_task_group_decorator to 2024-12-13T19:00:31.712658+00:00, run_after=2024-12-14T19:00:31.712658+00:00
[2024-12-14 16:00:31,736] {processor.py:161} INFO - Processing /home/dev/curso/ambientevirtual/lib/python3.9/site-packages/airflow/example_dags/example_task_group_decorator.py took 0.110 seconds
[2024-12-14 16:01:11,687] {processor.py:153} INFO - Started process (PID=50494) to work on /home/dev/curso/ambientevirtual/lib/python3.9/site-packages/airflow/example_dags/example_task_group_decorator.py
[2024-12-14 16:01:11,690] {processor.py:641} INFO - Processing file /home/dev/curso/ambientevirtual/lib/python3.9/site-packages/airflow/example_dags/example_task_group_decorator.py for tasks to queue
[2024-12-14 16:01:11,691] {logging_mixin.py:115} INFO - [2024-12-14 16:01:11,691] {dagbag.py:507} INFO - Filling up the DagBag from /home/dev/curso/ambientevirtual/lib/python3.9/site-packages/airflow/example_dags/example_task_group_decorator.py
[2024-12-14 16:01:11,727] {processor.py:651} INFO - DAG(s) dict_keys(['example_task_group_decorator']) retrieved from /home/dev/curso/ambientevirtual/lib/python3.9/site-packages/airflow/example_dags/example_task_group_decorator.py
[2024-12-14 16:01:11,787] {logging_mixin.py:115} INFO - [2024-12-14 16:01:11,787] {dag.py:2379} INFO - Sync 1 DAGs
[2024-12-14 16:01:11,807] {logging_mixin.py:115} INFO - [2024-12-14 16:01:11,806] {dag.py:2927} INFO - Setting next_dagrun for example_task_group_decorator to 2024-12-13T19:01:11.806628+00:00, run_after=2024-12-14T19:01:11.806628+00:00
[2024-12-14 16:01:11,825] {processor.py:161} INFO - Processing /home/dev/curso/ambientevirtual/lib/python3.9/site-packages/airflow/example_dags/example_task_group_decorator.py took 0.144 seconds
[2024-12-14 16:01:48,665] {processor.py:153} INFO - Started process (PID=50630) to work on /home/dev/curso/ambientevirtual/lib/python3.9/site-packages/airflow/example_dags/example_task_group_decorator.py
[2024-12-14 16:01:48,667] {processor.py:641} INFO - Processing file /home/dev/curso/ambientevirtual/lib/python3.9/site-packages/airflow/example_dags/example_task_group_decorator.py for tasks to queue
[2024-12-14 16:01:48,668] {logging_mixin.py:115} INFO - [2024-12-14 16:01:48,668] {dagbag.py:507} INFO - Filling up the DagBag from /home/dev/curso/ambientevirtual/lib/python3.9/site-packages/airflow/example_dags/example_task_group_decorator.py
[2024-12-14 16:01:48,699] {processor.py:651} INFO - DAG(s) dict_keys(['example_task_group_decorator']) retrieved from /home/dev/curso/ambientevirtual/lib/python3.9/site-packages/airflow/example_dags/example_task_group_decorator.py
[2024-12-14 16:01:48,750] {logging_mixin.py:115} INFO - [2024-12-14 16:01:48,750] {dag.py:2379} INFO - Sync 1 DAGs
[2024-12-14 16:01:48,766] {logging_mixin.py:115} INFO - [2024-12-14 16:01:48,766] {dag.py:2927} INFO - Setting next_dagrun for example_task_group_decorator to 2024-12-13T19:01:48.766449+00:00, run_after=2024-12-14T19:01:48.766449+00:00
[2024-12-14 16:01:48,784] {processor.py:161} INFO - Processing /home/dev/curso/ambientevirtual/lib/python3.9/site-packages/airflow/example_dags/example_task_group_decorator.py took 0.127 seconds
[2024-12-14 16:02:23,252] {processor.py:153} INFO - Started process (PID=50812) to work on /home/dev/curso/ambientevirtual/lib/python3.9/site-packages/airflow/example_dags/example_task_group_decorator.py
[2024-12-14 16:02:23,252] {processor.py:641} INFO - Processing file /home/dev/curso/ambientevirtual/lib/python3.9/site-packages/airflow/example_dags/example_task_group_decorator.py for tasks to queue
[2024-12-14 16:02:23,253] {logging_mixin.py:115} INFO - [2024-12-14 16:02:23,253] {dagbag.py:507} INFO - Filling up the DagBag from /home/dev/curso/ambientevirtual/lib/python3.9/site-packages/airflow/example_dags/example_task_group_decorator.py
[2024-12-14 16:02:23,284] {processor.py:651} INFO - DAG(s) dict_keys(['example_task_group_decorator']) retrieved from /home/dev/curso/ambientevirtual/lib/python3.9/site-packages/airflow/example_dags/example_task_group_decorator.py
[2024-12-14 16:02:23,308] {logging_mixin.py:115} INFO - [2024-12-14 16:02:23,308] {dag.py:2379} INFO - Sync 1 DAGs
[2024-12-14 16:02:23,328] {logging_mixin.py:115} INFO - [2024-12-14 16:02:23,328] {dag.py:2927} INFO - Setting next_dagrun for example_task_group_decorator to 2024-12-13T19:02:23.328159+00:00, run_after=2024-12-14T19:02:23.328159+00:00
[2024-12-14 16:02:23,345] {processor.py:161} INFO - Processing /home/dev/curso/ambientevirtual/lib/python3.9/site-packages/airflow/example_dags/example_task_group_decorator.py took 0.097 seconds
[2024-12-14 16:02:58,810] {processor.py:153} INFO - Started process (PID=50942) to work on /home/dev/curso/ambientevirtual/lib/python3.9/site-packages/airflow/example_dags/example_task_group_decorator.py
[2024-12-14 16:02:58,811] {processor.py:641} INFO - Processing file /home/dev/curso/ambientevirtual/lib/python3.9/site-packages/airflow/example_dags/example_task_group_decorator.py for tasks to queue
[2024-12-14 16:02:58,812] {logging_mixin.py:115} INFO - [2024-12-14 16:02:58,812] {dagbag.py:507} INFO - Filling up the DagBag from /home/dev/curso/ambientevirtual/lib/python3.9/site-packages/airflow/example_dags/example_task_group_decorator.py
[2024-12-14 16:02:58,844] {processor.py:651} INFO - DAG(s) dict_keys(['example_task_group_decorator']) retrieved from /home/dev/curso/ambientevirtual/lib/python3.9/site-packages/airflow/example_dags/example_task_group_decorator.py
[2024-12-14 16:02:58,868] {logging_mixin.py:115} INFO - [2024-12-14 16:02:58,868] {dag.py:2379} INFO - Sync 1 DAGs
[2024-12-14 16:02:58,890] {logging_mixin.py:115} INFO - [2024-12-14 16:02:58,890] {dag.py:2927} INFO - Setting next_dagrun for example_task_group_decorator to 2024-12-13T19:02:58.890093+00:00, run_after=2024-12-14T19:02:58.890093+00:00
[2024-12-14 16:02:58,907] {processor.py:161} INFO - Processing /home/dev/curso/ambientevirtual/lib/python3.9/site-packages/airflow/example_dags/example_task_group_decorator.py took 0.101 seconds
[2024-12-14 16:03:35,461] {processor.py:153} INFO - Started process (PID=51072) to work on /home/dev/curso/ambientevirtual/lib/python3.9/site-packages/airflow/example_dags/example_task_group_decorator.py
[2024-12-14 16:03:35,462] {processor.py:641} INFO - Processing file /home/dev/curso/ambientevirtual/lib/python3.9/site-packages/airflow/example_dags/example_task_group_decorator.py for tasks to queue
[2024-12-14 16:03:35,463] {logging_mixin.py:115} INFO - [2024-12-14 16:03:35,463] {dagbag.py:507} INFO - Filling up the DagBag from /home/dev/curso/ambientevirtual/lib/python3.9/site-packages/airflow/example_dags/example_task_group_decorator.py
[2024-12-14 16:03:35,496] {processor.py:651} INFO - DAG(s) dict_keys(['example_task_group_decorator']) retrieved from /home/dev/curso/ambientevirtual/lib/python3.9/site-packages/airflow/example_dags/example_task_group_decorator.py
[2024-12-14 16:03:35,518] {logging_mixin.py:115} INFO - [2024-12-14 16:03:35,518] {dag.py:2379} INFO - Sync 1 DAGs
[2024-12-14 16:03:35,539] {logging_mixin.py:115} INFO - [2024-12-14 16:03:35,539] {dag.py:2927} INFO - Setting next_dagrun for example_task_group_decorator to 2024-12-13T19:03:35.539210+00:00, run_after=2024-12-14T19:03:35.539210+00:00
[2024-12-14 16:03:35,556] {processor.py:161} INFO - Processing /home/dev/curso/ambientevirtual/lib/python3.9/site-packages/airflow/example_dags/example_task_group_decorator.py took 0.100 seconds
[2024-12-14 16:04:15,115] {processor.py:153} INFO - Started process (PID=51217) to work on /home/dev/curso/ambientevirtual/lib/python3.9/site-packages/airflow/example_dags/example_task_group_decorator.py
[2024-12-14 16:04:15,117] {processor.py:641} INFO - Processing file /home/dev/curso/ambientevirtual/lib/python3.9/site-packages/airflow/example_dags/example_task_group_decorator.py for tasks to queue
[2024-12-14 16:04:15,118] {logging_mixin.py:115} INFO - [2024-12-14 16:04:15,118] {dagbag.py:507} INFO - Filling up the DagBag from /home/dev/curso/ambientevirtual/lib/python3.9/site-packages/airflow/example_dags/example_task_group_decorator.py
[2024-12-14 16:04:15,152] {processor.py:651} INFO - DAG(s) dict_keys(['example_task_group_decorator']) retrieved from /home/dev/curso/ambientevirtual/lib/python3.9/site-packages/airflow/example_dags/example_task_group_decorator.py
[2024-12-14 16:04:15,209] {logging_mixin.py:115} INFO - [2024-12-14 16:04:15,209] {dag.py:2379} INFO - Sync 1 DAGs
[2024-12-14 16:04:15,227] {logging_mixin.py:115} INFO - [2024-12-14 16:04:15,226] {dag.py:2927} INFO - Setting next_dagrun for example_task_group_decorator to 2024-12-13T19:04:15.226668+00:00, run_after=2024-12-14T19:04:15.226668+00:00
[2024-12-14 16:04:15,251] {processor.py:161} INFO - Processing /home/dev/curso/ambientevirtual/lib/python3.9/site-packages/airflow/example_dags/example_task_group_decorator.py took 0.143 seconds
[2024-12-14 16:04:52,257] {processor.py:153} INFO - Started process (PID=51353) to work on /home/dev/curso/ambientevirtual/lib/python3.9/site-packages/airflow/example_dags/example_task_group_decorator.py
[2024-12-14 16:04:52,259] {processor.py:641} INFO - Processing file /home/dev/curso/ambientevirtual/lib/python3.9/site-packages/airflow/example_dags/example_task_group_decorator.py for tasks to queue
[2024-12-14 16:04:52,260] {logging_mixin.py:115} INFO - [2024-12-14 16:04:52,259] {dagbag.py:507} INFO - Filling up the DagBag from /home/dev/curso/ambientevirtual/lib/python3.9/site-packages/airflow/example_dags/example_task_group_decorator.py
[2024-12-14 16:04:52,295] {processor.py:651} INFO - DAG(s) dict_keys(['example_task_group_decorator']) retrieved from /home/dev/curso/ambientevirtual/lib/python3.9/site-packages/airflow/example_dags/example_task_group_decorator.py
[2024-12-14 16:04:52,316] {logging_mixin.py:115} INFO - [2024-12-14 16:04:52,316] {dag.py:2379} INFO - Sync 1 DAGs
[2024-12-14 16:04:52,335] {logging_mixin.py:115} INFO - [2024-12-14 16:04:52,335] {dag.py:2927} INFO - Setting next_dagrun for example_task_group_decorator to 2024-12-13T19:04:52.335560+00:00, run_after=2024-12-14T19:04:52.335560+00:00
[2024-12-14 16:04:52,354] {processor.py:161} INFO - Processing /home/dev/curso/ambientevirtual/lib/python3.9/site-packages/airflow/example_dags/example_task_group_decorator.py took 0.103 seconds
[2024-12-14 16:05:29,097] {processor.py:153} INFO - Started process (PID=51485) to work on /home/dev/curso/ambientevirtual/lib/python3.9/site-packages/airflow/example_dags/example_task_group_decorator.py
[2024-12-14 16:05:29,099] {processor.py:641} INFO - Processing file /home/dev/curso/ambientevirtual/lib/python3.9/site-packages/airflow/example_dags/example_task_group_decorator.py for tasks to queue
[2024-12-14 16:05:29,100] {logging_mixin.py:115} INFO - [2024-12-14 16:05:29,100] {dagbag.py:507} INFO - Filling up the DagBag from /home/dev/curso/ambientevirtual/lib/python3.9/site-packages/airflow/example_dags/example_task_group_decorator.py
[2024-12-14 16:05:29,137] {processor.py:651} INFO - DAG(s) dict_keys(['example_task_group_decorator']) retrieved from /home/dev/curso/ambientevirtual/lib/python3.9/site-packages/airflow/example_dags/example_task_group_decorator.py
[2024-12-14 16:05:29,159] {logging_mixin.py:115} INFO - [2024-12-14 16:05:29,159] {dag.py:2379} INFO - Sync 1 DAGs
[2024-12-14 16:05:29,178] {logging_mixin.py:115} INFO - [2024-12-14 16:05:29,178] {dag.py:2927} INFO - Setting next_dagrun for example_task_group_decorator to 2024-12-13T19:05:29.178391+00:00, run_after=2024-12-14T19:05:29.178391+00:00
[2024-12-14 16:05:29,197] {processor.py:161} INFO - Processing /home/dev/curso/ambientevirtual/lib/python3.9/site-packages/airflow/example_dags/example_task_group_decorator.py took 0.107 seconds
[2024-12-14 16:06:07,796] {processor.py:153} INFO - Started process (PID=51629) to work on /home/dev/curso/ambientevirtual/lib/python3.9/site-packages/airflow/example_dags/example_task_group_decorator.py
[2024-12-14 16:06:07,799] {processor.py:641} INFO - Processing file /home/dev/curso/ambientevirtual/lib/python3.9/site-packages/airflow/example_dags/example_task_group_decorator.py for tasks to queue
[2024-12-14 16:06:07,800] {logging_mixin.py:115} INFO - [2024-12-14 16:06:07,799] {dagbag.py:507} INFO - Filling up the DagBag from /home/dev/curso/ambientevirtual/lib/python3.9/site-packages/airflow/example_dags/example_task_group_decorator.py
[2024-12-14 16:06:07,838] {processor.py:651} INFO - DAG(s) dict_keys(['example_task_group_decorator']) retrieved from /home/dev/curso/ambientevirtual/lib/python3.9/site-packages/airflow/example_dags/example_task_group_decorator.py
[2024-12-14 16:06:07,863] {logging_mixin.py:115} INFO - [2024-12-14 16:06:07,863] {dag.py:2379} INFO - Sync 1 DAGs
[2024-12-14 16:06:07,884] {logging_mixin.py:115} INFO - [2024-12-14 16:06:07,884] {dag.py:2927} INFO - Setting next_dagrun for example_task_group_decorator to 2024-12-13T19:06:07.883792+00:00, run_after=2024-12-14T19:06:07.883792+00:00
[2024-12-14 16:06:07,905] {processor.py:161} INFO - Processing /home/dev/curso/ambientevirtual/lib/python3.9/site-packages/airflow/example_dags/example_task_group_decorator.py took 0.114 seconds
[2024-12-14 16:06:45,002] {processor.py:153} INFO - Started process (PID=51825) to work on /home/dev/curso/ambientevirtual/lib/python3.9/site-packages/airflow/example_dags/example_task_group_decorator.py
[2024-12-14 16:06:45,004] {processor.py:641} INFO - Processing file /home/dev/curso/ambientevirtual/lib/python3.9/site-packages/airflow/example_dags/example_task_group_decorator.py for tasks to queue
[2024-12-14 16:06:45,005] {logging_mixin.py:115} INFO - [2024-12-14 16:06:45,005] {dagbag.py:507} INFO - Filling up the DagBag from /home/dev/curso/ambientevirtual/lib/python3.9/site-packages/airflow/example_dags/example_task_group_decorator.py
[2024-12-14 16:06:45,043] {processor.py:651} INFO - DAG(s) dict_keys(['example_task_group_decorator']) retrieved from /home/dev/curso/ambientevirtual/lib/python3.9/site-packages/airflow/example_dags/example_task_group_decorator.py
[2024-12-14 16:06:45,108] {logging_mixin.py:115} INFO - [2024-12-14 16:06:45,108] {dag.py:2379} INFO - Sync 1 DAGs
[2024-12-14 16:06:45,131] {logging_mixin.py:115} INFO - [2024-12-14 16:06:45,130] {dag.py:2927} INFO - Setting next_dagrun for example_task_group_decorator to 2024-12-13T19:06:45.130570+00:00, run_after=2024-12-14T19:06:45.130570+00:00
[2024-12-14 16:06:45,150] {processor.py:161} INFO - Processing /home/dev/curso/ambientevirtual/lib/python3.9/site-packages/airflow/example_dags/example_task_group_decorator.py took 0.158 seconds
[2024-12-14 16:07:25,418] {processor.py:153} INFO - Started process (PID=52030) to work on /home/dev/curso/ambientevirtual/lib/python3.9/site-packages/airflow/example_dags/example_task_group_decorator.py
[2024-12-14 16:07:25,419] {processor.py:641} INFO - Processing file /home/dev/curso/ambientevirtual/lib/python3.9/site-packages/airflow/example_dags/example_task_group_decorator.py for tasks to queue
[2024-12-14 16:07:25,420] {logging_mixin.py:115} INFO - [2024-12-14 16:07:25,420] {dagbag.py:507} INFO - Filling up the DagBag from /home/dev/curso/ambientevirtual/lib/python3.9/site-packages/airflow/example_dags/example_task_group_decorator.py
[2024-12-14 16:07:25,451] {processor.py:651} INFO - DAG(s) dict_keys(['example_task_group_decorator']) retrieved from /home/dev/curso/ambientevirtual/lib/python3.9/site-packages/airflow/example_dags/example_task_group_decorator.py
[2024-12-14 16:07:25,507] {logging_mixin.py:115} INFO - [2024-12-14 16:07:25,507] {dag.py:2379} INFO - Sync 1 DAGs
[2024-12-14 16:07:25,525] {logging_mixin.py:115} INFO - [2024-12-14 16:07:25,525] {dag.py:2927} INFO - Setting next_dagrun for example_task_group_decorator to 2024-12-13T19:07:25.525316+00:00, run_after=2024-12-14T19:07:25.525316+00:00
[2024-12-14 16:07:25,545] {processor.py:161} INFO - Processing /home/dev/curso/ambientevirtual/lib/python3.9/site-packages/airflow/example_dags/example_task_group_decorator.py took 0.131 seconds
[2024-12-14 16:08:05,457] {processor.py:153} INFO - Started process (PID=52176) to work on /home/dev/curso/ambientevirtual/lib/python3.9/site-packages/airflow/example_dags/example_task_group_decorator.py
[2024-12-14 16:08:05,460] {processor.py:641} INFO - Processing file /home/dev/curso/ambientevirtual/lib/python3.9/site-packages/airflow/example_dags/example_task_group_decorator.py for tasks to queue
[2024-12-14 16:08:05,461] {logging_mixin.py:115} INFO - [2024-12-14 16:08:05,461] {dagbag.py:507} INFO - Filling up the DagBag from /home/dev/curso/ambientevirtual/lib/python3.9/site-packages/airflow/example_dags/example_task_group_decorator.py
[2024-12-14 16:08:05,499] {processor.py:651} INFO - DAG(s) dict_keys(['example_task_group_decorator']) retrieved from /home/dev/curso/ambientevirtual/lib/python3.9/site-packages/airflow/example_dags/example_task_group_decorator.py
[2024-12-14 16:08:05,524] {logging_mixin.py:115} INFO - [2024-12-14 16:08:05,524] {dag.py:2379} INFO - Sync 1 DAGs
[2024-12-14 16:08:05,544] {logging_mixin.py:115} INFO - [2024-12-14 16:08:05,544] {dag.py:2927} INFO - Setting next_dagrun for example_task_group_decorator to 2024-12-13T19:08:05.544049+00:00, run_after=2024-12-14T19:08:05.544049+00:00
[2024-12-14 16:08:05,568] {processor.py:161} INFO - Processing /home/dev/curso/ambientevirtual/lib/python3.9/site-packages/airflow/example_dags/example_task_group_decorator.py took 0.119 seconds
[2024-12-14 16:08:44,352] {processor.py:153} INFO - Started process (PID=52488) to work on /home/dev/curso/ambientevirtual/lib/python3.9/site-packages/airflow/example_dags/example_task_group_decorator.py
[2024-12-14 16:08:44,354] {processor.py:641} INFO - Processing file /home/dev/curso/ambientevirtual/lib/python3.9/site-packages/airflow/example_dags/example_task_group_decorator.py for tasks to queue
[2024-12-14 16:08:44,355] {logging_mixin.py:115} INFO - [2024-12-14 16:08:44,354] {dagbag.py:507} INFO - Filling up the DagBag from /home/dev/curso/ambientevirtual/lib/python3.9/site-packages/airflow/example_dags/example_task_group_decorator.py
[2024-12-14 16:08:44,390] {processor.py:651} INFO - DAG(s) dict_keys(['example_task_group_decorator']) retrieved from /home/dev/curso/ambientevirtual/lib/python3.9/site-packages/airflow/example_dags/example_task_group_decorator.py
[2024-12-14 16:08:44,412] {logging_mixin.py:115} INFO - [2024-12-14 16:08:44,412] {dag.py:2379} INFO - Sync 1 DAGs
[2024-12-14 16:08:44,436] {logging_mixin.py:115} INFO - [2024-12-14 16:08:44,436] {dag.py:2927} INFO - Setting next_dagrun for example_task_group_decorator to 2024-12-13T19:08:44.436032+00:00, run_after=2024-12-14T19:08:44.436032+00:00
[2024-12-14 16:08:44,456] {processor.py:161} INFO - Processing /home/dev/curso/ambientevirtual/lib/python3.9/site-packages/airflow/example_dags/example_task_group_decorator.py took 0.111 seconds
[2024-12-14 16:09:25,486] {processor.py:153} INFO - Started process (PID=52698) to work on /home/dev/curso/ambientevirtual/lib/python3.9/site-packages/airflow/example_dags/example_task_group_decorator.py
[2024-12-14 16:09:25,488] {processor.py:641} INFO - Processing file /home/dev/curso/ambientevirtual/lib/python3.9/site-packages/airflow/example_dags/example_task_group_decorator.py for tasks to queue
[2024-12-14 16:09:25,489] {logging_mixin.py:115} INFO - [2024-12-14 16:09:25,488] {dagbag.py:507} INFO - Filling up the DagBag from /home/dev/curso/ambientevirtual/lib/python3.9/site-packages/airflow/example_dags/example_task_group_decorator.py
[2024-12-14 16:09:25,527] {processor.py:651} INFO - DAG(s) dict_keys(['example_task_group_decorator']) retrieved from /home/dev/curso/ambientevirtual/lib/python3.9/site-packages/airflow/example_dags/example_task_group_decorator.py
[2024-12-14 16:09:25,596] {logging_mixin.py:115} INFO - [2024-12-14 16:09:25,596] {dag.py:2379} INFO - Sync 1 DAGs
[2024-12-14 16:09:25,616] {logging_mixin.py:115} INFO - [2024-12-14 16:09:25,616] {dag.py:2927} INFO - Setting next_dagrun for example_task_group_decorator to 2024-12-13T19:09:25.615955+00:00, run_after=2024-12-14T19:09:25.615955+00:00
[2024-12-14 16:09:25,639] {processor.py:161} INFO - Processing /home/dev/curso/ambientevirtual/lib/python3.9/site-packages/airflow/example_dags/example_task_group_decorator.py took 0.159 seconds
[2024-12-14 16:10:03,200] {processor.py:153} INFO - Started process (PID=52836) to work on /home/dev/curso/ambientevirtual/lib/python3.9/site-packages/airflow/example_dags/example_task_group_decorator.py
[2024-12-14 16:10:03,202] {processor.py:641} INFO - Processing file /home/dev/curso/ambientevirtual/lib/python3.9/site-packages/airflow/example_dags/example_task_group_decorator.py for tasks to queue
[2024-12-14 16:10:03,203] {logging_mixin.py:115} INFO - [2024-12-14 16:10:03,203] {dagbag.py:507} INFO - Filling up the DagBag from /home/dev/curso/ambientevirtual/lib/python3.9/site-packages/airflow/example_dags/example_task_group_decorator.py
[2024-12-14 16:10:03,234] {processor.py:651} INFO - DAG(s) dict_keys(['example_task_group_decorator']) retrieved from /home/dev/curso/ambientevirtual/lib/python3.9/site-packages/airflow/example_dags/example_task_group_decorator.py
[2024-12-14 16:10:03,290] {logging_mixin.py:115} INFO - [2024-12-14 16:10:03,290] {dag.py:2379} INFO - Sync 1 DAGs
[2024-12-14 16:10:03,306] {logging_mixin.py:115} INFO - [2024-12-14 16:10:03,306] {dag.py:2927} INFO - Setting next_dagrun for example_task_group_decorator to 2024-12-13T19:10:03.306136+00:00, run_after=2024-12-14T19:10:03.306136+00:00
[2024-12-14 16:10:03,326] {processor.py:161} INFO - Processing /home/dev/curso/ambientevirtual/lib/python3.9/site-packages/airflow/example_dags/example_task_group_decorator.py took 0.132 seconds
[2024-12-14 16:10:39,028] {processor.py:153} INFO - Started process (PID=52991) to work on /home/dev/curso/ambientevirtual/lib/python3.9/site-packages/airflow/example_dags/example_task_group_decorator.py
[2024-12-14 16:10:39,029] {processor.py:641} INFO - Processing file /home/dev/curso/ambientevirtual/lib/python3.9/site-packages/airflow/example_dags/example_task_group_decorator.py for tasks to queue
[2024-12-14 16:10:39,030] {logging_mixin.py:115} INFO - [2024-12-14 16:10:39,030] {dagbag.py:507} INFO - Filling up the DagBag from /home/dev/curso/ambientevirtual/lib/python3.9/site-packages/airflow/example_dags/example_task_group_decorator.py
[2024-12-14 16:10:39,063] {processor.py:651} INFO - DAG(s) dict_keys(['example_task_group_decorator']) retrieved from /home/dev/curso/ambientevirtual/lib/python3.9/site-packages/airflow/example_dags/example_task_group_decorator.py
[2024-12-14 16:10:39,088] {logging_mixin.py:115} INFO - [2024-12-14 16:10:39,088] {dag.py:2379} INFO - Sync 1 DAGs
[2024-12-14 16:10:39,109] {logging_mixin.py:115} INFO - [2024-12-14 16:10:39,109] {dag.py:2927} INFO - Setting next_dagrun for example_task_group_decorator to 2024-12-13T19:10:39.108996+00:00, run_after=2024-12-14T19:10:39.108996+00:00
[2024-12-14 16:10:39,129] {processor.py:161} INFO - Processing /home/dev/curso/ambientevirtual/lib/python3.9/site-packages/airflow/example_dags/example_task_group_decorator.py took 0.106 seconds
[2024-12-14 16:11:14,725] {processor.py:153} INFO - Started process (PID=53211) to work on /home/dev/curso/ambientevirtual/lib/python3.9/site-packages/airflow/example_dags/example_task_group_decorator.py
[2024-12-14 16:11:14,726] {processor.py:641} INFO - Processing file /home/dev/curso/ambientevirtual/lib/python3.9/site-packages/airflow/example_dags/example_task_group_decorator.py for tasks to queue
[2024-12-14 16:11:14,727] {logging_mixin.py:115} INFO - [2024-12-14 16:11:14,727] {dagbag.py:507} INFO - Filling up the DagBag from /home/dev/curso/ambientevirtual/lib/python3.9/site-packages/airflow/example_dags/example_task_group_decorator.py
[2024-12-14 16:11:14,766] {processor.py:651} INFO - DAG(s) dict_keys(['example_task_group_decorator']) retrieved from /home/dev/curso/ambientevirtual/lib/python3.9/site-packages/airflow/example_dags/example_task_group_decorator.py
[2024-12-14 16:11:14,788] {logging_mixin.py:115} INFO - [2024-12-14 16:11:14,788] {dag.py:2379} INFO - Sync 1 DAGs
[2024-12-14 16:11:14,807] {logging_mixin.py:115} INFO - [2024-12-14 16:11:14,807] {dag.py:2927} INFO - Setting next_dagrun for example_task_group_decorator to 2024-12-13T19:11:14.807142+00:00, run_after=2024-12-14T19:11:14.807142+00:00
[2024-12-14 16:11:14,828] {processor.py:161} INFO - Processing /home/dev/curso/ambientevirtual/lib/python3.9/site-packages/airflow/example_dags/example_task_group_decorator.py took 0.110 seconds
