[2024-12-14 15:51:42,768] {processor.py:153} INFO - Started process (PID=48011) to work on /home/dev/curso/ambientevirtual/lib/python3.9/site-packages/airflow/example_dags/example_task_group.py
[2024-12-14 15:51:42,769] {processor.py:641} INFO - Processing file /home/dev/curso/ambientevirtual/lib/python3.9/site-packages/airflow/example_dags/example_task_group.py for tasks to queue
[2024-12-14 15:51:42,770] {logging_mixin.py:115} INFO - [2024-12-14 15:51:42,770] {dagbag.py:507} INFO - Filling up the DagBag from /home/dev/curso/ambientevirtual/lib/python3.9/site-packages/airflow/example_dags/example_task_group.py
[2024-12-14 15:51:42,779] {processor.py:651} INFO - DAG(s) dict_keys(['example_task_group']) retrieved from /home/dev/curso/ambientevirtual/lib/python3.9/site-packages/airflow/example_dags/example_task_group.py
[2024-12-14 15:51:42,862] {logging_mixin.py:115} INFO - [2024-12-14 15:51:42,862] {manager.py:508} INFO - Created Permission View: can delete on DAG:example_task_group
[2024-12-14 15:51:42,876] {logging_mixin.py:115} INFO - [2024-12-14 15:51:42,876] {manager.py:508} INFO - Created Permission View: can edit on DAG:example_task_group
[2024-12-14 15:51:42,888] {logging_mixin.py:115} INFO - [2024-12-14 15:51:42,888] {manager.py:508} INFO - Created Permission View: can read on DAG:example_task_group
[2024-12-14 15:51:42,888] {logging_mixin.py:115} INFO - [2024-12-14 15:51:42,888] {dag.py:2379} INFO - Sync 1 DAGs
[2024-12-14 15:51:42,898] {logging_mixin.py:115} INFO - [2024-12-14 15:51:42,897] {dag.py:2398} INFO - Creating ORM DAG for example_task_group
[2024-12-14 15:51:42,908] {logging_mixin.py:115} INFO - [2024-12-14 15:51:42,907] {dag.py:2927} INFO - Setting next_dagrun for example_task_group to 2024-12-13T18:51:42.907564+00:00, run_after=2024-12-14T18:51:42.907564+00:00
[2024-12-14 15:51:42,928] {processor.py:161} INFO - Processing /home/dev/curso/ambientevirtual/lib/python3.9/site-packages/airflow/example_dags/example_task_group.py took 0.164 seconds
[2024-12-14 15:52:20,103] {processor.py:153} INFO - Started process (PID=48317) to work on /home/dev/curso/ambientevirtual/lib/python3.9/site-packages/airflow/example_dags/example_task_group.py
[2024-12-14 15:52:20,104] {processor.py:641} INFO - Processing file /home/dev/curso/ambientevirtual/lib/python3.9/site-packages/airflow/example_dags/example_task_group.py for tasks to queue
[2024-12-14 15:52:20,105] {logging_mixin.py:115} INFO - [2024-12-14 15:52:20,104] {dagbag.py:507} INFO - Filling up the DagBag from /home/dev/curso/ambientevirtual/lib/python3.9/site-packages/airflow/example_dags/example_task_group.py
[2024-12-14 15:52:20,114] {processor.py:651} INFO - DAG(s) dict_keys(['example_task_group']) retrieved from /home/dev/curso/ambientevirtual/lib/python3.9/site-packages/airflow/example_dags/example_task_group.py
[2024-12-14 15:52:20,136] {logging_mixin.py:115} INFO - [2024-12-14 15:52:20,136] {dag.py:2379} INFO - Sync 1 DAGs
[2024-12-14 15:52:20,158] {logging_mixin.py:115} INFO - [2024-12-14 15:52:20,158] {dag.py:2927} INFO - Setting next_dagrun for example_task_group to 2024-12-13T18:52:20.157843+00:00, run_after=2024-12-14T18:52:20.157843+00:00
[2024-12-14 15:52:20,174] {processor.py:161} INFO - Processing /home/dev/curso/ambientevirtual/lib/python3.9/site-packages/airflow/example_dags/example_task_group.py took 0.075 seconds
[2024-12-14 15:52:56,773] {processor.py:153} INFO - Started process (PID=48453) to work on /home/dev/curso/ambientevirtual/lib/python3.9/site-packages/airflow/example_dags/example_task_group.py
[2024-12-14 15:52:56,774] {processor.py:641} INFO - Processing file /home/dev/curso/ambientevirtual/lib/python3.9/site-packages/airflow/example_dags/example_task_group.py for tasks to queue
[2024-12-14 15:52:56,775] {logging_mixin.py:115} INFO - [2024-12-14 15:52:56,775] {dagbag.py:507} INFO - Filling up the DagBag from /home/dev/curso/ambientevirtual/lib/python3.9/site-packages/airflow/example_dags/example_task_group.py
[2024-12-14 15:52:56,788] {processor.py:651} INFO - DAG(s) dict_keys(['example_task_group']) retrieved from /home/dev/curso/ambientevirtual/lib/python3.9/site-packages/airflow/example_dags/example_task_group.py
[2024-12-14 15:52:56,807] {logging_mixin.py:115} INFO - [2024-12-14 15:52:56,807] {dag.py:2379} INFO - Sync 1 DAGs
[2024-12-14 15:52:56,826] {logging_mixin.py:115} INFO - [2024-12-14 15:52:56,826] {dag.py:2927} INFO - Setting next_dagrun for example_task_group to 2024-12-13T18:52:56.826359+00:00, run_after=2024-12-14T18:52:56.826359+00:00
[2024-12-14 15:52:56,843] {processor.py:161} INFO - Processing /home/dev/curso/ambientevirtual/lib/python3.9/site-packages/airflow/example_dags/example_task_group.py took 0.076 seconds
[2024-12-14 15:53:31,928] {processor.py:153} INFO - Started process (PID=48583) to work on /home/dev/curso/ambientevirtual/lib/python3.9/site-packages/airflow/example_dags/example_task_group.py
[2024-12-14 15:53:31,929] {processor.py:641} INFO - Processing file /home/dev/curso/ambientevirtual/lib/python3.9/site-packages/airflow/example_dags/example_task_group.py for tasks to queue
[2024-12-14 15:53:31,929] {logging_mixin.py:115} INFO - [2024-12-14 15:53:31,929] {dagbag.py:507} INFO - Filling up the DagBag from /home/dev/curso/ambientevirtual/lib/python3.9/site-packages/airflow/example_dags/example_task_group.py
[2024-12-14 15:53:31,937] {processor.py:651} INFO - DAG(s) dict_keys(['example_task_group']) retrieved from /home/dev/curso/ambientevirtual/lib/python3.9/site-packages/airflow/example_dags/example_task_group.py
[2024-12-14 15:53:31,958] {logging_mixin.py:115} INFO - [2024-12-14 15:53:31,958] {dag.py:2379} INFO - Sync 1 DAGs
[2024-12-14 15:53:31,976] {logging_mixin.py:115} INFO - [2024-12-14 15:53:31,976] {dag.py:2927} INFO - Setting next_dagrun for example_task_group to 2024-12-13T18:53:31.975961+00:00, run_after=2024-12-14T18:53:31.975961+00:00
[2024-12-14 15:53:31,992] {processor.py:161} INFO - Processing /home/dev/curso/ambientevirtual/lib/python3.9/site-packages/airflow/example_dags/example_task_group.py took 0.068 seconds
[2024-12-14 15:54:08,525] {processor.py:153} INFO - Started process (PID=48716) to work on /home/dev/curso/ambientevirtual/lib/python3.9/site-packages/airflow/example_dags/example_task_group.py
[2024-12-14 15:54:08,526] {processor.py:641} INFO - Processing file /home/dev/curso/ambientevirtual/lib/python3.9/site-packages/airflow/example_dags/example_task_group.py for tasks to queue
[2024-12-14 15:54:08,526] {logging_mixin.py:115} INFO - [2024-12-14 15:54:08,526] {dagbag.py:507} INFO - Filling up the DagBag from /home/dev/curso/ambientevirtual/lib/python3.9/site-packages/airflow/example_dags/example_task_group.py
[2024-12-14 15:54:08,536] {processor.py:651} INFO - DAG(s) dict_keys(['example_task_group']) retrieved from /home/dev/curso/ambientevirtual/lib/python3.9/site-packages/airflow/example_dags/example_task_group.py
[2024-12-14 15:54:08,557] {logging_mixin.py:115} INFO - [2024-12-14 15:54:08,557] {dag.py:2379} INFO - Sync 1 DAGs
[2024-12-14 15:54:08,575] {logging_mixin.py:115} INFO - [2024-12-14 15:54:08,575] {dag.py:2927} INFO - Setting next_dagrun for example_task_group to 2024-12-13T18:54:08.575517+00:00, run_after=2024-12-14T18:54:08.575517+00:00
[2024-12-14 15:54:08,590] {processor.py:161} INFO - Processing /home/dev/curso/ambientevirtual/lib/python3.9/site-packages/airflow/example_dags/example_task_group.py took 0.070 seconds
[2024-12-14 15:54:45,480] {processor.py:153} INFO - Started process (PID=48849) to work on /home/dev/curso/ambientevirtual/lib/python3.9/site-packages/airflow/example_dags/example_task_group.py
[2024-12-14 15:54:45,482] {processor.py:641} INFO - Processing file /home/dev/curso/ambientevirtual/lib/python3.9/site-packages/airflow/example_dags/example_task_group.py for tasks to queue
[2024-12-14 15:54:45,483] {logging_mixin.py:115} INFO - [2024-12-14 15:54:45,483] {dagbag.py:507} INFO - Filling up the DagBag from /home/dev/curso/ambientevirtual/lib/python3.9/site-packages/airflow/example_dags/example_task_group.py
[2024-12-14 15:54:45,491] {processor.py:651} INFO - DAG(s) dict_keys(['example_task_group']) retrieved from /home/dev/curso/ambientevirtual/lib/python3.9/site-packages/airflow/example_dags/example_task_group.py
[2024-12-14 15:54:45,517] {logging_mixin.py:115} INFO - [2024-12-14 15:54:45,516] {dag.py:2379} INFO - Sync 1 DAGs
[2024-12-14 15:54:45,541] {logging_mixin.py:115} INFO - [2024-12-14 15:54:45,541] {dag.py:2927} INFO - Setting next_dagrun for example_task_group to 2024-12-13T18:54:45.541484+00:00, run_after=2024-12-14T18:54:45.541484+00:00
[2024-12-14 15:54:45,565] {processor.py:161} INFO - Processing /home/dev/curso/ambientevirtual/lib/python3.9/site-packages/airflow/example_dags/example_task_group.py took 0.092 seconds
[2024-12-14 15:55:20,176] {processor.py:153} INFO - Started process (PID=48979) to work on /home/dev/curso/ambientevirtual/lib/python3.9/site-packages/airflow/example_dags/example_task_group.py
[2024-12-14 15:55:20,177] {processor.py:641} INFO - Processing file /home/dev/curso/ambientevirtual/lib/python3.9/site-packages/airflow/example_dags/example_task_group.py for tasks to queue
[2024-12-14 15:55:20,178] {logging_mixin.py:115} INFO - [2024-12-14 15:55:20,178] {dagbag.py:507} INFO - Filling up the DagBag from /home/dev/curso/ambientevirtual/lib/python3.9/site-packages/airflow/example_dags/example_task_group.py
[2024-12-14 15:55:20,189] {processor.py:651} INFO - DAG(s) dict_keys(['example_task_group']) retrieved from /home/dev/curso/ambientevirtual/lib/python3.9/site-packages/airflow/example_dags/example_task_group.py
[2024-12-14 15:55:20,211] {logging_mixin.py:115} INFO - [2024-12-14 15:55:20,210] {dag.py:2379} INFO - Sync 1 DAGs
[2024-12-14 15:55:20,230] {logging_mixin.py:115} INFO - [2024-12-14 15:55:20,230] {dag.py:2927} INFO - Setting next_dagrun for example_task_group to 2024-12-13T18:55:20.230417+00:00, run_after=2024-12-14T18:55:20.230417+00:00
[2024-12-14 15:55:20,248] {processor.py:161} INFO - Processing /home/dev/curso/ambientevirtual/lib/python3.9/site-packages/airflow/example_dags/example_task_group.py took 0.079 seconds
[2024-12-14 15:55:54,141] {processor.py:153} INFO - Started process (PID=49102) to work on /home/dev/curso/ambientevirtual/lib/python3.9/site-packages/airflow/example_dags/example_task_group.py
[2024-12-14 15:55:54,143] {processor.py:641} INFO - Processing file /home/dev/curso/ambientevirtual/lib/python3.9/site-packages/airflow/example_dags/example_task_group.py for tasks to queue
[2024-12-14 15:55:54,144] {logging_mixin.py:115} INFO - [2024-12-14 15:55:54,144] {dagbag.py:507} INFO - Filling up the DagBag from /home/dev/curso/ambientevirtual/lib/python3.9/site-packages/airflow/example_dags/example_task_group.py
[2024-12-14 15:55:54,159] {processor.py:651} INFO - DAG(s) dict_keys(['example_task_group']) retrieved from /home/dev/curso/ambientevirtual/lib/python3.9/site-packages/airflow/example_dags/example_task_group.py
[2024-12-14 15:55:54,183] {logging_mixin.py:115} INFO - [2024-12-14 15:55:54,183] {dag.py:2379} INFO - Sync 1 DAGs
[2024-12-14 15:55:54,203] {logging_mixin.py:115} INFO - [2024-12-14 15:55:54,202] {dag.py:2927} INFO - Setting next_dagrun for example_task_group to 2024-12-13T18:55:54.202654+00:00, run_after=2024-12-14T18:55:54.202654+00:00
[2024-12-14 15:55:54,220] {processor.py:161} INFO - Processing /home/dev/curso/ambientevirtual/lib/python3.9/site-packages/airflow/example_dags/example_task_group.py took 0.085 seconds
[2024-12-14 15:56:29,740] {processor.py:153} INFO - Started process (PID=49230) to work on /home/dev/curso/ambientevirtual/lib/python3.9/site-packages/airflow/example_dags/example_task_group.py
[2024-12-14 15:56:29,741] {processor.py:641} INFO - Processing file /home/dev/curso/ambientevirtual/lib/python3.9/site-packages/airflow/example_dags/example_task_group.py for tasks to queue
[2024-12-14 15:56:29,742] {logging_mixin.py:115} INFO - [2024-12-14 15:56:29,742] {dagbag.py:507} INFO - Filling up the DagBag from /home/dev/curso/ambientevirtual/lib/python3.9/site-packages/airflow/example_dags/example_task_group.py
[2024-12-14 15:56:29,750] {processor.py:651} INFO - DAG(s) dict_keys(['example_task_group']) retrieved from /home/dev/curso/ambientevirtual/lib/python3.9/site-packages/airflow/example_dags/example_task_group.py
[2024-12-14 15:56:29,775] {logging_mixin.py:115} INFO - [2024-12-14 15:56:29,775] {dag.py:2379} INFO - Sync 1 DAGs
[2024-12-14 15:56:29,801] {logging_mixin.py:115} INFO - [2024-12-14 15:56:29,801] {dag.py:2927} INFO - Setting next_dagrun for example_task_group to 2024-12-13T18:56:29.800747+00:00, run_after=2024-12-14T18:56:29.800747+00:00
[2024-12-14 15:56:29,818] {processor.py:161} INFO - Processing /home/dev/curso/ambientevirtual/lib/python3.9/site-packages/airflow/example_dags/example_task_group.py took 0.085 seconds
[2024-12-14 15:57:05,572] {processor.py:153} INFO - Started process (PID=49424) to work on /home/dev/curso/ambientevirtual/lib/python3.9/site-packages/airflow/example_dags/example_task_group.py
[2024-12-14 15:57:05,574] {processor.py:641} INFO - Processing file /home/dev/curso/ambientevirtual/lib/python3.9/site-packages/airflow/example_dags/example_task_group.py for tasks to queue
[2024-12-14 15:57:05,575] {logging_mixin.py:115} INFO - [2024-12-14 15:57:05,574] {dagbag.py:507} INFO - Filling up the DagBag from /home/dev/curso/ambientevirtual/lib/python3.9/site-packages/airflow/example_dags/example_task_group.py
[2024-12-14 15:57:05,583] {processor.py:651} INFO - DAG(s) dict_keys(['example_task_group']) retrieved from /home/dev/curso/ambientevirtual/lib/python3.9/site-packages/airflow/example_dags/example_task_group.py
[2024-12-14 15:57:05,609] {logging_mixin.py:115} INFO - [2024-12-14 15:57:05,609] {dag.py:2379} INFO - Sync 1 DAGs
[2024-12-14 15:57:05,632] {logging_mixin.py:115} INFO - [2024-12-14 15:57:05,632] {dag.py:2927} INFO - Setting next_dagrun for example_task_group to 2024-12-13T18:57:05.632547+00:00, run_after=2024-12-14T18:57:05.632547+00:00
[2024-12-14 15:57:05,650] {processor.py:161} INFO - Processing /home/dev/curso/ambientevirtual/lib/python3.9/site-packages/airflow/example_dags/example_task_group.py took 0.083 seconds
[2024-12-14 15:57:45,009] {processor.py:153} INFO - Started process (PID=49565) to work on /home/dev/curso/ambientevirtual/lib/python3.9/site-packages/airflow/example_dags/example_task_group.py
[2024-12-14 15:57:45,014] {processor.py:641} INFO - Processing file /home/dev/curso/ambientevirtual/lib/python3.9/site-packages/airflow/example_dags/example_task_group.py for tasks to queue
[2024-12-14 15:57:45,015] {logging_mixin.py:115} INFO - [2024-12-14 15:57:45,015] {dagbag.py:507} INFO - Filling up the DagBag from /home/dev/curso/ambientevirtual/lib/python3.9/site-packages/airflow/example_dags/example_task_group.py
[2024-12-14 15:57:45,028] {processor.py:651} INFO - DAG(s) dict_keys(['example_task_group']) retrieved from /home/dev/curso/ambientevirtual/lib/python3.9/site-packages/airflow/example_dags/example_task_group.py
[2024-12-14 15:57:45,069] {logging_mixin.py:115} INFO - [2024-12-14 15:57:45,068] {dag.py:2379} INFO - Sync 1 DAGs
[2024-12-14 15:57:45,097] {logging_mixin.py:115} INFO - [2024-12-14 15:57:45,097] {dag.py:2927} INFO - Setting next_dagrun for example_task_group to 2024-12-13T18:57:45.096889+00:00, run_after=2024-12-14T18:57:45.096889+00:00
[2024-12-14 15:57:45,114] {processor.py:161} INFO - Processing /home/dev/curso/ambientevirtual/lib/python3.9/site-packages/airflow/example_dags/example_task_group.py took 0.110 seconds
[2024-12-14 15:58:19,196] {processor.py:153} INFO - Started process (PID=49690) to work on /home/dev/curso/ambientevirtual/lib/python3.9/site-packages/airflow/example_dags/example_task_group.py
[2024-12-14 15:58:19,198] {processor.py:641} INFO - Processing file /home/dev/curso/ambientevirtual/lib/python3.9/site-packages/airflow/example_dags/example_task_group.py for tasks to queue
[2024-12-14 15:58:19,199] {logging_mixin.py:115} INFO - [2024-12-14 15:58:19,199] {dagbag.py:507} INFO - Filling up the DagBag from /home/dev/curso/ambientevirtual/lib/python3.9/site-packages/airflow/example_dags/example_task_group.py
[2024-12-14 15:58:19,210] {processor.py:651} INFO - DAG(s) dict_keys(['example_task_group']) retrieved from /home/dev/curso/ambientevirtual/lib/python3.9/site-packages/airflow/example_dags/example_task_group.py
[2024-12-14 15:58:19,236] {logging_mixin.py:115} INFO - [2024-12-14 15:58:19,236] {dag.py:2379} INFO - Sync 1 DAGs
[2024-12-14 15:58:19,260] {logging_mixin.py:115} INFO - [2024-12-14 15:58:19,260] {dag.py:2927} INFO - Setting next_dagrun for example_task_group to 2024-12-13T18:58:19.260094+00:00, run_after=2024-12-14T18:58:19.260094+00:00
[2024-12-14 15:58:19,279] {processor.py:161} INFO - Processing /home/dev/curso/ambientevirtual/lib/python3.9/site-packages/airflow/example_dags/example_task_group.py took 0.089 seconds
[2024-12-14 15:58:52,787] {processor.py:153} INFO - Started process (PID=49812) to work on /home/dev/curso/ambientevirtual/lib/python3.9/site-packages/airflow/example_dags/example_task_group.py
[2024-12-14 15:58:52,788] {processor.py:641} INFO - Processing file /home/dev/curso/ambientevirtual/lib/python3.9/site-packages/airflow/example_dags/example_task_group.py for tasks to queue
[2024-12-14 15:58:52,789] {logging_mixin.py:115} INFO - [2024-12-14 15:58:52,789] {dagbag.py:507} INFO - Filling up the DagBag from /home/dev/curso/ambientevirtual/lib/python3.9/site-packages/airflow/example_dags/example_task_group.py
[2024-12-14 15:58:52,803] {processor.py:651} INFO - DAG(s) dict_keys(['example_task_group']) retrieved from /home/dev/curso/ambientevirtual/lib/python3.9/site-packages/airflow/example_dags/example_task_group.py
[2024-12-14 15:58:52,824] {logging_mixin.py:115} INFO - [2024-12-14 15:58:52,824] {dag.py:2379} INFO - Sync 1 DAGs
[2024-12-14 15:58:52,844] {logging_mixin.py:115} INFO - [2024-12-14 15:58:52,844] {dag.py:2927} INFO - Setting next_dagrun for example_task_group to 2024-12-13T18:58:52.843775+00:00, run_after=2024-12-14T18:58:52.843775+00:00
[2024-12-14 15:58:52,860] {processor.py:161} INFO - Processing /home/dev/curso/ambientevirtual/lib/python3.9/site-packages/airflow/example_dags/example_task_group.py took 0.080 seconds
[2024-12-14 15:59:27,472] {processor.py:153} INFO - Started process (PID=49941) to work on /home/dev/curso/ambientevirtual/lib/python3.9/site-packages/airflow/example_dags/example_task_group.py
[2024-12-14 15:59:27,474] {processor.py:641} INFO - Processing file /home/dev/curso/ambientevirtual/lib/python3.9/site-packages/airflow/example_dags/example_task_group.py for tasks to queue
[2024-12-14 15:59:27,475] {logging_mixin.py:115} INFO - [2024-12-14 15:59:27,475] {dagbag.py:507} INFO - Filling up the DagBag from /home/dev/curso/ambientevirtual/lib/python3.9/site-packages/airflow/example_dags/example_task_group.py
[2024-12-14 15:59:27,486] {processor.py:651} INFO - DAG(s) dict_keys(['example_task_group']) retrieved from /home/dev/curso/ambientevirtual/lib/python3.9/site-packages/airflow/example_dags/example_task_group.py
[2024-12-14 15:59:27,510] {logging_mixin.py:115} INFO - [2024-12-14 15:59:27,510] {dag.py:2379} INFO - Sync 1 DAGs
[2024-12-14 15:59:27,532] {logging_mixin.py:115} INFO - [2024-12-14 15:59:27,532] {dag.py:2927} INFO - Setting next_dagrun for example_task_group to 2024-12-13T18:59:27.532236+00:00, run_after=2024-12-14T18:59:27.532236+00:00
[2024-12-14 15:59:27,559] {processor.py:161} INFO - Processing /home/dev/curso/ambientevirtual/lib/python3.9/site-packages/airflow/example_dags/example_task_group.py took 0.094 seconds
[2024-12-14 16:00:03,418] {processor.py:153} INFO - Started process (PID=50070) to work on /home/dev/curso/ambientevirtual/lib/python3.9/site-packages/airflow/example_dags/example_task_group.py
[2024-12-14 16:00:03,419] {processor.py:641} INFO - Processing file /home/dev/curso/ambientevirtual/lib/python3.9/site-packages/airflow/example_dags/example_task_group.py for tasks to queue
[2024-12-14 16:00:03,420] {logging_mixin.py:115} INFO - [2024-12-14 16:00:03,420] {dagbag.py:507} INFO - Filling up the DagBag from /home/dev/curso/ambientevirtual/lib/python3.9/site-packages/airflow/example_dags/example_task_group.py
[2024-12-14 16:00:03,434] {processor.py:651} INFO - DAG(s) dict_keys(['example_task_group']) retrieved from /home/dev/curso/ambientevirtual/lib/python3.9/site-packages/airflow/example_dags/example_task_group.py
[2024-12-14 16:00:03,454] {logging_mixin.py:115} INFO - [2024-12-14 16:00:03,454] {dag.py:2379} INFO - Sync 1 DAGs
[2024-12-14 16:00:03,474] {logging_mixin.py:115} INFO - [2024-12-14 16:00:03,474] {dag.py:2927} INFO - Setting next_dagrun for example_task_group to 2024-12-13T19:00:03.473673+00:00, run_after=2024-12-14T19:00:03.473673+00:00
[2024-12-14 16:00:03,490] {processor.py:161} INFO - Processing /home/dev/curso/ambientevirtual/lib/python3.9/site-packages/airflow/example_dags/example_task_group.py took 0.079 seconds
[2024-12-14 16:00:41,009] {processor.py:153} INFO - Started process (PID=50207) to work on /home/dev/curso/ambientevirtual/lib/python3.9/site-packages/airflow/example_dags/example_task_group.py
[2024-12-14 16:00:41,011] {processor.py:641} INFO - Processing file /home/dev/curso/ambientevirtual/lib/python3.9/site-packages/airflow/example_dags/example_task_group.py for tasks to queue
[2024-12-14 16:00:41,011] {logging_mixin.py:115} INFO - [2024-12-14 16:00:41,011] {dagbag.py:507} INFO - Filling up the DagBag from /home/dev/curso/ambientevirtual/lib/python3.9/site-packages/airflow/example_dags/example_task_group.py
[2024-12-14 16:00:41,020] {processor.py:651} INFO - DAG(s) dict_keys(['example_task_group']) retrieved from /home/dev/curso/ambientevirtual/lib/python3.9/site-packages/airflow/example_dags/example_task_group.py
[2024-12-14 16:00:41,040] {logging_mixin.py:115} INFO - [2024-12-14 16:00:41,040] {dag.py:2379} INFO - Sync 1 DAGs
[2024-12-14 16:00:41,061] {logging_mixin.py:115} INFO - [2024-12-14 16:00:41,061] {dag.py:2927} INFO - Setting next_dagrun for example_task_group to 2024-12-13T19:00:41.060890+00:00, run_after=2024-12-14T19:00:41.060890+00:00
[2024-12-14 16:00:41,078] {processor.py:161} INFO - Processing /home/dev/curso/ambientevirtual/lib/python3.9/site-packages/airflow/example_dags/example_task_group.py took 0.072 seconds
[2024-12-14 16:01:22,961] {processor.py:153} INFO - Started process (PID=50527) to work on /home/dev/curso/ambientevirtual/lib/python3.9/site-packages/airflow/example_dags/example_task_group.py
[2024-12-14 16:01:22,964] {processor.py:641} INFO - Processing file /home/dev/curso/ambientevirtual/lib/python3.9/site-packages/airflow/example_dags/example_task_group.py for tasks to queue
[2024-12-14 16:01:22,965] {logging_mixin.py:115} INFO - [2024-12-14 16:01:22,964] {dagbag.py:507} INFO - Filling up the DagBag from /home/dev/curso/ambientevirtual/lib/python3.9/site-packages/airflow/example_dags/example_task_group.py
[2024-12-14 16:01:22,980] {processor.py:651} INFO - DAG(s) dict_keys(['example_task_group']) retrieved from /home/dev/curso/ambientevirtual/lib/python3.9/site-packages/airflow/example_dags/example_task_group.py
[2024-12-14 16:01:23,009] {logging_mixin.py:115} INFO - [2024-12-14 16:01:23,009] {dag.py:2379} INFO - Sync 1 DAGs
[2024-12-14 16:01:23,029] {logging_mixin.py:115} INFO - [2024-12-14 16:01:23,029] {dag.py:2927} INFO - Setting next_dagrun for example_task_group to 2024-12-13T19:01:23.029224+00:00, run_after=2024-12-14T19:01:23.029224+00:00
[2024-12-14 16:01:23,046] {processor.py:161} INFO - Processing /home/dev/curso/ambientevirtual/lib/python3.9/site-packages/airflow/example_dags/example_task_group.py took 0.091 seconds
[2024-12-14 16:02:00,350] {processor.py:153} INFO - Started process (PID=50664) to work on /home/dev/curso/ambientevirtual/lib/python3.9/site-packages/airflow/example_dags/example_task_group.py
[2024-12-14 16:02:00,351] {processor.py:641} INFO - Processing file /home/dev/curso/ambientevirtual/lib/python3.9/site-packages/airflow/example_dags/example_task_group.py for tasks to queue
[2024-12-14 16:02:00,352] {logging_mixin.py:115} INFO - [2024-12-14 16:02:00,352] {dagbag.py:507} INFO - Filling up the DagBag from /home/dev/curso/ambientevirtual/lib/python3.9/site-packages/airflow/example_dags/example_task_group.py
[2024-12-14 16:02:00,363] {processor.py:651} INFO - DAG(s) dict_keys(['example_task_group']) retrieved from /home/dev/curso/ambientevirtual/lib/python3.9/site-packages/airflow/example_dags/example_task_group.py
[2024-12-14 16:02:00,385] {logging_mixin.py:115} INFO - [2024-12-14 16:02:00,385] {dag.py:2379} INFO - Sync 1 DAGs
[2024-12-14 16:02:00,407] {logging_mixin.py:115} INFO - [2024-12-14 16:02:00,406] {dag.py:2927} INFO - Setting next_dagrun for example_task_group to 2024-12-13T19:02:00.406651+00:00, run_after=2024-12-14T19:02:00.406651+00:00
[2024-12-14 16:02:00,431] {processor.py:161} INFO - Processing /home/dev/curso/ambientevirtual/lib/python3.9/site-packages/airflow/example_dags/example_task_group.py took 0.085 seconds
[2024-12-14 16:02:36,932] {processor.py:153} INFO - Started process (PID=50860) to work on /home/dev/curso/ambientevirtual/lib/python3.9/site-packages/airflow/example_dags/example_task_group.py
[2024-12-14 16:02:36,934] {processor.py:641} INFO - Processing file /home/dev/curso/ambientevirtual/lib/python3.9/site-packages/airflow/example_dags/example_task_group.py for tasks to queue
[2024-12-14 16:02:36,935] {logging_mixin.py:115} INFO - [2024-12-14 16:02:36,935] {dagbag.py:507} INFO - Filling up the DagBag from /home/dev/curso/ambientevirtual/lib/python3.9/site-packages/airflow/example_dags/example_task_group.py
[2024-12-14 16:02:36,951] {processor.py:651} INFO - DAG(s) dict_keys(['example_task_group']) retrieved from /home/dev/curso/ambientevirtual/lib/python3.9/site-packages/airflow/example_dags/example_task_group.py
[2024-12-14 16:02:36,977] {logging_mixin.py:115} INFO - [2024-12-14 16:02:36,977] {dag.py:2379} INFO - Sync 1 DAGs
[2024-12-14 16:02:36,997] {logging_mixin.py:115} INFO - [2024-12-14 16:02:36,997] {dag.py:2927} INFO - Setting next_dagrun for example_task_group to 2024-12-13T19:02:36.996828+00:00, run_after=2024-12-14T19:02:36.996828+00:00
[2024-12-14 16:02:37,014] {processor.py:161} INFO - Processing /home/dev/curso/ambientevirtual/lib/python3.9/site-packages/airflow/example_dags/example_task_group.py took 0.089 seconds
[2024-12-14 16:03:09,884] {processor.py:153} INFO - Started process (PID=50981) to work on /home/dev/curso/ambientevirtual/lib/python3.9/site-packages/airflow/example_dags/example_task_group.py
[2024-12-14 16:03:09,885] {processor.py:641} INFO - Processing file /home/dev/curso/ambientevirtual/lib/python3.9/site-packages/airflow/example_dags/example_task_group.py for tasks to queue
[2024-12-14 16:03:09,885] {logging_mixin.py:115} INFO - [2024-12-14 16:03:09,885] {dagbag.py:507} INFO - Filling up the DagBag from /home/dev/curso/ambientevirtual/lib/python3.9/site-packages/airflow/example_dags/example_task_group.py
[2024-12-14 16:03:09,896] {processor.py:651} INFO - DAG(s) dict_keys(['example_task_group']) retrieved from /home/dev/curso/ambientevirtual/lib/python3.9/site-packages/airflow/example_dags/example_task_group.py
[2024-12-14 16:03:09,920] {logging_mixin.py:115} INFO - [2024-12-14 16:03:09,920] {dag.py:2379} INFO - Sync 1 DAGs
[2024-12-14 16:03:09,942] {logging_mixin.py:115} INFO - [2024-12-14 16:03:09,942] {dag.py:2927} INFO - Setting next_dagrun for example_task_group to 2024-12-13T19:03:09.941772+00:00, run_after=2024-12-14T19:03:09.941772+00:00
[2024-12-14 16:03:09,959] {processor.py:161} INFO - Processing /home/dev/curso/ambientevirtual/lib/python3.9/site-packages/airflow/example_dags/example_task_group.py took 0.079 seconds
[2024-12-14 16:03:43,605] {processor.py:153} INFO - Started process (PID=51104) to work on /home/dev/curso/ambientevirtual/lib/python3.9/site-packages/airflow/example_dags/example_task_group.py
[2024-12-14 16:03:43,607] {processor.py:641} INFO - Processing file /home/dev/curso/ambientevirtual/lib/python3.9/site-packages/airflow/example_dags/example_task_group.py for tasks to queue
[2024-12-14 16:03:43,608] {logging_mixin.py:115} INFO - [2024-12-14 16:03:43,608] {dagbag.py:507} INFO - Filling up the DagBag from /home/dev/curso/ambientevirtual/lib/python3.9/site-packages/airflow/example_dags/example_task_group.py
[2024-12-14 16:03:43,619] {processor.py:651} INFO - DAG(s) dict_keys(['example_task_group']) retrieved from /home/dev/curso/ambientevirtual/lib/python3.9/site-packages/airflow/example_dags/example_task_group.py
[2024-12-14 16:03:43,642] {logging_mixin.py:115} INFO - [2024-12-14 16:03:43,642] {dag.py:2379} INFO - Sync 1 DAGs
[2024-12-14 16:03:43,664] {logging_mixin.py:115} INFO - [2024-12-14 16:03:43,664] {dag.py:2927} INFO - Setting next_dagrun for example_task_group to 2024-12-13T19:03:43.664268+00:00, run_after=2024-12-14T19:03:43.664268+00:00
[2024-12-14 16:03:43,681] {processor.py:161} INFO - Processing /home/dev/curso/ambientevirtual/lib/python3.9/site-packages/airflow/example_dags/example_task_group.py took 0.084 seconds
[2024-12-14 16:04:19,114] {processor.py:153} INFO - Started process (PID=51233) to work on /home/dev/curso/ambientevirtual/lib/python3.9/site-packages/airflow/example_dags/example_task_group.py
[2024-12-14 16:04:19,116] {processor.py:641} INFO - Processing file /home/dev/curso/ambientevirtual/lib/python3.9/site-packages/airflow/example_dags/example_task_group.py for tasks to queue
[2024-12-14 16:04:19,117] {logging_mixin.py:115} INFO - [2024-12-14 16:04:19,117] {dagbag.py:507} INFO - Filling up the DagBag from /home/dev/curso/ambientevirtual/lib/python3.9/site-packages/airflow/example_dags/example_task_group.py
[2024-12-14 16:04:19,129] {processor.py:651} INFO - DAG(s) dict_keys(['example_task_group']) retrieved from /home/dev/curso/ambientevirtual/lib/python3.9/site-packages/airflow/example_dags/example_task_group.py
[2024-12-14 16:04:19,151] {logging_mixin.py:115} INFO - [2024-12-14 16:04:19,150] {dag.py:2379} INFO - Sync 1 DAGs
[2024-12-14 16:04:19,172] {logging_mixin.py:115} INFO - [2024-12-14 16:04:19,172] {dag.py:2927} INFO - Setting next_dagrun for example_task_group to 2024-12-13T19:04:19.172242+00:00, run_after=2024-12-14T19:04:19.172242+00:00
[2024-12-14 16:04:19,190] {processor.py:161} INFO - Processing /home/dev/curso/ambientevirtual/lib/python3.9/site-packages/airflow/example_dags/example_task_group.py took 0.082 seconds
[2024-12-14 16:04:57,221] {processor.py:153} INFO - Started process (PID=51370) to work on /home/dev/curso/ambientevirtual/lib/python3.9/site-packages/airflow/example_dags/example_task_group.py
[2024-12-14 16:04:57,223] {processor.py:641} INFO - Processing file /home/dev/curso/ambientevirtual/lib/python3.9/site-packages/airflow/example_dags/example_task_group.py for tasks to queue
[2024-12-14 16:04:57,223] {logging_mixin.py:115} INFO - [2024-12-14 16:04:57,223] {dagbag.py:507} INFO - Filling up the DagBag from /home/dev/curso/ambientevirtual/lib/python3.9/site-packages/airflow/example_dags/example_task_group.py
[2024-12-14 16:04:57,234] {processor.py:651} INFO - DAG(s) dict_keys(['example_task_group']) retrieved from /home/dev/curso/ambientevirtual/lib/python3.9/site-packages/airflow/example_dags/example_task_group.py
[2024-12-14 16:04:57,257] {logging_mixin.py:115} INFO - [2024-12-14 16:04:57,257] {dag.py:2379} INFO - Sync 1 DAGs
[2024-12-14 16:04:57,277] {logging_mixin.py:115} INFO - [2024-12-14 16:04:57,277] {dag.py:2927} INFO - Setting next_dagrun for example_task_group to 2024-12-13T19:04:57.276842+00:00, run_after=2024-12-14T19:04:57.276842+00:00
[2024-12-14 16:04:57,296] {processor.py:161} INFO - Processing /home/dev/curso/ambientevirtual/lib/python3.9/site-packages/airflow/example_dags/example_task_group.py took 0.082 seconds
[2024-12-14 16:05:31,990] {processor.py:153} INFO - Started process (PID=51500) to work on /home/dev/curso/ambientevirtual/lib/python3.9/site-packages/airflow/example_dags/example_task_group.py
[2024-12-14 16:05:31,991] {processor.py:641} INFO - Processing file /home/dev/curso/ambientevirtual/lib/python3.9/site-packages/airflow/example_dags/example_task_group.py for tasks to queue
[2024-12-14 16:05:31,992] {logging_mixin.py:115} INFO - [2024-12-14 16:05:31,992] {dagbag.py:507} INFO - Filling up the DagBag from /home/dev/curso/ambientevirtual/lib/python3.9/site-packages/airflow/example_dags/example_task_group.py
[2024-12-14 16:05:32,004] {processor.py:651} INFO - DAG(s) dict_keys(['example_task_group']) retrieved from /home/dev/curso/ambientevirtual/lib/python3.9/site-packages/airflow/example_dags/example_task_group.py
[2024-12-14 16:05:32,024] {logging_mixin.py:115} INFO - [2024-12-14 16:05:32,023] {dag.py:2379} INFO - Sync 1 DAGs
[2024-12-14 16:05:32,044] {logging_mixin.py:115} INFO - [2024-12-14 16:05:32,044] {dag.py:2927} INFO - Setting next_dagrun for example_task_group to 2024-12-13T19:05:32.044465+00:00, run_after=2024-12-14T19:05:32.044465+00:00
[2024-12-14 16:05:32,061] {processor.py:161} INFO - Processing /home/dev/curso/ambientevirtual/lib/python3.9/site-packages/airflow/example_dags/example_task_group.py took 0.079 seconds
[2024-12-14 16:06:06,169] {processor.py:153} INFO - Started process (PID=51621) to work on /home/dev/curso/ambientevirtual/lib/python3.9/site-packages/airflow/example_dags/example_task_group.py
[2024-12-14 16:06:06,171] {processor.py:641} INFO - Processing file /home/dev/curso/ambientevirtual/lib/python3.9/site-packages/airflow/example_dags/example_task_group.py for tasks to queue
[2024-12-14 16:06:06,172] {logging_mixin.py:115} INFO - [2024-12-14 16:06:06,172] {dagbag.py:507} INFO - Filling up the DagBag from /home/dev/curso/ambientevirtual/lib/python3.9/site-packages/airflow/example_dags/example_task_group.py
[2024-12-14 16:06:06,191] {processor.py:651} INFO - DAG(s) dict_keys(['example_task_group']) retrieved from /home/dev/curso/ambientevirtual/lib/python3.9/site-packages/airflow/example_dags/example_task_group.py
[2024-12-14 16:06:06,214] {logging_mixin.py:115} INFO - [2024-12-14 16:06:06,214] {dag.py:2379} INFO - Sync 1 DAGs
[2024-12-14 16:06:06,239] {logging_mixin.py:115} INFO - [2024-12-14 16:06:06,238] {dag.py:2927} INFO - Setting next_dagrun for example_task_group to 2024-12-13T19:06:06.238701+00:00, run_after=2024-12-14T19:06:06.238701+00:00
[2024-12-14 16:06:06,260] {processor.py:161} INFO - Processing /home/dev/curso/ambientevirtual/lib/python3.9/site-packages/airflow/example_dags/example_task_group.py took 0.097 seconds
[2024-12-14 16:06:42,507] {processor.py:153} INFO - Started process (PID=51817) to work on /home/dev/curso/ambientevirtual/lib/python3.9/site-packages/airflow/example_dags/example_task_group.py
[2024-12-14 16:06:42,509] {processor.py:641} INFO - Processing file /home/dev/curso/ambientevirtual/lib/python3.9/site-packages/airflow/example_dags/example_task_group.py for tasks to queue
[2024-12-14 16:06:42,509] {logging_mixin.py:115} INFO - [2024-12-14 16:06:42,509] {dagbag.py:507} INFO - Filling up the DagBag from /home/dev/curso/ambientevirtual/lib/python3.9/site-packages/airflow/example_dags/example_task_group.py
[2024-12-14 16:06:42,520] {processor.py:651} INFO - DAG(s) dict_keys(['example_task_group']) retrieved from /home/dev/curso/ambientevirtual/lib/python3.9/site-packages/airflow/example_dags/example_task_group.py
[2024-12-14 16:06:42,551] {logging_mixin.py:115} INFO - [2024-12-14 16:06:42,551] {dag.py:2379} INFO - Sync 1 DAGs
[2024-12-14 16:06:42,578] {logging_mixin.py:115} INFO - [2024-12-14 16:06:42,578] {dag.py:2927} INFO - Setting next_dagrun for example_task_group to 2024-12-13T19:06:42.578002+00:00, run_after=2024-12-14T19:06:42.578002+00:00
[2024-12-14 16:06:42,600] {processor.py:161} INFO - Processing /home/dev/curso/ambientevirtual/lib/python3.9/site-packages/airflow/example_dags/example_task_group.py took 0.096 seconds
[2024-12-14 16:07:22,927] {processor.py:153} INFO - Started process (PID=52022) to work on /home/dev/curso/ambientevirtual/lib/python3.9/site-packages/airflow/example_dags/example_task_group.py
[2024-12-14 16:07:22,935] {processor.py:641} INFO - Processing file /home/dev/curso/ambientevirtual/lib/python3.9/site-packages/airflow/example_dags/example_task_group.py for tasks to queue
[2024-12-14 16:07:22,936] {logging_mixin.py:115} INFO - [2024-12-14 16:07:22,936] {dagbag.py:507} INFO - Filling up the DagBag from /home/dev/curso/ambientevirtual/lib/python3.9/site-packages/airflow/example_dags/example_task_group.py
[2024-12-14 16:07:22,950] {processor.py:651} INFO - DAG(s) dict_keys(['example_task_group']) retrieved from /home/dev/curso/ambientevirtual/lib/python3.9/site-packages/airflow/example_dags/example_task_group.py
[2024-12-14 16:07:22,989] {logging_mixin.py:115} INFO - [2024-12-14 16:07:22,989] {dag.py:2379} INFO - Sync 1 DAGs
[2024-12-14 16:07:23,030] {logging_mixin.py:115} INFO - [2024-12-14 16:07:23,029] {dag.py:2927} INFO - Setting next_dagrun for example_task_group to 2024-12-13T19:07:23.029630+00:00, run_after=2024-12-14T19:07:23.029630+00:00
[2024-12-14 16:07:23,058] {processor.py:161} INFO - Processing /home/dev/curso/ambientevirtual/lib/python3.9/site-packages/airflow/example_dags/example_task_group.py took 0.136 seconds
[2024-12-14 16:07:59,135] {processor.py:153} INFO - Started process (PID=52152) to work on /home/dev/curso/ambientevirtual/lib/python3.9/site-packages/airflow/example_dags/example_task_group.py
[2024-12-14 16:07:59,136] {processor.py:641} INFO - Processing file /home/dev/curso/ambientevirtual/lib/python3.9/site-packages/airflow/example_dags/example_task_group.py for tasks to queue
[2024-12-14 16:07:59,137] {logging_mixin.py:115} INFO - [2024-12-14 16:07:59,137] {dagbag.py:507} INFO - Filling up the DagBag from /home/dev/curso/ambientevirtual/lib/python3.9/site-packages/airflow/example_dags/example_task_group.py
[2024-12-14 16:07:59,149] {processor.py:651} INFO - DAG(s) dict_keys(['example_task_group']) retrieved from /home/dev/curso/ambientevirtual/lib/python3.9/site-packages/airflow/example_dags/example_task_group.py
[2024-12-14 16:07:59,173] {logging_mixin.py:115} INFO - [2024-12-14 16:07:59,173] {dag.py:2379} INFO - Sync 1 DAGs
[2024-12-14 16:07:59,197] {logging_mixin.py:115} INFO - [2024-12-14 16:07:59,197] {dag.py:2927} INFO - Setting next_dagrun for example_task_group to 2024-12-13T19:07:59.197494+00:00, run_after=2024-12-14T19:07:59.197494+00:00
[2024-12-14 16:07:59,220] {processor.py:161} INFO - Processing /home/dev/curso/ambientevirtual/lib/python3.9/site-packages/airflow/example_dags/example_task_group.py took 0.088 seconds
[2024-12-14 16:08:34,034] {processor.py:153} INFO - Started process (PID=52397) to work on /home/dev/curso/ambientevirtual/lib/python3.9/site-packages/airflow/example_dags/example_task_group.py
[2024-12-14 16:08:34,036] {processor.py:641} INFO - Processing file /home/dev/curso/ambientevirtual/lib/python3.9/site-packages/airflow/example_dags/example_task_group.py for tasks to queue
[2024-12-14 16:08:34,037] {logging_mixin.py:115} INFO - [2024-12-14 16:08:34,037] {dagbag.py:507} INFO - Filling up the DagBag from /home/dev/curso/ambientevirtual/lib/python3.9/site-packages/airflow/example_dags/example_task_group.py
[2024-12-14 16:08:34,053] {processor.py:651} INFO - DAG(s) dict_keys(['example_task_group']) retrieved from /home/dev/curso/ambientevirtual/lib/python3.9/site-packages/airflow/example_dags/example_task_group.py
[2024-12-14 16:08:34,078] {logging_mixin.py:115} INFO - [2024-12-14 16:08:34,078] {dag.py:2379} INFO - Sync 1 DAGs
[2024-12-14 16:08:34,109] {logging_mixin.py:115} INFO - [2024-12-14 16:08:34,109] {dag.py:2927} INFO - Setting next_dagrun for example_task_group to 2024-12-13T19:08:34.109022+00:00, run_after=2024-12-14T19:08:34.109022+00:00
[2024-12-14 16:08:34,133] {processor.py:161} INFO - Processing /home/dev/curso/ambientevirtual/lib/python3.9/site-packages/airflow/example_dags/example_task_group.py took 0.106 seconds
[2024-12-14 16:09:10,059] {processor.py:153} INFO - Started process (PID=52642) to work on /home/dev/curso/ambientevirtual/lib/python3.9/site-packages/airflow/example_dags/example_task_group.py
[2024-12-14 16:09:10,061] {processor.py:641} INFO - Processing file /home/dev/curso/ambientevirtual/lib/python3.9/site-packages/airflow/example_dags/example_task_group.py for tasks to queue
[2024-12-14 16:09:10,062] {logging_mixin.py:115} INFO - [2024-12-14 16:09:10,061] {dagbag.py:507} INFO - Filling up the DagBag from /home/dev/curso/ambientevirtual/lib/python3.9/site-packages/airflow/example_dags/example_task_group.py
[2024-12-14 16:09:10,075] {processor.py:651} INFO - DAG(s) dict_keys(['example_task_group']) retrieved from /home/dev/curso/ambientevirtual/lib/python3.9/site-packages/airflow/example_dags/example_task_group.py
[2024-12-14 16:09:10,103] {logging_mixin.py:115} INFO - [2024-12-14 16:09:10,103] {dag.py:2379} INFO - Sync 1 DAGs
[2024-12-14 16:09:10,134] {logging_mixin.py:115} INFO - [2024-12-14 16:09:10,134] {dag.py:2927} INFO - Setting next_dagrun for example_task_group to 2024-12-13T19:09:10.134189+00:00, run_after=2024-12-14T19:09:10.134189+00:00
[2024-12-14 16:09:10,152] {processor.py:161} INFO - Processing /home/dev/curso/ambientevirtual/lib/python3.9/site-packages/airflow/example_dags/example_task_group.py took 0.098 seconds
[2024-12-14 16:09:47,000] {processor.py:153} INFO - Started process (PID=52779) to work on /home/dev/curso/ambientevirtual/lib/python3.9/site-packages/airflow/example_dags/example_task_group.py
[2024-12-14 16:09:47,002] {processor.py:641} INFO - Processing file /home/dev/curso/ambientevirtual/lib/python3.9/site-packages/airflow/example_dags/example_task_group.py for tasks to queue
[2024-12-14 16:09:47,003] {logging_mixin.py:115} INFO - [2024-12-14 16:09:47,003] {dagbag.py:507} INFO - Filling up the DagBag from /home/dev/curso/ambientevirtual/lib/python3.9/site-packages/airflow/example_dags/example_task_group.py
[2024-12-14 16:09:47,013] {processor.py:651} INFO - DAG(s) dict_keys(['example_task_group']) retrieved from /home/dev/curso/ambientevirtual/lib/python3.9/site-packages/airflow/example_dags/example_task_group.py
[2024-12-14 16:09:47,037] {logging_mixin.py:115} INFO - [2024-12-14 16:09:47,036] {dag.py:2379} INFO - Sync 1 DAGs
[2024-12-14 16:09:47,057] {logging_mixin.py:115} INFO - [2024-12-14 16:09:47,057] {dag.py:2927} INFO - Setting next_dagrun for example_task_group to 2024-12-13T19:09:47.056925+00:00, run_after=2024-12-14T19:09:47.056925+00:00
[2024-12-14 16:09:47,075] {processor.py:161} INFO - Processing /home/dev/curso/ambientevirtual/lib/python3.9/site-packages/airflow/example_dags/example_task_group.py took 0.082 seconds
[2024-12-14 16:10:23,857] {processor.py:153} INFO - Started process (PID=52916) to work on /home/dev/curso/ambientevirtual/lib/python3.9/site-packages/airflow/example_dags/example_task_group.py
[2024-12-14 16:10:23,859] {processor.py:641} INFO - Processing file /home/dev/curso/ambientevirtual/lib/python3.9/site-packages/airflow/example_dags/example_task_group.py for tasks to queue
[2024-12-14 16:10:23,860] {logging_mixin.py:115} INFO - [2024-12-14 16:10:23,859] {dagbag.py:507} INFO - Filling up the DagBag from /home/dev/curso/ambientevirtual/lib/python3.9/site-packages/airflow/example_dags/example_task_group.py
[2024-12-14 16:10:23,873] {processor.py:651} INFO - DAG(s) dict_keys(['example_task_group']) retrieved from /home/dev/curso/ambientevirtual/lib/python3.9/site-packages/airflow/example_dags/example_task_group.py
[2024-12-14 16:10:23,896] {logging_mixin.py:115} INFO - [2024-12-14 16:10:23,896] {dag.py:2379} INFO - Sync 1 DAGs
[2024-12-14 16:10:23,916] {logging_mixin.py:115} INFO - [2024-12-14 16:10:23,916] {dag.py:2927} INFO - Setting next_dagrun for example_task_group to 2024-12-13T19:10:23.916438+00:00, run_after=2024-12-14T19:10:23.916438+00:00
[2024-12-14 16:10:23,935] {processor.py:161} INFO - Processing /home/dev/curso/ambientevirtual/lib/python3.9/site-packages/airflow/example_dags/example_task_group.py took 0.085 seconds
[2024-12-14 16:10:58,417] {processor.py:153} INFO - Started process (PID=53154) to work on /home/dev/curso/ambientevirtual/lib/python3.9/site-packages/airflow/example_dags/example_task_group.py
[2024-12-14 16:10:58,418] {processor.py:641} INFO - Processing file /home/dev/curso/ambientevirtual/lib/python3.9/site-packages/airflow/example_dags/example_task_group.py for tasks to queue
[2024-12-14 16:10:58,419] {logging_mixin.py:115} INFO - [2024-12-14 16:10:58,419] {dagbag.py:507} INFO - Filling up the DagBag from /home/dev/curso/ambientevirtual/lib/python3.9/site-packages/airflow/example_dags/example_task_group.py
[2024-12-14 16:10:58,428] {processor.py:651} INFO - DAG(s) dict_keys(['example_task_group']) retrieved from /home/dev/curso/ambientevirtual/lib/python3.9/site-packages/airflow/example_dags/example_task_group.py
[2024-12-14 16:10:58,451] {logging_mixin.py:115} INFO - [2024-12-14 16:10:58,451] {dag.py:2379} INFO - Sync 1 DAGs
[2024-12-14 16:10:58,471] {logging_mixin.py:115} INFO - [2024-12-14 16:10:58,471] {dag.py:2927} INFO - Setting next_dagrun for example_task_group to 2024-12-13T19:10:58.470867+00:00, run_after=2024-12-14T19:10:58.470867+00:00
[2024-12-14 16:10:58,492] {processor.py:161} INFO - Processing /home/dev/curso/ambientevirtual/lib/python3.9/site-packages/airflow/example_dags/example_task_group.py took 0.079 seconds
[2024-12-14 16:11:32,783] {processor.py:153} INFO - Started process (PID=53284) to work on /home/dev/curso/ambientevirtual/lib/python3.9/site-packages/airflow/example_dags/example_task_group.py
[2024-12-14 16:11:32,785] {processor.py:641} INFO - Processing file /home/dev/curso/ambientevirtual/lib/python3.9/site-packages/airflow/example_dags/example_task_group.py for tasks to queue
[2024-12-14 16:11:32,786] {logging_mixin.py:115} INFO - [2024-12-14 16:11:32,786] {dagbag.py:507} INFO - Filling up the DagBag from /home/dev/curso/ambientevirtual/lib/python3.9/site-packages/airflow/example_dags/example_task_group.py
[2024-12-14 16:11:32,802] {processor.py:651} INFO - DAG(s) dict_keys(['example_task_group']) retrieved from /home/dev/curso/ambientevirtual/lib/python3.9/site-packages/airflow/example_dags/example_task_group.py
[2024-12-14 16:11:32,827] {logging_mixin.py:115} INFO - [2024-12-14 16:11:32,827] {dag.py:2379} INFO - Sync 1 DAGs
[2024-12-14 16:11:32,848] {logging_mixin.py:115} INFO - [2024-12-14 16:11:32,847] {dag.py:2927} INFO - Setting next_dagrun for example_task_group to 2024-12-13T19:11:32.847577+00:00, run_after=2024-12-14T19:11:32.847577+00:00
[2024-12-14 16:11:32,865] {processor.py:161} INFO - Processing /home/dev/curso/ambientevirtual/lib/python3.9/site-packages/airflow/example_dags/example_task_group.py took 0.088 seconds
