[2024-12-14 15:51:30,239] {processor.py:153} INFO - Started process (PID=47830) to work on /home/dev/curso/ambientevirtual/lib/python3.9/site-packages/airflow/example_dags/example_subdag_operator.py
[2024-12-14 15:51:30,240] {processor.py:641} INFO - Processing file /home/dev/curso/ambientevirtual/lib/python3.9/site-packages/airflow/example_dags/example_subdag_operator.py for tasks to queue
[2024-12-14 15:51:30,240] {logging_mixin.py:115} INFO - [2024-12-14 15:51:30,240] {dagbag.py:507} INFO - Filling up the DagBag from /home/dev/curso/ambientevirtual/lib/python3.9/site-packages/airflow/example_dags/example_subdag_operator.py
[2024-12-14 15:51:30,304] {processor.py:651} INFO - DAG(s) dict_keys(['example_subdag_operator.section-1', 'example_subdag_operator.section-2', 'example_subdag_operator']) retrieved from /home/dev/curso/ambientevirtual/lib/python3.9/site-packages/airflow/example_dags/example_subdag_operator.py
[2024-12-14 15:51:30,546] {logging_mixin.py:115} INFO - [2024-12-14 15:51:30,546] {manager.py:508} INFO - Created Permission View: can delete on DAG:example_subdag_operator
[2024-12-14 15:51:30,565] {logging_mixin.py:115} INFO - [2024-12-14 15:51:30,565] {manager.py:508} INFO - Created Permission View: can edit on DAG:example_subdag_operator
[2024-12-14 15:51:30,584] {logging_mixin.py:115} INFO - [2024-12-14 15:51:30,584] {manager.py:508} INFO - Created Permission View: can read on DAG:example_subdag_operator
[2024-12-14 15:51:30,584] {logging_mixin.py:115} INFO - [2024-12-14 15:51:30,584] {dag.py:2379} INFO - Sync 3 DAGs
[2024-12-14 15:51:30,599] {logging_mixin.py:115} INFO - [2024-12-14 15:51:30,598] {dag.py:2398} INFO - Creating ORM DAG for example_subdag_operator.section-2
[2024-12-14 15:51:30,599] {logging_mixin.py:115} INFO - [2024-12-14 15:51:30,599] {dag.py:2398} INFO - Creating ORM DAG for example_subdag_operator.section-1
[2024-12-14 15:51:30,599] {logging_mixin.py:115} INFO - [2024-12-14 15:51:30,599] {dag.py:2398} INFO - Creating ORM DAG for example_subdag_operator
[2024-12-14 15:51:30,617] {logging_mixin.py:115} INFO - [2024-12-14 15:51:30,617] {dag.py:2927} INFO - Setting next_dagrun for example_subdag_operator to 2022-01-01T00:00:00+00:00, run_after=2022-01-01T00:00:00+00:00
[2024-12-14 15:51:30,617] {logging_mixin.py:115} INFO - [2024-12-14 15:51:30,617] {dag.py:2927} INFO - Setting next_dagrun for example_subdag_operator.section-1 to None, run_after=None
[2024-12-14 15:51:30,617] {logging_mixin.py:115} INFO - [2024-12-14 15:51:30,617] {dag.py:2927} INFO - Setting next_dagrun for example_subdag_operator.section-2 to None, run_after=None
[2024-12-14 15:51:30,630] {logging_mixin.py:115} INFO - [2024-12-14 15:51:30,630] {dag.py:2379} INFO - Sync 2 DAGs
[2024-12-14 15:51:30,635] {logging_mixin.py:115} INFO - [2024-12-14 15:51:30,635] {dag.py:2927} INFO - Setting next_dagrun for example_subdag_operator.section-1 to None, run_after=None
[2024-12-14 15:51:30,635] {logging_mixin.py:115} INFO - [2024-12-14 15:51:30,635] {dag.py:2927} INFO - Setting next_dagrun for example_subdag_operator.section-2 to None, run_after=None
[2024-12-14 15:51:30,677] {processor.py:161} INFO - Processing /home/dev/curso/ambientevirtual/lib/python3.9/site-packages/airflow/example_dags/example_subdag_operator.py took 0.441 seconds
[2024-12-14 15:52:07,538] {processor.py:153} INFO - Started process (PID=48277) to work on /home/dev/curso/ambientevirtual/lib/python3.9/site-packages/airflow/example_dags/example_subdag_operator.py
[2024-12-14 15:52:07,540] {processor.py:641} INFO - Processing file /home/dev/curso/ambientevirtual/lib/python3.9/site-packages/airflow/example_dags/example_subdag_operator.py for tasks to queue
[2024-12-14 15:52:07,541] {logging_mixin.py:115} INFO - [2024-12-14 15:52:07,541] {dagbag.py:507} INFO - Filling up the DagBag from /home/dev/curso/ambientevirtual/lib/python3.9/site-packages/airflow/example_dags/example_subdag_operator.py
[2024-12-14 15:52:07,571] {processor.py:651} INFO - DAG(s) dict_keys(['example_subdag_operator.section-1', 'example_subdag_operator.section-2', 'example_subdag_operator']) retrieved from /home/dev/curso/ambientevirtual/lib/python3.9/site-packages/airflow/example_dags/example_subdag_operator.py
[2024-12-14 15:52:07,595] {logging_mixin.py:115} INFO - [2024-12-14 15:52:07,595] {dag.py:2379} INFO - Sync 3 DAGs
[2024-12-14 15:52:07,617] {logging_mixin.py:115} INFO - [2024-12-14 15:52:07,616] {dag.py:2927} INFO - Setting next_dagrun for example_subdag_operator to 2022-01-01T00:00:00+00:00, run_after=2022-01-01T00:00:00+00:00
[2024-12-14 15:52:07,617] {logging_mixin.py:115} INFO - [2024-12-14 15:52:07,617] {dag.py:2927} INFO - Setting next_dagrun for example_subdag_operator.section-1 to None, run_after=None
[2024-12-14 15:52:07,617] {logging_mixin.py:115} INFO - [2024-12-14 15:52:07,617] {dag.py:2927} INFO - Setting next_dagrun for example_subdag_operator.section-2 to None, run_after=None
[2024-12-14 15:52:07,624] {logging_mixin.py:115} INFO - [2024-12-14 15:52:07,624] {dag.py:2379} INFO - Sync 2 DAGs
[2024-12-14 15:52:07,628] {logging_mixin.py:115} INFO - [2024-12-14 15:52:07,628] {dag.py:2927} INFO - Setting next_dagrun for example_subdag_operator.section-1 to None, run_after=None
[2024-12-14 15:52:07,629] {logging_mixin.py:115} INFO - [2024-12-14 15:52:07,629] {dag.py:2927} INFO - Setting next_dagrun for example_subdag_operator.section-2 to None, run_after=None
[2024-12-14 15:52:07,645] {processor.py:161} INFO - Processing /home/dev/curso/ambientevirtual/lib/python3.9/site-packages/airflow/example_dags/example_subdag_operator.py took 0.116 seconds
[2024-12-14 15:52:46,580] {processor.py:153} INFO - Started process (PID=48413) to work on /home/dev/curso/ambientevirtual/lib/python3.9/site-packages/airflow/example_dags/example_subdag_operator.py
[2024-12-14 15:52:46,582] {processor.py:641} INFO - Processing file /home/dev/curso/ambientevirtual/lib/python3.9/site-packages/airflow/example_dags/example_subdag_operator.py for tasks to queue
[2024-12-14 15:52:46,583] {logging_mixin.py:115} INFO - [2024-12-14 15:52:46,582] {dagbag.py:507} INFO - Filling up the DagBag from /home/dev/curso/ambientevirtual/lib/python3.9/site-packages/airflow/example_dags/example_subdag_operator.py
[2024-12-14 15:52:46,617] {processor.py:651} INFO - DAG(s) dict_keys(['example_subdag_operator.section-1', 'example_subdag_operator.section-2', 'example_subdag_operator']) retrieved from /home/dev/curso/ambientevirtual/lib/python3.9/site-packages/airflow/example_dags/example_subdag_operator.py
[2024-12-14 15:52:46,640] {logging_mixin.py:115} INFO - [2024-12-14 15:52:46,640] {dag.py:2379} INFO - Sync 3 DAGs
[2024-12-14 15:52:46,659] {logging_mixin.py:115} INFO - [2024-12-14 15:52:46,659] {dag.py:2927} INFO - Setting next_dagrun for example_subdag_operator to 2022-01-01T00:00:00+00:00, run_after=2022-01-01T00:00:00+00:00
[2024-12-14 15:52:46,659] {logging_mixin.py:115} INFO - [2024-12-14 15:52:46,659] {dag.py:2927} INFO - Setting next_dagrun for example_subdag_operator.section-1 to None, run_after=None
[2024-12-14 15:52:46,659] {logging_mixin.py:115} INFO - [2024-12-14 15:52:46,659] {dag.py:2927} INFO - Setting next_dagrun for example_subdag_operator.section-2 to None, run_after=None
[2024-12-14 15:52:46,664] {logging_mixin.py:115} INFO - [2024-12-14 15:52:46,664] {dag.py:2379} INFO - Sync 2 DAGs
[2024-12-14 15:52:46,668] {logging_mixin.py:115} INFO - [2024-12-14 15:52:46,668] {dag.py:2927} INFO - Setting next_dagrun for example_subdag_operator.section-1 to None, run_after=None
[2024-12-14 15:52:46,668] {logging_mixin.py:115} INFO - [2024-12-14 15:52:46,668] {dag.py:2927} INFO - Setting next_dagrun for example_subdag_operator.section-2 to None, run_after=None
[2024-12-14 15:52:46,681] {processor.py:161} INFO - Processing /home/dev/curso/ambientevirtual/lib/python3.9/site-packages/airflow/example_dags/example_subdag_operator.py took 0.107 seconds
[2024-12-14 15:53:22,501] {processor.py:153} INFO - Started process (PID=48543) to work on /home/dev/curso/ambientevirtual/lib/python3.9/site-packages/airflow/example_dags/example_subdag_operator.py
[2024-12-14 15:53:22,502] {processor.py:641} INFO - Processing file /home/dev/curso/ambientevirtual/lib/python3.9/site-packages/airflow/example_dags/example_subdag_operator.py for tasks to queue
[2024-12-14 15:53:22,503] {logging_mixin.py:115} INFO - [2024-12-14 15:53:22,503] {dagbag.py:507} INFO - Filling up the DagBag from /home/dev/curso/ambientevirtual/lib/python3.9/site-packages/airflow/example_dags/example_subdag_operator.py
[2024-12-14 15:53:22,527] {processor.py:651} INFO - DAG(s) dict_keys(['example_subdag_operator.section-1', 'example_subdag_operator.section-2', 'example_subdag_operator']) retrieved from /home/dev/curso/ambientevirtual/lib/python3.9/site-packages/airflow/example_dags/example_subdag_operator.py
[2024-12-14 15:53:22,548] {logging_mixin.py:115} INFO - [2024-12-14 15:53:22,548] {dag.py:2379} INFO - Sync 3 DAGs
[2024-12-14 15:53:22,566] {logging_mixin.py:115} INFO - [2024-12-14 15:53:22,566] {dag.py:2927} INFO - Setting next_dagrun for example_subdag_operator to 2022-01-01T00:00:00+00:00, run_after=2022-01-01T00:00:00+00:00
[2024-12-14 15:53:22,567] {logging_mixin.py:115} INFO - [2024-12-14 15:53:22,567] {dag.py:2927} INFO - Setting next_dagrun for example_subdag_operator.section-1 to None, run_after=None
[2024-12-14 15:53:22,567] {logging_mixin.py:115} INFO - [2024-12-14 15:53:22,567] {dag.py:2927} INFO - Setting next_dagrun for example_subdag_operator.section-2 to None, run_after=None
[2024-12-14 15:53:22,572] {logging_mixin.py:115} INFO - [2024-12-14 15:53:22,572] {dag.py:2379} INFO - Sync 2 DAGs
[2024-12-14 15:53:22,576] {logging_mixin.py:115} INFO - [2024-12-14 15:53:22,576] {dag.py:2927} INFO - Setting next_dagrun for example_subdag_operator.section-1 to None, run_after=None
[2024-12-14 15:53:22,576] {logging_mixin.py:115} INFO - [2024-12-14 15:53:22,576] {dag.py:2927} INFO - Setting next_dagrun for example_subdag_operator.section-2 to None, run_after=None
[2024-12-14 15:53:22,588] {processor.py:161} INFO - Processing /home/dev/curso/ambientevirtual/lib/python3.9/site-packages/airflow/example_dags/example_subdag_operator.py took 0.092 seconds
[2024-12-14 15:53:57,266] {processor.py:153} INFO - Started process (PID=48672) to work on /home/dev/curso/ambientevirtual/lib/python3.9/site-packages/airflow/example_dags/example_subdag_operator.py
[2024-12-14 15:53:57,267] {processor.py:641} INFO - Processing file /home/dev/curso/ambientevirtual/lib/python3.9/site-packages/airflow/example_dags/example_subdag_operator.py for tasks to queue
[2024-12-14 15:53:57,268] {logging_mixin.py:115} INFO - [2024-12-14 15:53:57,268] {dagbag.py:507} INFO - Filling up the DagBag from /home/dev/curso/ambientevirtual/lib/python3.9/site-packages/airflow/example_dags/example_subdag_operator.py
[2024-12-14 15:53:57,295] {processor.py:651} INFO - DAG(s) dict_keys(['example_subdag_operator.section-1', 'example_subdag_operator.section-2', 'example_subdag_operator']) retrieved from /home/dev/curso/ambientevirtual/lib/python3.9/site-packages/airflow/example_dags/example_subdag_operator.py
[2024-12-14 15:53:57,316] {logging_mixin.py:115} INFO - [2024-12-14 15:53:57,316] {dag.py:2379} INFO - Sync 3 DAGs
[2024-12-14 15:53:57,334] {logging_mixin.py:115} INFO - [2024-12-14 15:53:57,334] {dag.py:2927} INFO - Setting next_dagrun for example_subdag_operator to 2022-01-01T00:00:00+00:00, run_after=2022-01-01T00:00:00+00:00
[2024-12-14 15:53:57,334] {logging_mixin.py:115} INFO - [2024-12-14 15:53:57,334] {dag.py:2927} INFO - Setting next_dagrun for example_subdag_operator.section-1 to None, run_after=None
[2024-12-14 15:53:57,334] {logging_mixin.py:115} INFO - [2024-12-14 15:53:57,334] {dag.py:2927} INFO - Setting next_dagrun for example_subdag_operator.section-2 to None, run_after=None
[2024-12-14 15:53:57,339] {logging_mixin.py:115} INFO - [2024-12-14 15:53:57,339] {dag.py:2379} INFO - Sync 2 DAGs
[2024-12-14 15:53:57,343] {logging_mixin.py:115} INFO - [2024-12-14 15:53:57,343] {dag.py:2927} INFO - Setting next_dagrun for example_subdag_operator.section-1 to None, run_after=None
[2024-12-14 15:53:57,343] {logging_mixin.py:115} INFO - [2024-12-14 15:53:57,343] {dag.py:2927} INFO - Setting next_dagrun for example_subdag_operator.section-2 to None, run_after=None
[2024-12-14 15:53:57,356] {processor.py:161} INFO - Processing /home/dev/curso/ambientevirtual/lib/python3.9/site-packages/airflow/example_dags/example_subdag_operator.py took 0.097 seconds
[2024-12-14 15:54:31,547] {processor.py:153} INFO - Started process (PID=48797) to work on /home/dev/curso/ambientevirtual/lib/python3.9/site-packages/airflow/example_dags/example_subdag_operator.py
[2024-12-14 15:54:31,548] {processor.py:641} INFO - Processing file /home/dev/curso/ambientevirtual/lib/python3.9/site-packages/airflow/example_dags/example_subdag_operator.py for tasks to queue
[2024-12-14 15:54:31,549] {logging_mixin.py:115} INFO - [2024-12-14 15:54:31,548] {dagbag.py:507} INFO - Filling up the DagBag from /home/dev/curso/ambientevirtual/lib/python3.9/site-packages/airflow/example_dags/example_subdag_operator.py
[2024-12-14 15:54:31,574] {processor.py:651} INFO - DAG(s) dict_keys(['example_subdag_operator.section-1', 'example_subdag_operator.section-2', 'example_subdag_operator']) retrieved from /home/dev/curso/ambientevirtual/lib/python3.9/site-packages/airflow/example_dags/example_subdag_operator.py
[2024-12-14 15:54:31,597] {logging_mixin.py:115} INFO - [2024-12-14 15:54:31,597] {dag.py:2379} INFO - Sync 3 DAGs
[2024-12-14 15:54:31,616] {logging_mixin.py:115} INFO - [2024-12-14 15:54:31,616] {dag.py:2927} INFO - Setting next_dagrun for example_subdag_operator to 2022-01-01T00:00:00+00:00, run_after=2022-01-01T00:00:00+00:00
[2024-12-14 15:54:31,616] {logging_mixin.py:115} INFO - [2024-12-14 15:54:31,616] {dag.py:2927} INFO - Setting next_dagrun for example_subdag_operator.section-1 to None, run_after=None
[2024-12-14 15:54:31,617] {logging_mixin.py:115} INFO - [2024-12-14 15:54:31,616] {dag.py:2927} INFO - Setting next_dagrun for example_subdag_operator.section-2 to None, run_after=None
[2024-12-14 15:54:31,622] {logging_mixin.py:115} INFO - [2024-12-14 15:54:31,622] {dag.py:2379} INFO - Sync 2 DAGs
[2024-12-14 15:54:31,626] {logging_mixin.py:115} INFO - [2024-12-14 15:54:31,626] {dag.py:2927} INFO - Setting next_dagrun for example_subdag_operator.section-1 to None, run_after=None
[2024-12-14 15:54:31,626] {logging_mixin.py:115} INFO - [2024-12-14 15:54:31,626] {dag.py:2927} INFO - Setting next_dagrun for example_subdag_operator.section-2 to None, run_after=None
[2024-12-14 15:54:31,639] {processor.py:161} INFO - Processing /home/dev/curso/ambientevirtual/lib/python3.9/site-packages/airflow/example_dags/example_subdag_operator.py took 0.096 seconds
[2024-12-14 15:55:05,897] {processor.py:153} INFO - Started process (PID=48922) to work on /home/dev/curso/ambientevirtual/lib/python3.9/site-packages/airflow/example_dags/example_subdag_operator.py
[2024-12-14 15:55:05,897] {processor.py:641} INFO - Processing file /home/dev/curso/ambientevirtual/lib/python3.9/site-packages/airflow/example_dags/example_subdag_operator.py for tasks to queue
[2024-12-14 15:55:05,898] {logging_mixin.py:115} INFO - [2024-12-14 15:55:05,898] {dagbag.py:507} INFO - Filling up the DagBag from /home/dev/curso/ambientevirtual/lib/python3.9/site-packages/airflow/example_dags/example_subdag_operator.py
[2024-12-14 15:55:05,924] {processor.py:651} INFO - DAG(s) dict_keys(['example_subdag_operator.section-1', 'example_subdag_operator.section-2', 'example_subdag_operator']) retrieved from /home/dev/curso/ambientevirtual/lib/python3.9/site-packages/airflow/example_dags/example_subdag_operator.py
[2024-12-14 15:55:05,947] {logging_mixin.py:115} INFO - [2024-12-14 15:55:05,947] {dag.py:2379} INFO - Sync 3 DAGs
[2024-12-14 15:55:05,967] {logging_mixin.py:115} INFO - [2024-12-14 15:55:05,967] {dag.py:2927} INFO - Setting next_dagrun for example_subdag_operator to 2022-01-01T00:00:00+00:00, run_after=2022-01-01T00:00:00+00:00
[2024-12-14 15:55:05,967] {logging_mixin.py:115} INFO - [2024-12-14 15:55:05,967] {dag.py:2927} INFO - Setting next_dagrun for example_subdag_operator.section-1 to None, run_after=None
[2024-12-14 15:55:05,967] {logging_mixin.py:115} INFO - [2024-12-14 15:55:05,967] {dag.py:2927} INFO - Setting next_dagrun for example_subdag_operator.section-2 to None, run_after=None
[2024-12-14 15:55:05,973] {logging_mixin.py:115} INFO - [2024-12-14 15:55:05,973] {dag.py:2379} INFO - Sync 2 DAGs
[2024-12-14 15:55:05,977] {logging_mixin.py:115} INFO - [2024-12-14 15:55:05,977] {dag.py:2927} INFO - Setting next_dagrun for example_subdag_operator.section-1 to None, run_after=None
[2024-12-14 15:55:05,977] {logging_mixin.py:115} INFO - [2024-12-14 15:55:05,977] {dag.py:2927} INFO - Setting next_dagrun for example_subdag_operator.section-2 to None, run_after=None
[2024-12-14 15:55:05,991] {processor.py:161} INFO - Processing /home/dev/curso/ambientevirtual/lib/python3.9/site-packages/airflow/example_dags/example_subdag_operator.py took 0.097 seconds
[2024-12-14 15:55:38,714] {processor.py:153} INFO - Started process (PID=49044) to work on /home/dev/curso/ambientevirtual/lib/python3.9/site-packages/airflow/example_dags/example_subdag_operator.py
[2024-12-14 15:55:38,716] {processor.py:641} INFO - Processing file /home/dev/curso/ambientevirtual/lib/python3.9/site-packages/airflow/example_dags/example_subdag_operator.py for tasks to queue
[2024-12-14 15:55:38,717] {logging_mixin.py:115} INFO - [2024-12-14 15:55:38,717] {dagbag.py:507} INFO - Filling up the DagBag from /home/dev/curso/ambientevirtual/lib/python3.9/site-packages/airflow/example_dags/example_subdag_operator.py
[2024-12-14 15:55:38,747] {processor.py:651} INFO - DAG(s) dict_keys(['example_subdag_operator.section-1', 'example_subdag_operator.section-2', 'example_subdag_operator']) retrieved from /home/dev/curso/ambientevirtual/lib/python3.9/site-packages/airflow/example_dags/example_subdag_operator.py
[2024-12-14 15:55:38,769] {logging_mixin.py:115} INFO - [2024-12-14 15:55:38,769] {dag.py:2379} INFO - Sync 3 DAGs
[2024-12-14 15:55:38,789] {logging_mixin.py:115} INFO - [2024-12-14 15:55:38,788] {dag.py:2927} INFO - Setting next_dagrun for example_subdag_operator to 2022-01-01T00:00:00+00:00, run_after=2022-01-01T00:00:00+00:00
[2024-12-14 15:55:38,789] {logging_mixin.py:115} INFO - [2024-12-14 15:55:38,789] {dag.py:2927} INFO - Setting next_dagrun for example_subdag_operator.section-1 to None, run_after=None
[2024-12-14 15:55:38,789] {logging_mixin.py:115} INFO - [2024-12-14 15:55:38,789] {dag.py:2927} INFO - Setting next_dagrun for example_subdag_operator.section-2 to None, run_after=None
[2024-12-14 15:55:38,795] {logging_mixin.py:115} INFO - [2024-12-14 15:55:38,795] {dag.py:2379} INFO - Sync 2 DAGs
[2024-12-14 15:55:38,799] {logging_mixin.py:115} INFO - [2024-12-14 15:55:38,799] {dag.py:2927} INFO - Setting next_dagrun for example_subdag_operator.section-1 to None, run_after=None
[2024-12-14 15:55:38,799] {logging_mixin.py:115} INFO - [2024-12-14 15:55:38,799] {dag.py:2927} INFO - Setting next_dagrun for example_subdag_operator.section-2 to None, run_after=None
[2024-12-14 15:55:38,812] {processor.py:161} INFO - Processing /home/dev/curso/ambientevirtual/lib/python3.9/site-packages/airflow/example_dags/example_subdag_operator.py took 0.105 seconds
[2024-12-14 15:56:13,491] {processor.py:153} INFO - Started process (PID=49173) to work on /home/dev/curso/ambientevirtual/lib/python3.9/site-packages/airflow/example_dags/example_subdag_operator.py
[2024-12-14 15:56:13,492] {processor.py:641} INFO - Processing file /home/dev/curso/ambientevirtual/lib/python3.9/site-packages/airflow/example_dags/example_subdag_operator.py for tasks to queue
[2024-12-14 15:56:13,493] {logging_mixin.py:115} INFO - [2024-12-14 15:56:13,492] {dagbag.py:507} INFO - Filling up the DagBag from /home/dev/curso/ambientevirtual/lib/python3.9/site-packages/airflow/example_dags/example_subdag_operator.py
[2024-12-14 15:56:13,524] {processor.py:651} INFO - DAG(s) dict_keys(['example_subdag_operator.section-1', 'example_subdag_operator.section-2', 'example_subdag_operator']) retrieved from /home/dev/curso/ambientevirtual/lib/python3.9/site-packages/airflow/example_dags/example_subdag_operator.py
[2024-12-14 15:56:13,551] {logging_mixin.py:115} INFO - [2024-12-14 15:56:13,551] {dag.py:2379} INFO - Sync 3 DAGs
[2024-12-14 15:56:13,573] {logging_mixin.py:115} INFO - [2024-12-14 15:56:13,573] {dag.py:2927} INFO - Setting next_dagrun for example_subdag_operator to 2022-01-01T00:00:00+00:00, run_after=2022-01-01T00:00:00+00:00
[2024-12-14 15:56:13,573] {logging_mixin.py:115} INFO - [2024-12-14 15:56:13,573] {dag.py:2927} INFO - Setting next_dagrun for example_subdag_operator.section-1 to None, run_after=None
[2024-12-14 15:56:13,574] {logging_mixin.py:115} INFO - [2024-12-14 15:56:13,574] {dag.py:2927} INFO - Setting next_dagrun for example_subdag_operator.section-2 to None, run_after=None
[2024-12-14 15:56:13,584] {logging_mixin.py:115} INFO - [2024-12-14 15:56:13,584] {dag.py:2379} INFO - Sync 2 DAGs
[2024-12-14 15:56:13,589] {logging_mixin.py:115} INFO - [2024-12-14 15:56:13,589] {dag.py:2927} INFO - Setting next_dagrun for example_subdag_operator.section-1 to None, run_after=None
[2024-12-14 15:56:13,590] {logging_mixin.py:115} INFO - [2024-12-14 15:56:13,590] {dag.py:2927} INFO - Setting next_dagrun for example_subdag_operator.section-2 to None, run_after=None
[2024-12-14 15:56:13,603] {processor.py:161} INFO - Processing /home/dev/curso/ambientevirtual/lib/python3.9/site-packages/airflow/example_dags/example_subdag_operator.py took 0.117 seconds
[2024-12-14 15:56:46,781] {processor.py:153} INFO - Started process (PID=49351) to work on /home/dev/curso/ambientevirtual/lib/python3.9/site-packages/airflow/example_dags/example_subdag_operator.py
[2024-12-14 15:56:46,781] {processor.py:641} INFO - Processing file /home/dev/curso/ambientevirtual/lib/python3.9/site-packages/airflow/example_dags/example_subdag_operator.py for tasks to queue
[2024-12-14 15:56:46,782] {logging_mixin.py:115} INFO - [2024-12-14 15:56:46,782] {dagbag.py:507} INFO - Filling up the DagBag from /home/dev/curso/ambientevirtual/lib/python3.9/site-packages/airflow/example_dags/example_subdag_operator.py
[2024-12-14 15:56:46,811] {processor.py:651} INFO - DAG(s) dict_keys(['example_subdag_operator.section-1', 'example_subdag_operator.section-2', 'example_subdag_operator']) retrieved from /home/dev/curso/ambientevirtual/lib/python3.9/site-packages/airflow/example_dags/example_subdag_operator.py
[2024-12-14 15:56:46,838] {logging_mixin.py:115} INFO - [2024-12-14 15:56:46,838] {dag.py:2379} INFO - Sync 3 DAGs
[2024-12-14 15:56:46,861] {logging_mixin.py:115} INFO - [2024-12-14 15:56:46,861] {dag.py:2927} INFO - Setting next_dagrun for example_subdag_operator to 2022-01-01T00:00:00+00:00, run_after=2022-01-01T00:00:00+00:00
[2024-12-14 15:56:46,862] {logging_mixin.py:115} INFO - [2024-12-14 15:56:46,861] {dag.py:2927} INFO - Setting next_dagrun for example_subdag_operator.section-1 to None, run_after=None
[2024-12-14 15:56:46,862] {logging_mixin.py:115} INFO - [2024-12-14 15:56:46,862] {dag.py:2927} INFO - Setting next_dagrun for example_subdag_operator.section-2 to None, run_after=None
[2024-12-14 15:56:46,869] {logging_mixin.py:115} INFO - [2024-12-14 15:56:46,868] {dag.py:2379} INFO - Sync 2 DAGs
[2024-12-14 15:56:46,872] {logging_mixin.py:115} INFO - [2024-12-14 15:56:46,872] {dag.py:2927} INFO - Setting next_dagrun for example_subdag_operator.section-1 to None, run_after=None
[2024-12-14 15:56:46,873] {logging_mixin.py:115} INFO - [2024-12-14 15:56:46,873] {dag.py:2927} INFO - Setting next_dagrun for example_subdag_operator.section-2 to None, run_after=None
[2024-12-14 15:56:46,890] {processor.py:161} INFO - Processing /home/dev/curso/ambientevirtual/lib/python3.9/site-packages/airflow/example_dags/example_subdag_operator.py took 0.113 seconds
[2024-12-14 15:57:20,631] {processor.py:153} INFO - Started process (PID=49473) to work on /home/dev/curso/ambientevirtual/lib/python3.9/site-packages/airflow/example_dags/example_subdag_operator.py
[2024-12-14 15:57:20,632] {processor.py:641} INFO - Processing file /home/dev/curso/ambientevirtual/lib/python3.9/site-packages/airflow/example_dags/example_subdag_operator.py for tasks to queue
[2024-12-14 15:57:20,633] {logging_mixin.py:115} INFO - [2024-12-14 15:57:20,633] {dagbag.py:507} INFO - Filling up the DagBag from /home/dev/curso/ambientevirtual/lib/python3.9/site-packages/airflow/example_dags/example_subdag_operator.py
[2024-12-14 15:57:20,665] {processor.py:651} INFO - DAG(s) dict_keys(['example_subdag_operator.section-1', 'example_subdag_operator.section-2', 'example_subdag_operator']) retrieved from /home/dev/curso/ambientevirtual/lib/python3.9/site-packages/airflow/example_dags/example_subdag_operator.py
[2024-12-14 15:57:20,694] {logging_mixin.py:115} INFO - [2024-12-14 15:57:20,694] {dag.py:2379} INFO - Sync 3 DAGs
[2024-12-14 15:57:20,720] {logging_mixin.py:115} INFO - [2024-12-14 15:57:20,719] {dag.py:2927} INFO - Setting next_dagrun for example_subdag_operator to 2022-01-01T00:00:00+00:00, run_after=2022-01-01T00:00:00+00:00
[2024-12-14 15:57:20,720] {logging_mixin.py:115} INFO - [2024-12-14 15:57:20,720] {dag.py:2927} INFO - Setting next_dagrun for example_subdag_operator.section-1 to None, run_after=None
[2024-12-14 15:57:20,720] {logging_mixin.py:115} INFO - [2024-12-14 15:57:20,720] {dag.py:2927} INFO - Setting next_dagrun for example_subdag_operator.section-2 to None, run_after=None
[2024-12-14 15:57:20,726] {logging_mixin.py:115} INFO - [2024-12-14 15:57:20,726] {dag.py:2379} INFO - Sync 2 DAGs
[2024-12-14 15:57:20,730] {logging_mixin.py:115} INFO - [2024-12-14 15:57:20,730] {dag.py:2927} INFO - Setting next_dagrun for example_subdag_operator.section-1 to None, run_after=None
[2024-12-14 15:57:20,732] {logging_mixin.py:115} INFO - [2024-12-14 15:57:20,730] {dag.py:2927} INFO - Setting next_dagrun for example_subdag_operator.section-2 to None, run_after=None
[2024-12-14 15:57:20,748] {processor.py:161} INFO - Processing /home/dev/curso/ambientevirtual/lib/python3.9/site-packages/airflow/example_dags/example_subdag_operator.py took 0.121 seconds
[2024-12-14 15:57:57,179] {processor.py:153} INFO - Started process (PID=49603) to work on /home/dev/curso/ambientevirtual/lib/python3.9/site-packages/airflow/example_dags/example_subdag_operator.py
[2024-12-14 15:57:57,180] {processor.py:641} INFO - Processing file /home/dev/curso/ambientevirtual/lib/python3.9/site-packages/airflow/example_dags/example_subdag_operator.py for tasks to queue
[2024-12-14 15:57:57,181] {logging_mixin.py:115} INFO - [2024-12-14 15:57:57,181] {dagbag.py:507} INFO - Filling up the DagBag from /home/dev/curso/ambientevirtual/lib/python3.9/site-packages/airflow/example_dags/example_subdag_operator.py
[2024-12-14 15:57:57,211] {processor.py:651} INFO - DAG(s) dict_keys(['example_subdag_operator.section-1', 'example_subdag_operator.section-2', 'example_subdag_operator']) retrieved from /home/dev/curso/ambientevirtual/lib/python3.9/site-packages/airflow/example_dags/example_subdag_operator.py
[2024-12-14 15:57:57,238] {logging_mixin.py:115} INFO - [2024-12-14 15:57:57,238] {dag.py:2379} INFO - Sync 3 DAGs
[2024-12-14 15:57:57,261] {logging_mixin.py:115} INFO - [2024-12-14 15:57:57,261] {dag.py:2927} INFO - Setting next_dagrun for example_subdag_operator to 2022-01-01T00:00:00+00:00, run_after=2022-01-01T00:00:00+00:00
[2024-12-14 15:57:57,262] {logging_mixin.py:115} INFO - [2024-12-14 15:57:57,262] {dag.py:2927} INFO - Setting next_dagrun for example_subdag_operator.section-1 to None, run_after=None
[2024-12-14 15:57:57,262] {logging_mixin.py:115} INFO - [2024-12-14 15:57:57,262] {dag.py:2927} INFO - Setting next_dagrun for example_subdag_operator.section-2 to None, run_after=None
[2024-12-14 15:57:57,271] {logging_mixin.py:115} INFO - [2024-12-14 15:57:57,270] {dag.py:2379} INFO - Sync 2 DAGs
[2024-12-14 15:57:57,275] {logging_mixin.py:115} INFO - [2024-12-14 15:57:57,275] {dag.py:2927} INFO - Setting next_dagrun for example_subdag_operator.section-1 to None, run_after=None
[2024-12-14 15:57:57,275] {logging_mixin.py:115} INFO - [2024-12-14 15:57:57,275] {dag.py:2927} INFO - Setting next_dagrun for example_subdag_operator.section-2 to None, run_after=None
[2024-12-14 15:57:57,288] {processor.py:161} INFO - Processing /home/dev/curso/ambientevirtual/lib/python3.9/site-packages/airflow/example_dags/example_subdag_operator.py took 0.113 seconds
[2024-12-14 15:58:32,450] {processor.py:153} INFO - Started process (PID=49731) to work on /home/dev/curso/ambientevirtual/lib/python3.9/site-packages/airflow/example_dags/example_subdag_operator.py
[2024-12-14 15:58:32,452] {processor.py:641} INFO - Processing file /home/dev/curso/ambientevirtual/lib/python3.9/site-packages/airflow/example_dags/example_subdag_operator.py for tasks to queue
[2024-12-14 15:58:32,453] {logging_mixin.py:115} INFO - [2024-12-14 15:58:32,453] {dagbag.py:507} INFO - Filling up the DagBag from /home/dev/curso/ambientevirtual/lib/python3.9/site-packages/airflow/example_dags/example_subdag_operator.py
[2024-12-14 15:58:32,485] {processor.py:651} INFO - DAG(s) dict_keys(['example_subdag_operator.section-1', 'example_subdag_operator.section-2', 'example_subdag_operator']) retrieved from /home/dev/curso/ambientevirtual/lib/python3.9/site-packages/airflow/example_dags/example_subdag_operator.py
[2024-12-14 15:58:32,508] {logging_mixin.py:115} INFO - [2024-12-14 15:58:32,508] {dag.py:2379} INFO - Sync 3 DAGs
[2024-12-14 15:58:32,528] {logging_mixin.py:115} INFO - [2024-12-14 15:58:32,528] {dag.py:2927} INFO - Setting next_dagrun for example_subdag_operator to 2022-01-01T00:00:00+00:00, run_after=2022-01-01T00:00:00+00:00
[2024-12-14 15:58:32,528] {logging_mixin.py:115} INFO - [2024-12-14 15:58:32,528] {dag.py:2927} INFO - Setting next_dagrun for example_subdag_operator.section-1 to None, run_after=None
[2024-12-14 15:58:32,528] {logging_mixin.py:115} INFO - [2024-12-14 15:58:32,528] {dag.py:2927} INFO - Setting next_dagrun for example_subdag_operator.section-2 to None, run_after=None
[2024-12-14 15:58:32,534] {logging_mixin.py:115} INFO - [2024-12-14 15:58:32,534] {dag.py:2379} INFO - Sync 2 DAGs
[2024-12-14 15:58:32,538] {logging_mixin.py:115} INFO - [2024-12-14 15:58:32,538] {dag.py:2927} INFO - Setting next_dagrun for example_subdag_operator.section-1 to None, run_after=None
[2024-12-14 15:58:32,538] {logging_mixin.py:115} INFO - [2024-12-14 15:58:32,538] {dag.py:2927} INFO - Setting next_dagrun for example_subdag_operator.section-2 to None, run_after=None
[2024-12-14 15:58:32,551] {processor.py:161} INFO - Processing /home/dev/curso/ambientevirtual/lib/python3.9/site-packages/airflow/example_dags/example_subdag_operator.py took 0.108 seconds
[2024-12-14 15:59:07,090] {processor.py:153} INFO - Started process (PID=49861) to work on /home/dev/curso/ambientevirtual/lib/python3.9/site-packages/airflow/example_dags/example_subdag_operator.py
[2024-12-14 15:59:07,092] {processor.py:641} INFO - Processing file /home/dev/curso/ambientevirtual/lib/python3.9/site-packages/airflow/example_dags/example_subdag_operator.py for tasks to queue
[2024-12-14 15:59:07,093] {logging_mixin.py:115} INFO - [2024-12-14 15:59:07,092] {dagbag.py:507} INFO - Filling up the DagBag from /home/dev/curso/ambientevirtual/lib/python3.9/site-packages/airflow/example_dags/example_subdag_operator.py
[2024-12-14 15:59:07,124] {processor.py:651} INFO - DAG(s) dict_keys(['example_subdag_operator.section-1', 'example_subdag_operator.section-2', 'example_subdag_operator']) retrieved from /home/dev/curso/ambientevirtual/lib/python3.9/site-packages/airflow/example_dags/example_subdag_operator.py
[2024-12-14 15:59:07,146] {logging_mixin.py:115} INFO - [2024-12-14 15:59:07,146] {dag.py:2379} INFO - Sync 3 DAGs
[2024-12-14 15:59:07,165] {logging_mixin.py:115} INFO - [2024-12-14 15:59:07,165] {dag.py:2927} INFO - Setting next_dagrun for example_subdag_operator to 2022-01-01T00:00:00+00:00, run_after=2022-01-01T00:00:00+00:00
[2024-12-14 15:59:07,165] {logging_mixin.py:115} INFO - [2024-12-14 15:59:07,165] {dag.py:2927} INFO - Setting next_dagrun for example_subdag_operator.section-1 to None, run_after=None
[2024-12-14 15:59:07,166] {logging_mixin.py:115} INFO - [2024-12-14 15:59:07,166] {dag.py:2927} INFO - Setting next_dagrun for example_subdag_operator.section-2 to None, run_after=None
[2024-12-14 15:59:07,171] {logging_mixin.py:115} INFO - [2024-12-14 15:59:07,171] {dag.py:2379} INFO - Sync 2 DAGs
[2024-12-14 15:59:07,175] {logging_mixin.py:115} INFO - [2024-12-14 15:59:07,175] {dag.py:2927} INFO - Setting next_dagrun for example_subdag_operator.section-1 to None, run_after=None
[2024-12-14 15:59:07,175] {logging_mixin.py:115} INFO - [2024-12-14 15:59:07,175] {dag.py:2927} INFO - Setting next_dagrun for example_subdag_operator.section-2 to None, run_after=None
[2024-12-14 15:59:07,193] {processor.py:161} INFO - Processing /home/dev/curso/ambientevirtual/lib/python3.9/site-packages/airflow/example_dags/example_subdag_operator.py took 0.109 seconds
[2024-12-14 15:59:40,767] {processor.py:153} INFO - Started process (PID=49982) to work on /home/dev/curso/ambientevirtual/lib/python3.9/site-packages/airflow/example_dags/example_subdag_operator.py
[2024-12-14 15:59:40,768] {processor.py:641} INFO - Processing file /home/dev/curso/ambientevirtual/lib/python3.9/site-packages/airflow/example_dags/example_subdag_operator.py for tasks to queue
[2024-12-14 15:59:40,769] {logging_mixin.py:115} INFO - [2024-12-14 15:59:40,769] {dagbag.py:507} INFO - Filling up the DagBag from /home/dev/curso/ambientevirtual/lib/python3.9/site-packages/airflow/example_dags/example_subdag_operator.py
[2024-12-14 15:59:40,793] {processor.py:651} INFO - DAG(s) dict_keys(['example_subdag_operator.section-1', 'example_subdag_operator.section-2', 'example_subdag_operator']) retrieved from /home/dev/curso/ambientevirtual/lib/python3.9/site-packages/airflow/example_dags/example_subdag_operator.py
[2024-12-14 15:59:40,816] {logging_mixin.py:115} INFO - [2024-12-14 15:59:40,816] {dag.py:2379} INFO - Sync 3 DAGs
[2024-12-14 15:59:40,835] {logging_mixin.py:115} INFO - [2024-12-14 15:59:40,834] {dag.py:2927} INFO - Setting next_dagrun for example_subdag_operator to 2022-01-01T00:00:00+00:00, run_after=2022-01-01T00:00:00+00:00
[2024-12-14 15:59:40,835] {logging_mixin.py:115} INFO - [2024-12-14 15:59:40,835] {dag.py:2927} INFO - Setting next_dagrun for example_subdag_operator.section-1 to None, run_after=None
[2024-12-14 15:59:40,835] {logging_mixin.py:115} INFO - [2024-12-14 15:59:40,835] {dag.py:2927} INFO - Setting next_dagrun for example_subdag_operator.section-2 to None, run_after=None
[2024-12-14 15:59:40,840] {logging_mixin.py:115} INFO - [2024-12-14 15:59:40,840] {dag.py:2379} INFO - Sync 2 DAGs
[2024-12-14 15:59:40,844] {logging_mixin.py:115} INFO - [2024-12-14 15:59:40,844] {dag.py:2927} INFO - Setting next_dagrun for example_subdag_operator.section-1 to None, run_after=None
[2024-12-14 15:59:40,844] {logging_mixin.py:115} INFO - [2024-12-14 15:59:40,844] {dag.py:2927} INFO - Setting next_dagrun for example_subdag_operator.section-2 to None, run_after=None
[2024-12-14 15:59:40,857] {processor.py:161} INFO - Processing /home/dev/curso/ambientevirtual/lib/python3.9/site-packages/airflow/example_dags/example_subdag_operator.py took 0.093 seconds
[2024-12-14 16:00:15,242] {processor.py:153} INFO - Started process (PID=50110) to work on /home/dev/curso/ambientevirtual/lib/python3.9/site-packages/airflow/example_dags/example_subdag_operator.py
[2024-12-14 16:00:15,242] {processor.py:641} INFO - Processing file /home/dev/curso/ambientevirtual/lib/python3.9/site-packages/airflow/example_dags/example_subdag_operator.py for tasks to queue
[2024-12-14 16:00:15,243] {logging_mixin.py:115} INFO - [2024-12-14 16:00:15,243] {dagbag.py:507} INFO - Filling up the DagBag from /home/dev/curso/ambientevirtual/lib/python3.9/site-packages/airflow/example_dags/example_subdag_operator.py
[2024-12-14 16:00:15,268] {processor.py:651} INFO - DAG(s) dict_keys(['example_subdag_operator.section-1', 'example_subdag_operator.section-2', 'example_subdag_operator']) retrieved from /home/dev/curso/ambientevirtual/lib/python3.9/site-packages/airflow/example_dags/example_subdag_operator.py
[2024-12-14 16:00:15,292] {logging_mixin.py:115} INFO - [2024-12-14 16:00:15,291] {dag.py:2379} INFO - Sync 3 DAGs
[2024-12-14 16:00:15,311] {logging_mixin.py:115} INFO - [2024-12-14 16:00:15,311] {dag.py:2927} INFO - Setting next_dagrun for example_subdag_operator to 2022-01-01T00:00:00+00:00, run_after=2022-01-01T00:00:00+00:00
[2024-12-14 16:00:15,311] {logging_mixin.py:115} INFO - [2024-12-14 16:00:15,311] {dag.py:2927} INFO - Setting next_dagrun for example_subdag_operator.section-1 to None, run_after=None
[2024-12-14 16:00:15,311] {logging_mixin.py:115} INFO - [2024-12-14 16:00:15,311] {dag.py:2927} INFO - Setting next_dagrun for example_subdag_operator.section-2 to None, run_after=None
[2024-12-14 16:00:15,317] {logging_mixin.py:115} INFO - [2024-12-14 16:00:15,317] {dag.py:2379} INFO - Sync 2 DAGs
[2024-12-14 16:00:15,322] {logging_mixin.py:115} INFO - [2024-12-14 16:00:15,322] {dag.py:2927} INFO - Setting next_dagrun for example_subdag_operator.section-1 to None, run_after=None
[2024-12-14 16:00:15,322] {logging_mixin.py:115} INFO - [2024-12-14 16:00:15,322] {dag.py:2927} INFO - Setting next_dagrun for example_subdag_operator.section-2 to None, run_after=None
[2024-12-14 16:00:15,334] {processor.py:161} INFO - Processing /home/dev/curso/ambientevirtual/lib/python3.9/site-packages/airflow/example_dags/example_subdag_operator.py took 0.099 seconds
[2024-12-14 16:00:48,830] {processor.py:153} INFO - Started process (PID=50290) to work on /home/dev/curso/ambientevirtual/lib/python3.9/site-packages/airflow/example_dags/example_subdag_operator.py
[2024-12-14 16:00:48,831] {processor.py:641} INFO - Processing file /home/dev/curso/ambientevirtual/lib/python3.9/site-packages/airflow/example_dags/example_subdag_operator.py for tasks to queue
[2024-12-14 16:00:48,832] {logging_mixin.py:115} INFO - [2024-12-14 16:00:48,832] {dagbag.py:507} INFO - Filling up the DagBag from /home/dev/curso/ambientevirtual/lib/python3.9/site-packages/airflow/example_dags/example_subdag_operator.py
[2024-12-14 16:00:48,864] {processor.py:651} INFO - DAG(s) dict_keys(['example_subdag_operator.section-1', 'example_subdag_operator.section-2', 'example_subdag_operator']) retrieved from /home/dev/curso/ambientevirtual/lib/python3.9/site-packages/airflow/example_dags/example_subdag_operator.py
[2024-12-14 16:00:48,902] {logging_mixin.py:115} INFO - [2024-12-14 16:00:48,902] {dag.py:2379} INFO - Sync 3 DAGs
[2024-12-14 16:00:48,927] {logging_mixin.py:115} INFO - [2024-12-14 16:00:48,927] {dag.py:2927} INFO - Setting next_dagrun for example_subdag_operator to 2022-01-01T00:00:00+00:00, run_after=2022-01-01T00:00:00+00:00
[2024-12-14 16:00:48,927] {logging_mixin.py:115} INFO - [2024-12-14 16:00:48,927] {dag.py:2927} INFO - Setting next_dagrun for example_subdag_operator.section-1 to None, run_after=None
[2024-12-14 16:00:48,927] {logging_mixin.py:115} INFO - [2024-12-14 16:00:48,927] {dag.py:2927} INFO - Setting next_dagrun for example_subdag_operator.section-2 to None, run_after=None
[2024-12-14 16:00:48,936] {logging_mixin.py:115} INFO - [2024-12-14 16:00:48,936] {dag.py:2379} INFO - Sync 2 DAGs
[2024-12-14 16:00:48,941] {logging_mixin.py:115} INFO - [2024-12-14 16:00:48,941] {dag.py:2927} INFO - Setting next_dagrun for example_subdag_operator.section-1 to None, run_after=None
[2024-12-14 16:00:48,941] {logging_mixin.py:115} INFO - [2024-12-14 16:00:48,941] {dag.py:2927} INFO - Setting next_dagrun for example_subdag_operator.section-2 to None, run_after=None
[2024-12-14 16:00:48,955] {processor.py:161} INFO - Processing /home/dev/curso/ambientevirtual/lib/python3.9/site-packages/airflow/example_dags/example_subdag_operator.py took 0.130 seconds
[2024-12-14 16:01:26,606] {processor.py:153} INFO - Started process (PID=50542) to work on /home/dev/curso/ambientevirtual/lib/python3.9/site-packages/airflow/example_dags/example_subdag_operator.py
[2024-12-14 16:01:26,608] {processor.py:641} INFO - Processing file /home/dev/curso/ambientevirtual/lib/python3.9/site-packages/airflow/example_dags/example_subdag_operator.py for tasks to queue
[2024-12-14 16:01:26,609] {logging_mixin.py:115} INFO - [2024-12-14 16:01:26,609] {dagbag.py:507} INFO - Filling up the DagBag from /home/dev/curso/ambientevirtual/lib/python3.9/site-packages/airflow/example_dags/example_subdag_operator.py
[2024-12-14 16:01:26,642] {processor.py:651} INFO - DAG(s) dict_keys(['example_subdag_operator.section-1', 'example_subdag_operator.section-2', 'example_subdag_operator']) retrieved from /home/dev/curso/ambientevirtual/lib/python3.9/site-packages/airflow/example_dags/example_subdag_operator.py
[2024-12-14 16:01:26,668] {logging_mixin.py:115} INFO - [2024-12-14 16:01:26,668] {dag.py:2379} INFO - Sync 3 DAGs
[2024-12-14 16:01:26,690] {logging_mixin.py:115} INFO - [2024-12-14 16:01:26,690] {dag.py:2927} INFO - Setting next_dagrun for example_subdag_operator to 2022-01-01T00:00:00+00:00, run_after=2022-01-01T00:00:00+00:00
[2024-12-14 16:01:26,690] {logging_mixin.py:115} INFO - [2024-12-14 16:01:26,690] {dag.py:2927} INFO - Setting next_dagrun for example_subdag_operator.section-1 to None, run_after=None
[2024-12-14 16:01:26,690] {logging_mixin.py:115} INFO - [2024-12-14 16:01:26,690] {dag.py:2927} INFO - Setting next_dagrun for example_subdag_operator.section-2 to None, run_after=None
[2024-12-14 16:01:26,696] {logging_mixin.py:115} INFO - [2024-12-14 16:01:26,696] {dag.py:2379} INFO - Sync 2 DAGs
[2024-12-14 16:01:26,702] {logging_mixin.py:115} INFO - [2024-12-14 16:01:26,702] {dag.py:2927} INFO - Setting next_dagrun for example_subdag_operator.section-1 to None, run_after=None
[2024-12-14 16:01:26,702] {logging_mixin.py:115} INFO - [2024-12-14 16:01:26,702] {dag.py:2927} INFO - Setting next_dagrun for example_subdag_operator.section-2 to None, run_after=None
[2024-12-14 16:01:26,716] {processor.py:161} INFO - Processing /home/dev/curso/ambientevirtual/lib/python3.9/site-packages/airflow/example_dags/example_subdag_operator.py took 0.117 seconds
[2024-12-14 16:02:03,574] {processor.py:153} INFO - Started process (PID=50736) to work on /home/dev/curso/ambientevirtual/lib/python3.9/site-packages/airflow/example_dags/example_subdag_operator.py
[2024-12-14 16:02:03,575] {processor.py:641} INFO - Processing file /home/dev/curso/ambientevirtual/lib/python3.9/site-packages/airflow/example_dags/example_subdag_operator.py for tasks to queue
[2024-12-14 16:02:03,577] {logging_mixin.py:115} INFO - [2024-12-14 16:02:03,576] {dagbag.py:507} INFO - Filling up the DagBag from /home/dev/curso/ambientevirtual/lib/python3.9/site-packages/airflow/example_dags/example_subdag_operator.py
[2024-12-14 16:02:03,606] {processor.py:651} INFO - DAG(s) dict_keys(['example_subdag_operator.section-1', 'example_subdag_operator.section-2', 'example_subdag_operator']) retrieved from /home/dev/curso/ambientevirtual/lib/python3.9/site-packages/airflow/example_dags/example_subdag_operator.py
[2024-12-14 16:02:03,631] {logging_mixin.py:115} INFO - [2024-12-14 16:02:03,631] {dag.py:2379} INFO - Sync 3 DAGs
[2024-12-14 16:02:03,652] {logging_mixin.py:115} INFO - [2024-12-14 16:02:03,652] {dag.py:2927} INFO - Setting next_dagrun for example_subdag_operator to 2022-01-01T00:00:00+00:00, run_after=2022-01-01T00:00:00+00:00
[2024-12-14 16:02:03,653] {logging_mixin.py:115} INFO - [2024-12-14 16:02:03,653] {dag.py:2927} INFO - Setting next_dagrun for example_subdag_operator.section-1 to None, run_after=None
[2024-12-14 16:02:03,653] {logging_mixin.py:115} INFO - [2024-12-14 16:02:03,653] {dag.py:2927} INFO - Setting next_dagrun for example_subdag_operator.section-2 to None, run_after=None
[2024-12-14 16:02:03,661] {logging_mixin.py:115} INFO - [2024-12-14 16:02:03,661] {dag.py:2379} INFO - Sync 2 DAGs
[2024-12-14 16:02:03,665] {logging_mixin.py:115} INFO - [2024-12-14 16:02:03,665] {dag.py:2927} INFO - Setting next_dagrun for example_subdag_operator.section-1 to None, run_after=None
[2024-12-14 16:02:03,665] {logging_mixin.py:115} INFO - [2024-12-14 16:02:03,665] {dag.py:2927} INFO - Setting next_dagrun for example_subdag_operator.section-2 to None, run_after=None
[2024-12-14 16:02:03,678] {processor.py:161} INFO - Processing /home/dev/curso/ambientevirtual/lib/python3.9/site-packages/airflow/example_dags/example_subdag_operator.py took 0.110 seconds
[2024-12-14 16:02:35,691] {processor.py:153} INFO - Started process (PID=50853) to work on /home/dev/curso/ambientevirtual/lib/python3.9/site-packages/airflow/example_dags/example_subdag_operator.py
[2024-12-14 16:02:35,692] {processor.py:641} INFO - Processing file /home/dev/curso/ambientevirtual/lib/python3.9/site-packages/airflow/example_dags/example_subdag_operator.py for tasks to queue
[2024-12-14 16:02:35,693] {logging_mixin.py:115} INFO - [2024-12-14 16:02:35,693] {dagbag.py:507} INFO - Filling up the DagBag from /home/dev/curso/ambientevirtual/lib/python3.9/site-packages/airflow/example_dags/example_subdag_operator.py
[2024-12-14 16:02:35,720] {processor.py:651} INFO - DAG(s) dict_keys(['example_subdag_operator.section-1', 'example_subdag_operator.section-2', 'example_subdag_operator']) retrieved from /home/dev/curso/ambientevirtual/lib/python3.9/site-packages/airflow/example_dags/example_subdag_operator.py
[2024-12-14 16:02:35,742] {logging_mixin.py:115} INFO - [2024-12-14 16:02:35,742] {dag.py:2379} INFO - Sync 3 DAGs
[2024-12-14 16:02:35,763] {logging_mixin.py:115} INFO - [2024-12-14 16:02:35,763] {dag.py:2927} INFO - Setting next_dagrun for example_subdag_operator to 2022-01-01T00:00:00+00:00, run_after=2022-01-01T00:00:00+00:00
[2024-12-14 16:02:35,763] {logging_mixin.py:115} INFO - [2024-12-14 16:02:35,763] {dag.py:2927} INFO - Setting next_dagrun for example_subdag_operator.section-1 to None, run_after=None
[2024-12-14 16:02:35,764] {logging_mixin.py:115} INFO - [2024-12-14 16:02:35,763] {dag.py:2927} INFO - Setting next_dagrun for example_subdag_operator.section-2 to None, run_after=None
[2024-12-14 16:02:35,770] {logging_mixin.py:115} INFO - [2024-12-14 16:02:35,769] {dag.py:2379} INFO - Sync 2 DAGs
[2024-12-14 16:02:35,774] {logging_mixin.py:115} INFO - [2024-12-14 16:02:35,774] {dag.py:2927} INFO - Setting next_dagrun for example_subdag_operator.section-1 to None, run_after=None
[2024-12-14 16:02:35,774] {logging_mixin.py:115} INFO - [2024-12-14 16:02:35,774] {dag.py:2927} INFO - Setting next_dagrun for example_subdag_operator.section-2 to None, run_after=None
[2024-12-14 16:02:35,786] {processor.py:161} INFO - Processing /home/dev/curso/ambientevirtual/lib/python3.9/site-packages/airflow/example_dags/example_subdag_operator.py took 0.101 seconds
[2024-12-14 16:03:08,657] {processor.py:153} INFO - Started process (PID=50974) to work on /home/dev/curso/ambientevirtual/lib/python3.9/site-packages/airflow/example_dags/example_subdag_operator.py
[2024-12-14 16:03:08,659] {processor.py:641} INFO - Processing file /home/dev/curso/ambientevirtual/lib/python3.9/site-packages/airflow/example_dags/example_subdag_operator.py for tasks to queue
[2024-12-14 16:03:08,660] {logging_mixin.py:115} INFO - [2024-12-14 16:03:08,660] {dagbag.py:507} INFO - Filling up the DagBag from /home/dev/curso/ambientevirtual/lib/python3.9/site-packages/airflow/example_dags/example_subdag_operator.py
[2024-12-14 16:03:08,687] {processor.py:651} INFO - DAG(s) dict_keys(['example_subdag_operator.section-1', 'example_subdag_operator.section-2', 'example_subdag_operator']) retrieved from /home/dev/curso/ambientevirtual/lib/python3.9/site-packages/airflow/example_dags/example_subdag_operator.py
[2024-12-14 16:03:08,710] {logging_mixin.py:115} INFO - [2024-12-14 16:03:08,710] {dag.py:2379} INFO - Sync 3 DAGs
[2024-12-14 16:03:08,730] {logging_mixin.py:115} INFO - [2024-12-14 16:03:08,730] {dag.py:2927} INFO - Setting next_dagrun for example_subdag_operator to 2022-01-01T00:00:00+00:00, run_after=2022-01-01T00:00:00+00:00
[2024-12-14 16:03:08,730] {logging_mixin.py:115} INFO - [2024-12-14 16:03:08,730] {dag.py:2927} INFO - Setting next_dagrun for example_subdag_operator.section-1 to None, run_after=None
[2024-12-14 16:03:08,731] {logging_mixin.py:115} INFO - [2024-12-14 16:03:08,731] {dag.py:2927} INFO - Setting next_dagrun for example_subdag_operator.section-2 to None, run_after=None
[2024-12-14 16:03:08,736] {logging_mixin.py:115} INFO - [2024-12-14 16:03:08,736] {dag.py:2379} INFO - Sync 2 DAGs
[2024-12-14 16:03:08,741] {logging_mixin.py:115} INFO - [2024-12-14 16:03:08,741] {dag.py:2927} INFO - Setting next_dagrun for example_subdag_operator.section-1 to None, run_after=None
[2024-12-14 16:03:08,741] {logging_mixin.py:115} INFO - [2024-12-14 16:03:08,741] {dag.py:2927} INFO - Setting next_dagrun for example_subdag_operator.section-2 to None, run_after=None
[2024-12-14 16:03:08,757] {processor.py:161} INFO - Processing /home/dev/curso/ambientevirtual/lib/python3.9/site-packages/airflow/example_dags/example_subdag_operator.py took 0.106 seconds
[2024-12-14 16:03:42,986] {processor.py:153} INFO - Started process (PID=51103) to work on /home/dev/curso/ambientevirtual/lib/python3.9/site-packages/airflow/example_dags/example_subdag_operator.py
[2024-12-14 16:03:42,987] {processor.py:641} INFO - Processing file /home/dev/curso/ambientevirtual/lib/python3.9/site-packages/airflow/example_dags/example_subdag_operator.py for tasks to queue
[2024-12-14 16:03:42,987] {logging_mixin.py:115} INFO - [2024-12-14 16:03:42,987] {dagbag.py:507} INFO - Filling up the DagBag from /home/dev/curso/ambientevirtual/lib/python3.9/site-packages/airflow/example_dags/example_subdag_operator.py
[2024-12-14 16:03:43,014] {processor.py:651} INFO - DAG(s) dict_keys(['example_subdag_operator.section-1', 'example_subdag_operator.section-2', 'example_subdag_operator']) retrieved from /home/dev/curso/ambientevirtual/lib/python3.9/site-packages/airflow/example_dags/example_subdag_operator.py
[2024-12-14 16:03:43,038] {logging_mixin.py:115} INFO - [2024-12-14 16:03:43,038] {dag.py:2379} INFO - Sync 3 DAGs
[2024-12-14 16:03:43,058] {logging_mixin.py:115} INFO - [2024-12-14 16:03:43,058] {dag.py:2927} INFO - Setting next_dagrun for example_subdag_operator to 2022-01-01T00:00:00+00:00, run_after=2022-01-01T00:00:00+00:00
[2024-12-14 16:03:43,058] {logging_mixin.py:115} INFO - [2024-12-14 16:03:43,058] {dag.py:2927} INFO - Setting next_dagrun for example_subdag_operator.section-1 to None, run_after=None
[2024-12-14 16:03:43,058] {logging_mixin.py:115} INFO - [2024-12-14 16:03:43,058] {dag.py:2927} INFO - Setting next_dagrun for example_subdag_operator.section-2 to None, run_after=None
[2024-12-14 16:03:43,066] {logging_mixin.py:115} INFO - [2024-12-14 16:03:43,066] {dag.py:2379} INFO - Sync 2 DAGs
[2024-12-14 16:03:43,070] {logging_mixin.py:115} INFO - [2024-12-14 16:03:43,070] {dag.py:2927} INFO - Setting next_dagrun for example_subdag_operator.section-1 to None, run_after=None
[2024-12-14 16:03:43,070] {logging_mixin.py:115} INFO - [2024-12-14 16:03:43,070] {dag.py:2927} INFO - Setting next_dagrun for example_subdag_operator.section-2 to None, run_after=None
[2024-12-14 16:03:43,083] {processor.py:161} INFO - Processing /home/dev/curso/ambientevirtual/lib/python3.9/site-packages/airflow/example_dags/example_subdag_operator.py took 0.102 seconds
[2024-12-14 16:04:18,203] {processor.py:153} INFO - Started process (PID=51229) to work on /home/dev/curso/ambientevirtual/lib/python3.9/site-packages/airflow/example_dags/example_subdag_operator.py
[2024-12-14 16:04:18,204] {processor.py:641} INFO - Processing file /home/dev/curso/ambientevirtual/lib/python3.9/site-packages/airflow/example_dags/example_subdag_operator.py for tasks to queue
[2024-12-14 16:04:18,205] {logging_mixin.py:115} INFO - [2024-12-14 16:04:18,205] {dagbag.py:507} INFO - Filling up the DagBag from /home/dev/curso/ambientevirtual/lib/python3.9/site-packages/airflow/example_dags/example_subdag_operator.py
[2024-12-14 16:04:18,244] {processor.py:651} INFO - DAG(s) dict_keys(['example_subdag_operator.section-1', 'example_subdag_operator.section-2', 'example_subdag_operator']) retrieved from /home/dev/curso/ambientevirtual/lib/python3.9/site-packages/airflow/example_dags/example_subdag_operator.py
[2024-12-14 16:04:18,275] {logging_mixin.py:115} INFO - [2024-12-14 16:04:18,275] {dag.py:2379} INFO - Sync 3 DAGs
[2024-12-14 16:04:18,297] {logging_mixin.py:115} INFO - [2024-12-14 16:04:18,297] {dag.py:2927} INFO - Setting next_dagrun for example_subdag_operator to 2022-01-01T00:00:00+00:00, run_after=2022-01-01T00:00:00+00:00
[2024-12-14 16:04:18,297] {logging_mixin.py:115} INFO - [2024-12-14 16:04:18,297] {dag.py:2927} INFO - Setting next_dagrun for example_subdag_operator.section-1 to None, run_after=None
[2024-12-14 16:04:18,298] {logging_mixin.py:115} INFO - [2024-12-14 16:04:18,298] {dag.py:2927} INFO - Setting next_dagrun for example_subdag_operator.section-2 to None, run_after=None
[2024-12-14 16:04:18,304] {logging_mixin.py:115} INFO - [2024-12-14 16:04:18,303] {dag.py:2379} INFO - Sync 2 DAGs
[2024-12-14 16:04:18,308] {logging_mixin.py:115} INFO - [2024-12-14 16:04:18,308] {dag.py:2927} INFO - Setting next_dagrun for example_subdag_operator.section-1 to None, run_after=None
[2024-12-14 16:04:18,309] {logging_mixin.py:115} INFO - [2024-12-14 16:04:18,309] {dag.py:2927} INFO - Setting next_dagrun for example_subdag_operator.section-2 to None, run_after=None
[2024-12-14 16:04:18,322] {processor.py:161} INFO - Processing /home/dev/curso/ambientevirtual/lib/python3.9/site-packages/airflow/example_dags/example_subdag_operator.py took 0.123 seconds
[2024-12-14 16:04:54,851] {processor.py:153} INFO - Started process (PID=51362) to work on /home/dev/curso/ambientevirtual/lib/python3.9/site-packages/airflow/example_dags/example_subdag_operator.py
[2024-12-14 16:04:54,851] {processor.py:641} INFO - Processing file /home/dev/curso/ambientevirtual/lib/python3.9/site-packages/airflow/example_dags/example_subdag_operator.py for tasks to queue
[2024-12-14 16:04:54,852] {logging_mixin.py:115} INFO - [2024-12-14 16:04:54,852] {dagbag.py:507} INFO - Filling up the DagBag from /home/dev/curso/ambientevirtual/lib/python3.9/site-packages/airflow/example_dags/example_subdag_operator.py
[2024-12-14 16:04:54,879] {processor.py:651} INFO - DAG(s) dict_keys(['example_subdag_operator.section-1', 'example_subdag_operator.section-2', 'example_subdag_operator']) retrieved from /home/dev/curso/ambientevirtual/lib/python3.9/site-packages/airflow/example_dags/example_subdag_operator.py
[2024-12-14 16:04:54,901] {logging_mixin.py:115} INFO - [2024-12-14 16:04:54,901] {dag.py:2379} INFO - Sync 3 DAGs
[2024-12-14 16:04:54,921] {logging_mixin.py:115} INFO - [2024-12-14 16:04:54,921] {dag.py:2927} INFO - Setting next_dagrun for example_subdag_operator to 2022-01-01T00:00:00+00:00, run_after=2022-01-01T00:00:00+00:00
[2024-12-14 16:04:54,922] {logging_mixin.py:115} INFO - [2024-12-14 16:04:54,922] {dag.py:2927} INFO - Setting next_dagrun for example_subdag_operator.section-1 to None, run_after=None
[2024-12-14 16:04:54,922] {logging_mixin.py:115} INFO - [2024-12-14 16:04:54,922] {dag.py:2927} INFO - Setting next_dagrun for example_subdag_operator.section-2 to None, run_after=None
[2024-12-14 16:04:54,927] {logging_mixin.py:115} INFO - [2024-12-14 16:04:54,927] {dag.py:2379} INFO - Sync 2 DAGs
[2024-12-14 16:04:54,931] {logging_mixin.py:115} INFO - [2024-12-14 16:04:54,931] {dag.py:2927} INFO - Setting next_dagrun for example_subdag_operator.section-1 to None, run_after=None
[2024-12-14 16:04:54,931] {logging_mixin.py:115} INFO - [2024-12-14 16:04:54,931] {dag.py:2927} INFO - Setting next_dagrun for example_subdag_operator.section-2 to None, run_after=None
[2024-12-14 16:04:54,944] {processor.py:161} INFO - Processing /home/dev/curso/ambientevirtual/lib/python3.9/site-packages/airflow/example_dags/example_subdag_operator.py took 0.097 seconds
[2024-12-14 16:05:25,485] {processor.py:153} INFO - Started process (PID=51476) to work on /home/dev/curso/ambientevirtual/lib/python3.9/site-packages/airflow/example_dags/example_subdag_operator.py
[2024-12-14 16:05:25,486] {processor.py:641} INFO - Processing file /home/dev/curso/ambientevirtual/lib/python3.9/site-packages/airflow/example_dags/example_subdag_operator.py for tasks to queue
[2024-12-14 16:05:25,487] {logging_mixin.py:115} INFO - [2024-12-14 16:05:25,487] {dagbag.py:507} INFO - Filling up the DagBag from /home/dev/curso/ambientevirtual/lib/python3.9/site-packages/airflow/example_dags/example_subdag_operator.py
[2024-12-14 16:05:25,514] {processor.py:651} INFO - DAG(s) dict_keys(['example_subdag_operator.section-1', 'example_subdag_operator.section-2', 'example_subdag_operator']) retrieved from /home/dev/curso/ambientevirtual/lib/python3.9/site-packages/airflow/example_dags/example_subdag_operator.py
[2024-12-14 16:05:25,537] {logging_mixin.py:115} INFO - [2024-12-14 16:05:25,536] {dag.py:2379} INFO - Sync 3 DAGs
[2024-12-14 16:05:25,558] {logging_mixin.py:115} INFO - [2024-12-14 16:05:25,558] {dag.py:2927} INFO - Setting next_dagrun for example_subdag_operator to 2022-01-01T00:00:00+00:00, run_after=2022-01-01T00:00:00+00:00
[2024-12-14 16:05:25,558] {logging_mixin.py:115} INFO - [2024-12-14 16:05:25,558] {dag.py:2927} INFO - Setting next_dagrun for example_subdag_operator.section-1 to None, run_after=None
[2024-12-14 16:05:25,558] {logging_mixin.py:115} INFO - [2024-12-14 16:05:25,558] {dag.py:2927} INFO - Setting next_dagrun for example_subdag_operator.section-2 to None, run_after=None
[2024-12-14 16:05:25,563] {logging_mixin.py:115} INFO - [2024-12-14 16:05:25,563] {dag.py:2379} INFO - Sync 2 DAGs
[2024-12-14 16:05:25,568] {logging_mixin.py:115} INFO - [2024-12-14 16:05:25,567] {dag.py:2927} INFO - Setting next_dagrun for example_subdag_operator.section-1 to None, run_after=None
[2024-12-14 16:05:25,568] {logging_mixin.py:115} INFO - [2024-12-14 16:05:25,568] {dag.py:2927} INFO - Setting next_dagrun for example_subdag_operator.section-2 to None, run_after=None
[2024-12-14 16:05:25,581] {processor.py:161} INFO - Processing /home/dev/curso/ambientevirtual/lib/python3.9/site-packages/airflow/example_dags/example_subdag_operator.py took 0.099 seconds
[2024-12-14 16:06:03,320] {processor.py:153} INFO - Started process (PID=51612) to work on /home/dev/curso/ambientevirtual/lib/python3.9/site-packages/airflow/example_dags/example_subdag_operator.py
[2024-12-14 16:06:03,322] {processor.py:641} INFO - Processing file /home/dev/curso/ambientevirtual/lib/python3.9/site-packages/airflow/example_dags/example_subdag_operator.py for tasks to queue
[2024-12-14 16:06:03,323] {logging_mixin.py:115} INFO - [2024-12-14 16:06:03,323] {dagbag.py:507} INFO - Filling up the DagBag from /home/dev/curso/ambientevirtual/lib/python3.9/site-packages/airflow/example_dags/example_subdag_operator.py
[2024-12-14 16:06:03,354] {processor.py:651} INFO - DAG(s) dict_keys(['example_subdag_operator.section-1', 'example_subdag_operator.section-2', 'example_subdag_operator']) retrieved from /home/dev/curso/ambientevirtual/lib/python3.9/site-packages/airflow/example_dags/example_subdag_operator.py
[2024-12-14 16:06:03,376] {logging_mixin.py:115} INFO - [2024-12-14 16:06:03,376] {dag.py:2379} INFO - Sync 3 DAGs
[2024-12-14 16:06:03,396] {logging_mixin.py:115} INFO - [2024-12-14 16:06:03,396] {dag.py:2927} INFO - Setting next_dagrun for example_subdag_operator to 2022-01-01T00:00:00+00:00, run_after=2022-01-01T00:00:00+00:00
[2024-12-14 16:06:03,397] {logging_mixin.py:115} INFO - [2024-12-14 16:06:03,397] {dag.py:2927} INFO - Setting next_dagrun for example_subdag_operator.section-1 to None, run_after=None
[2024-12-14 16:06:03,397] {logging_mixin.py:115} INFO - [2024-12-14 16:06:03,397] {dag.py:2927} INFO - Setting next_dagrun for example_subdag_operator.section-2 to None, run_after=None
[2024-12-14 16:06:03,403] {logging_mixin.py:115} INFO - [2024-12-14 16:06:03,402] {dag.py:2379} INFO - Sync 2 DAGs
[2024-12-14 16:06:03,407] {logging_mixin.py:115} INFO - [2024-12-14 16:06:03,407] {dag.py:2927} INFO - Setting next_dagrun for example_subdag_operator.section-1 to None, run_after=None
[2024-12-14 16:06:03,407] {logging_mixin.py:115} INFO - [2024-12-14 16:06:03,407] {dag.py:2927} INFO - Setting next_dagrun for example_subdag_operator.section-2 to None, run_after=None
[2024-12-14 16:06:03,420] {processor.py:161} INFO - Processing /home/dev/curso/ambientevirtual/lib/python3.9/site-packages/airflow/example_dags/example_subdag_operator.py took 0.109 seconds
[2024-12-14 16:06:35,526] {processor.py:153} INFO - Started process (PID=51786) to work on /home/dev/curso/ambientevirtual/lib/python3.9/site-packages/airflow/example_dags/example_subdag_operator.py
[2024-12-14 16:06:35,527] {processor.py:641} INFO - Processing file /home/dev/curso/ambientevirtual/lib/python3.9/site-packages/airflow/example_dags/example_subdag_operator.py for tasks to queue
[2024-12-14 16:06:35,528] {logging_mixin.py:115} INFO - [2024-12-14 16:06:35,528] {dagbag.py:507} INFO - Filling up the DagBag from /home/dev/curso/ambientevirtual/lib/python3.9/site-packages/airflow/example_dags/example_subdag_operator.py
[2024-12-14 16:06:35,561] {processor.py:651} INFO - DAG(s) dict_keys(['example_subdag_operator.section-1', 'example_subdag_operator.section-2', 'example_subdag_operator']) retrieved from /home/dev/curso/ambientevirtual/lib/python3.9/site-packages/airflow/example_dags/example_subdag_operator.py
[2024-12-14 16:06:35,590] {logging_mixin.py:115} INFO - [2024-12-14 16:06:35,590] {dag.py:2379} INFO - Sync 3 DAGs
[2024-12-14 16:06:35,614] {logging_mixin.py:115} INFO - [2024-12-14 16:06:35,614] {dag.py:2927} INFO - Setting next_dagrun for example_subdag_operator to 2022-01-01T00:00:00+00:00, run_after=2022-01-01T00:00:00+00:00
[2024-12-14 16:06:35,614] {logging_mixin.py:115} INFO - [2024-12-14 16:06:35,614] {dag.py:2927} INFO - Setting next_dagrun for example_subdag_operator.section-1 to None, run_after=None
[2024-12-14 16:06:35,615] {logging_mixin.py:115} INFO - [2024-12-14 16:06:35,615] {dag.py:2927} INFO - Setting next_dagrun for example_subdag_operator.section-2 to None, run_after=None
[2024-12-14 16:06:35,623] {logging_mixin.py:115} INFO - [2024-12-14 16:06:35,623] {dag.py:2379} INFO - Sync 2 DAGs
[2024-12-14 16:06:35,629] {logging_mixin.py:115} INFO - [2024-12-14 16:06:35,629] {dag.py:2927} INFO - Setting next_dagrun for example_subdag_operator.section-1 to None, run_after=None
[2024-12-14 16:06:35,629] {logging_mixin.py:115} INFO - [2024-12-14 16:06:35,629] {dag.py:2927} INFO - Setting next_dagrun for example_subdag_operator.section-2 to None, run_after=None
[2024-12-14 16:06:35,641] {processor.py:161} INFO - Processing /home/dev/curso/ambientevirtual/lib/python3.9/site-packages/airflow/example_dags/example_subdag_operator.py took 0.121 seconds
[2024-12-14 16:07:13,927] {processor.py:153} INFO - Started process (PID=51930) to work on /home/dev/curso/ambientevirtual/lib/python3.9/site-packages/airflow/example_dags/example_subdag_operator.py
[2024-12-14 16:07:13,930] {processor.py:641} INFO - Processing file /home/dev/curso/ambientevirtual/lib/python3.9/site-packages/airflow/example_dags/example_subdag_operator.py for tasks to queue
[2024-12-14 16:07:13,931] {logging_mixin.py:115} INFO - [2024-12-14 16:07:13,931] {dagbag.py:507} INFO - Filling up the DagBag from /home/dev/curso/ambientevirtual/lib/python3.9/site-packages/airflow/example_dags/example_subdag_operator.py
[2024-12-14 16:07:13,963] {processor.py:651} INFO - DAG(s) dict_keys(['example_subdag_operator.section-1', 'example_subdag_operator.section-2', 'example_subdag_operator']) retrieved from /home/dev/curso/ambientevirtual/lib/python3.9/site-packages/airflow/example_dags/example_subdag_operator.py
[2024-12-14 16:07:13,992] {logging_mixin.py:115} INFO - [2024-12-14 16:07:13,992] {dag.py:2379} INFO - Sync 3 DAGs
[2024-12-14 16:07:14,017] {logging_mixin.py:115} INFO - [2024-12-14 16:07:14,016] {dag.py:2927} INFO - Setting next_dagrun for example_subdag_operator to 2022-01-01T00:00:00+00:00, run_after=2022-01-01T00:00:00+00:00
[2024-12-14 16:07:14,017] {logging_mixin.py:115} INFO - [2024-12-14 16:07:14,017] {dag.py:2927} INFO - Setting next_dagrun for example_subdag_operator.section-1 to None, run_after=None
[2024-12-14 16:07:14,017] {logging_mixin.py:115} INFO - [2024-12-14 16:07:14,017] {dag.py:2927} INFO - Setting next_dagrun for example_subdag_operator.section-2 to None, run_after=None
[2024-12-14 16:07:14,026] {logging_mixin.py:115} INFO - [2024-12-14 16:07:14,026] {dag.py:2379} INFO - Sync 2 DAGs
[2024-12-14 16:07:14,033] {logging_mixin.py:115} INFO - [2024-12-14 16:07:14,033] {dag.py:2927} INFO - Setting next_dagrun for example_subdag_operator.section-1 to None, run_after=None
[2024-12-14 16:07:14,034] {logging_mixin.py:115} INFO - [2024-12-14 16:07:14,034] {dag.py:2927} INFO - Setting next_dagrun for example_subdag_operator.section-2 to None, run_after=None
[2024-12-14 16:07:14,046] {processor.py:161} INFO - Processing /home/dev/curso/ambientevirtual/lib/python3.9/site-packages/airflow/example_dags/example_subdag_operator.py took 0.124 seconds
[2024-12-14 16:07:49,993] {processor.py:153} INFO - Started process (PID=52119) to work on /home/dev/curso/ambientevirtual/lib/python3.9/site-packages/airflow/example_dags/example_subdag_operator.py
[2024-12-14 16:07:49,995] {processor.py:641} INFO - Processing file /home/dev/curso/ambientevirtual/lib/python3.9/site-packages/airflow/example_dags/example_subdag_operator.py for tasks to queue
[2024-12-14 16:07:49,996] {logging_mixin.py:115} INFO - [2024-12-14 16:07:49,995] {dagbag.py:507} INFO - Filling up the DagBag from /home/dev/curso/ambientevirtual/lib/python3.9/site-packages/airflow/example_dags/example_subdag_operator.py
[2024-12-14 16:07:50,027] {processor.py:651} INFO - DAG(s) dict_keys(['example_subdag_operator.section-1', 'example_subdag_operator.section-2', 'example_subdag_operator']) retrieved from /home/dev/curso/ambientevirtual/lib/python3.9/site-packages/airflow/example_dags/example_subdag_operator.py
[2024-12-14 16:07:50,054] {logging_mixin.py:115} INFO - [2024-12-14 16:07:50,053] {dag.py:2379} INFO - Sync 3 DAGs
[2024-12-14 16:07:50,079] {logging_mixin.py:115} INFO - [2024-12-14 16:07:50,078] {dag.py:2927} INFO - Setting next_dagrun for example_subdag_operator to 2022-01-01T00:00:00+00:00, run_after=2022-01-01T00:00:00+00:00
[2024-12-14 16:07:50,079] {logging_mixin.py:115} INFO - [2024-12-14 16:07:50,079] {dag.py:2927} INFO - Setting next_dagrun for example_subdag_operator.section-1 to None, run_after=None
[2024-12-14 16:07:50,079] {logging_mixin.py:115} INFO - [2024-12-14 16:07:50,079] {dag.py:2927} INFO - Setting next_dagrun for example_subdag_operator.section-2 to None, run_after=None
[2024-12-14 16:07:50,088] {logging_mixin.py:115} INFO - [2024-12-14 16:07:50,088] {dag.py:2379} INFO - Sync 2 DAGs
[2024-12-14 16:07:50,095] {logging_mixin.py:115} INFO - [2024-12-14 16:07:50,095] {dag.py:2927} INFO - Setting next_dagrun for example_subdag_operator.section-1 to None, run_after=None
[2024-12-14 16:07:50,095] {logging_mixin.py:115} INFO - [2024-12-14 16:07:50,095] {dag.py:2927} INFO - Setting next_dagrun for example_subdag_operator.section-2 to None, run_after=None
[2024-12-14 16:07:50,109] {processor.py:161} INFO - Processing /home/dev/curso/ambientevirtual/lib/python3.9/site-packages/airflow/example_dags/example_subdag_operator.py took 0.123 seconds
[2024-12-14 16:08:24,131] {processor.py:153} INFO - Started process (PID=52357) to work on /home/dev/curso/ambientevirtual/lib/python3.9/site-packages/airflow/example_dags/example_subdag_operator.py
[2024-12-14 16:08:24,133] {processor.py:641} INFO - Processing file /home/dev/curso/ambientevirtual/lib/python3.9/site-packages/airflow/example_dags/example_subdag_operator.py for tasks to queue
[2024-12-14 16:08:24,134] {logging_mixin.py:115} INFO - [2024-12-14 16:08:24,134] {dagbag.py:507} INFO - Filling up the DagBag from /home/dev/curso/ambientevirtual/lib/python3.9/site-packages/airflow/example_dags/example_subdag_operator.py
[2024-12-14 16:08:24,171] {processor.py:651} INFO - DAG(s) dict_keys(['example_subdag_operator.section-1', 'example_subdag_operator.section-2', 'example_subdag_operator']) retrieved from /home/dev/curso/ambientevirtual/lib/python3.9/site-packages/airflow/example_dags/example_subdag_operator.py
[2024-12-14 16:08:24,196] {logging_mixin.py:115} INFO - [2024-12-14 16:08:24,196] {dag.py:2379} INFO - Sync 3 DAGs
[2024-12-14 16:08:24,217] {logging_mixin.py:115} INFO - [2024-12-14 16:08:24,217] {dag.py:2927} INFO - Setting next_dagrun for example_subdag_operator to 2022-01-01T00:00:00+00:00, run_after=2022-01-01T00:00:00+00:00
[2024-12-14 16:08:24,217] {logging_mixin.py:115} INFO - [2024-12-14 16:08:24,217] {dag.py:2927} INFO - Setting next_dagrun for example_subdag_operator.section-1 to None, run_after=None
[2024-12-14 16:08:24,217] {logging_mixin.py:115} INFO - [2024-12-14 16:08:24,217] {dag.py:2927} INFO - Setting next_dagrun for example_subdag_operator.section-2 to None, run_after=None
[2024-12-14 16:08:24,223] {logging_mixin.py:115} INFO - [2024-12-14 16:08:24,223] {dag.py:2379} INFO - Sync 2 DAGs
[2024-12-14 16:08:24,228] {logging_mixin.py:115} INFO - [2024-12-14 16:08:24,228] {dag.py:2927} INFO - Setting next_dagrun for example_subdag_operator.section-1 to None, run_after=None
[2024-12-14 16:08:24,228] {logging_mixin.py:115} INFO - [2024-12-14 16:08:24,228] {dag.py:2927} INFO - Setting next_dagrun for example_subdag_operator.section-2 to None, run_after=None
[2024-12-14 16:08:24,243] {processor.py:161} INFO - Processing /home/dev/curso/ambientevirtual/lib/python3.9/site-packages/airflow/example_dags/example_subdag_operator.py took 0.118 seconds
[2024-12-14 16:08:59,916] {processor.py:153} INFO - Started process (PID=52603) to work on /home/dev/curso/ambientevirtual/lib/python3.9/site-packages/airflow/example_dags/example_subdag_operator.py
[2024-12-14 16:08:59,917] {processor.py:641} INFO - Processing file /home/dev/curso/ambientevirtual/lib/python3.9/site-packages/airflow/example_dags/example_subdag_operator.py for tasks to queue
[2024-12-14 16:08:59,918] {logging_mixin.py:115} INFO - [2024-12-14 16:08:59,918] {dagbag.py:507} INFO - Filling up the DagBag from /home/dev/curso/ambientevirtual/lib/python3.9/site-packages/airflow/example_dags/example_subdag_operator.py
[2024-12-14 16:08:59,949] {processor.py:651} INFO - DAG(s) dict_keys(['example_subdag_operator.section-1', 'example_subdag_operator.section-2', 'example_subdag_operator']) retrieved from /home/dev/curso/ambientevirtual/lib/python3.9/site-packages/airflow/example_dags/example_subdag_operator.py
[2024-12-14 16:08:59,978] {logging_mixin.py:115} INFO - [2024-12-14 16:08:59,978] {dag.py:2379} INFO - Sync 3 DAGs
[2024-12-14 16:09:00,005] {logging_mixin.py:115} INFO - [2024-12-14 16:09:00,005] {dag.py:2927} INFO - Setting next_dagrun for example_subdag_operator to 2022-01-01T00:00:00+00:00, run_after=2022-01-01T00:00:00+00:00
[2024-12-14 16:09:00,005] {logging_mixin.py:115} INFO - [2024-12-14 16:09:00,005] {dag.py:2927} INFO - Setting next_dagrun for example_subdag_operator.section-1 to None, run_after=None
[2024-12-14 16:09:00,006] {logging_mixin.py:115} INFO - [2024-12-14 16:09:00,006] {dag.py:2927} INFO - Setting next_dagrun for example_subdag_operator.section-2 to None, run_after=None
[2024-12-14 16:09:00,012] {logging_mixin.py:115} INFO - [2024-12-14 16:09:00,012] {dag.py:2379} INFO - Sync 2 DAGs
[2024-12-14 16:09:00,017] {logging_mixin.py:115} INFO - [2024-12-14 16:09:00,017] {dag.py:2927} INFO - Setting next_dagrun for example_subdag_operator.section-1 to None, run_after=None
[2024-12-14 16:09:00,017] {logging_mixin.py:115} INFO - [2024-12-14 16:09:00,017] {dag.py:2927} INFO - Setting next_dagrun for example_subdag_operator.section-2 to None, run_after=None
[2024-12-14 16:09:00,036] {processor.py:161} INFO - Processing /home/dev/curso/ambientevirtual/lib/python3.9/site-packages/airflow/example_dags/example_subdag_operator.py took 0.124 seconds
[2024-12-14 16:09:36,625] {processor.py:153} INFO - Started process (PID=52738) to work on /home/dev/curso/ambientevirtual/lib/python3.9/site-packages/airflow/example_dags/example_subdag_operator.py
[2024-12-14 16:09:36,626] {processor.py:641} INFO - Processing file /home/dev/curso/ambientevirtual/lib/python3.9/site-packages/airflow/example_dags/example_subdag_operator.py for tasks to queue
[2024-12-14 16:09:36,627] {logging_mixin.py:115} INFO - [2024-12-14 16:09:36,627] {dagbag.py:507} INFO - Filling up the DagBag from /home/dev/curso/ambientevirtual/lib/python3.9/site-packages/airflow/example_dags/example_subdag_operator.py
[2024-12-14 16:09:36,656] {processor.py:651} INFO - DAG(s) dict_keys(['example_subdag_operator.section-1', 'example_subdag_operator.section-2', 'example_subdag_operator']) retrieved from /home/dev/curso/ambientevirtual/lib/python3.9/site-packages/airflow/example_dags/example_subdag_operator.py
[2024-12-14 16:09:36,679] {logging_mixin.py:115} INFO - [2024-12-14 16:09:36,678] {dag.py:2379} INFO - Sync 3 DAGs
[2024-12-14 16:09:36,697] {logging_mixin.py:115} INFO - [2024-12-14 16:09:36,697] {dag.py:2927} INFO - Setting next_dagrun for example_subdag_operator to 2022-01-01T00:00:00+00:00, run_after=2022-01-01T00:00:00+00:00
[2024-12-14 16:09:36,697] {logging_mixin.py:115} INFO - [2024-12-14 16:09:36,697] {dag.py:2927} INFO - Setting next_dagrun for example_subdag_operator.section-1 to None, run_after=None
[2024-12-14 16:09:36,698] {logging_mixin.py:115} INFO - [2024-12-14 16:09:36,698] {dag.py:2927} INFO - Setting next_dagrun for example_subdag_operator.section-2 to None, run_after=None
[2024-12-14 16:09:36,703] {logging_mixin.py:115} INFO - [2024-12-14 16:09:36,703] {dag.py:2379} INFO - Sync 2 DAGs
[2024-12-14 16:09:36,707] {logging_mixin.py:115} INFO - [2024-12-14 16:09:36,707] {dag.py:2927} INFO - Setting next_dagrun for example_subdag_operator.section-1 to None, run_after=None
[2024-12-14 16:09:36,707] {logging_mixin.py:115} INFO - [2024-12-14 16:09:36,707] {dag.py:2927} INFO - Setting next_dagrun for example_subdag_operator.section-2 to None, run_after=None
[2024-12-14 16:09:36,720] {processor.py:161} INFO - Processing /home/dev/curso/ambientevirtual/lib/python3.9/site-packages/airflow/example_dags/example_subdag_operator.py took 0.101 seconds
[2024-12-14 16:10:11,205] {processor.py:153} INFO - Started process (PID=52868) to work on /home/dev/curso/ambientevirtual/lib/python3.9/site-packages/airflow/example_dags/example_subdag_operator.py
[2024-12-14 16:10:11,206] {processor.py:641} INFO - Processing file /home/dev/curso/ambientevirtual/lib/python3.9/site-packages/airflow/example_dags/example_subdag_operator.py for tasks to queue
[2024-12-14 16:10:11,207] {logging_mixin.py:115} INFO - [2024-12-14 16:10:11,207] {dagbag.py:507} INFO - Filling up the DagBag from /home/dev/curso/ambientevirtual/lib/python3.9/site-packages/airflow/example_dags/example_subdag_operator.py
[2024-12-14 16:10:11,235] {processor.py:651} INFO - DAG(s) dict_keys(['example_subdag_operator.section-1', 'example_subdag_operator.section-2', 'example_subdag_operator']) retrieved from /home/dev/curso/ambientevirtual/lib/python3.9/site-packages/airflow/example_dags/example_subdag_operator.py
[2024-12-14 16:10:11,257] {logging_mixin.py:115} INFO - [2024-12-14 16:10:11,257] {dag.py:2379} INFO - Sync 3 DAGs
[2024-12-14 16:10:11,276] {logging_mixin.py:115} INFO - [2024-12-14 16:10:11,276] {dag.py:2927} INFO - Setting next_dagrun for example_subdag_operator to 2022-01-01T00:00:00+00:00, run_after=2022-01-01T00:00:00+00:00
[2024-12-14 16:10:11,277] {logging_mixin.py:115} INFO - [2024-12-14 16:10:11,276] {dag.py:2927} INFO - Setting next_dagrun for example_subdag_operator.section-1 to None, run_after=None
[2024-12-14 16:10:11,277] {logging_mixin.py:115} INFO - [2024-12-14 16:10:11,277] {dag.py:2927} INFO - Setting next_dagrun for example_subdag_operator.section-2 to None, run_after=None
[2024-12-14 16:10:11,283] {logging_mixin.py:115} INFO - [2024-12-14 16:10:11,282] {dag.py:2379} INFO - Sync 2 DAGs
[2024-12-14 16:10:11,287] {logging_mixin.py:115} INFO - [2024-12-14 16:10:11,287] {dag.py:2927} INFO - Setting next_dagrun for example_subdag_operator.section-1 to None, run_after=None
[2024-12-14 16:10:11,287] {logging_mixin.py:115} INFO - [2024-12-14 16:10:11,287] {dag.py:2927} INFO - Setting next_dagrun for example_subdag_operator.section-2 to None, run_after=None
[2024-12-14 16:10:11,300] {processor.py:161} INFO - Processing /home/dev/curso/ambientevirtual/lib/python3.9/site-packages/airflow/example_dags/example_subdag_operator.py took 0.101 seconds
[2024-12-14 16:10:43,448] {processor.py:153} INFO - Started process (PID=53038) to work on /home/dev/curso/ambientevirtual/lib/python3.9/site-packages/airflow/example_dags/example_subdag_operator.py
[2024-12-14 16:10:43,449] {processor.py:641} INFO - Processing file /home/dev/curso/ambientevirtual/lib/python3.9/site-packages/airflow/example_dags/example_subdag_operator.py for tasks to queue
[2024-12-14 16:10:43,450] {logging_mixin.py:115} INFO - [2024-12-14 16:10:43,450] {dagbag.py:507} INFO - Filling up the DagBag from /home/dev/curso/ambientevirtual/lib/python3.9/site-packages/airflow/example_dags/example_subdag_operator.py
[2024-12-14 16:10:43,489] {processor.py:651} INFO - DAG(s) dict_keys(['example_subdag_operator.section-1', 'example_subdag_operator.section-2', 'example_subdag_operator']) retrieved from /home/dev/curso/ambientevirtual/lib/python3.9/site-packages/airflow/example_dags/example_subdag_operator.py
[2024-12-14 16:10:43,511] {logging_mixin.py:115} INFO - [2024-12-14 16:10:43,511] {dag.py:2379} INFO - Sync 3 DAGs
[2024-12-14 16:10:43,532] {logging_mixin.py:115} INFO - [2024-12-14 16:10:43,532] {dag.py:2927} INFO - Setting next_dagrun for example_subdag_operator to 2022-01-01T00:00:00+00:00, run_after=2022-01-01T00:00:00+00:00
[2024-12-14 16:10:43,532] {logging_mixin.py:115} INFO - [2024-12-14 16:10:43,532] {dag.py:2927} INFO - Setting next_dagrun for example_subdag_operator.section-1 to None, run_after=None
[2024-12-14 16:10:43,532] {logging_mixin.py:115} INFO - [2024-12-14 16:10:43,532] {dag.py:2927} INFO - Setting next_dagrun for example_subdag_operator.section-2 to None, run_after=None
[2024-12-14 16:10:43,538] {logging_mixin.py:115} INFO - [2024-12-14 16:10:43,538] {dag.py:2379} INFO - Sync 2 DAGs
[2024-12-14 16:10:43,543] {logging_mixin.py:115} INFO - [2024-12-14 16:10:43,543] {dag.py:2927} INFO - Setting next_dagrun for example_subdag_operator.section-1 to None, run_after=None
[2024-12-14 16:10:43,543] {logging_mixin.py:115} INFO - [2024-12-14 16:10:43,543] {dag.py:2927} INFO - Setting next_dagrun for example_subdag_operator.section-2 to None, run_after=None
[2024-12-14 16:10:43,555] {processor.py:161} INFO - Processing /home/dev/curso/ambientevirtual/lib/python3.9/site-packages/airflow/example_dags/example_subdag_operator.py took 0.114 seconds
[2024-12-14 16:11:17,233] {processor.py:153} INFO - Started process (PID=53220) to work on /home/dev/curso/ambientevirtual/lib/python3.9/site-packages/airflow/example_dags/example_subdag_operator.py
[2024-12-14 16:11:17,234] {processor.py:641} INFO - Processing file /home/dev/curso/ambientevirtual/lib/python3.9/site-packages/airflow/example_dags/example_subdag_operator.py for tasks to queue
[2024-12-14 16:11:17,234] {logging_mixin.py:115} INFO - [2024-12-14 16:11:17,234] {dagbag.py:507} INFO - Filling up the DagBag from /home/dev/curso/ambientevirtual/lib/python3.9/site-packages/airflow/example_dags/example_subdag_operator.py
[2024-12-14 16:11:17,259] {processor.py:651} INFO - DAG(s) dict_keys(['example_subdag_operator.section-1', 'example_subdag_operator.section-2', 'example_subdag_operator']) retrieved from /home/dev/curso/ambientevirtual/lib/python3.9/site-packages/airflow/example_dags/example_subdag_operator.py
[2024-12-14 16:11:17,281] {logging_mixin.py:115} INFO - [2024-12-14 16:11:17,281] {dag.py:2379} INFO - Sync 3 DAGs
[2024-12-14 16:11:17,301] {logging_mixin.py:115} INFO - [2024-12-14 16:11:17,301] {dag.py:2927} INFO - Setting next_dagrun for example_subdag_operator to 2022-01-01T00:00:00+00:00, run_after=2022-01-01T00:00:00+00:00
[2024-12-14 16:11:17,302] {logging_mixin.py:115} INFO - [2024-12-14 16:11:17,302] {dag.py:2927} INFO - Setting next_dagrun for example_subdag_operator.section-1 to None, run_after=None
[2024-12-14 16:11:17,302] {logging_mixin.py:115} INFO - [2024-12-14 16:11:17,302] {dag.py:2927} INFO - Setting next_dagrun for example_subdag_operator.section-2 to None, run_after=None
[2024-12-14 16:11:17,308] {logging_mixin.py:115} INFO - [2024-12-14 16:11:17,307] {dag.py:2379} INFO - Sync 2 DAGs
[2024-12-14 16:11:17,312] {logging_mixin.py:115} INFO - [2024-12-14 16:11:17,311] {dag.py:2927} INFO - Setting next_dagrun for example_subdag_operator.section-1 to None, run_after=None
[2024-12-14 16:11:17,312] {logging_mixin.py:115} INFO - [2024-12-14 16:11:17,312] {dag.py:2927} INFO - Setting next_dagrun for example_subdag_operator.section-2 to None, run_after=None
[2024-12-14 16:11:17,324] {processor.py:161} INFO - Processing /home/dev/curso/ambientevirtual/lib/python3.9/site-packages/airflow/example_dags/example_subdag_operator.py took 0.095 seconds
