[2024-12-14 15:51:50,778] {processor.py:153} INFO - Started process (PID=48097) to work on /home/dev/curso/ambientevirtual/lib/python3.9/site-packages/airflow/example_dags/example_latest_only_with_trigger.py
[2024-12-14 15:51:50,779] {processor.py:641} INFO - Processing file /home/dev/curso/ambientevirtual/lib/python3.9/site-packages/airflow/example_dags/example_latest_only_with_trigger.py for tasks to queue
[2024-12-14 15:51:50,780] {logging_mixin.py:115} INFO - [2024-12-14 15:51:50,780] {dagbag.py:507} INFO - Filling up the DagBag from /home/dev/curso/ambientevirtual/lib/python3.9/site-packages/airflow/example_dags/example_latest_only_with_trigger.py
[2024-12-14 15:51:50,788] {processor.py:651} INFO - DAG(s) dict_keys(['latest_only_with_trigger']) retrieved from /home/dev/curso/ambientevirtual/lib/python3.9/site-packages/airflow/example_dags/example_latest_only_with_trigger.py
[2024-12-14 15:51:50,863] {logging_mixin.py:115} INFO - [2024-12-14 15:51:50,862] {manager.py:508} INFO - Created Permission View: can delete on DAG:latest_only_with_trigger
[2024-12-14 15:51:50,882] {logging_mixin.py:115} INFO - [2024-12-14 15:51:50,882] {manager.py:508} INFO - Created Permission View: can edit on DAG:latest_only_with_trigger
[2024-12-14 15:51:50,894] {logging_mixin.py:115} INFO - [2024-12-14 15:51:50,894] {manager.py:508} INFO - Created Permission View: can read on DAG:latest_only_with_trigger
[2024-12-14 15:51:50,894] {logging_mixin.py:115} INFO - [2024-12-14 15:51:50,894] {dag.py:2379} INFO - Sync 1 DAGs
[2024-12-14 15:51:50,902] {logging_mixin.py:115} INFO - [2024-12-14 15:51:50,902] {dag.py:2398} INFO - Creating ORM DAG for latest_only_with_trigger
[2024-12-14 15:51:50,911] {logging_mixin.py:115} INFO - [2024-12-14 15:51:50,911] {dag.py:2927} INFO - Setting next_dagrun for latest_only_with_trigger to 2024-12-14T14:51:50.911557+00:00, run_after=2024-12-14T18:51:50.911557+00:00
[2024-12-14 15:51:50,930] {processor.py:161} INFO - Processing /home/dev/curso/ambientevirtual/lib/python3.9/site-packages/airflow/example_dags/example_latest_only_with_trigger.py took 0.158 seconds
[2024-12-14 15:52:27,476] {processor.py:153} INFO - Started process (PID=48349) to work on /home/dev/curso/ambientevirtual/lib/python3.9/site-packages/airflow/example_dags/example_latest_only_with_trigger.py
[2024-12-14 15:52:27,477] {processor.py:641} INFO - Processing file /home/dev/curso/ambientevirtual/lib/python3.9/site-packages/airflow/example_dags/example_latest_only_with_trigger.py for tasks to queue
[2024-12-14 15:52:27,478] {logging_mixin.py:115} INFO - [2024-12-14 15:52:27,478] {dagbag.py:507} INFO - Filling up the DagBag from /home/dev/curso/ambientevirtual/lib/python3.9/site-packages/airflow/example_dags/example_latest_only_with_trigger.py
[2024-12-14 15:52:27,486] {processor.py:651} INFO - DAG(s) dict_keys(['latest_only_with_trigger']) retrieved from /home/dev/curso/ambientevirtual/lib/python3.9/site-packages/airflow/example_dags/example_latest_only_with_trigger.py
[2024-12-14 15:52:27,505] {logging_mixin.py:115} INFO - [2024-12-14 15:52:27,505] {dag.py:2379} INFO - Sync 1 DAGs
[2024-12-14 15:52:27,524] {logging_mixin.py:115} INFO - [2024-12-14 15:52:27,524] {dag.py:2927} INFO - Setting next_dagrun for latest_only_with_trigger to 2024-12-14T14:52:27.523711+00:00, run_after=2024-12-14T18:52:27.523711+00:00
[2024-12-14 15:52:27,540] {processor.py:161} INFO - Processing /home/dev/curso/ambientevirtual/lib/python3.9/site-packages/airflow/example_dags/example_latest_only_with_trigger.py took 0.068 seconds
[2024-12-14 15:53:04,786] {processor.py:153} INFO - Started process (PID=48485) to work on /home/dev/curso/ambientevirtual/lib/python3.9/site-packages/airflow/example_dags/example_latest_only_with_trigger.py
[2024-12-14 15:53:04,788] {processor.py:641} INFO - Processing file /home/dev/curso/ambientevirtual/lib/python3.9/site-packages/airflow/example_dags/example_latest_only_with_trigger.py for tasks to queue
[2024-12-14 15:53:04,790] {logging_mixin.py:115} INFO - [2024-12-14 15:53:04,789] {dagbag.py:507} INFO - Filling up the DagBag from /home/dev/curso/ambientevirtual/lib/python3.9/site-packages/airflow/example_dags/example_latest_only_with_trigger.py
[2024-12-14 15:53:04,799] {processor.py:651} INFO - DAG(s) dict_keys(['latest_only_with_trigger']) retrieved from /home/dev/curso/ambientevirtual/lib/python3.9/site-packages/airflow/example_dags/example_latest_only_with_trigger.py
[2024-12-14 15:53:04,819] {logging_mixin.py:115} INFO - [2024-12-14 15:53:04,818] {dag.py:2379} INFO - Sync 1 DAGs
[2024-12-14 15:53:04,840] {logging_mixin.py:115} INFO - [2024-12-14 15:53:04,840] {dag.py:2927} INFO - Setting next_dagrun for latest_only_with_trigger to 2024-12-14T14:53:04.840033+00:00, run_after=2024-12-14T18:53:04.840033+00:00
[2024-12-14 15:53:04,857] {processor.py:161} INFO - Processing /home/dev/curso/ambientevirtual/lib/python3.9/site-packages/airflow/example_dags/example_latest_only_with_trigger.py took 0.077 seconds
[2024-12-14 15:53:40,509] {processor.py:153} INFO - Started process (PID=48615) to work on /home/dev/curso/ambientevirtual/lib/python3.9/site-packages/airflow/example_dags/example_latest_only_with_trigger.py
[2024-12-14 15:53:40,511] {processor.py:641} INFO - Processing file /home/dev/curso/ambientevirtual/lib/python3.9/site-packages/airflow/example_dags/example_latest_only_with_trigger.py for tasks to queue
[2024-12-14 15:53:40,512] {logging_mixin.py:115} INFO - [2024-12-14 15:53:40,511] {dagbag.py:507} INFO - Filling up the DagBag from /home/dev/curso/ambientevirtual/lib/python3.9/site-packages/airflow/example_dags/example_latest_only_with_trigger.py
[2024-12-14 15:53:40,520] {processor.py:651} INFO - DAG(s) dict_keys(['latest_only_with_trigger']) retrieved from /home/dev/curso/ambientevirtual/lib/python3.9/site-packages/airflow/example_dags/example_latest_only_with_trigger.py
[2024-12-14 15:53:40,542] {logging_mixin.py:115} INFO - [2024-12-14 15:53:40,541] {dag.py:2379} INFO - Sync 1 DAGs
[2024-12-14 15:53:40,560] {logging_mixin.py:115} INFO - [2024-12-14 15:53:40,560] {dag.py:2927} INFO - Setting next_dagrun for latest_only_with_trigger to 2024-12-14T14:53:40.560491+00:00, run_after=2024-12-14T18:53:40.560491+00:00
[2024-12-14 15:53:40,576] {processor.py:161} INFO - Processing /home/dev/curso/ambientevirtual/lib/python3.9/site-packages/airflow/example_dags/example_latest_only_with_trigger.py took 0.074 seconds
[2024-12-14 15:54:19,158] {processor.py:153} INFO - Started process (PID=48760) to work on /home/dev/curso/ambientevirtual/lib/python3.9/site-packages/airflow/example_dags/example_latest_only_with_trigger.py
[2024-12-14 15:54:19,160] {processor.py:641} INFO - Processing file /home/dev/curso/ambientevirtual/lib/python3.9/site-packages/airflow/example_dags/example_latest_only_with_trigger.py for tasks to queue
[2024-12-14 15:54:19,161] {logging_mixin.py:115} INFO - [2024-12-14 15:54:19,161] {dagbag.py:507} INFO - Filling up the DagBag from /home/dev/curso/ambientevirtual/lib/python3.9/site-packages/airflow/example_dags/example_latest_only_with_trigger.py
[2024-12-14 15:54:19,174] {processor.py:651} INFO - DAG(s) dict_keys(['latest_only_with_trigger']) retrieved from /home/dev/curso/ambientevirtual/lib/python3.9/site-packages/airflow/example_dags/example_latest_only_with_trigger.py
[2024-12-14 15:54:19,198] {logging_mixin.py:115} INFO - [2024-12-14 15:54:19,198] {dag.py:2379} INFO - Sync 1 DAGs
[2024-12-14 15:54:19,218] {logging_mixin.py:115} INFO - [2024-12-14 15:54:19,217] {dag.py:2927} INFO - Setting next_dagrun for latest_only_with_trigger to 2024-12-14T14:54:19.217586+00:00, run_after=2024-12-14T18:54:19.217586+00:00
[2024-12-14 15:54:19,234] {processor.py:161} INFO - Processing /home/dev/curso/ambientevirtual/lib/python3.9/site-packages/airflow/example_dags/example_latest_only_with_trigger.py took 0.083 seconds
[2024-12-14 15:54:55,846] {processor.py:153} INFO - Started process (PID=48890) to work on /home/dev/curso/ambientevirtual/lib/python3.9/site-packages/airflow/example_dags/example_latest_only_with_trigger.py
[2024-12-14 15:54:55,848] {processor.py:641} INFO - Processing file /home/dev/curso/ambientevirtual/lib/python3.9/site-packages/airflow/example_dags/example_latest_only_with_trigger.py for tasks to queue
[2024-12-14 15:54:55,850] {logging_mixin.py:115} INFO - [2024-12-14 15:54:55,849] {dagbag.py:507} INFO - Filling up the DagBag from /home/dev/curso/ambientevirtual/lib/python3.9/site-packages/airflow/example_dags/example_latest_only_with_trigger.py
[2024-12-14 15:54:55,863] {processor.py:651} INFO - DAG(s) dict_keys(['latest_only_with_trigger']) retrieved from /home/dev/curso/ambientevirtual/lib/python3.9/site-packages/airflow/example_dags/example_latest_only_with_trigger.py
[2024-12-14 15:54:55,888] {logging_mixin.py:115} INFO - [2024-12-14 15:54:55,888] {dag.py:2379} INFO - Sync 1 DAGs
[2024-12-14 15:54:55,913] {logging_mixin.py:115} INFO - [2024-12-14 15:54:55,912] {dag.py:2927} INFO - Setting next_dagrun for latest_only_with_trigger to 2024-12-14T14:54:55.912628+00:00, run_after=2024-12-14T18:54:55.912628+00:00
[2024-12-14 15:54:55,931] {processor.py:161} INFO - Processing /home/dev/curso/ambientevirtual/lib/python3.9/site-packages/airflow/example_dags/example_latest_only_with_trigger.py took 0.092 seconds
[2024-12-14 15:55:32,775] {processor.py:153} INFO - Started process (PID=49028) to work on /home/dev/curso/ambientevirtual/lib/python3.9/site-packages/airflow/example_dags/example_latest_only_with_trigger.py
[2024-12-14 15:55:32,776] {processor.py:641} INFO - Processing file /home/dev/curso/ambientevirtual/lib/python3.9/site-packages/airflow/example_dags/example_latest_only_with_trigger.py for tasks to queue
[2024-12-14 15:55:32,777] {logging_mixin.py:115} INFO - [2024-12-14 15:55:32,777] {dagbag.py:507} INFO - Filling up the DagBag from /home/dev/curso/ambientevirtual/lib/python3.9/site-packages/airflow/example_dags/example_latest_only_with_trigger.py
[2024-12-14 15:55:32,789] {processor.py:651} INFO - DAG(s) dict_keys(['latest_only_with_trigger']) retrieved from /home/dev/curso/ambientevirtual/lib/python3.9/site-packages/airflow/example_dags/example_latest_only_with_trigger.py
[2024-12-14 15:55:32,810] {logging_mixin.py:115} INFO - [2024-12-14 15:55:32,809] {dag.py:2379} INFO - Sync 1 DAGs
[2024-12-14 15:55:32,830] {logging_mixin.py:115} INFO - [2024-12-14 15:55:32,830] {dag.py:2927} INFO - Setting next_dagrun for latest_only_with_trigger to 2024-12-14T14:55:32.830480+00:00, run_after=2024-12-14T18:55:32.830480+00:00
[2024-12-14 15:55:32,848] {processor.py:161} INFO - Processing /home/dev/curso/ambientevirtual/lib/python3.9/site-packages/airflow/example_dags/example_latest_only_with_trigger.py took 0.080 seconds
[2024-12-14 15:56:10,574] {processor.py:153} INFO - Started process (PID=49158) to work on /home/dev/curso/ambientevirtual/lib/python3.9/site-packages/airflow/example_dags/example_latest_only_with_trigger.py
[2024-12-14 15:56:10,575] {processor.py:641} INFO - Processing file /home/dev/curso/ambientevirtual/lib/python3.9/site-packages/airflow/example_dags/example_latest_only_with_trigger.py for tasks to queue
[2024-12-14 15:56:10,578] {logging_mixin.py:115} INFO - [2024-12-14 15:56:10,578] {dagbag.py:507} INFO - Filling up the DagBag from /home/dev/curso/ambientevirtual/lib/python3.9/site-packages/airflow/example_dags/example_latest_only_with_trigger.py
[2024-12-14 15:56:10,589] {processor.py:651} INFO - DAG(s) dict_keys(['latest_only_with_trigger']) retrieved from /home/dev/curso/ambientevirtual/lib/python3.9/site-packages/airflow/example_dags/example_latest_only_with_trigger.py
[2024-12-14 15:56:10,614] {logging_mixin.py:115} INFO - [2024-12-14 15:56:10,614] {dag.py:2379} INFO - Sync 1 DAGs
[2024-12-14 15:56:10,637] {logging_mixin.py:115} INFO - [2024-12-14 15:56:10,637] {dag.py:2927} INFO - Setting next_dagrun for latest_only_with_trigger to 2024-12-14T14:56:10.637347+00:00, run_after=2024-12-14T18:56:10.637347+00:00
[2024-12-14 15:56:10,684] {processor.py:161} INFO - Processing /home/dev/curso/ambientevirtual/lib/python3.9/site-packages/airflow/example_dags/example_latest_only_with_trigger.py took 0.113 seconds
[2024-12-14 15:56:48,818] {processor.py:153} INFO - Started process (PID=49360) to work on /home/dev/curso/ambientevirtual/lib/python3.9/site-packages/airflow/example_dags/example_latest_only_with_trigger.py
[2024-12-14 15:56:48,819] {processor.py:641} INFO - Processing file /home/dev/curso/ambientevirtual/lib/python3.9/site-packages/airflow/example_dags/example_latest_only_with_trigger.py for tasks to queue
[2024-12-14 15:56:48,820] {logging_mixin.py:115} INFO - [2024-12-14 15:56:48,820] {dagbag.py:507} INFO - Filling up the DagBag from /home/dev/curso/ambientevirtual/lib/python3.9/site-packages/airflow/example_dags/example_latest_only_with_trigger.py
[2024-12-14 15:56:48,832] {processor.py:651} INFO - DAG(s) dict_keys(['latest_only_with_trigger']) retrieved from /home/dev/curso/ambientevirtual/lib/python3.9/site-packages/airflow/example_dags/example_latest_only_with_trigger.py
[2024-12-14 15:56:48,855] {logging_mixin.py:115} INFO - [2024-12-14 15:56:48,855] {dag.py:2379} INFO - Sync 1 DAGs
[2024-12-14 15:56:48,878] {logging_mixin.py:115} INFO - [2024-12-14 15:56:48,878] {dag.py:2927} INFO - Setting next_dagrun for latest_only_with_trigger to 2024-12-14T14:56:48.878380+00:00, run_after=2024-12-14T18:56:48.878380+00:00
[2024-12-14 15:56:48,902] {processor.py:161} INFO - Processing /home/dev/curso/ambientevirtual/lib/python3.9/site-packages/airflow/example_dags/example_latest_only_with_trigger.py took 0.088 seconds
[2024-12-14 15:57:25,381] {processor.py:153} INFO - Started process (PID=49489) to work on /home/dev/curso/ambientevirtual/lib/python3.9/site-packages/airflow/example_dags/example_latest_only_with_trigger.py
[2024-12-14 15:57:25,383] {processor.py:641} INFO - Processing file /home/dev/curso/ambientevirtual/lib/python3.9/site-packages/airflow/example_dags/example_latest_only_with_trigger.py for tasks to queue
[2024-12-14 15:57:25,383] {logging_mixin.py:115} INFO - [2024-12-14 15:57:25,383] {dagbag.py:507} INFO - Filling up the DagBag from /home/dev/curso/ambientevirtual/lib/python3.9/site-packages/airflow/example_dags/example_latest_only_with_trigger.py
[2024-12-14 15:57:25,392] {processor.py:651} INFO - DAG(s) dict_keys(['latest_only_with_trigger']) retrieved from /home/dev/curso/ambientevirtual/lib/python3.9/site-packages/airflow/example_dags/example_latest_only_with_trigger.py
[2024-12-14 15:57:25,417] {logging_mixin.py:115} INFO - [2024-12-14 15:57:25,417] {dag.py:2379} INFO - Sync 1 DAGs
[2024-12-14 15:57:25,446] {logging_mixin.py:115} INFO - [2024-12-14 15:57:25,446] {dag.py:2927} INFO - Setting next_dagrun for latest_only_with_trigger to 2024-12-14T14:57:25.446469+00:00, run_after=2024-12-14T18:57:25.446469+00:00
[2024-12-14 15:57:25,470] {processor.py:161} INFO - Processing /home/dev/curso/ambientevirtual/lib/python3.9/site-packages/airflow/example_dags/example_latest_only_with_trigger.py took 0.093 seconds
[2024-12-14 15:58:01,192] {processor.py:153} INFO - Started process (PID=49619) to work on /home/dev/curso/ambientevirtual/lib/python3.9/site-packages/airflow/example_dags/example_latest_only_with_trigger.py
[2024-12-14 15:58:01,193] {processor.py:641} INFO - Processing file /home/dev/curso/ambientevirtual/lib/python3.9/site-packages/airflow/example_dags/example_latest_only_with_trigger.py for tasks to queue
[2024-12-14 15:58:01,194] {logging_mixin.py:115} INFO - [2024-12-14 15:58:01,194] {dagbag.py:507} INFO - Filling up the DagBag from /home/dev/curso/ambientevirtual/lib/python3.9/site-packages/airflow/example_dags/example_latest_only_with_trigger.py
[2024-12-14 15:58:01,201] {processor.py:651} INFO - DAG(s) dict_keys(['latest_only_with_trigger']) retrieved from /home/dev/curso/ambientevirtual/lib/python3.9/site-packages/airflow/example_dags/example_latest_only_with_trigger.py
[2024-12-14 15:58:01,227] {logging_mixin.py:115} INFO - [2024-12-14 15:58:01,226] {dag.py:2379} INFO - Sync 1 DAGs
[2024-12-14 15:58:01,252] {logging_mixin.py:115} INFO - [2024-12-14 15:58:01,251] {dag.py:2927} INFO - Setting next_dagrun for latest_only_with_trigger to 2024-12-14T14:58:01.251523+00:00, run_after=2024-12-14T18:58:01.251523+00:00
[2024-12-14 15:58:01,273] {processor.py:161} INFO - Processing /home/dev/curso/ambientevirtual/lib/python3.9/site-packages/airflow/example_dags/example_latest_only_with_trigger.py took 0.085 seconds
[2024-12-14 15:58:41,678] {processor.py:153} INFO - Started process (PID=49771) to work on /home/dev/curso/ambientevirtual/lib/python3.9/site-packages/airflow/example_dags/example_latest_only_with_trigger.py
[2024-12-14 15:58:41,680] {processor.py:641} INFO - Processing file /home/dev/curso/ambientevirtual/lib/python3.9/site-packages/airflow/example_dags/example_latest_only_with_trigger.py for tasks to queue
[2024-12-14 15:58:41,681] {logging_mixin.py:115} INFO - [2024-12-14 15:58:41,680] {dagbag.py:507} INFO - Filling up the DagBag from /home/dev/curso/ambientevirtual/lib/python3.9/site-packages/airflow/example_dags/example_latest_only_with_trigger.py
[2024-12-14 15:58:41,687] {processor.py:651} INFO - DAG(s) dict_keys(['latest_only_with_trigger']) retrieved from /home/dev/curso/ambientevirtual/lib/python3.9/site-packages/airflow/example_dags/example_latest_only_with_trigger.py
[2024-12-14 15:58:41,708] {logging_mixin.py:115} INFO - [2024-12-14 15:58:41,708] {dag.py:2379} INFO - Sync 1 DAGs
[2024-12-14 15:58:41,731] {logging_mixin.py:115} INFO - [2024-12-14 15:58:41,731] {dag.py:2927} INFO - Setting next_dagrun for latest_only_with_trigger to 2024-12-14T14:58:41.731012+00:00, run_after=2024-12-14T18:58:41.731012+00:00
[2024-12-14 15:58:41,748] {processor.py:161} INFO - Processing /home/dev/curso/ambientevirtual/lib/python3.9/site-packages/airflow/example_dags/example_latest_only_with_trigger.py took 0.074 seconds
[2024-12-14 15:59:17,329] {processor.py:153} INFO - Started process (PID=49901) to work on /home/dev/curso/ambientevirtual/lib/python3.9/site-packages/airflow/example_dags/example_latest_only_with_trigger.py
[2024-12-14 15:59:17,330] {processor.py:641} INFO - Processing file /home/dev/curso/ambientevirtual/lib/python3.9/site-packages/airflow/example_dags/example_latest_only_with_trigger.py for tasks to queue
[2024-12-14 15:59:17,331] {logging_mixin.py:115} INFO - [2024-12-14 15:59:17,330] {dagbag.py:507} INFO - Filling up the DagBag from /home/dev/curso/ambientevirtual/lib/python3.9/site-packages/airflow/example_dags/example_latest_only_with_trigger.py
[2024-12-14 15:59:17,339] {processor.py:651} INFO - DAG(s) dict_keys(['latest_only_with_trigger']) retrieved from /home/dev/curso/ambientevirtual/lib/python3.9/site-packages/airflow/example_dags/example_latest_only_with_trigger.py
[2024-12-14 15:59:17,363] {logging_mixin.py:115} INFO - [2024-12-14 15:59:17,363] {dag.py:2379} INFO - Sync 1 DAGs
[2024-12-14 15:59:17,391] {logging_mixin.py:115} INFO - [2024-12-14 15:59:17,391] {dag.py:2927} INFO - Setting next_dagrun for latest_only_with_trigger to 2024-12-14T14:59:17.391310+00:00, run_after=2024-12-14T18:59:17.391310+00:00
[2024-12-14 15:59:17,411] {processor.py:161} INFO - Processing /home/dev/curso/ambientevirtual/lib/python3.9/site-packages/airflow/example_dags/example_latest_only_with_trigger.py took 0.085 seconds
[2024-12-14 15:59:58,180] {processor.py:153} INFO - Started process (PID=50053) to work on /home/dev/curso/ambientevirtual/lib/python3.9/site-packages/airflow/example_dags/example_latest_only_with_trigger.py
[2024-12-14 15:59:58,182] {processor.py:641} INFO - Processing file /home/dev/curso/ambientevirtual/lib/python3.9/site-packages/airflow/example_dags/example_latest_only_with_trigger.py for tasks to queue
[2024-12-14 15:59:58,183] {logging_mixin.py:115} INFO - [2024-12-14 15:59:58,183] {dagbag.py:507} INFO - Filling up the DagBag from /home/dev/curso/ambientevirtual/lib/python3.9/site-packages/airflow/example_dags/example_latest_only_with_trigger.py
[2024-12-14 15:59:58,195] {processor.py:651} INFO - DAG(s) dict_keys(['latest_only_with_trigger']) retrieved from /home/dev/curso/ambientevirtual/lib/python3.9/site-packages/airflow/example_dags/example_latest_only_with_trigger.py
[2024-12-14 15:59:58,216] {logging_mixin.py:115} INFO - [2024-12-14 15:59:58,216] {dag.py:2379} INFO - Sync 1 DAGs
[2024-12-14 15:59:58,236] {logging_mixin.py:115} INFO - [2024-12-14 15:59:58,236] {dag.py:2927} INFO - Setting next_dagrun for latest_only_with_trigger to 2024-12-14T14:59:58.236360+00:00, run_after=2024-12-14T18:59:58.236360+00:00
[2024-12-14 15:59:58,254] {processor.py:161} INFO - Processing /home/dev/curso/ambientevirtual/lib/python3.9/site-packages/airflow/example_dags/example_latest_only_with_trigger.py took 0.080 seconds
[2024-12-14 16:00:37,482] {processor.py:153} INFO - Started process (PID=50198) to work on /home/dev/curso/ambientevirtual/lib/python3.9/site-packages/airflow/example_dags/example_latest_only_with_trigger.py
[2024-12-14 16:00:37,483] {processor.py:641} INFO - Processing file /home/dev/curso/ambientevirtual/lib/python3.9/site-packages/airflow/example_dags/example_latest_only_with_trigger.py for tasks to queue
[2024-12-14 16:00:37,484] {logging_mixin.py:115} INFO - [2024-12-14 16:00:37,484] {dagbag.py:507} INFO - Filling up the DagBag from /home/dev/curso/ambientevirtual/lib/python3.9/site-packages/airflow/example_dags/example_latest_only_with_trigger.py
[2024-12-14 16:00:37,491] {processor.py:651} INFO - DAG(s) dict_keys(['latest_only_with_trigger']) retrieved from /home/dev/curso/ambientevirtual/lib/python3.9/site-packages/airflow/example_dags/example_latest_only_with_trigger.py
[2024-12-14 16:00:37,515] {logging_mixin.py:115} INFO - [2024-12-14 16:00:37,515] {dag.py:2379} INFO - Sync 1 DAGs
[2024-12-14 16:00:37,539] {logging_mixin.py:115} INFO - [2024-12-14 16:00:37,539] {dag.py:2927} INFO - Setting next_dagrun for latest_only_with_trigger to 2024-12-14T15:00:37.539174+00:00, run_after=2024-12-14T19:00:37.539174+00:00
[2024-12-14 16:00:37,559] {processor.py:161} INFO - Processing /home/dev/curso/ambientevirtual/lib/python3.9/site-packages/airflow/example_dags/example_latest_only_with_trigger.py took 0.081 seconds
[2024-12-14 16:01:14,865] {processor.py:153} INFO - Started process (PID=50506) to work on /home/dev/curso/ambientevirtual/lib/python3.9/site-packages/airflow/example_dags/example_latest_only_with_trigger.py
[2024-12-14 16:01:14,866] {processor.py:641} INFO - Processing file /home/dev/curso/ambientevirtual/lib/python3.9/site-packages/airflow/example_dags/example_latest_only_with_trigger.py for tasks to queue
[2024-12-14 16:01:14,867] {logging_mixin.py:115} INFO - [2024-12-14 16:01:14,867] {dagbag.py:507} INFO - Filling up the DagBag from /home/dev/curso/ambientevirtual/lib/python3.9/site-packages/airflow/example_dags/example_latest_only_with_trigger.py
[2024-12-14 16:01:14,876] {processor.py:651} INFO - DAG(s) dict_keys(['latest_only_with_trigger']) retrieved from /home/dev/curso/ambientevirtual/lib/python3.9/site-packages/airflow/example_dags/example_latest_only_with_trigger.py
[2024-12-14 16:01:14,903] {logging_mixin.py:115} INFO - [2024-12-14 16:01:14,903] {dag.py:2379} INFO - Sync 1 DAGs
[2024-12-14 16:01:14,925] {logging_mixin.py:115} INFO - [2024-12-14 16:01:14,925] {dag.py:2927} INFO - Setting next_dagrun for latest_only_with_trigger to 2024-12-14T15:01:14.925322+00:00, run_after=2024-12-14T19:01:14.925322+00:00
[2024-12-14 16:01:14,943] {processor.py:161} INFO - Processing /home/dev/curso/ambientevirtual/lib/python3.9/site-packages/airflow/example_dags/example_latest_only_with_trigger.py took 0.083 seconds
[2024-12-14 16:01:53,565] {processor.py:153} INFO - Started process (PID=50640) to work on /home/dev/curso/ambientevirtual/lib/python3.9/site-packages/airflow/example_dags/example_latest_only_with_trigger.py
[2024-12-14 16:01:53,566] {processor.py:641} INFO - Processing file /home/dev/curso/ambientevirtual/lib/python3.9/site-packages/airflow/example_dags/example_latest_only_with_trigger.py for tasks to queue
[2024-12-14 16:01:53,567] {logging_mixin.py:115} INFO - [2024-12-14 16:01:53,567] {dagbag.py:507} INFO - Filling up the DagBag from /home/dev/curso/ambientevirtual/lib/python3.9/site-packages/airflow/example_dags/example_latest_only_with_trigger.py
[2024-12-14 16:01:53,575] {processor.py:651} INFO - DAG(s) dict_keys(['latest_only_with_trigger']) retrieved from /home/dev/curso/ambientevirtual/lib/python3.9/site-packages/airflow/example_dags/example_latest_only_with_trigger.py
[2024-12-14 16:01:53,595] {logging_mixin.py:115} INFO - [2024-12-14 16:01:53,595] {dag.py:2379} INFO - Sync 1 DAGs
[2024-12-14 16:01:53,617] {logging_mixin.py:115} INFO - [2024-12-14 16:01:53,616] {dag.py:2927} INFO - Setting next_dagrun for latest_only_with_trigger to 2024-12-14T15:01:53.616530+00:00, run_after=2024-12-14T19:01:53.616530+00:00
[2024-12-14 16:01:53,636] {processor.py:161} INFO - Processing /home/dev/curso/ambientevirtual/lib/python3.9/site-packages/airflow/example_dags/example_latest_only_with_trigger.py took 0.075 seconds
[2024-12-14 16:02:33,265] {processor.py:153} INFO - Started process (PID=50844) to work on /home/dev/curso/ambientevirtual/lib/python3.9/site-packages/airflow/example_dags/example_latest_only_with_trigger.py
[2024-12-14 16:02:33,267] {processor.py:641} INFO - Processing file /home/dev/curso/ambientevirtual/lib/python3.9/site-packages/airflow/example_dags/example_latest_only_with_trigger.py for tasks to queue
[2024-12-14 16:02:33,268] {logging_mixin.py:115} INFO - [2024-12-14 16:02:33,268] {dagbag.py:507} INFO - Filling up the DagBag from /home/dev/curso/ambientevirtual/lib/python3.9/site-packages/airflow/example_dags/example_latest_only_with_trigger.py
[2024-12-14 16:02:33,276] {processor.py:651} INFO - DAG(s) dict_keys(['latest_only_with_trigger']) retrieved from /home/dev/curso/ambientevirtual/lib/python3.9/site-packages/airflow/example_dags/example_latest_only_with_trigger.py
[2024-12-14 16:02:33,297] {logging_mixin.py:115} INFO - [2024-12-14 16:02:33,297] {dag.py:2379} INFO - Sync 1 DAGs
[2024-12-14 16:02:33,318] {logging_mixin.py:115} INFO - [2024-12-14 16:02:33,318] {dag.py:2927} INFO - Setting next_dagrun for latest_only_with_trigger to 2024-12-14T15:02:33.317869+00:00, run_after=2024-12-14T19:02:33.317869+00:00
[2024-12-14 16:02:33,335] {processor.py:161} INFO - Processing /home/dev/curso/ambientevirtual/lib/python3.9/site-packages/airflow/example_dags/example_latest_only_with_trigger.py took 0.076 seconds
[2024-12-14 16:03:11,224] {processor.py:153} INFO - Started process (PID=50983) to work on /home/dev/curso/ambientevirtual/lib/python3.9/site-packages/airflow/example_dags/example_latest_only_with_trigger.py
[2024-12-14 16:03:11,226] {processor.py:641} INFO - Processing file /home/dev/curso/ambientevirtual/lib/python3.9/site-packages/airflow/example_dags/example_latest_only_with_trigger.py for tasks to queue
[2024-12-14 16:03:11,227] {logging_mixin.py:115} INFO - [2024-12-14 16:03:11,227] {dagbag.py:507} INFO - Filling up the DagBag from /home/dev/curso/ambientevirtual/lib/python3.9/site-packages/airflow/example_dags/example_latest_only_with_trigger.py
[2024-12-14 16:03:11,234] {processor.py:651} INFO - DAG(s) dict_keys(['latest_only_with_trigger']) retrieved from /home/dev/curso/ambientevirtual/lib/python3.9/site-packages/airflow/example_dags/example_latest_only_with_trigger.py
[2024-12-14 16:03:11,260] {logging_mixin.py:115} INFO - [2024-12-14 16:03:11,260] {dag.py:2379} INFO - Sync 1 DAGs
[2024-12-14 16:03:11,285] {logging_mixin.py:115} INFO - [2024-12-14 16:03:11,285] {dag.py:2927} INFO - Setting next_dagrun for latest_only_with_trigger to 2024-12-14T15:03:11.285062+00:00, run_after=2024-12-14T19:03:11.285062+00:00
[2024-12-14 16:03:11,305] {processor.py:161} INFO - Processing /home/dev/curso/ambientevirtual/lib/python3.9/site-packages/airflow/example_dags/example_latest_only_with_trigger.py took 0.088 seconds
[2024-12-14 16:03:45,857] {processor.py:153} INFO - Started process (PID=51112) to work on /home/dev/curso/ambientevirtual/lib/python3.9/site-packages/airflow/example_dags/example_latest_only_with_trigger.py
[2024-12-14 16:03:45,859] {processor.py:641} INFO - Processing file /home/dev/curso/ambientevirtual/lib/python3.9/site-packages/airflow/example_dags/example_latest_only_with_trigger.py for tasks to queue
[2024-12-14 16:03:45,860] {logging_mixin.py:115} INFO - [2024-12-14 16:03:45,860] {dagbag.py:507} INFO - Filling up the DagBag from /home/dev/curso/ambientevirtual/lib/python3.9/site-packages/airflow/example_dags/example_latest_only_with_trigger.py
[2024-12-14 16:03:45,872] {processor.py:651} INFO - DAG(s) dict_keys(['latest_only_with_trigger']) retrieved from /home/dev/curso/ambientevirtual/lib/python3.9/site-packages/airflow/example_dags/example_latest_only_with_trigger.py
[2024-12-14 16:03:45,893] {logging_mixin.py:115} INFO - [2024-12-14 16:03:45,893] {dag.py:2379} INFO - Sync 1 DAGs
[2024-12-14 16:03:45,914] {logging_mixin.py:115} INFO - [2024-12-14 16:03:45,914] {dag.py:2927} INFO - Setting next_dagrun for latest_only_with_trigger to 2024-12-14T15:03:45.914399+00:00, run_after=2024-12-14T19:03:45.914399+00:00
[2024-12-14 16:03:45,931] {processor.py:161} INFO - Processing /home/dev/curso/ambientevirtual/lib/python3.9/site-packages/airflow/example_dags/example_latest_only_with_trigger.py took 0.080 seconds
[2024-12-14 16:04:21,144] {processor.py:153} INFO - Started process (PID=51241) to work on /home/dev/curso/ambientevirtual/lib/python3.9/site-packages/airflow/example_dags/example_latest_only_with_trigger.py
[2024-12-14 16:04:21,145] {processor.py:641} INFO - Processing file /home/dev/curso/ambientevirtual/lib/python3.9/site-packages/airflow/example_dags/example_latest_only_with_trigger.py for tasks to queue
[2024-12-14 16:04:21,146] {logging_mixin.py:115} INFO - [2024-12-14 16:04:21,145] {dagbag.py:507} INFO - Filling up the DagBag from /home/dev/curso/ambientevirtual/lib/python3.9/site-packages/airflow/example_dags/example_latest_only_with_trigger.py
[2024-12-14 16:04:21,157] {processor.py:651} INFO - DAG(s) dict_keys(['latest_only_with_trigger']) retrieved from /home/dev/curso/ambientevirtual/lib/python3.9/site-packages/airflow/example_dags/example_latest_only_with_trigger.py
[2024-12-14 16:04:21,178] {logging_mixin.py:115} INFO - [2024-12-14 16:04:21,177] {dag.py:2379} INFO - Sync 1 DAGs
[2024-12-14 16:04:21,199] {logging_mixin.py:115} INFO - [2024-12-14 16:04:21,199] {dag.py:2927} INFO - Setting next_dagrun for latest_only_with_trigger to 2024-12-14T15:04:21.199389+00:00, run_after=2024-12-14T19:04:21.199389+00:00
[2024-12-14 16:04:21,218] {processor.py:161} INFO - Processing /home/dev/curso/ambientevirtual/lib/python3.9/site-packages/airflow/example_dags/example_latest_only_with_trigger.py took 0.081 seconds
[2024-12-14 16:04:58,623] {processor.py:153} INFO - Started process (PID=51378) to work on /home/dev/curso/ambientevirtual/lib/python3.9/site-packages/airflow/example_dags/example_latest_only_with_trigger.py
[2024-12-14 16:04:58,625] {processor.py:641} INFO - Processing file /home/dev/curso/ambientevirtual/lib/python3.9/site-packages/airflow/example_dags/example_latest_only_with_trigger.py for tasks to queue
[2024-12-14 16:04:58,625] {logging_mixin.py:115} INFO - [2024-12-14 16:04:58,625] {dagbag.py:507} INFO - Filling up the DagBag from /home/dev/curso/ambientevirtual/lib/python3.9/site-packages/airflow/example_dags/example_latest_only_with_trigger.py
[2024-12-14 16:04:58,632] {processor.py:651} INFO - DAG(s) dict_keys(['latest_only_with_trigger']) retrieved from /home/dev/curso/ambientevirtual/lib/python3.9/site-packages/airflow/example_dags/example_latest_only_with_trigger.py
[2024-12-14 16:04:58,653] {logging_mixin.py:115} INFO - [2024-12-14 16:04:58,653] {dag.py:2379} INFO - Sync 1 DAGs
[2024-12-14 16:04:58,674] {logging_mixin.py:115} INFO - [2024-12-14 16:04:58,674] {dag.py:2927} INFO - Setting next_dagrun for latest_only_with_trigger to 2024-12-14T15:04:58.674234+00:00, run_after=2024-12-14T19:04:58.674234+00:00
[2024-12-14 16:04:58,692] {processor.py:161} INFO - Processing /home/dev/curso/ambientevirtual/lib/python3.9/site-packages/airflow/example_dags/example_latest_only_with_trigger.py took 0.073 seconds
[2024-12-14 16:05:34,255] {processor.py:153} INFO - Started process (PID=51508) to work on /home/dev/curso/ambientevirtual/lib/python3.9/site-packages/airflow/example_dags/example_latest_only_with_trigger.py
[2024-12-14 16:05:34,257] {processor.py:641} INFO - Processing file /home/dev/curso/ambientevirtual/lib/python3.9/site-packages/airflow/example_dags/example_latest_only_with_trigger.py for tasks to queue
[2024-12-14 16:05:34,258] {logging_mixin.py:115} INFO - [2024-12-14 16:05:34,258] {dagbag.py:507} INFO - Filling up the DagBag from /home/dev/curso/ambientevirtual/lib/python3.9/site-packages/airflow/example_dags/example_latest_only_with_trigger.py
[2024-12-14 16:05:34,268] {processor.py:651} INFO - DAG(s) dict_keys(['latest_only_with_trigger']) retrieved from /home/dev/curso/ambientevirtual/lib/python3.9/site-packages/airflow/example_dags/example_latest_only_with_trigger.py
[2024-12-14 16:05:34,289] {logging_mixin.py:115} INFO - [2024-12-14 16:05:34,289] {dag.py:2379} INFO - Sync 1 DAGs
[2024-12-14 16:05:34,312] {logging_mixin.py:115} INFO - [2024-12-14 16:05:34,312] {dag.py:2927} INFO - Setting next_dagrun for latest_only_with_trigger to 2024-12-14T15:05:34.311795+00:00, run_after=2024-12-14T19:05:34.311795+00:00
[2024-12-14 16:05:34,330] {processor.py:161} INFO - Processing /home/dev/curso/ambientevirtual/lib/python3.9/site-packages/airflow/example_dags/example_latest_only_with_trigger.py took 0.081 seconds
[2024-12-14 16:06:13,802] {processor.py:153} INFO - Started process (PID=51653) to work on /home/dev/curso/ambientevirtual/lib/python3.9/site-packages/airflow/example_dags/example_latest_only_with_trigger.py
[2024-12-14 16:06:13,804] {processor.py:641} INFO - Processing file /home/dev/curso/ambientevirtual/lib/python3.9/site-packages/airflow/example_dags/example_latest_only_with_trigger.py for tasks to queue
[2024-12-14 16:06:13,804] {logging_mixin.py:115} INFO - [2024-12-14 16:06:13,804] {dagbag.py:507} INFO - Filling up the DagBag from /home/dev/curso/ambientevirtual/lib/python3.9/site-packages/airflow/example_dags/example_latest_only_with_trigger.py
[2024-12-14 16:06:13,814] {processor.py:651} INFO - DAG(s) dict_keys(['latest_only_with_trigger']) retrieved from /home/dev/curso/ambientevirtual/lib/python3.9/site-packages/airflow/example_dags/example_latest_only_with_trigger.py
[2024-12-14 16:06:13,838] {logging_mixin.py:115} INFO - [2024-12-14 16:06:13,838] {dag.py:2379} INFO - Sync 1 DAGs
[2024-12-14 16:06:13,863] {logging_mixin.py:115} INFO - [2024-12-14 16:06:13,863] {dag.py:2927} INFO - Setting next_dagrun for latest_only_with_trigger to 2024-12-14T15:06:13.861366+00:00, run_after=2024-12-14T19:06:13.861366+00:00
[2024-12-14 16:06:13,887] {processor.py:161} INFO - Processing /home/dev/curso/ambientevirtual/lib/python3.9/site-packages/airflow/example_dags/example_latest_only_with_trigger.py took 0.093 seconds
[2024-12-14 16:06:51,842] {processor.py:153} INFO - Started process (PID=51850) to work on /home/dev/curso/ambientevirtual/lib/python3.9/site-packages/airflow/example_dags/example_latest_only_with_trigger.py
[2024-12-14 16:06:51,844] {processor.py:641} INFO - Processing file /home/dev/curso/ambientevirtual/lib/python3.9/site-packages/airflow/example_dags/example_latest_only_with_trigger.py for tasks to queue
[2024-12-14 16:06:51,845] {logging_mixin.py:115} INFO - [2024-12-14 16:06:51,845] {dagbag.py:507} INFO - Filling up the DagBag from /home/dev/curso/ambientevirtual/lib/python3.9/site-packages/airflow/example_dags/example_latest_only_with_trigger.py
[2024-12-14 16:06:51,854] {processor.py:651} INFO - DAG(s) dict_keys(['latest_only_with_trigger']) retrieved from /home/dev/curso/ambientevirtual/lib/python3.9/site-packages/airflow/example_dags/example_latest_only_with_trigger.py
[2024-12-14 16:06:51,874] {logging_mixin.py:115} INFO - [2024-12-14 16:06:51,874] {dag.py:2379} INFO - Sync 1 DAGs
[2024-12-14 16:06:51,894] {logging_mixin.py:115} INFO - [2024-12-14 16:06:51,894] {dag.py:2927} INFO - Setting next_dagrun for latest_only_with_trigger to 2024-12-14T15:06:51.894555+00:00, run_after=2024-12-14T19:06:51.894555+00:00
[2024-12-14 16:06:51,912] {processor.py:161} INFO - Processing /home/dev/curso/ambientevirtual/lib/python3.9/site-packages/airflow/example_dags/example_latest_only_with_trigger.py took 0.076 seconds
[2024-12-14 16:07:32,742] {processor.py:153} INFO - Started process (PID=52061) to work on /home/dev/curso/ambientevirtual/lib/python3.9/site-packages/airflow/example_dags/example_latest_only_with_trigger.py
[2024-12-14 16:07:32,744] {processor.py:641} INFO - Processing file /home/dev/curso/ambientevirtual/lib/python3.9/site-packages/airflow/example_dags/example_latest_only_with_trigger.py for tasks to queue
[2024-12-14 16:07:32,745] {logging_mixin.py:115} INFO - [2024-12-14 16:07:32,744] {dagbag.py:507} INFO - Filling up the DagBag from /home/dev/curso/ambientevirtual/lib/python3.9/site-packages/airflow/example_dags/example_latest_only_with_trigger.py
[2024-12-14 16:07:32,757] {processor.py:651} INFO - DAG(s) dict_keys(['latest_only_with_trigger']) retrieved from /home/dev/curso/ambientevirtual/lib/python3.9/site-packages/airflow/example_dags/example_latest_only_with_trigger.py
[2024-12-14 16:07:32,788] {logging_mixin.py:115} INFO - [2024-12-14 16:07:32,788] {dag.py:2379} INFO - Sync 1 DAGs
[2024-12-14 16:07:32,819] {logging_mixin.py:115} INFO - [2024-12-14 16:07:32,818] {dag.py:2927} INFO - Setting next_dagrun for latest_only_with_trigger to 2024-12-14T15:07:32.818563+00:00, run_after=2024-12-14T19:07:32.818563+00:00
[2024-12-14 16:07:32,837] {processor.py:161} INFO - Processing /home/dev/curso/ambientevirtual/lib/python3.9/site-packages/airflow/example_dags/example_latest_only_with_trigger.py took 0.101 seconds
[2024-12-14 16:08:11,268] {processor.py:153} INFO - Started process (PID=52192) to work on /home/dev/curso/ambientevirtual/lib/python3.9/site-packages/airflow/example_dags/example_latest_only_with_trigger.py
[2024-12-14 16:08:11,270] {processor.py:641} INFO - Processing file /home/dev/curso/ambientevirtual/lib/python3.9/site-packages/airflow/example_dags/example_latest_only_with_trigger.py for tasks to queue
[2024-12-14 16:08:11,270] {logging_mixin.py:115} INFO - [2024-12-14 16:08:11,270] {dagbag.py:507} INFO - Filling up the DagBag from /home/dev/curso/ambientevirtual/lib/python3.9/site-packages/airflow/example_dags/example_latest_only_with_trigger.py
[2024-12-14 16:08:11,280] {processor.py:651} INFO - DAG(s) dict_keys(['latest_only_with_trigger']) retrieved from /home/dev/curso/ambientevirtual/lib/python3.9/site-packages/airflow/example_dags/example_latest_only_with_trigger.py
[2024-12-14 16:08:11,304] {logging_mixin.py:115} INFO - [2024-12-14 16:08:11,304] {dag.py:2379} INFO - Sync 1 DAGs
[2024-12-14 16:08:11,334] {logging_mixin.py:115} INFO - [2024-12-14 16:08:11,334] {dag.py:2927} INFO - Setting next_dagrun for latest_only_with_trigger to 2024-12-14T15:08:11.334420+00:00, run_after=2024-12-14T19:08:11.334420+00:00
[2024-12-14 16:08:11,352] {processor.py:161} INFO - Processing /home/dev/curso/ambientevirtual/lib/python3.9/site-packages/airflow/example_dags/example_latest_only_with_trigger.py took 0.088 seconds
[2024-12-14 16:08:51,676] {processor.py:153} INFO - Started process (PID=52574) to work on /home/dev/curso/ambientevirtual/lib/python3.9/site-packages/airflow/example_dags/example_latest_only_with_trigger.py
[2024-12-14 16:08:51,677] {processor.py:641} INFO - Processing file /home/dev/curso/ambientevirtual/lib/python3.9/site-packages/airflow/example_dags/example_latest_only_with_trigger.py for tasks to queue
[2024-12-14 16:08:51,678] {logging_mixin.py:115} INFO - [2024-12-14 16:08:51,677] {dagbag.py:507} INFO - Filling up the DagBag from /home/dev/curso/ambientevirtual/lib/python3.9/site-packages/airflow/example_dags/example_latest_only_with_trigger.py
[2024-12-14 16:08:51,685] {processor.py:651} INFO - DAG(s) dict_keys(['latest_only_with_trigger']) retrieved from /home/dev/curso/ambientevirtual/lib/python3.9/site-packages/airflow/example_dags/example_latest_only_with_trigger.py
[2024-12-14 16:08:51,709] {logging_mixin.py:115} INFO - [2024-12-14 16:08:51,709] {dag.py:2379} INFO - Sync 1 DAGs
[2024-12-14 16:08:51,734] {logging_mixin.py:115} INFO - [2024-12-14 16:08:51,734] {dag.py:2927} INFO - Setting next_dagrun for latest_only_with_trigger to 2024-12-14T15:08:51.733578+00:00, run_after=2024-12-14T19:08:51.733578+00:00
[2024-12-14 16:08:51,752] {processor.py:161} INFO - Processing /home/dev/curso/ambientevirtual/lib/python3.9/site-packages/airflow/example_dags/example_latest_only_with_trigger.py took 0.081 seconds
[2024-12-14 16:09:32,520] {processor.py:153} INFO - Started process (PID=52722) to work on /home/dev/curso/ambientevirtual/lib/python3.9/site-packages/airflow/example_dags/example_latest_only_with_trigger.py
[2024-12-14 16:09:32,522] {processor.py:641} INFO - Processing file /home/dev/curso/ambientevirtual/lib/python3.9/site-packages/airflow/example_dags/example_latest_only_with_trigger.py for tasks to queue
[2024-12-14 16:09:32,523] {logging_mixin.py:115} INFO - [2024-12-14 16:09:32,523] {dagbag.py:507} INFO - Filling up the DagBag from /home/dev/curso/ambientevirtual/lib/python3.9/site-packages/airflow/example_dags/example_latest_only_with_trigger.py
[2024-12-14 16:09:32,535] {processor.py:651} INFO - DAG(s) dict_keys(['latest_only_with_trigger']) retrieved from /home/dev/curso/ambientevirtual/lib/python3.9/site-packages/airflow/example_dags/example_latest_only_with_trigger.py
[2024-12-14 16:09:32,566] {logging_mixin.py:115} INFO - [2024-12-14 16:09:32,566] {dag.py:2379} INFO - Sync 1 DAGs
[2024-12-14 16:09:32,587] {logging_mixin.py:115} INFO - [2024-12-14 16:09:32,587] {dag.py:2927} INFO - Setting next_dagrun for latest_only_with_trigger to 2024-12-14T15:09:32.587009+00:00, run_after=2024-12-14T19:09:32.587009+00:00
[2024-12-14 16:09:32,603] {processor.py:161} INFO - Processing /home/dev/curso/ambientevirtual/lib/python3.9/site-packages/airflow/example_dags/example_latest_only_with_trigger.py took 0.091 seconds
[2024-12-14 16:10:07,204] {processor.py:153} INFO - Started process (PID=52852) to work on /home/dev/curso/ambientevirtual/lib/python3.9/site-packages/airflow/example_dags/example_latest_only_with_trigger.py
[2024-12-14 16:10:07,206] {processor.py:641} INFO - Processing file /home/dev/curso/ambientevirtual/lib/python3.9/site-packages/airflow/example_dags/example_latest_only_with_trigger.py for tasks to queue
[2024-12-14 16:10:07,207] {logging_mixin.py:115} INFO - [2024-12-14 16:10:07,206] {dagbag.py:507} INFO - Filling up the DagBag from /home/dev/curso/ambientevirtual/lib/python3.9/site-packages/airflow/example_dags/example_latest_only_with_trigger.py
[2024-12-14 16:10:07,215] {processor.py:651} INFO - DAG(s) dict_keys(['latest_only_with_trigger']) retrieved from /home/dev/curso/ambientevirtual/lib/python3.9/site-packages/airflow/example_dags/example_latest_only_with_trigger.py
[2024-12-14 16:10:07,236] {logging_mixin.py:115} INFO - [2024-12-14 16:10:07,236] {dag.py:2379} INFO - Sync 1 DAGs
[2024-12-14 16:10:07,257] {logging_mixin.py:115} INFO - [2024-12-14 16:10:07,257] {dag.py:2927} INFO - Setting next_dagrun for latest_only_with_trigger to 2024-12-14T15:10:07.257192+00:00, run_after=2024-12-14T19:10:07.257192+00:00
[2024-12-14 16:10:07,274] {processor.py:161} INFO - Processing /home/dev/curso/ambientevirtual/lib/python3.9/site-packages/airflow/example_dags/example_latest_only_with_trigger.py took 0.077 seconds
[2024-12-14 16:10:46,629] {processor.py:153} INFO - Started process (PID=53112) to work on /home/dev/curso/ambientevirtual/lib/python3.9/site-packages/airflow/example_dags/example_latest_only_with_trigger.py
[2024-12-14 16:10:46,630] {processor.py:641} INFO - Processing file /home/dev/curso/ambientevirtual/lib/python3.9/site-packages/airflow/example_dags/example_latest_only_with_trigger.py for tasks to queue
[2024-12-14 16:10:46,631] {logging_mixin.py:115} INFO - [2024-12-14 16:10:46,631] {dagbag.py:507} INFO - Filling up the DagBag from /home/dev/curso/ambientevirtual/lib/python3.9/site-packages/airflow/example_dags/example_latest_only_with_trigger.py
[2024-12-14 16:10:46,638] {processor.py:651} INFO - DAG(s) dict_keys(['latest_only_with_trigger']) retrieved from /home/dev/curso/ambientevirtual/lib/python3.9/site-packages/airflow/example_dags/example_latest_only_with_trigger.py
[2024-12-14 16:10:46,657] {logging_mixin.py:115} INFO - [2024-12-14 16:10:46,657] {dag.py:2379} INFO - Sync 1 DAGs
[2024-12-14 16:10:46,676] {logging_mixin.py:115} INFO - [2024-12-14 16:10:46,676] {dag.py:2927} INFO - Setting next_dagrun for latest_only_with_trigger to 2024-12-14T15:10:46.676375+00:00, run_after=2024-12-14T19:10:46.676375+00:00
[2024-12-14 16:10:46,693] {processor.py:161} INFO - Processing /home/dev/curso/ambientevirtual/lib/python3.9/site-packages/airflow/example_dags/example_latest_only_with_trigger.py took 0.068 seconds
[2024-12-14 16:11:20,653] {processor.py:153} INFO - Started process (PID=53235) to work on /home/dev/curso/ambientevirtual/lib/python3.9/site-packages/airflow/example_dags/example_latest_only_with_trigger.py
[2024-12-14 16:11:20,655] {processor.py:641} INFO - Processing file /home/dev/curso/ambientevirtual/lib/python3.9/site-packages/airflow/example_dags/example_latest_only_with_trigger.py for tasks to queue
[2024-12-14 16:11:20,656] {logging_mixin.py:115} INFO - [2024-12-14 16:11:20,656] {dagbag.py:507} INFO - Filling up the DagBag from /home/dev/curso/ambientevirtual/lib/python3.9/site-packages/airflow/example_dags/example_latest_only_with_trigger.py
[2024-12-14 16:11:20,667] {processor.py:651} INFO - DAG(s) dict_keys(['latest_only_with_trigger']) retrieved from /home/dev/curso/ambientevirtual/lib/python3.9/site-packages/airflow/example_dags/example_latest_only_with_trigger.py
[2024-12-14 16:11:20,686] {logging_mixin.py:115} INFO - [2024-12-14 16:11:20,686] {dag.py:2379} INFO - Sync 1 DAGs
[2024-12-14 16:11:20,706] {logging_mixin.py:115} INFO - [2024-12-14 16:11:20,706] {dag.py:2927} INFO - Setting next_dagrun for latest_only_with_trigger to 2024-12-14T15:11:20.705834+00:00, run_after=2024-12-14T19:11:20.705834+00:00
[2024-12-14 16:11:20,723] {processor.py:161} INFO - Processing /home/dev/curso/ambientevirtual/lib/python3.9/site-packages/airflow/example_dags/example_latest_only_with_trigger.py took 0.075 seconds
