[2024-12-14 15:51:45,542] {processor.py:153} INFO - Started process (PID=48023) to work on /home/dev/curso/ambientevirtual/lib/python3.9/site-packages/airflow/example_dags/example_latest_only.py
[2024-12-14 15:51:45,543] {processor.py:641} INFO - Processing file /home/dev/curso/ambientevirtual/lib/python3.9/site-packages/airflow/example_dags/example_latest_only.py for tasks to queue
[2024-12-14 15:51:45,544] {logging_mixin.py:115} INFO - [2024-12-14 15:51:45,544] {dagbag.py:507} INFO - Filling up the DagBag from /home/dev/curso/ambientevirtual/lib/python3.9/site-packages/airflow/example_dags/example_latest_only.py
[2024-12-14 15:51:45,556] {processor.py:651} INFO - DAG(s) dict_keys(['latest_only']) retrieved from /home/dev/curso/ambientevirtual/lib/python3.9/site-packages/airflow/example_dags/example_latest_only.py
[2024-12-14 15:51:45,633] {logging_mixin.py:115} INFO - [2024-12-14 15:51:45,633] {manager.py:508} INFO - Created Permission View: can delete on DAG:latest_only
[2024-12-14 15:51:45,647] {logging_mixin.py:115} INFO - [2024-12-14 15:51:45,647] {manager.py:508} INFO - Created Permission View: can edit on DAG:latest_only
[2024-12-14 15:51:45,658] {logging_mixin.py:115} INFO - [2024-12-14 15:51:45,658] {manager.py:508} INFO - Created Permission View: can read on DAG:latest_only
[2024-12-14 15:51:45,658] {logging_mixin.py:115} INFO - [2024-12-14 15:51:45,658] {dag.py:2379} INFO - Sync 1 DAGs
[2024-12-14 15:51:45,666] {logging_mixin.py:115} INFO - [2024-12-14 15:51:45,666] {dag.py:2398} INFO - Creating ORM DAG for latest_only
[2024-12-14 15:51:45,676] {logging_mixin.py:115} INFO - [2024-12-14 15:51:45,676] {dag.py:2927} INFO - Setting next_dagrun for latest_only to 2024-12-14T14:51:45.676328+00:00, run_after=2024-12-14T18:51:45.676328+00:00
[2024-12-14 15:51:45,698] {processor.py:161} INFO - Processing /home/dev/curso/ambientevirtual/lib/python3.9/site-packages/airflow/example_dags/example_latest_only.py took 0.163 seconds
[2024-12-14 15:52:23,524] {processor.py:153} INFO - Started process (PID=48332) to work on /home/dev/curso/ambientevirtual/lib/python3.9/site-packages/airflow/example_dags/example_latest_only.py
[2024-12-14 15:52:23,526] {processor.py:641} INFO - Processing file /home/dev/curso/ambientevirtual/lib/python3.9/site-packages/airflow/example_dags/example_latest_only.py for tasks to queue
[2024-12-14 15:52:23,527] {logging_mixin.py:115} INFO - [2024-12-14 15:52:23,527] {dagbag.py:507} INFO - Filling up the DagBag from /home/dev/curso/ambientevirtual/lib/python3.9/site-packages/airflow/example_dags/example_latest_only.py
[2024-12-14 15:52:23,536] {processor.py:651} INFO - DAG(s) dict_keys(['latest_only']) retrieved from /home/dev/curso/ambientevirtual/lib/python3.9/site-packages/airflow/example_dags/example_latest_only.py
[2024-12-14 15:52:23,559] {logging_mixin.py:115} INFO - [2024-12-14 15:52:23,559] {dag.py:2379} INFO - Sync 1 DAGs
[2024-12-14 15:52:23,580] {logging_mixin.py:115} INFO - [2024-12-14 15:52:23,580] {dag.py:2927} INFO - Setting next_dagrun for latest_only to 2024-12-14T14:52:23.579813+00:00, run_after=2024-12-14T18:52:23.579813+00:00
[2024-12-14 15:52:23,596] {processor.py:161} INFO - Processing /home/dev/curso/ambientevirtual/lib/python3.9/site-packages/airflow/example_dags/example_latest_only.py took 0.079 seconds
[2024-12-14 15:52:59,427] {processor.py:153} INFO - Started process (PID=48462) to work on /home/dev/curso/ambientevirtual/lib/python3.9/site-packages/airflow/example_dags/example_latest_only.py
[2024-12-14 15:52:59,429] {processor.py:641} INFO - Processing file /home/dev/curso/ambientevirtual/lib/python3.9/site-packages/airflow/example_dags/example_latest_only.py for tasks to queue
[2024-12-14 15:52:59,430] {logging_mixin.py:115} INFO - [2024-12-14 15:52:59,430] {dagbag.py:507} INFO - Filling up the DagBag from /home/dev/curso/ambientevirtual/lib/python3.9/site-packages/airflow/example_dags/example_latest_only.py
[2024-12-14 15:52:59,439] {processor.py:651} INFO - DAG(s) dict_keys(['latest_only']) retrieved from /home/dev/curso/ambientevirtual/lib/python3.9/site-packages/airflow/example_dags/example_latest_only.py
[2024-12-14 15:52:59,457] {logging_mixin.py:115} INFO - [2024-12-14 15:52:59,457] {dag.py:2379} INFO - Sync 1 DAGs
[2024-12-14 15:52:59,476] {logging_mixin.py:115} INFO - [2024-12-14 15:52:59,476] {dag.py:2927} INFO - Setting next_dagrun for latest_only to 2024-12-14T14:52:59.476091+00:00, run_after=2024-12-14T18:52:59.476091+00:00
[2024-12-14 15:52:59,491] {processor.py:161} INFO - Processing /home/dev/curso/ambientevirtual/lib/python3.9/site-packages/airflow/example_dags/example_latest_only.py took 0.070 seconds
[2024-12-14 15:53:34,901] {processor.py:153} INFO - Started process (PID=48592) to work on /home/dev/curso/ambientevirtual/lib/python3.9/site-packages/airflow/example_dags/example_latest_only.py
[2024-12-14 15:53:34,902] {processor.py:641} INFO - Processing file /home/dev/curso/ambientevirtual/lib/python3.9/site-packages/airflow/example_dags/example_latest_only.py for tasks to queue
[2024-12-14 15:53:34,903] {logging_mixin.py:115} INFO - [2024-12-14 15:53:34,903] {dagbag.py:507} INFO - Filling up the DagBag from /home/dev/curso/ambientevirtual/lib/python3.9/site-packages/airflow/example_dags/example_latest_only.py
[2024-12-14 15:53:34,914] {processor.py:651} INFO - DAG(s) dict_keys(['latest_only']) retrieved from /home/dev/curso/ambientevirtual/lib/python3.9/site-packages/airflow/example_dags/example_latest_only.py
[2024-12-14 15:53:34,934] {logging_mixin.py:115} INFO - [2024-12-14 15:53:34,934] {dag.py:2379} INFO - Sync 1 DAGs
[2024-12-14 15:53:34,952] {logging_mixin.py:115} INFO - [2024-12-14 15:53:34,952] {dag.py:2927} INFO - Setting next_dagrun for latest_only to 2024-12-14T14:53:34.952101+00:00, run_after=2024-12-14T18:53:34.952101+00:00
[2024-12-14 15:53:34,968] {processor.py:161} INFO - Processing /home/dev/curso/ambientevirtual/lib/python3.9/site-packages/airflow/example_dags/example_latest_only.py took 0.073 seconds
[2024-12-14 15:54:11,154] {processor.py:153} INFO - Started process (PID=48728) to work on /home/dev/curso/ambientevirtual/lib/python3.9/site-packages/airflow/example_dags/example_latest_only.py
[2024-12-14 15:54:11,156] {processor.py:641} INFO - Processing file /home/dev/curso/ambientevirtual/lib/python3.9/site-packages/airflow/example_dags/example_latest_only.py for tasks to queue
[2024-12-14 15:54:11,157] {logging_mixin.py:115} INFO - [2024-12-14 15:54:11,157] {dagbag.py:507} INFO - Filling up the DagBag from /home/dev/curso/ambientevirtual/lib/python3.9/site-packages/airflow/example_dags/example_latest_only.py
[2024-12-14 15:54:11,163] {processor.py:651} INFO - DAG(s) dict_keys(['latest_only']) retrieved from /home/dev/curso/ambientevirtual/lib/python3.9/site-packages/airflow/example_dags/example_latest_only.py
[2024-12-14 15:54:11,181] {logging_mixin.py:115} INFO - [2024-12-14 15:54:11,181] {dag.py:2379} INFO - Sync 1 DAGs
[2024-12-14 15:54:11,200] {logging_mixin.py:115} INFO - [2024-12-14 15:54:11,200] {dag.py:2927} INFO - Setting next_dagrun for latest_only to 2024-12-14T14:54:11.199746+00:00, run_after=2024-12-14T18:54:11.199746+00:00
[2024-12-14 15:54:11,216] {processor.py:161} INFO - Processing /home/dev/curso/ambientevirtual/lib/python3.9/site-packages/airflow/example_dags/example_latest_only.py took 0.067 seconds
[2024-12-14 15:54:47,786] {processor.py:153} INFO - Started process (PID=48858) to work on /home/dev/curso/ambientevirtual/lib/python3.9/site-packages/airflow/example_dags/example_latest_only.py
[2024-12-14 15:54:47,788] {processor.py:641} INFO - Processing file /home/dev/curso/ambientevirtual/lib/python3.9/site-packages/airflow/example_dags/example_latest_only.py for tasks to queue
[2024-12-14 15:54:47,789] {logging_mixin.py:115} INFO - [2024-12-14 15:54:47,789] {dagbag.py:507} INFO - Filling up the DagBag from /home/dev/curso/ambientevirtual/lib/python3.9/site-packages/airflow/example_dags/example_latest_only.py
[2024-12-14 15:54:47,802] {processor.py:651} INFO - DAG(s) dict_keys(['latest_only']) retrieved from /home/dev/curso/ambientevirtual/lib/python3.9/site-packages/airflow/example_dags/example_latest_only.py
[2024-12-14 15:54:47,827] {logging_mixin.py:115} INFO - [2024-12-14 15:54:47,827] {dag.py:2379} INFO - Sync 1 DAGs
[2024-12-14 15:54:47,852] {logging_mixin.py:115} INFO - [2024-12-14 15:54:47,852] {dag.py:2927} INFO - Setting next_dagrun for latest_only to 2024-12-14T14:54:47.851710+00:00, run_after=2024-12-14T18:54:47.851710+00:00
[2024-12-14 15:54:47,870] {processor.py:161} INFO - Processing /home/dev/curso/ambientevirtual/lib/python3.9/site-packages/airflow/example_dags/example_latest_only.py took 0.093 seconds
[2024-12-14 15:55:22,619] {processor.py:153} INFO - Started process (PID=48988) to work on /home/dev/curso/ambientevirtual/lib/python3.9/site-packages/airflow/example_dags/example_latest_only.py
[2024-12-14 15:55:22,620] {processor.py:641} INFO - Processing file /home/dev/curso/ambientevirtual/lib/python3.9/site-packages/airflow/example_dags/example_latest_only.py for tasks to queue
[2024-12-14 15:55:22,621] {logging_mixin.py:115} INFO - [2024-12-14 15:55:22,621] {dagbag.py:507} INFO - Filling up the DagBag from /home/dev/curso/ambientevirtual/lib/python3.9/site-packages/airflow/example_dags/example_latest_only.py
[2024-12-14 15:55:22,627] {processor.py:651} INFO - DAG(s) dict_keys(['latest_only']) retrieved from /home/dev/curso/ambientevirtual/lib/python3.9/site-packages/airflow/example_dags/example_latest_only.py
[2024-12-14 15:55:22,648] {logging_mixin.py:115} INFO - [2024-12-14 15:55:22,647] {dag.py:2379} INFO - Sync 1 DAGs
[2024-12-14 15:55:22,668] {logging_mixin.py:115} INFO - [2024-12-14 15:55:22,668] {dag.py:2927} INFO - Setting next_dagrun for latest_only to 2024-12-14T14:55:22.667993+00:00, run_after=2024-12-14T18:55:22.667993+00:00
[2024-12-14 15:55:22,686] {processor.py:161} INFO - Processing /home/dev/curso/ambientevirtual/lib/python3.9/site-packages/airflow/example_dags/example_latest_only.py took 0.070 seconds
[2024-12-14 15:55:57,576] {processor.py:153} INFO - Started process (PID=49117) to work on /home/dev/curso/ambientevirtual/lib/python3.9/site-packages/airflow/example_dags/example_latest_only.py
[2024-12-14 15:55:57,577] {processor.py:641} INFO - Processing file /home/dev/curso/ambientevirtual/lib/python3.9/site-packages/airflow/example_dags/example_latest_only.py for tasks to queue
[2024-12-14 15:55:57,578] {logging_mixin.py:115} INFO - [2024-12-14 15:55:57,578] {dagbag.py:507} INFO - Filling up the DagBag from /home/dev/curso/ambientevirtual/lib/python3.9/site-packages/airflow/example_dags/example_latest_only.py
[2024-12-14 15:55:57,589] {processor.py:651} INFO - DAG(s) dict_keys(['latest_only']) retrieved from /home/dev/curso/ambientevirtual/lib/python3.9/site-packages/airflow/example_dags/example_latest_only.py
[2024-12-14 15:55:57,610] {logging_mixin.py:115} INFO - [2024-12-14 15:55:57,610] {dag.py:2379} INFO - Sync 1 DAGs
[2024-12-14 15:55:57,631] {logging_mixin.py:115} INFO - [2024-12-14 15:55:57,631] {dag.py:2927} INFO - Setting next_dagrun for latest_only to 2024-12-14T14:55:57.631357+00:00, run_after=2024-12-14T18:55:57.631357+00:00
[2024-12-14 15:55:57,655] {processor.py:161} INFO - Processing /home/dev/curso/ambientevirtual/lib/python3.9/site-packages/airflow/example_dags/example_latest_only.py took 0.085 seconds
[2024-12-14 15:56:38,999] {processor.py:153} INFO - Started process (PID=49270) to work on /home/dev/curso/ambientevirtual/lib/python3.9/site-packages/airflow/example_dags/example_latest_only.py
[2024-12-14 15:56:39,001] {processor.py:641} INFO - Processing file /home/dev/curso/ambientevirtual/lib/python3.9/site-packages/airflow/example_dags/example_latest_only.py for tasks to queue
[2024-12-14 15:56:39,002] {logging_mixin.py:115} INFO - [2024-12-14 15:56:39,002] {dagbag.py:507} INFO - Filling up the DagBag from /home/dev/curso/ambientevirtual/lib/python3.9/site-packages/airflow/example_dags/example_latest_only.py
[2024-12-14 15:56:39,011] {processor.py:651} INFO - DAG(s) dict_keys(['latest_only']) retrieved from /home/dev/curso/ambientevirtual/lib/python3.9/site-packages/airflow/example_dags/example_latest_only.py
[2024-12-14 15:56:39,035] {logging_mixin.py:115} INFO - [2024-12-14 15:56:39,034] {dag.py:2379} INFO - Sync 1 DAGs
[2024-12-14 15:56:39,057] {logging_mixin.py:115} INFO - [2024-12-14 15:56:39,057] {dag.py:2927} INFO - Setting next_dagrun for latest_only to 2024-12-14T14:56:39.056669+00:00, run_after=2024-12-14T18:56:39.056669+00:00
[2024-12-14 15:56:39,079] {processor.py:161} INFO - Processing /home/dev/curso/ambientevirtual/lib/python3.9/site-packages/airflow/example_dags/example_latest_only.py took 0.085 seconds
[2024-12-14 15:57:14,705] {processor.py:153} INFO - Started process (PID=49457) to work on /home/dev/curso/ambientevirtual/lib/python3.9/site-packages/airflow/example_dags/example_latest_only.py
[2024-12-14 15:57:14,706] {processor.py:641} INFO - Processing file /home/dev/curso/ambientevirtual/lib/python3.9/site-packages/airflow/example_dags/example_latest_only.py for tasks to queue
[2024-12-14 15:57:14,707] {logging_mixin.py:115} INFO - [2024-12-14 15:57:14,707] {dagbag.py:507} INFO - Filling up the DagBag from /home/dev/curso/ambientevirtual/lib/python3.9/site-packages/airflow/example_dags/example_latest_only.py
[2024-12-14 15:57:14,713] {processor.py:651} INFO - DAG(s) dict_keys(['latest_only']) retrieved from /home/dev/curso/ambientevirtual/lib/python3.9/site-packages/airflow/example_dags/example_latest_only.py
[2024-12-14 15:57:14,738] {logging_mixin.py:115} INFO - [2024-12-14 15:57:14,738] {dag.py:2379} INFO - Sync 1 DAGs
[2024-12-14 15:57:14,765] {logging_mixin.py:115} INFO - [2024-12-14 15:57:14,765] {dag.py:2927} INFO - Setting next_dagrun for latest_only to 2024-12-14T14:57:14.764805+00:00, run_after=2024-12-14T18:57:14.764805+00:00
[2024-12-14 15:57:14,787] {processor.py:161} INFO - Processing /home/dev/curso/ambientevirtual/lib/python3.9/site-packages/airflow/example_dags/example_latest_only.py took 0.086 seconds
[2024-12-14 15:57:54,179] {processor.py:153} INFO - Started process (PID=49594) to work on /home/dev/curso/ambientevirtual/lib/python3.9/site-packages/airflow/example_dags/example_latest_only.py
[2024-12-14 15:57:54,181] {processor.py:641} INFO - Processing file /home/dev/curso/ambientevirtual/lib/python3.9/site-packages/airflow/example_dags/example_latest_only.py for tasks to queue
[2024-12-14 15:57:54,183] {logging_mixin.py:115} INFO - [2024-12-14 15:57:54,183] {dagbag.py:507} INFO - Filling up the DagBag from /home/dev/curso/ambientevirtual/lib/python3.9/site-packages/airflow/example_dags/example_latest_only.py
[2024-12-14 15:57:54,192] {processor.py:651} INFO - DAG(s) dict_keys(['latest_only']) retrieved from /home/dev/curso/ambientevirtual/lib/python3.9/site-packages/airflow/example_dags/example_latest_only.py
[2024-12-14 15:57:54,220] {logging_mixin.py:115} INFO - [2024-12-14 15:57:54,219] {dag.py:2379} INFO - Sync 1 DAGs
[2024-12-14 15:57:54,245] {logging_mixin.py:115} INFO - [2024-12-14 15:57:54,244] {dag.py:2927} INFO - Setting next_dagrun for latest_only to 2024-12-14T14:57:54.242849+00:00, run_after=2024-12-14T18:57:54.242849+00:00
[2024-12-14 15:57:54,267] {processor.py:161} INFO - Processing /home/dev/curso/ambientevirtual/lib/python3.9/site-packages/airflow/example_dags/example_latest_only.py took 0.092 seconds
[2024-12-14 15:58:33,025] {processor.py:153} INFO - Started process (PID=49738) to work on /home/dev/curso/ambientevirtual/lib/python3.9/site-packages/airflow/example_dags/example_latest_only.py
[2024-12-14 15:58:33,026] {processor.py:641} INFO - Processing file /home/dev/curso/ambientevirtual/lib/python3.9/site-packages/airflow/example_dags/example_latest_only.py for tasks to queue
[2024-12-14 15:58:33,026] {logging_mixin.py:115} INFO - [2024-12-14 15:58:33,026] {dagbag.py:507} INFO - Filling up the DagBag from /home/dev/curso/ambientevirtual/lib/python3.9/site-packages/airflow/example_dags/example_latest_only.py
[2024-12-14 15:58:33,036] {processor.py:651} INFO - DAG(s) dict_keys(['latest_only']) retrieved from /home/dev/curso/ambientevirtual/lib/python3.9/site-packages/airflow/example_dags/example_latest_only.py
[2024-12-14 15:58:33,057] {logging_mixin.py:115} INFO - [2024-12-14 15:58:33,057] {dag.py:2379} INFO - Sync 1 DAGs
[2024-12-14 15:58:33,078] {logging_mixin.py:115} INFO - [2024-12-14 15:58:33,078] {dag.py:2927} INFO - Setting next_dagrun for latest_only to 2024-12-14T14:58:33.078139+00:00, run_after=2024-12-14T18:58:33.078139+00:00
[2024-12-14 15:58:33,094] {processor.py:161} INFO - Processing /home/dev/curso/ambientevirtual/lib/python3.9/site-packages/airflow/example_dags/example_latest_only.py took 0.074 seconds
[2024-12-14 15:59:08,336] {processor.py:153} INFO - Started process (PID=49868) to work on /home/dev/curso/ambientevirtual/lib/python3.9/site-packages/airflow/example_dags/example_latest_only.py
[2024-12-14 15:59:08,338] {processor.py:641} INFO - Processing file /home/dev/curso/ambientevirtual/lib/python3.9/site-packages/airflow/example_dags/example_latest_only.py for tasks to queue
[2024-12-14 15:59:08,339] {logging_mixin.py:115} INFO - [2024-12-14 15:59:08,339] {dagbag.py:507} INFO - Filling up the DagBag from /home/dev/curso/ambientevirtual/lib/python3.9/site-packages/airflow/example_dags/example_latest_only.py
[2024-12-14 15:59:08,350] {processor.py:651} INFO - DAG(s) dict_keys(['latest_only']) retrieved from /home/dev/curso/ambientevirtual/lib/python3.9/site-packages/airflow/example_dags/example_latest_only.py
[2024-12-14 15:59:08,369] {logging_mixin.py:115} INFO - [2024-12-14 15:59:08,369] {dag.py:2379} INFO - Sync 1 DAGs
[2024-12-14 15:59:08,389] {logging_mixin.py:115} INFO - [2024-12-14 15:59:08,389] {dag.py:2927} INFO - Setting next_dagrun for latest_only to 2024-12-14T14:59:08.388705+00:00, run_after=2024-12-14T18:59:08.388705+00:00
[2024-12-14 15:59:08,406] {processor.py:161} INFO - Processing /home/dev/curso/ambientevirtual/lib/python3.9/site-packages/airflow/example_dags/example_latest_only.py took 0.076 seconds
[2024-12-14 15:59:43,042] {processor.py:153} INFO - Started process (PID=49990) to work on /home/dev/curso/ambientevirtual/lib/python3.9/site-packages/airflow/example_dags/example_latest_only.py
[2024-12-14 15:59:43,043] {processor.py:641} INFO - Processing file /home/dev/curso/ambientevirtual/lib/python3.9/site-packages/airflow/example_dags/example_latest_only.py for tasks to queue
[2024-12-14 15:59:43,044] {logging_mixin.py:115} INFO - [2024-12-14 15:59:43,044] {dagbag.py:507} INFO - Filling up the DagBag from /home/dev/curso/ambientevirtual/lib/python3.9/site-packages/airflow/example_dags/example_latest_only.py
[2024-12-14 15:59:43,054] {processor.py:651} INFO - DAG(s) dict_keys(['latest_only']) retrieved from /home/dev/curso/ambientevirtual/lib/python3.9/site-packages/airflow/example_dags/example_latest_only.py
[2024-12-14 15:59:43,076] {logging_mixin.py:115} INFO - [2024-12-14 15:59:43,076] {dag.py:2379} INFO - Sync 1 DAGs
[2024-12-14 15:59:43,096] {logging_mixin.py:115} INFO - [2024-12-14 15:59:43,096] {dag.py:2927} INFO - Setting next_dagrun for latest_only to 2024-12-14T14:59:43.096081+00:00, run_after=2024-12-14T18:59:43.096081+00:00
[2024-12-14 15:59:43,114] {processor.py:161} INFO - Processing /home/dev/curso/ambientevirtual/lib/python3.9/site-packages/airflow/example_dags/example_latest_only.py took 0.079 seconds
[2024-12-14 16:00:16,698] {processor.py:153} INFO - Started process (PID=50118) to work on /home/dev/curso/ambientevirtual/lib/python3.9/site-packages/airflow/example_dags/example_latest_only.py
[2024-12-14 16:00:16,701] {processor.py:641} INFO - Processing file /home/dev/curso/ambientevirtual/lib/python3.9/site-packages/airflow/example_dags/example_latest_only.py for tasks to queue
[2024-12-14 16:00:16,702] {logging_mixin.py:115} INFO - [2024-12-14 16:00:16,702] {dagbag.py:507} INFO - Filling up the DagBag from /home/dev/curso/ambientevirtual/lib/python3.9/site-packages/airflow/example_dags/example_latest_only.py
[2024-12-14 16:00:16,714] {processor.py:651} INFO - DAG(s) dict_keys(['latest_only']) retrieved from /home/dev/curso/ambientevirtual/lib/python3.9/site-packages/airflow/example_dags/example_latest_only.py
[2024-12-14 16:00:16,746] {logging_mixin.py:115} INFO - [2024-12-14 16:00:16,746] {dag.py:2379} INFO - Sync 1 DAGs
[2024-12-14 16:00:16,765] {logging_mixin.py:115} INFO - [2024-12-14 16:00:16,765] {dag.py:2927} INFO - Setting next_dagrun for latest_only to 2024-12-14T15:00:16.765212+00:00, run_after=2024-12-14T19:00:16.765212+00:00
[2024-12-14 16:00:16,782] {processor.py:161} INFO - Processing /home/dev/curso/ambientevirtual/lib/python3.9/site-packages/airflow/example_dags/example_latest_only.py took 0.091 seconds
[2024-12-14 16:00:58,898] {processor.py:153} INFO - Started process (PID=50388) to work on /home/dev/curso/ambientevirtual/lib/python3.9/site-packages/airflow/example_dags/example_latest_only.py
[2024-12-14 16:00:58,901] {processor.py:641} INFO - Processing file /home/dev/curso/ambientevirtual/lib/python3.9/site-packages/airflow/example_dags/example_latest_only.py for tasks to queue
[2024-12-14 16:00:58,903] {logging_mixin.py:115} INFO - [2024-12-14 16:00:58,902] {dagbag.py:507} INFO - Filling up the DagBag from /home/dev/curso/ambientevirtual/lib/python3.9/site-packages/airflow/example_dags/example_latest_only.py
[2024-12-14 16:00:58,911] {processor.py:651} INFO - DAG(s) dict_keys(['latest_only']) retrieved from /home/dev/curso/ambientevirtual/lib/python3.9/site-packages/airflow/example_dags/example_latest_only.py
[2024-12-14 16:00:58,937] {logging_mixin.py:115} INFO - [2024-12-14 16:00:58,937] {dag.py:2379} INFO - Sync 1 DAGs
[2024-12-14 16:00:58,964] {logging_mixin.py:115} INFO - [2024-12-14 16:00:58,964] {dag.py:2927} INFO - Setting next_dagrun for latest_only to 2024-12-14T15:00:58.963939+00:00, run_after=2024-12-14T19:00:58.963939+00:00
[2024-12-14 16:00:58,983] {processor.py:161} INFO - Processing /home/dev/curso/ambientevirtual/lib/python3.9/site-packages/airflow/example_dags/example_latest_only.py took 0.093 seconds
[2024-12-14 16:01:37,216] {processor.py:153} INFO - Started process (PID=50583) to work on /home/dev/curso/ambientevirtual/lib/python3.9/site-packages/airflow/example_dags/example_latest_only.py
[2024-12-14 16:01:37,218] {processor.py:641} INFO - Processing file /home/dev/curso/ambientevirtual/lib/python3.9/site-packages/airflow/example_dags/example_latest_only.py for tasks to queue
[2024-12-14 16:01:37,219] {logging_mixin.py:115} INFO - [2024-12-14 16:01:37,218] {dagbag.py:507} INFO - Filling up the DagBag from /home/dev/curso/ambientevirtual/lib/python3.9/site-packages/airflow/example_dags/example_latest_only.py
[2024-12-14 16:01:37,227] {processor.py:651} INFO - DAG(s) dict_keys(['latest_only']) retrieved from /home/dev/curso/ambientevirtual/lib/python3.9/site-packages/airflow/example_dags/example_latest_only.py
[2024-12-14 16:01:37,249] {logging_mixin.py:115} INFO - [2024-12-14 16:01:37,249] {dag.py:2379} INFO - Sync 1 DAGs
[2024-12-14 16:01:37,271] {logging_mixin.py:115} INFO - [2024-12-14 16:01:37,271] {dag.py:2927} INFO - Setting next_dagrun for latest_only to 2024-12-14T15:01:37.270887+00:00, run_after=2024-12-14T19:01:37.270887+00:00
[2024-12-14 16:01:37,294] {processor.py:161} INFO - Processing /home/dev/curso/ambientevirtual/lib/python3.9/site-packages/airflow/example_dags/example_latest_only.py took 0.081 seconds
[2024-12-14 16:02:16,166] {processor.py:153} INFO - Started process (PID=50786) to work on /home/dev/curso/ambientevirtual/lib/python3.9/site-packages/airflow/example_dags/example_latest_only.py
[2024-12-14 16:02:16,168] {processor.py:641} INFO - Processing file /home/dev/curso/ambientevirtual/lib/python3.9/site-packages/airflow/example_dags/example_latest_only.py for tasks to queue
[2024-12-14 16:02:16,169] {logging_mixin.py:115} INFO - [2024-12-14 16:02:16,169] {dagbag.py:507} INFO - Filling up the DagBag from /home/dev/curso/ambientevirtual/lib/python3.9/site-packages/airflow/example_dags/example_latest_only.py
[2024-12-14 16:02:16,177] {processor.py:651} INFO - DAG(s) dict_keys(['latest_only']) retrieved from /home/dev/curso/ambientevirtual/lib/python3.9/site-packages/airflow/example_dags/example_latest_only.py
[2024-12-14 16:02:16,199] {logging_mixin.py:115} INFO - [2024-12-14 16:02:16,199] {dag.py:2379} INFO - Sync 1 DAGs
[2024-12-14 16:02:16,222] {logging_mixin.py:115} INFO - [2024-12-14 16:02:16,222] {dag.py:2927} INFO - Setting next_dagrun for latest_only to 2024-12-14T15:02:16.221921+00:00, run_after=2024-12-14T19:02:16.221921+00:00
[2024-12-14 16:02:16,239] {processor.py:161} INFO - Processing /home/dev/curso/ambientevirtual/lib/python3.9/site-packages/airflow/example_dags/example_latest_only.py took 0.077 seconds
[2024-12-14 16:02:51,216] {processor.py:153} INFO - Started process (PID=50917) to work on /home/dev/curso/ambientevirtual/lib/python3.9/site-packages/airflow/example_dags/example_latest_only.py
[2024-12-14 16:02:51,217] {processor.py:641} INFO - Processing file /home/dev/curso/ambientevirtual/lib/python3.9/site-packages/airflow/example_dags/example_latest_only.py for tasks to queue
[2024-12-14 16:02:51,219] {logging_mixin.py:115} INFO - [2024-12-14 16:02:51,219] {dagbag.py:507} INFO - Filling up the DagBag from /home/dev/curso/ambientevirtual/lib/python3.9/site-packages/airflow/example_dags/example_latest_only.py
[2024-12-14 16:02:51,228] {processor.py:651} INFO - DAG(s) dict_keys(['latest_only']) retrieved from /home/dev/curso/ambientevirtual/lib/python3.9/site-packages/airflow/example_dags/example_latest_only.py
[2024-12-14 16:02:51,249] {logging_mixin.py:115} INFO - [2024-12-14 16:02:51,249] {dag.py:2379} INFO - Sync 1 DAGs
[2024-12-14 16:02:51,269] {logging_mixin.py:115} INFO - [2024-12-14 16:02:51,269] {dag.py:2927} INFO - Setting next_dagrun for latest_only to 2024-12-14T15:02:51.269046+00:00, run_after=2024-12-14T19:02:51.269046+00:00
[2024-12-14 16:02:51,286] {processor.py:161} INFO - Processing /home/dev/curso/ambientevirtual/lib/python3.9/site-packages/airflow/example_dags/example_latest_only.py took 0.077 seconds
[2024-12-14 16:03:27,494] {processor.py:153} INFO - Started process (PID=51048) to work on /home/dev/curso/ambientevirtual/lib/python3.9/site-packages/airflow/example_dags/example_latest_only.py
[2024-12-14 16:03:27,495] {processor.py:641} INFO - Processing file /home/dev/curso/ambientevirtual/lib/python3.9/site-packages/airflow/example_dags/example_latest_only.py for tasks to queue
[2024-12-14 16:03:27,497] {logging_mixin.py:115} INFO - [2024-12-14 16:03:27,496] {dagbag.py:507} INFO - Filling up the DagBag from /home/dev/curso/ambientevirtual/lib/python3.9/site-packages/airflow/example_dags/example_latest_only.py
[2024-12-14 16:03:27,506] {processor.py:651} INFO - DAG(s) dict_keys(['latest_only']) retrieved from /home/dev/curso/ambientevirtual/lib/python3.9/site-packages/airflow/example_dags/example_latest_only.py
[2024-12-14 16:03:27,526] {logging_mixin.py:115} INFO - [2024-12-14 16:03:27,526] {dag.py:2379} INFO - Sync 1 DAGs
[2024-12-14 16:03:27,547] {logging_mixin.py:115} INFO - [2024-12-14 16:03:27,547] {dag.py:2927} INFO - Setting next_dagrun for latest_only to 2024-12-14T15:03:27.546901+00:00, run_after=2024-12-14T19:03:27.546901+00:00
[2024-12-14 16:03:27,564] {processor.py:161} INFO - Processing /home/dev/curso/ambientevirtual/lib/python3.9/site-packages/airflow/example_dags/example_latest_only.py took 0.077 seconds
[2024-12-14 16:04:04,826] {processor.py:153} INFO - Started process (PID=51185) to work on /home/dev/curso/ambientevirtual/lib/python3.9/site-packages/airflow/example_dags/example_latest_only.py
[2024-12-14 16:04:04,828] {processor.py:641} INFO - Processing file /home/dev/curso/ambientevirtual/lib/python3.9/site-packages/airflow/example_dags/example_latest_only.py for tasks to queue
[2024-12-14 16:04:04,829] {logging_mixin.py:115} INFO - [2024-12-14 16:04:04,829] {dagbag.py:507} INFO - Filling up the DagBag from /home/dev/curso/ambientevirtual/lib/python3.9/site-packages/airflow/example_dags/example_latest_only.py
[2024-12-14 16:04:04,841] {processor.py:651} INFO - DAG(s) dict_keys(['latest_only']) retrieved from /home/dev/curso/ambientevirtual/lib/python3.9/site-packages/airflow/example_dags/example_latest_only.py
[2024-12-14 16:04:04,864] {logging_mixin.py:115} INFO - [2024-12-14 16:04:04,864] {dag.py:2379} INFO - Sync 1 DAGs
[2024-12-14 16:04:04,884] {logging_mixin.py:115} INFO - [2024-12-14 16:04:04,884] {dag.py:2927} INFO - Setting next_dagrun for latest_only to 2024-12-14T15:04:04.884055+00:00, run_after=2024-12-14T19:04:04.884055+00:00
[2024-12-14 16:04:04,902] {processor.py:161} INFO - Processing /home/dev/curso/ambientevirtual/lib/python3.9/site-packages/airflow/example_dags/example_latest_only.py took 0.083 seconds
[2024-12-14 16:04:40,373] {processor.py:153} INFO - Started process (PID=51314) to work on /home/dev/curso/ambientevirtual/lib/python3.9/site-packages/airflow/example_dags/example_latest_only.py
[2024-12-14 16:04:40,374] {processor.py:641} INFO - Processing file /home/dev/curso/ambientevirtual/lib/python3.9/site-packages/airflow/example_dags/example_latest_only.py for tasks to queue
[2024-12-14 16:04:40,375] {logging_mixin.py:115} INFO - [2024-12-14 16:04:40,374] {dagbag.py:507} INFO - Filling up the DagBag from /home/dev/curso/ambientevirtual/lib/python3.9/site-packages/airflow/example_dags/example_latest_only.py
[2024-12-14 16:04:40,384] {processor.py:651} INFO - DAG(s) dict_keys(['latest_only']) retrieved from /home/dev/curso/ambientevirtual/lib/python3.9/site-packages/airflow/example_dags/example_latest_only.py
[2024-12-14 16:04:40,405] {logging_mixin.py:115} INFO - [2024-12-14 16:04:40,405] {dag.py:2379} INFO - Sync 1 DAGs
[2024-12-14 16:04:40,425] {logging_mixin.py:115} INFO - [2024-12-14 16:04:40,425] {dag.py:2927} INFO - Setting next_dagrun for latest_only to 2024-12-14T15:04:40.425055+00:00, run_after=2024-12-14T19:04:40.425055+00:00
[2024-12-14 16:04:40,442] {processor.py:161} INFO - Processing /home/dev/curso/ambientevirtual/lib/python3.9/site-packages/airflow/example_dags/example_latest_only.py took 0.074 seconds
[2024-12-14 16:05:18,616] {processor.py:153} INFO - Started process (PID=51444) to work on /home/dev/curso/ambientevirtual/lib/python3.9/site-packages/airflow/example_dags/example_latest_only.py
[2024-12-14 16:05:18,617] {processor.py:641} INFO - Processing file /home/dev/curso/ambientevirtual/lib/python3.9/site-packages/airflow/example_dags/example_latest_only.py for tasks to queue
[2024-12-14 16:05:18,618] {logging_mixin.py:115} INFO - [2024-12-14 16:05:18,618] {dagbag.py:507} INFO - Filling up the DagBag from /home/dev/curso/ambientevirtual/lib/python3.9/site-packages/airflow/example_dags/example_latest_only.py
[2024-12-14 16:05:18,624] {processor.py:651} INFO - DAG(s) dict_keys(['latest_only']) retrieved from /home/dev/curso/ambientevirtual/lib/python3.9/site-packages/airflow/example_dags/example_latest_only.py
[2024-12-14 16:05:18,645] {logging_mixin.py:115} INFO - [2024-12-14 16:05:18,645] {dag.py:2379} INFO - Sync 1 DAGs
[2024-12-14 16:05:18,667] {logging_mixin.py:115} INFO - [2024-12-14 16:05:18,667] {dag.py:2927} INFO - Setting next_dagrun for latest_only to 2024-12-14T15:05:18.666893+00:00, run_after=2024-12-14T19:05:18.666893+00:00
[2024-12-14 16:05:18,684] {processor.py:161} INFO - Processing /home/dev/curso/ambientevirtual/lib/python3.9/site-packages/airflow/example_dags/example_latest_only.py took 0.072 seconds
[2024-12-14 16:05:57,659] {processor.py:153} INFO - Started process (PID=51589) to work on /home/dev/curso/ambientevirtual/lib/python3.9/site-packages/airflow/example_dags/example_latest_only.py
[2024-12-14 16:05:57,661] {processor.py:641} INFO - Processing file /home/dev/curso/ambientevirtual/lib/python3.9/site-packages/airflow/example_dags/example_latest_only.py for tasks to queue
[2024-12-14 16:05:57,662] {logging_mixin.py:115} INFO - [2024-12-14 16:05:57,662] {dagbag.py:507} INFO - Filling up the DagBag from /home/dev/curso/ambientevirtual/lib/python3.9/site-packages/airflow/example_dags/example_latest_only.py
[2024-12-14 16:05:57,669] {processor.py:651} INFO - DAG(s) dict_keys(['latest_only']) retrieved from /home/dev/curso/ambientevirtual/lib/python3.9/site-packages/airflow/example_dags/example_latest_only.py
[2024-12-14 16:05:57,694] {logging_mixin.py:115} INFO - [2024-12-14 16:05:57,694] {dag.py:2379} INFO - Sync 1 DAGs
[2024-12-14 16:05:57,719] {logging_mixin.py:115} INFO - [2024-12-14 16:05:57,719] {dag.py:2927} INFO - Setting next_dagrun for latest_only to 2024-12-14T15:05:57.719164+00:00, run_after=2024-12-14T19:05:57.719164+00:00
[2024-12-14 16:05:57,739] {processor.py:161} INFO - Processing /home/dev/curso/ambientevirtual/lib/python3.9/site-packages/airflow/example_dags/example_latest_only.py took 0.083 seconds
[2024-12-14 16:06:31,350] {processor.py:153} INFO - Started process (PID=51770) to work on /home/dev/curso/ambientevirtual/lib/python3.9/site-packages/airflow/example_dags/example_latest_only.py
[2024-12-14 16:06:31,351] {processor.py:641} INFO - Processing file /home/dev/curso/ambientevirtual/lib/python3.9/site-packages/airflow/example_dags/example_latest_only.py for tasks to queue
[2024-12-14 16:06:31,353] {logging_mixin.py:115} INFO - [2024-12-14 16:06:31,353] {dagbag.py:507} INFO - Filling up the DagBag from /home/dev/curso/ambientevirtual/lib/python3.9/site-packages/airflow/example_dags/example_latest_only.py
[2024-12-14 16:06:31,365] {processor.py:651} INFO - DAG(s) dict_keys(['latest_only']) retrieved from /home/dev/curso/ambientevirtual/lib/python3.9/site-packages/airflow/example_dags/example_latest_only.py
[2024-12-14 16:06:31,393] {logging_mixin.py:115} INFO - [2024-12-14 16:06:31,393] {dag.py:2379} INFO - Sync 1 DAGs
[2024-12-14 16:06:31,418] {logging_mixin.py:115} INFO - [2024-12-14 16:06:31,418] {dag.py:2927} INFO - Setting next_dagrun for latest_only to 2024-12-14T15:06:31.417847+00:00, run_after=2024-12-14T19:06:31.417847+00:00
[2024-12-14 16:06:31,435] {processor.py:161} INFO - Processing /home/dev/curso/ambientevirtual/lib/python3.9/site-packages/airflow/example_dags/example_latest_only.py took 0.093 seconds
[2024-12-14 16:07:06,786] {processor.py:153} INFO - Started process (PID=51898) to work on /home/dev/curso/ambientevirtual/lib/python3.9/site-packages/airflow/example_dags/example_latest_only.py
[2024-12-14 16:07:06,788] {processor.py:641} INFO - Processing file /home/dev/curso/ambientevirtual/lib/python3.9/site-packages/airflow/example_dags/example_latest_only.py for tasks to queue
[2024-12-14 16:07:06,789] {logging_mixin.py:115} INFO - [2024-12-14 16:07:06,789] {dagbag.py:507} INFO - Filling up the DagBag from /home/dev/curso/ambientevirtual/lib/python3.9/site-packages/airflow/example_dags/example_latest_only.py
[2024-12-14 16:07:06,800] {processor.py:651} INFO - DAG(s) dict_keys(['latest_only']) retrieved from /home/dev/curso/ambientevirtual/lib/python3.9/site-packages/airflow/example_dags/example_latest_only.py
[2024-12-14 16:07:06,825] {logging_mixin.py:115} INFO - [2024-12-14 16:07:06,825] {dag.py:2379} INFO - Sync 1 DAGs
[2024-12-14 16:07:06,850] {logging_mixin.py:115} INFO - [2024-12-14 16:07:06,850] {dag.py:2927} INFO - Setting next_dagrun for latest_only to 2024-12-14T15:07:06.850335+00:00, run_after=2024-12-14T19:07:06.850335+00:00
[2024-12-14 16:07:06,871] {processor.py:161} INFO - Processing /home/dev/curso/ambientevirtual/lib/python3.9/site-packages/airflow/example_dags/example_latest_only.py took 0.092 seconds
[2024-12-14 16:07:45,095] {processor.py:153} INFO - Started process (PID=52102) to work on /home/dev/curso/ambientevirtual/lib/python3.9/site-packages/airflow/example_dags/example_latest_only.py
[2024-12-14 16:07:45,096] {processor.py:641} INFO - Processing file /home/dev/curso/ambientevirtual/lib/python3.9/site-packages/airflow/example_dags/example_latest_only.py for tasks to queue
[2024-12-14 16:07:45,097] {logging_mixin.py:115} INFO - [2024-12-14 16:07:45,097] {dagbag.py:507} INFO - Filling up the DagBag from /home/dev/curso/ambientevirtual/lib/python3.9/site-packages/airflow/example_dags/example_latest_only.py
[2024-12-14 16:07:45,103] {processor.py:651} INFO - DAG(s) dict_keys(['latest_only']) retrieved from /home/dev/curso/ambientevirtual/lib/python3.9/site-packages/airflow/example_dags/example_latest_only.py
[2024-12-14 16:07:45,131] {logging_mixin.py:115} INFO - [2024-12-14 16:07:45,131] {dag.py:2379} INFO - Sync 1 DAGs
[2024-12-14 16:07:45,157] {logging_mixin.py:115} INFO - [2024-12-14 16:07:45,157] {dag.py:2927} INFO - Setting next_dagrun for latest_only to 2024-12-14T15:07:45.156782+00:00, run_after=2024-12-14T19:07:45.156782+00:00
[2024-12-14 16:07:45,178] {processor.py:161} INFO - Processing /home/dev/curso/ambientevirtual/lib/python3.9/site-packages/airflow/example_dags/example_latest_only.py took 0.088 seconds
[2024-12-14 16:08:19,126] {processor.py:153} INFO - Started process (PID=52284) to work on /home/dev/curso/ambientevirtual/lib/python3.9/site-packages/airflow/example_dags/example_latest_only.py
[2024-12-14 16:08:19,131] {processor.py:641} INFO - Processing file /home/dev/curso/ambientevirtual/lib/python3.9/site-packages/airflow/example_dags/example_latest_only.py for tasks to queue
[2024-12-14 16:08:19,131] {logging_mixin.py:115} INFO - [2024-12-14 16:08:19,131] {dagbag.py:507} INFO - Filling up the DagBag from /home/dev/curso/ambientevirtual/lib/python3.9/site-packages/airflow/example_dags/example_latest_only.py
[2024-12-14 16:08:19,141] {processor.py:651} INFO - DAG(s) dict_keys(['latest_only']) retrieved from /home/dev/curso/ambientevirtual/lib/python3.9/site-packages/airflow/example_dags/example_latest_only.py
[2024-12-14 16:08:19,168] {logging_mixin.py:115} INFO - [2024-12-14 16:08:19,168] {dag.py:2379} INFO - Sync 1 DAGs
[2024-12-14 16:08:19,198] {logging_mixin.py:115} INFO - [2024-12-14 16:08:19,197] {dag.py:2927} INFO - Setting next_dagrun for latest_only to 2024-12-14T15:08:19.197234+00:00, run_after=2024-12-14T19:08:19.197234+00:00
[2024-12-14 16:08:19,219] {processor.py:161} INFO - Processing /home/dev/curso/ambientevirtual/lib/python3.9/site-packages/airflow/example_dags/example_latest_only.py took 0.096 seconds
[2024-12-14 16:08:55,930] {processor.py:153} INFO - Started process (PID=52593) to work on /home/dev/curso/ambientevirtual/lib/python3.9/site-packages/airflow/example_dags/example_latest_only.py
[2024-12-14 16:08:55,930] {processor.py:641} INFO - Processing file /home/dev/curso/ambientevirtual/lib/python3.9/site-packages/airflow/example_dags/example_latest_only.py for tasks to queue
[2024-12-14 16:08:55,931] {logging_mixin.py:115} INFO - [2024-12-14 16:08:55,931] {dagbag.py:507} INFO - Filling up the DagBag from /home/dev/curso/ambientevirtual/lib/python3.9/site-packages/airflow/example_dags/example_latest_only.py
[2024-12-14 16:08:55,938] {processor.py:651} INFO - DAG(s) dict_keys(['latest_only']) retrieved from /home/dev/curso/ambientevirtual/lib/python3.9/site-packages/airflow/example_dags/example_latest_only.py
[2024-12-14 16:08:55,959] {logging_mixin.py:115} INFO - [2024-12-14 16:08:55,959] {dag.py:2379} INFO - Sync 1 DAGs
[2024-12-14 16:08:55,979] {logging_mixin.py:115} INFO - [2024-12-14 16:08:55,979] {dag.py:2927} INFO - Setting next_dagrun for latest_only to 2024-12-14T15:08:55.979467+00:00, run_after=2024-12-14T19:08:55.979467+00:00
[2024-12-14 16:08:55,998] {processor.py:161} INFO - Processing /home/dev/curso/ambientevirtual/lib/python3.9/site-packages/airflow/example_dags/example_latest_only.py took 0.074 seconds
[2024-12-14 16:09:31,380] {processor.py:153} INFO - Started process (PID=52721) to work on /home/dev/curso/ambientevirtual/lib/python3.9/site-packages/airflow/example_dags/example_latest_only.py
[2024-12-14 16:09:31,381] {processor.py:641} INFO - Processing file /home/dev/curso/ambientevirtual/lib/python3.9/site-packages/airflow/example_dags/example_latest_only.py for tasks to queue
[2024-12-14 16:09:31,381] {logging_mixin.py:115} INFO - [2024-12-14 16:09:31,381] {dagbag.py:507} INFO - Filling up the DagBag from /home/dev/curso/ambientevirtual/lib/python3.9/site-packages/airflow/example_dags/example_latest_only.py
[2024-12-14 16:09:31,389] {processor.py:651} INFO - DAG(s) dict_keys(['latest_only']) retrieved from /home/dev/curso/ambientevirtual/lib/python3.9/site-packages/airflow/example_dags/example_latest_only.py
[2024-12-14 16:09:31,411] {logging_mixin.py:115} INFO - [2024-12-14 16:09:31,411] {dag.py:2379} INFO - Sync 1 DAGs
[2024-12-14 16:09:31,434] {logging_mixin.py:115} INFO - [2024-12-14 16:09:31,434] {dag.py:2927} INFO - Setting next_dagrun for latest_only to 2024-12-14T15:09:31.433968+00:00, run_after=2024-12-14T19:09:31.433968+00:00
[2024-12-14 16:09:31,453] {processor.py:161} INFO - Processing /home/dev/curso/ambientevirtual/lib/python3.9/site-packages/airflow/example_dags/example_latest_only.py took 0.077 seconds
[2024-12-14 16:10:06,071] {processor.py:153} INFO - Started process (PID=52845) to work on /home/dev/curso/ambientevirtual/lib/python3.9/site-packages/airflow/example_dags/example_latest_only.py
[2024-12-14 16:10:06,073] {processor.py:641} INFO - Processing file /home/dev/curso/ambientevirtual/lib/python3.9/site-packages/airflow/example_dags/example_latest_only.py for tasks to queue
[2024-12-14 16:10:06,074] {logging_mixin.py:115} INFO - [2024-12-14 16:10:06,074] {dagbag.py:507} INFO - Filling up the DagBag from /home/dev/curso/ambientevirtual/lib/python3.9/site-packages/airflow/example_dags/example_latest_only.py
[2024-12-14 16:10:06,084] {processor.py:651} INFO - DAG(s) dict_keys(['latest_only']) retrieved from /home/dev/curso/ambientevirtual/lib/python3.9/site-packages/airflow/example_dags/example_latest_only.py
[2024-12-14 16:10:06,105] {logging_mixin.py:115} INFO - [2024-12-14 16:10:06,105] {dag.py:2379} INFO - Sync 1 DAGs
[2024-12-14 16:10:06,126] {logging_mixin.py:115} INFO - [2024-12-14 16:10:06,126] {dag.py:2927} INFO - Setting next_dagrun for latest_only to 2024-12-14T15:10:06.126156+00:00, run_after=2024-12-14T19:10:06.126156+00:00
[2024-12-14 16:10:06,143] {processor.py:161} INFO - Processing /home/dev/curso/ambientevirtual/lib/python3.9/site-packages/airflow/example_dags/example_latest_only.py took 0.080 seconds
[2024-12-14 16:10:45,505] {processor.py:153} INFO - Started process (PID=53105) to work on /home/dev/curso/ambientevirtual/lib/python3.9/site-packages/airflow/example_dags/example_latest_only.py
[2024-12-14 16:10:45,507] {processor.py:641} INFO - Processing file /home/dev/curso/ambientevirtual/lib/python3.9/site-packages/airflow/example_dags/example_latest_only.py for tasks to queue
[2024-12-14 16:10:45,508] {logging_mixin.py:115} INFO - [2024-12-14 16:10:45,508] {dagbag.py:507} INFO - Filling up the DagBag from /home/dev/curso/ambientevirtual/lib/python3.9/site-packages/airflow/example_dags/example_latest_only.py
[2024-12-14 16:10:45,519] {processor.py:651} INFO - DAG(s) dict_keys(['latest_only']) retrieved from /home/dev/curso/ambientevirtual/lib/python3.9/site-packages/airflow/example_dags/example_latest_only.py
[2024-12-14 16:10:45,540] {logging_mixin.py:115} INFO - [2024-12-14 16:10:45,540] {dag.py:2379} INFO - Sync 1 DAGs
[2024-12-14 16:10:45,559] {logging_mixin.py:115} INFO - [2024-12-14 16:10:45,559] {dag.py:2927} INFO - Setting next_dagrun for latest_only to 2024-12-14T15:10:45.559246+00:00, run_after=2024-12-14T19:10:45.559246+00:00
[2024-12-14 16:10:45,576] {processor.py:161} INFO - Processing /home/dev/curso/ambientevirtual/lib/python3.9/site-packages/airflow/example_dags/example_latest_only.py took 0.077 seconds
[2024-12-14 16:11:19,511] {processor.py:153} INFO - Started process (PID=53228) to work on /home/dev/curso/ambientevirtual/lib/python3.9/site-packages/airflow/example_dags/example_latest_only.py
[2024-12-14 16:11:19,512] {processor.py:641} INFO - Processing file /home/dev/curso/ambientevirtual/lib/python3.9/site-packages/airflow/example_dags/example_latest_only.py for tasks to queue
[2024-12-14 16:11:19,513] {logging_mixin.py:115} INFO - [2024-12-14 16:11:19,513] {dagbag.py:507} INFO - Filling up the DagBag from /home/dev/curso/ambientevirtual/lib/python3.9/site-packages/airflow/example_dags/example_latest_only.py
[2024-12-14 16:11:19,521] {processor.py:651} INFO - DAG(s) dict_keys(['latest_only']) retrieved from /home/dev/curso/ambientevirtual/lib/python3.9/site-packages/airflow/example_dags/example_latest_only.py
[2024-12-14 16:11:19,540] {logging_mixin.py:115} INFO - [2024-12-14 16:11:19,540] {dag.py:2379} INFO - Sync 1 DAGs
[2024-12-14 16:11:19,560] {logging_mixin.py:115} INFO - [2024-12-14 16:11:19,560] {dag.py:2927} INFO - Setting next_dagrun for latest_only to 2024-12-14T15:11:19.559930+00:00, run_after=2024-12-14T19:11:19.559930+00:00
[2024-12-14 16:11:19,579] {processor.py:161} INFO - Processing /home/dev/curso/ambientevirtual/lib/python3.9/site-packages/airflow/example_dags/example_latest_only.py took 0.072 seconds
