[2024-12-14 15:51:53,447] {processor.py:153} INFO - Started process (PID=48111) to work on /home/dev/curso/ambientevirtual/lib/python3.9/site-packages/airflow/example_dags/example_python_operator.py
[2024-12-14 15:51:53,447] {processor.py:641} INFO - Processing file /home/dev/curso/ambientevirtual/lib/python3.9/site-packages/airflow/example_dags/example_python_operator.py for tasks to queue
[2024-12-14 15:51:53,448] {logging_mixin.py:115} INFO - [2024-12-14 15:51:53,448] {dagbag.py:507} INFO - Filling up the DagBag from /home/dev/curso/ambientevirtual/lib/python3.9/site-packages/airflow/example_dags/example_python_operator.py
[2024-12-14 15:51:53,505] {logging_mixin.py:115} INFO - [2024-12-14 15:51:53,505] {example_python_operator.py:68} WARNING - The virtalenv_python example task requires virtualenv, please install it.
[2024-12-14 15:51:53,505] {processor.py:651} INFO - DAG(s) dict_keys(['example_python_operator']) retrieved from /home/dev/curso/ambientevirtual/lib/python3.9/site-packages/airflow/example_dags/example_python_operator.py
[2024-12-14 15:51:53,585] {logging_mixin.py:115} INFO - [2024-12-14 15:51:53,585] {manager.py:508} INFO - Created Permission View: can delete on DAG:example_python_operator
[2024-12-14 15:51:53,598] {logging_mixin.py:115} INFO - [2024-12-14 15:51:53,597] {manager.py:508} INFO - Created Permission View: can edit on DAG:example_python_operator
[2024-12-14 15:51:53,608] {logging_mixin.py:115} INFO - [2024-12-14 15:51:53,608] {manager.py:508} INFO - Created Permission View: can read on DAG:example_python_operator
[2024-12-14 15:51:53,608] {logging_mixin.py:115} INFO - [2024-12-14 15:51:53,608] {dag.py:2379} INFO - Sync 1 DAGs
[2024-12-14 15:51:53,616] {logging_mixin.py:115} INFO - [2024-12-14 15:51:53,616] {dag.py:2398} INFO - Creating ORM DAG for example_python_operator
[2024-12-14 15:51:53,626] {logging_mixin.py:115} INFO - [2024-12-14 15:51:53,626] {dag.py:2927} INFO - Setting next_dagrun for example_python_operator to None, run_after=None
[2024-12-14 15:51:53,647] {processor.py:161} INFO - Processing /home/dev/curso/ambientevirtual/lib/python3.9/site-packages/airflow/example_dags/example_python_operator.py took 0.205 seconds
[2024-12-14 15:52:29,336] {processor.py:153} INFO - Started process (PID=48357) to work on /home/dev/curso/ambientevirtual/lib/python3.9/site-packages/airflow/example_dags/example_python_operator.py
[2024-12-14 15:52:29,337] {processor.py:641} INFO - Processing file /home/dev/curso/ambientevirtual/lib/python3.9/site-packages/airflow/example_dags/example_python_operator.py for tasks to queue
[2024-12-14 15:52:29,338] {logging_mixin.py:115} INFO - [2024-12-14 15:52:29,338] {dagbag.py:507} INFO - Filling up the DagBag from /home/dev/curso/ambientevirtual/lib/python3.9/site-packages/airflow/example_dags/example_python_operator.py
[2024-12-14 15:52:29,394] {logging_mixin.py:115} INFO - [2024-12-14 15:52:29,394] {example_python_operator.py:68} WARNING - The virtalenv_python example task requires virtualenv, please install it.
[2024-12-14 15:52:29,394] {processor.py:651} INFO - DAG(s) dict_keys(['example_python_operator']) retrieved from /home/dev/curso/ambientevirtual/lib/python3.9/site-packages/airflow/example_dags/example_python_operator.py
[2024-12-14 15:52:29,413] {logging_mixin.py:115} INFO - [2024-12-14 15:52:29,413] {dag.py:2379} INFO - Sync 1 DAGs
[2024-12-14 15:52:29,433] {logging_mixin.py:115} INFO - [2024-12-14 15:52:29,433] {dag.py:2927} INFO - Setting next_dagrun for example_python_operator to None, run_after=None
[2024-12-14 15:52:29,452] {processor.py:161} INFO - Processing /home/dev/curso/ambientevirtual/lib/python3.9/site-packages/airflow/example_dags/example_python_operator.py took 0.121 seconds
[2024-12-14 15:53:10,043] {processor.py:153} INFO - Started process (PID=48502) to work on /home/dev/curso/ambientevirtual/lib/python3.9/site-packages/airflow/example_dags/example_python_operator.py
[2024-12-14 15:53:10,045] {processor.py:641} INFO - Processing file /home/dev/curso/ambientevirtual/lib/python3.9/site-packages/airflow/example_dags/example_python_operator.py for tasks to queue
[2024-12-14 15:53:10,046] {logging_mixin.py:115} INFO - [2024-12-14 15:53:10,046] {dagbag.py:507} INFO - Filling up the DagBag from /home/dev/curso/ambientevirtual/lib/python3.9/site-packages/airflow/example_dags/example_python_operator.py
[2024-12-14 15:53:10,112] {logging_mixin.py:115} INFO - [2024-12-14 15:53:10,111] {example_python_operator.py:68} WARNING - The virtalenv_python example task requires virtualenv, please install it.
[2024-12-14 15:53:10,112] {processor.py:651} INFO - DAG(s) dict_keys(['example_python_operator']) retrieved from /home/dev/curso/ambientevirtual/lib/python3.9/site-packages/airflow/example_dags/example_python_operator.py
[2024-12-14 15:53:10,131] {logging_mixin.py:115} INFO - [2024-12-14 15:53:10,131] {dag.py:2379} INFO - Sync 1 DAGs
[2024-12-14 15:53:10,150] {logging_mixin.py:115} INFO - [2024-12-14 15:53:10,150] {dag.py:2927} INFO - Setting next_dagrun for example_python_operator to None, run_after=None
[2024-12-14 15:53:10,167] {processor.py:161} INFO - Processing /home/dev/curso/ambientevirtual/lib/python3.9/site-packages/airflow/example_dags/example_python_operator.py took 0.132 seconds
[2024-12-14 15:53:45,051] {processor.py:153} INFO - Started process (PID=48632) to work on /home/dev/curso/ambientevirtual/lib/python3.9/site-packages/airflow/example_dags/example_python_operator.py
[2024-12-14 15:53:45,052] {processor.py:641} INFO - Processing file /home/dev/curso/ambientevirtual/lib/python3.9/site-packages/airflow/example_dags/example_python_operator.py for tasks to queue
[2024-12-14 15:53:45,053] {logging_mixin.py:115} INFO - [2024-12-14 15:53:45,053] {dagbag.py:507} INFO - Filling up the DagBag from /home/dev/curso/ambientevirtual/lib/python3.9/site-packages/airflow/example_dags/example_python_operator.py
[2024-12-14 15:53:45,115] {logging_mixin.py:115} INFO - [2024-12-14 15:53:45,115] {example_python_operator.py:68} WARNING - The virtalenv_python example task requires virtualenv, please install it.
[2024-12-14 15:53:45,115] {processor.py:651} INFO - DAG(s) dict_keys(['example_python_operator']) retrieved from /home/dev/curso/ambientevirtual/lib/python3.9/site-packages/airflow/example_dags/example_python_operator.py
[2024-12-14 15:53:45,134] {logging_mixin.py:115} INFO - [2024-12-14 15:53:45,134] {dag.py:2379} INFO - Sync 1 DAGs
[2024-12-14 15:53:45,153] {logging_mixin.py:115} INFO - [2024-12-14 15:53:45,153] {dag.py:2927} INFO - Setting next_dagrun for example_python_operator to None, run_after=None
[2024-12-14 15:53:45,169] {processor.py:161} INFO - Processing /home/dev/curso/ambientevirtual/lib/python3.9/site-packages/airflow/example_dags/example_python_operator.py took 0.125 seconds
[2024-12-14 15:54:20,688] {processor.py:153} INFO - Started process (PID=48762) to work on /home/dev/curso/ambientevirtual/lib/python3.9/site-packages/airflow/example_dags/example_python_operator.py
[2024-12-14 15:54:20,690] {processor.py:641} INFO - Processing file /home/dev/curso/ambientevirtual/lib/python3.9/site-packages/airflow/example_dags/example_python_operator.py for tasks to queue
[2024-12-14 15:54:20,690] {logging_mixin.py:115} INFO - [2024-12-14 15:54:20,690] {dagbag.py:507} INFO - Filling up the DagBag from /home/dev/curso/ambientevirtual/lib/python3.9/site-packages/airflow/example_dags/example_python_operator.py
[2024-12-14 15:54:20,741] {logging_mixin.py:115} INFO - [2024-12-14 15:54:20,741] {example_python_operator.py:68} WARNING - The virtalenv_python example task requires virtualenv, please install it.
[2024-12-14 15:54:20,742] {processor.py:651} INFO - DAG(s) dict_keys(['example_python_operator']) retrieved from /home/dev/curso/ambientevirtual/lib/python3.9/site-packages/airflow/example_dags/example_python_operator.py
[2024-12-14 15:54:20,762] {logging_mixin.py:115} INFO - [2024-12-14 15:54:20,762] {dag.py:2379} INFO - Sync 1 DAGs
[2024-12-14 15:54:20,781] {logging_mixin.py:115} INFO - [2024-12-14 15:54:20,781] {dag.py:2927} INFO - Setting next_dagrun for example_python_operator to None, run_after=None
[2024-12-14 15:54:20,798] {processor.py:161} INFO - Processing /home/dev/curso/ambientevirtual/lib/python3.9/site-packages/airflow/example_dags/example_python_operator.py took 0.114 seconds
[2024-12-14 15:54:57,565] {processor.py:153} INFO - Started process (PID=48898) to work on /home/dev/curso/ambientevirtual/lib/python3.9/site-packages/airflow/example_dags/example_python_operator.py
[2024-12-14 15:54:57,566] {processor.py:641} INFO - Processing file /home/dev/curso/ambientevirtual/lib/python3.9/site-packages/airflow/example_dags/example_python_operator.py for tasks to queue
[2024-12-14 15:54:57,567] {logging_mixin.py:115} INFO - [2024-12-14 15:54:57,567] {dagbag.py:507} INFO - Filling up the DagBag from /home/dev/curso/ambientevirtual/lib/python3.9/site-packages/airflow/example_dags/example_python_operator.py
[2024-12-14 15:54:57,645] {logging_mixin.py:115} INFO - [2024-12-14 15:54:57,644] {example_python_operator.py:68} WARNING - The virtalenv_python example task requires virtualenv, please install it.
[2024-12-14 15:54:57,645] {processor.py:651} INFO - DAG(s) dict_keys(['example_python_operator']) retrieved from /home/dev/curso/ambientevirtual/lib/python3.9/site-packages/airflow/example_dags/example_python_operator.py
[2024-12-14 15:54:57,664] {logging_mixin.py:115} INFO - [2024-12-14 15:54:57,664] {dag.py:2379} INFO - Sync 1 DAGs
[2024-12-14 15:54:57,688] {logging_mixin.py:115} INFO - [2024-12-14 15:54:57,688] {dag.py:2927} INFO - Setting next_dagrun for example_python_operator to None, run_after=None
[2024-12-14 15:54:57,708] {processor.py:161} INFO - Processing /home/dev/curso/ambientevirtual/lib/python3.9/site-packages/airflow/example_dags/example_python_operator.py took 0.147 seconds
[2024-12-14 15:55:36,962] {processor.py:153} INFO - Started process (PID=49036) to work on /home/dev/curso/ambientevirtual/lib/python3.9/site-packages/airflow/example_dags/example_python_operator.py
[2024-12-14 15:55:36,964] {processor.py:641} INFO - Processing file /home/dev/curso/ambientevirtual/lib/python3.9/site-packages/airflow/example_dags/example_python_operator.py for tasks to queue
[2024-12-14 15:55:36,964] {logging_mixin.py:115} INFO - [2024-12-14 15:55:36,964] {dagbag.py:507} INFO - Filling up the DagBag from /home/dev/curso/ambientevirtual/lib/python3.9/site-packages/airflow/example_dags/example_python_operator.py
[2024-12-14 15:55:37,025] {logging_mixin.py:115} INFO - [2024-12-14 15:55:37,025] {example_python_operator.py:68} WARNING - The virtalenv_python example task requires virtualenv, please install it.
[2024-12-14 15:55:37,025] {processor.py:651} INFO - DAG(s) dict_keys(['example_python_operator']) retrieved from /home/dev/curso/ambientevirtual/lib/python3.9/site-packages/airflow/example_dags/example_python_operator.py
[2024-12-14 15:55:37,048] {logging_mixin.py:115} INFO - [2024-12-14 15:55:37,048] {dag.py:2379} INFO - Sync 1 DAGs
[2024-12-14 15:55:37,070] {logging_mixin.py:115} INFO - [2024-12-14 15:55:37,070] {dag.py:2927} INFO - Setting next_dagrun for example_python_operator to None, run_after=None
[2024-12-14 15:55:37,086] {processor.py:161} INFO - Processing /home/dev/curso/ambientevirtual/lib/python3.9/site-packages/airflow/example_dags/example_python_operator.py took 0.127 seconds
[2024-12-14 15:56:16,969] {processor.py:153} INFO - Started process (PID=49182) to work on /home/dev/curso/ambientevirtual/lib/python3.9/site-packages/airflow/example_dags/example_python_operator.py
[2024-12-14 15:56:16,972] {processor.py:641} INFO - Processing file /home/dev/curso/ambientevirtual/lib/python3.9/site-packages/airflow/example_dags/example_python_operator.py for tasks to queue
[2024-12-14 15:56:16,973] {logging_mixin.py:115} INFO - [2024-12-14 15:56:16,973] {dagbag.py:507} INFO - Filling up the DagBag from /home/dev/curso/ambientevirtual/lib/python3.9/site-packages/airflow/example_dags/example_python_operator.py
[2024-12-14 15:56:17,030] {logging_mixin.py:115} INFO - [2024-12-14 15:56:17,029] {example_python_operator.py:68} WARNING - The virtalenv_python example task requires virtualenv, please install it.
[2024-12-14 15:56:17,030] {processor.py:651} INFO - DAG(s) dict_keys(['example_python_operator']) retrieved from /home/dev/curso/ambientevirtual/lib/python3.9/site-packages/airflow/example_dags/example_python_operator.py
[2024-12-14 15:56:17,053] {logging_mixin.py:115} INFO - [2024-12-14 15:56:17,053] {dag.py:2379} INFO - Sync 1 DAGs
[2024-12-14 15:56:17,078] {logging_mixin.py:115} INFO - [2024-12-14 15:56:17,077] {dag.py:2927} INFO - Setting next_dagrun for example_python_operator to None, run_after=None
[2024-12-14 15:56:17,100] {processor.py:161} INFO - Processing /home/dev/curso/ambientevirtual/lib/python3.9/site-packages/airflow/example_dags/example_python_operator.py took 0.135 seconds
[2024-12-14 15:56:55,199] {processor.py:153} INFO - Started process (PID=49384) to work on /home/dev/curso/ambientevirtual/lib/python3.9/site-packages/airflow/example_dags/example_python_operator.py
[2024-12-14 15:56:55,201] {processor.py:641} INFO - Processing file /home/dev/curso/ambientevirtual/lib/python3.9/site-packages/airflow/example_dags/example_python_operator.py for tasks to queue
[2024-12-14 15:56:55,201] {logging_mixin.py:115} INFO - [2024-12-14 15:56:55,201] {dagbag.py:507} INFO - Filling up the DagBag from /home/dev/curso/ambientevirtual/lib/python3.9/site-packages/airflow/example_dags/example_python_operator.py
[2024-12-14 15:56:55,265] {logging_mixin.py:115} INFO - [2024-12-14 15:56:55,265] {example_python_operator.py:68} WARNING - The virtalenv_python example task requires virtualenv, please install it.
[2024-12-14 15:56:55,266] {processor.py:651} INFO - DAG(s) dict_keys(['example_python_operator']) retrieved from /home/dev/curso/ambientevirtual/lib/python3.9/site-packages/airflow/example_dags/example_python_operator.py
[2024-12-14 15:56:55,290] {logging_mixin.py:115} INFO - [2024-12-14 15:56:55,290] {dag.py:2379} INFO - Sync 1 DAGs
[2024-12-14 15:56:55,313] {logging_mixin.py:115} INFO - [2024-12-14 15:56:55,313] {dag.py:2927} INFO - Setting next_dagrun for example_python_operator to None, run_after=None
[2024-12-14 15:56:55,332] {processor.py:161} INFO - Processing /home/dev/curso/ambientevirtual/lib/python3.9/site-packages/airflow/example_dags/example_python_operator.py took 0.136 seconds
[2024-12-14 15:57:32,132] {processor.py:153} INFO - Started process (PID=49514) to work on /home/dev/curso/ambientevirtual/lib/python3.9/site-packages/airflow/example_dags/example_python_operator.py
[2024-12-14 15:57:32,133] {processor.py:641} INFO - Processing file /home/dev/curso/ambientevirtual/lib/python3.9/site-packages/airflow/example_dags/example_python_operator.py for tasks to queue
[2024-12-14 15:57:32,135] {logging_mixin.py:115} INFO - [2024-12-14 15:57:32,134] {dagbag.py:507} INFO - Filling up the DagBag from /home/dev/curso/ambientevirtual/lib/python3.9/site-packages/airflow/example_dags/example_python_operator.py
[2024-12-14 15:57:32,191] {logging_mixin.py:115} INFO - [2024-12-14 15:57:32,191] {example_python_operator.py:68} WARNING - The virtalenv_python example task requires virtualenv, please install it.
[2024-12-14 15:57:32,192] {processor.py:651} INFO - DAG(s) dict_keys(['example_python_operator']) retrieved from /home/dev/curso/ambientevirtual/lib/python3.9/site-packages/airflow/example_dags/example_python_operator.py
[2024-12-14 15:57:32,215] {logging_mixin.py:115} INFO - [2024-12-14 15:57:32,215] {dag.py:2379} INFO - Sync 1 DAGs
[2024-12-14 15:57:32,235] {logging_mixin.py:115} INFO - [2024-12-14 15:57:32,235] {dag.py:2927} INFO - Setting next_dagrun for example_python_operator to None, run_after=None
[2024-12-14 15:57:32,257] {processor.py:161} INFO - Processing /home/dev/curso/ambientevirtual/lib/python3.9/site-packages/airflow/example_dags/example_python_operator.py took 0.131 seconds
[2024-12-14 15:58:12,270] {processor.py:153} INFO - Started process (PID=49666) to work on /home/dev/curso/ambientevirtual/lib/python3.9/site-packages/airflow/example_dags/example_python_operator.py
[2024-12-14 15:58:12,271] {processor.py:641} INFO - Processing file /home/dev/curso/ambientevirtual/lib/python3.9/site-packages/airflow/example_dags/example_python_operator.py for tasks to queue
[2024-12-14 15:58:12,271] {logging_mixin.py:115} INFO - [2024-12-14 15:58:12,271] {dagbag.py:507} INFO - Filling up the DagBag from /home/dev/curso/ambientevirtual/lib/python3.9/site-packages/airflow/example_dags/example_python_operator.py
[2024-12-14 15:58:12,339] {logging_mixin.py:115} INFO - [2024-12-14 15:58:12,339] {example_python_operator.py:68} WARNING - The virtalenv_python example task requires virtualenv, please install it.
[2024-12-14 15:58:12,340] {processor.py:651} INFO - DAG(s) dict_keys(['example_python_operator']) retrieved from /home/dev/curso/ambientevirtual/lib/python3.9/site-packages/airflow/example_dags/example_python_operator.py
[2024-12-14 15:58:12,363] {logging_mixin.py:115} INFO - [2024-12-14 15:58:12,363] {dag.py:2379} INFO - Sync 1 DAGs
[2024-12-14 15:58:12,384] {logging_mixin.py:115} INFO - [2024-12-14 15:58:12,383] {dag.py:2927} INFO - Setting next_dagrun for example_python_operator to None, run_after=None
[2024-12-14 15:58:12,407] {processor.py:161} INFO - Processing /home/dev/curso/ambientevirtual/lib/python3.9/site-packages/airflow/example_dags/example_python_operator.py took 0.141 seconds
[2024-12-14 15:58:47,175] {processor.py:153} INFO - Started process (PID=49789) to work on /home/dev/curso/ambientevirtual/lib/python3.9/site-packages/airflow/example_dags/example_python_operator.py
[2024-12-14 15:58:47,177] {processor.py:641} INFO - Processing file /home/dev/curso/ambientevirtual/lib/python3.9/site-packages/airflow/example_dags/example_python_operator.py for tasks to queue
[2024-12-14 15:58:47,178] {logging_mixin.py:115} INFO - [2024-12-14 15:58:47,178] {dagbag.py:507} INFO - Filling up the DagBag from /home/dev/curso/ambientevirtual/lib/python3.9/site-packages/airflow/example_dags/example_python_operator.py
[2024-12-14 15:58:47,245] {logging_mixin.py:115} INFO - [2024-12-14 15:58:47,244] {example_python_operator.py:68} WARNING - The virtalenv_python example task requires virtualenv, please install it.
[2024-12-14 15:58:47,245] {processor.py:651} INFO - DAG(s) dict_keys(['example_python_operator']) retrieved from /home/dev/curso/ambientevirtual/lib/python3.9/site-packages/airflow/example_dags/example_python_operator.py
[2024-12-14 15:58:47,264] {logging_mixin.py:115} INFO - [2024-12-14 15:58:47,264] {dag.py:2379} INFO - Sync 1 DAGs
[2024-12-14 15:58:47,283] {logging_mixin.py:115} INFO - [2024-12-14 15:58:47,283] {dag.py:2927} INFO - Setting next_dagrun for example_python_operator to None, run_after=None
[2024-12-14 15:58:47,300] {processor.py:161} INFO - Processing /home/dev/curso/ambientevirtual/lib/python3.9/site-packages/airflow/example_dags/example_python_operator.py took 0.133 seconds
[2024-12-14 15:59:23,714] {processor.py:153} INFO - Started process (PID=49925) to work on /home/dev/curso/ambientevirtual/lib/python3.9/site-packages/airflow/example_dags/example_python_operator.py
[2024-12-14 15:59:23,716] {processor.py:641} INFO - Processing file /home/dev/curso/ambientevirtual/lib/python3.9/site-packages/airflow/example_dags/example_python_operator.py for tasks to queue
[2024-12-14 15:59:23,717] {logging_mixin.py:115} INFO - [2024-12-14 15:59:23,717] {dagbag.py:507} INFO - Filling up the DagBag from /home/dev/curso/ambientevirtual/lib/python3.9/site-packages/airflow/example_dags/example_python_operator.py
[2024-12-14 15:59:23,799] {logging_mixin.py:115} INFO - [2024-12-14 15:59:23,799] {example_python_operator.py:68} WARNING - The virtalenv_python example task requires virtualenv, please install it.
[2024-12-14 15:59:23,799] {processor.py:651} INFO - DAG(s) dict_keys(['example_python_operator']) retrieved from /home/dev/curso/ambientevirtual/lib/python3.9/site-packages/airflow/example_dags/example_python_operator.py
[2024-12-14 15:59:23,818] {logging_mixin.py:115} INFO - [2024-12-14 15:59:23,818] {dag.py:2379} INFO - Sync 1 DAGs
[2024-12-14 15:59:23,842] {logging_mixin.py:115} INFO - [2024-12-14 15:59:23,842] {dag.py:2927} INFO - Setting next_dagrun for example_python_operator to None, run_after=None
[2024-12-14 15:59:23,859] {processor.py:161} INFO - Processing /home/dev/curso/ambientevirtual/lib/python3.9/site-packages/airflow/example_dags/example_python_operator.py took 0.151 seconds
[2024-12-14 16:00:04,382] {processor.py:153} INFO - Started process (PID=50077) to work on /home/dev/curso/ambientevirtual/lib/python3.9/site-packages/airflow/example_dags/example_python_operator.py
[2024-12-14 16:00:04,384] {processor.py:641} INFO - Processing file /home/dev/curso/ambientevirtual/lib/python3.9/site-packages/airflow/example_dags/example_python_operator.py for tasks to queue
[2024-12-14 16:00:04,385] {logging_mixin.py:115} INFO - [2024-12-14 16:00:04,385] {dagbag.py:507} INFO - Filling up the DagBag from /home/dev/curso/ambientevirtual/lib/python3.9/site-packages/airflow/example_dags/example_python_operator.py
[2024-12-14 16:00:04,444] {logging_mixin.py:115} INFO - [2024-12-14 16:00:04,444] {example_python_operator.py:68} WARNING - The virtalenv_python example task requires virtualenv, please install it.
[2024-12-14 16:00:04,445] {processor.py:651} INFO - DAG(s) dict_keys(['example_python_operator']) retrieved from /home/dev/curso/ambientevirtual/lib/python3.9/site-packages/airflow/example_dags/example_python_operator.py
[2024-12-14 16:00:04,465] {logging_mixin.py:115} INFO - [2024-12-14 16:00:04,465] {dag.py:2379} INFO - Sync 1 DAGs
[2024-12-14 16:00:04,484] {logging_mixin.py:115} INFO - [2024-12-14 16:00:04,484] {dag.py:2927} INFO - Setting next_dagrun for example_python_operator to None, run_after=None
[2024-12-14 16:00:04,501] {processor.py:161} INFO - Processing /home/dev/curso/ambientevirtual/lib/python3.9/site-packages/airflow/example_dags/example_python_operator.py took 0.126 seconds
[2024-12-14 16:00:44,088] {processor.py:153} INFO - Started process (PID=50214) to work on /home/dev/curso/ambientevirtual/lib/python3.9/site-packages/airflow/example_dags/example_python_operator.py
[2024-12-14 16:00:44,089] {processor.py:641} INFO - Processing file /home/dev/curso/ambientevirtual/lib/python3.9/site-packages/airflow/example_dags/example_python_operator.py for tasks to queue
[2024-12-14 16:00:44,090] {logging_mixin.py:115} INFO - [2024-12-14 16:00:44,090] {dagbag.py:507} INFO - Filling up the DagBag from /home/dev/curso/ambientevirtual/lib/python3.9/site-packages/airflow/example_dags/example_python_operator.py
[2024-12-14 16:00:44,137] {logging_mixin.py:115} INFO - [2024-12-14 16:00:44,137] {example_python_operator.py:68} WARNING - The virtalenv_python example task requires virtualenv, please install it.
[2024-12-14 16:00:44,137] {processor.py:651} INFO - DAG(s) dict_keys(['example_python_operator']) retrieved from /home/dev/curso/ambientevirtual/lib/python3.9/site-packages/airflow/example_dags/example_python_operator.py
[2024-12-14 16:00:44,155] {logging_mixin.py:115} INFO - [2024-12-14 16:00:44,155] {dag.py:2379} INFO - Sync 1 DAGs
[2024-12-14 16:00:44,174] {logging_mixin.py:115} INFO - [2024-12-14 16:00:44,174] {dag.py:2927} INFO - Setting next_dagrun for example_python_operator to None, run_after=None
[2024-12-14 16:00:44,189] {processor.py:161} INFO - Processing /home/dev/curso/ambientevirtual/lib/python3.9/site-packages/airflow/example_dags/example_python_operator.py took 0.104 seconds
[2024-12-14 16:01:24,125] {processor.py:153} INFO - Started process (PID=50534) to work on /home/dev/curso/ambientevirtual/lib/python3.9/site-packages/airflow/example_dags/example_python_operator.py
[2024-12-14 16:01:24,127] {processor.py:641} INFO - Processing file /home/dev/curso/ambientevirtual/lib/python3.9/site-packages/airflow/example_dags/example_python_operator.py for tasks to queue
[2024-12-14 16:01:24,129] {logging_mixin.py:115} INFO - [2024-12-14 16:01:24,127] {dagbag.py:507} INFO - Filling up the DagBag from /home/dev/curso/ambientevirtual/lib/python3.9/site-packages/airflow/example_dags/example_python_operator.py
[2024-12-14 16:01:24,207] {logging_mixin.py:115} INFO - [2024-12-14 16:01:24,207] {example_python_operator.py:68} WARNING - The virtalenv_python example task requires virtualenv, please install it.
[2024-12-14 16:01:24,208] {processor.py:651} INFO - DAG(s) dict_keys(['example_python_operator']) retrieved from /home/dev/curso/ambientevirtual/lib/python3.9/site-packages/airflow/example_dags/example_python_operator.py
[2024-12-14 16:01:24,232] {logging_mixin.py:115} INFO - [2024-12-14 16:01:24,232] {dag.py:2379} INFO - Sync 1 DAGs
[2024-12-14 16:01:24,262] {logging_mixin.py:115} INFO - [2024-12-14 16:01:24,262] {dag.py:2927} INFO - Setting next_dagrun for example_python_operator to None, run_after=None
[2024-12-14 16:01:24,282] {processor.py:161} INFO - Processing /home/dev/curso/ambientevirtual/lib/python3.9/site-packages/airflow/example_dags/example_python_operator.py took 0.160 seconds
[2024-12-14 16:02:01,099] {processor.py:153} INFO - Started process (PID=50671) to work on /home/dev/curso/ambientevirtual/lib/python3.9/site-packages/airflow/example_dags/example_python_operator.py
[2024-12-14 16:02:01,100] {processor.py:641} INFO - Processing file /home/dev/curso/ambientevirtual/lib/python3.9/site-packages/airflow/example_dags/example_python_operator.py for tasks to queue
[2024-12-14 16:02:01,101] {logging_mixin.py:115} INFO - [2024-12-14 16:02:01,101] {dagbag.py:507} INFO - Filling up the DagBag from /home/dev/curso/ambientevirtual/lib/python3.9/site-packages/airflow/example_dags/example_python_operator.py
[2024-12-14 16:02:01,168] {logging_mixin.py:115} INFO - [2024-12-14 16:02:01,168] {example_python_operator.py:68} WARNING - The virtalenv_python example task requires virtualenv, please install it.
[2024-12-14 16:02:01,168] {processor.py:651} INFO - DAG(s) dict_keys(['example_python_operator']) retrieved from /home/dev/curso/ambientevirtual/lib/python3.9/site-packages/airflow/example_dags/example_python_operator.py
[2024-12-14 16:02:01,189] {logging_mixin.py:115} INFO - [2024-12-14 16:02:01,189] {dag.py:2379} INFO - Sync 1 DAGs
[2024-12-14 16:02:01,221] {logging_mixin.py:115} INFO - [2024-12-14 16:02:01,220] {dag.py:2927} INFO - Setting next_dagrun for example_python_operator to None, run_after=None
[2024-12-14 16:02:01,243] {processor.py:161} INFO - Processing /home/dev/curso/ambientevirtual/lib/python3.9/site-packages/airflow/example_dags/example_python_operator.py took 0.150 seconds
[2024-12-14 16:02:38,056] {processor.py:153} INFO - Started process (PID=50861) to work on /home/dev/curso/ambientevirtual/lib/python3.9/site-packages/airflow/example_dags/example_python_operator.py
[2024-12-14 16:02:38,057] {processor.py:641} INFO - Processing file /home/dev/curso/ambientevirtual/lib/python3.9/site-packages/airflow/example_dags/example_python_operator.py for tasks to queue
[2024-12-14 16:02:38,057] {logging_mixin.py:115} INFO - [2024-12-14 16:02:38,057] {dagbag.py:507} INFO - Filling up the DagBag from /home/dev/curso/ambientevirtual/lib/python3.9/site-packages/airflow/example_dags/example_python_operator.py
[2024-12-14 16:02:38,107] {logging_mixin.py:115} INFO - [2024-12-14 16:02:38,107] {example_python_operator.py:68} WARNING - The virtalenv_python example task requires virtualenv, please install it.
[2024-12-14 16:02:38,107] {processor.py:651} INFO - DAG(s) dict_keys(['example_python_operator']) retrieved from /home/dev/curso/ambientevirtual/lib/python3.9/site-packages/airflow/example_dags/example_python_operator.py
[2024-12-14 16:02:38,127] {logging_mixin.py:115} INFO - [2024-12-14 16:02:38,127] {dag.py:2379} INFO - Sync 1 DAGs
[2024-12-14 16:02:38,149] {logging_mixin.py:115} INFO - [2024-12-14 16:02:38,149] {dag.py:2927} INFO - Setting next_dagrun for example_python_operator to None, run_after=None
[2024-12-14 16:02:38,169] {processor.py:161} INFO - Processing /home/dev/curso/ambientevirtual/lib/python3.9/site-packages/airflow/example_dags/example_python_operator.py took 0.118 seconds
[2024-12-14 16:03:17,124] {processor.py:153} INFO - Started process (PID=51007) to work on /home/dev/curso/ambientevirtual/lib/python3.9/site-packages/airflow/example_dags/example_python_operator.py
[2024-12-14 16:03:17,125] {processor.py:641} INFO - Processing file /home/dev/curso/ambientevirtual/lib/python3.9/site-packages/airflow/example_dags/example_python_operator.py for tasks to queue
[2024-12-14 16:03:17,126] {logging_mixin.py:115} INFO - [2024-12-14 16:03:17,126] {dagbag.py:507} INFO - Filling up the DagBag from /home/dev/curso/ambientevirtual/lib/python3.9/site-packages/airflow/example_dags/example_python_operator.py
[2024-12-14 16:03:17,184] {logging_mixin.py:115} INFO - [2024-12-14 16:03:17,184] {example_python_operator.py:68} WARNING - The virtalenv_python example task requires virtualenv, please install it.
[2024-12-14 16:03:17,185] {processor.py:651} INFO - DAG(s) dict_keys(['example_python_operator']) retrieved from /home/dev/curso/ambientevirtual/lib/python3.9/site-packages/airflow/example_dags/example_python_operator.py
[2024-12-14 16:03:17,204] {logging_mixin.py:115} INFO - [2024-12-14 16:03:17,203] {dag.py:2379} INFO - Sync 1 DAGs
[2024-12-14 16:03:17,223] {logging_mixin.py:115} INFO - [2024-12-14 16:03:17,223] {dag.py:2927} INFO - Setting next_dagrun for example_python_operator to None, run_after=None
[2024-12-14 16:03:17,240] {processor.py:161} INFO - Processing /home/dev/curso/ambientevirtual/lib/python3.9/site-packages/airflow/example_dags/example_python_operator.py took 0.123 seconds
[2024-12-14 16:03:53,476] {processor.py:153} INFO - Started process (PID=51143) to work on /home/dev/curso/ambientevirtual/lib/python3.9/site-packages/airflow/example_dags/example_python_operator.py
[2024-12-14 16:03:53,477] {processor.py:641} INFO - Processing file /home/dev/curso/ambientevirtual/lib/python3.9/site-packages/airflow/example_dags/example_python_operator.py for tasks to queue
[2024-12-14 16:03:53,477] {logging_mixin.py:115} INFO - [2024-12-14 16:03:53,477] {dagbag.py:507} INFO - Filling up the DagBag from /home/dev/curso/ambientevirtual/lib/python3.9/site-packages/airflow/example_dags/example_python_operator.py
[2024-12-14 16:03:53,526] {logging_mixin.py:115} INFO - [2024-12-14 16:03:53,526] {example_python_operator.py:68} WARNING - The virtalenv_python example task requires virtualenv, please install it.
[2024-12-14 16:03:53,527] {processor.py:651} INFO - DAG(s) dict_keys(['example_python_operator']) retrieved from /home/dev/curso/ambientevirtual/lib/python3.9/site-packages/airflow/example_dags/example_python_operator.py
[2024-12-14 16:03:53,546] {logging_mixin.py:115} INFO - [2024-12-14 16:03:53,546] {dag.py:2379} INFO - Sync 1 DAGs
[2024-12-14 16:03:53,565] {logging_mixin.py:115} INFO - [2024-12-14 16:03:53,565] {dag.py:2927} INFO - Setting next_dagrun for example_python_operator to None, run_after=None
[2024-12-14 16:03:53,584] {processor.py:161} INFO - Processing /home/dev/curso/ambientevirtual/lib/python3.9/site-packages/airflow/example_dags/example_python_operator.py took 0.112 seconds
[2024-12-14 16:04:33,341] {processor.py:153} INFO - Started process (PID=51289) to work on /home/dev/curso/ambientevirtual/lib/python3.9/site-packages/airflow/example_dags/example_python_operator.py
[2024-12-14 16:04:33,343] {processor.py:641} INFO - Processing file /home/dev/curso/ambientevirtual/lib/python3.9/site-packages/airflow/example_dags/example_python_operator.py for tasks to queue
[2024-12-14 16:04:33,344] {logging_mixin.py:115} INFO - [2024-12-14 16:04:33,344] {dagbag.py:507} INFO - Filling up the DagBag from /home/dev/curso/ambientevirtual/lib/python3.9/site-packages/airflow/example_dags/example_python_operator.py
[2024-12-14 16:04:33,397] {logging_mixin.py:115} INFO - [2024-12-14 16:04:33,397] {example_python_operator.py:68} WARNING - The virtalenv_python example task requires virtualenv, please install it.
[2024-12-14 16:04:33,398] {processor.py:651} INFO - DAG(s) dict_keys(['example_python_operator']) retrieved from /home/dev/curso/ambientevirtual/lib/python3.9/site-packages/airflow/example_dags/example_python_operator.py
[2024-12-14 16:04:33,417] {logging_mixin.py:115} INFO - [2024-12-14 16:04:33,417] {dag.py:2379} INFO - Sync 1 DAGs
[2024-12-14 16:04:33,437] {logging_mixin.py:115} INFO - [2024-12-14 16:04:33,437] {dag.py:2927} INFO - Setting next_dagrun for example_python_operator to None, run_after=None
[2024-12-14 16:04:33,455] {processor.py:161} INFO - Processing /home/dev/curso/ambientevirtual/lib/python3.9/site-packages/airflow/example_dags/example_python_operator.py took 0.118 seconds
[2024-12-14 16:05:11,281] {processor.py:153} INFO - Started process (PID=51426) to work on /home/dev/curso/ambientevirtual/lib/python3.9/site-packages/airflow/example_dags/example_python_operator.py
[2024-12-14 16:05:11,283] {processor.py:641} INFO - Processing file /home/dev/curso/ambientevirtual/lib/python3.9/site-packages/airflow/example_dags/example_python_operator.py for tasks to queue
[2024-12-14 16:05:11,283] {logging_mixin.py:115} INFO - [2024-12-14 16:05:11,283] {dagbag.py:507} INFO - Filling up the DagBag from /home/dev/curso/ambientevirtual/lib/python3.9/site-packages/airflow/example_dags/example_python_operator.py
[2024-12-14 16:05:11,346] {logging_mixin.py:115} INFO - [2024-12-14 16:05:11,346] {example_python_operator.py:68} WARNING - The virtalenv_python example task requires virtualenv, please install it.
[2024-12-14 16:05:11,347] {processor.py:651} INFO - DAG(s) dict_keys(['example_python_operator']) retrieved from /home/dev/curso/ambientevirtual/lib/python3.9/site-packages/airflow/example_dags/example_python_operator.py
[2024-12-14 16:05:11,368] {logging_mixin.py:115} INFO - [2024-12-14 16:05:11,368] {dag.py:2379} INFO - Sync 1 DAGs
[2024-12-14 16:05:11,401] {logging_mixin.py:115} INFO - [2024-12-14 16:05:11,400] {dag.py:2927} INFO - Setting next_dagrun for example_python_operator to None, run_after=None
[2024-12-14 16:05:11,418] {processor.py:161} INFO - Processing /home/dev/curso/ambientevirtual/lib/python3.9/site-packages/airflow/example_dags/example_python_operator.py took 0.141 seconds
[2024-12-14 16:05:45,486] {processor.py:153} INFO - Started process (PID=51549) to work on /home/dev/curso/ambientevirtual/lib/python3.9/site-packages/airflow/example_dags/example_python_operator.py
[2024-12-14 16:05:45,487] {processor.py:641} INFO - Processing file /home/dev/curso/ambientevirtual/lib/python3.9/site-packages/airflow/example_dags/example_python_operator.py for tasks to queue
[2024-12-14 16:05:45,487] {logging_mixin.py:115} INFO - [2024-12-14 16:05:45,487] {dagbag.py:507} INFO - Filling up the DagBag from /home/dev/curso/ambientevirtual/lib/python3.9/site-packages/airflow/example_dags/example_python_operator.py
[2024-12-14 16:05:45,550] {logging_mixin.py:115} INFO - [2024-12-14 16:05:45,549] {example_python_operator.py:68} WARNING - The virtalenv_python example task requires virtualenv, please install it.
[2024-12-14 16:05:45,550] {processor.py:651} INFO - DAG(s) dict_keys(['example_python_operator']) retrieved from /home/dev/curso/ambientevirtual/lib/python3.9/site-packages/airflow/example_dags/example_python_operator.py
[2024-12-14 16:05:45,570] {logging_mixin.py:115} INFO - [2024-12-14 16:05:45,570] {dag.py:2379} INFO - Sync 1 DAGs
[2024-12-14 16:05:45,594] {logging_mixin.py:115} INFO - [2024-12-14 16:05:45,594] {dag.py:2927} INFO - Setting next_dagrun for example_python_operator to None, run_after=None
[2024-12-14 16:05:45,615] {processor.py:161} INFO - Processing /home/dev/curso/ambientevirtual/lib/python3.9/site-packages/airflow/example_dags/example_python_operator.py took 0.136 seconds
[2024-12-14 16:06:24,557] {processor.py:153} INFO - Started process (PID=51753) to work on /home/dev/curso/ambientevirtual/lib/python3.9/site-packages/airflow/example_dags/example_python_operator.py
[2024-12-14 16:06:24,558] {processor.py:641} INFO - Processing file /home/dev/curso/ambientevirtual/lib/python3.9/site-packages/airflow/example_dags/example_python_operator.py for tasks to queue
[2024-12-14 16:06:24,559] {logging_mixin.py:115} INFO - [2024-12-14 16:06:24,559] {dagbag.py:507} INFO - Filling up the DagBag from /home/dev/curso/ambientevirtual/lib/python3.9/site-packages/airflow/example_dags/example_python_operator.py
[2024-12-14 16:06:24,619] {logging_mixin.py:115} INFO - [2024-12-14 16:06:24,619] {example_python_operator.py:68} WARNING - The virtalenv_python example task requires virtualenv, please install it.
[2024-12-14 16:06:24,620] {processor.py:651} INFO - DAG(s) dict_keys(['example_python_operator']) retrieved from /home/dev/curso/ambientevirtual/lib/python3.9/site-packages/airflow/example_dags/example_python_operator.py
[2024-12-14 16:06:24,637] {logging_mixin.py:115} INFO - [2024-12-14 16:06:24,637] {dag.py:2379} INFO - Sync 1 DAGs
[2024-12-14 16:06:24,656] {logging_mixin.py:115} INFO - [2024-12-14 16:06:24,656] {dag.py:2927} INFO - Setting next_dagrun for example_python_operator to None, run_after=None
[2024-12-14 16:06:24,680] {processor.py:161} INFO - Processing /home/dev/curso/ambientevirtual/lib/python3.9/site-packages/airflow/example_dags/example_python_operator.py took 0.127 seconds
[2024-12-14 16:07:07,926] {processor.py:153} INFO - Started process (PID=51905) to work on /home/dev/curso/ambientevirtual/lib/python3.9/site-packages/airflow/example_dags/example_python_operator.py
[2024-12-14 16:07:07,927] {processor.py:641} INFO - Processing file /home/dev/curso/ambientevirtual/lib/python3.9/site-packages/airflow/example_dags/example_python_operator.py for tasks to queue
[2024-12-14 16:07:07,928] {logging_mixin.py:115} INFO - [2024-12-14 16:07:07,927] {dagbag.py:507} INFO - Filling up the DagBag from /home/dev/curso/ambientevirtual/lib/python3.9/site-packages/airflow/example_dags/example_python_operator.py
[2024-12-14 16:07:08,020] {logging_mixin.py:115} INFO - [2024-12-14 16:07:08,020] {example_python_operator.py:68} WARNING - The virtalenv_python example task requires virtualenv, please install it.
[2024-12-14 16:07:08,021] {processor.py:651} INFO - DAG(s) dict_keys(['example_python_operator']) retrieved from /home/dev/curso/ambientevirtual/lib/python3.9/site-packages/airflow/example_dags/example_python_operator.py
[2024-12-14 16:07:08,045] {logging_mixin.py:115} INFO - [2024-12-14 16:07:08,045] {dag.py:2379} INFO - Sync 1 DAGs
[2024-12-14 16:07:08,070] {logging_mixin.py:115} INFO - [2024-12-14 16:07:08,070] {dag.py:2927} INFO - Setting next_dagrun for example_python_operator to None, run_after=None
[2024-12-14 16:07:08,091] {processor.py:161} INFO - Processing /home/dev/curso/ambientevirtual/lib/python3.9/site-packages/airflow/example_dags/example_python_operator.py took 0.170 seconds
[2024-12-14 16:07:45,342] {processor.py:153} INFO - Started process (PID=52103) to work on /home/dev/curso/ambientevirtual/lib/python3.9/site-packages/airflow/example_dags/example_python_operator.py
[2024-12-14 16:07:45,343] {processor.py:641} INFO - Processing file /home/dev/curso/ambientevirtual/lib/python3.9/site-packages/airflow/example_dags/example_python_operator.py for tasks to queue
[2024-12-14 16:07:45,344] {logging_mixin.py:115} INFO - [2024-12-14 16:07:45,344] {dagbag.py:507} INFO - Filling up the DagBag from /home/dev/curso/ambientevirtual/lib/python3.9/site-packages/airflow/example_dags/example_python_operator.py
[2024-12-14 16:07:45,413] {logging_mixin.py:115} INFO - [2024-12-14 16:07:45,412] {example_python_operator.py:68} WARNING - The virtalenv_python example task requires virtualenv, please install it.
[2024-12-14 16:07:45,413] {processor.py:651} INFO - DAG(s) dict_keys(['example_python_operator']) retrieved from /home/dev/curso/ambientevirtual/lib/python3.9/site-packages/airflow/example_dags/example_python_operator.py
[2024-12-14 16:07:45,437] {logging_mixin.py:115} INFO - [2024-12-14 16:07:45,437] {dag.py:2379} INFO - Sync 1 DAGs
[2024-12-14 16:07:45,462] {logging_mixin.py:115} INFO - [2024-12-14 16:07:45,462] {dag.py:2927} INFO - Setting next_dagrun for example_python_operator to None, run_after=None
[2024-12-14 16:07:45,481] {processor.py:161} INFO - Processing /home/dev/curso/ambientevirtual/lib/python3.9/site-packages/airflow/example_dags/example_python_operator.py took 0.145 seconds
[2024-12-14 16:08:21,641] {processor.py:153} INFO - Started process (PID=52292) to work on /home/dev/curso/ambientevirtual/lib/python3.9/site-packages/airflow/example_dags/example_python_operator.py
[2024-12-14 16:08:21,642] {processor.py:641} INFO - Processing file /home/dev/curso/ambientevirtual/lib/python3.9/site-packages/airflow/example_dags/example_python_operator.py for tasks to queue
[2024-12-14 16:08:21,643] {logging_mixin.py:115} INFO - [2024-12-14 16:08:21,642] {dagbag.py:507} INFO - Filling up the DagBag from /home/dev/curso/ambientevirtual/lib/python3.9/site-packages/airflow/example_dags/example_python_operator.py
[2024-12-14 16:08:21,708] {logging_mixin.py:115} INFO - [2024-12-14 16:08:21,708] {example_python_operator.py:68} WARNING - The virtalenv_python example task requires virtualenv, please install it.
[2024-12-14 16:08:21,709] {processor.py:651} INFO - DAG(s) dict_keys(['example_python_operator']) retrieved from /home/dev/curso/ambientevirtual/lib/python3.9/site-packages/airflow/example_dags/example_python_operator.py
[2024-12-14 16:08:21,732] {logging_mixin.py:115} INFO - [2024-12-14 16:08:21,732] {dag.py:2379} INFO - Sync 1 DAGs
[2024-12-14 16:08:21,757] {logging_mixin.py:115} INFO - [2024-12-14 16:08:21,757] {dag.py:2927} INFO - Setting next_dagrun for example_python_operator to None, run_after=None
[2024-12-14 16:08:21,782] {processor.py:161} INFO - Processing /home/dev/curso/ambientevirtual/lib/python3.9/site-packages/airflow/example_dags/example_python_operator.py took 0.145 seconds
[2024-12-14 16:08:58,190] {processor.py:153} INFO - Started process (PID=52601) to work on /home/dev/curso/ambientevirtual/lib/python3.9/site-packages/airflow/example_dags/example_python_operator.py
[2024-12-14 16:08:58,192] {processor.py:641} INFO - Processing file /home/dev/curso/ambientevirtual/lib/python3.9/site-packages/airflow/example_dags/example_python_operator.py for tasks to queue
[2024-12-14 16:08:58,193] {logging_mixin.py:115} INFO - [2024-12-14 16:08:58,193] {dagbag.py:507} INFO - Filling up the DagBag from /home/dev/curso/ambientevirtual/lib/python3.9/site-packages/airflow/example_dags/example_python_operator.py
[2024-12-14 16:08:58,257] {logging_mixin.py:115} INFO - [2024-12-14 16:08:58,257] {example_python_operator.py:68} WARNING - The virtalenv_python example task requires virtualenv, please install it.
[2024-12-14 16:08:58,258] {processor.py:651} INFO - DAG(s) dict_keys(['example_python_operator']) retrieved from /home/dev/curso/ambientevirtual/lib/python3.9/site-packages/airflow/example_dags/example_python_operator.py
[2024-12-14 16:08:58,277] {logging_mixin.py:115} INFO - [2024-12-14 16:08:58,277] {dag.py:2379} INFO - Sync 1 DAGs
[2024-12-14 16:08:58,296] {logging_mixin.py:115} INFO - [2024-12-14 16:08:58,295] {dag.py:2927} INFO - Setting next_dagrun for example_python_operator to None, run_after=None
[2024-12-14 16:08:58,312] {processor.py:161} INFO - Processing /home/dev/curso/ambientevirtual/lib/python3.9/site-packages/airflow/example_dags/example_python_operator.py took 0.129 seconds
[2024-12-14 16:09:34,255] {processor.py:153} INFO - Started process (PID=52730) to work on /home/dev/curso/ambientevirtual/lib/python3.9/site-packages/airflow/example_dags/example_python_operator.py
[2024-12-14 16:09:34,256] {processor.py:641} INFO - Processing file /home/dev/curso/ambientevirtual/lib/python3.9/site-packages/airflow/example_dags/example_python_operator.py for tasks to queue
[2024-12-14 16:09:34,257] {logging_mixin.py:115} INFO - [2024-12-14 16:09:34,257] {dagbag.py:507} INFO - Filling up the DagBag from /home/dev/curso/ambientevirtual/lib/python3.9/site-packages/airflow/example_dags/example_python_operator.py
[2024-12-14 16:09:34,320] {logging_mixin.py:115} INFO - [2024-12-14 16:09:34,319] {example_python_operator.py:68} WARNING - The virtalenv_python example task requires virtualenv, please install it.
[2024-12-14 16:09:34,320] {processor.py:651} INFO - DAG(s) dict_keys(['example_python_operator']) retrieved from /home/dev/curso/ambientevirtual/lib/python3.9/site-packages/airflow/example_dags/example_python_operator.py
[2024-12-14 16:09:34,343] {logging_mixin.py:115} INFO - [2024-12-14 16:09:34,343] {dag.py:2379} INFO - Sync 1 DAGs
[2024-12-14 16:09:34,363] {logging_mixin.py:115} INFO - [2024-12-14 16:09:34,363] {dag.py:2927} INFO - Setting next_dagrun for example_python_operator to None, run_after=None
[2024-12-14 16:09:34,379] {processor.py:161} INFO - Processing /home/dev/curso/ambientevirtual/lib/python3.9/site-packages/airflow/example_dags/example_python_operator.py took 0.129 seconds
[2024-12-14 16:10:09,471] {processor.py:153} INFO - Started process (PID=52860) to work on /home/dev/curso/ambientevirtual/lib/python3.9/site-packages/airflow/example_dags/example_python_operator.py
[2024-12-14 16:10:09,472] {processor.py:641} INFO - Processing file /home/dev/curso/ambientevirtual/lib/python3.9/site-packages/airflow/example_dags/example_python_operator.py for tasks to queue
[2024-12-14 16:10:09,473] {logging_mixin.py:115} INFO - [2024-12-14 16:10:09,473] {dagbag.py:507} INFO - Filling up the DagBag from /home/dev/curso/ambientevirtual/lib/python3.9/site-packages/airflow/example_dags/example_python_operator.py
[2024-12-14 16:10:09,530] {logging_mixin.py:115} INFO - [2024-12-14 16:10:09,530] {example_python_operator.py:68} WARNING - The virtalenv_python example task requires virtualenv, please install it.
[2024-12-14 16:10:09,531] {processor.py:651} INFO - DAG(s) dict_keys(['example_python_operator']) retrieved from /home/dev/curso/ambientevirtual/lib/python3.9/site-packages/airflow/example_dags/example_python_operator.py
[2024-12-14 16:10:09,550] {logging_mixin.py:115} INFO - [2024-12-14 16:10:09,550] {dag.py:2379} INFO - Sync 1 DAGs
[2024-12-14 16:10:09,570] {logging_mixin.py:115} INFO - [2024-12-14 16:10:09,569] {dag.py:2927} INFO - Setting next_dagrun for example_python_operator to None, run_after=None
[2024-12-14 16:10:09,587] {processor.py:161} INFO - Processing /home/dev/curso/ambientevirtual/lib/python3.9/site-packages/airflow/example_dags/example_python_operator.py took 0.123 seconds
[2024-12-14 16:10:48,189] {processor.py:153} INFO - Started process (PID=53114) to work on /home/dev/curso/ambientevirtual/lib/python3.9/site-packages/airflow/example_dags/example_python_operator.py
[2024-12-14 16:10:48,190] {processor.py:641} INFO - Processing file /home/dev/curso/ambientevirtual/lib/python3.9/site-packages/airflow/example_dags/example_python_operator.py for tasks to queue
[2024-12-14 16:10:48,191] {logging_mixin.py:115} INFO - [2024-12-14 16:10:48,191] {dagbag.py:507} INFO - Filling up the DagBag from /home/dev/curso/ambientevirtual/lib/python3.9/site-packages/airflow/example_dags/example_python_operator.py
[2024-12-14 16:10:48,266] {logging_mixin.py:115} INFO - [2024-12-14 16:10:48,265] {example_python_operator.py:68} WARNING - The virtalenv_python example task requires virtualenv, please install it.
[2024-12-14 16:10:48,266] {processor.py:651} INFO - DAG(s) dict_keys(['example_python_operator']) retrieved from /home/dev/curso/ambientevirtual/lib/python3.9/site-packages/airflow/example_dags/example_python_operator.py
[2024-12-14 16:10:48,291] {logging_mixin.py:115} INFO - [2024-12-14 16:10:48,290] {dag.py:2379} INFO - Sync 1 DAGs
[2024-12-14 16:10:48,311] {logging_mixin.py:115} INFO - [2024-12-14 16:10:48,311] {dag.py:2927} INFO - Setting next_dagrun for example_python_operator to None, run_after=None
[2024-12-14 16:10:48,327] {processor.py:161} INFO - Processing /home/dev/curso/ambientevirtual/lib/python3.9/site-packages/airflow/example_dags/example_python_operator.py took 0.145 seconds
[2024-12-14 16:11:24,788] {processor.py:153} INFO - Started process (PID=53252) to work on /home/dev/curso/ambientevirtual/lib/python3.9/site-packages/airflow/example_dags/example_python_operator.py
[2024-12-14 16:11:24,789] {processor.py:641} INFO - Processing file /home/dev/curso/ambientevirtual/lib/python3.9/site-packages/airflow/example_dags/example_python_operator.py for tasks to queue
[2024-12-14 16:11:24,790] {logging_mixin.py:115} INFO - [2024-12-14 16:11:24,790] {dagbag.py:507} INFO - Filling up the DagBag from /home/dev/curso/ambientevirtual/lib/python3.9/site-packages/airflow/example_dags/example_python_operator.py
[2024-12-14 16:11:24,859] {logging_mixin.py:115} INFO - [2024-12-14 16:11:24,859] {example_python_operator.py:68} WARNING - The virtalenv_python example task requires virtualenv, please install it.
[2024-12-14 16:11:24,860] {processor.py:651} INFO - DAG(s) dict_keys(['example_python_operator']) retrieved from /home/dev/curso/ambientevirtual/lib/python3.9/site-packages/airflow/example_dags/example_python_operator.py
[2024-12-14 16:11:24,900] {logging_mixin.py:115} INFO - [2024-12-14 16:11:24,900] {dag.py:2379} INFO - Sync 1 DAGs
[2024-12-14 16:11:24,966] {logging_mixin.py:115} INFO - [2024-12-14 16:11:24,965] {dag.py:2927} INFO - Setting next_dagrun for example_python_operator to None, run_after=None
[2024-12-14 16:11:24,991] {processor.py:161} INFO - Processing /home/dev/curso/ambientevirtual/lib/python3.9/site-packages/airflow/example_dags/example_python_operator.py took 0.206 seconds
