[2024-12-14 15:51:38,785] {processor.py:153} INFO - Started process (PID=47939) to work on /home/dev/curso/ambientevirtual/lib/python3.9/site-packages/airflow/example_dags/example_branch_datetime_operator.py
[2024-12-14 15:51:38,786] {processor.py:641} INFO - Processing file /home/dev/curso/ambientevirtual/lib/python3.9/site-packages/airflow/example_dags/example_branch_datetime_operator.py for tasks to queue
[2024-12-14 15:51:38,786] {logging_mixin.py:115} INFO - [2024-12-14 15:51:38,786] {dagbag.py:507} INFO - Filling up the DagBag from /home/dev/curso/ambientevirtual/lib/python3.9/site-packages/airflow/example_dags/example_branch_datetime_operator.py
[2024-12-14 15:51:38,795] {processor.py:651} INFO - DAG(s) dict_keys(['example_branch_datetime_operator_2']) retrieved from /home/dev/curso/ambientevirtual/lib/python3.9/site-packages/airflow/example_dags/example_branch_datetime_operator.py
[2024-12-14 15:51:38,869] {logging_mixin.py:115} INFO - [2024-12-14 15:51:38,869] {manager.py:508} INFO - Created Permission View: can delete on DAG:example_branch_datetime_operator_2
[2024-12-14 15:51:38,883] {logging_mixin.py:115} INFO - [2024-12-14 15:51:38,883] {manager.py:508} INFO - Created Permission View: can edit on DAG:example_branch_datetime_operator_2
[2024-12-14 15:51:38,893] {logging_mixin.py:115} INFO - [2024-12-14 15:51:38,893] {manager.py:508} INFO - Created Permission View: can read on DAG:example_branch_datetime_operator_2
[2024-12-14 15:51:38,893] {logging_mixin.py:115} INFO - [2024-12-14 15:51:38,893] {dag.py:2379} INFO - Sync 1 DAGs
[2024-12-14 15:51:38,901] {logging_mixin.py:115} INFO - [2024-12-14 15:51:38,901] {dag.py:2398} INFO - Creating ORM DAG for example_branch_datetime_operator_2
[2024-12-14 15:51:38,914] {logging_mixin.py:115} INFO - [2024-12-14 15:51:38,913] {dag.py:2927} INFO - Setting next_dagrun for example_branch_datetime_operator_2 to 2024-12-13T00:00:00+00:00, run_after=2024-12-14T00:00:00+00:00
[2024-12-14 15:51:38,937] {processor.py:161} INFO - Processing /home/dev/curso/ambientevirtual/lib/python3.9/site-packages/airflow/example_dags/example_branch_datetime_operator.py took 0.157 seconds
[2024-12-14 15:52:16,102] {processor.py:153} INFO - Started process (PID=48301) to work on /home/dev/curso/ambientevirtual/lib/python3.9/site-packages/airflow/example_dags/example_branch_datetime_operator.py
[2024-12-14 15:52:16,104] {processor.py:641} INFO - Processing file /home/dev/curso/ambientevirtual/lib/python3.9/site-packages/airflow/example_dags/example_branch_datetime_operator.py for tasks to queue
[2024-12-14 15:52:16,105] {logging_mixin.py:115} INFO - [2024-12-14 15:52:16,105] {dagbag.py:507} INFO - Filling up the DagBag from /home/dev/curso/ambientevirtual/lib/python3.9/site-packages/airflow/example_dags/example_branch_datetime_operator.py
[2024-12-14 15:52:16,120] {processor.py:651} INFO - DAG(s) dict_keys(['example_branch_datetime_operator_2']) retrieved from /home/dev/curso/ambientevirtual/lib/python3.9/site-packages/airflow/example_dags/example_branch_datetime_operator.py
[2024-12-14 15:52:16,147] {logging_mixin.py:115} INFO - [2024-12-14 15:52:16,147] {dag.py:2379} INFO - Sync 1 DAGs
[2024-12-14 15:52:16,175] {logging_mixin.py:115} INFO - [2024-12-14 15:52:16,175] {dag.py:2927} INFO - Setting next_dagrun for example_branch_datetime_operator_2 to 2024-12-13T00:00:00+00:00, run_after=2024-12-14T00:00:00+00:00
[2024-12-14 15:52:16,197] {processor.py:161} INFO - Processing /home/dev/curso/ambientevirtual/lib/python3.9/site-packages/airflow/example_dags/example_branch_datetime_operator.py took 0.099 seconds
[2024-12-14 15:52:52,249] {processor.py:153} INFO - Started process (PID=48437) to work on /home/dev/curso/ambientevirtual/lib/python3.9/site-packages/airflow/example_dags/example_branch_datetime_operator.py
[2024-12-14 15:52:52,250] {processor.py:641} INFO - Processing file /home/dev/curso/ambientevirtual/lib/python3.9/site-packages/airflow/example_dags/example_branch_datetime_operator.py for tasks to queue
[2024-12-14 15:52:52,251] {logging_mixin.py:115} INFO - [2024-12-14 15:52:52,251] {dagbag.py:507} INFO - Filling up the DagBag from /home/dev/curso/ambientevirtual/lib/python3.9/site-packages/airflow/example_dags/example_branch_datetime_operator.py
[2024-12-14 15:52:52,267] {processor.py:651} INFO - DAG(s) dict_keys(['example_branch_datetime_operator_2']) retrieved from /home/dev/curso/ambientevirtual/lib/python3.9/site-packages/airflow/example_dags/example_branch_datetime_operator.py
[2024-12-14 15:52:52,286] {logging_mixin.py:115} INFO - [2024-12-14 15:52:52,286] {dag.py:2379} INFO - Sync 1 DAGs
[2024-12-14 15:52:52,307] {logging_mixin.py:115} INFO - [2024-12-14 15:52:52,307] {dag.py:2927} INFO - Setting next_dagrun for example_branch_datetime_operator_2 to 2024-12-13T00:00:00+00:00, run_after=2024-12-14T00:00:00+00:00
[2024-12-14 15:52:52,323] {processor.py:161} INFO - Processing /home/dev/curso/ambientevirtual/lib/python3.9/site-packages/airflow/example_dags/example_branch_datetime_operator.py took 0.079 seconds
[2024-12-14 15:53:28,779] {processor.py:153} INFO - Started process (PID=48567) to work on /home/dev/curso/ambientevirtual/lib/python3.9/site-packages/airflow/example_dags/example_branch_datetime_operator.py
[2024-12-14 15:53:28,781] {processor.py:641} INFO - Processing file /home/dev/curso/ambientevirtual/lib/python3.9/site-packages/airflow/example_dags/example_branch_datetime_operator.py for tasks to queue
[2024-12-14 15:53:28,782] {logging_mixin.py:115} INFO - [2024-12-14 15:53:28,782] {dagbag.py:507} INFO - Filling up the DagBag from /home/dev/curso/ambientevirtual/lib/python3.9/site-packages/airflow/example_dags/example_branch_datetime_operator.py
[2024-12-14 15:53:28,797] {processor.py:651} INFO - DAG(s) dict_keys(['example_branch_datetime_operator_2']) retrieved from /home/dev/curso/ambientevirtual/lib/python3.9/site-packages/airflow/example_dags/example_branch_datetime_operator.py
[2024-12-14 15:53:28,815] {logging_mixin.py:115} INFO - [2024-12-14 15:53:28,815] {dag.py:2379} INFO - Sync 1 DAGs
[2024-12-14 15:53:28,835] {logging_mixin.py:115} INFO - [2024-12-14 15:53:28,835] {dag.py:2927} INFO - Setting next_dagrun for example_branch_datetime_operator_2 to 2024-12-13T00:00:00+00:00, run_after=2024-12-14T00:00:00+00:00
[2024-12-14 15:53:28,851] {processor.py:161} INFO - Processing /home/dev/curso/ambientevirtual/lib/python3.9/site-packages/airflow/example_dags/example_branch_datetime_operator.py took 0.077 seconds
[2024-12-14 15:54:04,393] {processor.py:153} INFO - Started process (PID=48700) to work on /home/dev/curso/ambientevirtual/lib/python3.9/site-packages/airflow/example_dags/example_branch_datetime_operator.py
[2024-12-14 15:54:04,394] {processor.py:641} INFO - Processing file /home/dev/curso/ambientevirtual/lib/python3.9/site-packages/airflow/example_dags/example_branch_datetime_operator.py for tasks to queue
[2024-12-14 15:54:04,394] {logging_mixin.py:115} INFO - [2024-12-14 15:54:04,394] {dagbag.py:507} INFO - Filling up the DagBag from /home/dev/curso/ambientevirtual/lib/python3.9/site-packages/airflow/example_dags/example_branch_datetime_operator.py
[2024-12-14 15:54:04,403] {processor.py:651} INFO - DAG(s) dict_keys(['example_branch_datetime_operator_2']) retrieved from /home/dev/curso/ambientevirtual/lib/python3.9/site-packages/airflow/example_dags/example_branch_datetime_operator.py
[2024-12-14 15:54:04,423] {logging_mixin.py:115} INFO - [2024-12-14 15:54:04,423] {dag.py:2379} INFO - Sync 1 DAGs
[2024-12-14 15:54:04,443] {logging_mixin.py:115} INFO - [2024-12-14 15:54:04,443] {dag.py:2927} INFO - Setting next_dagrun for example_branch_datetime_operator_2 to 2024-12-13T00:00:00+00:00, run_after=2024-12-14T00:00:00+00:00
[2024-12-14 15:54:04,458] {processor.py:161} INFO - Processing /home/dev/curso/ambientevirtual/lib/python3.9/site-packages/airflow/example_dags/example_branch_datetime_operator.py took 0.069 seconds
[2024-12-14 15:54:40,018] {processor.py:153} INFO - Started process (PID=48832) to work on /home/dev/curso/ambientevirtual/lib/python3.9/site-packages/airflow/example_dags/example_branch_datetime_operator.py
[2024-12-14 15:54:40,019] {processor.py:641} INFO - Processing file /home/dev/curso/ambientevirtual/lib/python3.9/site-packages/airflow/example_dags/example_branch_datetime_operator.py for tasks to queue
[2024-12-14 15:54:40,020] {logging_mixin.py:115} INFO - [2024-12-14 15:54:40,020] {dagbag.py:507} INFO - Filling up the DagBag from /home/dev/curso/ambientevirtual/lib/python3.9/site-packages/airflow/example_dags/example_branch_datetime_operator.py
[2024-12-14 15:54:40,029] {processor.py:651} INFO - DAG(s) dict_keys(['example_branch_datetime_operator_2']) retrieved from /home/dev/curso/ambientevirtual/lib/python3.9/site-packages/airflow/example_dags/example_branch_datetime_operator.py
[2024-12-14 15:54:40,054] {logging_mixin.py:115} INFO - [2024-12-14 15:54:40,054] {dag.py:2379} INFO - Sync 1 DAGs
[2024-12-14 15:54:40,084] {logging_mixin.py:115} INFO - [2024-12-14 15:54:40,084] {dag.py:2927} INFO - Setting next_dagrun for example_branch_datetime_operator_2 to 2024-12-13T00:00:00+00:00, run_after=2024-12-14T00:00:00+00:00
[2024-12-14 15:54:40,101] {processor.py:161} INFO - Processing /home/dev/curso/ambientevirtual/lib/python3.9/site-packages/airflow/example_dags/example_branch_datetime_operator.py took 0.088 seconds
[2024-12-14 15:55:15,040] {processor.py:153} INFO - Started process (PID=48956) to work on /home/dev/curso/ambientevirtual/lib/python3.9/site-packages/airflow/example_dags/example_branch_datetime_operator.py
[2024-12-14 15:55:15,042] {processor.py:641} INFO - Processing file /home/dev/curso/ambientevirtual/lib/python3.9/site-packages/airflow/example_dags/example_branch_datetime_operator.py for tasks to queue
[2024-12-14 15:55:15,043] {logging_mixin.py:115} INFO - [2024-12-14 15:55:15,042] {dagbag.py:507} INFO - Filling up the DagBag from /home/dev/curso/ambientevirtual/lib/python3.9/site-packages/airflow/example_dags/example_branch_datetime_operator.py
[2024-12-14 15:55:15,059] {processor.py:651} INFO - DAG(s) dict_keys(['example_branch_datetime_operator_2']) retrieved from /home/dev/curso/ambientevirtual/lib/python3.9/site-packages/airflow/example_dags/example_branch_datetime_operator.py
[2024-12-14 15:55:15,078] {logging_mixin.py:115} INFO - [2024-12-14 15:55:15,078] {dag.py:2379} INFO - Sync 1 DAGs
[2024-12-14 15:55:15,100] {logging_mixin.py:115} INFO - [2024-12-14 15:55:15,100] {dag.py:2927} INFO - Setting next_dagrun for example_branch_datetime_operator_2 to 2024-12-13T00:00:00+00:00, run_after=2024-12-14T00:00:00+00:00
[2024-12-14 15:55:15,117] {processor.py:161} INFO - Processing /home/dev/curso/ambientevirtual/lib/python3.9/site-packages/airflow/example_dags/example_branch_datetime_operator.py took 0.083 seconds
[2024-12-14 15:55:48,991] {processor.py:153} INFO - Started process (PID=49084) to work on /home/dev/curso/ambientevirtual/lib/python3.9/site-packages/airflow/example_dags/example_branch_datetime_operator.py
[2024-12-14 15:55:48,992] {processor.py:641} INFO - Processing file /home/dev/curso/ambientevirtual/lib/python3.9/site-packages/airflow/example_dags/example_branch_datetime_operator.py for tasks to queue
[2024-12-14 15:55:48,993] {logging_mixin.py:115} INFO - [2024-12-14 15:55:48,993] {dagbag.py:507} INFO - Filling up the DagBag from /home/dev/curso/ambientevirtual/lib/python3.9/site-packages/airflow/example_dags/example_branch_datetime_operator.py
[2024-12-14 15:55:49,009] {processor.py:651} INFO - DAG(s) dict_keys(['example_branch_datetime_operator_2']) retrieved from /home/dev/curso/ambientevirtual/lib/python3.9/site-packages/airflow/example_dags/example_branch_datetime_operator.py
[2024-12-14 15:55:49,031] {logging_mixin.py:115} INFO - [2024-12-14 15:55:49,031] {dag.py:2379} INFO - Sync 1 DAGs
[2024-12-14 15:55:49,052] {logging_mixin.py:115} INFO - [2024-12-14 15:55:49,052] {dag.py:2927} INFO - Setting next_dagrun for example_branch_datetime_operator_2 to 2024-12-13T00:00:00+00:00, run_after=2024-12-14T00:00:00+00:00
[2024-12-14 15:55:49,069] {processor.py:161} INFO - Processing /home/dev/curso/ambientevirtual/lib/python3.9/site-packages/airflow/example_dags/example_branch_datetime_operator.py took 0.084 seconds
[2024-12-14 15:56:23,283] {processor.py:153} INFO - Started process (PID=49206) to work on /home/dev/curso/ambientevirtual/lib/python3.9/site-packages/airflow/example_dags/example_branch_datetime_operator.py
[2024-12-14 15:56:23,285] {processor.py:641} INFO - Processing file /home/dev/curso/ambientevirtual/lib/python3.9/site-packages/airflow/example_dags/example_branch_datetime_operator.py for tasks to queue
[2024-12-14 15:56:23,285] {logging_mixin.py:115} INFO - [2024-12-14 15:56:23,285] {dagbag.py:507} INFO - Filling up the DagBag from /home/dev/curso/ambientevirtual/lib/python3.9/site-packages/airflow/example_dags/example_branch_datetime_operator.py
[2024-12-14 15:56:23,295] {processor.py:651} INFO - DAG(s) dict_keys(['example_branch_datetime_operator_2']) retrieved from /home/dev/curso/ambientevirtual/lib/python3.9/site-packages/airflow/example_dags/example_branch_datetime_operator.py
[2024-12-14 15:56:23,318] {logging_mixin.py:115} INFO - [2024-12-14 15:56:23,318] {dag.py:2379} INFO - Sync 1 DAGs
[2024-12-14 15:56:23,346] {logging_mixin.py:115} INFO - [2024-12-14 15:56:23,346] {dag.py:2927} INFO - Setting next_dagrun for example_branch_datetime_operator_2 to 2024-12-13T00:00:00+00:00, run_after=2024-12-14T00:00:00+00:00
[2024-12-14 15:56:23,367] {processor.py:161} INFO - Processing /home/dev/curso/ambientevirtual/lib/python3.9/site-packages/airflow/example_dags/example_branch_datetime_operator.py took 0.087 seconds
[2024-12-14 15:56:59,202] {processor.py:153} INFO - Started process (PID=49397) to work on /home/dev/curso/ambientevirtual/lib/python3.9/site-packages/airflow/example_dags/example_branch_datetime_operator.py
[2024-12-14 15:56:59,204] {processor.py:641} INFO - Processing file /home/dev/curso/ambientevirtual/lib/python3.9/site-packages/airflow/example_dags/example_branch_datetime_operator.py for tasks to queue
[2024-12-14 15:56:59,204] {logging_mixin.py:115} INFO - [2024-12-14 15:56:59,204] {dagbag.py:507} INFO - Filling up the DagBag from /home/dev/curso/ambientevirtual/lib/python3.9/site-packages/airflow/example_dags/example_branch_datetime_operator.py
[2024-12-14 15:56:59,218] {processor.py:651} INFO - DAG(s) dict_keys(['example_branch_datetime_operator_2']) retrieved from /home/dev/curso/ambientevirtual/lib/python3.9/site-packages/airflow/example_dags/example_branch_datetime_operator.py
[2024-12-14 15:56:59,258] {logging_mixin.py:115} INFO - [2024-12-14 15:56:59,258] {dag.py:2379} INFO - Sync 1 DAGs
[2024-12-14 15:56:59,284] {logging_mixin.py:115} INFO - [2024-12-14 15:56:59,284] {dag.py:2927} INFO - Setting next_dagrun for example_branch_datetime_operator_2 to 2024-12-13T00:00:00+00:00, run_after=2024-12-14T00:00:00+00:00
[2024-12-14 15:56:59,308] {processor.py:161} INFO - Processing /home/dev/curso/ambientevirtual/lib/python3.9/site-packages/airflow/example_dags/example_branch_datetime_operator.py took 0.111 seconds
[2024-12-14 15:57:35,512] {processor.py:153} INFO - Started process (PID=49529) to work on /home/dev/curso/ambientevirtual/lib/python3.9/site-packages/airflow/example_dags/example_branch_datetime_operator.py
[2024-12-14 15:57:35,513] {processor.py:641} INFO - Processing file /home/dev/curso/ambientevirtual/lib/python3.9/site-packages/airflow/example_dags/example_branch_datetime_operator.py for tasks to queue
[2024-12-14 15:57:35,514] {logging_mixin.py:115} INFO - [2024-12-14 15:57:35,514] {dagbag.py:507} INFO - Filling up the DagBag from /home/dev/curso/ambientevirtual/lib/python3.9/site-packages/airflow/example_dags/example_branch_datetime_operator.py
[2024-12-14 15:57:35,524] {processor.py:651} INFO - DAG(s) dict_keys(['example_branch_datetime_operator_2']) retrieved from /home/dev/curso/ambientevirtual/lib/python3.9/site-packages/airflow/example_dags/example_branch_datetime_operator.py
[2024-12-14 15:57:35,548] {logging_mixin.py:115} INFO - [2024-12-14 15:57:35,548] {dag.py:2379} INFO - Sync 1 DAGs
[2024-12-14 15:57:35,575] {logging_mixin.py:115} INFO - [2024-12-14 15:57:35,575] {dag.py:2927} INFO - Setting next_dagrun for example_branch_datetime_operator_2 to 2024-12-13T00:00:00+00:00, run_after=2024-12-14T00:00:00+00:00
[2024-12-14 15:57:35,593] {processor.py:161} INFO - Processing /home/dev/curso/ambientevirtual/lib/python3.9/site-packages/airflow/example_dags/example_branch_datetime_operator.py took 0.089 seconds
[2024-12-14 15:58:09,965] {processor.py:153} INFO - Started process (PID=49652) to work on /home/dev/curso/ambientevirtual/lib/python3.9/site-packages/airflow/example_dags/example_branch_datetime_operator.py
[2024-12-14 15:58:09,966] {processor.py:641} INFO - Processing file /home/dev/curso/ambientevirtual/lib/python3.9/site-packages/airflow/example_dags/example_branch_datetime_operator.py for tasks to queue
[2024-12-14 15:58:09,967] {logging_mixin.py:115} INFO - [2024-12-14 15:58:09,967] {dagbag.py:507} INFO - Filling up the DagBag from /home/dev/curso/ambientevirtual/lib/python3.9/site-packages/airflow/example_dags/example_branch_datetime_operator.py
[2024-12-14 15:58:09,978] {processor.py:651} INFO - DAG(s) dict_keys(['example_branch_datetime_operator_2']) retrieved from /home/dev/curso/ambientevirtual/lib/python3.9/site-packages/airflow/example_dags/example_branch_datetime_operator.py
[2024-12-14 15:58:10,007] {logging_mixin.py:115} INFO - [2024-12-14 15:58:10,007] {dag.py:2379} INFO - Sync 1 DAGs
[2024-12-14 15:58:10,035] {logging_mixin.py:115} INFO - [2024-12-14 15:58:10,035] {dag.py:2927} INFO - Setting next_dagrun for example_branch_datetime_operator_2 to 2024-12-13T00:00:00+00:00, run_after=2024-12-14T00:00:00+00:00
[2024-12-14 15:58:10,058] {processor.py:161} INFO - Processing /home/dev/curso/ambientevirtual/lib/python3.9/site-packages/airflow/example_dags/example_branch_datetime_operator.py took 0.105 seconds
[2024-12-14 15:58:44,433] {processor.py:153} INFO - Started process (PID=49780) to work on /home/dev/curso/ambientevirtual/lib/python3.9/site-packages/airflow/example_dags/example_branch_datetime_operator.py
[2024-12-14 15:58:44,434] {processor.py:641} INFO - Processing file /home/dev/curso/ambientevirtual/lib/python3.9/site-packages/airflow/example_dags/example_branch_datetime_operator.py for tasks to queue
[2024-12-14 15:58:44,436] {logging_mixin.py:115} INFO - [2024-12-14 15:58:44,435] {dagbag.py:507} INFO - Filling up the DagBag from /home/dev/curso/ambientevirtual/lib/python3.9/site-packages/airflow/example_dags/example_branch_datetime_operator.py
[2024-12-14 15:58:44,451] {processor.py:651} INFO - DAG(s) dict_keys(['example_branch_datetime_operator_2']) retrieved from /home/dev/curso/ambientevirtual/lib/python3.9/site-packages/airflow/example_dags/example_branch_datetime_operator.py
[2024-12-14 15:58:44,473] {logging_mixin.py:115} INFO - [2024-12-14 15:58:44,473] {dag.py:2379} INFO - Sync 1 DAGs
[2024-12-14 15:58:44,495] {logging_mixin.py:115} INFO - [2024-12-14 15:58:44,495] {dag.py:2927} INFO - Setting next_dagrun for example_branch_datetime_operator_2 to 2024-12-13T00:00:00+00:00, run_after=2024-12-14T00:00:00+00:00
[2024-12-14 15:58:44,512] {processor.py:161} INFO - Processing /home/dev/curso/ambientevirtual/lib/python3.9/site-packages/airflow/example_dags/example_branch_datetime_operator.py took 0.086 seconds
[2024-12-14 15:59:19,601] {processor.py:153} INFO - Started process (PID=49909) to work on /home/dev/curso/ambientevirtual/lib/python3.9/site-packages/airflow/example_dags/example_branch_datetime_operator.py
[2024-12-14 15:59:19,603] {processor.py:641} INFO - Processing file /home/dev/curso/ambientevirtual/lib/python3.9/site-packages/airflow/example_dags/example_branch_datetime_operator.py for tasks to queue
[2024-12-14 15:59:19,604] {logging_mixin.py:115} INFO - [2024-12-14 15:59:19,604] {dagbag.py:507} INFO - Filling up the DagBag from /home/dev/curso/ambientevirtual/lib/python3.9/site-packages/airflow/example_dags/example_branch_datetime_operator.py
[2024-12-14 15:59:19,620] {processor.py:651} INFO - DAG(s) dict_keys(['example_branch_datetime_operator_2']) retrieved from /home/dev/curso/ambientevirtual/lib/python3.9/site-packages/airflow/example_dags/example_branch_datetime_operator.py
[2024-12-14 15:59:19,640] {logging_mixin.py:115} INFO - [2024-12-14 15:59:19,640] {dag.py:2379} INFO - Sync 1 DAGs
[2024-12-14 15:59:19,661] {logging_mixin.py:115} INFO - [2024-12-14 15:59:19,661] {dag.py:2927} INFO - Setting next_dagrun for example_branch_datetime_operator_2 to 2024-12-13T00:00:00+00:00, run_after=2024-12-14T00:00:00+00:00
[2024-12-14 15:59:19,677] {processor.py:161} INFO - Processing /home/dev/curso/ambientevirtual/lib/python3.9/site-packages/airflow/example_dags/example_branch_datetime_operator.py took 0.083 seconds
[2024-12-14 15:59:54,092] {processor.py:153} INFO - Started process (PID=50037) to work on /home/dev/curso/ambientevirtual/lib/python3.9/site-packages/airflow/example_dags/example_branch_datetime_operator.py
[2024-12-14 15:59:54,093] {processor.py:641} INFO - Processing file /home/dev/curso/ambientevirtual/lib/python3.9/site-packages/airflow/example_dags/example_branch_datetime_operator.py for tasks to queue
[2024-12-14 15:59:54,094] {logging_mixin.py:115} INFO - [2024-12-14 15:59:54,094] {dagbag.py:507} INFO - Filling up the DagBag from /home/dev/curso/ambientevirtual/lib/python3.9/site-packages/airflow/example_dags/example_branch_datetime_operator.py
[2024-12-14 15:59:54,112] {processor.py:651} INFO - DAG(s) dict_keys(['example_branch_datetime_operator_2']) retrieved from /home/dev/curso/ambientevirtual/lib/python3.9/site-packages/airflow/example_dags/example_branch_datetime_operator.py
[2024-12-14 15:59:54,136] {logging_mixin.py:115} INFO - [2024-12-14 15:59:54,135] {dag.py:2379} INFO - Sync 1 DAGs
[2024-12-14 15:59:54,158] {logging_mixin.py:115} INFO - [2024-12-14 15:59:54,157] {dag.py:2927} INFO - Setting next_dagrun for example_branch_datetime_operator_2 to 2024-12-13T00:00:00+00:00, run_after=2024-12-14T00:00:00+00:00
[2024-12-14 15:59:54,174] {processor.py:161} INFO - Processing /home/dev/curso/ambientevirtual/lib/python3.9/site-packages/airflow/example_dags/example_branch_datetime_operator.py took 0.088 seconds
[2024-12-14 16:00:28,224] {processor.py:153} INFO - Started process (PID=50159) to work on /home/dev/curso/ambientevirtual/lib/python3.9/site-packages/airflow/example_dags/example_branch_datetime_operator.py
[2024-12-14 16:00:28,226] {processor.py:641} INFO - Processing file /home/dev/curso/ambientevirtual/lib/python3.9/site-packages/airflow/example_dags/example_branch_datetime_operator.py for tasks to queue
[2024-12-14 16:00:28,226] {logging_mixin.py:115} INFO - [2024-12-14 16:00:28,226] {dagbag.py:507} INFO - Filling up the DagBag from /home/dev/curso/ambientevirtual/lib/python3.9/site-packages/airflow/example_dags/example_branch_datetime_operator.py
[2024-12-14 16:00:28,238] {processor.py:651} INFO - DAG(s) dict_keys(['example_branch_datetime_operator_2']) retrieved from /home/dev/curso/ambientevirtual/lib/python3.9/site-packages/airflow/example_dags/example_branch_datetime_operator.py
[2024-12-14 16:00:28,263] {logging_mixin.py:115} INFO - [2024-12-14 16:00:28,263] {dag.py:2379} INFO - Sync 1 DAGs
[2024-12-14 16:00:28,291] {logging_mixin.py:115} INFO - [2024-12-14 16:00:28,291] {dag.py:2927} INFO - Setting next_dagrun for example_branch_datetime_operator_2 to 2024-12-13T00:00:00+00:00, run_after=2024-12-14T00:00:00+00:00
[2024-12-14 16:00:28,312] {processor.py:161} INFO - Processing /home/dev/curso/ambientevirtual/lib/python3.9/site-packages/airflow/example_dags/example_branch_datetime_operator.py took 0.091 seconds
[2024-12-14 16:01:02,844] {processor.py:153} INFO - Started process (PID=50461) to work on /home/dev/curso/ambientevirtual/lib/python3.9/site-packages/airflow/example_dags/example_branch_datetime_operator.py
[2024-12-14 16:01:02,845] {processor.py:641} INFO - Processing file /home/dev/curso/ambientevirtual/lib/python3.9/site-packages/airflow/example_dags/example_branch_datetime_operator.py for tasks to queue
[2024-12-14 16:01:02,846] {logging_mixin.py:115} INFO - [2024-12-14 16:01:02,846] {dagbag.py:507} INFO - Filling up the DagBag from /home/dev/curso/ambientevirtual/lib/python3.9/site-packages/airflow/example_dags/example_branch_datetime_operator.py
[2024-12-14 16:01:02,860] {processor.py:651} INFO - DAG(s) dict_keys(['example_branch_datetime_operator_2']) retrieved from /home/dev/curso/ambientevirtual/lib/python3.9/site-packages/airflow/example_dags/example_branch_datetime_operator.py
[2024-12-14 16:01:02,880] {logging_mixin.py:115} INFO - [2024-12-14 16:01:02,880] {dag.py:2379} INFO - Sync 1 DAGs
[2024-12-14 16:01:02,902] {logging_mixin.py:115} INFO - [2024-12-14 16:01:02,902] {dag.py:2927} INFO - Setting next_dagrun for example_branch_datetime_operator_2 to 2024-12-13T00:00:00+00:00, run_after=2024-12-14T00:00:00+00:00
[2024-12-14 16:01:02,920] {processor.py:161} INFO - Processing /home/dev/curso/ambientevirtual/lib/python3.9/site-packages/airflow/example_dags/example_branch_datetime_operator.py took 0.082 seconds
[2024-12-14 16:01:35,125] {processor.py:153} INFO - Started process (PID=50575) to work on /home/dev/curso/ambientevirtual/lib/python3.9/site-packages/airflow/example_dags/example_branch_datetime_operator.py
[2024-12-14 16:01:35,126] {processor.py:641} INFO - Processing file /home/dev/curso/ambientevirtual/lib/python3.9/site-packages/airflow/example_dags/example_branch_datetime_operator.py for tasks to queue
[2024-12-14 16:01:35,127] {logging_mixin.py:115} INFO - [2024-12-14 16:01:35,127] {dagbag.py:507} INFO - Filling up the DagBag from /home/dev/curso/ambientevirtual/lib/python3.9/site-packages/airflow/example_dags/example_branch_datetime_operator.py
[2024-12-14 16:01:35,137] {processor.py:651} INFO - DAG(s) dict_keys(['example_branch_datetime_operator_2']) retrieved from /home/dev/curso/ambientevirtual/lib/python3.9/site-packages/airflow/example_dags/example_branch_datetime_operator.py
[2024-12-14 16:01:35,155] {logging_mixin.py:115} INFO - [2024-12-14 16:01:35,155] {dag.py:2379} INFO - Sync 1 DAGs
[2024-12-14 16:01:35,178] {logging_mixin.py:115} INFO - [2024-12-14 16:01:35,177] {dag.py:2927} INFO - Setting next_dagrun for example_branch_datetime_operator_2 to 2024-12-13T00:00:00+00:00, run_after=2024-12-14T00:00:00+00:00
[2024-12-14 16:01:35,198] {processor.py:161} INFO - Processing /home/dev/curso/ambientevirtual/lib/python3.9/site-packages/airflow/example_dags/example_branch_datetime_operator.py took 0.077 seconds
[2024-12-14 16:02:13,893] {processor.py:153} INFO - Started process (PID=50778) to work on /home/dev/curso/ambientevirtual/lib/python3.9/site-packages/airflow/example_dags/example_branch_datetime_operator.py
[2024-12-14 16:02:13,895] {processor.py:641} INFO - Processing file /home/dev/curso/ambientevirtual/lib/python3.9/site-packages/airflow/example_dags/example_branch_datetime_operator.py for tasks to queue
[2024-12-14 16:02:13,896] {logging_mixin.py:115} INFO - [2024-12-14 16:02:13,896] {dagbag.py:507} INFO - Filling up the DagBag from /home/dev/curso/ambientevirtual/lib/python3.9/site-packages/airflow/example_dags/example_branch_datetime_operator.py
[2024-12-14 16:02:13,913] {processor.py:651} INFO - DAG(s) dict_keys(['example_branch_datetime_operator_2']) retrieved from /home/dev/curso/ambientevirtual/lib/python3.9/site-packages/airflow/example_dags/example_branch_datetime_operator.py
[2024-12-14 16:02:13,936] {logging_mixin.py:115} INFO - [2024-12-14 16:02:13,936] {dag.py:2379} INFO - Sync 1 DAGs
[2024-12-14 16:02:13,958] {logging_mixin.py:115} INFO - [2024-12-14 16:02:13,958] {dag.py:2927} INFO - Setting next_dagrun for example_branch_datetime_operator_2 to 2024-12-13T00:00:00+00:00, run_after=2024-12-14T00:00:00+00:00
[2024-12-14 16:02:13,976] {processor.py:161} INFO - Processing /home/dev/curso/ambientevirtual/lib/python3.9/site-packages/airflow/example_dags/example_branch_datetime_operator.py took 0.088 seconds
[2024-12-14 16:02:46,067] {processor.py:153} INFO - Started process (PID=50894) to work on /home/dev/curso/ambientevirtual/lib/python3.9/site-packages/airflow/example_dags/example_branch_datetime_operator.py
[2024-12-14 16:02:46,068] {processor.py:641} INFO - Processing file /home/dev/curso/ambientevirtual/lib/python3.9/site-packages/airflow/example_dags/example_branch_datetime_operator.py for tasks to queue
[2024-12-14 16:02:46,070] {logging_mixin.py:115} INFO - [2024-12-14 16:02:46,069] {dagbag.py:507} INFO - Filling up the DagBag from /home/dev/curso/ambientevirtual/lib/python3.9/site-packages/airflow/example_dags/example_branch_datetime_operator.py
[2024-12-14 16:02:46,083] {processor.py:651} INFO - DAG(s) dict_keys(['example_branch_datetime_operator_2']) retrieved from /home/dev/curso/ambientevirtual/lib/python3.9/site-packages/airflow/example_dags/example_branch_datetime_operator.py
[2024-12-14 16:02:46,104] {logging_mixin.py:115} INFO - [2024-12-14 16:02:46,104] {dag.py:2379} INFO - Sync 1 DAGs
[2024-12-14 16:02:46,126] {logging_mixin.py:115} INFO - [2024-12-14 16:02:46,126] {dag.py:2927} INFO - Setting next_dagrun for example_branch_datetime_operator_2 to 2024-12-13T00:00:00+00:00, run_after=2024-12-14T00:00:00+00:00
[2024-12-14 16:02:46,143] {processor.py:161} INFO - Processing /home/dev/curso/ambientevirtual/lib/python3.9/site-packages/airflow/example_dags/example_branch_datetime_operator.py took 0.083 seconds
[2024-12-14 16:03:21,336] {processor.py:153} INFO - Started process (PID=51023) to work on /home/dev/curso/ambientevirtual/lib/python3.9/site-packages/airflow/example_dags/example_branch_datetime_operator.py
[2024-12-14 16:03:21,338] {processor.py:641} INFO - Processing file /home/dev/curso/ambientevirtual/lib/python3.9/site-packages/airflow/example_dags/example_branch_datetime_operator.py for tasks to queue
[2024-12-14 16:03:21,340] {logging_mixin.py:115} INFO - [2024-12-14 16:03:21,340] {dagbag.py:507} INFO - Filling up the DagBag from /home/dev/curso/ambientevirtual/lib/python3.9/site-packages/airflow/example_dags/example_branch_datetime_operator.py
[2024-12-14 16:03:21,360] {processor.py:651} INFO - DAG(s) dict_keys(['example_branch_datetime_operator_2']) retrieved from /home/dev/curso/ambientevirtual/lib/python3.9/site-packages/airflow/example_dags/example_branch_datetime_operator.py
[2024-12-14 16:03:21,385] {logging_mixin.py:115} INFO - [2024-12-14 16:03:21,385] {dag.py:2379} INFO - Sync 1 DAGs
[2024-12-14 16:03:21,411] {logging_mixin.py:115} INFO - [2024-12-14 16:03:21,410] {dag.py:2927} INFO - Setting next_dagrun for example_branch_datetime_operator_2 to 2024-12-13T00:00:00+00:00, run_after=2024-12-14T00:00:00+00:00
[2024-12-14 16:03:21,429] {processor.py:161} INFO - Processing /home/dev/curso/ambientevirtual/lib/python3.9/site-packages/airflow/example_dags/example_branch_datetime_operator.py took 0.100 seconds
[2024-12-14 16:03:56,248] {processor.py:153} INFO - Started process (PID=51152) to work on /home/dev/curso/ambientevirtual/lib/python3.9/site-packages/airflow/example_dags/example_branch_datetime_operator.py
[2024-12-14 16:03:56,250] {processor.py:641} INFO - Processing file /home/dev/curso/ambientevirtual/lib/python3.9/site-packages/airflow/example_dags/example_branch_datetime_operator.py for tasks to queue
[2024-12-14 16:03:56,251] {logging_mixin.py:115} INFO - [2024-12-14 16:03:56,251] {dagbag.py:507} INFO - Filling up the DagBag from /home/dev/curso/ambientevirtual/lib/python3.9/site-packages/airflow/example_dags/example_branch_datetime_operator.py
[2024-12-14 16:03:56,263] {processor.py:651} INFO - DAG(s) dict_keys(['example_branch_datetime_operator_2']) retrieved from /home/dev/curso/ambientevirtual/lib/python3.9/site-packages/airflow/example_dags/example_branch_datetime_operator.py
[2024-12-14 16:03:56,284] {logging_mixin.py:115} INFO - [2024-12-14 16:03:56,284] {dag.py:2379} INFO - Sync 1 DAGs
[2024-12-14 16:03:56,308] {logging_mixin.py:115} INFO - [2024-12-14 16:03:56,308] {dag.py:2927} INFO - Setting next_dagrun for example_branch_datetime_operator_2 to 2024-12-13T00:00:00+00:00, run_after=2024-12-14T00:00:00+00:00
[2024-12-14 16:03:56,325] {processor.py:161} INFO - Processing /home/dev/curso/ambientevirtual/lib/python3.9/site-packages/airflow/example_dags/example_branch_datetime_operator.py took 0.082 seconds
[2024-12-14 16:04:31,075] {processor.py:153} INFO - Started process (PID=51281) to work on /home/dev/curso/ambientevirtual/lib/python3.9/site-packages/airflow/example_dags/example_branch_datetime_operator.py
[2024-12-14 16:04:31,075] {processor.py:641} INFO - Processing file /home/dev/curso/ambientevirtual/lib/python3.9/site-packages/airflow/example_dags/example_branch_datetime_operator.py for tasks to queue
[2024-12-14 16:04:31,076] {logging_mixin.py:115} INFO - [2024-12-14 16:04:31,076] {dagbag.py:507} INFO - Filling up the DagBag from /home/dev/curso/ambientevirtual/lib/python3.9/site-packages/airflow/example_dags/example_branch_datetime_operator.py
[2024-12-14 16:04:31,087] {processor.py:651} INFO - DAG(s) dict_keys(['example_branch_datetime_operator_2']) retrieved from /home/dev/curso/ambientevirtual/lib/python3.9/site-packages/airflow/example_dags/example_branch_datetime_operator.py
[2024-12-14 16:04:31,105] {logging_mixin.py:115} INFO - [2024-12-14 16:04:31,105] {dag.py:2379} INFO - Sync 1 DAGs
[2024-12-14 16:04:31,127] {logging_mixin.py:115} INFO - [2024-12-14 16:04:31,127] {dag.py:2927} INFO - Setting next_dagrun for example_branch_datetime_operator_2 to 2024-12-13T00:00:00+00:00, run_after=2024-12-14T00:00:00+00:00
[2024-12-14 16:04:31,145] {processor.py:161} INFO - Processing /home/dev/curso/ambientevirtual/lib/python3.9/site-packages/airflow/example_dags/example_branch_datetime_operator.py took 0.074 seconds
[2024-12-14 16:05:09,018] {processor.py:153} INFO - Started process (PID=51418) to work on /home/dev/curso/ambientevirtual/lib/python3.9/site-packages/airflow/example_dags/example_branch_datetime_operator.py
[2024-12-14 16:05:09,020] {processor.py:641} INFO - Processing file /home/dev/curso/ambientevirtual/lib/python3.9/site-packages/airflow/example_dags/example_branch_datetime_operator.py for tasks to queue
[2024-12-14 16:05:09,021] {logging_mixin.py:115} INFO - [2024-12-14 16:05:09,021] {dagbag.py:507} INFO - Filling up the DagBag from /home/dev/curso/ambientevirtual/lib/python3.9/site-packages/airflow/example_dags/example_branch_datetime_operator.py
[2024-12-14 16:05:09,033] {processor.py:651} INFO - DAG(s) dict_keys(['example_branch_datetime_operator_2']) retrieved from /home/dev/curso/ambientevirtual/lib/python3.9/site-packages/airflow/example_dags/example_branch_datetime_operator.py
[2024-12-14 16:05:09,059] {logging_mixin.py:115} INFO - [2024-12-14 16:05:09,059] {dag.py:2379} INFO - Sync 1 DAGs
[2024-12-14 16:05:09,083] {logging_mixin.py:115} INFO - [2024-12-14 16:05:09,082] {dag.py:2927} INFO - Setting next_dagrun for example_branch_datetime_operator_2 to 2024-12-13T00:00:00+00:00, run_after=2024-12-14T00:00:00+00:00
[2024-12-14 16:05:09,102] {processor.py:161} INFO - Processing /home/dev/curso/ambientevirtual/lib/python3.9/site-packages/airflow/example_dags/example_branch_datetime_operator.py took 0.088 seconds
[2024-12-14 16:05:43,606] {processor.py:153} INFO - Started process (PID=51541) to work on /home/dev/curso/ambientevirtual/lib/python3.9/site-packages/airflow/example_dags/example_branch_datetime_operator.py
[2024-12-14 16:05:43,608] {processor.py:641} INFO - Processing file /home/dev/curso/ambientevirtual/lib/python3.9/site-packages/airflow/example_dags/example_branch_datetime_operator.py for tasks to queue
[2024-12-14 16:05:43,608] {logging_mixin.py:115} INFO - [2024-12-14 16:05:43,608] {dagbag.py:507} INFO - Filling up the DagBag from /home/dev/curso/ambientevirtual/lib/python3.9/site-packages/airflow/example_dags/example_branch_datetime_operator.py
[2024-12-14 16:05:43,620] {processor.py:651} INFO - DAG(s) dict_keys(['example_branch_datetime_operator_2']) retrieved from /home/dev/curso/ambientevirtual/lib/python3.9/site-packages/airflow/example_dags/example_branch_datetime_operator.py
[2024-12-14 16:05:43,644] {logging_mixin.py:115} INFO - [2024-12-14 16:05:43,644] {dag.py:2379} INFO - Sync 1 DAGs
[2024-12-14 16:05:43,667] {logging_mixin.py:115} INFO - [2024-12-14 16:05:43,667] {dag.py:2927} INFO - Setting next_dagrun for example_branch_datetime_operator_2 to 2024-12-13T00:00:00+00:00, run_after=2024-12-14T00:00:00+00:00
[2024-12-14 16:05:43,685] {processor.py:161} INFO - Processing /home/dev/curso/ambientevirtual/lib/python3.9/site-packages/airflow/example_dags/example_branch_datetime_operator.py took 0.083 seconds
[2024-12-14 16:06:19,226] {processor.py:153} INFO - Started process (PID=51729) to work on /home/dev/curso/ambientevirtual/lib/python3.9/site-packages/airflow/example_dags/example_branch_datetime_operator.py
[2024-12-14 16:06:19,227] {processor.py:641} INFO - Processing file /home/dev/curso/ambientevirtual/lib/python3.9/site-packages/airflow/example_dags/example_branch_datetime_operator.py for tasks to queue
[2024-12-14 16:06:19,228] {logging_mixin.py:115} INFO - [2024-12-14 16:06:19,228] {dagbag.py:507} INFO - Filling up the DagBag from /home/dev/curso/ambientevirtual/lib/python3.9/site-packages/airflow/example_dags/example_branch_datetime_operator.py
[2024-12-14 16:06:19,248] {processor.py:651} INFO - DAG(s) dict_keys(['example_branch_datetime_operator_2']) retrieved from /home/dev/curso/ambientevirtual/lib/python3.9/site-packages/airflow/example_dags/example_branch_datetime_operator.py
[2024-12-14 16:06:19,271] {logging_mixin.py:115} INFO - [2024-12-14 16:06:19,270] {dag.py:2379} INFO - Sync 1 DAGs
[2024-12-14 16:06:19,292] {logging_mixin.py:115} INFO - [2024-12-14 16:06:19,292] {dag.py:2927} INFO - Setting next_dagrun for example_branch_datetime_operator_2 to 2024-12-13T00:00:00+00:00, run_after=2024-12-14T00:00:00+00:00
[2024-12-14 16:06:19,311] {processor.py:161} INFO - Processing /home/dev/curso/ambientevirtual/lib/python3.9/site-packages/airflow/example_dags/example_branch_datetime_operator.py took 0.091 seconds
[2024-12-14 16:06:55,522] {processor.py:153} INFO - Started process (PID=51865) to work on /home/dev/curso/ambientevirtual/lib/python3.9/site-packages/airflow/example_dags/example_branch_datetime_operator.py
[2024-12-14 16:06:55,524] {processor.py:641} INFO - Processing file /home/dev/curso/ambientevirtual/lib/python3.9/site-packages/airflow/example_dags/example_branch_datetime_operator.py for tasks to queue
[2024-12-14 16:06:55,525] {logging_mixin.py:115} INFO - [2024-12-14 16:06:55,525] {dagbag.py:507} INFO - Filling up the DagBag from /home/dev/curso/ambientevirtual/lib/python3.9/site-packages/airflow/example_dags/example_branch_datetime_operator.py
[2024-12-14 16:06:55,542] {processor.py:651} INFO - DAG(s) dict_keys(['example_branch_datetime_operator_2']) retrieved from /home/dev/curso/ambientevirtual/lib/python3.9/site-packages/airflow/example_dags/example_branch_datetime_operator.py
[2024-12-14 16:06:55,581] {logging_mixin.py:115} INFO - [2024-12-14 16:06:55,581] {dag.py:2379} INFO - Sync 1 DAGs
[2024-12-14 16:06:55,604] {logging_mixin.py:115} INFO - [2024-12-14 16:06:55,603] {dag.py:2927} INFO - Setting next_dagrun for example_branch_datetime_operator_2 to 2024-12-13T00:00:00+00:00, run_after=2024-12-14T00:00:00+00:00
[2024-12-14 16:06:55,621] {processor.py:161} INFO - Processing /home/dev/curso/ambientevirtual/lib/python3.9/site-packages/airflow/example_dags/example_branch_datetime_operator.py took 0.105 seconds
[2024-12-14 16:07:29,065] {processor.py:153} INFO - Started process (PID=52046) to work on /home/dev/curso/ambientevirtual/lib/python3.9/site-packages/airflow/example_dags/example_branch_datetime_operator.py
[2024-12-14 16:07:29,066] {processor.py:641} INFO - Processing file /home/dev/curso/ambientevirtual/lib/python3.9/site-packages/airflow/example_dags/example_branch_datetime_operator.py for tasks to queue
[2024-12-14 16:07:29,066] {logging_mixin.py:115} INFO - [2024-12-14 16:07:29,066] {dagbag.py:507} INFO - Filling up the DagBag from /home/dev/curso/ambientevirtual/lib/python3.9/site-packages/airflow/example_dags/example_branch_datetime_operator.py
[2024-12-14 16:07:29,078] {processor.py:651} INFO - DAG(s) dict_keys(['example_branch_datetime_operator_2']) retrieved from /home/dev/curso/ambientevirtual/lib/python3.9/site-packages/airflow/example_dags/example_branch_datetime_operator.py
[2024-12-14 16:07:29,100] {logging_mixin.py:115} INFO - [2024-12-14 16:07:29,100] {dag.py:2379} INFO - Sync 1 DAGs
[2024-12-14 16:07:29,124] {logging_mixin.py:115} INFO - [2024-12-14 16:07:29,123] {dag.py:2927} INFO - Setting next_dagrun for example_branch_datetime_operator_2 to 2024-12-13T00:00:00+00:00, run_after=2024-12-14T00:00:00+00:00
[2024-12-14 16:07:29,141] {processor.py:161} INFO - Processing /home/dev/curso/ambientevirtual/lib/python3.9/site-packages/airflow/example_dags/example_branch_datetime_operator.py took 0.080 seconds
[2024-12-14 16:08:03,869] {processor.py:153} INFO - Started process (PID=52174) to work on /home/dev/curso/ambientevirtual/lib/python3.9/site-packages/airflow/example_dags/example_branch_datetime_operator.py
[2024-12-14 16:08:03,870] {processor.py:641} INFO - Processing file /home/dev/curso/ambientevirtual/lib/python3.9/site-packages/airflow/example_dags/example_branch_datetime_operator.py for tasks to queue
[2024-12-14 16:08:03,871] {logging_mixin.py:115} INFO - [2024-12-14 16:08:03,871] {dagbag.py:507} INFO - Filling up the DagBag from /home/dev/curso/ambientevirtual/lib/python3.9/site-packages/airflow/example_dags/example_branch_datetime_operator.py
[2024-12-14 16:08:03,883] {processor.py:651} INFO - DAG(s) dict_keys(['example_branch_datetime_operator_2']) retrieved from /home/dev/curso/ambientevirtual/lib/python3.9/site-packages/airflow/example_dags/example_branch_datetime_operator.py
[2024-12-14 16:08:03,906] {logging_mixin.py:115} INFO - [2024-12-14 16:08:03,906] {dag.py:2379} INFO - Sync 1 DAGs
[2024-12-14 16:08:03,936] {logging_mixin.py:115} INFO - [2024-12-14 16:08:03,936] {dag.py:2927} INFO - Setting next_dagrun for example_branch_datetime_operator_2 to 2024-12-13T00:00:00+00:00, run_after=2024-12-14T00:00:00+00:00
[2024-12-14 16:08:03,962] {processor.py:161} INFO - Processing /home/dev/curso/ambientevirtual/lib/python3.9/site-packages/airflow/example_dags/example_branch_datetime_operator.py took 0.097 seconds
[2024-12-14 16:08:40,639] {processor.py:153} INFO - Started process (PID=52480) to work on /home/dev/curso/ambientevirtual/lib/python3.9/site-packages/airflow/example_dags/example_branch_datetime_operator.py
[2024-12-14 16:08:40,642] {processor.py:641} INFO - Processing file /home/dev/curso/ambientevirtual/lib/python3.9/site-packages/airflow/example_dags/example_branch_datetime_operator.py for tasks to queue
[2024-12-14 16:08:40,643] {logging_mixin.py:115} INFO - [2024-12-14 16:08:40,643] {dagbag.py:507} INFO - Filling up the DagBag from /home/dev/curso/ambientevirtual/lib/python3.9/site-packages/airflow/example_dags/example_branch_datetime_operator.py
[2024-12-14 16:08:40,661] {processor.py:651} INFO - DAG(s) dict_keys(['example_branch_datetime_operator_2']) retrieved from /home/dev/curso/ambientevirtual/lib/python3.9/site-packages/airflow/example_dags/example_branch_datetime_operator.py
[2024-12-14 16:08:40,681] {logging_mixin.py:115} INFO - [2024-12-14 16:08:40,681] {dag.py:2379} INFO - Sync 1 DAGs
[2024-12-14 16:08:40,704] {logging_mixin.py:115} INFO - [2024-12-14 16:08:40,704] {dag.py:2927} INFO - Setting next_dagrun for example_branch_datetime_operator_2 to 2024-12-13T00:00:00+00:00, run_after=2024-12-14T00:00:00+00:00
[2024-12-14 16:08:40,721] {processor.py:161} INFO - Processing /home/dev/curso/ambientevirtual/lib/python3.9/site-packages/airflow/example_dags/example_branch_datetime_operator.py took 0.088 seconds
[2024-12-14 16:09:15,686] {processor.py:153} INFO - Started process (PID=52666) to work on /home/dev/curso/ambientevirtual/lib/python3.9/site-packages/airflow/example_dags/example_branch_datetime_operator.py
[2024-12-14 16:09:15,687] {processor.py:641} INFO - Processing file /home/dev/curso/ambientevirtual/lib/python3.9/site-packages/airflow/example_dags/example_branch_datetime_operator.py for tasks to queue
[2024-12-14 16:09:15,687] {logging_mixin.py:115} INFO - [2024-12-14 16:09:15,687] {dagbag.py:507} INFO - Filling up the DagBag from /home/dev/curso/ambientevirtual/lib/python3.9/site-packages/airflow/example_dags/example_branch_datetime_operator.py
[2024-12-14 16:09:15,701] {processor.py:651} INFO - DAG(s) dict_keys(['example_branch_datetime_operator_2']) retrieved from /home/dev/curso/ambientevirtual/lib/python3.9/site-packages/airflow/example_dags/example_branch_datetime_operator.py
[2024-12-14 16:09:15,724] {logging_mixin.py:115} INFO - [2024-12-14 16:09:15,724] {dag.py:2379} INFO - Sync 1 DAGs
[2024-12-14 16:09:15,749] {logging_mixin.py:115} INFO - [2024-12-14 16:09:15,749] {dag.py:2927} INFO - Setting next_dagrun for example_branch_datetime_operator_2 to 2024-12-13T00:00:00+00:00, run_after=2024-12-14T00:00:00+00:00
[2024-12-14 16:09:15,771] {processor.py:161} INFO - Processing /home/dev/curso/ambientevirtual/lib/python3.9/site-packages/airflow/example_dags/example_branch_datetime_operator.py took 0.089 seconds
[2024-12-14 16:09:54,160] {processor.py:153} INFO - Started process (PID=52802) to work on /home/dev/curso/ambientevirtual/lib/python3.9/site-packages/airflow/example_dags/example_branch_datetime_operator.py
[2024-12-14 16:09:54,161] {processor.py:641} INFO - Processing file /home/dev/curso/ambientevirtual/lib/python3.9/site-packages/airflow/example_dags/example_branch_datetime_operator.py for tasks to queue
[2024-12-14 16:09:54,162] {logging_mixin.py:115} INFO - [2024-12-14 16:09:54,162] {dagbag.py:507} INFO - Filling up the DagBag from /home/dev/curso/ambientevirtual/lib/python3.9/site-packages/airflow/example_dags/example_branch_datetime_operator.py
[2024-12-14 16:09:54,172] {processor.py:651} INFO - DAG(s) dict_keys(['example_branch_datetime_operator_2']) retrieved from /home/dev/curso/ambientevirtual/lib/python3.9/site-packages/airflow/example_dags/example_branch_datetime_operator.py
[2024-12-14 16:09:54,193] {logging_mixin.py:115} INFO - [2024-12-14 16:09:54,193] {dag.py:2379} INFO - Sync 1 DAGs
[2024-12-14 16:09:54,216] {logging_mixin.py:115} INFO - [2024-12-14 16:09:54,215] {dag.py:2927} INFO - Setting next_dagrun for example_branch_datetime_operator_2 to 2024-12-13T00:00:00+00:00, run_after=2024-12-14T00:00:00+00:00
[2024-12-14 16:09:54,232] {processor.py:161} INFO - Processing /home/dev/curso/ambientevirtual/lib/python3.9/site-packages/airflow/example_dags/example_branch_datetime_operator.py took 0.076 seconds
[2024-12-14 16:10:32,389] {processor.py:153} INFO - Started process (PID=52940) to work on /home/dev/curso/ambientevirtual/lib/python3.9/site-packages/airflow/example_dags/example_branch_datetime_operator.py
[2024-12-14 16:10:32,390] {processor.py:641} INFO - Processing file /home/dev/curso/ambientevirtual/lib/python3.9/site-packages/airflow/example_dags/example_branch_datetime_operator.py for tasks to queue
[2024-12-14 16:10:32,391] {logging_mixin.py:115} INFO - [2024-12-14 16:10:32,391] {dagbag.py:507} INFO - Filling up the DagBag from /home/dev/curso/ambientevirtual/lib/python3.9/site-packages/airflow/example_dags/example_branch_datetime_operator.py
[2024-12-14 16:10:32,400] {processor.py:651} INFO - DAG(s) dict_keys(['example_branch_datetime_operator_2']) retrieved from /home/dev/curso/ambientevirtual/lib/python3.9/site-packages/airflow/example_dags/example_branch_datetime_operator.py
[2024-12-14 16:10:32,419] {logging_mixin.py:115} INFO - [2024-12-14 16:10:32,419] {dag.py:2379} INFO - Sync 1 DAGs
[2024-12-14 16:10:32,441] {logging_mixin.py:115} INFO - [2024-12-14 16:10:32,440] {dag.py:2927} INFO - Setting next_dagrun for example_branch_datetime_operator_2 to 2024-12-13T00:00:00+00:00, run_after=2024-12-14T00:00:00+00:00
[2024-12-14 16:10:32,457] {processor.py:161} INFO - Processing /home/dev/curso/ambientevirtual/lib/python3.9/site-packages/airflow/example_dags/example_branch_datetime_operator.py took 0.072 seconds
[2024-12-14 16:11:08,094] {processor.py:153} INFO - Started process (PID=53185) to work on /home/dev/curso/ambientevirtual/lib/python3.9/site-packages/airflow/example_dags/example_branch_datetime_operator.py
[2024-12-14 16:11:08,096] {processor.py:641} INFO - Processing file /home/dev/curso/ambientevirtual/lib/python3.9/site-packages/airflow/example_dags/example_branch_datetime_operator.py for tasks to queue
[2024-12-14 16:11:08,097] {logging_mixin.py:115} INFO - [2024-12-14 16:11:08,097] {dagbag.py:507} INFO - Filling up the DagBag from /home/dev/curso/ambientevirtual/lib/python3.9/site-packages/airflow/example_dags/example_branch_datetime_operator.py
[2024-12-14 16:11:08,111] {processor.py:651} INFO - DAG(s) dict_keys(['example_branch_datetime_operator_2']) retrieved from /home/dev/curso/ambientevirtual/lib/python3.9/site-packages/airflow/example_dags/example_branch_datetime_operator.py
[2024-12-14 16:11:08,131] {logging_mixin.py:115} INFO - [2024-12-14 16:11:08,131] {dag.py:2379} INFO - Sync 1 DAGs
[2024-12-14 16:11:08,153] {logging_mixin.py:115} INFO - [2024-12-14 16:11:08,153] {dag.py:2927} INFO - Setting next_dagrun for example_branch_datetime_operator_2 to 2024-12-13T00:00:00+00:00, run_after=2024-12-14T00:00:00+00:00
[2024-12-14 16:11:08,171] {processor.py:161} INFO - Processing /home/dev/curso/ambientevirtual/lib/python3.9/site-packages/airflow/example_dags/example_branch_datetime_operator.py took 0.083 seconds
