[2024-12-14 15:51:44,015] {processor.py:153} INFO - Started process (PID=48015) to work on /home/dev/curso/ambientevirtual/lib/python3.9/site-packages/airflow/example_dags/example_branch_day_of_week_operator.py
[2024-12-14 15:51:44,016] {processor.py:641} INFO - Processing file /home/dev/curso/ambientevirtual/lib/python3.9/site-packages/airflow/example_dags/example_branch_day_of_week_operator.py for tasks to queue
[2024-12-14 15:51:44,017] {logging_mixin.py:115} INFO - [2024-12-14 15:51:44,017] {dagbag.py:507} INFO - Filling up the DagBag from /home/dev/curso/ambientevirtual/lib/python3.9/site-packages/airflow/example_dags/example_branch_day_of_week_operator.py
[2024-12-14 15:51:44,034] {processor.py:651} INFO - DAG(s) dict_keys(['example_weekday_branch_operator']) retrieved from /home/dev/curso/ambientevirtual/lib/python3.9/site-packages/airflow/example_dags/example_branch_day_of_week_operator.py
[2024-12-14 15:51:44,105] {logging_mixin.py:115} INFO - [2024-12-14 15:51:44,104] {manager.py:508} INFO - Created Permission View: can delete on DAG:example_weekday_branch_operator
[2024-12-14 15:51:44,120] {logging_mixin.py:115} INFO - [2024-12-14 15:51:44,120] {manager.py:508} INFO - Created Permission View: can edit on DAG:example_weekday_branch_operator
[2024-12-14 15:51:44,131] {logging_mixin.py:115} INFO - [2024-12-14 15:51:44,131] {manager.py:508} INFO - Created Permission View: can read on DAG:example_weekday_branch_operator
[2024-12-14 15:51:44,131] {logging_mixin.py:115} INFO - [2024-12-14 15:51:44,131] {dag.py:2379} INFO - Sync 1 DAGs
[2024-12-14 15:51:44,140] {logging_mixin.py:115} INFO - [2024-12-14 15:51:44,139] {dag.py:2398} INFO - Creating ORM DAG for example_weekday_branch_operator
[2024-12-14 15:51:44,151] {logging_mixin.py:115} INFO - [2024-12-14 15:51:44,151] {dag.py:2927} INFO - Setting next_dagrun for example_weekday_branch_operator to 2024-12-13T00:00:00+00:00, run_after=2024-12-14T00:00:00+00:00
[2024-12-14 15:51:44,170] {processor.py:161} INFO - Processing /home/dev/curso/ambientevirtual/lib/python3.9/site-packages/airflow/example_dags/example_branch_day_of_week_operator.py took 0.161 seconds
[2024-12-14 15:52:21,241] {processor.py:153} INFO - Started process (PID=48324) to work on /home/dev/curso/ambientevirtual/lib/python3.9/site-packages/airflow/example_dags/example_branch_day_of_week_operator.py
[2024-12-14 15:52:21,243] {processor.py:641} INFO - Processing file /home/dev/curso/ambientevirtual/lib/python3.9/site-packages/airflow/example_dags/example_branch_day_of_week_operator.py for tasks to queue
[2024-12-14 15:52:21,244] {logging_mixin.py:115} INFO - [2024-12-14 15:52:21,244] {dagbag.py:507} INFO - Filling up the DagBag from /home/dev/curso/ambientevirtual/lib/python3.9/site-packages/airflow/example_dags/example_branch_day_of_week_operator.py
[2024-12-14 15:52:21,260] {processor.py:651} INFO - DAG(s) dict_keys(['example_weekday_branch_operator']) retrieved from /home/dev/curso/ambientevirtual/lib/python3.9/site-packages/airflow/example_dags/example_branch_day_of_week_operator.py
[2024-12-14 15:52:21,279] {logging_mixin.py:115} INFO - [2024-12-14 15:52:21,279] {dag.py:2379} INFO - Sync 1 DAGs
[2024-12-14 15:52:21,302] {logging_mixin.py:115} INFO - [2024-12-14 15:52:21,302] {dag.py:2927} INFO - Setting next_dagrun for example_weekday_branch_operator to 2024-12-13T00:00:00+00:00, run_after=2024-12-14T00:00:00+00:00
[2024-12-14 15:52:21,319] {processor.py:161} INFO - Processing /home/dev/curso/ambientevirtual/lib/python3.9/site-packages/airflow/example_dags/example_branch_day_of_week_operator.py took 0.085 seconds
[2024-12-14 15:52:57,381] {processor.py:153} INFO - Started process (PID=48454) to work on /home/dev/curso/ambientevirtual/lib/python3.9/site-packages/airflow/example_dags/example_branch_day_of_week_operator.py
[2024-12-14 15:52:57,382] {processor.py:641} INFO - Processing file /home/dev/curso/ambientevirtual/lib/python3.9/site-packages/airflow/example_dags/example_branch_day_of_week_operator.py for tasks to queue
[2024-12-14 15:52:57,383] {logging_mixin.py:115} INFO - [2024-12-14 15:52:57,383] {dagbag.py:507} INFO - Filling up the DagBag from /home/dev/curso/ambientevirtual/lib/python3.9/site-packages/airflow/example_dags/example_branch_day_of_week_operator.py
[2024-12-14 15:52:57,393] {processor.py:651} INFO - DAG(s) dict_keys(['example_weekday_branch_operator']) retrieved from /home/dev/curso/ambientevirtual/lib/python3.9/site-packages/airflow/example_dags/example_branch_day_of_week_operator.py
[2024-12-14 15:52:57,413] {logging_mixin.py:115} INFO - [2024-12-14 15:52:57,413] {dag.py:2379} INFO - Sync 1 DAGs
[2024-12-14 15:52:57,433] {logging_mixin.py:115} INFO - [2024-12-14 15:52:57,433] {dag.py:2927} INFO - Setting next_dagrun for example_weekday_branch_operator to 2024-12-13T00:00:00+00:00, run_after=2024-12-14T00:00:00+00:00
[2024-12-14 15:52:57,449] {processor.py:161} INFO - Processing /home/dev/curso/ambientevirtual/lib/python3.9/site-packages/airflow/example_dags/example_branch_day_of_week_operator.py took 0.073 seconds
[2024-12-14 15:53:32,637] {processor.py:153} INFO - Started process (PID=48584) to work on /home/dev/curso/ambientevirtual/lib/python3.9/site-packages/airflow/example_dags/example_branch_day_of_week_operator.py
[2024-12-14 15:53:32,638] {processor.py:641} INFO - Processing file /home/dev/curso/ambientevirtual/lib/python3.9/site-packages/airflow/example_dags/example_branch_day_of_week_operator.py for tasks to queue
[2024-12-14 15:53:32,639] {logging_mixin.py:115} INFO - [2024-12-14 15:53:32,639] {dagbag.py:507} INFO - Filling up the DagBag from /home/dev/curso/ambientevirtual/lib/python3.9/site-packages/airflow/example_dags/example_branch_day_of_week_operator.py
[2024-12-14 15:53:32,652] {processor.py:651} INFO - DAG(s) dict_keys(['example_weekday_branch_operator']) retrieved from /home/dev/curso/ambientevirtual/lib/python3.9/site-packages/airflow/example_dags/example_branch_day_of_week_operator.py
[2024-12-14 15:53:32,671] {logging_mixin.py:115} INFO - [2024-12-14 15:53:32,670] {dag.py:2379} INFO - Sync 1 DAGs
[2024-12-14 15:53:32,690] {logging_mixin.py:115} INFO - [2024-12-14 15:53:32,690] {dag.py:2927} INFO - Setting next_dagrun for example_weekday_branch_operator to 2024-12-13T00:00:00+00:00, run_after=2024-12-14T00:00:00+00:00
[2024-12-14 15:53:32,707] {processor.py:161} INFO - Processing /home/dev/curso/ambientevirtual/lib/python3.9/site-packages/airflow/example_dags/example_branch_day_of_week_operator.py took 0.076 seconds
[2024-12-14 15:54:08,891] {processor.py:153} INFO - Started process (PID=48720) to work on /home/dev/curso/ambientevirtual/lib/python3.9/site-packages/airflow/example_dags/example_branch_day_of_week_operator.py
[2024-12-14 15:54:08,893] {processor.py:641} INFO - Processing file /home/dev/curso/ambientevirtual/lib/python3.9/site-packages/airflow/example_dags/example_branch_day_of_week_operator.py for tasks to queue
[2024-12-14 15:54:08,895] {logging_mixin.py:115} INFO - [2024-12-14 15:54:08,894] {dagbag.py:507} INFO - Filling up the DagBag from /home/dev/curso/ambientevirtual/lib/python3.9/site-packages/airflow/example_dags/example_branch_day_of_week_operator.py
[2024-12-14 15:54:08,912] {processor.py:651} INFO - DAG(s) dict_keys(['example_weekday_branch_operator']) retrieved from /home/dev/curso/ambientevirtual/lib/python3.9/site-packages/airflow/example_dags/example_branch_day_of_week_operator.py
[2024-12-14 15:54:08,931] {logging_mixin.py:115} INFO - [2024-12-14 15:54:08,931] {dag.py:2379} INFO - Sync 1 DAGs
[2024-12-14 15:54:08,951] {logging_mixin.py:115} INFO - [2024-12-14 15:54:08,951] {dag.py:2927} INFO - Setting next_dagrun for example_weekday_branch_operator to 2024-12-13T00:00:00+00:00, run_after=2024-12-14T00:00:00+00:00
[2024-12-14 15:54:08,966] {processor.py:161} INFO - Processing /home/dev/curso/ambientevirtual/lib/python3.9/site-packages/airflow/example_dags/example_branch_day_of_week_operator.py took 0.081 seconds
[2024-12-14 15:54:46,615] {processor.py:153} INFO - Started process (PID=48856) to work on /home/dev/curso/ambientevirtual/lib/python3.9/site-packages/airflow/example_dags/example_branch_day_of_week_operator.py
[2024-12-14 15:54:46,617] {processor.py:641} INFO - Processing file /home/dev/curso/ambientevirtual/lib/python3.9/site-packages/airflow/example_dags/example_branch_day_of_week_operator.py for tasks to queue
[2024-12-14 15:54:46,618] {logging_mixin.py:115} INFO - [2024-12-14 15:54:46,618] {dagbag.py:507} INFO - Filling up the DagBag from /home/dev/curso/ambientevirtual/lib/python3.9/site-packages/airflow/example_dags/example_branch_day_of_week_operator.py
[2024-12-14 15:54:46,631] {processor.py:651} INFO - DAG(s) dict_keys(['example_weekday_branch_operator']) retrieved from /home/dev/curso/ambientevirtual/lib/python3.9/site-packages/airflow/example_dags/example_branch_day_of_week_operator.py
[2024-12-14 15:54:46,657] {logging_mixin.py:115} INFO - [2024-12-14 15:54:46,656] {dag.py:2379} INFO - Sync 1 DAGs
[2024-12-14 15:54:46,683] {logging_mixin.py:115} INFO - [2024-12-14 15:54:46,683] {dag.py:2927} INFO - Setting next_dagrun for example_weekday_branch_operator to 2024-12-13T00:00:00+00:00, run_after=2024-12-14T00:00:00+00:00
[2024-12-14 15:54:46,703] {processor.py:161} INFO - Processing /home/dev/curso/ambientevirtual/lib/python3.9/site-packages/airflow/example_dags/example_branch_day_of_week_operator.py took 0.096 seconds
[2024-12-14 15:55:20,355] {processor.py:153} INFO - Started process (PID=48980) to work on /home/dev/curso/ambientevirtual/lib/python3.9/site-packages/airflow/example_dags/example_branch_day_of_week_operator.py
[2024-12-14 15:55:20,356] {processor.py:641} INFO - Processing file /home/dev/curso/ambientevirtual/lib/python3.9/site-packages/airflow/example_dags/example_branch_day_of_week_operator.py for tasks to queue
[2024-12-14 15:55:20,357] {logging_mixin.py:115} INFO - [2024-12-14 15:55:20,357] {dagbag.py:507} INFO - Filling up the DagBag from /home/dev/curso/ambientevirtual/lib/python3.9/site-packages/airflow/example_dags/example_branch_day_of_week_operator.py
[2024-12-14 15:55:20,366] {processor.py:651} INFO - DAG(s) dict_keys(['example_weekday_branch_operator']) retrieved from /home/dev/curso/ambientevirtual/lib/python3.9/site-packages/airflow/example_dags/example_branch_day_of_week_operator.py
[2024-12-14 15:55:20,387] {logging_mixin.py:115} INFO - [2024-12-14 15:55:20,387] {dag.py:2379} INFO - Sync 1 DAGs
[2024-12-14 15:55:20,408] {logging_mixin.py:115} INFO - [2024-12-14 15:55:20,408] {dag.py:2927} INFO - Setting next_dagrun for example_weekday_branch_operator to 2024-12-13T00:00:00+00:00, run_after=2024-12-14T00:00:00+00:00
[2024-12-14 15:55:20,424] {processor.py:161} INFO - Processing /home/dev/curso/ambientevirtual/lib/python3.9/site-packages/airflow/example_dags/example_branch_day_of_week_operator.py took 0.072 seconds
[2024-12-14 15:55:55,273] {processor.py:153} INFO - Started process (PID=49109) to work on /home/dev/curso/ambientevirtual/lib/python3.9/site-packages/airflow/example_dags/example_branch_day_of_week_operator.py
[2024-12-14 15:55:55,275] {processor.py:641} INFO - Processing file /home/dev/curso/ambientevirtual/lib/python3.9/site-packages/airflow/example_dags/example_branch_day_of_week_operator.py for tasks to queue
[2024-12-14 15:55:55,276] {logging_mixin.py:115} INFO - [2024-12-14 15:55:55,276] {dagbag.py:507} INFO - Filling up the DagBag from /home/dev/curso/ambientevirtual/lib/python3.9/site-packages/airflow/example_dags/example_branch_day_of_week_operator.py
[2024-12-14 15:55:55,295] {processor.py:651} INFO - DAG(s) dict_keys(['example_weekday_branch_operator']) retrieved from /home/dev/curso/ambientevirtual/lib/python3.9/site-packages/airflow/example_dags/example_branch_day_of_week_operator.py
[2024-12-14 15:55:55,315] {logging_mixin.py:115} INFO - [2024-12-14 15:55:55,315] {dag.py:2379} INFO - Sync 1 DAGs
[2024-12-14 15:55:55,343] {logging_mixin.py:115} INFO - [2024-12-14 15:55:55,343] {dag.py:2927} INFO - Setting next_dagrun for example_weekday_branch_operator to 2024-12-13T00:00:00+00:00, run_after=2024-12-14T00:00:00+00:00
[2024-12-14 15:55:55,361] {processor.py:161} INFO - Processing /home/dev/curso/ambientevirtual/lib/python3.9/site-packages/airflow/example_dags/example_branch_day_of_week_operator.py took 0.095 seconds
[2024-12-14 15:56:30,878] {processor.py:153} INFO - Started process (PID=49237) to work on /home/dev/curso/ambientevirtual/lib/python3.9/site-packages/airflow/example_dags/example_branch_day_of_week_operator.py
[2024-12-14 15:56:30,879] {processor.py:641} INFO - Processing file /home/dev/curso/ambientevirtual/lib/python3.9/site-packages/airflow/example_dags/example_branch_day_of_week_operator.py for tasks to queue
[2024-12-14 15:56:30,880] {logging_mixin.py:115} INFO - [2024-12-14 15:56:30,880] {dagbag.py:507} INFO - Filling up the DagBag from /home/dev/curso/ambientevirtual/lib/python3.9/site-packages/airflow/example_dags/example_branch_day_of_week_operator.py
[2024-12-14 15:56:30,890] {processor.py:651} INFO - DAG(s) dict_keys(['example_weekday_branch_operator']) retrieved from /home/dev/curso/ambientevirtual/lib/python3.9/site-packages/airflow/example_dags/example_branch_day_of_week_operator.py
[2024-12-14 15:56:30,915] {logging_mixin.py:115} INFO - [2024-12-14 15:56:30,915] {dag.py:2379} INFO - Sync 1 DAGs
[2024-12-14 15:56:30,943] {logging_mixin.py:115} INFO - [2024-12-14 15:56:30,943] {dag.py:2927} INFO - Setting next_dagrun for example_weekday_branch_operator to 2024-12-13T00:00:00+00:00, run_after=2024-12-14T00:00:00+00:00
[2024-12-14 15:56:30,967] {processor.py:161} INFO - Processing /home/dev/curso/ambientevirtual/lib/python3.9/site-packages/airflow/example_dags/example_branch_day_of_week_operator.py took 0.095 seconds
[2024-12-14 15:57:06,713] {processor.py:153} INFO - Started process (PID=49425) to work on /home/dev/curso/ambientevirtual/lib/python3.9/site-packages/airflow/example_dags/example_branch_day_of_week_operator.py
[2024-12-14 15:57:06,715] {processor.py:641} INFO - Processing file /home/dev/curso/ambientevirtual/lib/python3.9/site-packages/airflow/example_dags/example_branch_day_of_week_operator.py for tasks to queue
[2024-12-14 15:57:06,716] {logging_mixin.py:115} INFO - [2024-12-14 15:57:06,716] {dagbag.py:507} INFO - Filling up the DagBag from /home/dev/curso/ambientevirtual/lib/python3.9/site-packages/airflow/example_dags/example_branch_day_of_week_operator.py
[2024-12-14 15:57:06,731] {processor.py:651} INFO - DAG(s) dict_keys(['example_weekday_branch_operator']) retrieved from /home/dev/curso/ambientevirtual/lib/python3.9/site-packages/airflow/example_dags/example_branch_day_of_week_operator.py
[2024-12-14 15:57:06,752] {logging_mixin.py:115} INFO - [2024-12-14 15:57:06,752] {dag.py:2379} INFO - Sync 1 DAGs
[2024-12-14 15:57:06,779] {logging_mixin.py:115} INFO - [2024-12-14 15:57:06,779] {dag.py:2927} INFO - Setting next_dagrun for example_weekday_branch_operator to 2024-12-13T00:00:00+00:00, run_after=2024-12-14T00:00:00+00:00
[2024-12-14 15:57:06,802] {processor.py:161} INFO - Processing /home/dev/curso/ambientevirtual/lib/python3.9/site-packages/airflow/example_dags/example_branch_day_of_week_operator.py took 0.096 seconds
[2024-12-14 15:57:46,232] {processor.py:153} INFO - Started process (PID=49569) to work on /home/dev/curso/ambientevirtual/lib/python3.9/site-packages/airflow/example_dags/example_branch_day_of_week_operator.py
[2024-12-14 15:57:46,234] {processor.py:641} INFO - Processing file /home/dev/curso/ambientevirtual/lib/python3.9/site-packages/airflow/example_dags/example_branch_day_of_week_operator.py for tasks to queue
[2024-12-14 15:57:46,235] {logging_mixin.py:115} INFO - [2024-12-14 15:57:46,235] {dagbag.py:507} INFO - Filling up the DagBag from /home/dev/curso/ambientevirtual/lib/python3.9/site-packages/airflow/example_dags/example_branch_day_of_week_operator.py
[2024-12-14 15:57:46,245] {processor.py:651} INFO - DAG(s) dict_keys(['example_weekday_branch_operator']) retrieved from /home/dev/curso/ambientevirtual/lib/python3.9/site-packages/airflow/example_dags/example_branch_day_of_week_operator.py
[2024-12-14 15:57:46,269] {logging_mixin.py:115} INFO - [2024-12-14 15:57:46,269] {dag.py:2379} INFO - Sync 1 DAGs
[2024-12-14 15:57:46,296] {logging_mixin.py:115} INFO - [2024-12-14 15:57:46,296] {dag.py:2927} INFO - Setting next_dagrun for example_weekday_branch_operator to 2024-12-13T00:00:00+00:00, run_after=2024-12-14T00:00:00+00:00
[2024-12-14 15:57:46,314] {processor.py:161} INFO - Processing /home/dev/curso/ambientevirtual/lib/python3.9/site-packages/airflow/example_dags/example_branch_day_of_week_operator.py took 0.087 seconds
[2024-12-14 15:58:23,758] {processor.py:153} INFO - Started process (PID=49707) to work on /home/dev/curso/ambientevirtual/lib/python3.9/site-packages/airflow/example_dags/example_branch_day_of_week_operator.py
[2024-12-14 15:58:23,759] {processor.py:641} INFO - Processing file /home/dev/curso/ambientevirtual/lib/python3.9/site-packages/airflow/example_dags/example_branch_day_of_week_operator.py for tasks to queue
[2024-12-14 15:58:23,760] {logging_mixin.py:115} INFO - [2024-12-14 15:58:23,760] {dagbag.py:507} INFO - Filling up the DagBag from /home/dev/curso/ambientevirtual/lib/python3.9/site-packages/airflow/example_dags/example_branch_day_of_week_operator.py
[2024-12-14 15:58:23,778] {processor.py:651} INFO - DAG(s) dict_keys(['example_weekday_branch_operator']) retrieved from /home/dev/curso/ambientevirtual/lib/python3.9/site-packages/airflow/example_dags/example_branch_day_of_week_operator.py
[2024-12-14 15:58:23,808] {logging_mixin.py:115} INFO - [2024-12-14 15:58:23,808] {dag.py:2379} INFO - Sync 1 DAGs
[2024-12-14 15:58:23,836] {logging_mixin.py:115} INFO - [2024-12-14 15:58:23,836] {dag.py:2927} INFO - Setting next_dagrun for example_weekday_branch_operator to 2024-12-13T00:00:00+00:00, run_after=2024-12-14T00:00:00+00:00
[2024-12-14 15:58:23,857] {processor.py:161} INFO - Processing /home/dev/curso/ambientevirtual/lib/python3.9/site-packages/airflow/example_dags/example_branch_day_of_week_operator.py took 0.105 seconds
[2024-12-14 15:58:57,408] {processor.py:153} INFO - Started process (PID=49829) to work on /home/dev/curso/ambientevirtual/lib/python3.9/site-packages/airflow/example_dags/example_branch_day_of_week_operator.py
[2024-12-14 15:58:57,409] {processor.py:641} INFO - Processing file /home/dev/curso/ambientevirtual/lib/python3.9/site-packages/airflow/example_dags/example_branch_day_of_week_operator.py for tasks to queue
[2024-12-14 15:58:57,410] {logging_mixin.py:115} INFO - [2024-12-14 15:58:57,409] {dagbag.py:507} INFO - Filling up the DagBag from /home/dev/curso/ambientevirtual/lib/python3.9/site-packages/airflow/example_dags/example_branch_day_of_week_operator.py
[2024-12-14 15:58:57,426] {processor.py:651} INFO - DAG(s) dict_keys(['example_weekday_branch_operator']) retrieved from /home/dev/curso/ambientevirtual/lib/python3.9/site-packages/airflow/example_dags/example_branch_day_of_week_operator.py
[2024-12-14 15:58:57,449] {logging_mixin.py:115} INFO - [2024-12-14 15:58:57,449] {dag.py:2379} INFO - Sync 1 DAGs
[2024-12-14 15:58:57,470] {logging_mixin.py:115} INFO - [2024-12-14 15:58:57,470] {dag.py:2927} INFO - Setting next_dagrun for example_weekday_branch_operator to 2024-12-13T00:00:00+00:00, run_after=2024-12-14T00:00:00+00:00
[2024-12-14 15:58:57,486] {processor.py:161} INFO - Processing /home/dev/curso/ambientevirtual/lib/python3.9/site-packages/airflow/example_dags/example_branch_day_of_week_operator.py took 0.085 seconds
[2024-12-14 15:59:35,826] {processor.py:153} INFO - Started process (PID=49965) to work on /home/dev/curso/ambientevirtual/lib/python3.9/site-packages/airflow/example_dags/example_branch_day_of_week_operator.py
[2024-12-14 15:59:35,830] {processor.py:641} INFO - Processing file /home/dev/curso/ambientevirtual/lib/python3.9/site-packages/airflow/example_dags/example_branch_day_of_week_operator.py for tasks to queue
[2024-12-14 15:59:35,831] {logging_mixin.py:115} INFO - [2024-12-14 15:59:35,830] {dagbag.py:507} INFO - Filling up the DagBag from /home/dev/curso/ambientevirtual/lib/python3.9/site-packages/airflow/example_dags/example_branch_day_of_week_operator.py
[2024-12-14 15:59:35,840] {processor.py:651} INFO - DAG(s) dict_keys(['example_weekday_branch_operator']) retrieved from /home/dev/curso/ambientevirtual/lib/python3.9/site-packages/airflow/example_dags/example_branch_day_of_week_operator.py
[2024-12-14 15:59:35,860] {logging_mixin.py:115} INFO - [2024-12-14 15:59:35,860] {dag.py:2379} INFO - Sync 1 DAGs
[2024-12-14 15:59:35,881] {logging_mixin.py:115} INFO - [2024-12-14 15:59:35,881] {dag.py:2927} INFO - Setting next_dagrun for example_weekday_branch_operator to 2024-12-13T00:00:00+00:00, run_after=2024-12-14T00:00:00+00:00
[2024-12-14 15:59:35,899] {processor.py:161} INFO - Processing /home/dev/curso/ambientevirtual/lib/python3.9/site-packages/airflow/example_dags/example_branch_day_of_week_operator.py took 0.079 seconds
[2024-12-14 16:00:11,105] {processor.py:153} INFO - Started process (PID=50093) to work on /home/dev/curso/ambientevirtual/lib/python3.9/site-packages/airflow/example_dags/example_branch_day_of_week_operator.py
[2024-12-14 16:00:11,106] {processor.py:641} INFO - Processing file /home/dev/curso/ambientevirtual/lib/python3.9/site-packages/airflow/example_dags/example_branch_day_of_week_operator.py for tasks to queue
[2024-12-14 16:00:11,107] {logging_mixin.py:115} INFO - [2024-12-14 16:00:11,107] {dagbag.py:507} INFO - Filling up the DagBag from /home/dev/curso/ambientevirtual/lib/python3.9/site-packages/airflow/example_dags/example_branch_day_of_week_operator.py
[2024-12-14 16:00:11,117] {processor.py:651} INFO - DAG(s) dict_keys(['example_weekday_branch_operator']) retrieved from /home/dev/curso/ambientevirtual/lib/python3.9/site-packages/airflow/example_dags/example_branch_day_of_week_operator.py
[2024-12-14 16:00:11,139] {logging_mixin.py:115} INFO - [2024-12-14 16:00:11,139] {dag.py:2379} INFO - Sync 1 DAGs
[2024-12-14 16:00:11,161] {logging_mixin.py:115} INFO - [2024-12-14 16:00:11,160] {dag.py:2927} INFO - Setting next_dagrun for example_weekday_branch_operator to 2024-12-13T00:00:00+00:00, run_after=2024-12-14T00:00:00+00:00
[2024-12-14 16:00:11,177] {processor.py:161} INFO - Processing /home/dev/curso/ambientevirtual/lib/python3.9/site-packages/airflow/example_dags/example_branch_day_of_week_operator.py took 0.079 seconds
[2024-12-14 16:00:49,680] {processor.py:153} INFO - Started process (PID=50291) to work on /home/dev/curso/ambientevirtual/lib/python3.9/site-packages/airflow/example_dags/example_branch_day_of_week_operator.py
[2024-12-14 16:00:49,682] {processor.py:641} INFO - Processing file /home/dev/curso/ambientevirtual/lib/python3.9/site-packages/airflow/example_dags/example_branch_day_of_week_operator.py for tasks to queue
[2024-12-14 16:00:49,682] {logging_mixin.py:115} INFO - [2024-12-14 16:00:49,682] {dagbag.py:507} INFO - Filling up the DagBag from /home/dev/curso/ambientevirtual/lib/python3.9/site-packages/airflow/example_dags/example_branch_day_of_week_operator.py
[2024-12-14 16:00:49,694] {processor.py:651} INFO - DAG(s) dict_keys(['example_weekday_branch_operator']) retrieved from /home/dev/curso/ambientevirtual/lib/python3.9/site-packages/airflow/example_dags/example_branch_day_of_week_operator.py
[2024-12-14 16:00:49,725] {logging_mixin.py:115} INFO - [2024-12-14 16:00:49,725] {dag.py:2379} INFO - Sync 1 DAGs
[2024-12-14 16:00:49,760] {logging_mixin.py:115} INFO - [2024-12-14 16:00:49,760] {dag.py:2927} INFO - Setting next_dagrun for example_weekday_branch_operator to 2024-12-13T00:00:00+00:00, run_after=2024-12-14T00:00:00+00:00
[2024-12-14 16:00:49,794] {processor.py:161} INFO - Processing /home/dev/curso/ambientevirtual/lib/python3.9/site-packages/airflow/example_dags/example_branch_day_of_week_operator.py took 0.119 seconds
[2024-12-14 16:01:31,705] {processor.py:153} INFO - Started process (PID=50565) to work on /home/dev/curso/ambientevirtual/lib/python3.9/site-packages/airflow/example_dags/example_branch_day_of_week_operator.py
[2024-12-14 16:01:31,707] {processor.py:641} INFO - Processing file /home/dev/curso/ambientevirtual/lib/python3.9/site-packages/airflow/example_dags/example_branch_day_of_week_operator.py for tasks to queue
[2024-12-14 16:01:31,708] {logging_mixin.py:115} INFO - [2024-12-14 16:01:31,708] {dagbag.py:507} INFO - Filling up the DagBag from /home/dev/curso/ambientevirtual/lib/python3.9/site-packages/airflow/example_dags/example_branch_day_of_week_operator.py
[2024-12-14 16:01:31,719] {processor.py:651} INFO - DAG(s) dict_keys(['example_weekday_branch_operator']) retrieved from /home/dev/curso/ambientevirtual/lib/python3.9/site-packages/airflow/example_dags/example_branch_day_of_week_operator.py
[2024-12-14 16:01:31,737] {logging_mixin.py:115} INFO - [2024-12-14 16:01:31,737] {dag.py:2379} INFO - Sync 1 DAGs
[2024-12-14 16:01:31,759] {logging_mixin.py:115} INFO - [2024-12-14 16:01:31,758] {dag.py:2927} INFO - Setting next_dagrun for example_weekday_branch_operator to 2024-12-13T00:00:00+00:00, run_after=2024-12-14T00:00:00+00:00
[2024-12-14 16:01:31,775] {processor.py:161} INFO - Processing /home/dev/curso/ambientevirtual/lib/python3.9/site-packages/airflow/example_dags/example_branch_day_of_week_operator.py took 0.076 seconds
[2024-12-14 16:02:08,616] {processor.py:153} INFO - Started process (PID=50753) to work on /home/dev/curso/ambientevirtual/lib/python3.9/site-packages/airflow/example_dags/example_branch_day_of_week_operator.py
[2024-12-14 16:02:08,618] {processor.py:641} INFO - Processing file /home/dev/curso/ambientevirtual/lib/python3.9/site-packages/airflow/example_dags/example_branch_day_of_week_operator.py for tasks to queue
[2024-12-14 16:02:08,619] {logging_mixin.py:115} INFO - [2024-12-14 16:02:08,619] {dagbag.py:507} INFO - Filling up the DagBag from /home/dev/curso/ambientevirtual/lib/python3.9/site-packages/airflow/example_dags/example_branch_day_of_week_operator.py
[2024-12-14 16:02:08,630] {processor.py:651} INFO - DAG(s) dict_keys(['example_weekday_branch_operator']) retrieved from /home/dev/curso/ambientevirtual/lib/python3.9/site-packages/airflow/example_dags/example_branch_day_of_week_operator.py
[2024-12-14 16:02:08,661] {logging_mixin.py:115} INFO - [2024-12-14 16:02:08,661] {dag.py:2379} INFO - Sync 1 DAGs
[2024-12-14 16:02:08,693] {logging_mixin.py:115} INFO - [2024-12-14 16:02:08,693] {dag.py:2927} INFO - Setting next_dagrun for example_weekday_branch_operator to 2024-12-13T00:00:00+00:00, run_after=2024-12-14T00:00:00+00:00
[2024-12-14 16:02:08,718] {processor.py:161} INFO - Processing /home/dev/curso/ambientevirtual/lib/python3.9/site-packages/airflow/example_dags/example_branch_day_of_week_operator.py took 0.105 seconds
[2024-12-14 16:02:43,389] {processor.py:153} INFO - Started process (PID=50885) to work on /home/dev/curso/ambientevirtual/lib/python3.9/site-packages/airflow/example_dags/example_branch_day_of_week_operator.py
[2024-12-14 16:02:43,390] {processor.py:641} INFO - Processing file /home/dev/curso/ambientevirtual/lib/python3.9/site-packages/airflow/example_dags/example_branch_day_of_week_operator.py for tasks to queue
[2024-12-14 16:02:43,391] {logging_mixin.py:115} INFO - [2024-12-14 16:02:43,391] {dagbag.py:507} INFO - Filling up the DagBag from /home/dev/curso/ambientevirtual/lib/python3.9/site-packages/airflow/example_dags/example_branch_day_of_week_operator.py
[2024-12-14 16:02:43,401] {processor.py:651} INFO - DAG(s) dict_keys(['example_weekday_branch_operator']) retrieved from /home/dev/curso/ambientevirtual/lib/python3.9/site-packages/airflow/example_dags/example_branch_day_of_week_operator.py
[2024-12-14 16:02:43,422] {logging_mixin.py:115} INFO - [2024-12-14 16:02:43,421] {dag.py:2379} INFO - Sync 1 DAGs
[2024-12-14 16:02:43,443] {logging_mixin.py:115} INFO - [2024-12-14 16:02:43,443] {dag.py:2927} INFO - Setting next_dagrun for example_weekday_branch_operator to 2024-12-13T00:00:00+00:00, run_after=2024-12-14T00:00:00+00:00
[2024-12-14 16:02:43,462] {processor.py:161} INFO - Processing /home/dev/curso/ambientevirtual/lib/python3.9/site-packages/airflow/example_dags/example_branch_day_of_week_operator.py took 0.077 seconds
[2024-12-14 16:03:22,571] {processor.py:153} INFO - Started process (PID=51030) to work on /home/dev/curso/ambientevirtual/lib/python3.9/site-packages/airflow/example_dags/example_branch_day_of_week_operator.py
[2024-12-14 16:03:22,573] {processor.py:641} INFO - Processing file /home/dev/curso/ambientevirtual/lib/python3.9/site-packages/airflow/example_dags/example_branch_day_of_week_operator.py for tasks to queue
[2024-12-14 16:03:22,574] {logging_mixin.py:115} INFO - [2024-12-14 16:03:22,574] {dagbag.py:507} INFO - Filling up the DagBag from /home/dev/curso/ambientevirtual/lib/python3.9/site-packages/airflow/example_dags/example_branch_day_of_week_operator.py
[2024-12-14 16:03:22,584] {processor.py:651} INFO - DAG(s) dict_keys(['example_weekday_branch_operator']) retrieved from /home/dev/curso/ambientevirtual/lib/python3.9/site-packages/airflow/example_dags/example_branch_day_of_week_operator.py
[2024-12-14 16:03:22,606] {logging_mixin.py:115} INFO - [2024-12-14 16:03:22,606] {dag.py:2379} INFO - Sync 1 DAGs
[2024-12-14 16:03:22,630] {logging_mixin.py:115} INFO - [2024-12-14 16:03:22,630] {dag.py:2927} INFO - Setting next_dagrun for example_weekday_branch_operator to 2024-12-13T00:00:00+00:00, run_after=2024-12-14T00:00:00+00:00
[2024-12-14 16:03:22,652] {processor.py:161} INFO - Processing /home/dev/curso/ambientevirtual/lib/python3.9/site-packages/airflow/example_dags/example_branch_day_of_week_operator.py took 0.089 seconds
[2024-12-14 16:03:57,389] {processor.py:153} INFO - Started process (PID=51159) to work on /home/dev/curso/ambientevirtual/lib/python3.9/site-packages/airflow/example_dags/example_branch_day_of_week_operator.py
[2024-12-14 16:03:57,390] {processor.py:641} INFO - Processing file /home/dev/curso/ambientevirtual/lib/python3.9/site-packages/airflow/example_dags/example_branch_day_of_week_operator.py for tasks to queue
[2024-12-14 16:03:57,391] {logging_mixin.py:115} INFO - [2024-12-14 16:03:57,391] {dagbag.py:507} INFO - Filling up the DagBag from /home/dev/curso/ambientevirtual/lib/python3.9/site-packages/airflow/example_dags/example_branch_day_of_week_operator.py
[2024-12-14 16:03:57,402] {processor.py:651} INFO - DAG(s) dict_keys(['example_weekday_branch_operator']) retrieved from /home/dev/curso/ambientevirtual/lib/python3.9/site-packages/airflow/example_dags/example_branch_day_of_week_operator.py
[2024-12-14 16:03:57,422] {logging_mixin.py:115} INFO - [2024-12-14 16:03:57,422] {dag.py:2379} INFO - Sync 1 DAGs
[2024-12-14 16:03:57,444] {logging_mixin.py:115} INFO - [2024-12-14 16:03:57,444] {dag.py:2927} INFO - Setting next_dagrun for example_weekday_branch_operator to 2024-12-13T00:00:00+00:00, run_after=2024-12-14T00:00:00+00:00
[2024-12-14 16:03:57,460] {processor.py:161} INFO - Processing /home/dev/curso/ambientevirtual/lib/python3.9/site-packages/airflow/example_dags/example_branch_day_of_week_operator.py took 0.075 seconds
[2024-12-14 16:04:32,216] {processor.py:153} INFO - Started process (PID=51282) to work on /home/dev/curso/ambientevirtual/lib/python3.9/site-packages/airflow/example_dags/example_branch_day_of_week_operator.py
[2024-12-14 16:04:32,217] {processor.py:641} INFO - Processing file /home/dev/curso/ambientevirtual/lib/python3.9/site-packages/airflow/example_dags/example_branch_day_of_week_operator.py for tasks to queue
[2024-12-14 16:04:32,218] {logging_mixin.py:115} INFO - [2024-12-14 16:04:32,217] {dagbag.py:507} INFO - Filling up the DagBag from /home/dev/curso/ambientevirtual/lib/python3.9/site-packages/airflow/example_dags/example_branch_day_of_week_operator.py
[2024-12-14 16:04:32,228] {processor.py:651} INFO - DAG(s) dict_keys(['example_weekday_branch_operator']) retrieved from /home/dev/curso/ambientevirtual/lib/python3.9/site-packages/airflow/example_dags/example_branch_day_of_week_operator.py
[2024-12-14 16:04:32,248] {logging_mixin.py:115} INFO - [2024-12-14 16:04:32,248] {dag.py:2379} INFO - Sync 1 DAGs
[2024-12-14 16:04:32,270] {logging_mixin.py:115} INFO - [2024-12-14 16:04:32,270] {dag.py:2927} INFO - Setting next_dagrun for example_weekday_branch_operator to 2024-12-13T00:00:00+00:00, run_after=2024-12-14T00:00:00+00:00
[2024-12-14 16:04:32,287] {processor.py:161} INFO - Processing /home/dev/curso/ambientevirtual/lib/python3.9/site-packages/airflow/example_dags/example_branch_day_of_week_operator.py took 0.077 seconds
[2024-12-14 16:05:10,149] {processor.py:153} INFO - Started process (PID=51419) to work on /home/dev/curso/ambientevirtual/lib/python3.9/site-packages/airflow/example_dags/example_branch_day_of_week_operator.py
[2024-12-14 16:05:10,150] {processor.py:641} INFO - Processing file /home/dev/curso/ambientevirtual/lib/python3.9/site-packages/airflow/example_dags/example_branch_day_of_week_operator.py for tasks to queue
[2024-12-14 16:05:10,150] {logging_mixin.py:115} INFO - [2024-12-14 16:05:10,150] {dagbag.py:507} INFO - Filling up the DagBag from /home/dev/curso/ambientevirtual/lib/python3.9/site-packages/airflow/example_dags/example_branch_day_of_week_operator.py
[2024-12-14 16:05:10,161] {processor.py:651} INFO - DAG(s) dict_keys(['example_weekday_branch_operator']) retrieved from /home/dev/curso/ambientevirtual/lib/python3.9/site-packages/airflow/example_dags/example_branch_day_of_week_operator.py
[2024-12-14 16:05:10,182] {logging_mixin.py:115} INFO - [2024-12-14 16:05:10,182] {dag.py:2379} INFO - Sync 1 DAGs
[2024-12-14 16:05:10,206] {logging_mixin.py:115} INFO - [2024-12-14 16:05:10,206] {dag.py:2927} INFO - Setting next_dagrun for example_weekday_branch_operator to 2024-12-13T00:00:00+00:00, run_after=2024-12-14T00:00:00+00:00
[2024-12-14 16:05:10,224] {processor.py:161} INFO - Processing /home/dev/curso/ambientevirtual/lib/python3.9/site-packages/airflow/example_dags/example_branch_day_of_week_operator.py took 0.079 seconds
[2024-12-14 16:05:44,736] {processor.py:153} INFO - Started process (PID=51548) to work on /home/dev/curso/ambientevirtual/lib/python3.9/site-packages/airflow/example_dags/example_branch_day_of_week_operator.py
[2024-12-14 16:05:44,737] {processor.py:641} INFO - Processing file /home/dev/curso/ambientevirtual/lib/python3.9/site-packages/airflow/example_dags/example_branch_day_of_week_operator.py for tasks to queue
[2024-12-14 16:05:44,738] {logging_mixin.py:115} INFO - [2024-12-14 16:05:44,738] {dagbag.py:507} INFO - Filling up the DagBag from /home/dev/curso/ambientevirtual/lib/python3.9/site-packages/airflow/example_dags/example_branch_day_of_week_operator.py
[2024-12-14 16:05:44,750] {processor.py:651} INFO - DAG(s) dict_keys(['example_weekday_branch_operator']) retrieved from /home/dev/curso/ambientevirtual/lib/python3.9/site-packages/airflow/example_dags/example_branch_day_of_week_operator.py
[2024-12-14 16:05:44,770] {logging_mixin.py:115} INFO - [2024-12-14 16:05:44,770] {dag.py:2379} INFO - Sync 1 DAGs
[2024-12-14 16:05:44,796] {logging_mixin.py:115} INFO - [2024-12-14 16:05:44,796] {dag.py:2927} INFO - Setting next_dagrun for example_weekday_branch_operator to 2024-12-13T00:00:00+00:00, run_after=2024-12-14T00:00:00+00:00
[2024-12-14 16:05:44,816] {processor.py:161} INFO - Processing /home/dev/curso/ambientevirtual/lib/python3.9/site-packages/airflow/example_dags/example_branch_day_of_week_operator.py took 0.083 seconds
[2024-12-14 16:06:19,627] {processor.py:153} INFO - Started process (PID=51736) to work on /home/dev/curso/ambientevirtual/lib/python3.9/site-packages/airflow/example_dags/example_branch_day_of_week_operator.py
[2024-12-14 16:06:19,628] {processor.py:641} INFO - Processing file /home/dev/curso/ambientevirtual/lib/python3.9/site-packages/airflow/example_dags/example_branch_day_of_week_operator.py for tasks to queue
[2024-12-14 16:06:19,628] {logging_mixin.py:115} INFO - [2024-12-14 16:06:19,628] {dagbag.py:507} INFO - Filling up the DagBag from /home/dev/curso/ambientevirtual/lib/python3.9/site-packages/airflow/example_dags/example_branch_day_of_week_operator.py
[2024-12-14 16:06:19,639] {processor.py:651} INFO - DAG(s) dict_keys(['example_weekday_branch_operator']) retrieved from /home/dev/curso/ambientevirtual/lib/python3.9/site-packages/airflow/example_dags/example_branch_day_of_week_operator.py
[2024-12-14 16:06:19,668] {logging_mixin.py:115} INFO - [2024-12-14 16:06:19,667] {dag.py:2379} INFO - Sync 1 DAGs
[2024-12-14 16:06:19,698] {logging_mixin.py:115} INFO - [2024-12-14 16:06:19,698] {dag.py:2927} INFO - Setting next_dagrun for example_weekday_branch_operator to 2024-12-13T00:00:00+00:00, run_after=2024-12-14T00:00:00+00:00
[2024-12-14 16:06:19,718] {processor.py:161} INFO - Processing /home/dev/curso/ambientevirtual/lib/python3.9/site-packages/airflow/example_dags/example_branch_day_of_week_operator.py took 0.099 seconds
[2024-12-14 16:06:58,386] {processor.py:153} INFO - Started process (PID=51874) to work on /home/dev/curso/ambientevirtual/lib/python3.9/site-packages/airflow/example_dags/example_branch_day_of_week_operator.py
[2024-12-14 16:06:58,388] {processor.py:641} INFO - Processing file /home/dev/curso/ambientevirtual/lib/python3.9/site-packages/airflow/example_dags/example_branch_day_of_week_operator.py for tasks to queue
[2024-12-14 16:06:58,389] {logging_mixin.py:115} INFO - [2024-12-14 16:06:58,388] {dagbag.py:507} INFO - Filling up the DagBag from /home/dev/curso/ambientevirtual/lib/python3.9/site-packages/airflow/example_dags/example_branch_day_of_week_operator.py
[2024-12-14 16:06:58,403] {processor.py:651} INFO - DAG(s) dict_keys(['example_weekday_branch_operator']) retrieved from /home/dev/curso/ambientevirtual/lib/python3.9/site-packages/airflow/example_dags/example_branch_day_of_week_operator.py
[2024-12-14 16:06:58,425] {logging_mixin.py:115} INFO - [2024-12-14 16:06:58,424] {dag.py:2379} INFO - Sync 1 DAGs
[2024-12-14 16:06:58,452] {logging_mixin.py:115} INFO - [2024-12-14 16:06:58,452] {dag.py:2927} INFO - Setting next_dagrun for example_weekday_branch_operator to 2024-12-13T00:00:00+00:00, run_after=2024-12-14T00:00:00+00:00
[2024-12-14 16:06:58,470] {processor.py:161} INFO - Processing /home/dev/curso/ambientevirtual/lib/python3.9/site-packages/airflow/example_dags/example_branch_day_of_week_operator.py took 0.091 seconds
[2024-12-14 16:07:40,899] {processor.py:153} INFO - Started process (PID=52085) to work on /home/dev/curso/ambientevirtual/lib/python3.9/site-packages/airflow/example_dags/example_branch_day_of_week_operator.py
[2024-12-14 16:07:40,901] {processor.py:641} INFO - Processing file /home/dev/curso/ambientevirtual/lib/python3.9/site-packages/airflow/example_dags/example_branch_day_of_week_operator.py for tasks to queue
[2024-12-14 16:07:40,902] {logging_mixin.py:115} INFO - [2024-12-14 16:07:40,902] {dagbag.py:507} INFO - Filling up the DagBag from /home/dev/curso/ambientevirtual/lib/python3.9/site-packages/airflow/example_dags/example_branch_day_of_week_operator.py
[2024-12-14 16:07:40,919] {processor.py:651} INFO - DAG(s) dict_keys(['example_weekday_branch_operator']) retrieved from /home/dev/curso/ambientevirtual/lib/python3.9/site-packages/airflow/example_dags/example_branch_day_of_week_operator.py
[2024-12-14 16:07:40,949] {logging_mixin.py:115} INFO - [2024-12-14 16:07:40,949] {dag.py:2379} INFO - Sync 1 DAGs
[2024-12-14 16:07:40,971] {logging_mixin.py:115} INFO - [2024-12-14 16:07:40,971] {dag.py:2927} INFO - Setting next_dagrun for example_weekday_branch_operator to 2024-12-13T00:00:00+00:00, run_after=2024-12-14T00:00:00+00:00
[2024-12-14 16:07:40,986] {processor.py:161} INFO - Processing /home/dev/curso/ambientevirtual/lib/python3.9/site-packages/airflow/example_dags/example_branch_day_of_week_operator.py took 0.094 seconds
[2024-12-14 16:08:16,363] {processor.py:153} INFO - Started process (PID=52215) to work on /home/dev/curso/ambientevirtual/lib/python3.9/site-packages/airflow/example_dags/example_branch_day_of_week_operator.py
[2024-12-14 16:08:16,365] {processor.py:641} INFO - Processing file /home/dev/curso/ambientevirtual/lib/python3.9/site-packages/airflow/example_dags/example_branch_day_of_week_operator.py for tasks to queue
[2024-12-14 16:08:16,365] {logging_mixin.py:115} INFO - [2024-12-14 16:08:16,365] {dagbag.py:507} INFO - Filling up the DagBag from /home/dev/curso/ambientevirtual/lib/python3.9/site-packages/airflow/example_dags/example_branch_day_of_week_operator.py
[2024-12-14 16:08:16,377] {processor.py:651} INFO - DAG(s) dict_keys(['example_weekday_branch_operator']) retrieved from /home/dev/curso/ambientevirtual/lib/python3.9/site-packages/airflow/example_dags/example_branch_day_of_week_operator.py
[2024-12-14 16:08:16,400] {logging_mixin.py:115} INFO - [2024-12-14 16:08:16,400] {dag.py:2379} INFO - Sync 1 DAGs
[2024-12-14 16:08:16,429] {logging_mixin.py:115} INFO - [2024-12-14 16:08:16,429] {dag.py:2927} INFO - Setting next_dagrun for example_weekday_branch_operator to 2024-12-13T00:00:00+00:00, run_after=2024-12-14T00:00:00+00:00
[2024-12-14 16:08:16,451] {processor.py:161} INFO - Processing /home/dev/curso/ambientevirtual/lib/python3.9/site-packages/airflow/example_dags/example_branch_day_of_week_operator.py took 0.094 seconds
[2024-12-14 16:08:49,611] {processor.py:153} INFO - Started process (PID=52565) to work on /home/dev/curso/ambientevirtual/lib/python3.9/site-packages/airflow/example_dags/example_branch_day_of_week_operator.py
[2024-12-14 16:08:49,612] {processor.py:641} INFO - Processing file /home/dev/curso/ambientevirtual/lib/python3.9/site-packages/airflow/example_dags/example_branch_day_of_week_operator.py for tasks to queue
[2024-12-14 16:08:49,612] {logging_mixin.py:115} INFO - [2024-12-14 16:08:49,612] {dagbag.py:507} INFO - Filling up the DagBag from /home/dev/curso/ambientevirtual/lib/python3.9/site-packages/airflow/example_dags/example_branch_day_of_week_operator.py
[2024-12-14 16:08:49,623] {processor.py:651} INFO - DAG(s) dict_keys(['example_weekday_branch_operator']) retrieved from /home/dev/curso/ambientevirtual/lib/python3.9/site-packages/airflow/example_dags/example_branch_day_of_week_operator.py
[2024-12-14 16:08:49,645] {logging_mixin.py:115} INFO - [2024-12-14 16:08:49,645] {dag.py:2379} INFO - Sync 1 DAGs
[2024-12-14 16:08:49,666] {logging_mixin.py:115} INFO - [2024-12-14 16:08:49,666] {dag.py:2927} INFO - Setting next_dagrun for example_weekday_branch_operator to 2024-12-13T00:00:00+00:00, run_after=2024-12-14T00:00:00+00:00
[2024-12-14 16:08:49,689] {processor.py:161} INFO - Processing /home/dev/curso/ambientevirtual/lib/python3.9/site-packages/airflow/example_dags/example_branch_day_of_week_operator.py took 0.081 seconds
[2024-12-14 16:09:23,104] {processor.py:153} INFO - Started process (PID=52690) to work on /home/dev/curso/ambientevirtual/lib/python3.9/site-packages/airflow/example_dags/example_branch_day_of_week_operator.py
[2024-12-14 16:09:23,106] {processor.py:641} INFO - Processing file /home/dev/curso/ambientevirtual/lib/python3.9/site-packages/airflow/example_dags/example_branch_day_of_week_operator.py for tasks to queue
[2024-12-14 16:09:23,107] {logging_mixin.py:115} INFO - [2024-12-14 16:09:23,106] {dagbag.py:507} INFO - Filling up the DagBag from /home/dev/curso/ambientevirtual/lib/python3.9/site-packages/airflow/example_dags/example_branch_day_of_week_operator.py
[2024-12-14 16:09:23,116] {processor.py:651} INFO - DAG(s) dict_keys(['example_weekday_branch_operator']) retrieved from /home/dev/curso/ambientevirtual/lib/python3.9/site-packages/airflow/example_dags/example_branch_day_of_week_operator.py
[2024-12-14 16:09:23,141] {logging_mixin.py:115} INFO - [2024-12-14 16:09:23,141] {dag.py:2379} INFO - Sync 1 DAGs
[2024-12-14 16:09:23,167] {logging_mixin.py:115} INFO - [2024-12-14 16:09:23,167] {dag.py:2927} INFO - Setting next_dagrun for example_weekday_branch_operator to 2024-12-13T00:00:00+00:00, run_after=2024-12-14T00:00:00+00:00
[2024-12-14 16:09:23,188] {processor.py:161} INFO - Processing /home/dev/curso/ambientevirtual/lib/python3.9/site-packages/airflow/example_dags/example_branch_day_of_week_operator.py took 0.090 seconds
[2024-12-14 16:09:58,080] {processor.py:153} INFO - Started process (PID=52813) to work on /home/dev/curso/ambientevirtual/lib/python3.9/site-packages/airflow/example_dags/example_branch_day_of_week_operator.py
[2024-12-14 16:09:58,082] {processor.py:641} INFO - Processing file /home/dev/curso/ambientevirtual/lib/python3.9/site-packages/airflow/example_dags/example_branch_day_of_week_operator.py for tasks to queue
[2024-12-14 16:09:58,083] {logging_mixin.py:115} INFO - [2024-12-14 16:09:58,083] {dagbag.py:507} INFO - Filling up the DagBag from /home/dev/curso/ambientevirtual/lib/python3.9/site-packages/airflow/example_dags/example_branch_day_of_week_operator.py
[2024-12-14 16:09:58,100] {processor.py:651} INFO - DAG(s) dict_keys(['example_weekday_branch_operator']) retrieved from /home/dev/curso/ambientevirtual/lib/python3.9/site-packages/airflow/example_dags/example_branch_day_of_week_operator.py
[2024-12-14 16:09:58,133] {logging_mixin.py:115} INFO - [2024-12-14 16:09:58,132] {dag.py:2379} INFO - Sync 1 DAGs
[2024-12-14 16:09:58,171] {logging_mixin.py:115} INFO - [2024-12-14 16:09:58,171] {dag.py:2927} INFO - Setting next_dagrun for example_weekday_branch_operator to 2024-12-13T00:00:00+00:00, run_after=2024-12-14T00:00:00+00:00
[2024-12-14 16:09:58,197] {processor.py:161} INFO - Processing /home/dev/curso/ambientevirtual/lib/python3.9/site-packages/airflow/example_dags/example_branch_day_of_week_operator.py took 0.124 seconds
[2024-12-14 16:10:35,032] {processor.py:153} INFO - Started process (PID=52949) to work on /home/dev/curso/ambientevirtual/lib/python3.9/site-packages/airflow/example_dags/example_branch_day_of_week_operator.py
[2024-12-14 16:10:35,033] {processor.py:641} INFO - Processing file /home/dev/curso/ambientevirtual/lib/python3.9/site-packages/airflow/example_dags/example_branch_day_of_week_operator.py for tasks to queue
[2024-12-14 16:10:35,035] {logging_mixin.py:115} INFO - [2024-12-14 16:10:35,034] {dagbag.py:507} INFO - Filling up the DagBag from /home/dev/curso/ambientevirtual/lib/python3.9/site-packages/airflow/example_dags/example_branch_day_of_week_operator.py
[2024-12-14 16:10:35,047] {processor.py:651} INFO - DAG(s) dict_keys(['example_weekday_branch_operator']) retrieved from /home/dev/curso/ambientevirtual/lib/python3.9/site-packages/airflow/example_dags/example_branch_day_of_week_operator.py
[2024-12-14 16:10:35,067] {logging_mixin.py:115} INFO - [2024-12-14 16:10:35,067] {dag.py:2379} INFO - Sync 1 DAGs
[2024-12-14 16:10:35,088] {logging_mixin.py:115} INFO - [2024-12-14 16:10:35,088] {dag.py:2927} INFO - Setting next_dagrun for example_weekday_branch_operator to 2024-12-13T00:00:00+00:00, run_after=2024-12-14T00:00:00+00:00
[2024-12-14 16:10:35,108] {processor.py:161} INFO - Processing /home/dev/curso/ambientevirtual/lib/python3.9/site-packages/airflow/example_dags/example_branch_day_of_week_operator.py took 0.083 seconds
[2024-12-14 16:11:10,693] {processor.py:153} INFO - Started process (PID=53194) to work on /home/dev/curso/ambientevirtual/lib/python3.9/site-packages/airflow/example_dags/example_branch_day_of_week_operator.py
[2024-12-14 16:11:10,694] {processor.py:641} INFO - Processing file /home/dev/curso/ambientevirtual/lib/python3.9/site-packages/airflow/example_dags/example_branch_day_of_week_operator.py for tasks to queue
[2024-12-14 16:11:10,695] {logging_mixin.py:115} INFO - [2024-12-14 16:11:10,695] {dagbag.py:507} INFO - Filling up the DagBag from /home/dev/curso/ambientevirtual/lib/python3.9/site-packages/airflow/example_dags/example_branch_day_of_week_operator.py
[2024-12-14 16:11:10,706] {processor.py:651} INFO - DAG(s) dict_keys(['example_weekday_branch_operator']) retrieved from /home/dev/curso/ambientevirtual/lib/python3.9/site-packages/airflow/example_dags/example_branch_day_of_week_operator.py
[2024-12-14 16:11:10,727] {logging_mixin.py:115} INFO - [2024-12-14 16:11:10,727] {dag.py:2379} INFO - Sync 1 DAGs
[2024-12-14 16:11:10,749] {logging_mixin.py:115} INFO - [2024-12-14 16:11:10,749] {dag.py:2927} INFO - Setting next_dagrun for example_weekday_branch_operator to 2024-12-13T00:00:00+00:00, run_after=2024-12-14T00:00:00+00:00
[2024-12-14 16:11:10,765] {processor.py:161} INFO - Processing /home/dev/curso/ambientevirtual/lib/python3.9/site-packages/airflow/example_dags/example_branch_day_of_week_operator.py took 0.077 seconds
