[2024-12-14 15:51:32,334] {processor.py:153} INFO - Started process (PID=47863) to work on /home/dev/curso/ambientevirtual/lib/python3.9/site-packages/airflow/example_dags/example_trigger_controller_dag.py
[2024-12-14 15:51:32,336] {processor.py:641} INFO - Processing file /home/dev/curso/ambientevirtual/lib/python3.9/site-packages/airflow/example_dags/example_trigger_controller_dag.py for tasks to queue
[2024-12-14 15:51:32,337] {logging_mixin.py:115} INFO - [2024-12-14 15:51:32,337] {dagbag.py:507} INFO - Filling up the DagBag from /home/dev/curso/ambientevirtual/lib/python3.9/site-packages/airflow/example_dags/example_trigger_controller_dag.py
[2024-12-14 15:51:32,347] {processor.py:651} INFO - DAG(s) dict_keys(['example_trigger_controller_dag']) retrieved from /home/dev/curso/ambientevirtual/lib/python3.9/site-packages/airflow/example_dags/example_trigger_controller_dag.py
[2024-12-14 15:51:32,452] {logging_mixin.py:115} INFO - [2024-12-14 15:51:32,452] {manager.py:508} INFO - Created Permission View: can delete on DAG:example_trigger_controller_dag
[2024-12-14 15:51:32,468] {logging_mixin.py:115} INFO - [2024-12-14 15:51:32,468] {manager.py:508} INFO - Created Permission View: can edit on DAG:example_trigger_controller_dag
[2024-12-14 15:51:32,482] {logging_mixin.py:115} INFO - [2024-12-14 15:51:32,482] {manager.py:508} INFO - Created Permission View: can read on DAG:example_trigger_controller_dag
[2024-12-14 15:51:32,482] {logging_mixin.py:115} INFO - [2024-12-14 15:51:32,482] {dag.py:2379} INFO - Sync 1 DAGs
[2024-12-14 15:51:32,493] {logging_mixin.py:115} INFO - [2024-12-14 15:51:32,493] {dag.py:2398} INFO - Creating ORM DAG for example_trigger_controller_dag
[2024-12-14 15:51:32,506] {logging_mixin.py:115} INFO - [2024-12-14 15:51:32,506] {dag.py:2927} INFO - Setting next_dagrun for example_trigger_controller_dag to 2021-01-01T00:00:00+00:00, run_after=2021-01-01T00:00:00+00:00
[2024-12-14 15:51:32,527] {processor.py:161} INFO - Processing /home/dev/curso/ambientevirtual/lib/python3.9/site-packages/airflow/example_dags/example_trigger_controller_dag.py took 0.199 seconds
[2024-12-14 15:52:11,970] {processor.py:153} INFO - Started process (PID=48291) to work on /home/dev/curso/ambientevirtual/lib/python3.9/site-packages/airflow/example_dags/example_trigger_controller_dag.py
[2024-12-14 15:52:11,971] {processor.py:641} INFO - Processing file /home/dev/curso/ambientevirtual/lib/python3.9/site-packages/airflow/example_dags/example_trigger_controller_dag.py for tasks to queue
[2024-12-14 15:52:11,971] {logging_mixin.py:115} INFO - [2024-12-14 15:52:11,971] {dagbag.py:507} INFO - Filling up the DagBag from /home/dev/curso/ambientevirtual/lib/python3.9/site-packages/airflow/example_dags/example_trigger_controller_dag.py
[2024-12-14 15:52:11,975] {processor.py:651} INFO - DAG(s) dict_keys(['example_trigger_controller_dag']) retrieved from /home/dev/curso/ambientevirtual/lib/python3.9/site-packages/airflow/example_dags/example_trigger_controller_dag.py
[2024-12-14 15:52:11,997] {logging_mixin.py:115} INFO - [2024-12-14 15:52:11,997] {dag.py:2379} INFO - Sync 1 DAGs
[2024-12-14 15:52:12,020] {logging_mixin.py:115} INFO - [2024-12-14 15:52:12,020] {dag.py:2927} INFO - Setting next_dagrun for example_trigger_controller_dag to 2021-01-01T00:00:00+00:00, run_after=2021-01-01T00:00:00+00:00
[2024-12-14 15:52:12,039] {processor.py:161} INFO - Processing /home/dev/curso/ambientevirtual/lib/python3.9/site-packages/airflow/example_dags/example_trigger_controller_dag.py took 0.072 seconds
[2024-12-14 15:52:48,296] {processor.py:153} INFO - Started process (PID=48421) to work on /home/dev/curso/ambientevirtual/lib/python3.9/site-packages/airflow/example_dags/example_trigger_controller_dag.py
[2024-12-14 15:52:48,298] {processor.py:641} INFO - Processing file /home/dev/curso/ambientevirtual/lib/python3.9/site-packages/airflow/example_dags/example_trigger_controller_dag.py for tasks to queue
[2024-12-14 15:52:48,299] {logging_mixin.py:115} INFO - [2024-12-14 15:52:48,299] {dagbag.py:507} INFO - Filling up the DagBag from /home/dev/curso/ambientevirtual/lib/python3.9/site-packages/airflow/example_dags/example_trigger_controller_dag.py
[2024-12-14 15:52:48,306] {processor.py:651} INFO - DAG(s) dict_keys(['example_trigger_controller_dag']) retrieved from /home/dev/curso/ambientevirtual/lib/python3.9/site-packages/airflow/example_dags/example_trigger_controller_dag.py
[2024-12-14 15:52:48,329] {logging_mixin.py:115} INFO - [2024-12-14 15:52:48,328] {dag.py:2379} INFO - Sync 1 DAGs
[2024-12-14 15:52:48,348] {logging_mixin.py:115} INFO - [2024-12-14 15:52:48,348] {dag.py:2927} INFO - Setting next_dagrun for example_trigger_controller_dag to 2021-01-01T00:00:00+00:00, run_after=2021-01-01T00:00:00+00:00
[2024-12-14 15:52:48,364] {processor.py:161} INFO - Processing /home/dev/curso/ambientevirtual/lib/python3.9/site-packages/airflow/example_dags/example_trigger_controller_dag.py took 0.074 seconds
[2024-12-14 15:53:24,767] {processor.py:153} INFO - Started process (PID=48551) to work on /home/dev/curso/ambientevirtual/lib/python3.9/site-packages/airflow/example_dags/example_trigger_controller_dag.py
[2024-12-14 15:53:24,768] {processor.py:641} INFO - Processing file /home/dev/curso/ambientevirtual/lib/python3.9/site-packages/airflow/example_dags/example_trigger_controller_dag.py for tasks to queue
[2024-12-14 15:53:24,769] {logging_mixin.py:115} INFO - [2024-12-14 15:53:24,769] {dagbag.py:507} INFO - Filling up the DagBag from /home/dev/curso/ambientevirtual/lib/python3.9/site-packages/airflow/example_dags/example_trigger_controller_dag.py
[2024-12-14 15:53:24,776] {processor.py:651} INFO - DAG(s) dict_keys(['example_trigger_controller_dag']) retrieved from /home/dev/curso/ambientevirtual/lib/python3.9/site-packages/airflow/example_dags/example_trigger_controller_dag.py
[2024-12-14 15:53:24,797] {logging_mixin.py:115} INFO - [2024-12-14 15:53:24,797] {dag.py:2379} INFO - Sync 1 DAGs
[2024-12-14 15:53:24,816] {logging_mixin.py:115} INFO - [2024-12-14 15:53:24,816] {dag.py:2927} INFO - Setting next_dagrun for example_trigger_controller_dag to 2021-01-01T00:00:00+00:00, run_after=2021-01-01T00:00:00+00:00
[2024-12-14 15:53:24,833] {processor.py:161} INFO - Processing /home/dev/curso/ambientevirtual/lib/python3.9/site-packages/airflow/example_dags/example_trigger_controller_dag.py took 0.071 seconds
[2024-12-14 15:53:59,761] {processor.py:153} INFO - Started process (PID=48680) to work on /home/dev/curso/ambientevirtual/lib/python3.9/site-packages/airflow/example_dags/example_trigger_controller_dag.py
[2024-12-14 15:53:59,762] {processor.py:641} INFO - Processing file /home/dev/curso/ambientevirtual/lib/python3.9/site-packages/airflow/example_dags/example_trigger_controller_dag.py for tasks to queue
[2024-12-14 15:53:59,763] {logging_mixin.py:115} INFO - [2024-12-14 15:53:59,763] {dagbag.py:507} INFO - Filling up the DagBag from /home/dev/curso/ambientevirtual/lib/python3.9/site-packages/airflow/example_dags/example_trigger_controller_dag.py
[2024-12-14 15:53:59,769] {processor.py:651} INFO - DAG(s) dict_keys(['example_trigger_controller_dag']) retrieved from /home/dev/curso/ambientevirtual/lib/python3.9/site-packages/airflow/example_dags/example_trigger_controller_dag.py
[2024-12-14 15:53:59,789] {logging_mixin.py:115} INFO - [2024-12-14 15:53:59,789] {dag.py:2379} INFO - Sync 1 DAGs
[2024-12-14 15:53:59,808] {logging_mixin.py:115} INFO - [2024-12-14 15:53:59,808] {dag.py:2927} INFO - Setting next_dagrun for example_trigger_controller_dag to 2021-01-01T00:00:00+00:00, run_after=2021-01-01T00:00:00+00:00
[2024-12-14 15:53:59,824] {processor.py:161} INFO - Processing /home/dev/curso/ambientevirtual/lib/python3.9/site-packages/airflow/example_dags/example_trigger_controller_dag.py took 0.069 seconds
[2024-12-14 15:54:34,024] {processor.py:153} INFO - Started process (PID=48808) to work on /home/dev/curso/ambientevirtual/lib/python3.9/site-packages/airflow/example_dags/example_trigger_controller_dag.py
[2024-12-14 15:54:34,024] {processor.py:641} INFO - Processing file /home/dev/curso/ambientevirtual/lib/python3.9/site-packages/airflow/example_dags/example_trigger_controller_dag.py for tasks to queue
[2024-12-14 15:54:34,025] {logging_mixin.py:115} INFO - [2024-12-14 15:54:34,025] {dagbag.py:507} INFO - Filling up the DagBag from /home/dev/curso/ambientevirtual/lib/python3.9/site-packages/airflow/example_dags/example_trigger_controller_dag.py
[2024-12-14 15:54:34,029] {processor.py:651} INFO - DAG(s) dict_keys(['example_trigger_controller_dag']) retrieved from /home/dev/curso/ambientevirtual/lib/python3.9/site-packages/airflow/example_dags/example_trigger_controller_dag.py
[2024-12-14 15:54:34,049] {logging_mixin.py:115} INFO - [2024-12-14 15:54:34,049] {dag.py:2379} INFO - Sync 1 DAGs
[2024-12-14 15:54:34,071] {logging_mixin.py:115} INFO - [2024-12-14 15:54:34,071] {dag.py:2927} INFO - Setting next_dagrun for example_trigger_controller_dag to 2021-01-01T00:00:00+00:00, run_after=2021-01-01T00:00:00+00:00
[2024-12-14 15:54:34,091] {processor.py:161} INFO - Processing /home/dev/curso/ambientevirtual/lib/python3.9/site-packages/airflow/example_dags/example_trigger_controller_dag.py took 0.070 seconds
[2024-12-14 15:55:08,402] {processor.py:153} INFO - Started process (PID=48930) to work on /home/dev/curso/ambientevirtual/lib/python3.9/site-packages/airflow/example_dags/example_trigger_controller_dag.py
[2024-12-14 15:55:08,404] {processor.py:641} INFO - Processing file /home/dev/curso/ambientevirtual/lib/python3.9/site-packages/airflow/example_dags/example_trigger_controller_dag.py for tasks to queue
[2024-12-14 15:55:08,404] {logging_mixin.py:115} INFO - [2024-12-14 15:55:08,404] {dagbag.py:507} INFO - Filling up the DagBag from /home/dev/curso/ambientevirtual/lib/python3.9/site-packages/airflow/example_dags/example_trigger_controller_dag.py
[2024-12-14 15:55:08,408] {processor.py:651} INFO - DAG(s) dict_keys(['example_trigger_controller_dag']) retrieved from /home/dev/curso/ambientevirtual/lib/python3.9/site-packages/airflow/example_dags/example_trigger_controller_dag.py
[2024-12-14 15:55:08,432] {logging_mixin.py:115} INFO - [2024-12-14 15:55:08,431] {dag.py:2379} INFO - Sync 1 DAGs
[2024-12-14 15:55:08,451] {logging_mixin.py:115} INFO - [2024-12-14 15:55:08,451] {dag.py:2927} INFO - Setting next_dagrun for example_trigger_controller_dag to 2021-01-01T00:00:00+00:00, run_after=2021-01-01T00:00:00+00:00
[2024-12-14 15:55:08,470] {processor.py:161} INFO - Processing /home/dev/curso/ambientevirtual/lib/python3.9/site-packages/airflow/example_dags/example_trigger_controller_dag.py took 0.071 seconds
[2024-12-14 15:55:42,714] {processor.py:153} INFO - Started process (PID=49060) to work on /home/dev/curso/ambientevirtual/lib/python3.9/site-packages/airflow/example_dags/example_trigger_controller_dag.py
[2024-12-14 15:55:42,715] {processor.py:641} INFO - Processing file /home/dev/curso/ambientevirtual/lib/python3.9/site-packages/airflow/example_dags/example_trigger_controller_dag.py for tasks to queue
[2024-12-14 15:55:42,716] {logging_mixin.py:115} INFO - [2024-12-14 15:55:42,716] {dagbag.py:507} INFO - Filling up the DagBag from /home/dev/curso/ambientevirtual/lib/python3.9/site-packages/airflow/example_dags/example_trigger_controller_dag.py
[2024-12-14 15:55:42,722] {processor.py:651} INFO - DAG(s) dict_keys(['example_trigger_controller_dag']) retrieved from /home/dev/curso/ambientevirtual/lib/python3.9/site-packages/airflow/example_dags/example_trigger_controller_dag.py
[2024-12-14 15:55:42,742] {logging_mixin.py:115} INFO - [2024-12-14 15:55:42,742] {dag.py:2379} INFO - Sync 1 DAGs
[2024-12-14 15:55:42,760] {logging_mixin.py:115} INFO - [2024-12-14 15:55:42,760] {dag.py:2927} INFO - Setting next_dagrun for example_trigger_controller_dag to 2021-01-01T00:00:00+00:00, run_after=2021-01-01T00:00:00+00:00
[2024-12-14 15:55:42,777] {processor.py:161} INFO - Processing /home/dev/curso/ambientevirtual/lib/python3.9/site-packages/airflow/example_dags/example_trigger_controller_dag.py took 0.070 seconds
[2024-12-14 15:56:15,820] {processor.py:153} INFO - Started process (PID=49181) to work on /home/dev/curso/ambientevirtual/lib/python3.9/site-packages/airflow/example_dags/example_trigger_controller_dag.py
[2024-12-14 15:56:15,821] {processor.py:641} INFO - Processing file /home/dev/curso/ambientevirtual/lib/python3.9/site-packages/airflow/example_dags/example_trigger_controller_dag.py for tasks to queue
[2024-12-14 15:56:15,822] {logging_mixin.py:115} INFO - [2024-12-14 15:56:15,821] {dagbag.py:507} INFO - Filling up the DagBag from /home/dev/curso/ambientevirtual/lib/python3.9/site-packages/airflow/example_dags/example_trigger_controller_dag.py
[2024-12-14 15:56:15,825] {processor.py:651} INFO - DAG(s) dict_keys(['example_trigger_controller_dag']) retrieved from /home/dev/curso/ambientevirtual/lib/python3.9/site-packages/airflow/example_dags/example_trigger_controller_dag.py
[2024-12-14 15:56:15,851] {logging_mixin.py:115} INFO - [2024-12-14 15:56:15,851] {dag.py:2379} INFO - Sync 1 DAGs
[2024-12-14 15:56:15,877] {logging_mixin.py:115} INFO - [2024-12-14 15:56:15,877] {dag.py:2927} INFO - Setting next_dagrun for example_trigger_controller_dag to 2021-01-01T00:00:00+00:00, run_after=2021-01-01T00:00:00+00:00
[2024-12-14 15:56:15,898] {processor.py:161} INFO - Processing /home/dev/curso/ambientevirtual/lib/python3.9/site-packages/airflow/example_dags/example_trigger_controller_dag.py took 0.082 seconds
[2024-12-14 15:56:52,431] {processor.py:153} INFO - Started process (PID=49369) to work on /home/dev/curso/ambientevirtual/lib/python3.9/site-packages/airflow/example_dags/example_trigger_controller_dag.py
[2024-12-14 15:56:52,432] {processor.py:641} INFO - Processing file /home/dev/curso/ambientevirtual/lib/python3.9/site-packages/airflow/example_dags/example_trigger_controller_dag.py for tasks to queue
[2024-12-14 15:56:52,432] {logging_mixin.py:115} INFO - [2024-12-14 15:56:52,432] {dagbag.py:507} INFO - Filling up the DagBag from /home/dev/curso/ambientevirtual/lib/python3.9/site-packages/airflow/example_dags/example_trigger_controller_dag.py
[2024-12-14 15:56:52,437] {processor.py:651} INFO - DAG(s) dict_keys(['example_trigger_controller_dag']) retrieved from /home/dev/curso/ambientevirtual/lib/python3.9/site-packages/airflow/example_dags/example_trigger_controller_dag.py
[2024-12-14 15:56:52,462] {logging_mixin.py:115} INFO - [2024-12-14 15:56:52,462] {dag.py:2379} INFO - Sync 1 DAGs
[2024-12-14 15:56:52,485] {logging_mixin.py:115} INFO - [2024-12-14 15:56:52,484] {dag.py:2927} INFO - Setting next_dagrun for example_trigger_controller_dag to 2021-01-01T00:00:00+00:00, run_after=2021-01-01T00:00:00+00:00
[2024-12-14 15:56:52,505] {processor.py:161} INFO - Processing /home/dev/curso/ambientevirtual/lib/python3.9/site-packages/airflow/example_dags/example_trigger_controller_dag.py took 0.077 seconds
[2024-12-14 15:57:28,247] {processor.py:153} INFO - Started process (PID=49498) to work on /home/dev/curso/ambientevirtual/lib/python3.9/site-packages/airflow/example_dags/example_trigger_controller_dag.py
[2024-12-14 15:57:28,248] {processor.py:641} INFO - Processing file /home/dev/curso/ambientevirtual/lib/python3.9/site-packages/airflow/example_dags/example_trigger_controller_dag.py for tasks to queue
[2024-12-14 15:57:28,248] {logging_mixin.py:115} INFO - [2024-12-14 15:57:28,248] {dagbag.py:507} INFO - Filling up the DagBag from /home/dev/curso/ambientevirtual/lib/python3.9/site-packages/airflow/example_dags/example_trigger_controller_dag.py
[2024-12-14 15:57:28,253] {processor.py:651} INFO - DAG(s) dict_keys(['example_trigger_controller_dag']) retrieved from /home/dev/curso/ambientevirtual/lib/python3.9/site-packages/airflow/example_dags/example_trigger_controller_dag.py
[2024-12-14 15:57:28,278] {logging_mixin.py:115} INFO - [2024-12-14 15:57:28,278] {dag.py:2379} INFO - Sync 1 DAGs
[2024-12-14 15:57:28,307] {logging_mixin.py:115} INFO - [2024-12-14 15:57:28,307] {dag.py:2927} INFO - Setting next_dagrun for example_trigger_controller_dag to 2021-01-01T00:00:00+00:00, run_after=2021-01-01T00:00:00+00:00
[2024-12-14 15:57:28,328] {processor.py:161} INFO - Processing /home/dev/curso/ambientevirtual/lib/python3.9/site-packages/airflow/example_dags/example_trigger_controller_dag.py took 0.085 seconds
[2024-12-14 15:58:03,277] {processor.py:153} INFO - Started process (PID=49627) to work on /home/dev/curso/ambientevirtual/lib/python3.9/site-packages/airflow/example_dags/example_trigger_controller_dag.py
[2024-12-14 15:58:03,279] {processor.py:641} INFO - Processing file /home/dev/curso/ambientevirtual/lib/python3.9/site-packages/airflow/example_dags/example_trigger_controller_dag.py for tasks to queue
[2024-12-14 15:58:03,281] {logging_mixin.py:115} INFO - [2024-12-14 15:58:03,280] {dagbag.py:507} INFO - Filling up the DagBag from /home/dev/curso/ambientevirtual/lib/python3.9/site-packages/airflow/example_dags/example_trigger_controller_dag.py
[2024-12-14 15:58:03,285] {processor.py:651} INFO - DAG(s) dict_keys(['example_trigger_controller_dag']) retrieved from /home/dev/curso/ambientevirtual/lib/python3.9/site-packages/airflow/example_dags/example_trigger_controller_dag.py
[2024-12-14 15:58:03,310] {logging_mixin.py:115} INFO - [2024-12-14 15:58:03,310] {dag.py:2379} INFO - Sync 1 DAGs
[2024-12-14 15:58:03,333] {logging_mixin.py:115} INFO - [2024-12-14 15:58:03,332] {dag.py:2927} INFO - Setting next_dagrun for example_trigger_controller_dag to 2021-01-01T00:00:00+00:00, run_after=2021-01-01T00:00:00+00:00
[2024-12-14 15:58:03,355] {processor.py:161} INFO - Processing /home/dev/curso/ambientevirtual/lib/python3.9/site-packages/airflow/example_dags/example_trigger_controller_dag.py took 0.087 seconds
[2024-12-14 15:58:38,158] {processor.py:153} INFO - Started process (PID=49756) to work on /home/dev/curso/ambientevirtual/lib/python3.9/site-packages/airflow/example_dags/example_trigger_controller_dag.py
[2024-12-14 15:58:38,159] {processor.py:641} INFO - Processing file /home/dev/curso/ambientevirtual/lib/python3.9/site-packages/airflow/example_dags/example_trigger_controller_dag.py for tasks to queue
[2024-12-14 15:58:38,159] {logging_mixin.py:115} INFO - [2024-12-14 15:58:38,159] {dagbag.py:507} INFO - Filling up the DagBag from /home/dev/curso/ambientevirtual/lib/python3.9/site-packages/airflow/example_dags/example_trigger_controller_dag.py
[2024-12-14 15:58:38,163] {processor.py:651} INFO - DAG(s) dict_keys(['example_trigger_controller_dag']) retrieved from /home/dev/curso/ambientevirtual/lib/python3.9/site-packages/airflow/example_dags/example_trigger_controller_dag.py
[2024-12-14 15:58:38,191] {logging_mixin.py:115} INFO - [2024-12-14 15:58:38,191] {dag.py:2379} INFO - Sync 1 DAGs
[2024-12-14 15:58:38,216] {logging_mixin.py:115} INFO - [2024-12-14 15:58:38,216] {dag.py:2927} INFO - Setting next_dagrun for example_trigger_controller_dag to 2021-01-01T00:00:00+00:00, run_after=2021-01-01T00:00:00+00:00
[2024-12-14 15:58:38,241] {processor.py:161} INFO - Processing /home/dev/curso/ambientevirtual/lib/python3.9/site-packages/airflow/example_dags/example_trigger_controller_dag.py took 0.087 seconds
[2024-12-14 15:59:13,448] {processor.py:153} INFO - Started process (PID=49885) to work on /home/dev/curso/ambientevirtual/lib/python3.9/site-packages/airflow/example_dags/example_trigger_controller_dag.py
[2024-12-14 15:59:13,450] {processor.py:641} INFO - Processing file /home/dev/curso/ambientevirtual/lib/python3.9/site-packages/airflow/example_dags/example_trigger_controller_dag.py for tasks to queue
[2024-12-14 15:59:13,450] {logging_mixin.py:115} INFO - [2024-12-14 15:59:13,450] {dagbag.py:507} INFO - Filling up the DagBag from /home/dev/curso/ambientevirtual/lib/python3.9/site-packages/airflow/example_dags/example_trigger_controller_dag.py
[2024-12-14 15:59:13,455] {processor.py:651} INFO - DAG(s) dict_keys(['example_trigger_controller_dag']) retrieved from /home/dev/curso/ambientevirtual/lib/python3.9/site-packages/airflow/example_dags/example_trigger_controller_dag.py
[2024-12-14 15:59:13,478] {logging_mixin.py:115} INFO - [2024-12-14 15:59:13,478] {dag.py:2379} INFO - Sync 1 DAGs
[2024-12-14 15:59:13,498] {logging_mixin.py:115} INFO - [2024-12-14 15:59:13,498] {dag.py:2927} INFO - Setting next_dagrun for example_trigger_controller_dag to 2021-01-01T00:00:00+00:00, run_after=2021-01-01T00:00:00+00:00
[2024-12-14 15:59:13,515] {processor.py:161} INFO - Processing /home/dev/curso/ambientevirtual/lib/python3.9/site-packages/airflow/example_dags/example_trigger_controller_dag.py took 0.072 seconds
[2024-12-14 15:59:47,345] {processor.py:153} INFO - Started process (PID=50009) to work on /home/dev/curso/ambientevirtual/lib/python3.9/site-packages/airflow/example_dags/example_trigger_controller_dag.py
[2024-12-14 15:59:47,346] {processor.py:641} INFO - Processing file /home/dev/curso/ambientevirtual/lib/python3.9/site-packages/airflow/example_dags/example_trigger_controller_dag.py for tasks to queue
[2024-12-14 15:59:47,347] {logging_mixin.py:115} INFO - [2024-12-14 15:59:47,346] {dagbag.py:507} INFO - Filling up the DagBag from /home/dev/curso/ambientevirtual/lib/python3.9/site-packages/airflow/example_dags/example_trigger_controller_dag.py
[2024-12-14 15:59:47,354] {processor.py:651} INFO - DAG(s) dict_keys(['example_trigger_controller_dag']) retrieved from /home/dev/curso/ambientevirtual/lib/python3.9/site-packages/airflow/example_dags/example_trigger_controller_dag.py
[2024-12-14 15:59:47,375] {logging_mixin.py:115} INFO - [2024-12-14 15:59:47,375] {dag.py:2379} INFO - Sync 1 DAGs
[2024-12-14 15:59:47,396] {logging_mixin.py:115} INFO - [2024-12-14 15:59:47,396] {dag.py:2927} INFO - Setting next_dagrun for example_trigger_controller_dag to 2021-01-01T00:00:00+00:00, run_after=2021-01-01T00:00:00+00:00
[2024-12-14 15:59:47,414] {processor.py:161} INFO - Processing /home/dev/curso/ambientevirtual/lib/python3.9/site-packages/airflow/example_dags/example_trigger_controller_dag.py took 0.076 seconds
[2024-12-14 16:00:21,332] {processor.py:153} INFO - Started process (PID=50134) to work on /home/dev/curso/ambientevirtual/lib/python3.9/site-packages/airflow/example_dags/example_trigger_controller_dag.py
[2024-12-14 16:00:21,334] {processor.py:641} INFO - Processing file /home/dev/curso/ambientevirtual/lib/python3.9/site-packages/airflow/example_dags/example_trigger_controller_dag.py for tasks to queue
[2024-12-14 16:00:21,335] {logging_mixin.py:115} INFO - [2024-12-14 16:00:21,334] {dagbag.py:507} INFO - Filling up the DagBag from /home/dev/curso/ambientevirtual/lib/python3.9/site-packages/airflow/example_dags/example_trigger_controller_dag.py
[2024-12-14 16:00:21,341] {processor.py:651} INFO - DAG(s) dict_keys(['example_trigger_controller_dag']) retrieved from /home/dev/curso/ambientevirtual/lib/python3.9/site-packages/airflow/example_dags/example_trigger_controller_dag.py
[2024-12-14 16:00:21,365] {logging_mixin.py:115} INFO - [2024-12-14 16:00:21,365] {dag.py:2379} INFO - Sync 1 DAGs
[2024-12-14 16:00:21,385] {logging_mixin.py:115} INFO - [2024-12-14 16:00:21,385] {dag.py:2927} INFO - Setting next_dagrun for example_trigger_controller_dag to 2021-01-01T00:00:00+00:00, run_after=2021-01-01T00:00:00+00:00
[2024-12-14 16:00:21,401] {processor.py:161} INFO - Processing /home/dev/curso/ambientevirtual/lib/python3.9/site-packages/airflow/example_dags/example_trigger_controller_dag.py took 0.076 seconds
[2024-12-14 16:00:54,555] {processor.py:153} INFO - Started process (PID=50315) to work on /home/dev/curso/ambientevirtual/lib/python3.9/site-packages/airflow/example_dags/example_trigger_controller_dag.py
[2024-12-14 16:00:54,557] {processor.py:641} INFO - Processing file /home/dev/curso/ambientevirtual/lib/python3.9/site-packages/airflow/example_dags/example_trigger_controller_dag.py for tasks to queue
[2024-12-14 16:00:54,558] {logging_mixin.py:115} INFO - [2024-12-14 16:00:54,558] {dagbag.py:507} INFO - Filling up the DagBag from /home/dev/curso/ambientevirtual/lib/python3.9/site-packages/airflow/example_dags/example_trigger_controller_dag.py
[2024-12-14 16:00:54,563] {processor.py:651} INFO - DAG(s) dict_keys(['example_trigger_controller_dag']) retrieved from /home/dev/curso/ambientevirtual/lib/python3.9/site-packages/airflow/example_dags/example_trigger_controller_dag.py
[2024-12-14 16:00:54,589] {logging_mixin.py:115} INFO - [2024-12-14 16:00:54,589] {dag.py:2379} INFO - Sync 1 DAGs
[2024-12-14 16:00:54,622] {logging_mixin.py:115} INFO - [2024-12-14 16:00:54,622] {dag.py:2927} INFO - Setting next_dagrun for example_trigger_controller_dag to 2021-01-01T00:00:00+00:00, run_after=2021-01-01T00:00:00+00:00
[2024-12-14 16:00:54,649] {processor.py:161} INFO - Processing /home/dev/curso/ambientevirtual/lib/python3.9/site-packages/airflow/example_dags/example_trigger_controller_dag.py took 0.098 seconds
[2024-12-14 16:01:28,091] {processor.py:153} INFO - Started process (PID=50550) to work on /home/dev/curso/ambientevirtual/lib/python3.9/site-packages/airflow/example_dags/example_trigger_controller_dag.py
[2024-12-14 16:01:28,093] {processor.py:641} INFO - Processing file /home/dev/curso/ambientevirtual/lib/python3.9/site-packages/airflow/example_dags/example_trigger_controller_dag.py for tasks to queue
[2024-12-14 16:01:28,095] {logging_mixin.py:115} INFO - [2024-12-14 16:01:28,095] {dagbag.py:507} INFO - Filling up the DagBag from /home/dev/curso/ambientevirtual/lib/python3.9/site-packages/airflow/example_dags/example_trigger_controller_dag.py
[2024-12-14 16:01:28,100] {processor.py:651} INFO - DAG(s) dict_keys(['example_trigger_controller_dag']) retrieved from /home/dev/curso/ambientevirtual/lib/python3.9/site-packages/airflow/example_dags/example_trigger_controller_dag.py
[2024-12-14 16:01:28,123] {logging_mixin.py:115} INFO - [2024-12-14 16:01:28,123] {dag.py:2379} INFO - Sync 1 DAGs
[2024-12-14 16:01:28,146] {logging_mixin.py:115} INFO - [2024-12-14 16:01:28,146] {dag.py:2927} INFO - Setting next_dagrun for example_trigger_controller_dag to 2021-01-01T00:00:00+00:00, run_after=2021-01-01T00:00:00+00:00
[2024-12-14 16:01:28,166] {processor.py:161} INFO - Processing /home/dev/curso/ambientevirtual/lib/python3.9/site-packages/airflow/example_dags/example_trigger_controller_dag.py took 0.078 seconds
[2024-12-14 16:02:06,046] {processor.py:153} INFO - Started process (PID=50744) to work on /home/dev/curso/ambientevirtual/lib/python3.9/site-packages/airflow/example_dags/example_trigger_controller_dag.py
[2024-12-14 16:02:06,047] {processor.py:641} INFO - Processing file /home/dev/curso/ambientevirtual/lib/python3.9/site-packages/airflow/example_dags/example_trigger_controller_dag.py for tasks to queue
[2024-12-14 16:02:06,048] {logging_mixin.py:115} INFO - [2024-12-14 16:02:06,048] {dagbag.py:507} INFO - Filling up the DagBag from /home/dev/curso/ambientevirtual/lib/python3.9/site-packages/airflow/example_dags/example_trigger_controller_dag.py
[2024-12-14 16:02:06,052] {processor.py:651} INFO - DAG(s) dict_keys(['example_trigger_controller_dag']) retrieved from /home/dev/curso/ambientevirtual/lib/python3.9/site-packages/airflow/example_dags/example_trigger_controller_dag.py
[2024-12-14 16:02:06,076] {logging_mixin.py:115} INFO - [2024-12-14 16:02:06,076] {dag.py:2379} INFO - Sync 1 DAGs
[2024-12-14 16:02:06,097] {logging_mixin.py:115} INFO - [2024-12-14 16:02:06,097] {dag.py:2927} INFO - Setting next_dagrun for example_trigger_controller_dag to 2021-01-01T00:00:00+00:00, run_after=2021-01-01T00:00:00+00:00
[2024-12-14 16:02:06,113] {processor.py:161} INFO - Processing /home/dev/curso/ambientevirtual/lib/python3.9/site-packages/airflow/example_dags/example_trigger_controller_dag.py took 0.075 seconds
[2024-12-14 16:02:40,934] {processor.py:153} INFO - Started process (PID=50876) to work on /home/dev/curso/ambientevirtual/lib/python3.9/site-packages/airflow/example_dags/example_trigger_controller_dag.py
[2024-12-14 16:02:40,936] {processor.py:641} INFO - Processing file /home/dev/curso/ambientevirtual/lib/python3.9/site-packages/airflow/example_dags/example_trigger_controller_dag.py for tasks to queue
[2024-12-14 16:02:40,938] {logging_mixin.py:115} INFO - [2024-12-14 16:02:40,937] {dagbag.py:507} INFO - Filling up the DagBag from /home/dev/curso/ambientevirtual/lib/python3.9/site-packages/airflow/example_dags/example_trigger_controller_dag.py
[2024-12-14 16:02:40,945] {processor.py:651} INFO - DAG(s) dict_keys(['example_trigger_controller_dag']) retrieved from /home/dev/curso/ambientevirtual/lib/python3.9/site-packages/airflow/example_dags/example_trigger_controller_dag.py
[2024-12-14 16:02:40,974] {logging_mixin.py:115} INFO - [2024-12-14 16:02:40,974] {dag.py:2379} INFO - Sync 1 DAGs
[2024-12-14 16:02:40,995] {logging_mixin.py:115} INFO - [2024-12-14 16:02:40,995] {dag.py:2927} INFO - Setting next_dagrun for example_trigger_controller_dag to 2021-01-01T00:00:00+00:00, run_after=2021-01-01T00:00:00+00:00
[2024-12-14 16:02:41,013] {processor.py:161} INFO - Processing /home/dev/curso/ambientevirtual/lib/python3.9/site-packages/airflow/example_dags/example_trigger_controller_dag.py took 0.087 seconds
[2024-12-14 16:03:13,917] {processor.py:153} INFO - Started process (PID=50998) to work on /home/dev/curso/ambientevirtual/lib/python3.9/site-packages/airflow/example_dags/example_trigger_controller_dag.py
[2024-12-14 16:03:13,919] {processor.py:641} INFO - Processing file /home/dev/curso/ambientevirtual/lib/python3.9/site-packages/airflow/example_dags/example_trigger_controller_dag.py for tasks to queue
[2024-12-14 16:03:13,920] {logging_mixin.py:115} INFO - [2024-12-14 16:03:13,920] {dagbag.py:507} INFO - Filling up the DagBag from /home/dev/curso/ambientevirtual/lib/python3.9/site-packages/airflow/example_dags/example_trigger_controller_dag.py
[2024-12-14 16:03:13,926] {processor.py:651} INFO - DAG(s) dict_keys(['example_trigger_controller_dag']) retrieved from /home/dev/curso/ambientevirtual/lib/python3.9/site-packages/airflow/example_dags/example_trigger_controller_dag.py
[2024-12-14 16:03:13,952] {logging_mixin.py:115} INFO - [2024-12-14 16:03:13,952] {dag.py:2379} INFO - Sync 1 DAGs
[2024-12-14 16:03:13,973] {logging_mixin.py:115} INFO - [2024-12-14 16:03:13,973] {dag.py:2927} INFO - Setting next_dagrun for example_trigger_controller_dag to 2021-01-01T00:00:00+00:00, run_after=2021-01-01T00:00:00+00:00
[2024-12-14 16:03:13,991] {processor.py:161} INFO - Processing /home/dev/curso/ambientevirtual/lib/python3.9/site-packages/airflow/example_dags/example_trigger_controller_dag.py took 0.080 seconds
[2024-12-14 16:03:48,739] {processor.py:153} INFO - Started process (PID=51121) to work on /home/dev/curso/ambientevirtual/lib/python3.9/site-packages/airflow/example_dags/example_trigger_controller_dag.py
[2024-12-14 16:03:48,741] {processor.py:641} INFO - Processing file /home/dev/curso/ambientevirtual/lib/python3.9/site-packages/airflow/example_dags/example_trigger_controller_dag.py for tasks to queue
[2024-12-14 16:03:48,742] {logging_mixin.py:115} INFO - [2024-12-14 16:03:48,741] {dagbag.py:507} INFO - Filling up the DagBag from /home/dev/curso/ambientevirtual/lib/python3.9/site-packages/airflow/example_dags/example_trigger_controller_dag.py
[2024-12-14 16:03:48,747] {processor.py:651} INFO - DAG(s) dict_keys(['example_trigger_controller_dag']) retrieved from /home/dev/curso/ambientevirtual/lib/python3.9/site-packages/airflow/example_dags/example_trigger_controller_dag.py
[2024-12-14 16:03:48,768] {logging_mixin.py:115} INFO - [2024-12-14 16:03:48,768] {dag.py:2379} INFO - Sync 1 DAGs
[2024-12-14 16:03:48,789] {logging_mixin.py:115} INFO - [2024-12-14 16:03:48,788] {dag.py:2927} INFO - Setting next_dagrun for example_trigger_controller_dag to 2021-01-01T00:00:00+00:00, run_after=2021-01-01T00:00:00+00:00
[2024-12-14 16:03:48,807] {processor.py:161} INFO - Processing /home/dev/curso/ambientevirtual/lib/python3.9/site-packages/airflow/example_dags/example_trigger_controller_dag.py took 0.074 seconds
[2024-12-14 16:04:24,249] {processor.py:153} INFO - Started process (PID=51250) to work on /home/dev/curso/ambientevirtual/lib/python3.9/site-packages/airflow/example_dags/example_trigger_controller_dag.py
[2024-12-14 16:04:24,251] {processor.py:641} INFO - Processing file /home/dev/curso/ambientevirtual/lib/python3.9/site-packages/airflow/example_dags/example_trigger_controller_dag.py for tasks to queue
[2024-12-14 16:04:24,252] {logging_mixin.py:115} INFO - [2024-12-14 16:04:24,252] {dagbag.py:507} INFO - Filling up the DagBag from /home/dev/curso/ambientevirtual/lib/python3.9/site-packages/airflow/example_dags/example_trigger_controller_dag.py
[2024-12-14 16:04:24,258] {processor.py:651} INFO - DAG(s) dict_keys(['example_trigger_controller_dag']) retrieved from /home/dev/curso/ambientevirtual/lib/python3.9/site-packages/airflow/example_dags/example_trigger_controller_dag.py
[2024-12-14 16:04:24,279] {logging_mixin.py:115} INFO - [2024-12-14 16:04:24,279] {dag.py:2379} INFO - Sync 1 DAGs
[2024-12-14 16:04:24,300] {logging_mixin.py:115} INFO - [2024-12-14 16:04:24,300] {dag.py:2927} INFO - Setting next_dagrun for example_trigger_controller_dag to 2021-01-01T00:00:00+00:00, run_after=2021-01-01T00:00:00+00:00
[2024-12-14 16:04:24,316] {processor.py:161} INFO - Processing /home/dev/curso/ambientevirtual/lib/python3.9/site-packages/airflow/example_dags/example_trigger_controller_dag.py took 0.075 seconds
[2024-12-14 16:05:02,025] {processor.py:153} INFO - Started process (PID=51387) to work on /home/dev/curso/ambientevirtual/lib/python3.9/site-packages/airflow/example_dags/example_trigger_controller_dag.py
[2024-12-14 16:05:02,026] {processor.py:641} INFO - Processing file /home/dev/curso/ambientevirtual/lib/python3.9/site-packages/airflow/example_dags/example_trigger_controller_dag.py for tasks to queue
[2024-12-14 16:05:02,027] {logging_mixin.py:115} INFO - [2024-12-14 16:05:02,027] {dagbag.py:507} INFO - Filling up the DagBag from /home/dev/curso/ambientevirtual/lib/python3.9/site-packages/airflow/example_dags/example_trigger_controller_dag.py
[2024-12-14 16:05:02,032] {processor.py:651} INFO - DAG(s) dict_keys(['example_trigger_controller_dag']) retrieved from /home/dev/curso/ambientevirtual/lib/python3.9/site-packages/airflow/example_dags/example_trigger_controller_dag.py
[2024-12-14 16:05:02,059] {logging_mixin.py:115} INFO - [2024-12-14 16:05:02,059] {dag.py:2379} INFO - Sync 1 DAGs
[2024-12-14 16:05:02,087] {logging_mixin.py:115} INFO - [2024-12-14 16:05:02,087] {dag.py:2927} INFO - Setting next_dagrun for example_trigger_controller_dag to 2021-01-01T00:00:00+00:00, run_after=2021-01-01T00:00:00+00:00
[2024-12-14 16:05:02,106] {processor.py:161} INFO - Processing /home/dev/curso/ambientevirtual/lib/python3.9/site-packages/airflow/example_dags/example_trigger_controller_dag.py took 0.085 seconds
[2024-12-14 16:05:37,133] {processor.py:153} INFO - Started process (PID=51517) to work on /home/dev/curso/ambientevirtual/lib/python3.9/site-packages/airflow/example_dags/example_trigger_controller_dag.py
[2024-12-14 16:05:37,134] {processor.py:641} INFO - Processing file /home/dev/curso/ambientevirtual/lib/python3.9/site-packages/airflow/example_dags/example_trigger_controller_dag.py for tasks to queue
[2024-12-14 16:05:37,135] {logging_mixin.py:115} INFO - [2024-12-14 16:05:37,135] {dagbag.py:507} INFO - Filling up the DagBag from /home/dev/curso/ambientevirtual/lib/python3.9/site-packages/airflow/example_dags/example_trigger_controller_dag.py
[2024-12-14 16:05:37,142] {processor.py:651} INFO - DAG(s) dict_keys(['example_trigger_controller_dag']) retrieved from /home/dev/curso/ambientevirtual/lib/python3.9/site-packages/airflow/example_dags/example_trigger_controller_dag.py
[2024-12-14 16:05:37,165] {logging_mixin.py:115} INFO - [2024-12-14 16:05:37,165] {dag.py:2379} INFO - Sync 1 DAGs
[2024-12-14 16:05:37,186] {logging_mixin.py:115} INFO - [2024-12-14 16:05:37,186] {dag.py:2927} INFO - Setting next_dagrun for example_trigger_controller_dag to 2021-01-01T00:00:00+00:00, run_after=2021-01-01T00:00:00+00:00
[2024-12-14 16:05:37,203] {processor.py:161} INFO - Processing /home/dev/curso/ambientevirtual/lib/python3.9/site-packages/airflow/example_dags/example_trigger_controller_dag.py took 0.078 seconds
[2024-12-14 16:06:10,287] {processor.py:153} INFO - Started process (PID=51638) to work on /home/dev/curso/ambientevirtual/lib/python3.9/site-packages/airflow/example_dags/example_trigger_controller_dag.py
[2024-12-14 16:06:10,290] {processor.py:641} INFO - Processing file /home/dev/curso/ambientevirtual/lib/python3.9/site-packages/airflow/example_dags/example_trigger_controller_dag.py for tasks to queue
[2024-12-14 16:06:10,291] {logging_mixin.py:115} INFO - [2024-12-14 16:06:10,291] {dagbag.py:507} INFO - Filling up the DagBag from /home/dev/curso/ambientevirtual/lib/python3.9/site-packages/airflow/example_dags/example_trigger_controller_dag.py
[2024-12-14 16:06:10,297] {processor.py:651} INFO - DAG(s) dict_keys(['example_trigger_controller_dag']) retrieved from /home/dev/curso/ambientevirtual/lib/python3.9/site-packages/airflow/example_dags/example_trigger_controller_dag.py
[2024-12-14 16:06:10,321] {logging_mixin.py:115} INFO - [2024-12-14 16:06:10,321] {dag.py:2379} INFO - Sync 1 DAGs
[2024-12-14 16:06:10,343] {logging_mixin.py:115} INFO - [2024-12-14 16:06:10,343] {dag.py:2927} INFO - Setting next_dagrun for example_trigger_controller_dag to 2021-01-01T00:00:00+00:00, run_after=2021-01-01T00:00:00+00:00
[2024-12-14 16:06:10,366] {processor.py:161} INFO - Processing /home/dev/curso/ambientevirtual/lib/python3.9/site-packages/airflow/example_dags/example_trigger_controller_dag.py took 0.087 seconds
[2024-12-14 16:06:47,755] {processor.py:153} INFO - Started process (PID=51834) to work on /home/dev/curso/ambientevirtual/lib/python3.9/site-packages/airflow/example_dags/example_trigger_controller_dag.py
[2024-12-14 16:06:47,756] {processor.py:641} INFO - Processing file /home/dev/curso/ambientevirtual/lib/python3.9/site-packages/airflow/example_dags/example_trigger_controller_dag.py for tasks to queue
[2024-12-14 16:06:47,757] {logging_mixin.py:115} INFO - [2024-12-14 16:06:47,757] {dagbag.py:507} INFO - Filling up the DagBag from /home/dev/curso/ambientevirtual/lib/python3.9/site-packages/airflow/example_dags/example_trigger_controller_dag.py
[2024-12-14 16:06:47,760] {processor.py:651} INFO - DAG(s) dict_keys(['example_trigger_controller_dag']) retrieved from /home/dev/curso/ambientevirtual/lib/python3.9/site-packages/airflow/example_dags/example_trigger_controller_dag.py
[2024-12-14 16:06:47,785] {logging_mixin.py:115} INFO - [2024-12-14 16:06:47,785] {dag.py:2379} INFO - Sync 1 DAGs
[2024-12-14 16:06:47,809] {logging_mixin.py:115} INFO - [2024-12-14 16:06:47,809] {dag.py:2927} INFO - Setting next_dagrun for example_trigger_controller_dag to 2021-01-01T00:00:00+00:00, run_after=2021-01-01T00:00:00+00:00
[2024-12-14 16:06:47,827] {processor.py:161} INFO - Processing /home/dev/curso/ambientevirtual/lib/python3.9/site-packages/airflow/example_dags/example_trigger_controller_dag.py took 0.076 seconds
[2024-12-14 16:07:21,179] {processor.py:153} INFO - Started process (PID=51980) to work on /home/dev/curso/ambientevirtual/lib/python3.9/site-packages/airflow/example_dags/example_trigger_controller_dag.py
[2024-12-14 16:07:21,180] {processor.py:641} INFO - Processing file /home/dev/curso/ambientevirtual/lib/python3.9/site-packages/airflow/example_dags/example_trigger_controller_dag.py for tasks to queue
[2024-12-14 16:07:21,181] {logging_mixin.py:115} INFO - [2024-12-14 16:07:21,181] {dagbag.py:507} INFO - Filling up the DagBag from /home/dev/curso/ambientevirtual/lib/python3.9/site-packages/airflow/example_dags/example_trigger_controller_dag.py
[2024-12-14 16:07:21,189] {processor.py:651} INFO - DAG(s) dict_keys(['example_trigger_controller_dag']) retrieved from /home/dev/curso/ambientevirtual/lib/python3.9/site-packages/airflow/example_dags/example_trigger_controller_dag.py
[2024-12-14 16:07:21,209] {logging_mixin.py:115} INFO - [2024-12-14 16:07:21,209] {dag.py:2379} INFO - Sync 1 DAGs
[2024-12-14 16:07:21,228] {logging_mixin.py:115} INFO - [2024-12-14 16:07:21,228] {dag.py:2927} INFO - Setting next_dagrun for example_trigger_controller_dag to 2021-01-01T00:00:00+00:00, run_after=2021-01-01T00:00:00+00:00
[2024-12-14 16:07:21,245] {processor.py:161} INFO - Processing /home/dev/curso/ambientevirtual/lib/python3.9/site-packages/airflow/example_dags/example_trigger_controller_dag.py took 0.072 seconds
[2024-12-14 16:07:56,826] {processor.py:153} INFO - Started process (PID=52144) to work on /home/dev/curso/ambientevirtual/lib/python3.9/site-packages/airflow/example_dags/example_trigger_controller_dag.py
[2024-12-14 16:07:56,827] {processor.py:641} INFO - Processing file /home/dev/curso/ambientevirtual/lib/python3.9/site-packages/airflow/example_dags/example_trigger_controller_dag.py for tasks to queue
[2024-12-14 16:07:56,827] {logging_mixin.py:115} INFO - [2024-12-14 16:07:56,827] {dagbag.py:507} INFO - Filling up the DagBag from /home/dev/curso/ambientevirtual/lib/python3.9/site-packages/airflow/example_dags/example_trigger_controller_dag.py
[2024-12-14 16:07:56,834] {processor.py:651} INFO - DAG(s) dict_keys(['example_trigger_controller_dag']) retrieved from /home/dev/curso/ambientevirtual/lib/python3.9/site-packages/airflow/example_dags/example_trigger_controller_dag.py
[2024-12-14 16:07:56,860] {logging_mixin.py:115} INFO - [2024-12-14 16:07:56,860] {dag.py:2379} INFO - Sync 1 DAGs
[2024-12-14 16:07:56,886] {logging_mixin.py:115} INFO - [2024-12-14 16:07:56,886] {dag.py:2927} INFO - Setting next_dagrun for example_trigger_controller_dag to 2021-01-01T00:00:00+00:00, run_after=2021-01-01T00:00:00+00:00
[2024-12-14 16:07:56,911] {processor.py:161} INFO - Processing /home/dev/curso/ambientevirtual/lib/python3.9/site-packages/airflow/example_dags/example_trigger_controller_dag.py took 0.089 seconds
[2024-12-14 16:08:32,021] {processor.py:153} INFO - Started process (PID=52389) to work on /home/dev/curso/ambientevirtual/lib/python3.9/site-packages/airflow/example_dags/example_trigger_controller_dag.py
[2024-12-14 16:08:32,022] {processor.py:641} INFO - Processing file /home/dev/curso/ambientevirtual/lib/python3.9/site-packages/airflow/example_dags/example_trigger_controller_dag.py for tasks to queue
[2024-12-14 16:08:32,023] {logging_mixin.py:115} INFO - [2024-12-14 16:08:32,023] {dagbag.py:507} INFO - Filling up the DagBag from /home/dev/curso/ambientevirtual/lib/python3.9/site-packages/airflow/example_dags/example_trigger_controller_dag.py
[2024-12-14 16:08:32,032] {processor.py:651} INFO - DAG(s) dict_keys(['example_trigger_controller_dag']) retrieved from /home/dev/curso/ambientevirtual/lib/python3.9/site-packages/airflow/example_dags/example_trigger_controller_dag.py
[2024-12-14 16:08:32,058] {logging_mixin.py:115} INFO - [2024-12-14 16:08:32,058] {dag.py:2379} INFO - Sync 1 DAGs
[2024-12-14 16:08:32,083] {logging_mixin.py:115} INFO - [2024-12-14 16:08:32,083] {dag.py:2927} INFO - Setting next_dagrun for example_trigger_controller_dag to 2021-01-01T00:00:00+00:00, run_after=2021-01-01T00:00:00+00:00
[2024-12-14 16:08:32,106] {processor.py:161} INFO - Processing /home/dev/curso/ambientevirtual/lib/python3.9/site-packages/airflow/example_dags/example_trigger_controller_dag.py took 0.089 seconds
[2024-12-14 16:09:07,691] {processor.py:153} INFO - Started process (PID=52634) to work on /home/dev/curso/ambientevirtual/lib/python3.9/site-packages/airflow/example_dags/example_trigger_controller_dag.py
[2024-12-14 16:09:07,693] {processor.py:641} INFO - Processing file /home/dev/curso/ambientevirtual/lib/python3.9/site-packages/airflow/example_dags/example_trigger_controller_dag.py for tasks to queue
[2024-12-14 16:09:07,694] {logging_mixin.py:115} INFO - [2024-12-14 16:09:07,694] {dagbag.py:507} INFO - Filling up the DagBag from /home/dev/curso/ambientevirtual/lib/python3.9/site-packages/airflow/example_dags/example_trigger_controller_dag.py
[2024-12-14 16:09:07,699] {processor.py:651} INFO - DAG(s) dict_keys(['example_trigger_controller_dag']) retrieved from /home/dev/curso/ambientevirtual/lib/python3.9/site-packages/airflow/example_dags/example_trigger_controller_dag.py
[2024-12-14 16:09:07,723] {logging_mixin.py:115} INFO - [2024-12-14 16:09:07,723] {dag.py:2379} INFO - Sync 1 DAGs
[2024-12-14 16:09:07,744] {logging_mixin.py:115} INFO - [2024-12-14 16:09:07,744] {dag.py:2927} INFO - Setting next_dagrun for example_trigger_controller_dag to 2021-01-01T00:00:00+00:00, run_after=2021-01-01T00:00:00+00:00
[2024-12-14 16:09:07,766] {processor.py:161} INFO - Processing /home/dev/curso/ambientevirtual/lib/python3.9/site-packages/airflow/example_dags/example_trigger_controller_dag.py took 0.083 seconds
[2024-12-14 16:09:44,638] {processor.py:153} INFO - Started process (PID=52771) to work on /home/dev/curso/ambientevirtual/lib/python3.9/site-packages/airflow/example_dags/example_trigger_controller_dag.py
[2024-12-14 16:09:44,640] {processor.py:641} INFO - Processing file /home/dev/curso/ambientevirtual/lib/python3.9/site-packages/airflow/example_dags/example_trigger_controller_dag.py for tasks to queue
[2024-12-14 16:09:44,641] {logging_mixin.py:115} INFO - [2024-12-14 16:09:44,641] {dagbag.py:507} INFO - Filling up the DagBag from /home/dev/curso/ambientevirtual/lib/python3.9/site-packages/airflow/example_dags/example_trigger_controller_dag.py
[2024-12-14 16:09:44,648] {processor.py:651} INFO - DAG(s) dict_keys(['example_trigger_controller_dag']) retrieved from /home/dev/curso/ambientevirtual/lib/python3.9/site-packages/airflow/example_dags/example_trigger_controller_dag.py
[2024-12-14 16:09:44,675] {logging_mixin.py:115} INFO - [2024-12-14 16:09:44,675] {dag.py:2379} INFO - Sync 1 DAGs
[2024-12-14 16:09:44,694] {logging_mixin.py:115} INFO - [2024-12-14 16:09:44,694] {dag.py:2927} INFO - Setting next_dagrun for example_trigger_controller_dag to 2021-01-01T00:00:00+00:00, run_after=2021-01-01T00:00:00+00:00
[2024-12-14 16:09:44,719] {processor.py:161} INFO - Processing /home/dev/curso/ambientevirtual/lib/python3.9/site-packages/airflow/example_dags/example_trigger_controller_dag.py took 0.088 seconds
[2024-12-14 16:10:18,727] {processor.py:153} INFO - Started process (PID=52893) to work on /home/dev/curso/ambientevirtual/lib/python3.9/site-packages/airflow/example_dags/example_trigger_controller_dag.py
[2024-12-14 16:10:18,728] {processor.py:641} INFO - Processing file /home/dev/curso/ambientevirtual/lib/python3.9/site-packages/airflow/example_dags/example_trigger_controller_dag.py for tasks to queue
[2024-12-14 16:10:18,729] {logging_mixin.py:115} INFO - [2024-12-14 16:10:18,729] {dagbag.py:507} INFO - Filling up the DagBag from /home/dev/curso/ambientevirtual/lib/python3.9/site-packages/airflow/example_dags/example_trigger_controller_dag.py
[2024-12-14 16:10:18,736] {processor.py:651} INFO - DAG(s) dict_keys(['example_trigger_controller_dag']) retrieved from /home/dev/curso/ambientevirtual/lib/python3.9/site-packages/airflow/example_dags/example_trigger_controller_dag.py
[2024-12-14 16:10:18,769] {logging_mixin.py:115} INFO - [2024-12-14 16:10:18,769] {dag.py:2379} INFO - Sync 1 DAGs
[2024-12-14 16:10:18,788] {logging_mixin.py:115} INFO - [2024-12-14 16:10:18,788] {dag.py:2927} INFO - Setting next_dagrun for example_trigger_controller_dag to 2021-01-01T00:00:00+00:00, run_after=2021-01-01T00:00:00+00:00
[2024-12-14 16:10:18,805] {processor.py:161} INFO - Processing /home/dev/curso/ambientevirtual/lib/python3.9/site-packages/airflow/example_dags/example_trigger_controller_dag.py took 0.085 seconds
[2024-12-14 16:10:52,947] {processor.py:153} INFO - Started process (PID=53136) to work on /home/dev/curso/ambientevirtual/lib/python3.9/site-packages/airflow/example_dags/example_trigger_controller_dag.py
[2024-12-14 16:10:52,949] {processor.py:641} INFO - Processing file /home/dev/curso/ambientevirtual/lib/python3.9/site-packages/airflow/example_dags/example_trigger_controller_dag.py for tasks to queue
[2024-12-14 16:10:52,950] {logging_mixin.py:115} INFO - [2024-12-14 16:10:52,950] {dagbag.py:507} INFO - Filling up the DagBag from /home/dev/curso/ambientevirtual/lib/python3.9/site-packages/airflow/example_dags/example_trigger_controller_dag.py
[2024-12-14 16:10:52,956] {processor.py:651} INFO - DAG(s) dict_keys(['example_trigger_controller_dag']) retrieved from /home/dev/curso/ambientevirtual/lib/python3.9/site-packages/airflow/example_dags/example_trigger_controller_dag.py
[2024-12-14 16:10:52,979] {logging_mixin.py:115} INFO - [2024-12-14 16:10:52,979] {dag.py:2379} INFO - Sync 1 DAGs
[2024-12-14 16:10:52,998] {logging_mixin.py:115} INFO - [2024-12-14 16:10:52,998] {dag.py:2927} INFO - Setting next_dagrun for example_trigger_controller_dag to 2021-01-01T00:00:00+00:00, run_after=2021-01-01T00:00:00+00:00
[2024-12-14 16:10:53,015] {processor.py:161} INFO - Processing /home/dev/curso/ambientevirtual/lib/python3.9/site-packages/airflow/example_dags/example_trigger_controller_dag.py took 0.075 seconds
[2024-12-14 16:11:27,270] {processor.py:153} INFO - Started process (PID=53260) to work on /home/dev/curso/ambientevirtual/lib/python3.9/site-packages/airflow/example_dags/example_trigger_controller_dag.py
[2024-12-14 16:11:27,273] {processor.py:641} INFO - Processing file /home/dev/curso/ambientevirtual/lib/python3.9/site-packages/airflow/example_dags/example_trigger_controller_dag.py for tasks to queue
[2024-12-14 16:11:27,275] {logging_mixin.py:115} INFO - [2024-12-14 16:11:27,274] {dagbag.py:507} INFO - Filling up the DagBag from /home/dev/curso/ambientevirtual/lib/python3.9/site-packages/airflow/example_dags/example_trigger_controller_dag.py
[2024-12-14 16:11:27,282] {processor.py:651} INFO - DAG(s) dict_keys(['example_trigger_controller_dag']) retrieved from /home/dev/curso/ambientevirtual/lib/python3.9/site-packages/airflow/example_dags/example_trigger_controller_dag.py
[2024-12-14 16:11:27,319] {logging_mixin.py:115} INFO - [2024-12-14 16:11:27,319] {dag.py:2379} INFO - Sync 1 DAGs
[2024-12-14 16:11:27,353] {logging_mixin.py:115} INFO - [2024-12-14 16:11:27,353] {dag.py:2927} INFO - Setting next_dagrun for example_trigger_controller_dag to 2021-01-01T00:00:00+00:00, run_after=2021-01-01T00:00:00+00:00
[2024-12-14 16:11:27,379] {processor.py:161} INFO - Processing /home/dev/curso/ambientevirtual/lib/python3.9/site-packages/airflow/example_dags/example_trigger_controller_dag.py took 0.115 seconds
