[2024-12-14 15:51:22,355] {processor.py:153} INFO - Started process (PID=47705) to work on /home/dev/curso/ambientevirtual/lib/python3.9/site-packages/airflow/example_dags/example_branch_labels.py
[2024-12-14 15:51:22,355] {processor.py:641} INFO - Processing file /home/dev/curso/ambientevirtual/lib/python3.9/site-packages/airflow/example_dags/example_branch_labels.py for tasks to queue
[2024-12-14 15:51:22,356] {logging_mixin.py:115} INFO - [2024-12-14 15:51:22,356] {dagbag.py:507} INFO - Filling up the DagBag from /home/dev/curso/ambientevirtual/lib/python3.9/site-packages/airflow/example_dags/example_branch_labels.py
[2024-12-14 15:51:22,369] {processor.py:651} INFO - DAG(s) dict_keys(['example_branch_labels']) retrieved from /home/dev/curso/ambientevirtual/lib/python3.9/site-packages/airflow/example_dags/example_branch_labels.py
[2024-12-14 15:51:22,449] {logging_mixin.py:115} INFO - [2024-12-14 15:51:22,449] {manager.py:508} INFO - Created Permission View: can delete on DAG:example_branch_labels
[2024-12-14 15:51:22,461] {logging_mixin.py:115} INFO - [2024-12-14 15:51:22,461] {manager.py:508} INFO - Created Permission View: can edit on DAG:example_branch_labels
[2024-12-14 15:51:22,471] {logging_mixin.py:115} INFO - [2024-12-14 15:51:22,471] {manager.py:508} INFO - Created Permission View: can read on DAG:example_branch_labels
[2024-12-14 15:51:22,471] {logging_mixin.py:115} INFO - [2024-12-14 15:51:22,471] {dag.py:2379} INFO - Sync 1 DAGs
[2024-12-14 15:51:22,482] {logging_mixin.py:115} INFO - [2024-12-14 15:51:22,481] {dag.py:2398} INFO - Creating ORM DAG for example_branch_labels
[2024-12-14 15:51:22,494] {logging_mixin.py:115} INFO - [2024-12-14 15:51:22,494] {dag.py:2927} INFO - Setting next_dagrun for example_branch_labels to 2024-12-13T00:00:00+00:00, run_after=2024-12-14T00:00:00+00:00
[2024-12-14 15:51:22,510] {processor.py:161} INFO - Processing /home/dev/curso/ambientevirtual/lib/python3.9/site-packages/airflow/example_dags/example_branch_labels.py took 0.159 seconds
[2024-12-14 15:52:01,278] {processor.py:153} INFO - Started process (PID=48196) to work on /home/dev/curso/ambientevirtual/lib/python3.9/site-packages/airflow/example_dags/example_branch_labels.py
[2024-12-14 15:52:01,280] {processor.py:641} INFO - Processing file /home/dev/curso/ambientevirtual/lib/python3.9/site-packages/airflow/example_dags/example_branch_labels.py for tasks to queue
[2024-12-14 15:52:01,280] {logging_mixin.py:115} INFO - [2024-12-14 15:52:01,280] {dagbag.py:507} INFO - Filling up the DagBag from /home/dev/curso/ambientevirtual/lib/python3.9/site-packages/airflow/example_dags/example_branch_labels.py
[2024-12-14 15:52:01,288] {processor.py:651} INFO - DAG(s) dict_keys(['example_branch_labels']) retrieved from /home/dev/curso/ambientevirtual/lib/python3.9/site-packages/airflow/example_dags/example_branch_labels.py
[2024-12-14 15:52:01,308] {logging_mixin.py:115} INFO - [2024-12-14 15:52:01,308] {dag.py:2379} INFO - Sync 1 DAGs
[2024-12-14 15:52:01,330] {logging_mixin.py:115} INFO - [2024-12-14 15:52:01,330] {dag.py:2927} INFO - Setting next_dagrun for example_branch_labels to 2024-12-13T00:00:00+00:00, run_after=2024-12-14T00:00:00+00:00
[2024-12-14 15:52:01,346] {processor.py:161} INFO - Processing /home/dev/curso/ambientevirtual/lib/python3.9/site-packages/airflow/example_dags/example_branch_labels.py took 0.071 seconds
[2024-12-14 15:52:34,112] {processor.py:153} INFO - Started process (PID=48373) to work on /home/dev/curso/ambientevirtual/lib/python3.9/site-packages/airflow/example_dags/example_branch_labels.py
[2024-12-14 15:52:34,114] {processor.py:641} INFO - Processing file /home/dev/curso/ambientevirtual/lib/python3.9/site-packages/airflow/example_dags/example_branch_labels.py for tasks to queue
[2024-12-14 15:52:34,115] {logging_mixin.py:115} INFO - [2024-12-14 15:52:34,115] {dagbag.py:507} INFO - Filling up the DagBag from /home/dev/curso/ambientevirtual/lib/python3.9/site-packages/airflow/example_dags/example_branch_labels.py
[2024-12-14 15:52:34,131] {processor.py:651} INFO - DAG(s) dict_keys(['example_branch_labels']) retrieved from /home/dev/curso/ambientevirtual/lib/python3.9/site-packages/airflow/example_dags/example_branch_labels.py
[2024-12-14 15:52:34,156] {logging_mixin.py:115} INFO - [2024-12-14 15:52:34,156] {dag.py:2379} INFO - Sync 1 DAGs
[2024-12-14 15:52:34,180] {logging_mixin.py:115} INFO - [2024-12-14 15:52:34,180] {dag.py:2927} INFO - Setting next_dagrun for example_branch_labels to 2024-12-13T00:00:00+00:00, run_after=2024-12-14T00:00:00+00:00
[2024-12-14 15:52:34,198] {processor.py:161} INFO - Processing /home/dev/curso/ambientevirtual/lib/python3.9/site-packages/airflow/example_dags/example_branch_labels.py took 0.092 seconds
[2024-12-14 15:53:07,058] {processor.py:153} INFO - Started process (PID=48493) to work on /home/dev/curso/ambientevirtual/lib/python3.9/site-packages/airflow/example_dags/example_branch_labels.py
[2024-12-14 15:53:07,060] {processor.py:641} INFO - Processing file /home/dev/curso/ambientevirtual/lib/python3.9/site-packages/airflow/example_dags/example_branch_labels.py for tasks to queue
[2024-12-14 15:53:07,061] {logging_mixin.py:115} INFO - [2024-12-14 15:53:07,061] {dagbag.py:507} INFO - Filling up the DagBag from /home/dev/curso/ambientevirtual/lib/python3.9/site-packages/airflow/example_dags/example_branch_labels.py
[2024-12-14 15:53:07,075] {processor.py:651} INFO - DAG(s) dict_keys(['example_branch_labels']) retrieved from /home/dev/curso/ambientevirtual/lib/python3.9/site-packages/airflow/example_dags/example_branch_labels.py
[2024-12-14 15:53:07,100] {logging_mixin.py:115} INFO - [2024-12-14 15:53:07,100] {dag.py:2379} INFO - Sync 1 DAGs
[2024-12-14 15:53:07,121] {logging_mixin.py:115} INFO - [2024-12-14 15:53:07,121] {dag.py:2927} INFO - Setting next_dagrun for example_branch_labels to 2024-12-13T00:00:00+00:00, run_after=2024-12-14T00:00:00+00:00
[2024-12-14 15:53:07,137] {processor.py:161} INFO - Processing /home/dev/curso/ambientevirtual/lib/python3.9/site-packages/airflow/example_dags/example_branch_labels.py took 0.084 seconds
[2024-12-14 15:53:40,910] {processor.py:153} INFO - Started process (PID=48616) to work on /home/dev/curso/ambientevirtual/lib/python3.9/site-packages/airflow/example_dags/example_branch_labels.py
[2024-12-14 15:53:40,912] {processor.py:641} INFO - Processing file /home/dev/curso/ambientevirtual/lib/python3.9/site-packages/airflow/example_dags/example_branch_labels.py for tasks to queue
[2024-12-14 15:53:40,913] {logging_mixin.py:115} INFO - [2024-12-14 15:53:40,913] {dagbag.py:507} INFO - Filling up the DagBag from /home/dev/curso/ambientevirtual/lib/python3.9/site-packages/airflow/example_dags/example_branch_labels.py
[2024-12-14 15:53:40,921] {processor.py:651} INFO - DAG(s) dict_keys(['example_branch_labels']) retrieved from /home/dev/curso/ambientevirtual/lib/python3.9/site-packages/airflow/example_dags/example_branch_labels.py
[2024-12-14 15:53:40,944] {logging_mixin.py:115} INFO - [2024-12-14 15:53:40,944] {dag.py:2379} INFO - Sync 1 DAGs
[2024-12-14 15:53:40,965] {logging_mixin.py:115} INFO - [2024-12-14 15:53:40,965] {dag.py:2927} INFO - Setting next_dagrun for example_branch_labels to 2024-12-13T00:00:00+00:00, run_after=2024-12-14T00:00:00+00:00
[2024-12-14 15:53:40,980] {processor.py:161} INFO - Processing /home/dev/curso/ambientevirtual/lib/python3.9/site-packages/airflow/example_dags/example_branch_labels.py took 0.076 seconds
[2024-12-14 15:54:16,294] {processor.py:153} INFO - Started process (PID=48745) to work on /home/dev/curso/ambientevirtual/lib/python3.9/site-packages/airflow/example_dags/example_branch_labels.py
[2024-12-14 15:54:16,295] {processor.py:641} INFO - Processing file /home/dev/curso/ambientevirtual/lib/python3.9/site-packages/airflow/example_dags/example_branch_labels.py for tasks to queue
[2024-12-14 15:54:16,296] {logging_mixin.py:115} INFO - [2024-12-14 15:54:16,296] {dagbag.py:507} INFO - Filling up the DagBag from /home/dev/curso/ambientevirtual/lib/python3.9/site-packages/airflow/example_dags/example_branch_labels.py
[2024-12-14 15:54:16,309] {processor.py:651} INFO - DAG(s) dict_keys(['example_branch_labels']) retrieved from /home/dev/curso/ambientevirtual/lib/python3.9/site-packages/airflow/example_dags/example_branch_labels.py
[2024-12-14 15:54:16,330] {logging_mixin.py:115} INFO - [2024-12-14 15:54:16,330] {dag.py:2379} INFO - Sync 1 DAGs
[2024-12-14 15:54:16,350] {logging_mixin.py:115} INFO - [2024-12-14 15:54:16,350] {dag.py:2927} INFO - Setting next_dagrun for example_branch_labels to 2024-12-13T00:00:00+00:00, run_after=2024-12-14T00:00:00+00:00
[2024-12-14 15:54:16,366] {processor.py:161} INFO - Processing /home/dev/curso/ambientevirtual/lib/python3.9/site-packages/airflow/example_dags/example_branch_labels.py took 0.077 seconds
[2024-12-14 15:54:51,939] {processor.py:153} INFO - Started process (PID=48874) to work on /home/dev/curso/ambientevirtual/lib/python3.9/site-packages/airflow/example_dags/example_branch_labels.py
[2024-12-14 15:54:51,941] {processor.py:641} INFO - Processing file /home/dev/curso/ambientevirtual/lib/python3.9/site-packages/airflow/example_dags/example_branch_labels.py for tasks to queue
[2024-12-14 15:54:51,942] {logging_mixin.py:115} INFO - [2024-12-14 15:54:51,942] {dagbag.py:507} INFO - Filling up the DagBag from /home/dev/curso/ambientevirtual/lib/python3.9/site-packages/airflow/example_dags/example_branch_labels.py
[2024-12-14 15:54:51,958] {processor.py:651} INFO - DAG(s) dict_keys(['example_branch_labels']) retrieved from /home/dev/curso/ambientevirtual/lib/python3.9/site-packages/airflow/example_dags/example_branch_labels.py
[2024-12-14 15:54:51,983] {logging_mixin.py:115} INFO - [2024-12-14 15:54:51,983] {dag.py:2379} INFO - Sync 1 DAGs
[2024-12-14 15:54:52,005] {logging_mixin.py:115} INFO - [2024-12-14 15:54:52,005] {dag.py:2927} INFO - Setting next_dagrun for example_branch_labels to 2024-12-13T00:00:00+00:00, run_after=2024-12-14T00:00:00+00:00
[2024-12-14 15:54:52,027] {processor.py:161} INFO - Processing /home/dev/curso/ambientevirtual/lib/python3.9/site-packages/airflow/example_dags/example_branch_labels.py took 0.093 seconds
[2024-12-14 15:55:24,196] {processor.py:153} INFO - Started process (PID=48996) to work on /home/dev/curso/ambientevirtual/lib/python3.9/site-packages/airflow/example_dags/example_branch_labels.py
[2024-12-14 15:55:24,197] {processor.py:641} INFO - Processing file /home/dev/curso/ambientevirtual/lib/python3.9/site-packages/airflow/example_dags/example_branch_labels.py for tasks to queue
[2024-12-14 15:55:24,198] {logging_mixin.py:115} INFO - [2024-12-14 15:55:24,198] {dagbag.py:507} INFO - Filling up the DagBag from /home/dev/curso/ambientevirtual/lib/python3.9/site-packages/airflow/example_dags/example_branch_labels.py
[2024-12-14 15:55:24,209] {processor.py:651} INFO - DAG(s) dict_keys(['example_branch_labels']) retrieved from /home/dev/curso/ambientevirtual/lib/python3.9/site-packages/airflow/example_dags/example_branch_labels.py
[2024-12-14 15:55:24,229] {logging_mixin.py:115} INFO - [2024-12-14 15:55:24,228] {dag.py:2379} INFO - Sync 1 DAGs
[2024-12-14 15:55:24,250] {logging_mixin.py:115} INFO - [2024-12-14 15:55:24,249] {dag.py:2927} INFO - Setting next_dagrun for example_branch_labels to 2024-12-13T00:00:00+00:00, run_after=2024-12-14T00:00:00+00:00
[2024-12-14 15:55:24,265] {processor.py:161} INFO - Processing /home/dev/curso/ambientevirtual/lib/python3.9/site-packages/airflow/example_dags/example_branch_labels.py took 0.075 seconds
[2024-12-14 15:56:00,535] {processor.py:153} INFO - Started process (PID=49126) to work on /home/dev/curso/ambientevirtual/lib/python3.9/site-packages/airflow/example_dags/example_branch_labels.py
[2024-12-14 15:56:00,537] {processor.py:641} INFO - Processing file /home/dev/curso/ambientevirtual/lib/python3.9/site-packages/airflow/example_dags/example_branch_labels.py for tasks to queue
[2024-12-14 15:56:00,538] {logging_mixin.py:115} INFO - [2024-12-14 15:56:00,537] {dagbag.py:507} INFO - Filling up the DagBag from /home/dev/curso/ambientevirtual/lib/python3.9/site-packages/airflow/example_dags/example_branch_labels.py
[2024-12-14 15:56:00,549] {processor.py:651} INFO - DAG(s) dict_keys(['example_branch_labels']) retrieved from /home/dev/curso/ambientevirtual/lib/python3.9/site-packages/airflow/example_dags/example_branch_labels.py
[2024-12-14 15:56:00,572] {logging_mixin.py:115} INFO - [2024-12-14 15:56:00,572] {dag.py:2379} INFO - Sync 1 DAGs
[2024-12-14 15:56:00,593] {logging_mixin.py:115} INFO - [2024-12-14 15:56:00,593] {dag.py:2927} INFO - Setting next_dagrun for example_branch_labels to 2024-12-13T00:00:00+00:00, run_after=2024-12-14T00:00:00+00:00
[2024-12-14 15:56:00,616] {processor.py:161} INFO - Processing /home/dev/curso/ambientevirtual/lib/python3.9/site-packages/airflow/example_dags/example_branch_labels.py took 0.087 seconds
[2024-12-14 15:56:35,003] {processor.py:153} INFO - Started process (PID=49254) to work on /home/dev/curso/ambientevirtual/lib/python3.9/site-packages/airflow/example_dags/example_branch_labels.py
[2024-12-14 15:56:35,004] {processor.py:641} INFO - Processing file /home/dev/curso/ambientevirtual/lib/python3.9/site-packages/airflow/example_dags/example_branch_labels.py for tasks to queue
[2024-12-14 15:56:35,005] {logging_mixin.py:115} INFO - [2024-12-14 15:56:35,005] {dagbag.py:507} INFO - Filling up the DagBag from /home/dev/curso/ambientevirtual/lib/python3.9/site-packages/airflow/example_dags/example_branch_labels.py
[2024-12-14 15:56:35,012] {processor.py:651} INFO - DAG(s) dict_keys(['example_branch_labels']) retrieved from /home/dev/curso/ambientevirtual/lib/python3.9/site-packages/airflow/example_dags/example_branch_labels.py
[2024-12-14 15:56:35,040] {logging_mixin.py:115} INFO - [2024-12-14 15:56:35,040] {dag.py:2379} INFO - Sync 1 DAGs
[2024-12-14 15:56:35,072] {logging_mixin.py:115} INFO - [2024-12-14 15:56:35,072] {dag.py:2927} INFO - Setting next_dagrun for example_branch_labels to 2024-12-13T00:00:00+00:00, run_after=2024-12-14T00:00:00+00:00
[2024-12-14 15:56:35,093] {processor.py:161} INFO - Processing /home/dev/curso/ambientevirtual/lib/python3.9/site-packages/airflow/example_dags/example_branch_labels.py took 0.094 seconds
[2024-12-14 15:57:10,708] {processor.py:153} INFO - Started process (PID=49441) to work on /home/dev/curso/ambientevirtual/lib/python3.9/site-packages/airflow/example_dags/example_branch_labels.py
[2024-12-14 15:57:10,709] {processor.py:641} INFO - Processing file /home/dev/curso/ambientevirtual/lib/python3.9/site-packages/airflow/example_dags/example_branch_labels.py for tasks to queue
[2024-12-14 15:57:10,709] {logging_mixin.py:115} INFO - [2024-12-14 15:57:10,709] {dagbag.py:507} INFO - Filling up the DagBag from /home/dev/curso/ambientevirtual/lib/python3.9/site-packages/airflow/example_dags/example_branch_labels.py
[2024-12-14 15:57:10,717] {processor.py:651} INFO - DAG(s) dict_keys(['example_branch_labels']) retrieved from /home/dev/curso/ambientevirtual/lib/python3.9/site-packages/airflow/example_dags/example_branch_labels.py
[2024-12-14 15:57:10,742] {logging_mixin.py:115} INFO - [2024-12-14 15:57:10,742] {dag.py:2379} INFO - Sync 1 DAGs
[2024-12-14 15:57:10,768] {logging_mixin.py:115} INFO - [2024-12-14 15:57:10,768] {dag.py:2927} INFO - Setting next_dagrun for example_branch_labels to 2024-12-13T00:00:00+00:00, run_after=2024-12-14T00:00:00+00:00
[2024-12-14 15:57:10,786] {processor.py:161} INFO - Processing /home/dev/curso/ambientevirtual/lib/python3.9/site-packages/airflow/example_dags/example_branch_labels.py took 0.083 seconds
[2024-12-14 15:57:42,131] {processor.py:153} INFO - Started process (PID=49553) to work on /home/dev/curso/ambientevirtual/lib/python3.9/site-packages/airflow/example_dags/example_branch_labels.py
[2024-12-14 15:57:42,132] {processor.py:641} INFO - Processing file /home/dev/curso/ambientevirtual/lib/python3.9/site-packages/airflow/example_dags/example_branch_labels.py for tasks to queue
[2024-12-14 15:57:42,133] {logging_mixin.py:115} INFO - [2024-12-14 15:57:42,132] {dagbag.py:507} INFO - Filling up the DagBag from /home/dev/curso/ambientevirtual/lib/python3.9/site-packages/airflow/example_dags/example_branch_labels.py
[2024-12-14 15:57:42,144] {processor.py:651} INFO - DAG(s) dict_keys(['example_branch_labels']) retrieved from /home/dev/curso/ambientevirtual/lib/python3.9/site-packages/airflow/example_dags/example_branch_labels.py
[2024-12-14 15:57:42,170] {logging_mixin.py:115} INFO - [2024-12-14 15:57:42,170] {dag.py:2379} INFO - Sync 1 DAGs
[2024-12-14 15:57:42,196] {logging_mixin.py:115} INFO - [2024-12-14 15:57:42,196] {dag.py:2927} INFO - Setting next_dagrun for example_branch_labels to 2024-12-13T00:00:00+00:00, run_after=2024-12-14T00:00:00+00:00
[2024-12-14 15:57:42,213] {processor.py:161} INFO - Processing /home/dev/curso/ambientevirtual/lib/python3.9/site-packages/airflow/example_dags/example_branch_labels.py took 0.090 seconds
[2024-12-14 15:58:15,574] {processor.py:153} INFO - Started process (PID=49675) to work on /home/dev/curso/ambientevirtual/lib/python3.9/site-packages/airflow/example_dags/example_branch_labels.py
[2024-12-14 15:58:15,575] {processor.py:641} INFO - Processing file /home/dev/curso/ambientevirtual/lib/python3.9/site-packages/airflow/example_dags/example_branch_labels.py for tasks to queue
[2024-12-14 15:58:15,576] {logging_mixin.py:115} INFO - [2024-12-14 15:58:15,575] {dagbag.py:507} INFO - Filling up the DagBag from /home/dev/curso/ambientevirtual/lib/python3.9/site-packages/airflow/example_dags/example_branch_labels.py
[2024-12-14 15:58:15,583] {processor.py:651} INFO - DAG(s) dict_keys(['example_branch_labels']) retrieved from /home/dev/curso/ambientevirtual/lib/python3.9/site-packages/airflow/example_dags/example_branch_labels.py
[2024-12-14 15:58:15,608] {logging_mixin.py:115} INFO - [2024-12-14 15:58:15,608] {dag.py:2379} INFO - Sync 1 DAGs
[2024-12-14 15:58:15,636] {logging_mixin.py:115} INFO - [2024-12-14 15:58:15,636] {dag.py:2927} INFO - Setting next_dagrun for example_branch_labels to 2024-12-13T00:00:00+00:00, run_after=2024-12-14T00:00:00+00:00
[2024-12-14 15:58:15,652] {processor.py:161} INFO - Processing /home/dev/curso/ambientevirtual/lib/python3.9/site-packages/airflow/example_dags/example_branch_labels.py took 0.084 seconds
[2024-12-14 15:58:49,550] {processor.py:153} INFO - Started process (PID=49803) to work on /home/dev/curso/ambientevirtual/lib/python3.9/site-packages/airflow/example_dags/example_branch_labels.py
[2024-12-14 15:58:49,550] {processor.py:641} INFO - Processing file /home/dev/curso/ambientevirtual/lib/python3.9/site-packages/airflow/example_dags/example_branch_labels.py for tasks to queue
[2024-12-14 15:58:49,551] {logging_mixin.py:115} INFO - [2024-12-14 15:58:49,551] {dagbag.py:507} INFO - Filling up the DagBag from /home/dev/curso/ambientevirtual/lib/python3.9/site-packages/airflow/example_dags/example_branch_labels.py
[2024-12-14 15:58:49,558] {processor.py:651} INFO - DAG(s) dict_keys(['example_branch_labels']) retrieved from /home/dev/curso/ambientevirtual/lib/python3.9/site-packages/airflow/example_dags/example_branch_labels.py
[2024-12-14 15:58:49,579] {logging_mixin.py:115} INFO - [2024-12-14 15:58:49,579] {dag.py:2379} INFO - Sync 1 DAGs
[2024-12-14 15:58:49,600] {logging_mixin.py:115} INFO - [2024-12-14 15:58:49,600] {dag.py:2927} INFO - Setting next_dagrun for example_branch_labels to 2024-12-13T00:00:00+00:00, run_after=2024-12-14T00:00:00+00:00
[2024-12-14 15:58:49,617] {processor.py:161} INFO - Processing /home/dev/curso/ambientevirtual/lib/python3.9/site-packages/airflow/example_dags/example_branch_labels.py took 0.071 seconds
[2024-12-14 15:59:24,951] {processor.py:153} INFO - Started process (PID=49932) to work on /home/dev/curso/ambientevirtual/lib/python3.9/site-packages/airflow/example_dags/example_branch_labels.py
[2024-12-14 15:59:24,953] {processor.py:641} INFO - Processing file /home/dev/curso/ambientevirtual/lib/python3.9/site-packages/airflow/example_dags/example_branch_labels.py for tasks to queue
[2024-12-14 15:59:24,954] {logging_mixin.py:115} INFO - [2024-12-14 15:59:24,954] {dagbag.py:507} INFO - Filling up the DagBag from /home/dev/curso/ambientevirtual/lib/python3.9/site-packages/airflow/example_dags/example_branch_labels.py
[2024-12-14 15:59:24,965] {processor.py:651} INFO - DAG(s) dict_keys(['example_branch_labels']) retrieved from /home/dev/curso/ambientevirtual/lib/python3.9/site-packages/airflow/example_dags/example_branch_labels.py
[2024-12-14 15:59:24,988] {logging_mixin.py:115} INFO - [2024-12-14 15:59:24,988] {dag.py:2379} INFO - Sync 1 DAGs
[2024-12-14 15:59:25,009] {logging_mixin.py:115} INFO - [2024-12-14 15:59:25,009] {dag.py:2927} INFO - Setting next_dagrun for example_branch_labels to 2024-12-13T00:00:00+00:00, run_after=2024-12-14T00:00:00+00:00
[2024-12-14 15:59:25,026] {processor.py:161} INFO - Processing /home/dev/curso/ambientevirtual/lib/python3.9/site-packages/airflow/example_dags/example_branch_labels.py took 0.081 seconds
[2024-12-14 16:00:00,013] {processor.py:153} INFO - Started process (PID=50061) to work on /home/dev/curso/ambientevirtual/lib/python3.9/site-packages/airflow/example_dags/example_branch_labels.py
[2024-12-14 16:00:00,014] {processor.py:641} INFO - Processing file /home/dev/curso/ambientevirtual/lib/python3.9/site-packages/airflow/example_dags/example_branch_labels.py for tasks to queue
[2024-12-14 16:00:00,015] {logging_mixin.py:115} INFO - [2024-12-14 16:00:00,015] {dagbag.py:507} INFO - Filling up the DagBag from /home/dev/curso/ambientevirtual/lib/python3.9/site-packages/airflow/example_dags/example_branch_labels.py
[2024-12-14 16:00:00,022] {processor.py:651} INFO - DAG(s) dict_keys(['example_branch_labels']) retrieved from /home/dev/curso/ambientevirtual/lib/python3.9/site-packages/airflow/example_dags/example_branch_labels.py
[2024-12-14 16:00:00,043] {logging_mixin.py:115} INFO - [2024-12-14 16:00:00,043] {dag.py:2379} INFO - Sync 1 DAGs
[2024-12-14 16:00:00,065] {logging_mixin.py:115} INFO - [2024-12-14 16:00:00,064] {dag.py:2927} INFO - Setting next_dagrun for example_branch_labels to 2024-12-13T00:00:00+00:00, run_after=2024-12-14T00:00:00+00:00
[2024-12-14 16:00:00,080] {processor.py:161} INFO - Processing /home/dev/curso/ambientevirtual/lib/python3.9/site-packages/airflow/example_dags/example_branch_labels.py took 0.071 seconds
[2024-12-14 16:00:33,482] {processor.py:153} INFO - Started process (PID=50182) to work on /home/dev/curso/ambientevirtual/lib/python3.9/site-packages/airflow/example_dags/example_branch_labels.py
[2024-12-14 16:00:33,484] {processor.py:641} INFO - Processing file /home/dev/curso/ambientevirtual/lib/python3.9/site-packages/airflow/example_dags/example_branch_labels.py for tasks to queue
[2024-12-14 16:00:33,485] {logging_mixin.py:115} INFO - [2024-12-14 16:00:33,485] {dagbag.py:507} INFO - Filling up the DagBag from /home/dev/curso/ambientevirtual/lib/python3.9/site-packages/airflow/example_dags/example_branch_labels.py
[2024-12-14 16:00:33,494] {processor.py:651} INFO - DAG(s) dict_keys(['example_branch_labels']) retrieved from /home/dev/curso/ambientevirtual/lib/python3.9/site-packages/airflow/example_dags/example_branch_labels.py
[2024-12-14 16:00:33,518] {logging_mixin.py:115} INFO - [2024-12-14 16:00:33,518] {dag.py:2379} INFO - Sync 1 DAGs
[2024-12-14 16:00:33,547] {logging_mixin.py:115} INFO - [2024-12-14 16:00:33,547] {dag.py:2927} INFO - Setting next_dagrun for example_branch_labels to 2024-12-13T00:00:00+00:00, run_after=2024-12-14T00:00:00+00:00
[2024-12-14 16:00:33,567] {processor.py:161} INFO - Processing /home/dev/curso/ambientevirtual/lib/python3.9/site-packages/airflow/example_dags/example_branch_labels.py took 0.091 seconds
[2024-12-14 16:01:08,921] {processor.py:153} INFO - Started process (PID=50485) to work on /home/dev/curso/ambientevirtual/lib/python3.9/site-packages/airflow/example_dags/example_branch_labels.py
[2024-12-14 16:01:08,923] {processor.py:641} INFO - Processing file /home/dev/curso/ambientevirtual/lib/python3.9/site-packages/airflow/example_dags/example_branch_labels.py for tasks to queue
[2024-12-14 16:01:08,924] {logging_mixin.py:115} INFO - [2024-12-14 16:01:08,923] {dagbag.py:507} INFO - Filling up the DagBag from /home/dev/curso/ambientevirtual/lib/python3.9/site-packages/airflow/example_dags/example_branch_labels.py
[2024-12-14 16:01:08,931] {processor.py:651} INFO - DAG(s) dict_keys(['example_branch_labels']) retrieved from /home/dev/curso/ambientevirtual/lib/python3.9/site-packages/airflow/example_dags/example_branch_labels.py
[2024-12-14 16:01:08,953] {logging_mixin.py:115} INFO - [2024-12-14 16:01:08,953] {dag.py:2379} INFO - Sync 1 DAGs
[2024-12-14 16:01:08,976] {logging_mixin.py:115} INFO - [2024-12-14 16:01:08,976] {dag.py:2927} INFO - Setting next_dagrun for example_branch_labels to 2024-12-13T00:00:00+00:00, run_after=2024-12-14T00:00:00+00:00
[2024-12-14 16:01:08,993] {processor.py:161} INFO - Processing /home/dev/curso/ambientevirtual/lib/python3.9/site-packages/airflow/example_dags/example_branch_labels.py took 0.079 seconds
[2024-12-14 16:01:40,758] {processor.py:153} INFO - Started process (PID=50598) to work on /home/dev/curso/ambientevirtual/lib/python3.9/site-packages/airflow/example_dags/example_branch_labels.py
[2024-12-14 16:01:40,758] {processor.py:641} INFO - Processing file /home/dev/curso/ambientevirtual/lib/python3.9/site-packages/airflow/example_dags/example_branch_labels.py for tasks to queue
[2024-12-14 16:01:40,759] {logging_mixin.py:115} INFO - [2024-12-14 16:01:40,759] {dagbag.py:507} INFO - Filling up the DagBag from /home/dev/curso/ambientevirtual/lib/python3.9/site-packages/airflow/example_dags/example_branch_labels.py
[2024-12-14 16:01:40,766] {processor.py:651} INFO - DAG(s) dict_keys(['example_branch_labels']) retrieved from /home/dev/curso/ambientevirtual/lib/python3.9/site-packages/airflow/example_dags/example_branch_labels.py
[2024-12-14 16:01:40,787] {logging_mixin.py:115} INFO - [2024-12-14 16:01:40,787] {dag.py:2379} INFO - Sync 1 DAGs
[2024-12-14 16:01:40,809] {logging_mixin.py:115} INFO - [2024-12-14 16:01:40,809] {dag.py:2927} INFO - Setting next_dagrun for example_branch_labels to 2024-12-13T00:00:00+00:00, run_after=2024-12-14T00:00:00+00:00
[2024-12-14 16:01:40,827] {processor.py:161} INFO - Processing /home/dev/curso/ambientevirtual/lib/python3.9/site-packages/airflow/example_dags/example_branch_labels.py took 0.074 seconds
[2024-12-14 16:02:11,484] {processor.py:153} INFO - Started process (PID=50770) to work on /home/dev/curso/ambientevirtual/lib/python3.9/site-packages/airflow/example_dags/example_branch_labels.py
[2024-12-14 16:02:11,487] {processor.py:641} INFO - Processing file /home/dev/curso/ambientevirtual/lib/python3.9/site-packages/airflow/example_dags/example_branch_labels.py for tasks to queue
[2024-12-14 16:02:11,488] {logging_mixin.py:115} INFO - [2024-12-14 16:02:11,488] {dagbag.py:507} INFO - Filling up the DagBag from /home/dev/curso/ambientevirtual/lib/python3.9/site-packages/airflow/example_dags/example_branch_labels.py
[2024-12-14 16:02:11,510] {processor.py:651} INFO - DAG(s) dict_keys(['example_branch_labels']) retrieved from /home/dev/curso/ambientevirtual/lib/python3.9/site-packages/airflow/example_dags/example_branch_labels.py
[2024-12-14 16:02:11,543] {logging_mixin.py:115} INFO - [2024-12-14 16:02:11,543] {dag.py:2379} INFO - Sync 1 DAGs
[2024-12-14 16:02:11,582] {logging_mixin.py:115} INFO - [2024-12-14 16:02:11,582] {dag.py:2927} INFO - Setting next_dagrun for example_branch_labels to 2024-12-13T00:00:00+00:00, run_after=2024-12-14T00:00:00+00:00
[2024-12-14 16:02:11,605] {processor.py:161} INFO - Processing /home/dev/curso/ambientevirtual/lib/python3.9/site-packages/airflow/example_dags/example_branch_labels.py took 0.129 seconds
[2024-12-14 16:02:44,524] {processor.py:153} INFO - Started process (PID=50890) to work on /home/dev/curso/ambientevirtual/lib/python3.9/site-packages/airflow/example_dags/example_branch_labels.py
[2024-12-14 16:02:44,524] {processor.py:641} INFO - Processing file /home/dev/curso/ambientevirtual/lib/python3.9/site-packages/airflow/example_dags/example_branch_labels.py for tasks to queue
[2024-12-14 16:02:44,525] {logging_mixin.py:115} INFO - [2024-12-14 16:02:44,525] {dagbag.py:507} INFO - Filling up the DagBag from /home/dev/curso/ambientevirtual/lib/python3.9/site-packages/airflow/example_dags/example_branch_labels.py
[2024-12-14 16:02:44,532] {processor.py:651} INFO - DAG(s) dict_keys(['example_branch_labels']) retrieved from /home/dev/curso/ambientevirtual/lib/python3.9/site-packages/airflow/example_dags/example_branch_labels.py
[2024-12-14 16:02:44,553] {logging_mixin.py:115} INFO - [2024-12-14 16:02:44,553] {dag.py:2379} INFO - Sync 1 DAGs
[2024-12-14 16:02:44,576] {logging_mixin.py:115} INFO - [2024-12-14 16:02:44,576] {dag.py:2927} INFO - Setting next_dagrun for example_branch_labels to 2024-12-13T00:00:00+00:00, run_after=2024-12-14T00:00:00+00:00
[2024-12-14 16:02:44,592] {processor.py:161} INFO - Processing /home/dev/curso/ambientevirtual/lib/python3.9/site-packages/airflow/example_dags/example_branch_labels.py took 0.072 seconds
[2024-12-14 16:03:19,056] {processor.py:153} INFO - Started process (PID=51015) to work on /home/dev/curso/ambientevirtual/lib/python3.9/site-packages/airflow/example_dags/example_branch_labels.py
[2024-12-14 16:03:19,058] {processor.py:641} INFO - Processing file /home/dev/curso/ambientevirtual/lib/python3.9/site-packages/airflow/example_dags/example_branch_labels.py for tasks to queue
[2024-12-14 16:03:19,058] {logging_mixin.py:115} INFO - [2024-12-14 16:03:19,058] {dagbag.py:507} INFO - Filling up the DagBag from /home/dev/curso/ambientevirtual/lib/python3.9/site-packages/airflow/example_dags/example_branch_labels.py
[2024-12-14 16:03:19,067] {processor.py:651} INFO - DAG(s) dict_keys(['example_branch_labels']) retrieved from /home/dev/curso/ambientevirtual/lib/python3.9/site-packages/airflow/example_dags/example_branch_labels.py
[2024-12-14 16:03:19,089] {logging_mixin.py:115} INFO - [2024-12-14 16:03:19,088] {dag.py:2379} INFO - Sync 1 DAGs
[2024-12-14 16:03:19,111] {logging_mixin.py:115} INFO - [2024-12-14 16:03:19,111] {dag.py:2927} INFO - Setting next_dagrun for example_branch_labels to 2024-12-13T00:00:00+00:00, run_after=2024-12-14T00:00:00+00:00
[2024-12-14 16:03:19,128] {processor.py:161} INFO - Processing /home/dev/curso/ambientevirtual/lib/python3.9/site-packages/airflow/example_dags/example_branch_labels.py took 0.076 seconds
[2024-12-14 16:03:54,717] {processor.py:153} INFO - Started process (PID=51144) to work on /home/dev/curso/ambientevirtual/lib/python3.9/site-packages/airflow/example_dags/example_branch_labels.py
[2024-12-14 16:03:54,718] {processor.py:641} INFO - Processing file /home/dev/curso/ambientevirtual/lib/python3.9/site-packages/airflow/example_dags/example_branch_labels.py for tasks to queue
[2024-12-14 16:03:54,719] {logging_mixin.py:115} INFO - [2024-12-14 16:03:54,719] {dagbag.py:507} INFO - Filling up the DagBag from /home/dev/curso/ambientevirtual/lib/python3.9/site-packages/airflow/example_dags/example_branch_labels.py
[2024-12-14 16:03:54,729] {processor.py:651} INFO - DAG(s) dict_keys(['example_branch_labels']) retrieved from /home/dev/curso/ambientevirtual/lib/python3.9/site-packages/airflow/example_dags/example_branch_labels.py
[2024-12-14 16:03:54,752] {logging_mixin.py:115} INFO - [2024-12-14 16:03:54,752] {dag.py:2379} INFO - Sync 1 DAGs
[2024-12-14 16:03:54,775] {logging_mixin.py:115} INFO - [2024-12-14 16:03:54,775] {dag.py:2927} INFO - Setting next_dagrun for example_branch_labels to 2024-12-13T00:00:00+00:00, run_after=2024-12-14T00:00:00+00:00
[2024-12-14 16:03:54,792] {processor.py:161} INFO - Processing /home/dev/curso/ambientevirtual/lib/python3.9/site-packages/airflow/example_dags/example_branch_labels.py took 0.083 seconds
[2024-12-14 16:04:29,386] {processor.py:153} INFO - Started process (PID=51273) to work on /home/dev/curso/ambientevirtual/lib/python3.9/site-packages/airflow/example_dags/example_branch_labels.py
[2024-12-14 16:04:29,388] {processor.py:641} INFO - Processing file /home/dev/curso/ambientevirtual/lib/python3.9/site-packages/airflow/example_dags/example_branch_labels.py for tasks to queue
[2024-12-14 16:04:29,389] {logging_mixin.py:115} INFO - [2024-12-14 16:04:29,389] {dagbag.py:507} INFO - Filling up the DagBag from /home/dev/curso/ambientevirtual/lib/python3.9/site-packages/airflow/example_dags/example_branch_labels.py
[2024-12-14 16:04:29,402] {processor.py:651} INFO - DAG(s) dict_keys(['example_branch_labels']) retrieved from /home/dev/curso/ambientevirtual/lib/python3.9/site-packages/airflow/example_dags/example_branch_labels.py
[2024-12-14 16:04:29,426] {logging_mixin.py:115} INFO - [2024-12-14 16:04:29,426] {dag.py:2379} INFO - Sync 1 DAGs
[2024-12-14 16:04:29,448] {logging_mixin.py:115} INFO - [2024-12-14 16:04:29,448] {dag.py:2927} INFO - Setting next_dagrun for example_branch_labels to 2024-12-13T00:00:00+00:00, run_after=2024-12-14T00:00:00+00:00
[2024-12-14 16:04:29,465] {processor.py:161} INFO - Processing /home/dev/curso/ambientevirtual/lib/python3.9/site-packages/airflow/example_dags/example_branch_labels.py took 0.086 seconds
[2024-12-14 16:05:00,896] {processor.py:153} INFO - Started process (PID=51386) to work on /home/dev/curso/ambientevirtual/lib/python3.9/site-packages/airflow/example_dags/example_branch_labels.py
[2024-12-14 16:05:00,897] {processor.py:641} INFO - Processing file /home/dev/curso/ambientevirtual/lib/python3.9/site-packages/airflow/example_dags/example_branch_labels.py for tasks to queue
[2024-12-14 16:05:00,899] {logging_mixin.py:115} INFO - [2024-12-14 16:05:00,898] {dagbag.py:507} INFO - Filling up the DagBag from /home/dev/curso/ambientevirtual/lib/python3.9/site-packages/airflow/example_dags/example_branch_labels.py
[2024-12-14 16:05:00,908] {processor.py:651} INFO - DAG(s) dict_keys(['example_branch_labels']) retrieved from /home/dev/curso/ambientevirtual/lib/python3.9/site-packages/airflow/example_dags/example_branch_labels.py
[2024-12-14 16:05:00,929] {logging_mixin.py:115} INFO - [2024-12-14 16:05:00,929] {dag.py:2379} INFO - Sync 1 DAGs
[2024-12-14 16:05:00,952] {logging_mixin.py:115} INFO - [2024-12-14 16:05:00,951] {dag.py:2927} INFO - Setting next_dagrun for example_branch_labels to 2024-12-13T00:00:00+00:00, run_after=2024-12-14T00:00:00+00:00
[2024-12-14 16:05:00,968] {processor.py:161} INFO - Processing /home/dev/curso/ambientevirtual/lib/python3.9/site-packages/airflow/example_dags/example_branch_labels.py took 0.079 seconds
[2024-12-14 16:05:35,980] {processor.py:153} INFO - Started process (PID=51516) to work on /home/dev/curso/ambientevirtual/lib/python3.9/site-packages/airflow/example_dags/example_branch_labels.py
[2024-12-14 16:05:35,982] {processor.py:641} INFO - Processing file /home/dev/curso/ambientevirtual/lib/python3.9/site-packages/airflow/example_dags/example_branch_labels.py for tasks to queue
[2024-12-14 16:05:35,983] {logging_mixin.py:115} INFO - [2024-12-14 16:05:35,983] {dagbag.py:507} INFO - Filling up the DagBag from /home/dev/curso/ambientevirtual/lib/python3.9/site-packages/airflow/example_dags/example_branch_labels.py
[2024-12-14 16:05:35,992] {processor.py:651} INFO - DAG(s) dict_keys(['example_branch_labels']) retrieved from /home/dev/curso/ambientevirtual/lib/python3.9/site-packages/airflow/example_dags/example_branch_labels.py
[2024-12-14 16:05:36,016] {logging_mixin.py:115} INFO - [2024-12-14 16:05:36,016] {dag.py:2379} INFO - Sync 1 DAGs
[2024-12-14 16:05:36,039] {logging_mixin.py:115} INFO - [2024-12-14 16:05:36,039] {dag.py:2927} INFO - Setting next_dagrun for example_branch_labels to 2024-12-13T00:00:00+00:00, run_after=2024-12-14T00:00:00+00:00
[2024-12-14 16:05:36,057] {processor.py:161} INFO - Processing /home/dev/curso/ambientevirtual/lib/python3.9/site-packages/airflow/example_dags/example_branch_labels.py took 0.084 seconds
[2024-12-14 16:06:09,041] {processor.py:153} INFO - Started process (PID=51637) to work on /home/dev/curso/ambientevirtual/lib/python3.9/site-packages/airflow/example_dags/example_branch_labels.py
[2024-12-14 16:06:09,041] {processor.py:641} INFO - Processing file /home/dev/curso/ambientevirtual/lib/python3.9/site-packages/airflow/example_dags/example_branch_labels.py for tasks to queue
[2024-12-14 16:06:09,042] {logging_mixin.py:115} INFO - [2024-12-14 16:06:09,042] {dagbag.py:507} INFO - Filling up the DagBag from /home/dev/curso/ambientevirtual/lib/python3.9/site-packages/airflow/example_dags/example_branch_labels.py
[2024-12-14 16:06:09,051] {processor.py:651} INFO - DAG(s) dict_keys(['example_branch_labels']) retrieved from /home/dev/curso/ambientevirtual/lib/python3.9/site-packages/airflow/example_dags/example_branch_labels.py
[2024-12-14 16:06:09,081] {logging_mixin.py:115} INFO - [2024-12-14 16:06:09,081] {dag.py:2379} INFO - Sync 1 DAGs
[2024-12-14 16:06:09,113] {logging_mixin.py:115} INFO - [2024-12-14 16:06:09,113] {dag.py:2927} INFO - Setting next_dagrun for example_branch_labels to 2024-12-13T00:00:00+00:00, run_after=2024-12-14T00:00:00+00:00
[2024-12-14 16:06:09,133] {processor.py:161} INFO - Processing /home/dev/curso/ambientevirtual/lib/python3.9/site-packages/airflow/example_dags/example_branch_labels.py took 0.100 seconds
[2024-12-14 16:06:40,342] {processor.py:153} INFO - Started process (PID=51809) to work on /home/dev/curso/ambientevirtual/lib/python3.9/site-packages/airflow/example_dags/example_branch_labels.py
[2024-12-14 16:06:40,344] {processor.py:641} INFO - Processing file /home/dev/curso/ambientevirtual/lib/python3.9/site-packages/airflow/example_dags/example_branch_labels.py for tasks to queue
[2024-12-14 16:06:40,344] {logging_mixin.py:115} INFO - [2024-12-14 16:06:40,344] {dagbag.py:507} INFO - Filling up the DagBag from /home/dev/curso/ambientevirtual/lib/python3.9/site-packages/airflow/example_dags/example_branch_labels.py
[2024-12-14 16:06:40,354] {processor.py:651} INFO - DAG(s) dict_keys(['example_branch_labels']) retrieved from /home/dev/curso/ambientevirtual/lib/python3.9/site-packages/airflow/example_dags/example_branch_labels.py
[2024-12-14 16:06:40,393] {logging_mixin.py:115} INFO - [2024-12-14 16:06:40,393] {dag.py:2379} INFO - Sync 1 DAGs
[2024-12-14 16:06:40,432] {logging_mixin.py:115} INFO - [2024-12-14 16:06:40,432] {dag.py:2927} INFO - Setting next_dagrun for example_branch_labels to 2024-12-13T00:00:00+00:00, run_after=2024-12-14T00:00:00+00:00
[2024-12-14 16:06:40,453] {processor.py:161} INFO - Processing /home/dev/curso/ambientevirtual/lib/python3.9/site-packages/airflow/example_dags/example_branch_labels.py took 0.114 seconds
[2024-12-14 16:07:11,930] {processor.py:153} INFO - Started process (PID=51922) to work on /home/dev/curso/ambientevirtual/lib/python3.9/site-packages/airflow/example_dags/example_branch_labels.py
[2024-12-14 16:07:11,931] {processor.py:641} INFO - Processing file /home/dev/curso/ambientevirtual/lib/python3.9/site-packages/airflow/example_dags/example_branch_labels.py for tasks to queue
[2024-12-14 16:07:11,933] {logging_mixin.py:115} INFO - [2024-12-14 16:07:11,932] {dagbag.py:507} INFO - Filling up the DagBag from /home/dev/curso/ambientevirtual/lib/python3.9/site-packages/airflow/example_dags/example_branch_labels.py
[2024-12-14 16:07:11,940] {processor.py:651} INFO - DAG(s) dict_keys(['example_branch_labels']) retrieved from /home/dev/curso/ambientevirtual/lib/python3.9/site-packages/airflow/example_dags/example_branch_labels.py
[2024-12-14 16:07:11,968] {logging_mixin.py:115} INFO - [2024-12-14 16:07:11,968] {dag.py:2379} INFO - Sync 1 DAGs
[2024-12-14 16:07:11,997] {logging_mixin.py:115} INFO - [2024-12-14 16:07:11,997] {dag.py:2927} INFO - Setting next_dagrun for example_branch_labels to 2024-12-13T00:00:00+00:00, run_after=2024-12-14T00:00:00+00:00
[2024-12-14 16:07:12,023] {processor.py:161} INFO - Processing /home/dev/curso/ambientevirtual/lib/python3.9/site-packages/airflow/example_dags/example_branch_labels.py took 0.101 seconds
[2024-12-14 16:07:43,765] {processor.py:153} INFO - Started process (PID=52094) to work on /home/dev/curso/ambientevirtual/lib/python3.9/site-packages/airflow/example_dags/example_branch_labels.py
[2024-12-14 16:07:43,766] {processor.py:641} INFO - Processing file /home/dev/curso/ambientevirtual/lib/python3.9/site-packages/airflow/example_dags/example_branch_labels.py for tasks to queue
[2024-12-14 16:07:43,766] {logging_mixin.py:115} INFO - [2024-12-14 16:07:43,766] {dagbag.py:507} INFO - Filling up the DagBag from /home/dev/curso/ambientevirtual/lib/python3.9/site-packages/airflow/example_dags/example_branch_labels.py
[2024-12-14 16:07:43,776] {processor.py:651} INFO - DAG(s) dict_keys(['example_branch_labels']) retrieved from /home/dev/curso/ambientevirtual/lib/python3.9/site-packages/airflow/example_dags/example_branch_labels.py
[2024-12-14 16:07:43,801] {logging_mixin.py:115} INFO - [2024-12-14 16:07:43,800] {dag.py:2379} INFO - Sync 1 DAGs
[2024-12-14 16:07:43,831] {logging_mixin.py:115} INFO - [2024-12-14 16:07:43,831] {dag.py:2927} INFO - Setting next_dagrun for example_branch_labels to 2024-12-13T00:00:00+00:00, run_after=2024-12-14T00:00:00+00:00
[2024-12-14 16:07:43,853] {processor.py:161} INFO - Processing /home/dev/curso/ambientevirtual/lib/python3.9/site-packages/airflow/example_dags/example_branch_labels.py took 0.092 seconds
[2024-12-14 16:08:17,529] {processor.py:153} INFO - Started process (PID=52220) to work on /home/dev/curso/ambientevirtual/lib/python3.9/site-packages/airflow/example_dags/example_branch_labels.py
[2024-12-14 16:08:17,530] {processor.py:641} INFO - Processing file /home/dev/curso/ambientevirtual/lib/python3.9/site-packages/airflow/example_dags/example_branch_labels.py for tasks to queue
[2024-12-14 16:08:17,531] {logging_mixin.py:115} INFO - [2024-12-14 16:08:17,530] {dagbag.py:507} INFO - Filling up the DagBag from /home/dev/curso/ambientevirtual/lib/python3.9/site-packages/airflow/example_dags/example_branch_labels.py
[2024-12-14 16:08:17,541] {processor.py:651} INFO - DAG(s) dict_keys(['example_branch_labels']) retrieved from /home/dev/curso/ambientevirtual/lib/python3.9/site-packages/airflow/example_dags/example_branch_labels.py
[2024-12-14 16:08:17,572] {logging_mixin.py:115} INFO - [2024-12-14 16:08:17,571] {dag.py:2379} INFO - Sync 1 DAGs
[2024-12-14 16:08:17,613] {logging_mixin.py:115} INFO - [2024-12-14 16:08:17,613] {dag.py:2927} INFO - Setting next_dagrun for example_branch_labels to 2024-12-13T00:00:00+00:00, run_after=2024-12-14T00:00:00+00:00
[2024-12-14 16:08:17,635] {processor.py:161} INFO - Processing /home/dev/curso/ambientevirtual/lib/python3.9/site-packages/airflow/example_dags/example_branch_labels.py took 0.110 seconds
[2024-12-14 16:08:53,941] {processor.py:153} INFO - Started process (PID=52585) to work on /home/dev/curso/ambientevirtual/lib/python3.9/site-packages/airflow/example_dags/example_branch_labels.py
[2024-12-14 16:08:53,942] {processor.py:641} INFO - Processing file /home/dev/curso/ambientevirtual/lib/python3.9/site-packages/airflow/example_dags/example_branch_labels.py for tasks to queue
[2024-12-14 16:08:53,943] {logging_mixin.py:115} INFO - [2024-12-14 16:08:53,942] {dagbag.py:507} INFO - Filling up the DagBag from /home/dev/curso/ambientevirtual/lib/python3.9/site-packages/airflow/example_dags/example_branch_labels.py
[2024-12-14 16:08:53,950] {processor.py:651} INFO - DAG(s) dict_keys(['example_branch_labels']) retrieved from /home/dev/curso/ambientevirtual/lib/python3.9/site-packages/airflow/example_dags/example_branch_labels.py
[2024-12-14 16:08:53,970] {logging_mixin.py:115} INFO - [2024-12-14 16:08:53,970] {dag.py:2379} INFO - Sync 1 DAGs
[2024-12-14 16:08:53,992] {logging_mixin.py:115} INFO - [2024-12-14 16:08:53,992] {dag.py:2927} INFO - Setting next_dagrun for example_branch_labels to 2024-12-13T00:00:00+00:00, run_after=2024-12-14T00:00:00+00:00
[2024-12-14 16:08:54,011] {processor.py:161} INFO - Processing /home/dev/curso/ambientevirtual/lib/python3.9/site-packages/airflow/example_dags/example_branch_labels.py took 0.074 seconds
[2024-12-14 16:09:29,114] {processor.py:153} INFO - Started process (PID=52707) to work on /home/dev/curso/ambientevirtual/lib/python3.9/site-packages/airflow/example_dags/example_branch_labels.py
[2024-12-14 16:09:29,115] {processor.py:641} INFO - Processing file /home/dev/curso/ambientevirtual/lib/python3.9/site-packages/airflow/example_dags/example_branch_labels.py for tasks to queue
[2024-12-14 16:09:29,116] {logging_mixin.py:115} INFO - [2024-12-14 16:09:29,116] {dagbag.py:507} INFO - Filling up the DagBag from /home/dev/curso/ambientevirtual/lib/python3.9/site-packages/airflow/example_dags/example_branch_labels.py
[2024-12-14 16:09:29,124] {processor.py:651} INFO - DAG(s) dict_keys(['example_branch_labels']) retrieved from /home/dev/curso/ambientevirtual/lib/python3.9/site-packages/airflow/example_dags/example_branch_labels.py
[2024-12-14 16:09:29,146] {logging_mixin.py:115} INFO - [2024-12-14 16:09:29,146] {dag.py:2379} INFO - Sync 1 DAGs
[2024-12-14 16:09:29,171] {logging_mixin.py:115} INFO - [2024-12-14 16:09:29,171] {dag.py:2927} INFO - Setting next_dagrun for example_branch_labels to 2024-12-13T00:00:00+00:00, run_after=2024-12-14T00:00:00+00:00
[2024-12-14 16:09:29,189] {processor.py:161} INFO - Processing /home/dev/curso/ambientevirtual/lib/python3.9/site-packages/airflow/example_dags/example_branch_labels.py took 0.079 seconds
[2024-12-14 16:10:00,930] {processor.py:153} INFO - Started process (PID=52828) to work on /home/dev/curso/ambientevirtual/lib/python3.9/site-packages/airflow/example_dags/example_branch_labels.py
[2024-12-14 16:10:00,931] {processor.py:641} INFO - Processing file /home/dev/curso/ambientevirtual/lib/python3.9/site-packages/airflow/example_dags/example_branch_labels.py for tasks to queue
[2024-12-14 16:10:00,932] {logging_mixin.py:115} INFO - [2024-12-14 16:10:00,932] {dagbag.py:507} INFO - Filling up the DagBag from /home/dev/curso/ambientevirtual/lib/python3.9/site-packages/airflow/example_dags/example_branch_labels.py
[2024-12-14 16:10:00,941] {processor.py:651} INFO - DAG(s) dict_keys(['example_branch_labels']) retrieved from /home/dev/curso/ambientevirtual/lib/python3.9/site-packages/airflow/example_dags/example_branch_labels.py
[2024-12-14 16:10:00,962] {logging_mixin.py:115} INFO - [2024-12-14 16:10:00,962] {dag.py:2379} INFO - Sync 1 DAGs
[2024-12-14 16:10:00,986] {logging_mixin.py:115} INFO - [2024-12-14 16:10:00,985] {dag.py:2927} INFO - Setting next_dagrun for example_branch_labels to 2024-12-13T00:00:00+00:00, run_after=2024-12-14T00:00:00+00:00
[2024-12-14 16:10:01,002] {processor.py:161} INFO - Processing /home/dev/curso/ambientevirtual/lib/python3.9/site-packages/airflow/example_dags/example_branch_labels.py took 0.076 seconds
[2024-12-14 16:10:36,165] {processor.py:153} INFO - Started process (PID=52956) to work on /home/dev/curso/ambientevirtual/lib/python3.9/site-packages/airflow/example_dags/example_branch_labels.py
[2024-12-14 16:10:36,166] {processor.py:641} INFO - Processing file /home/dev/curso/ambientevirtual/lib/python3.9/site-packages/airflow/example_dags/example_branch_labels.py for tasks to queue
[2024-12-14 16:10:36,167] {logging_mixin.py:115} INFO - [2024-12-14 16:10:36,167] {dagbag.py:507} INFO - Filling up the DagBag from /home/dev/curso/ambientevirtual/lib/python3.9/site-packages/airflow/example_dags/example_branch_labels.py
[2024-12-14 16:10:36,175] {processor.py:651} INFO - DAG(s) dict_keys(['example_branch_labels']) retrieved from /home/dev/curso/ambientevirtual/lib/python3.9/site-packages/airflow/example_dags/example_branch_labels.py
[2024-12-14 16:10:36,197] {logging_mixin.py:115} INFO - [2024-12-14 16:10:36,197] {dag.py:2379} INFO - Sync 1 DAGs
[2024-12-14 16:10:36,219] {logging_mixin.py:115} INFO - [2024-12-14 16:10:36,219] {dag.py:2927} INFO - Setting next_dagrun for example_branch_labels to 2024-12-13T00:00:00+00:00, run_after=2024-12-14T00:00:00+00:00
[2024-12-14 16:10:36,234] {processor.py:161} INFO - Processing /home/dev/curso/ambientevirtual/lib/python3.9/site-packages/airflow/example_dags/example_branch_labels.py took 0.075 seconds
[2024-12-14 16:11:12,095] {processor.py:153} INFO - Started process (PID=53202) to work on /home/dev/curso/ambientevirtual/lib/python3.9/site-packages/airflow/example_dags/example_branch_labels.py
[2024-12-14 16:11:12,097] {processor.py:641} INFO - Processing file /home/dev/curso/ambientevirtual/lib/python3.9/site-packages/airflow/example_dags/example_branch_labels.py for tasks to queue
[2024-12-14 16:11:12,098] {logging_mixin.py:115} INFO - [2024-12-14 16:11:12,098] {dagbag.py:507} INFO - Filling up the DagBag from /home/dev/curso/ambientevirtual/lib/python3.9/site-packages/airflow/example_dags/example_branch_labels.py
[2024-12-14 16:11:12,110] {processor.py:651} INFO - DAG(s) dict_keys(['example_branch_labels']) retrieved from /home/dev/curso/ambientevirtual/lib/python3.9/site-packages/airflow/example_dags/example_branch_labels.py
[2024-12-14 16:11:12,131] {logging_mixin.py:115} INFO - [2024-12-14 16:11:12,131] {dag.py:2379} INFO - Sync 1 DAGs
[2024-12-14 16:11:12,152] {logging_mixin.py:115} INFO - [2024-12-14 16:11:12,152] {dag.py:2927} INFO - Setting next_dagrun for example_branch_labels to 2024-12-13T00:00:00+00:00, run_after=2024-12-14T00:00:00+00:00
[2024-12-14 16:11:12,170] {processor.py:161} INFO - Processing /home/dev/curso/ambientevirtual/lib/python3.9/site-packages/airflow/example_dags/example_branch_labels.py took 0.082 seconds
