[2024-12-14 15:51:28,976] {processor.py:153} INFO - Started process (PID=47805) to work on /home/dev/curso/ambientevirtual/lib/python3.9/site-packages/airflow/example_dags/example_kubernetes_executor.py
[2024-12-14 15:51:28,976] {processor.py:641} INFO - Processing file /home/dev/curso/ambientevirtual/lib/python3.9/site-packages/airflow/example_dags/example_kubernetes_executor.py for tasks to queue
[2024-12-14 15:51:28,977] {logging_mixin.py:115} INFO - [2024-12-14 15:51:28,977] {dagbag.py:507} INFO - Filling up the DagBag from /home/dev/curso/ambientevirtual/lib/python3.9/site-packages/airflow/example_dags/example_kubernetes_executor.py
[2024-12-14 15:51:29,036] {logging_mixin.py:115} INFO - [2024-12-14 15:51:29,036] {example_kubernetes_executor.py:39} WARNING - The example_kubernetes_executor example DAG requires the kubernetes provider. Please install it with: pip install apache-airflow[cncf.kubernetes]
[2024-12-14 15:51:29,037] {processor.py:653} WARNING - No viable dags retrieved from /home/dev/curso/ambientevirtual/lib/python3.9/site-packages/airflow/example_dags/example_kubernetes_executor.py
[2024-12-14 15:51:29,071] {processor.py:161} INFO - Processing /home/dev/curso/ambientevirtual/lib/python3.9/site-packages/airflow/example_dags/example_kubernetes_executor.py took 0.099 seconds
[2024-12-14 15:52:06,398] {processor.py:153} INFO - Started process (PID=48276) to work on /home/dev/curso/ambientevirtual/lib/python3.9/site-packages/airflow/example_dags/example_kubernetes_executor.py
[2024-12-14 15:52:06,400] {processor.py:641} INFO - Processing file /home/dev/curso/ambientevirtual/lib/python3.9/site-packages/airflow/example_dags/example_kubernetes_executor.py for tasks to queue
[2024-12-14 15:52:06,401] {logging_mixin.py:115} INFO - [2024-12-14 15:52:06,401] {dagbag.py:507} INFO - Filling up the DagBag from /home/dev/curso/ambientevirtual/lib/python3.9/site-packages/airflow/example_dags/example_kubernetes_executor.py
[2024-12-14 15:52:06,426] {logging_mixin.py:115} INFO - [2024-12-14 15:52:06,426] {example_kubernetes_executor.py:39} WARNING - The example_kubernetes_executor example DAG requires the kubernetes provider. Please install it with: pip install apache-airflow[cncf.kubernetes]
[2024-12-14 15:52:06,426] {processor.py:653} WARNING - No viable dags retrieved from /home/dev/curso/ambientevirtual/lib/python3.9/site-packages/airflow/example_dags/example_kubernetes_executor.py
[2024-12-14 15:52:06,440] {processor.py:161} INFO - Processing /home/dev/curso/ambientevirtual/lib/python3.9/site-packages/airflow/example_dags/example_kubernetes_executor.py took 0.050 seconds
[2024-12-14 15:52:45,420] {processor.py:153} INFO - Started process (PID=48412) to work on /home/dev/curso/ambientevirtual/lib/python3.9/site-packages/airflow/example_dags/example_kubernetes_executor.py
[2024-12-14 15:52:45,421] {processor.py:641} INFO - Processing file /home/dev/curso/ambientevirtual/lib/python3.9/site-packages/airflow/example_dags/example_kubernetes_executor.py for tasks to queue
[2024-12-14 15:52:45,421] {logging_mixin.py:115} INFO - [2024-12-14 15:52:45,421] {dagbag.py:507} INFO - Filling up the DagBag from /home/dev/curso/ambientevirtual/lib/python3.9/site-packages/airflow/example_dags/example_kubernetes_executor.py
[2024-12-14 15:52:45,437] {logging_mixin.py:115} INFO - [2024-12-14 15:52:45,437] {example_kubernetes_executor.py:39} WARNING - The example_kubernetes_executor example DAG requires the kubernetes provider. Please install it with: pip install apache-airflow[cncf.kubernetes]
[2024-12-14 15:52:45,438] {processor.py:653} WARNING - No viable dags retrieved from /home/dev/curso/ambientevirtual/lib/python3.9/site-packages/airflow/example_dags/example_kubernetes_executor.py
[2024-12-14 15:52:45,450] {processor.py:161} INFO - Processing /home/dev/curso/ambientevirtual/lib/python3.9/site-packages/airflow/example_dags/example_kubernetes_executor.py took 0.034 seconds
[2024-12-14 15:53:21,365] {processor.py:153} INFO - Started process (PID=48542) to work on /home/dev/curso/ambientevirtual/lib/python3.9/site-packages/airflow/example_dags/example_kubernetes_executor.py
[2024-12-14 15:53:21,367] {processor.py:641} INFO - Processing file /home/dev/curso/ambientevirtual/lib/python3.9/site-packages/airflow/example_dags/example_kubernetes_executor.py for tasks to queue
[2024-12-14 15:53:21,368] {logging_mixin.py:115} INFO - [2024-12-14 15:53:21,368] {dagbag.py:507} INFO - Filling up the DagBag from /home/dev/curso/ambientevirtual/lib/python3.9/site-packages/airflow/example_dags/example_kubernetes_executor.py
[2024-12-14 15:53:21,394] {logging_mixin.py:115} INFO - [2024-12-14 15:53:21,394] {example_kubernetes_executor.py:39} WARNING - The example_kubernetes_executor example DAG requires the kubernetes provider. Please install it with: pip install apache-airflow[cncf.kubernetes]
[2024-12-14 15:53:21,395] {processor.py:653} WARNING - No viable dags retrieved from /home/dev/curso/ambientevirtual/lib/python3.9/site-packages/airflow/example_dags/example_kubernetes_executor.py
[2024-12-14 15:53:21,409] {processor.py:161} INFO - Processing /home/dev/curso/ambientevirtual/lib/python3.9/site-packages/airflow/example_dags/example_kubernetes_executor.py took 0.050 seconds
[2024-12-14 15:53:56,135] {processor.py:153} INFO - Started process (PID=48671) to work on /home/dev/curso/ambientevirtual/lib/python3.9/site-packages/airflow/example_dags/example_kubernetes_executor.py
[2024-12-14 15:53:56,136] {processor.py:641} INFO - Processing file /home/dev/curso/ambientevirtual/lib/python3.9/site-packages/airflow/example_dags/example_kubernetes_executor.py for tasks to queue
[2024-12-14 15:53:56,137] {logging_mixin.py:115} INFO - [2024-12-14 15:53:56,137] {dagbag.py:507} INFO - Filling up the DagBag from /home/dev/curso/ambientevirtual/lib/python3.9/site-packages/airflow/example_dags/example_kubernetes_executor.py
[2024-12-14 15:53:56,155] {logging_mixin.py:115} INFO - [2024-12-14 15:53:56,154] {example_kubernetes_executor.py:39} WARNING - The example_kubernetes_executor example DAG requires the kubernetes provider. Please install it with: pip install apache-airflow[cncf.kubernetes]
[2024-12-14 15:53:56,155] {processor.py:653} WARNING - No viable dags retrieved from /home/dev/curso/ambientevirtual/lib/python3.9/site-packages/airflow/example_dags/example_kubernetes_executor.py
[2024-12-14 15:53:56,167] {processor.py:161} INFO - Processing /home/dev/curso/ambientevirtual/lib/python3.9/site-packages/airflow/example_dags/example_kubernetes_executor.py took 0.038 seconds
[2024-12-14 15:54:30,815] {processor.py:153} INFO - Started process (PID=48793) to work on /home/dev/curso/ambientevirtual/lib/python3.9/site-packages/airflow/example_dags/example_kubernetes_executor.py
[2024-12-14 15:54:30,817] {processor.py:641} INFO - Processing file /home/dev/curso/ambientevirtual/lib/python3.9/site-packages/airflow/example_dags/example_kubernetes_executor.py for tasks to queue
[2024-12-14 15:54:30,818] {logging_mixin.py:115} INFO - [2024-12-14 15:54:30,818] {dagbag.py:507} INFO - Filling up the DagBag from /home/dev/curso/ambientevirtual/lib/python3.9/site-packages/airflow/example_dags/example_kubernetes_executor.py
[2024-12-14 15:54:30,845] {logging_mixin.py:115} INFO - [2024-12-14 15:54:30,845] {example_kubernetes_executor.py:39} WARNING - The example_kubernetes_executor example DAG requires the kubernetes provider. Please install it with: pip install apache-airflow[cncf.kubernetes]
[2024-12-14 15:54:30,845] {processor.py:653} WARNING - No viable dags retrieved from /home/dev/curso/ambientevirtual/lib/python3.9/site-packages/airflow/example_dags/example_kubernetes_executor.py
[2024-12-14 15:54:30,857] {processor.py:161} INFO - Processing /home/dev/curso/ambientevirtual/lib/python3.9/site-packages/airflow/example_dags/example_kubernetes_executor.py took 0.048 seconds
[2024-12-14 15:55:04,743] {processor.py:153} INFO - Started process (PID=48915) to work on /home/dev/curso/ambientevirtual/lib/python3.9/site-packages/airflow/example_dags/example_kubernetes_executor.py
[2024-12-14 15:55:04,743] {processor.py:641} INFO - Processing file /home/dev/curso/ambientevirtual/lib/python3.9/site-packages/airflow/example_dags/example_kubernetes_executor.py for tasks to queue
[2024-12-14 15:55:04,744] {logging_mixin.py:115} INFO - [2024-12-14 15:55:04,744] {dagbag.py:507} INFO - Filling up the DagBag from /home/dev/curso/ambientevirtual/lib/python3.9/site-packages/airflow/example_dags/example_kubernetes_executor.py
[2024-12-14 15:55:04,765] {logging_mixin.py:115} INFO - [2024-12-14 15:55:04,765] {example_kubernetes_executor.py:39} WARNING - The example_kubernetes_executor example DAG requires the kubernetes provider. Please install it with: pip install apache-airflow[cncf.kubernetes]
[2024-12-14 15:55:04,766] {processor.py:653} WARNING - No viable dags retrieved from /home/dev/curso/ambientevirtual/lib/python3.9/site-packages/airflow/example_dags/example_kubernetes_executor.py
[2024-12-14 15:55:04,779] {processor.py:161} INFO - Processing /home/dev/curso/ambientevirtual/lib/python3.9/site-packages/airflow/example_dags/example_kubernetes_executor.py took 0.040 seconds
[2024-12-14 15:55:37,566] {processor.py:153} INFO - Started process (PID=49037) to work on /home/dev/curso/ambientevirtual/lib/python3.9/site-packages/airflow/example_dags/example_kubernetes_executor.py
[2024-12-14 15:55:37,568] {processor.py:641} INFO - Processing file /home/dev/curso/ambientevirtual/lib/python3.9/site-packages/airflow/example_dags/example_kubernetes_executor.py for tasks to queue
[2024-12-14 15:55:37,569] {logging_mixin.py:115} INFO - [2024-12-14 15:55:37,569] {dagbag.py:507} INFO - Filling up the DagBag from /home/dev/curso/ambientevirtual/lib/python3.9/site-packages/airflow/example_dags/example_kubernetes_executor.py
[2024-12-14 15:55:37,587] {logging_mixin.py:115} INFO - [2024-12-14 15:55:37,587] {example_kubernetes_executor.py:39} WARNING - The example_kubernetes_executor example DAG requires the kubernetes provider. Please install it with: pip install apache-airflow[cncf.kubernetes]
[2024-12-14 15:55:37,587] {processor.py:653} WARNING - No viable dags retrieved from /home/dev/curso/ambientevirtual/lib/python3.9/site-packages/airflow/example_dags/example_kubernetes_executor.py
[2024-12-14 15:55:37,600] {processor.py:161} INFO - Processing /home/dev/curso/ambientevirtual/lib/python3.9/site-packages/airflow/example_dags/example_kubernetes_executor.py took 0.040 seconds
[2024-12-14 15:56:13,057] {processor.py:153} INFO - Started process (PID=49166) to work on /home/dev/curso/ambientevirtual/lib/python3.9/site-packages/airflow/example_dags/example_kubernetes_executor.py
[2024-12-14 15:56:13,059] {processor.py:641} INFO - Processing file /home/dev/curso/ambientevirtual/lib/python3.9/site-packages/airflow/example_dags/example_kubernetes_executor.py for tasks to queue
[2024-12-14 15:56:13,060] {logging_mixin.py:115} INFO - [2024-12-14 15:56:13,060] {dagbag.py:507} INFO - Filling up the DagBag from /home/dev/curso/ambientevirtual/lib/python3.9/site-packages/airflow/example_dags/example_kubernetes_executor.py
[2024-12-14 15:56:13,083] {logging_mixin.py:115} INFO - [2024-12-14 15:56:13,083] {example_kubernetes_executor.py:39} WARNING - The example_kubernetes_executor example DAG requires the kubernetes provider. Please install it with: pip install apache-airflow[cncf.kubernetes]
[2024-12-14 15:56:13,083] {processor.py:653} WARNING - No viable dags retrieved from /home/dev/curso/ambientevirtual/lib/python3.9/site-packages/airflow/example_dags/example_kubernetes_executor.py
[2024-12-14 15:56:13,096] {processor.py:161} INFO - Processing /home/dev/curso/ambientevirtual/lib/python3.9/site-packages/airflow/example_dags/example_kubernetes_executor.py took 0.047 seconds
[2024-12-14 15:56:45,640] {processor.py:153} INFO - Started process (PID=49344) to work on /home/dev/curso/ambientevirtual/lib/python3.9/site-packages/airflow/example_dags/example_kubernetes_executor.py
[2024-12-14 15:56:45,641] {processor.py:641} INFO - Processing file /home/dev/curso/ambientevirtual/lib/python3.9/site-packages/airflow/example_dags/example_kubernetes_executor.py for tasks to queue
[2024-12-14 15:56:45,642] {logging_mixin.py:115} INFO - [2024-12-14 15:56:45,642] {dagbag.py:507} INFO - Filling up the DagBag from /home/dev/curso/ambientevirtual/lib/python3.9/site-packages/airflow/example_dags/example_kubernetes_executor.py
[2024-12-14 15:56:45,666] {logging_mixin.py:115} INFO - [2024-12-14 15:56:45,665] {example_kubernetes_executor.py:39} WARNING - The example_kubernetes_executor example DAG requires the kubernetes provider. Please install it with: pip install apache-airflow[cncf.kubernetes]
[2024-12-14 15:56:45,666] {processor.py:653} WARNING - No viable dags retrieved from /home/dev/curso/ambientevirtual/lib/python3.9/site-packages/airflow/example_dags/example_kubernetes_executor.py
[2024-12-14 15:56:45,679] {processor.py:161} INFO - Processing /home/dev/curso/ambientevirtual/lib/python3.9/site-packages/airflow/example_dags/example_kubernetes_executor.py took 0.045 seconds
[2024-12-14 15:57:19,485] {processor.py:153} INFO - Started process (PID=49466) to work on /home/dev/curso/ambientevirtual/lib/python3.9/site-packages/airflow/example_dags/example_kubernetes_executor.py
[2024-12-14 15:57:19,488] {processor.py:641} INFO - Processing file /home/dev/curso/ambientevirtual/lib/python3.9/site-packages/airflow/example_dags/example_kubernetes_executor.py for tasks to queue
[2024-12-14 15:57:19,489] {logging_mixin.py:115} INFO - [2024-12-14 15:57:19,489] {dagbag.py:507} INFO - Filling up the DagBag from /home/dev/curso/ambientevirtual/lib/python3.9/site-packages/airflow/example_dags/example_kubernetes_executor.py
[2024-12-14 15:57:19,514] {logging_mixin.py:115} INFO - [2024-12-14 15:57:19,513] {example_kubernetes_executor.py:39} WARNING - The example_kubernetes_executor example DAG requires the kubernetes provider. Please install it with: pip install apache-airflow[cncf.kubernetes]
[2024-12-14 15:57:19,514] {processor.py:653} WARNING - No viable dags retrieved from /home/dev/curso/ambientevirtual/lib/python3.9/site-packages/airflow/example_dags/example_kubernetes_executor.py
[2024-12-14 15:57:19,530] {processor.py:161} INFO - Processing /home/dev/curso/ambientevirtual/lib/python3.9/site-packages/airflow/example_dags/example_kubernetes_executor.py took 0.054 seconds
[2024-12-14 15:57:56,050] {processor.py:153} INFO - Started process (PID=49602) to work on /home/dev/curso/ambientevirtual/lib/python3.9/site-packages/airflow/example_dags/example_kubernetes_executor.py
[2024-12-14 15:57:56,052] {processor.py:641} INFO - Processing file /home/dev/curso/ambientevirtual/lib/python3.9/site-packages/airflow/example_dags/example_kubernetes_executor.py for tasks to queue
[2024-12-14 15:57:56,053] {logging_mixin.py:115} INFO - [2024-12-14 15:57:56,053] {dagbag.py:507} INFO - Filling up the DagBag from /home/dev/curso/ambientevirtual/lib/python3.9/site-packages/airflow/example_dags/example_kubernetes_executor.py
[2024-12-14 15:57:56,082] {logging_mixin.py:115} INFO - [2024-12-14 15:57:56,082] {example_kubernetes_executor.py:39} WARNING - The example_kubernetes_executor example DAG requires the kubernetes provider. Please install it with: pip install apache-airflow[cncf.kubernetes]
[2024-12-14 15:57:56,082] {processor.py:653} WARNING - No viable dags retrieved from /home/dev/curso/ambientevirtual/lib/python3.9/site-packages/airflow/example_dags/example_kubernetes_executor.py
[2024-12-14 15:57:56,099] {processor.py:161} INFO - Processing /home/dev/curso/ambientevirtual/lib/python3.9/site-packages/airflow/example_dags/example_kubernetes_executor.py took 0.055 seconds
[2024-12-14 15:58:31,298] {processor.py:153} INFO - Started process (PID=49730) to work on /home/dev/curso/ambientevirtual/lib/python3.9/site-packages/airflow/example_dags/example_kubernetes_executor.py
[2024-12-14 15:58:31,300] {processor.py:641} INFO - Processing file /home/dev/curso/ambientevirtual/lib/python3.9/site-packages/airflow/example_dags/example_kubernetes_executor.py for tasks to queue
[2024-12-14 15:58:31,301] {logging_mixin.py:115} INFO - [2024-12-14 15:58:31,301] {dagbag.py:507} INFO - Filling up the DagBag from /home/dev/curso/ambientevirtual/lib/python3.9/site-packages/airflow/example_dags/example_kubernetes_executor.py
[2024-12-14 15:58:31,321] {logging_mixin.py:115} INFO - [2024-12-14 15:58:31,320] {example_kubernetes_executor.py:39} WARNING - The example_kubernetes_executor example DAG requires the kubernetes provider. Please install it with: pip install apache-airflow[cncf.kubernetes]
[2024-12-14 15:58:31,321] {processor.py:653} WARNING - No viable dags retrieved from /home/dev/curso/ambientevirtual/lib/python3.9/site-packages/airflow/example_dags/example_kubernetes_executor.py
[2024-12-14 15:58:31,333] {processor.py:161} INFO - Processing /home/dev/curso/ambientevirtual/lib/python3.9/site-packages/airflow/example_dags/example_kubernetes_executor.py took 0.041 seconds
[2024-12-14 15:59:03,109] {processor.py:153} INFO - Started process (PID=49845) to work on /home/dev/curso/ambientevirtual/lib/python3.9/site-packages/airflow/example_dags/example_kubernetes_executor.py
[2024-12-14 15:59:03,110] {processor.py:641} INFO - Processing file /home/dev/curso/ambientevirtual/lib/python3.9/site-packages/airflow/example_dags/example_kubernetes_executor.py for tasks to queue
[2024-12-14 15:59:03,111] {logging_mixin.py:115} INFO - [2024-12-14 15:59:03,111] {dagbag.py:507} INFO - Filling up the DagBag from /home/dev/curso/ambientevirtual/lib/python3.9/site-packages/airflow/example_dags/example_kubernetes_executor.py
[2024-12-14 15:59:03,130] {logging_mixin.py:115} INFO - [2024-12-14 15:59:03,130] {example_kubernetes_executor.py:39} WARNING - The example_kubernetes_executor example DAG requires the kubernetes provider. Please install it with: pip install apache-airflow[cncf.kubernetes]
[2024-12-14 15:59:03,130] {processor.py:653} WARNING - No viable dags retrieved from /home/dev/curso/ambientevirtual/lib/python3.9/site-packages/airflow/example_dags/example_kubernetes_executor.py
[2024-12-14 15:59:03,143] {processor.py:161} INFO - Processing /home/dev/curso/ambientevirtual/lib/python3.9/site-packages/airflow/example_dags/example_kubernetes_executor.py took 0.041 seconds
[2024-12-14 15:59:39,642] {processor.py:153} INFO - Started process (PID=49981) to work on /home/dev/curso/ambientevirtual/lib/python3.9/site-packages/airflow/example_dags/example_kubernetes_executor.py
[2024-12-14 15:59:39,643] {processor.py:641} INFO - Processing file /home/dev/curso/ambientevirtual/lib/python3.9/site-packages/airflow/example_dags/example_kubernetes_executor.py for tasks to queue
[2024-12-14 15:59:39,645] {logging_mixin.py:115} INFO - [2024-12-14 15:59:39,644] {dagbag.py:507} INFO - Filling up the DagBag from /home/dev/curso/ambientevirtual/lib/python3.9/site-packages/airflow/example_dags/example_kubernetes_executor.py
[2024-12-14 15:59:39,665] {logging_mixin.py:115} INFO - [2024-12-14 15:59:39,665] {example_kubernetes_executor.py:39} WARNING - The example_kubernetes_executor example DAG requires the kubernetes provider. Please install it with: pip install apache-airflow[cncf.kubernetes]
[2024-12-14 15:59:39,665] {processor.py:653} WARNING - No viable dags retrieved from /home/dev/curso/ambientevirtual/lib/python3.9/site-packages/airflow/example_dags/example_kubernetes_executor.py
[2024-12-14 15:59:39,677] {processor.py:161} INFO - Processing /home/dev/curso/ambientevirtual/lib/python3.9/site-packages/airflow/example_dags/example_kubernetes_executor.py took 0.042 seconds
[2024-12-14 16:00:14,106] {processor.py:153} INFO - Started process (PID=50103) to work on /home/dev/curso/ambientevirtual/lib/python3.9/site-packages/airflow/example_dags/example_kubernetes_executor.py
[2024-12-14 16:00:14,108] {processor.py:641} INFO - Processing file /home/dev/curso/ambientevirtual/lib/python3.9/site-packages/airflow/example_dags/example_kubernetes_executor.py for tasks to queue
[2024-12-14 16:00:14,109] {logging_mixin.py:115} INFO - [2024-12-14 16:00:14,109] {dagbag.py:507} INFO - Filling up the DagBag from /home/dev/curso/ambientevirtual/lib/python3.9/site-packages/airflow/example_dags/example_kubernetes_executor.py
[2024-12-14 16:00:14,127] {logging_mixin.py:115} INFO - [2024-12-14 16:00:14,127] {example_kubernetes_executor.py:39} WARNING - The example_kubernetes_executor example DAG requires the kubernetes provider. Please install it with: pip install apache-airflow[cncf.kubernetes]
[2024-12-14 16:00:14,127] {processor.py:653} WARNING - No viable dags retrieved from /home/dev/curso/ambientevirtual/lib/python3.9/site-packages/airflow/example_dags/example_kubernetes_executor.py
[2024-12-14 16:00:14,140] {processor.py:161} INFO - Processing /home/dev/curso/ambientevirtual/lib/python3.9/site-packages/airflow/example_dags/example_kubernetes_executor.py took 0.040 seconds
[2024-12-14 16:00:47,696] {processor.py:153} INFO - Started process (PID=50253) to work on /home/dev/curso/ambientevirtual/lib/python3.9/site-packages/airflow/example_dags/example_kubernetes_executor.py
[2024-12-14 16:00:47,697] {processor.py:641} INFO - Processing file /home/dev/curso/ambientevirtual/lib/python3.9/site-packages/airflow/example_dags/example_kubernetes_executor.py for tasks to queue
[2024-12-14 16:00:47,697] {logging_mixin.py:115} INFO - [2024-12-14 16:00:47,697] {dagbag.py:507} INFO - Filling up the DagBag from /home/dev/curso/ambientevirtual/lib/python3.9/site-packages/airflow/example_dags/example_kubernetes_executor.py
[2024-12-14 16:00:47,723] {logging_mixin.py:115} INFO - [2024-12-14 16:00:47,723] {example_kubernetes_executor.py:39} WARNING - The example_kubernetes_executor example DAG requires the kubernetes provider. Please install it with: pip install apache-airflow[cncf.kubernetes]
[2024-12-14 16:00:47,723] {processor.py:653} WARNING - No viable dags retrieved from /home/dev/curso/ambientevirtual/lib/python3.9/site-packages/airflow/example_dags/example_kubernetes_executor.py
[2024-12-14 16:00:47,739] {processor.py:161} INFO - Processing /home/dev/curso/ambientevirtual/lib/python3.9/site-packages/airflow/example_dags/example_kubernetes_executor.py took 0.048 seconds
[2024-12-14 16:01:22,365] {processor.py:153} INFO - Started process (PID=50526) to work on /home/dev/curso/ambientevirtual/lib/python3.9/site-packages/airflow/example_dags/example_kubernetes_executor.py
[2024-12-14 16:01:22,367] {processor.py:641} INFO - Processing file /home/dev/curso/ambientevirtual/lib/python3.9/site-packages/airflow/example_dags/example_kubernetes_executor.py for tasks to queue
[2024-12-14 16:01:22,368] {logging_mixin.py:115} INFO - [2024-12-14 16:01:22,367] {dagbag.py:507} INFO - Filling up the DagBag from /home/dev/curso/ambientevirtual/lib/python3.9/site-packages/airflow/example_dags/example_kubernetes_executor.py
[2024-12-14 16:01:22,392] {logging_mixin.py:115} INFO - [2024-12-14 16:01:22,391] {example_kubernetes_executor.py:39} WARNING - The example_kubernetes_executor example DAG requires the kubernetes provider. Please install it with: pip install apache-airflow[cncf.kubernetes]
[2024-12-14 16:01:22,392] {processor.py:653} WARNING - No viable dags retrieved from /home/dev/curso/ambientevirtual/lib/python3.9/site-packages/airflow/example_dags/example_kubernetes_executor.py
[2024-12-14 16:01:22,406] {processor.py:161} INFO - Processing /home/dev/curso/ambientevirtual/lib/python3.9/site-packages/airflow/example_dags/example_kubernetes_executor.py took 0.045 seconds
[2024-12-14 16:01:59,461] {processor.py:153} INFO - Started process (PID=50663) to work on /home/dev/curso/ambientevirtual/lib/python3.9/site-packages/airflow/example_dags/example_kubernetes_executor.py
[2024-12-14 16:01:59,462] {processor.py:641} INFO - Processing file /home/dev/curso/ambientevirtual/lib/python3.9/site-packages/airflow/example_dags/example_kubernetes_executor.py for tasks to queue
[2024-12-14 16:01:59,464] {logging_mixin.py:115} INFO - [2024-12-14 16:01:59,463] {dagbag.py:507} INFO - Filling up the DagBag from /home/dev/curso/ambientevirtual/lib/python3.9/site-packages/airflow/example_dags/example_kubernetes_executor.py
[2024-12-14 16:01:59,487] {logging_mixin.py:115} INFO - [2024-12-14 16:01:59,487] {example_kubernetes_executor.py:39} WARNING - The example_kubernetes_executor example DAG requires the kubernetes provider. Please install it with: pip install apache-airflow[cncf.kubernetes]
[2024-12-14 16:01:59,487] {processor.py:653} WARNING - No viable dags retrieved from /home/dev/curso/ambientevirtual/lib/python3.9/site-packages/airflow/example_dags/example_kubernetes_executor.py
[2024-12-14 16:01:59,500] {processor.py:161} INFO - Processing /home/dev/curso/ambientevirtual/lib/python3.9/site-packages/airflow/example_dags/example_kubernetes_executor.py took 0.047 seconds
[2024-12-14 16:02:34,550] {processor.py:153} INFO - Started process (PID=50852) to work on /home/dev/curso/ambientevirtual/lib/python3.9/site-packages/airflow/example_dags/example_kubernetes_executor.py
[2024-12-14 16:02:34,550] {processor.py:641} INFO - Processing file /home/dev/curso/ambientevirtual/lib/python3.9/site-packages/airflow/example_dags/example_kubernetes_executor.py for tasks to queue
[2024-12-14 16:02:34,551] {logging_mixin.py:115} INFO - [2024-12-14 16:02:34,551] {dagbag.py:507} INFO - Filling up the DagBag from /home/dev/curso/ambientevirtual/lib/python3.9/site-packages/airflow/example_dags/example_kubernetes_executor.py
[2024-12-14 16:02:34,569] {logging_mixin.py:115} INFO - [2024-12-14 16:02:34,568] {example_kubernetes_executor.py:39} WARNING - The example_kubernetes_executor example DAG requires the kubernetes provider. Please install it with: pip install apache-airflow[cncf.kubernetes]
[2024-12-14 16:02:34,569] {processor.py:653} WARNING - No viable dags retrieved from /home/dev/curso/ambientevirtual/lib/python3.9/site-packages/airflow/example_dags/example_kubernetes_executor.py
[2024-12-14 16:02:34,581] {processor.py:161} INFO - Processing /home/dev/curso/ambientevirtual/lib/python3.9/site-packages/airflow/example_dags/example_kubernetes_executor.py took 0.035 seconds
[2024-12-14 16:03:07,501] {processor.py:153} INFO - Started process (PID=50973) to work on /home/dev/curso/ambientevirtual/lib/python3.9/site-packages/airflow/example_dags/example_kubernetes_executor.py
[2024-12-14 16:03:07,502] {processor.py:641} INFO - Processing file /home/dev/curso/ambientevirtual/lib/python3.9/site-packages/airflow/example_dags/example_kubernetes_executor.py for tasks to queue
[2024-12-14 16:03:07,503] {logging_mixin.py:115} INFO - [2024-12-14 16:03:07,503] {dagbag.py:507} INFO - Filling up the DagBag from /home/dev/curso/ambientevirtual/lib/python3.9/site-packages/airflow/example_dags/example_kubernetes_executor.py
[2024-12-14 16:03:07,521] {logging_mixin.py:115} INFO - [2024-12-14 16:03:07,520] {example_kubernetes_executor.py:39} WARNING - The example_kubernetes_executor example DAG requires the kubernetes provider. Please install it with: pip install apache-airflow[cncf.kubernetes]
[2024-12-14 16:03:07,521] {processor.py:653} WARNING - No viable dags retrieved from /home/dev/curso/ambientevirtual/lib/python3.9/site-packages/airflow/example_dags/example_kubernetes_executor.py
[2024-12-14 16:03:07,533] {processor.py:161} INFO - Processing /home/dev/curso/ambientevirtual/lib/python3.9/site-packages/airflow/example_dags/example_kubernetes_executor.py took 0.036 seconds
[2024-12-14 16:03:41,859] {processor.py:153} INFO - Started process (PID=51096) to work on /home/dev/curso/ambientevirtual/lib/python3.9/site-packages/airflow/example_dags/example_kubernetes_executor.py
[2024-12-14 16:03:41,861] {processor.py:641} INFO - Processing file /home/dev/curso/ambientevirtual/lib/python3.9/site-packages/airflow/example_dags/example_kubernetes_executor.py for tasks to queue
[2024-12-14 16:03:41,862] {logging_mixin.py:115} INFO - [2024-12-14 16:03:41,862] {dagbag.py:507} INFO - Filling up the DagBag from /home/dev/curso/ambientevirtual/lib/python3.9/site-packages/airflow/example_dags/example_kubernetes_executor.py
[2024-12-14 16:03:41,882] {logging_mixin.py:115} INFO - [2024-12-14 16:03:41,882] {example_kubernetes_executor.py:39} WARNING - The example_kubernetes_executor example DAG requires the kubernetes provider. Please install it with: pip install apache-airflow[cncf.kubernetes]
[2024-12-14 16:03:41,882] {processor.py:653} WARNING - No viable dags retrieved from /home/dev/curso/ambientevirtual/lib/python3.9/site-packages/airflow/example_dags/example_kubernetes_executor.py
[2024-12-14 16:03:41,896] {processor.py:161} INFO - Processing /home/dev/curso/ambientevirtual/lib/python3.9/site-packages/airflow/example_dags/example_kubernetes_executor.py took 0.043 seconds
[2024-12-14 16:04:17,070] {processor.py:153} INFO - Started process (PID=51225) to work on /home/dev/curso/ambientevirtual/lib/python3.9/site-packages/airflow/example_dags/example_kubernetes_executor.py
[2024-12-14 16:04:17,071] {processor.py:641} INFO - Processing file /home/dev/curso/ambientevirtual/lib/python3.9/site-packages/airflow/example_dags/example_kubernetes_executor.py for tasks to queue
[2024-12-14 16:04:17,071] {logging_mixin.py:115} INFO - [2024-12-14 16:04:17,071] {dagbag.py:507} INFO - Filling up the DagBag from /home/dev/curso/ambientevirtual/lib/python3.9/site-packages/airflow/example_dags/example_kubernetes_executor.py
[2024-12-14 16:04:17,089] {logging_mixin.py:115} INFO - [2024-12-14 16:04:17,089] {example_kubernetes_executor.py:39} WARNING - The example_kubernetes_executor example DAG requires the kubernetes provider. Please install it with: pip install apache-airflow[cncf.kubernetes]
[2024-12-14 16:04:17,089] {processor.py:653} WARNING - No viable dags retrieved from /home/dev/curso/ambientevirtual/lib/python3.9/site-packages/airflow/example_dags/example_kubernetes_executor.py
[2024-12-14 16:04:17,102] {processor.py:161} INFO - Processing /home/dev/curso/ambientevirtual/lib/python3.9/site-packages/airflow/example_dags/example_kubernetes_executor.py took 0.035 seconds
[2024-12-14 16:04:53,721] {processor.py:153} INFO - Started process (PID=51358) to work on /home/dev/curso/ambientevirtual/lib/python3.9/site-packages/airflow/example_dags/example_kubernetes_executor.py
[2024-12-14 16:04:53,722] {processor.py:641} INFO - Processing file /home/dev/curso/ambientevirtual/lib/python3.9/site-packages/airflow/example_dags/example_kubernetes_executor.py for tasks to queue
[2024-12-14 16:04:53,723] {logging_mixin.py:115} INFO - [2024-12-14 16:04:53,723] {dagbag.py:507} INFO - Filling up the DagBag from /home/dev/curso/ambientevirtual/lib/python3.9/site-packages/airflow/example_dags/example_kubernetes_executor.py
[2024-12-14 16:04:53,753] {logging_mixin.py:115} INFO - [2024-12-14 16:04:53,752] {example_kubernetes_executor.py:39} WARNING - The example_kubernetes_executor example DAG requires the kubernetes provider. Please install it with: pip install apache-airflow[cncf.kubernetes]
[2024-12-14 16:04:53,753] {processor.py:653} WARNING - No viable dags retrieved from /home/dev/curso/ambientevirtual/lib/python3.9/site-packages/airflow/example_dags/example_kubernetes_executor.py
[2024-12-14 16:04:53,768] {processor.py:161} INFO - Processing /home/dev/curso/ambientevirtual/lib/python3.9/site-packages/airflow/example_dags/example_kubernetes_executor.py took 0.052 seconds
[2024-12-14 16:05:25,102] {processor.py:153} INFO - Started process (PID=51469) to work on /home/dev/curso/ambientevirtual/lib/python3.9/site-packages/airflow/example_dags/example_kubernetes_executor.py
[2024-12-14 16:05:25,104] {processor.py:641} INFO - Processing file /home/dev/curso/ambientevirtual/lib/python3.9/site-packages/airflow/example_dags/example_kubernetes_executor.py for tasks to queue
[2024-12-14 16:05:25,105] {logging_mixin.py:115} INFO - [2024-12-14 16:05:25,105] {dagbag.py:507} INFO - Filling up the DagBag from /home/dev/curso/ambientevirtual/lib/python3.9/site-packages/airflow/example_dags/example_kubernetes_executor.py
[2024-12-14 16:05:25,138] {logging_mixin.py:115} INFO - [2024-12-14 16:05:25,138] {example_kubernetes_executor.py:39} WARNING - The example_kubernetes_executor example DAG requires the kubernetes provider. Please install it with: pip install apache-airflow[cncf.kubernetes]
[2024-12-14 16:05:25,138] {processor.py:653} WARNING - No viable dags retrieved from /home/dev/curso/ambientevirtual/lib/python3.9/site-packages/airflow/example_dags/example_kubernetes_executor.py
[2024-12-14 16:05:25,155] {processor.py:161} INFO - Processing /home/dev/curso/ambientevirtual/lib/python3.9/site-packages/airflow/example_dags/example_kubernetes_executor.py took 0.060 seconds
[2024-12-14 16:06:02,174] {processor.py:153} INFO - Started process (PID=51605) to work on /home/dev/curso/ambientevirtual/lib/python3.9/site-packages/airflow/example_dags/example_kubernetes_executor.py
[2024-12-14 16:06:02,176] {processor.py:641} INFO - Processing file /home/dev/curso/ambientevirtual/lib/python3.9/site-packages/airflow/example_dags/example_kubernetes_executor.py for tasks to queue
[2024-12-14 16:06:02,177] {logging_mixin.py:115} INFO - [2024-12-14 16:06:02,177] {dagbag.py:507} INFO - Filling up the DagBag from /home/dev/curso/ambientevirtual/lib/python3.9/site-packages/airflow/example_dags/example_kubernetes_executor.py
[2024-12-14 16:06:02,195] {logging_mixin.py:115} INFO - [2024-12-14 16:06:02,195] {example_kubernetes_executor.py:39} WARNING - The example_kubernetes_executor example DAG requires the kubernetes provider. Please install it with: pip install apache-airflow[cncf.kubernetes]
[2024-12-14 16:06:02,196] {processor.py:653} WARNING - No viable dags retrieved from /home/dev/curso/ambientevirtual/lib/python3.9/site-packages/airflow/example_dags/example_kubernetes_executor.py
[2024-12-14 16:06:02,208] {processor.py:161} INFO - Processing /home/dev/curso/ambientevirtual/lib/python3.9/site-packages/airflow/example_dags/example_kubernetes_executor.py took 0.041 seconds
[2024-12-14 16:06:34,394] {processor.py:153} INFO - Started process (PID=51785) to work on /home/dev/curso/ambientevirtual/lib/python3.9/site-packages/airflow/example_dags/example_kubernetes_executor.py
[2024-12-14 16:06:34,394] {processor.py:641} INFO - Processing file /home/dev/curso/ambientevirtual/lib/python3.9/site-packages/airflow/example_dags/example_kubernetes_executor.py for tasks to queue
[2024-12-14 16:06:34,395] {logging_mixin.py:115} INFO - [2024-12-14 16:06:34,395] {dagbag.py:507} INFO - Filling up the DagBag from /home/dev/curso/ambientevirtual/lib/python3.9/site-packages/airflow/example_dags/example_kubernetes_executor.py
[2024-12-14 16:06:34,413] {logging_mixin.py:115} INFO - [2024-12-14 16:06:34,413] {example_kubernetes_executor.py:39} WARNING - The example_kubernetes_executor example DAG requires the kubernetes provider. Please install it with: pip install apache-airflow[cncf.kubernetes]
[2024-12-14 16:06:34,413] {processor.py:653} WARNING - No viable dags retrieved from /home/dev/curso/ambientevirtual/lib/python3.9/site-packages/airflow/example_dags/example_kubernetes_executor.py
[2024-12-14 16:06:34,432] {processor.py:161} INFO - Processing /home/dev/curso/ambientevirtual/lib/python3.9/site-packages/airflow/example_dags/example_kubernetes_executor.py took 0.043 seconds
[2024-12-14 16:07:12,786] {processor.py:153} INFO - Started process (PID=51923) to work on /home/dev/curso/ambientevirtual/lib/python3.9/site-packages/airflow/example_dags/example_kubernetes_executor.py
[2024-12-14 16:07:12,787] {processor.py:641} INFO - Processing file /home/dev/curso/ambientevirtual/lib/python3.9/site-packages/airflow/example_dags/example_kubernetes_executor.py for tasks to queue
[2024-12-14 16:07:12,788] {logging_mixin.py:115} INFO - [2024-12-14 16:07:12,788] {dagbag.py:507} INFO - Filling up the DagBag from /home/dev/curso/ambientevirtual/lib/python3.9/site-packages/airflow/example_dags/example_kubernetes_executor.py
[2024-12-14 16:07:12,810] {logging_mixin.py:115} INFO - [2024-12-14 16:07:12,810] {example_kubernetes_executor.py:39} WARNING - The example_kubernetes_executor example DAG requires the kubernetes provider. Please install it with: pip install apache-airflow[cncf.kubernetes]
[2024-12-14 16:07:12,811] {processor.py:653} WARNING - No viable dags retrieved from /home/dev/curso/ambientevirtual/lib/python3.9/site-packages/airflow/example_dags/example_kubernetes_executor.py
[2024-12-14 16:07:12,823] {processor.py:161} INFO - Processing /home/dev/curso/ambientevirtual/lib/python3.9/site-packages/airflow/example_dags/example_kubernetes_executor.py took 0.040 seconds
[2024-12-14 16:07:44,908] {processor.py:153} INFO - Started process (PID=52101) to work on /home/dev/curso/ambientevirtual/lib/python3.9/site-packages/airflow/example_dags/example_kubernetes_executor.py
[2024-12-14 16:07:44,908] {processor.py:641} INFO - Processing file /home/dev/curso/ambientevirtual/lib/python3.9/site-packages/airflow/example_dags/example_kubernetes_executor.py for tasks to queue
[2024-12-14 16:07:44,909] {logging_mixin.py:115} INFO - [2024-12-14 16:07:44,909] {dagbag.py:507} INFO - Filling up the DagBag from /home/dev/curso/ambientevirtual/lib/python3.9/site-packages/airflow/example_dags/example_kubernetes_executor.py
[2024-12-14 16:07:44,932] {logging_mixin.py:115} INFO - [2024-12-14 16:07:44,932] {example_kubernetes_executor.py:39} WARNING - The example_kubernetes_executor example DAG requires the kubernetes provider. Please install it with: pip install apache-airflow[cncf.kubernetes]
[2024-12-14 16:07:44,932] {processor.py:653} WARNING - No viable dags retrieved from /home/dev/curso/ambientevirtual/lib/python3.9/site-packages/airflow/example_dags/example_kubernetes_executor.py
[2024-12-14 16:07:44,947] {processor.py:161} INFO - Processing /home/dev/curso/ambientevirtual/lib/python3.9/site-packages/airflow/example_dags/example_kubernetes_executor.py took 0.043 seconds
[2024-12-14 16:08:17,984] {processor.py:153} INFO - Started process (PID=52245) to work on /home/dev/curso/ambientevirtual/lib/python3.9/site-packages/airflow/example_dags/example_kubernetes_executor.py
[2024-12-14 16:08:17,987] {processor.py:641} INFO - Processing file /home/dev/curso/ambientevirtual/lib/python3.9/site-packages/airflow/example_dags/example_kubernetes_executor.py for tasks to queue
[2024-12-14 16:08:17,987] {logging_mixin.py:115} INFO - [2024-12-14 16:08:17,987] {dagbag.py:507} INFO - Filling up the DagBag from /home/dev/curso/ambientevirtual/lib/python3.9/site-packages/airflow/example_dags/example_kubernetes_executor.py
[2024-12-14 16:08:18,011] {logging_mixin.py:115} INFO - [2024-12-14 16:08:18,010] {example_kubernetes_executor.py:39} WARNING - The example_kubernetes_executor example DAG requires the kubernetes provider. Please install it with: pip install apache-airflow[cncf.kubernetes]
[2024-12-14 16:08:18,011] {processor.py:653} WARNING - No viable dags retrieved from /home/dev/curso/ambientevirtual/lib/python3.9/site-packages/airflow/example_dags/example_kubernetes_executor.py
[2024-12-14 16:08:18,028] {processor.py:161} INFO - Processing /home/dev/curso/ambientevirtual/lib/python3.9/site-packages/airflow/example_dags/example_kubernetes_executor.py took 0.051 seconds
[2024-12-14 16:08:54,763] {processor.py:153} INFO - Started process (PID=52586) to work on /home/dev/curso/ambientevirtual/lib/python3.9/site-packages/airflow/example_dags/example_kubernetes_executor.py
[2024-12-14 16:08:54,765] {processor.py:641} INFO - Processing file /home/dev/curso/ambientevirtual/lib/python3.9/site-packages/airflow/example_dags/example_kubernetes_executor.py for tasks to queue
[2024-12-14 16:08:54,766] {logging_mixin.py:115} INFO - [2024-12-14 16:08:54,765] {dagbag.py:507} INFO - Filling up the DagBag from /home/dev/curso/ambientevirtual/lib/python3.9/site-packages/airflow/example_dags/example_kubernetes_executor.py
[2024-12-14 16:08:54,787] {logging_mixin.py:115} INFO - [2024-12-14 16:08:54,787] {example_kubernetes_executor.py:39} WARNING - The example_kubernetes_executor example DAG requires the kubernetes provider. Please install it with: pip install apache-airflow[cncf.kubernetes]
[2024-12-14 16:08:54,787] {processor.py:653} WARNING - No viable dags retrieved from /home/dev/curso/ambientevirtual/lib/python3.9/site-packages/airflow/example_dags/example_kubernetes_executor.py
[2024-12-14 16:08:54,803] {processor.py:161} INFO - Processing /home/dev/curso/ambientevirtual/lib/python3.9/site-packages/airflow/example_dags/example_kubernetes_executor.py took 0.046 seconds
[2024-12-14 16:09:30,248] {processor.py:153} INFO - Started process (PID=52714) to work on /home/dev/curso/ambientevirtual/lib/python3.9/site-packages/airflow/example_dags/example_kubernetes_executor.py
[2024-12-14 16:09:30,249] {processor.py:641} INFO - Processing file /home/dev/curso/ambientevirtual/lib/python3.9/site-packages/airflow/example_dags/example_kubernetes_executor.py for tasks to queue
[2024-12-14 16:09:30,250] {logging_mixin.py:115} INFO - [2024-12-14 16:09:30,250] {dagbag.py:507} INFO - Filling up the DagBag from /home/dev/curso/ambientevirtual/lib/python3.9/site-packages/airflow/example_dags/example_kubernetes_executor.py
[2024-12-14 16:09:30,269] {logging_mixin.py:115} INFO - [2024-12-14 16:09:30,269] {example_kubernetes_executor.py:39} WARNING - The example_kubernetes_executor example DAG requires the kubernetes provider. Please install it with: pip install apache-airflow[cncf.kubernetes]
[2024-12-14 16:09:30,269] {processor.py:653} WARNING - No viable dags retrieved from /home/dev/curso/ambientevirtual/lib/python3.9/site-packages/airflow/example_dags/example_kubernetes_executor.py
[2024-12-14 16:09:30,283] {processor.py:161} INFO - Processing /home/dev/curso/ambientevirtual/lib/python3.9/site-packages/airflow/example_dags/example_kubernetes_executor.py took 0.039 seconds
[2024-12-14 16:10:02,069] {processor.py:153} INFO - Started process (PID=52829) to work on /home/dev/curso/ambientevirtual/lib/python3.9/site-packages/airflow/example_dags/example_kubernetes_executor.py
[2024-12-14 16:10:02,070] {processor.py:641} INFO - Processing file /home/dev/curso/ambientevirtual/lib/python3.9/site-packages/airflow/example_dags/example_kubernetes_executor.py for tasks to queue
[2024-12-14 16:10:02,071] {logging_mixin.py:115} INFO - [2024-12-14 16:10:02,071] {dagbag.py:507} INFO - Filling up the DagBag from /home/dev/curso/ambientevirtual/lib/python3.9/site-packages/airflow/example_dags/example_kubernetes_executor.py
[2024-12-14 16:10:02,091] {logging_mixin.py:115} INFO - [2024-12-14 16:10:02,091] {example_kubernetes_executor.py:39} WARNING - The example_kubernetes_executor example DAG requires the kubernetes provider. Please install it with: pip install apache-airflow[cncf.kubernetes]
[2024-12-14 16:10:02,092] {processor.py:653} WARNING - No viable dags retrieved from /home/dev/curso/ambientevirtual/lib/python3.9/site-packages/airflow/example_dags/example_kubernetes_executor.py
[2024-12-14 16:10:02,105] {processor.py:161} INFO - Processing /home/dev/curso/ambientevirtual/lib/python3.9/site-packages/airflow/example_dags/example_kubernetes_executor.py took 0.042 seconds
[2024-12-14 16:10:37,298] {processor.py:153} INFO - Started process (PID=52957) to work on /home/dev/curso/ambientevirtual/lib/python3.9/site-packages/airflow/example_dags/example_kubernetes_executor.py
[2024-12-14 16:10:37,300] {processor.py:641} INFO - Processing file /home/dev/curso/ambientevirtual/lib/python3.9/site-packages/airflow/example_dags/example_kubernetes_executor.py for tasks to queue
[2024-12-14 16:10:37,302] {logging_mixin.py:115} INFO - [2024-12-14 16:10:37,301] {dagbag.py:507} INFO - Filling up the DagBag from /home/dev/curso/ambientevirtual/lib/python3.9/site-packages/airflow/example_dags/example_kubernetes_executor.py
[2024-12-14 16:10:37,325] {logging_mixin.py:115} INFO - [2024-12-14 16:10:37,325] {example_kubernetes_executor.py:39} WARNING - The example_kubernetes_executor example DAG requires the kubernetes provider. Please install it with: pip install apache-airflow[cncf.kubernetes]
[2024-12-14 16:10:37,326] {processor.py:653} WARNING - No viable dags retrieved from /home/dev/curso/ambientevirtual/lib/python3.9/site-packages/airflow/example_dags/example_kubernetes_executor.py
[2024-12-14 16:10:37,338] {processor.py:161} INFO - Processing /home/dev/curso/ambientevirtual/lib/python3.9/site-packages/airflow/example_dags/example_kubernetes_executor.py took 0.047 seconds
[2024-12-14 16:11:13,239] {processor.py:153} INFO - Started process (PID=53203) to work on /home/dev/curso/ambientevirtual/lib/python3.9/site-packages/airflow/example_dags/example_kubernetes_executor.py
[2024-12-14 16:11:13,241] {processor.py:641} INFO - Processing file /home/dev/curso/ambientevirtual/lib/python3.9/site-packages/airflow/example_dags/example_kubernetes_executor.py for tasks to queue
[2024-12-14 16:11:13,242] {logging_mixin.py:115} INFO - [2024-12-14 16:11:13,242] {dagbag.py:507} INFO - Filling up the DagBag from /home/dev/curso/ambientevirtual/lib/python3.9/site-packages/airflow/example_dags/example_kubernetes_executor.py
[2024-12-14 16:11:13,268] {logging_mixin.py:115} INFO - [2024-12-14 16:11:13,268] {example_kubernetes_executor.py:39} WARNING - The example_kubernetes_executor example DAG requires the kubernetes provider. Please install it with: pip install apache-airflow[cncf.kubernetes]
[2024-12-14 16:11:13,268] {processor.py:653} WARNING - No viable dags retrieved from /home/dev/curso/ambientevirtual/lib/python3.9/site-packages/airflow/example_dags/example_kubernetes_executor.py
[2024-12-14 16:11:13,281] {processor.py:161} INFO - Processing /home/dev/curso/ambientevirtual/lib/python3.9/site-packages/airflow/example_dags/example_kubernetes_executor.py took 0.048 seconds
