[2024-12-14 15:51:23,640] {processor.py:153} INFO - Started process (PID=47713) to work on /home/dev/curso/ambientevirtual/lib/python3.9/site-packages/airflow/example_dags/example_xcomargs.py
[2024-12-14 15:51:23,651] {processor.py:641} INFO - Processing file /home/dev/curso/ambientevirtual/lib/python3.9/site-packages/airflow/example_dags/example_xcomargs.py for tasks to queue
[2024-12-14 15:51:23,652] {logging_mixin.py:115} INFO - [2024-12-14 15:51:23,652] {dagbag.py:507} INFO - Filling up the DagBag from /home/dev/curso/ambientevirtual/lib/python3.9/site-packages/airflow/example_dags/example_xcomargs.py
[2024-12-14 15:51:23,738] {processor.py:651} INFO - DAG(s) dict_keys(['example_xcom_args', 'example_xcom_args_with_operators']) retrieved from /home/dev/curso/ambientevirtual/lib/python3.9/site-packages/airflow/example_dags/example_xcomargs.py
[2024-12-14 15:51:24,021] {logging_mixin.py:115} INFO - [2024-12-14 15:51:24,021] {manager.py:508} INFO - Created Permission View: can delete on DAG:example_xcom_args
[2024-12-14 15:51:24,049] {logging_mixin.py:115} INFO - [2024-12-14 15:51:24,049] {manager.py:508} INFO - Created Permission View: can edit on DAG:example_xcom_args
[2024-12-14 15:51:24,064] {logging_mixin.py:115} INFO - [2024-12-14 15:51:24,064] {manager.py:508} INFO - Created Permission View: can read on DAG:example_xcom_args
[2024-12-14 15:51:24,126] {logging_mixin.py:115} INFO - [2024-12-14 15:51:24,126] {manager.py:508} INFO - Created Permission View: can delete on DAG:example_xcom_args_with_operators
[2024-12-14 15:51:24,152] {logging_mixin.py:115} INFO - [2024-12-14 15:51:24,151] {manager.py:508} INFO - Created Permission View: can edit on DAG:example_xcom_args_with_operators
[2024-12-14 15:51:24,180] {logging_mixin.py:115} INFO - [2024-12-14 15:51:24,180] {manager.py:508} INFO - Created Permission View: can read on DAG:example_xcom_args_with_operators
[2024-12-14 15:51:24,180] {logging_mixin.py:115} INFO - [2024-12-14 15:51:24,180] {dag.py:2379} INFO - Sync 2 DAGs
[2024-12-14 15:51:24,190] {logging_mixin.py:115} INFO - [2024-12-14 15:51:24,189] {dag.py:2398} INFO - Creating ORM DAG for example_xcom_args_with_operators
[2024-12-14 15:51:24,190] {logging_mixin.py:115} INFO - [2024-12-14 15:51:24,190] {dag.py:2398} INFO - Creating ORM DAG for example_xcom_args
[2024-12-14 15:51:24,218] {logging_mixin.py:115} INFO - [2024-12-14 15:51:24,218] {dag.py:2927} INFO - Setting next_dagrun for example_xcom_args to None, run_after=None
[2024-12-14 15:51:24,219] {logging_mixin.py:115} INFO - [2024-12-14 15:51:24,219] {dag.py:2927} INFO - Setting next_dagrun for example_xcom_args_with_operators to None, run_after=None
[2024-12-14 15:51:24,284] {processor.py:161} INFO - Processing /home/dev/curso/ambientevirtual/lib/python3.9/site-packages/airflow/example_dags/example_xcomargs.py took 0.648 seconds
[2024-12-14 15:52:02,416] {processor.py:153} INFO - Started process (PID=48227) to work on /home/dev/curso/ambientevirtual/lib/python3.9/site-packages/airflow/example_dags/example_xcomargs.py
[2024-12-14 15:52:02,417] {processor.py:641} INFO - Processing file /home/dev/curso/ambientevirtual/lib/python3.9/site-packages/airflow/example_dags/example_xcomargs.py for tasks to queue
[2024-12-14 15:52:02,418] {logging_mixin.py:115} INFO - [2024-12-14 15:52:02,418] {dagbag.py:507} INFO - Filling up the DagBag from /home/dev/curso/ambientevirtual/lib/python3.9/site-packages/airflow/example_dags/example_xcomargs.py
[2024-12-14 15:52:02,440] {processor.py:651} INFO - DAG(s) dict_keys(['example_xcom_args', 'example_xcom_args_with_operators']) retrieved from /home/dev/curso/ambientevirtual/lib/python3.9/site-packages/airflow/example_dags/example_xcomargs.py
[2024-12-14 15:52:02,491] {logging_mixin.py:115} INFO - [2024-12-14 15:52:02,491] {dag.py:2379} INFO - Sync 2 DAGs
[2024-12-14 15:52:02,509] {logging_mixin.py:115} INFO - [2024-12-14 15:52:02,509] {dag.py:2927} INFO - Setting next_dagrun for example_xcom_args to None, run_after=None
[2024-12-14 15:52:02,509] {logging_mixin.py:115} INFO - [2024-12-14 15:52:02,509] {dag.py:2927} INFO - Setting next_dagrun for example_xcom_args_with_operators to None, run_after=None
[2024-12-14 15:52:02,527] {processor.py:161} INFO - Processing /home/dev/curso/ambientevirtual/lib/python3.9/site-packages/airflow/example_dags/example_xcomargs.py took 0.115 seconds
[2024-12-14 15:52:34,576] {processor.py:153} INFO - Started process (PID=48374) to work on /home/dev/curso/ambientevirtual/lib/python3.9/site-packages/airflow/example_dags/example_xcomargs.py
[2024-12-14 15:52:34,576] {processor.py:641} INFO - Processing file /home/dev/curso/ambientevirtual/lib/python3.9/site-packages/airflow/example_dags/example_xcomargs.py for tasks to queue
[2024-12-14 15:52:34,577] {logging_mixin.py:115} INFO - [2024-12-14 15:52:34,577] {dagbag.py:507} INFO - Filling up the DagBag from /home/dev/curso/ambientevirtual/lib/python3.9/site-packages/airflow/example_dags/example_xcomargs.py
[2024-12-14 15:52:34,598] {processor.py:651} INFO - DAG(s) dict_keys(['example_xcom_args', 'example_xcom_args_with_operators']) retrieved from /home/dev/curso/ambientevirtual/lib/python3.9/site-packages/airflow/example_dags/example_xcomargs.py
[2024-12-14 15:52:34,649] {logging_mixin.py:115} INFO - [2024-12-14 15:52:34,649] {dag.py:2379} INFO - Sync 2 DAGs
[2024-12-14 15:52:34,670] {logging_mixin.py:115} INFO - [2024-12-14 15:52:34,670] {dag.py:2927} INFO - Setting next_dagrun for example_xcom_args to None, run_after=None
[2024-12-14 15:52:34,670] {logging_mixin.py:115} INFO - [2024-12-14 15:52:34,670] {dag.py:2927} INFO - Setting next_dagrun for example_xcom_args_with_operators to None, run_after=None
[2024-12-14 15:52:34,688] {processor.py:161} INFO - Processing /home/dev/curso/ambientevirtual/lib/python3.9/site-packages/airflow/example_dags/example_xcomargs.py took 0.116 seconds
[2024-12-14 15:53:07,655] {processor.py:153} INFO - Started process (PID=48494) to work on /home/dev/curso/ambientevirtual/lib/python3.9/site-packages/airflow/example_dags/example_xcomargs.py
[2024-12-14 15:53:07,657] {processor.py:641} INFO - Processing file /home/dev/curso/ambientevirtual/lib/python3.9/site-packages/airflow/example_dags/example_xcomargs.py for tasks to queue
[2024-12-14 15:53:07,658] {logging_mixin.py:115} INFO - [2024-12-14 15:53:07,658] {dagbag.py:507} INFO - Filling up the DagBag from /home/dev/curso/ambientevirtual/lib/python3.9/site-packages/airflow/example_dags/example_xcomargs.py
[2024-12-14 15:53:07,683] {processor.py:651} INFO - DAG(s) dict_keys(['example_xcom_args', 'example_xcom_args_with_operators']) retrieved from /home/dev/curso/ambientevirtual/lib/python3.9/site-packages/airflow/example_dags/example_xcomargs.py
[2024-12-14 15:53:07,706] {logging_mixin.py:115} INFO - [2024-12-14 15:53:07,706] {dag.py:2379} INFO - Sync 2 DAGs
[2024-12-14 15:53:07,728] {logging_mixin.py:115} INFO - [2024-12-14 15:53:07,728] {dag.py:2927} INFO - Setting next_dagrun for example_xcom_args to None, run_after=None
[2024-12-14 15:53:07,728] {logging_mixin.py:115} INFO - [2024-12-14 15:53:07,728] {dag.py:2927} INFO - Setting next_dagrun for example_xcom_args_with_operators to None, run_after=None
[2024-12-14 15:53:07,746] {processor.py:161} INFO - Processing /home/dev/curso/ambientevirtual/lib/python3.9/site-packages/airflow/example_dags/example_xcomargs.py took 0.097 seconds
[2024-12-14 15:53:42,046] {processor.py:153} INFO - Started process (PID=48623) to work on /home/dev/curso/ambientevirtual/lib/python3.9/site-packages/airflow/example_dags/example_xcomargs.py
[2024-12-14 15:53:42,047] {processor.py:641} INFO - Processing file /home/dev/curso/ambientevirtual/lib/python3.9/site-packages/airflow/example_dags/example_xcomargs.py for tasks to queue
[2024-12-14 15:53:42,048] {logging_mixin.py:115} INFO - [2024-12-14 15:53:42,048] {dagbag.py:507} INFO - Filling up the DagBag from /home/dev/curso/ambientevirtual/lib/python3.9/site-packages/airflow/example_dags/example_xcomargs.py
[2024-12-14 15:53:42,070] {processor.py:651} INFO - DAG(s) dict_keys(['example_xcom_args', 'example_xcom_args_with_operators']) retrieved from /home/dev/curso/ambientevirtual/lib/python3.9/site-packages/airflow/example_dags/example_xcomargs.py
[2024-12-14 15:53:42,121] {logging_mixin.py:115} INFO - [2024-12-14 15:53:42,121] {dag.py:2379} INFO - Sync 2 DAGs
[2024-12-14 15:53:42,139] {logging_mixin.py:115} INFO - [2024-12-14 15:53:42,139] {dag.py:2927} INFO - Setting next_dagrun for example_xcom_args to None, run_after=None
[2024-12-14 15:53:42,139] {logging_mixin.py:115} INFO - [2024-12-14 15:53:42,139] {dag.py:2927} INFO - Setting next_dagrun for example_xcom_args_with_operators to None, run_after=None
[2024-12-14 15:53:42,156] {processor.py:161} INFO - Processing /home/dev/curso/ambientevirtual/lib/python3.9/site-packages/airflow/example_dags/example_xcomargs.py took 0.113 seconds
[2024-12-14 15:54:17,425] {processor.py:153} INFO - Started process (PID=48752) to work on /home/dev/curso/ambientevirtual/lib/python3.9/site-packages/airflow/example_dags/example_xcomargs.py
[2024-12-14 15:54:17,426] {processor.py:641} INFO - Processing file /home/dev/curso/ambientevirtual/lib/python3.9/site-packages/airflow/example_dags/example_xcomargs.py for tasks to queue
[2024-12-14 15:54:17,427] {logging_mixin.py:115} INFO - [2024-12-14 15:54:17,427] {dagbag.py:507} INFO - Filling up the DagBag from /home/dev/curso/ambientevirtual/lib/python3.9/site-packages/airflow/example_dags/example_xcomargs.py
[2024-12-14 15:54:17,458] {processor.py:651} INFO - DAG(s) dict_keys(['example_xcom_args', 'example_xcom_args_with_operators']) retrieved from /home/dev/curso/ambientevirtual/lib/python3.9/site-packages/airflow/example_dags/example_xcomargs.py
[2024-12-14 15:54:17,479] {logging_mixin.py:115} INFO - [2024-12-14 15:54:17,478] {dag.py:2379} INFO - Sync 2 DAGs
[2024-12-14 15:54:17,499] {logging_mixin.py:115} INFO - [2024-12-14 15:54:17,498] {dag.py:2927} INFO - Setting next_dagrun for example_xcom_args to None, run_after=None
[2024-12-14 15:54:17,499] {logging_mixin.py:115} INFO - [2024-12-14 15:54:17,499] {dag.py:2927} INFO - Setting next_dagrun for example_xcom_args_with_operators to None, run_after=None
[2024-12-14 15:54:17,515] {processor.py:161} INFO - Processing /home/dev/curso/ambientevirtual/lib/python3.9/site-packages/airflow/example_dags/example_xcomargs.py took 0.096 seconds
[2024-12-14 15:54:52,330] {processor.py:153} INFO - Started process (PID=48875) to work on /home/dev/curso/ambientevirtual/lib/python3.9/site-packages/airflow/example_dags/example_xcomargs.py
[2024-12-14 15:54:52,331] {processor.py:641} INFO - Processing file /home/dev/curso/ambientevirtual/lib/python3.9/site-packages/airflow/example_dags/example_xcomargs.py for tasks to queue
[2024-12-14 15:54:52,332] {logging_mixin.py:115} INFO - [2024-12-14 15:54:52,332] {dagbag.py:507} INFO - Filling up the DagBag from /home/dev/curso/ambientevirtual/lib/python3.9/site-packages/airflow/example_dags/example_xcomargs.py
[2024-12-14 15:54:52,360] {processor.py:651} INFO - DAG(s) dict_keys(['example_xcom_args', 'example_xcom_args_with_operators']) retrieved from /home/dev/curso/ambientevirtual/lib/python3.9/site-packages/airflow/example_dags/example_xcomargs.py
[2024-12-14 15:54:52,427] {logging_mixin.py:115} INFO - [2024-12-14 15:54:52,426] {dag.py:2379} INFO - Sync 2 DAGs
[2024-12-14 15:54:52,452] {logging_mixin.py:115} INFO - [2024-12-14 15:54:52,452] {dag.py:2927} INFO - Setting next_dagrun for example_xcom_args to None, run_after=None
[2024-12-14 15:54:52,453] {logging_mixin.py:115} INFO - [2024-12-14 15:54:52,453] {dag.py:2927} INFO - Setting next_dagrun for example_xcom_args_with_operators to None, run_after=None
[2024-12-14 15:54:52,477] {processor.py:161} INFO - Processing /home/dev/curso/ambientevirtual/lib/python3.9/site-packages/airflow/example_dags/example_xcomargs.py took 0.153 seconds
[2024-12-14 15:55:25,305] {processor.py:153} INFO - Started process (PID=48997) to work on /home/dev/curso/ambientevirtual/lib/python3.9/site-packages/airflow/example_dags/example_xcomargs.py
[2024-12-14 15:55:25,306] {processor.py:641} INFO - Processing file /home/dev/curso/ambientevirtual/lib/python3.9/site-packages/airflow/example_dags/example_xcomargs.py for tasks to queue
[2024-12-14 15:55:25,306] {logging_mixin.py:115} INFO - [2024-12-14 15:55:25,306] {dagbag.py:507} INFO - Filling up the DagBag from /home/dev/curso/ambientevirtual/lib/python3.9/site-packages/airflow/example_dags/example_xcomargs.py
[2024-12-14 15:55:25,334] {processor.py:651} INFO - DAG(s) dict_keys(['example_xcom_args', 'example_xcom_args_with_operators']) retrieved from /home/dev/curso/ambientevirtual/lib/python3.9/site-packages/airflow/example_dags/example_xcomargs.py
[2024-12-14 15:55:25,385] {logging_mixin.py:115} INFO - [2024-12-14 15:55:25,385] {dag.py:2379} INFO - Sync 2 DAGs
[2024-12-14 15:55:25,402] {logging_mixin.py:115} INFO - [2024-12-14 15:55:25,402] {dag.py:2927} INFO - Setting next_dagrun for example_xcom_args to None, run_after=None
[2024-12-14 15:55:25,403] {logging_mixin.py:115} INFO - [2024-12-14 15:55:25,402] {dag.py:2927} INFO - Setting next_dagrun for example_xcom_args_with_operators to None, run_after=None
[2024-12-14 15:55:25,420] {processor.py:161} INFO - Processing /home/dev/curso/ambientevirtual/lib/python3.9/site-packages/airflow/example_dags/example_xcomargs.py took 0.119 seconds
[2024-12-14 15:56:01,670] {processor.py:153} INFO - Started process (PID=49133) to work on /home/dev/curso/ambientevirtual/lib/python3.9/site-packages/airflow/example_dags/example_xcomargs.py
[2024-12-14 15:56:01,672] {processor.py:641} INFO - Processing file /home/dev/curso/ambientevirtual/lib/python3.9/site-packages/airflow/example_dags/example_xcomargs.py for tasks to queue
[2024-12-14 15:56:01,673] {logging_mixin.py:115} INFO - [2024-12-14 15:56:01,673] {dagbag.py:507} INFO - Filling up the DagBag from /home/dev/curso/ambientevirtual/lib/python3.9/site-packages/airflow/example_dags/example_xcomargs.py
[2024-12-14 15:56:01,712] {processor.py:651} INFO - DAG(s) dict_keys(['example_xcom_args', 'example_xcom_args_with_operators']) retrieved from /home/dev/curso/ambientevirtual/lib/python3.9/site-packages/airflow/example_dags/example_xcomargs.py
[2024-12-14 15:56:01,776] {logging_mixin.py:115} INFO - [2024-12-14 15:56:01,776] {dag.py:2379} INFO - Sync 2 DAGs
[2024-12-14 15:56:01,806] {logging_mixin.py:115} INFO - [2024-12-14 15:56:01,806] {dag.py:2927} INFO - Setting next_dagrun for example_xcom_args to None, run_after=None
[2024-12-14 15:56:01,806] {logging_mixin.py:115} INFO - [2024-12-14 15:56:01,806] {dag.py:2927} INFO - Setting next_dagrun for example_xcom_args_with_operators to None, run_after=None
[2024-12-14 15:56:01,826] {processor.py:161} INFO - Processing /home/dev/curso/ambientevirtual/lib/python3.9/site-packages/airflow/example_dags/example_xcomargs.py took 0.168 seconds
[2024-12-14 15:56:36,147] {processor.py:153} INFO - Started process (PID=49255) to work on /home/dev/curso/ambientevirtual/lib/python3.9/site-packages/airflow/example_dags/example_xcomargs.py
[2024-12-14 15:56:36,148] {processor.py:641} INFO - Processing file /home/dev/curso/ambientevirtual/lib/python3.9/site-packages/airflow/example_dags/example_xcomargs.py for tasks to queue
[2024-12-14 15:56:36,148] {logging_mixin.py:115} INFO - [2024-12-14 15:56:36,148] {dagbag.py:507} INFO - Filling up the DagBag from /home/dev/curso/ambientevirtual/lib/python3.9/site-packages/airflow/example_dags/example_xcomargs.py
[2024-12-14 15:56:36,176] {processor.py:651} INFO - DAG(s) dict_keys(['example_xcom_args', 'example_xcom_args_with_operators']) retrieved from /home/dev/curso/ambientevirtual/lib/python3.9/site-packages/airflow/example_dags/example_xcomargs.py
[2024-12-14 15:56:36,243] {logging_mixin.py:115} INFO - [2024-12-14 15:56:36,243] {dag.py:2379} INFO - Sync 2 DAGs
[2024-12-14 15:56:36,269] {logging_mixin.py:115} INFO - [2024-12-14 15:56:36,269] {dag.py:2927} INFO - Setting next_dagrun for example_xcom_args to None, run_after=None
[2024-12-14 15:56:36,269] {logging_mixin.py:115} INFO - [2024-12-14 15:56:36,269] {dag.py:2927} INFO - Setting next_dagrun for example_xcom_args_with_operators to None, run_after=None
[2024-12-14 15:56:36,291] {processor.py:161} INFO - Processing /home/dev/curso/ambientevirtual/lib/python3.9/site-packages/airflow/example_dags/example_xcomargs.py took 0.148 seconds
[2024-12-14 15:57:11,843] {processor.py:153} INFO - Started process (PID=49448) to work on /home/dev/curso/ambientevirtual/lib/python3.9/site-packages/airflow/example_dags/example_xcomargs.py
[2024-12-14 15:57:11,844] {processor.py:641} INFO - Processing file /home/dev/curso/ambientevirtual/lib/python3.9/site-packages/airflow/example_dags/example_xcomargs.py for tasks to queue
[2024-12-14 15:57:11,844] {logging_mixin.py:115} INFO - [2024-12-14 15:57:11,844] {dagbag.py:507} INFO - Filling up the DagBag from /home/dev/curso/ambientevirtual/lib/python3.9/site-packages/airflow/example_dags/example_xcomargs.py
[2024-12-14 15:57:11,871] {processor.py:651} INFO - DAG(s) dict_keys(['example_xcom_args', 'example_xcom_args_with_operators']) retrieved from /home/dev/curso/ambientevirtual/lib/python3.9/site-packages/airflow/example_dags/example_xcomargs.py
[2024-12-14 15:57:11,898] {logging_mixin.py:115} INFO - [2024-12-14 15:57:11,898] {dag.py:2379} INFO - Sync 2 DAGs
[2024-12-14 15:57:11,918] {logging_mixin.py:115} INFO - [2024-12-14 15:57:11,917] {dag.py:2927} INFO - Setting next_dagrun for example_xcom_args to None, run_after=None
[2024-12-14 15:57:11,918] {logging_mixin.py:115} INFO - [2024-12-14 15:57:11,918] {dag.py:2927} INFO - Setting next_dagrun for example_xcom_args_with_operators to None, run_after=None
[2024-12-14 15:57:11,940] {processor.py:161} INFO - Processing /home/dev/curso/ambientevirtual/lib/python3.9/site-packages/airflow/example_dags/example_xcomargs.py took 0.102 seconds
[2024-12-14 15:57:42,512] {processor.py:153} INFO - Started process (PID=49554) to work on /home/dev/curso/ambientevirtual/lib/python3.9/site-packages/airflow/example_dags/example_xcomargs.py
[2024-12-14 15:57:42,513] {processor.py:641} INFO - Processing file /home/dev/curso/ambientevirtual/lib/python3.9/site-packages/airflow/example_dags/example_xcomargs.py for tasks to queue
[2024-12-14 15:57:42,513] {logging_mixin.py:115} INFO - [2024-12-14 15:57:42,513] {dagbag.py:507} INFO - Filling up the DagBag from /home/dev/curso/ambientevirtual/lib/python3.9/site-packages/airflow/example_dags/example_xcomargs.py
[2024-12-14 15:57:42,540] {processor.py:651} INFO - DAG(s) dict_keys(['example_xcom_args', 'example_xcom_args_with_operators']) retrieved from /home/dev/curso/ambientevirtual/lib/python3.9/site-packages/airflow/example_dags/example_xcomargs.py
[2024-12-14 15:57:42,567] {logging_mixin.py:115} INFO - [2024-12-14 15:57:42,567] {dag.py:2379} INFO - Sync 2 DAGs
[2024-12-14 15:57:42,588] {logging_mixin.py:115} INFO - [2024-12-14 15:57:42,588] {dag.py:2927} INFO - Setting next_dagrun for example_xcom_args to None, run_after=None
[2024-12-14 15:57:42,588] {logging_mixin.py:115} INFO - [2024-12-14 15:57:42,588] {dag.py:2927} INFO - Setting next_dagrun for example_xcom_args_with_operators to None, run_after=None
[2024-12-14 15:57:42,610] {processor.py:161} INFO - Processing /home/dev/curso/ambientevirtual/lib/python3.9/site-packages/airflow/example_dags/example_xcomargs.py took 0.102 seconds
[2024-12-14 15:58:16,721] {processor.py:153} INFO - Started process (PID=49682) to work on /home/dev/curso/ambientevirtual/lib/python3.9/site-packages/airflow/example_dags/example_xcomargs.py
[2024-12-14 15:58:16,722] {processor.py:641} INFO - Processing file /home/dev/curso/ambientevirtual/lib/python3.9/site-packages/airflow/example_dags/example_xcomargs.py for tasks to queue
[2024-12-14 15:58:16,722] {logging_mixin.py:115} INFO - [2024-12-14 15:58:16,722] {dagbag.py:507} INFO - Filling up the DagBag from /home/dev/curso/ambientevirtual/lib/python3.9/site-packages/airflow/example_dags/example_xcomargs.py
[2024-12-14 15:58:16,749] {processor.py:651} INFO - DAG(s) dict_keys(['example_xcom_args', 'example_xcom_args_with_operators']) retrieved from /home/dev/curso/ambientevirtual/lib/python3.9/site-packages/airflow/example_dags/example_xcomargs.py
[2024-12-14 15:58:16,776] {logging_mixin.py:115} INFO - [2024-12-14 15:58:16,776] {dag.py:2379} INFO - Sync 2 DAGs
[2024-12-14 15:58:16,800] {logging_mixin.py:115} INFO - [2024-12-14 15:58:16,800] {dag.py:2927} INFO - Setting next_dagrun for example_xcom_args to None, run_after=None
[2024-12-14 15:58:16,801] {logging_mixin.py:115} INFO - [2024-12-14 15:58:16,801] {dag.py:2927} INFO - Setting next_dagrun for example_xcom_args_with_operators to None, run_after=None
[2024-12-14 15:58:16,818] {processor.py:161} INFO - Processing /home/dev/curso/ambientevirtual/lib/python3.9/site-packages/airflow/example_dags/example_xcomargs.py took 0.101 seconds
[2024-12-14 15:58:50,688] {processor.py:153} INFO - Started process (PID=49804) to work on /home/dev/curso/ambientevirtual/lib/python3.9/site-packages/airflow/example_dags/example_xcomargs.py
[2024-12-14 15:58:50,690] {processor.py:641} INFO - Processing file /home/dev/curso/ambientevirtual/lib/python3.9/site-packages/airflow/example_dags/example_xcomargs.py for tasks to queue
[2024-12-14 15:58:50,691] {logging_mixin.py:115} INFO - [2024-12-14 15:58:50,690] {dagbag.py:507} INFO - Filling up the DagBag from /home/dev/curso/ambientevirtual/lib/python3.9/site-packages/airflow/example_dags/example_xcomargs.py
[2024-12-14 15:58:50,719] {processor.py:651} INFO - DAG(s) dict_keys(['example_xcom_args', 'example_xcom_args_with_operators']) retrieved from /home/dev/curso/ambientevirtual/lib/python3.9/site-packages/airflow/example_dags/example_xcomargs.py
[2024-12-14 15:58:50,772] {logging_mixin.py:115} INFO - [2024-12-14 15:58:50,772] {dag.py:2379} INFO - Sync 2 DAGs
[2024-12-14 15:58:50,789] {logging_mixin.py:115} INFO - [2024-12-14 15:58:50,789] {dag.py:2927} INFO - Setting next_dagrun for example_xcom_args to None, run_after=None
[2024-12-14 15:58:50,789] {logging_mixin.py:115} INFO - [2024-12-14 15:58:50,789] {dag.py:2927} INFO - Setting next_dagrun for example_xcom_args_with_operators to None, run_after=None
[2024-12-14 15:58:50,806] {processor.py:161} INFO - Processing /home/dev/curso/ambientevirtual/lib/python3.9/site-packages/airflow/example_dags/example_xcomargs.py took 0.125 seconds
[2024-12-14 15:59:26,087] {processor.py:153} INFO - Started process (PID=49933) to work on /home/dev/curso/ambientevirtual/lib/python3.9/site-packages/airflow/example_dags/example_xcomargs.py
[2024-12-14 15:59:26,087] {processor.py:641} INFO - Processing file /home/dev/curso/ambientevirtual/lib/python3.9/site-packages/airflow/example_dags/example_xcomargs.py for tasks to queue
[2024-12-14 15:59:26,088] {logging_mixin.py:115} INFO - [2024-12-14 15:59:26,088] {dagbag.py:507} INFO - Filling up the DagBag from /home/dev/curso/ambientevirtual/lib/python3.9/site-packages/airflow/example_dags/example_xcomargs.py
[2024-12-14 15:59:26,111] {processor.py:651} INFO - DAG(s) dict_keys(['example_xcom_args', 'example_xcom_args_with_operators']) retrieved from /home/dev/curso/ambientevirtual/lib/python3.9/site-packages/airflow/example_dags/example_xcomargs.py
[2024-12-14 15:59:26,162] {logging_mixin.py:115} INFO - [2024-12-14 15:59:26,162] {dag.py:2379} INFO - Sync 2 DAGs
[2024-12-14 15:59:26,179] {logging_mixin.py:115} INFO - [2024-12-14 15:59:26,179] {dag.py:2927} INFO - Setting next_dagrun for example_xcom_args to None, run_after=None
[2024-12-14 15:59:26,179] {logging_mixin.py:115} INFO - [2024-12-14 15:59:26,179] {dag.py:2927} INFO - Setting next_dagrun for example_xcom_args_with_operators to None, run_after=None
[2024-12-14 15:59:26,197] {processor.py:161} INFO - Processing /home/dev/curso/ambientevirtual/lib/python3.9/site-packages/airflow/example_dags/example_xcomargs.py took 0.115 seconds
[2024-12-14 16:00:01,148] {processor.py:153} INFO - Started process (PID=50062) to work on /home/dev/curso/ambientevirtual/lib/python3.9/site-packages/airflow/example_dags/example_xcomargs.py
[2024-12-14 16:00:01,149] {processor.py:641} INFO - Processing file /home/dev/curso/ambientevirtual/lib/python3.9/site-packages/airflow/example_dags/example_xcomargs.py for tasks to queue
[2024-12-14 16:00:01,150] {logging_mixin.py:115} INFO - [2024-12-14 16:00:01,150] {dagbag.py:507} INFO - Filling up the DagBag from /home/dev/curso/ambientevirtual/lib/python3.9/site-packages/airflow/example_dags/example_xcomargs.py
[2024-12-14 16:00:01,173] {processor.py:651} INFO - DAG(s) dict_keys(['example_xcom_args', 'example_xcom_args_with_operators']) retrieved from /home/dev/curso/ambientevirtual/lib/python3.9/site-packages/airflow/example_dags/example_xcomargs.py
[2024-12-14 16:00:01,195] {logging_mixin.py:115} INFO - [2024-12-14 16:00:01,195] {dag.py:2379} INFO - Sync 2 DAGs
[2024-12-14 16:00:01,215] {logging_mixin.py:115} INFO - [2024-12-14 16:00:01,215] {dag.py:2927} INFO - Setting next_dagrun for example_xcom_args to None, run_after=None
[2024-12-14 16:00:01,216] {logging_mixin.py:115} INFO - [2024-12-14 16:00:01,216] {dag.py:2927} INFO - Setting next_dagrun for example_xcom_args_with_operators to None, run_after=None
[2024-12-14 16:00:01,232] {processor.py:161} INFO - Processing /home/dev/curso/ambientevirtual/lib/python3.9/site-packages/airflow/example_dags/example_xcomargs.py took 0.087 seconds
[2024-12-14 16:00:34,626] {processor.py:153} INFO - Started process (PID=50183) to work on /home/dev/curso/ambientevirtual/lib/python3.9/site-packages/airflow/example_dags/example_xcomargs.py
[2024-12-14 16:00:34,626] {processor.py:641} INFO - Processing file /home/dev/curso/ambientevirtual/lib/python3.9/site-packages/airflow/example_dags/example_xcomargs.py for tasks to queue
[2024-12-14 16:00:34,627] {logging_mixin.py:115} INFO - [2024-12-14 16:00:34,627] {dagbag.py:507} INFO - Filling up the DagBag from /home/dev/curso/ambientevirtual/lib/python3.9/site-packages/airflow/example_dags/example_xcomargs.py
[2024-12-14 16:00:34,654] {processor.py:651} INFO - DAG(s) dict_keys(['example_xcom_args', 'example_xcom_args_with_operators']) retrieved from /home/dev/curso/ambientevirtual/lib/python3.9/site-packages/airflow/example_dags/example_xcomargs.py
[2024-12-14 16:00:34,719] {logging_mixin.py:115} INFO - [2024-12-14 16:00:34,719] {dag.py:2379} INFO - Sync 2 DAGs
[2024-12-14 16:00:34,737] {logging_mixin.py:115} INFO - [2024-12-14 16:00:34,737] {dag.py:2927} INFO - Setting next_dagrun for example_xcom_args to None, run_after=None
[2024-12-14 16:00:34,737] {logging_mixin.py:115} INFO - [2024-12-14 16:00:34,737] {dag.py:2927} INFO - Setting next_dagrun for example_xcom_args_with_operators to None, run_after=None
[2024-12-14 16:00:34,761] {processor.py:161} INFO - Processing /home/dev/curso/ambientevirtual/lib/python3.9/site-packages/airflow/example_dags/example_xcomargs.py took 0.141 seconds
[2024-12-14 16:01:10,050] {processor.py:153} INFO - Started process (PID=50486) to work on /home/dev/curso/ambientevirtual/lib/python3.9/site-packages/airflow/example_dags/example_xcomargs.py
[2024-12-14 16:01:10,052] {processor.py:641} INFO - Processing file /home/dev/curso/ambientevirtual/lib/python3.9/site-packages/airflow/example_dags/example_xcomargs.py for tasks to queue
[2024-12-14 16:01:10,053] {logging_mixin.py:115} INFO - [2024-12-14 16:01:10,052] {dagbag.py:507} INFO - Filling up the DagBag from /home/dev/curso/ambientevirtual/lib/python3.9/site-packages/airflow/example_dags/example_xcomargs.py
[2024-12-14 16:01:10,084] {processor.py:651} INFO - DAG(s) dict_keys(['example_xcom_args', 'example_xcom_args_with_operators']) retrieved from /home/dev/curso/ambientevirtual/lib/python3.9/site-packages/airflow/example_dags/example_xcomargs.py
[2024-12-14 16:01:10,112] {logging_mixin.py:115} INFO - [2024-12-14 16:01:10,112] {dag.py:2379} INFO - Sync 2 DAGs
[2024-12-14 16:01:10,136] {logging_mixin.py:115} INFO - [2024-12-14 16:01:10,136] {dag.py:2927} INFO - Setting next_dagrun for example_xcom_args to None, run_after=None
[2024-12-14 16:01:10,137] {logging_mixin.py:115} INFO - [2024-12-14 16:01:10,137] {dag.py:2927} INFO - Setting next_dagrun for example_xcom_args_with_operators to None, run_after=None
[2024-12-14 16:01:10,153] {processor.py:161} INFO - Processing /home/dev/curso/ambientevirtual/lib/python3.9/site-packages/airflow/example_dags/example_xcomargs.py took 0.108 seconds
[2024-12-14 16:01:41,908] {processor.py:153} INFO - Started process (PID=50602) to work on /home/dev/curso/ambientevirtual/lib/python3.9/site-packages/airflow/example_dags/example_xcomargs.py
[2024-12-14 16:01:41,913] {processor.py:641} INFO - Processing file /home/dev/curso/ambientevirtual/lib/python3.9/site-packages/airflow/example_dags/example_xcomargs.py for tasks to queue
[2024-12-14 16:01:41,915] {logging_mixin.py:115} INFO - [2024-12-14 16:01:41,915] {dagbag.py:507} INFO - Filling up the DagBag from /home/dev/curso/ambientevirtual/lib/python3.9/site-packages/airflow/example_dags/example_xcomargs.py
[2024-12-14 16:01:41,958] {processor.py:651} INFO - DAG(s) dict_keys(['example_xcom_args', 'example_xcom_args_with_operators']) retrieved from /home/dev/curso/ambientevirtual/lib/python3.9/site-packages/airflow/example_dags/example_xcomargs.py
[2024-12-14 16:01:42,021] {logging_mixin.py:115} INFO - [2024-12-14 16:01:42,021] {dag.py:2379} INFO - Sync 2 DAGs
[2024-12-14 16:01:42,039] {logging_mixin.py:115} INFO - [2024-12-14 16:01:42,039] {dag.py:2927} INFO - Setting next_dagrun for example_xcom_args to None, run_after=None
[2024-12-14 16:01:42,040] {logging_mixin.py:115} INFO - [2024-12-14 16:01:42,040] {dag.py:2927} INFO - Setting next_dagrun for example_xcom_args_with_operators to None, run_after=None
[2024-12-14 16:01:42,059] {processor.py:161} INFO - Processing /home/dev/curso/ambientevirtual/lib/python3.9/site-packages/airflow/example_dags/example_xcomargs.py took 0.158 seconds
[2024-12-14 16:02:19,244] {processor.py:153} INFO - Started process (PID=50795) to work on /home/dev/curso/ambientevirtual/lib/python3.9/site-packages/airflow/example_dags/example_xcomargs.py
[2024-12-14 16:02:19,246] {processor.py:641} INFO - Processing file /home/dev/curso/ambientevirtual/lib/python3.9/site-packages/airflow/example_dags/example_xcomargs.py for tasks to queue
[2024-12-14 16:02:19,247] {logging_mixin.py:115} INFO - [2024-12-14 16:02:19,247] {dagbag.py:507} INFO - Filling up the DagBag from /home/dev/curso/ambientevirtual/lib/python3.9/site-packages/airflow/example_dags/example_xcomargs.py
[2024-12-14 16:02:19,280] {processor.py:651} INFO - DAG(s) dict_keys(['example_xcom_args', 'example_xcom_args_with_operators']) retrieved from /home/dev/curso/ambientevirtual/lib/python3.9/site-packages/airflow/example_dags/example_xcomargs.py
[2024-12-14 16:02:19,303] {logging_mixin.py:115} INFO - [2024-12-14 16:02:19,303] {dag.py:2379} INFO - Sync 2 DAGs
[2024-12-14 16:02:19,324] {logging_mixin.py:115} INFO - [2024-12-14 16:02:19,324] {dag.py:2927} INFO - Setting next_dagrun for example_xcom_args to None, run_after=None
[2024-12-14 16:02:19,324] {logging_mixin.py:115} INFO - [2024-12-14 16:02:19,324] {dag.py:2927} INFO - Setting next_dagrun for example_xcom_args_with_operators to None, run_after=None
[2024-12-14 16:02:19,340] {processor.py:161} INFO - Processing /home/dev/curso/ambientevirtual/lib/python3.9/site-packages/airflow/example_dags/example_xcomargs.py took 0.103 seconds
[2024-12-14 16:02:49,467] {processor.py:153} INFO - Started process (PID=50909) to work on /home/dev/curso/ambientevirtual/lib/python3.9/site-packages/airflow/example_dags/example_xcomargs.py
[2024-12-14 16:02:49,469] {processor.py:641} INFO - Processing file /home/dev/curso/ambientevirtual/lib/python3.9/site-packages/airflow/example_dags/example_xcomargs.py for tasks to queue
[2024-12-14 16:02:49,470] {logging_mixin.py:115} INFO - [2024-12-14 16:02:49,469] {dagbag.py:507} INFO - Filling up the DagBag from /home/dev/curso/ambientevirtual/lib/python3.9/site-packages/airflow/example_dags/example_xcomargs.py
[2024-12-14 16:02:49,493] {processor.py:651} INFO - DAG(s) dict_keys(['example_xcom_args', 'example_xcom_args_with_operators']) retrieved from /home/dev/curso/ambientevirtual/lib/python3.9/site-packages/airflow/example_dags/example_xcomargs.py
[2024-12-14 16:02:49,516] {logging_mixin.py:115} INFO - [2024-12-14 16:02:49,516] {dag.py:2379} INFO - Sync 2 DAGs
[2024-12-14 16:02:49,536] {logging_mixin.py:115} INFO - [2024-12-14 16:02:49,536] {dag.py:2927} INFO - Setting next_dagrun for example_xcom_args to None, run_after=None
[2024-12-14 16:02:49,536] {logging_mixin.py:115} INFO - [2024-12-14 16:02:49,536] {dag.py:2927} INFO - Setting next_dagrun for example_xcom_args_with_operators to None, run_after=None
[2024-12-14 16:02:49,553] {processor.py:161} INFO - Processing /home/dev/curso/ambientevirtual/lib/python3.9/site-packages/airflow/example_dags/example_xcomargs.py took 0.093 seconds
[2024-12-14 16:03:24,994] {processor.py:153} INFO - Started process (PID=51039) to work on /home/dev/curso/ambientevirtual/lib/python3.9/site-packages/airflow/example_dags/example_xcomargs.py
[2024-12-14 16:03:24,996] {processor.py:641} INFO - Processing file /home/dev/curso/ambientevirtual/lib/python3.9/site-packages/airflow/example_dags/example_xcomargs.py for tasks to queue
[2024-12-14 16:03:24,997] {logging_mixin.py:115} INFO - [2024-12-14 16:03:24,996] {dagbag.py:507} INFO - Filling up the DagBag from /home/dev/curso/ambientevirtual/lib/python3.9/site-packages/airflow/example_dags/example_xcomargs.py
[2024-12-14 16:03:25,020] {processor.py:651} INFO - DAG(s) dict_keys(['example_xcom_args', 'example_xcom_args_with_operators']) retrieved from /home/dev/curso/ambientevirtual/lib/python3.9/site-packages/airflow/example_dags/example_xcomargs.py
[2024-12-14 16:03:25,042] {logging_mixin.py:115} INFO - [2024-12-14 16:03:25,042] {dag.py:2379} INFO - Sync 2 DAGs
[2024-12-14 16:03:25,062] {logging_mixin.py:115} INFO - [2024-12-14 16:03:25,062] {dag.py:2927} INFO - Setting next_dagrun for example_xcom_args to None, run_after=None
[2024-12-14 16:03:25,062] {logging_mixin.py:115} INFO - [2024-12-14 16:03:25,062] {dag.py:2927} INFO - Setting next_dagrun for example_xcom_args_with_operators to None, run_after=None
[2024-12-14 16:03:25,079] {processor.py:161} INFO - Processing /home/dev/curso/ambientevirtual/lib/python3.9/site-packages/airflow/example_dags/example_xcomargs.py took 0.093 seconds
[2024-12-14 16:04:01,016] {processor.py:153} INFO - Started process (PID=51169) to work on /home/dev/curso/ambientevirtual/lib/python3.9/site-packages/airflow/example_dags/example_xcomargs.py
[2024-12-14 16:04:01,018] {processor.py:641} INFO - Processing file /home/dev/curso/ambientevirtual/lib/python3.9/site-packages/airflow/example_dags/example_xcomargs.py for tasks to queue
[2024-12-14 16:04:01,019] {logging_mixin.py:115} INFO - [2024-12-14 16:04:01,019] {dagbag.py:507} INFO - Filling up the DagBag from /home/dev/curso/ambientevirtual/lib/python3.9/site-packages/airflow/example_dags/example_xcomargs.py
[2024-12-14 16:04:01,051] {processor.py:651} INFO - DAG(s) dict_keys(['example_xcom_args', 'example_xcom_args_with_operators']) retrieved from /home/dev/curso/ambientevirtual/lib/python3.9/site-packages/airflow/example_dags/example_xcomargs.py
[2024-12-14 16:04:01,107] {logging_mixin.py:115} INFO - [2024-12-14 16:04:01,107] {dag.py:2379} INFO - Sync 2 DAGs
[2024-12-14 16:04:01,124] {logging_mixin.py:115} INFO - [2024-12-14 16:04:01,124] {dag.py:2927} INFO - Setting next_dagrun for example_xcom_args to None, run_after=None
[2024-12-14 16:04:01,125] {logging_mixin.py:115} INFO - [2024-12-14 16:04:01,125] {dag.py:2927} INFO - Setting next_dagrun for example_xcom_args_with_operators to None, run_after=None
[2024-12-14 16:04:01,147] {processor.py:161} INFO - Processing /home/dev/curso/ambientevirtual/lib/python3.9/site-packages/airflow/example_dags/example_xcomargs.py took 0.138 seconds
[2024-12-14 16:04:36,920] {processor.py:153} INFO - Started process (PID=51298) to work on /home/dev/curso/ambientevirtual/lib/python3.9/site-packages/airflow/example_dags/example_xcomargs.py
[2024-12-14 16:04:36,921] {processor.py:641} INFO - Processing file /home/dev/curso/ambientevirtual/lib/python3.9/site-packages/airflow/example_dags/example_xcomargs.py for tasks to queue
[2024-12-14 16:04:36,922] {logging_mixin.py:115} INFO - [2024-12-14 16:04:36,922] {dagbag.py:507} INFO - Filling up the DagBag from /home/dev/curso/ambientevirtual/lib/python3.9/site-packages/airflow/example_dags/example_xcomargs.py
[2024-12-14 16:04:36,948] {processor.py:651} INFO - DAG(s) dict_keys(['example_xcom_args', 'example_xcom_args_with_operators']) retrieved from /home/dev/curso/ambientevirtual/lib/python3.9/site-packages/airflow/example_dags/example_xcomargs.py
[2024-12-14 16:04:36,972] {logging_mixin.py:115} INFO - [2024-12-14 16:04:36,971] {dag.py:2379} INFO - Sync 2 DAGs
[2024-12-14 16:04:37,003] {logging_mixin.py:115} INFO - [2024-12-14 16:04:37,003] {dag.py:2927} INFO - Setting next_dagrun for example_xcom_args to None, run_after=None
[2024-12-14 16:04:37,003] {logging_mixin.py:115} INFO - [2024-12-14 16:04:37,003] {dag.py:2927} INFO - Setting next_dagrun for example_xcom_args_with_operators to None, run_after=None
[2024-12-14 16:04:37,026] {processor.py:161} INFO - Processing /home/dev/curso/ambientevirtual/lib/python3.9/site-packages/airflow/example_dags/example_xcomargs.py took 0.112 seconds
[2024-12-14 16:05:07,777] {processor.py:153} INFO - Started process (PID=51411) to work on /home/dev/curso/ambientevirtual/lib/python3.9/site-packages/airflow/example_dags/example_xcomargs.py
[2024-12-14 16:05:07,779] {processor.py:641} INFO - Processing file /home/dev/curso/ambientevirtual/lib/python3.9/site-packages/airflow/example_dags/example_xcomargs.py for tasks to queue
[2024-12-14 16:05:07,781] {logging_mixin.py:115} INFO - [2024-12-14 16:05:07,780] {dagbag.py:507} INFO - Filling up the DagBag from /home/dev/curso/ambientevirtual/lib/python3.9/site-packages/airflow/example_dags/example_xcomargs.py
[2024-12-14 16:05:07,811] {processor.py:651} INFO - DAG(s) dict_keys(['example_xcom_args', 'example_xcom_args_with_operators']) retrieved from /home/dev/curso/ambientevirtual/lib/python3.9/site-packages/airflow/example_dags/example_xcomargs.py
[2024-12-14 16:05:07,833] {logging_mixin.py:115} INFO - [2024-12-14 16:05:07,833] {dag.py:2379} INFO - Sync 2 DAGs
[2024-12-14 16:05:07,853] {logging_mixin.py:115} INFO - [2024-12-14 16:05:07,853] {dag.py:2927} INFO - Setting next_dagrun for example_xcom_args to None, run_after=None
[2024-12-14 16:05:07,854] {logging_mixin.py:115} INFO - [2024-12-14 16:05:07,854] {dag.py:2927} INFO - Setting next_dagrun for example_xcom_args_with_operators to None, run_after=None
[2024-12-14 16:05:07,870] {processor.py:161} INFO - Processing /home/dev/curso/ambientevirtual/lib/python3.9/site-packages/airflow/example_dags/example_xcomargs.py took 0.099 seconds
[2024-12-14 16:05:42,381] {processor.py:153} INFO - Started process (PID=51540) to work on /home/dev/curso/ambientevirtual/lib/python3.9/site-packages/airflow/example_dags/example_xcomargs.py
[2024-12-14 16:05:42,382] {processor.py:641} INFO - Processing file /home/dev/curso/ambientevirtual/lib/python3.9/site-packages/airflow/example_dags/example_xcomargs.py for tasks to queue
[2024-12-14 16:05:42,383] {logging_mixin.py:115} INFO - [2024-12-14 16:05:42,383] {dagbag.py:507} INFO - Filling up the DagBag from /home/dev/curso/ambientevirtual/lib/python3.9/site-packages/airflow/example_dags/example_xcomargs.py
[2024-12-14 16:05:42,417] {processor.py:651} INFO - DAG(s) dict_keys(['example_xcom_args', 'example_xcom_args_with_operators']) retrieved from /home/dev/curso/ambientevirtual/lib/python3.9/site-packages/airflow/example_dags/example_xcomargs.py
[2024-12-14 16:05:42,442] {logging_mixin.py:115} INFO - [2024-12-14 16:05:42,442] {dag.py:2379} INFO - Sync 2 DAGs
[2024-12-14 16:05:42,462] {logging_mixin.py:115} INFO - [2024-12-14 16:05:42,462] {dag.py:2927} INFO - Setting next_dagrun for example_xcom_args to None, run_after=None
[2024-12-14 16:05:42,462] {logging_mixin.py:115} INFO - [2024-12-14 16:05:42,462] {dag.py:2927} INFO - Setting next_dagrun for example_xcom_args_with_operators to None, run_after=None
[2024-12-14 16:05:42,480] {processor.py:161} INFO - Processing /home/dev/curso/ambientevirtual/lib/python3.9/site-packages/airflow/example_dags/example_xcomargs.py took 0.107 seconds
[2024-12-14 16:06:15,627] {processor.py:153} INFO - Started process (PID=51661) to work on /home/dev/curso/ambientevirtual/lib/python3.9/site-packages/airflow/example_dags/example_xcomargs.py
[2024-12-14 16:06:15,629] {processor.py:641} INFO - Processing file /home/dev/curso/ambientevirtual/lib/python3.9/site-packages/airflow/example_dags/example_xcomargs.py for tasks to queue
[2024-12-14 16:06:15,630] {logging_mixin.py:115} INFO - [2024-12-14 16:06:15,630] {dagbag.py:507} INFO - Filling up the DagBag from /home/dev/curso/ambientevirtual/lib/python3.9/site-packages/airflow/example_dags/example_xcomargs.py
[2024-12-14 16:06:15,666] {processor.py:651} INFO - DAG(s) dict_keys(['example_xcom_args', 'example_xcom_args_with_operators']) retrieved from /home/dev/curso/ambientevirtual/lib/python3.9/site-packages/airflow/example_dags/example_xcomargs.py
[2024-12-14 16:06:15,688] {logging_mixin.py:115} INFO - [2024-12-14 16:06:15,688] {dag.py:2379} INFO - Sync 2 DAGs
[2024-12-14 16:06:15,707] {logging_mixin.py:115} INFO - [2024-12-14 16:06:15,707] {dag.py:2927} INFO - Setting next_dagrun for example_xcom_args to None, run_after=None
[2024-12-14 16:06:15,707] {logging_mixin.py:115} INFO - [2024-12-14 16:06:15,707] {dag.py:2927} INFO - Setting next_dagrun for example_xcom_args_with_operators to None, run_after=None
[2024-12-14 16:06:15,726] {processor.py:161} INFO - Processing /home/dev/curso/ambientevirtual/lib/python3.9/site-packages/airflow/example_dags/example_xcomargs.py took 0.105 seconds
[2024-12-14 16:06:47,475] {processor.py:153} INFO - Started process (PID=51833) to work on /home/dev/curso/ambientevirtual/lib/python3.9/site-packages/airflow/example_dags/example_xcomargs.py
[2024-12-14 16:06:47,476] {processor.py:641} INFO - Processing file /home/dev/curso/ambientevirtual/lib/python3.9/site-packages/airflow/example_dags/example_xcomargs.py for tasks to queue
[2024-12-14 16:06:47,477] {logging_mixin.py:115} INFO - [2024-12-14 16:06:47,477] {dagbag.py:507} INFO - Filling up the DagBag from /home/dev/curso/ambientevirtual/lib/python3.9/site-packages/airflow/example_dags/example_xcomargs.py
[2024-12-14 16:06:47,511] {processor.py:651} INFO - DAG(s) dict_keys(['example_xcom_args', 'example_xcom_args_with_operators']) retrieved from /home/dev/curso/ambientevirtual/lib/python3.9/site-packages/airflow/example_dags/example_xcomargs.py
[2024-12-14 16:06:47,584] {logging_mixin.py:115} INFO - [2024-12-14 16:06:47,584] {dag.py:2379} INFO - Sync 2 DAGs
[2024-12-14 16:06:47,603] {logging_mixin.py:115} INFO - [2024-12-14 16:06:47,603] {dag.py:2927} INFO - Setting next_dagrun for example_xcom_args to None, run_after=None
[2024-12-14 16:06:47,604] {logging_mixin.py:115} INFO - [2024-12-14 16:06:47,604] {dag.py:2927} INFO - Setting next_dagrun for example_xcom_args_with_operators to None, run_after=None
[2024-12-14 16:06:47,628] {processor.py:161} INFO - Processing /home/dev/curso/ambientevirtual/lib/python3.9/site-packages/airflow/example_dags/example_xcomargs.py took 0.160 seconds
[2024-12-14 16:07:20,230] {processor.py:153} INFO - Started process (PID=51954) to work on /home/dev/curso/ambientevirtual/lib/python3.9/site-packages/airflow/example_dags/example_xcomargs.py
[2024-12-14 16:07:20,231] {processor.py:641} INFO - Processing file /home/dev/curso/ambientevirtual/lib/python3.9/site-packages/airflow/example_dags/example_xcomargs.py for tasks to queue
[2024-12-14 16:07:20,232] {logging_mixin.py:115} INFO - [2024-12-14 16:07:20,232] {dagbag.py:507} INFO - Filling up the DagBag from /home/dev/curso/ambientevirtual/lib/python3.9/site-packages/airflow/example_dags/example_xcomargs.py
[2024-12-14 16:07:20,260] {processor.py:651} INFO - DAG(s) dict_keys(['example_xcom_args', 'example_xcom_args_with_operators']) retrieved from /home/dev/curso/ambientevirtual/lib/python3.9/site-packages/airflow/example_dags/example_xcomargs.py
[2024-12-14 16:07:20,314] {logging_mixin.py:115} INFO - [2024-12-14 16:07:20,314] {dag.py:2379} INFO - Sync 2 DAGs
[2024-12-14 16:07:20,334] {logging_mixin.py:115} INFO - [2024-12-14 16:07:20,334] {dag.py:2927} INFO - Setting next_dagrun for example_xcom_args to None, run_after=None
[2024-12-14 16:07:20,334] {logging_mixin.py:115} INFO - [2024-12-14 16:07:20,334] {dag.py:2927} INFO - Setting next_dagrun for example_xcom_args_with_operators to None, run_after=None
[2024-12-14 16:07:20,352] {processor.py:161} INFO - Processing /home/dev/curso/ambientevirtual/lib/python3.9/site-packages/airflow/example_dags/example_xcomargs.py took 0.127 seconds
[2024-12-14 16:07:55,583] {processor.py:153} INFO - Started process (PID=52143) to work on /home/dev/curso/ambientevirtual/lib/python3.9/site-packages/airflow/example_dags/example_xcomargs.py
[2024-12-14 16:07:55,584] {processor.py:641} INFO - Processing file /home/dev/curso/ambientevirtual/lib/python3.9/site-packages/airflow/example_dags/example_xcomargs.py for tasks to queue
[2024-12-14 16:07:55,585] {logging_mixin.py:115} INFO - [2024-12-14 16:07:55,585] {dagbag.py:507} INFO - Filling up the DagBag from /home/dev/curso/ambientevirtual/lib/python3.9/site-packages/airflow/example_dags/example_xcomargs.py
[2024-12-14 16:07:55,609] {processor.py:651} INFO - DAG(s) dict_keys(['example_xcom_args', 'example_xcom_args_with_operators']) retrieved from /home/dev/curso/ambientevirtual/lib/python3.9/site-packages/airflow/example_dags/example_xcomargs.py
[2024-12-14 16:07:55,633] {logging_mixin.py:115} INFO - [2024-12-14 16:07:55,633] {dag.py:2379} INFO - Sync 2 DAGs
[2024-12-14 16:07:55,654] {logging_mixin.py:115} INFO - [2024-12-14 16:07:55,654] {dag.py:2927} INFO - Setting next_dagrun for example_xcom_args to None, run_after=None
[2024-12-14 16:07:55,654] {logging_mixin.py:115} INFO - [2024-12-14 16:07:55,654] {dag.py:2927} INFO - Setting next_dagrun for example_xcom_args_with_operators to None, run_after=None
[2024-12-14 16:07:55,674] {processor.py:161} INFO - Processing /home/dev/curso/ambientevirtual/lib/python3.9/site-packages/airflow/example_dags/example_xcomargs.py took 0.097 seconds
[2024-12-14 16:08:31,648] {processor.py:153} INFO - Started process (PID=52388) to work on /home/dev/curso/ambientevirtual/lib/python3.9/site-packages/airflow/example_dags/example_xcomargs.py
[2024-12-14 16:08:31,649] {processor.py:641} INFO - Processing file /home/dev/curso/ambientevirtual/lib/python3.9/site-packages/airflow/example_dags/example_xcomargs.py for tasks to queue
[2024-12-14 16:08:31,650] {logging_mixin.py:115} INFO - [2024-12-14 16:08:31,649] {dagbag.py:507} INFO - Filling up the DagBag from /home/dev/curso/ambientevirtual/lib/python3.9/site-packages/airflow/example_dags/example_xcomargs.py
[2024-12-14 16:08:31,676] {processor.py:651} INFO - DAG(s) dict_keys(['example_xcom_args', 'example_xcom_args_with_operators']) retrieved from /home/dev/curso/ambientevirtual/lib/python3.9/site-packages/airflow/example_dags/example_xcomargs.py
[2024-12-14 16:08:31,703] {logging_mixin.py:115} INFO - [2024-12-14 16:08:31,703] {dag.py:2379} INFO - Sync 2 DAGs
[2024-12-14 16:08:31,730] {logging_mixin.py:115} INFO - [2024-12-14 16:08:31,730] {dag.py:2927} INFO - Setting next_dagrun for example_xcom_args to None, run_after=None
[2024-12-14 16:08:31,730] {logging_mixin.py:115} INFO - [2024-12-14 16:08:31,730] {dag.py:2927} INFO - Setting next_dagrun for example_xcom_args_with_operators to None, run_after=None
[2024-12-14 16:08:31,755] {processor.py:161} INFO - Processing /home/dev/curso/ambientevirtual/lib/python3.9/site-packages/airflow/example_dags/example_xcomargs.py took 0.111 seconds
[2024-12-14 16:09:06,444] {processor.py:153} INFO - Started process (PID=52633) to work on /home/dev/curso/ambientevirtual/lib/python3.9/site-packages/airflow/example_dags/example_xcomargs.py
[2024-12-14 16:09:06,446] {processor.py:641} INFO - Processing file /home/dev/curso/ambientevirtual/lib/python3.9/site-packages/airflow/example_dags/example_xcomargs.py for tasks to queue
[2024-12-14 16:09:06,446] {logging_mixin.py:115} INFO - [2024-12-14 16:09:06,446] {dagbag.py:507} INFO - Filling up the DagBag from /home/dev/curso/ambientevirtual/lib/python3.9/site-packages/airflow/example_dags/example_xcomargs.py
[2024-12-14 16:09:06,474] {processor.py:651} INFO - DAG(s) dict_keys(['example_xcom_args', 'example_xcom_args_with_operators']) retrieved from /home/dev/curso/ambientevirtual/lib/python3.9/site-packages/airflow/example_dags/example_xcomargs.py
[2024-12-14 16:09:06,538] {logging_mixin.py:115} INFO - [2024-12-14 16:09:06,537] {dag.py:2379} INFO - Sync 2 DAGs
[2024-12-14 16:09:06,559] {logging_mixin.py:115} INFO - [2024-12-14 16:09:06,559] {dag.py:2927} INFO - Setting next_dagrun for example_xcom_args to None, run_after=None
[2024-12-14 16:09:06,560] {logging_mixin.py:115} INFO - [2024-12-14 16:09:06,560] {dag.py:2927} INFO - Setting next_dagrun for example_xcom_args_with_operators to None, run_after=None
[2024-12-14 16:09:06,580] {processor.py:161} INFO - Processing /home/dev/curso/ambientevirtual/lib/python3.9/site-packages/airflow/example_dags/example_xcomargs.py took 0.139 seconds
[2024-12-14 16:09:43,261] {processor.py:153} INFO - Started process (PID=52763) to work on /home/dev/curso/ambientevirtual/lib/python3.9/site-packages/airflow/example_dags/example_xcomargs.py
[2024-12-14 16:09:43,263] {processor.py:641} INFO - Processing file /home/dev/curso/ambientevirtual/lib/python3.9/site-packages/airflow/example_dags/example_xcomargs.py for tasks to queue
[2024-12-14 16:09:43,264] {logging_mixin.py:115} INFO - [2024-12-14 16:09:43,264] {dagbag.py:507} INFO - Filling up the DagBag from /home/dev/curso/ambientevirtual/lib/python3.9/site-packages/airflow/example_dags/example_xcomargs.py
[2024-12-14 16:09:43,295] {processor.py:651} INFO - DAG(s) dict_keys(['example_xcom_args', 'example_xcom_args_with_operators']) retrieved from /home/dev/curso/ambientevirtual/lib/python3.9/site-packages/airflow/example_dags/example_xcomargs.py
[2024-12-14 16:09:43,349] {logging_mixin.py:115} INFO - [2024-12-14 16:09:43,348] {dag.py:2379} INFO - Sync 2 DAGs
[2024-12-14 16:09:43,366] {logging_mixin.py:115} INFO - [2024-12-14 16:09:43,365] {dag.py:2927} INFO - Setting next_dagrun for example_xcom_args to None, run_after=None
[2024-12-14 16:09:43,366] {logging_mixin.py:115} INFO - [2024-12-14 16:09:43,366] {dag.py:2927} INFO - Setting next_dagrun for example_xcom_args_with_operators to None, run_after=None
[2024-12-14 16:09:43,383] {processor.py:161} INFO - Processing /home/dev/curso/ambientevirtual/lib/python3.9/site-packages/airflow/example_dags/example_xcomargs.py took 0.130 seconds
[2024-12-14 16:10:16,450] {processor.py:153} INFO - Started process (PID=52885) to work on /home/dev/curso/ambientevirtual/lib/python3.9/site-packages/airflow/example_dags/example_xcomargs.py
[2024-12-14 16:10:16,452] {processor.py:641} INFO - Processing file /home/dev/curso/ambientevirtual/lib/python3.9/site-packages/airflow/example_dags/example_xcomargs.py for tasks to queue
[2024-12-14 16:10:16,452] {logging_mixin.py:115} INFO - [2024-12-14 16:10:16,452] {dagbag.py:507} INFO - Filling up the DagBag from /home/dev/curso/ambientevirtual/lib/python3.9/site-packages/airflow/example_dags/example_xcomargs.py
[2024-12-14 16:10:16,474] {processor.py:651} INFO - DAG(s) dict_keys(['example_xcom_args', 'example_xcom_args_with_operators']) retrieved from /home/dev/curso/ambientevirtual/lib/python3.9/site-packages/airflow/example_dags/example_xcomargs.py
[2024-12-14 16:10:16,494] {logging_mixin.py:115} INFO - [2024-12-14 16:10:16,494] {dag.py:2379} INFO - Sync 2 DAGs
[2024-12-14 16:10:16,513] {logging_mixin.py:115} INFO - [2024-12-14 16:10:16,513] {dag.py:2927} INFO - Setting next_dagrun for example_xcom_args to None, run_after=None
[2024-12-14 16:10:16,513] {logging_mixin.py:115} INFO - [2024-12-14 16:10:16,513] {dag.py:2927} INFO - Setting next_dagrun for example_xcom_args_with_operators to None, run_after=None
[2024-12-14 16:10:16,532] {processor.py:161} INFO - Processing /home/dev/curso/ambientevirtual/lib/python3.9/site-packages/airflow/example_dags/example_xcomargs.py took 0.088 seconds
[2024-12-14 16:10:50,570] {processor.py:153} INFO - Started process (PID=53128) to work on /home/dev/curso/ambientevirtual/lib/python3.9/site-packages/airflow/example_dags/example_xcomargs.py
[2024-12-14 16:10:50,571] {processor.py:641} INFO - Processing file /home/dev/curso/ambientevirtual/lib/python3.9/site-packages/airflow/example_dags/example_xcomargs.py for tasks to queue
[2024-12-14 16:10:50,572] {logging_mixin.py:115} INFO - [2024-12-14 16:10:50,572] {dagbag.py:507} INFO - Filling up the DagBag from /home/dev/curso/ambientevirtual/lib/python3.9/site-packages/airflow/example_dags/example_xcomargs.py
[2024-12-14 16:10:50,607] {processor.py:651} INFO - DAG(s) dict_keys(['example_xcom_args', 'example_xcom_args_with_operators']) retrieved from /home/dev/curso/ambientevirtual/lib/python3.9/site-packages/airflow/example_dags/example_xcomargs.py
[2024-12-14 16:10:50,631] {logging_mixin.py:115} INFO - [2024-12-14 16:10:50,631] {dag.py:2379} INFO - Sync 2 DAGs
[2024-12-14 16:10:50,651] {logging_mixin.py:115} INFO - [2024-12-14 16:10:50,651] {dag.py:2927} INFO - Setting next_dagrun for example_xcom_args to None, run_after=None
[2024-12-14 16:10:50,651] {logging_mixin.py:115} INFO - [2024-12-14 16:10:50,651] {dag.py:2927} INFO - Setting next_dagrun for example_xcom_args_with_operators to None, run_after=None
[2024-12-14 16:10:50,669] {processor.py:161} INFO - Processing /home/dev/curso/ambientevirtual/lib/python3.9/site-packages/airflow/example_dags/example_xcomargs.py took 0.106 seconds
[2024-12-14 16:11:21,984] {processor.py:153} INFO - Started process (PID=53243) to work on /home/dev/curso/ambientevirtual/lib/python3.9/site-packages/airflow/example_dags/example_xcomargs.py
[2024-12-14 16:11:21,986] {processor.py:641} INFO - Processing file /home/dev/curso/ambientevirtual/lib/python3.9/site-packages/airflow/example_dags/example_xcomargs.py for tasks to queue
[2024-12-14 16:11:21,986] {logging_mixin.py:115} INFO - [2024-12-14 16:11:21,986] {dagbag.py:507} INFO - Filling up the DagBag from /home/dev/curso/ambientevirtual/lib/python3.9/site-packages/airflow/example_dags/example_xcomargs.py
[2024-12-14 16:11:22,010] {processor.py:651} INFO - DAG(s) dict_keys(['example_xcom_args', 'example_xcom_args_with_operators']) retrieved from /home/dev/curso/ambientevirtual/lib/python3.9/site-packages/airflow/example_dags/example_xcomargs.py
[2024-12-14 16:11:22,033] {logging_mixin.py:115} INFO - [2024-12-14 16:11:22,033] {dag.py:2379} INFO - Sync 2 DAGs
[2024-12-14 16:11:22,055] {logging_mixin.py:115} INFO - [2024-12-14 16:11:22,054] {dag.py:2927} INFO - Setting next_dagrun for example_xcom_args to None, run_after=None
[2024-12-14 16:11:22,055] {logging_mixin.py:115} INFO - [2024-12-14 16:11:22,055] {dag.py:2927} INFO - Setting next_dagrun for example_xcom_args_with_operators to None, run_after=None
[2024-12-14 16:11:22,073] {processor.py:161} INFO - Processing /home/dev/curso/ambientevirtual/lib/python3.9/site-packages/airflow/example_dags/example_xcomargs.py took 0.101 seconds
