[2024-12-14 15:51:41,543] {processor.py:153} INFO - Started process (PID=47974) to work on /home/dev/curso/ambientevirtual/lib/python3.9/site-packages/airflow/example_dags/example_complex.py
[2024-12-14 15:51:41,544] {processor.py:641} INFO - Processing file /home/dev/curso/ambientevirtual/lib/python3.9/site-packages/airflow/example_dags/example_complex.py for tasks to queue
[2024-12-14 15:51:41,545] {logging_mixin.py:115} INFO - [2024-12-14 15:51:41,544] {dagbag.py:507} INFO - Filling up the DagBag from /home/dev/curso/ambientevirtual/lib/python3.9/site-packages/airflow/example_dags/example_complex.py
[2024-12-14 15:51:41,570] {processor.py:651} INFO - DAG(s) dict_keys(['example_complex']) retrieved from /home/dev/curso/ambientevirtual/lib/python3.9/site-packages/airflow/example_dags/example_complex.py
[2024-12-14 15:51:41,654] {logging_mixin.py:115} INFO - [2024-12-14 15:51:41,654] {manager.py:508} INFO - Created Permission View: can delete on DAG:example_complex
[2024-12-14 15:51:41,667] {logging_mixin.py:115} INFO - [2024-12-14 15:51:41,666] {manager.py:508} INFO - Created Permission View: can edit on DAG:example_complex
[2024-12-14 15:51:41,677] {logging_mixin.py:115} INFO - [2024-12-14 15:51:41,677] {manager.py:508} INFO - Created Permission View: can read on DAG:example_complex
[2024-12-14 15:51:41,677] {logging_mixin.py:115} INFO - [2024-12-14 15:51:41,677] {dag.py:2379} INFO - Sync 1 DAGs
[2024-12-14 15:51:41,685] {logging_mixin.py:115} INFO - [2024-12-14 15:51:41,685] {dag.py:2398} INFO - Creating ORM DAG for example_complex
[2024-12-14 15:51:41,695] {logging_mixin.py:115} INFO - [2024-12-14 15:51:41,695] {dag.py:2927} INFO - Setting next_dagrun for example_complex to None, run_after=None
[2024-12-14 15:51:41,716] {processor.py:161} INFO - Processing /home/dev/curso/ambientevirtual/lib/python3.9/site-packages/airflow/example_dags/example_complex.py took 0.180 seconds
[2024-12-14 15:52:18,972] {processor.py:153} INFO - Started process (PID=48316) to work on /home/dev/curso/ambientevirtual/lib/python3.9/site-packages/airflow/example_dags/example_complex.py
[2024-12-14 15:52:18,974] {processor.py:641} INFO - Processing file /home/dev/curso/ambientevirtual/lib/python3.9/site-packages/airflow/example_dags/example_complex.py for tasks to queue
[2024-12-14 15:52:18,975] {logging_mixin.py:115} INFO - [2024-12-14 15:52:18,975] {dagbag.py:507} INFO - Filling up the DagBag from /home/dev/curso/ambientevirtual/lib/python3.9/site-packages/airflow/example_dags/example_complex.py
[2024-12-14 15:52:19,000] {processor.py:651} INFO - DAG(s) dict_keys(['example_complex']) retrieved from /home/dev/curso/ambientevirtual/lib/python3.9/site-packages/airflow/example_dags/example_complex.py
[2024-12-14 15:52:19,023] {logging_mixin.py:115} INFO - [2024-12-14 15:52:19,023] {dag.py:2379} INFO - Sync 1 DAGs
[2024-12-14 15:52:19,042] {logging_mixin.py:115} INFO - [2024-12-14 15:52:19,042] {dag.py:2927} INFO - Setting next_dagrun for example_complex to None, run_after=None
[2024-12-14 15:52:19,058] {processor.py:161} INFO - Processing /home/dev/curso/ambientevirtual/lib/python3.9/site-packages/airflow/example_dags/example_complex.py took 0.092 seconds
[2024-12-14 15:52:55,640] {processor.py:153} INFO - Started process (PID=48447) to work on /home/dev/curso/ambientevirtual/lib/python3.9/site-packages/airflow/example_dags/example_complex.py
[2024-12-14 15:52:55,641] {processor.py:641} INFO - Processing file /home/dev/curso/ambientevirtual/lib/python3.9/site-packages/airflow/example_dags/example_complex.py for tasks to queue
[2024-12-14 15:52:55,642] {logging_mixin.py:115} INFO - [2024-12-14 15:52:55,641] {dagbag.py:507} INFO - Filling up the DagBag from /home/dev/curso/ambientevirtual/lib/python3.9/site-packages/airflow/example_dags/example_complex.py
[2024-12-14 15:52:55,656] {processor.py:651} INFO - DAG(s) dict_keys(['example_complex']) retrieved from /home/dev/curso/ambientevirtual/lib/python3.9/site-packages/airflow/example_dags/example_complex.py
[2024-12-14 15:52:55,682] {logging_mixin.py:115} INFO - [2024-12-14 15:52:55,682] {dag.py:2379} INFO - Sync 1 DAGs
[2024-12-14 15:52:55,701] {logging_mixin.py:115} INFO - [2024-12-14 15:52:55,701] {dag.py:2927} INFO - Setting next_dagrun for example_complex to None, run_after=None
[2024-12-14 15:52:55,716] {processor.py:161} INFO - Processing /home/dev/curso/ambientevirtual/lib/python3.9/site-packages/airflow/example_dags/example_complex.py took 0.080 seconds
[2024-12-14 15:53:31,651] {processor.py:153} INFO - Started process (PID=48582) to work on /home/dev/curso/ambientevirtual/lib/python3.9/site-packages/airflow/example_dags/example_complex.py
[2024-12-14 15:53:31,653] {processor.py:641} INFO - Processing file /home/dev/curso/ambientevirtual/lib/python3.9/site-packages/airflow/example_dags/example_complex.py for tasks to queue
[2024-12-14 15:53:31,654] {logging_mixin.py:115} INFO - [2024-12-14 15:53:31,654] {dagbag.py:507} INFO - Filling up the DagBag from /home/dev/curso/ambientevirtual/lib/python3.9/site-packages/airflow/example_dags/example_complex.py
[2024-12-14 15:53:31,679] {processor.py:651} INFO - DAG(s) dict_keys(['example_complex']) retrieved from /home/dev/curso/ambientevirtual/lib/python3.9/site-packages/airflow/example_dags/example_complex.py
[2024-12-14 15:53:31,711] {logging_mixin.py:115} INFO - [2024-12-14 15:53:31,711] {dag.py:2379} INFO - Sync 1 DAGs
[2024-12-14 15:53:31,729] {logging_mixin.py:115} INFO - [2024-12-14 15:53:31,729] {dag.py:2927} INFO - Setting next_dagrun for example_complex to None, run_after=None
[2024-12-14 15:53:31,744] {processor.py:161} INFO - Processing /home/dev/curso/ambientevirtual/lib/python3.9/site-packages/airflow/example_dags/example_complex.py took 0.100 seconds
[2024-12-14 15:54:07,398] {processor.py:153} INFO - Started process (PID=48712) to work on /home/dev/curso/ambientevirtual/lib/python3.9/site-packages/airflow/example_dags/example_complex.py
[2024-12-14 15:54:07,399] {processor.py:641} INFO - Processing file /home/dev/curso/ambientevirtual/lib/python3.9/site-packages/airflow/example_dags/example_complex.py for tasks to queue
[2024-12-14 15:54:07,400] {logging_mixin.py:115} INFO - [2024-12-14 15:54:07,400] {dagbag.py:507} INFO - Filling up the DagBag from /home/dev/curso/ambientevirtual/lib/python3.9/site-packages/airflow/example_dags/example_complex.py
[2024-12-14 15:54:07,414] {processor.py:651} INFO - DAG(s) dict_keys(['example_complex']) retrieved from /home/dev/curso/ambientevirtual/lib/python3.9/site-packages/airflow/example_dags/example_complex.py
[2024-12-14 15:54:07,436] {logging_mixin.py:115} INFO - [2024-12-14 15:54:07,436] {dag.py:2379} INFO - Sync 1 DAGs
[2024-12-14 15:54:07,454] {logging_mixin.py:115} INFO - [2024-12-14 15:54:07,454] {dag.py:2927} INFO - Setting next_dagrun for example_complex to None, run_after=None
[2024-12-14 15:54:07,469] {processor.py:161} INFO - Processing /home/dev/curso/ambientevirtual/lib/python3.9/site-packages/airflow/example_dags/example_complex.py took 0.077 seconds
[2024-12-14 15:54:44,321] {processor.py:153} INFO - Started process (PID=48848) to work on /home/dev/curso/ambientevirtual/lib/python3.9/site-packages/airflow/example_dags/example_complex.py
[2024-12-14 15:54:44,322] {processor.py:641} INFO - Processing file /home/dev/curso/ambientevirtual/lib/python3.9/site-packages/airflow/example_dags/example_complex.py for tasks to queue
[2024-12-14 15:54:44,323] {logging_mixin.py:115} INFO - [2024-12-14 15:54:44,322] {dagbag.py:507} INFO - Filling up the DagBag from /home/dev/curso/ambientevirtual/lib/python3.9/site-packages/airflow/example_dags/example_complex.py
[2024-12-14 15:54:44,339] {processor.py:651} INFO - DAG(s) dict_keys(['example_complex']) retrieved from /home/dev/curso/ambientevirtual/lib/python3.9/site-packages/airflow/example_dags/example_complex.py
[2024-12-14 15:54:44,367] {logging_mixin.py:115} INFO - [2024-12-14 15:54:44,367] {dag.py:2379} INFO - Sync 1 DAGs
[2024-12-14 15:54:44,387] {logging_mixin.py:115} INFO - [2024-12-14 15:54:44,387] {dag.py:2927} INFO - Setting next_dagrun for example_complex to None, run_after=None
[2024-12-14 15:54:44,410] {processor.py:161} INFO - Processing /home/dev/curso/ambientevirtual/lib/python3.9/site-packages/airflow/example_dags/example_complex.py took 0.093 seconds
[2024-12-14 15:55:18,439] {processor.py:153} INFO - Started process (PID=48971) to work on /home/dev/curso/ambientevirtual/lib/python3.9/site-packages/airflow/example_dags/example_complex.py
[2024-12-14 15:55:18,441] {processor.py:641} INFO - Processing file /home/dev/curso/ambientevirtual/lib/python3.9/site-packages/airflow/example_dags/example_complex.py for tasks to queue
[2024-12-14 15:55:18,442] {logging_mixin.py:115} INFO - [2024-12-14 15:55:18,442] {dagbag.py:507} INFO - Filling up the DagBag from /home/dev/curso/ambientevirtual/lib/python3.9/site-packages/airflow/example_dags/example_complex.py
[2024-12-14 15:55:18,463] {processor.py:651} INFO - DAG(s) dict_keys(['example_complex']) retrieved from /home/dev/curso/ambientevirtual/lib/python3.9/site-packages/airflow/example_dags/example_complex.py
[2024-12-14 15:55:18,488] {logging_mixin.py:115} INFO - [2024-12-14 15:55:18,488] {dag.py:2379} INFO - Sync 1 DAGs
[2024-12-14 15:55:18,507] {logging_mixin.py:115} INFO - [2024-12-14 15:55:18,507] {dag.py:2927} INFO - Setting next_dagrun for example_complex to None, run_after=None
[2024-12-14 15:55:18,523] {processor.py:161} INFO - Processing /home/dev/curso/ambientevirtual/lib/python3.9/site-packages/airflow/example_dags/example_complex.py took 0.090 seconds
[2024-12-14 15:55:52,379] {processor.py:153} INFO - Started process (PID=49093) to work on /home/dev/curso/ambientevirtual/lib/python3.9/site-packages/airflow/example_dags/example_complex.py
[2024-12-14 15:55:52,380] {processor.py:641} INFO - Processing file /home/dev/curso/ambientevirtual/lib/python3.9/site-packages/airflow/example_dags/example_complex.py for tasks to queue
[2024-12-14 15:55:52,381] {logging_mixin.py:115} INFO - [2024-12-14 15:55:52,381] {dagbag.py:507} INFO - Filling up the DagBag from /home/dev/curso/ambientevirtual/lib/python3.9/site-packages/airflow/example_dags/example_complex.py
[2024-12-14 15:55:52,396] {processor.py:651} INFO - DAG(s) dict_keys(['example_complex']) retrieved from /home/dev/curso/ambientevirtual/lib/python3.9/site-packages/airflow/example_dags/example_complex.py
[2024-12-14 15:55:52,426] {logging_mixin.py:115} INFO - [2024-12-14 15:55:52,426] {dag.py:2379} INFO - Sync 1 DAGs
[2024-12-14 15:55:52,449] {logging_mixin.py:115} INFO - [2024-12-14 15:55:52,449] {dag.py:2927} INFO - Setting next_dagrun for example_complex to None, run_after=None
[2024-12-14 15:55:52,468] {processor.py:161} INFO - Processing /home/dev/curso/ambientevirtual/lib/python3.9/site-packages/airflow/example_dags/example_complex.py took 0.093 seconds
[2024-12-14 15:56:28,505] {processor.py:153} INFO - Started process (PID=49229) to work on /home/dev/curso/ambientevirtual/lib/python3.9/site-packages/airflow/example_dags/example_complex.py
[2024-12-14 15:56:28,507] {processor.py:641} INFO - Processing file /home/dev/curso/ambientevirtual/lib/python3.9/site-packages/airflow/example_dags/example_complex.py for tasks to queue
[2024-12-14 15:56:28,508] {logging_mixin.py:115} INFO - [2024-12-14 15:56:28,508] {dagbag.py:507} INFO - Filling up the DagBag from /home/dev/curso/ambientevirtual/lib/python3.9/site-packages/airflow/example_dags/example_complex.py
[2024-12-14 15:56:28,523] {processor.py:651} INFO - DAG(s) dict_keys(['example_complex']) retrieved from /home/dev/curso/ambientevirtual/lib/python3.9/site-packages/airflow/example_dags/example_complex.py
[2024-12-14 15:56:28,552] {logging_mixin.py:115} INFO - [2024-12-14 15:56:28,552] {dag.py:2379} INFO - Sync 1 DAGs
[2024-12-14 15:56:28,577] {logging_mixin.py:115} INFO - [2024-12-14 15:56:28,577] {dag.py:2927} INFO - Setting next_dagrun for example_complex to None, run_after=None
[2024-12-14 15:56:28,600] {processor.py:161} INFO - Processing /home/dev/curso/ambientevirtual/lib/python3.9/site-packages/airflow/example_dags/example_complex.py took 0.103 seconds
[2024-12-14 15:57:04,436] {processor.py:153} INFO - Started process (PID=49417) to work on /home/dev/curso/ambientevirtual/lib/python3.9/site-packages/airflow/example_dags/example_complex.py
[2024-12-14 15:57:04,437] {processor.py:641} INFO - Processing file /home/dev/curso/ambientevirtual/lib/python3.9/site-packages/airflow/example_dags/example_complex.py for tasks to queue
[2024-12-14 15:57:04,438] {logging_mixin.py:115} INFO - [2024-12-14 15:57:04,438] {dagbag.py:507} INFO - Filling up the DagBag from /home/dev/curso/ambientevirtual/lib/python3.9/site-packages/airflow/example_dags/example_complex.py
[2024-12-14 15:57:04,453] {processor.py:651} INFO - DAG(s) dict_keys(['example_complex']) retrieved from /home/dev/curso/ambientevirtual/lib/python3.9/site-packages/airflow/example_dags/example_complex.py
[2024-12-14 15:57:04,479] {logging_mixin.py:115} INFO - [2024-12-14 15:57:04,479] {dag.py:2379} INFO - Sync 1 DAGs
[2024-12-14 15:57:04,504] {logging_mixin.py:115} INFO - [2024-12-14 15:57:04,504] {dag.py:2927} INFO - Setting next_dagrun for example_complex to None, run_after=None
[2024-12-14 15:57:04,525] {processor.py:161} INFO - Processing /home/dev/curso/ambientevirtual/lib/python3.9/site-packages/airflow/example_dags/example_complex.py took 0.093 seconds
[2024-12-14 15:57:43,751] {processor.py:153} INFO - Started process (PID=49561) to work on /home/dev/curso/ambientevirtual/lib/python3.9/site-packages/airflow/example_dags/example_complex.py
[2024-12-14 15:57:43,752] {processor.py:641} INFO - Processing file /home/dev/curso/ambientevirtual/lib/python3.9/site-packages/airflow/example_dags/example_complex.py for tasks to queue
[2024-12-14 15:57:43,753] {logging_mixin.py:115} INFO - [2024-12-14 15:57:43,753] {dagbag.py:507} INFO - Filling up the DagBag from /home/dev/curso/ambientevirtual/lib/python3.9/site-packages/airflow/example_dags/example_complex.py
[2024-12-14 15:57:43,769] {processor.py:651} INFO - DAG(s) dict_keys(['example_complex']) retrieved from /home/dev/curso/ambientevirtual/lib/python3.9/site-packages/airflow/example_dags/example_complex.py
[2024-12-14 15:57:43,797] {logging_mixin.py:115} INFO - [2024-12-14 15:57:43,797] {dag.py:2379} INFO - Sync 1 DAGs
[2024-12-14 15:57:43,819] {logging_mixin.py:115} INFO - [2024-12-14 15:57:43,819] {dag.py:2927} INFO - Setting next_dagrun for example_complex to None, run_after=None
[2024-12-14 15:57:43,844] {processor.py:161} INFO - Processing /home/dev/curso/ambientevirtual/lib/python3.9/site-packages/airflow/example_dags/example_complex.py took 0.097 seconds
[2024-12-14 15:58:17,958] {processor.py:153} INFO - Started process (PID=49683) to work on /home/dev/curso/ambientevirtual/lib/python3.9/site-packages/airflow/example_dags/example_complex.py
[2024-12-14 15:58:17,958] {processor.py:641} INFO - Processing file /home/dev/curso/ambientevirtual/lib/python3.9/site-packages/airflow/example_dags/example_complex.py for tasks to queue
[2024-12-14 15:58:17,960] {logging_mixin.py:115} INFO - [2024-12-14 15:58:17,960] {dagbag.py:507} INFO - Filling up the DagBag from /home/dev/curso/ambientevirtual/lib/python3.9/site-packages/airflow/example_dags/example_complex.py
[2024-12-14 15:58:17,978] {processor.py:651} INFO - DAG(s) dict_keys(['example_complex']) retrieved from /home/dev/curso/ambientevirtual/lib/python3.9/site-packages/airflow/example_dags/example_complex.py
[2024-12-14 15:58:18,009] {logging_mixin.py:115} INFO - [2024-12-14 15:58:18,009] {dag.py:2379} INFO - Sync 1 DAGs
[2024-12-14 15:58:18,033] {logging_mixin.py:115} INFO - [2024-12-14 15:58:18,033] {dag.py:2927} INFO - Setting next_dagrun for example_complex to None, run_after=None
[2024-12-14 15:58:18,051] {processor.py:161} INFO - Processing /home/dev/curso/ambientevirtual/lib/python3.9/site-packages/airflow/example_dags/example_complex.py took 0.097 seconds
[2024-12-14 15:58:51,932] {processor.py:153} INFO - Started process (PID=49811) to work on /home/dev/curso/ambientevirtual/lib/python3.9/site-packages/airflow/example_dags/example_complex.py
[2024-12-14 15:58:51,934] {processor.py:641} INFO - Processing file /home/dev/curso/ambientevirtual/lib/python3.9/site-packages/airflow/example_dags/example_complex.py for tasks to queue
[2024-12-14 15:58:51,935] {logging_mixin.py:115} INFO - [2024-12-14 15:58:51,935] {dagbag.py:507} INFO - Filling up the DagBag from /home/dev/curso/ambientevirtual/lib/python3.9/site-packages/airflow/example_dags/example_complex.py
[2024-12-14 15:58:51,958] {processor.py:651} INFO - DAG(s) dict_keys(['example_complex']) retrieved from /home/dev/curso/ambientevirtual/lib/python3.9/site-packages/airflow/example_dags/example_complex.py
[2024-12-14 15:58:51,986] {logging_mixin.py:115} INFO - [2024-12-14 15:58:51,986] {dag.py:2379} INFO - Sync 1 DAGs
[2024-12-14 15:58:52,012] {logging_mixin.py:115} INFO - [2024-12-14 15:58:52,012] {dag.py:2927} INFO - Setting next_dagrun for example_complex to None, run_after=None
[2024-12-14 15:58:52,031] {processor.py:161} INFO - Processing /home/dev/curso/ambientevirtual/lib/python3.9/site-packages/airflow/example_dags/example_complex.py took 0.105 seconds
[2024-12-14 15:59:26,481] {processor.py:153} INFO - Started process (PID=49934) to work on /home/dev/curso/ambientevirtual/lib/python3.9/site-packages/airflow/example_dags/example_complex.py
[2024-12-14 15:59:26,482] {processor.py:641} INFO - Processing file /home/dev/curso/ambientevirtual/lib/python3.9/site-packages/airflow/example_dags/example_complex.py for tasks to queue
[2024-12-14 15:59:26,483] {logging_mixin.py:115} INFO - [2024-12-14 15:59:26,483] {dagbag.py:507} INFO - Filling up the DagBag from /home/dev/curso/ambientevirtual/lib/python3.9/site-packages/airflow/example_dags/example_complex.py
[2024-12-14 15:59:26,500] {processor.py:651} INFO - DAG(s) dict_keys(['example_complex']) retrieved from /home/dev/curso/ambientevirtual/lib/python3.9/site-packages/airflow/example_dags/example_complex.py
[2024-12-14 15:59:26,524] {logging_mixin.py:115} INFO - [2024-12-14 15:59:26,524] {dag.py:2379} INFO - Sync 1 DAGs
[2024-12-14 15:59:26,543] {logging_mixin.py:115} INFO - [2024-12-14 15:59:26,543] {dag.py:2927} INFO - Setting next_dagrun for example_complex to None, run_after=None
[2024-12-14 15:59:26,560] {processor.py:161} INFO - Processing /home/dev/curso/ambientevirtual/lib/python3.9/site-packages/airflow/example_dags/example_complex.py took 0.085 seconds
[2024-12-14 16:00:02,285] {processor.py:153} INFO - Started process (PID=50069) to work on /home/dev/curso/ambientevirtual/lib/python3.9/site-packages/airflow/example_dags/example_complex.py
[2024-12-14 16:00:02,287] {processor.py:641} INFO - Processing file /home/dev/curso/ambientevirtual/lib/python3.9/site-packages/airflow/example_dags/example_complex.py for tasks to queue
[2024-12-14 16:00:02,288] {logging_mixin.py:115} INFO - [2024-12-14 16:00:02,288] {dagbag.py:507} INFO - Filling up the DagBag from /home/dev/curso/ambientevirtual/lib/python3.9/site-packages/airflow/example_dags/example_complex.py
[2024-12-14 16:00:02,308] {processor.py:651} INFO - DAG(s) dict_keys(['example_complex']) retrieved from /home/dev/curso/ambientevirtual/lib/python3.9/site-packages/airflow/example_dags/example_complex.py
[2024-12-14 16:00:02,332] {logging_mixin.py:115} INFO - [2024-12-14 16:00:02,332] {dag.py:2379} INFO - Sync 1 DAGs
[2024-12-14 16:00:02,352] {logging_mixin.py:115} INFO - [2024-12-14 16:00:02,352] {dag.py:2927} INFO - Setting next_dagrun for example_complex to None, run_after=None
[2024-12-14 16:00:02,369] {processor.py:161} INFO - Processing /home/dev/curso/ambientevirtual/lib/python3.9/site-packages/airflow/example_dags/example_complex.py took 0.090 seconds
[2024-12-14 16:00:35,860] {processor.py:153} INFO - Started process (PID=50190) to work on /home/dev/curso/ambientevirtual/lib/python3.9/site-packages/airflow/example_dags/example_complex.py
[2024-12-14 16:00:35,861] {processor.py:641} INFO - Processing file /home/dev/curso/ambientevirtual/lib/python3.9/site-packages/airflow/example_dags/example_complex.py for tasks to queue
[2024-12-14 16:00:35,862] {logging_mixin.py:115} INFO - [2024-12-14 16:00:35,861] {dagbag.py:507} INFO - Filling up the DagBag from /home/dev/curso/ambientevirtual/lib/python3.9/site-packages/airflow/example_dags/example_complex.py
[2024-12-14 16:00:35,876] {processor.py:651} INFO - DAG(s) dict_keys(['example_complex']) retrieved from /home/dev/curso/ambientevirtual/lib/python3.9/site-packages/airflow/example_dags/example_complex.py
[2024-12-14 16:00:35,904] {logging_mixin.py:115} INFO - [2024-12-14 16:00:35,904] {dag.py:2379} INFO - Sync 1 DAGs
[2024-12-14 16:00:35,930] {logging_mixin.py:115} INFO - [2024-12-14 16:00:35,930] {dag.py:2927} INFO - Setting next_dagrun for example_complex to None, run_after=None
[2024-12-14 16:00:35,950] {processor.py:161} INFO - Processing /home/dev/curso/ambientevirtual/lib/python3.9/site-packages/airflow/example_dags/example_complex.py took 0.094 seconds
[2024-12-14 16:01:10,534] {processor.py:153} INFO - Started process (PID=50487) to work on /home/dev/curso/ambientevirtual/lib/python3.9/site-packages/airflow/example_dags/example_complex.py
[2024-12-14 16:01:10,535] {processor.py:641} INFO - Processing file /home/dev/curso/ambientevirtual/lib/python3.9/site-packages/airflow/example_dags/example_complex.py for tasks to queue
[2024-12-14 16:01:10,536] {logging_mixin.py:115} INFO - [2024-12-14 16:01:10,535] {dagbag.py:507} INFO - Filling up the DagBag from /home/dev/curso/ambientevirtual/lib/python3.9/site-packages/airflow/example_dags/example_complex.py
[2024-12-14 16:01:10,550] {processor.py:651} INFO - DAG(s) dict_keys(['example_complex']) retrieved from /home/dev/curso/ambientevirtual/lib/python3.9/site-packages/airflow/example_dags/example_complex.py
[2024-12-14 16:01:10,575] {logging_mixin.py:115} INFO - [2024-12-14 16:01:10,575] {dag.py:2379} INFO - Sync 1 DAGs
[2024-12-14 16:01:10,595] {logging_mixin.py:115} INFO - [2024-12-14 16:01:10,595] {dag.py:2927} INFO - Setting next_dagrun for example_complex to None, run_after=None
[2024-12-14 16:01:10,615] {processor.py:161} INFO - Processing /home/dev/curso/ambientevirtual/lib/python3.9/site-packages/airflow/example_dags/example_complex.py took 0.085 seconds
[2024-12-14 16:01:44,665] {processor.py:153} INFO - Started process (PID=50614) to work on /home/dev/curso/ambientevirtual/lib/python3.9/site-packages/airflow/example_dags/example_complex.py
[2024-12-14 16:01:44,666] {processor.py:641} INFO - Processing file /home/dev/curso/ambientevirtual/lib/python3.9/site-packages/airflow/example_dags/example_complex.py for tasks to queue
[2024-12-14 16:01:44,667] {logging_mixin.py:115} INFO - [2024-12-14 16:01:44,667] {dagbag.py:507} INFO - Filling up the DagBag from /home/dev/curso/ambientevirtual/lib/python3.9/site-packages/airflow/example_dags/example_complex.py
[2024-12-14 16:01:44,691] {processor.py:651} INFO - DAG(s) dict_keys(['example_complex']) retrieved from /home/dev/curso/ambientevirtual/lib/python3.9/site-packages/airflow/example_dags/example_complex.py
[2024-12-14 16:01:44,722] {logging_mixin.py:115} INFO - [2024-12-14 16:01:44,722] {dag.py:2379} INFO - Sync 1 DAGs
[2024-12-14 16:01:44,749] {logging_mixin.py:115} INFO - [2024-12-14 16:01:44,749] {dag.py:2927} INFO - Setting next_dagrun for example_complex to None, run_after=None
[2024-12-14 16:01:44,769] {processor.py:161} INFO - Processing /home/dev/curso/ambientevirtual/lib/python3.9/site-packages/airflow/example_dags/example_complex.py took 0.112 seconds
[2024-12-14 16:02:21,479] {processor.py:153} INFO - Started process (PID=50804) to work on /home/dev/curso/ambientevirtual/lib/python3.9/site-packages/airflow/example_dags/example_complex.py
[2024-12-14 16:02:21,480] {processor.py:641} INFO - Processing file /home/dev/curso/ambientevirtual/lib/python3.9/site-packages/airflow/example_dags/example_complex.py for tasks to queue
[2024-12-14 16:02:21,481] {logging_mixin.py:115} INFO - [2024-12-14 16:02:21,481] {dagbag.py:507} INFO - Filling up the DagBag from /home/dev/curso/ambientevirtual/lib/python3.9/site-packages/airflow/example_dags/example_complex.py
[2024-12-14 16:02:21,496] {processor.py:651} INFO - DAG(s) dict_keys(['example_complex']) retrieved from /home/dev/curso/ambientevirtual/lib/python3.9/site-packages/airflow/example_dags/example_complex.py
[2024-12-14 16:02:21,520] {logging_mixin.py:115} INFO - [2024-12-14 16:02:21,520] {dag.py:2379} INFO - Sync 1 DAGs
[2024-12-14 16:02:21,543] {logging_mixin.py:115} INFO - [2024-12-14 16:02:21,543] {dag.py:2927} INFO - Setting next_dagrun for example_complex to None, run_after=None
[2024-12-14 16:02:21,562] {processor.py:161} INFO - Processing /home/dev/curso/ambientevirtual/lib/python3.9/site-packages/airflow/example_dags/example_complex.py took 0.086 seconds
[2024-12-14 16:02:56,336] {processor.py:153} INFO - Started process (PID=50934) to work on /home/dev/curso/ambientevirtual/lib/python3.9/site-packages/airflow/example_dags/example_complex.py
[2024-12-14 16:02:56,338] {processor.py:641} INFO - Processing file /home/dev/curso/ambientevirtual/lib/python3.9/site-packages/airflow/example_dags/example_complex.py for tasks to queue
[2024-12-14 16:02:56,339] {logging_mixin.py:115} INFO - [2024-12-14 16:02:56,338] {dagbag.py:507} INFO - Filling up the DagBag from /home/dev/curso/ambientevirtual/lib/python3.9/site-packages/airflow/example_dags/example_complex.py
[2024-12-14 16:02:56,360] {processor.py:651} INFO - DAG(s) dict_keys(['example_complex']) retrieved from /home/dev/curso/ambientevirtual/lib/python3.9/site-packages/airflow/example_dags/example_complex.py
[2024-12-14 16:02:56,388] {logging_mixin.py:115} INFO - [2024-12-14 16:02:56,388] {dag.py:2379} INFO - Sync 1 DAGs
[2024-12-14 16:02:56,408] {logging_mixin.py:115} INFO - [2024-12-14 16:02:56,408] {dag.py:2927} INFO - Setting next_dagrun for example_complex to None, run_after=None
[2024-12-14 16:02:56,425] {processor.py:161} INFO - Processing /home/dev/curso/ambientevirtual/lib/python3.9/site-packages/airflow/example_dags/example_complex.py took 0.097 seconds
[2024-12-14 16:03:31,734] {processor.py:153} INFO - Started process (PID=51064) to work on /home/dev/curso/ambientevirtual/lib/python3.9/site-packages/airflow/example_dags/example_complex.py
[2024-12-14 16:03:31,735] {processor.py:641} INFO - Processing file /home/dev/curso/ambientevirtual/lib/python3.9/site-packages/airflow/example_dags/example_complex.py for tasks to queue
[2024-12-14 16:03:31,736] {logging_mixin.py:115} INFO - [2024-12-14 16:03:31,736] {dagbag.py:507} INFO - Filling up the DagBag from /home/dev/curso/ambientevirtual/lib/python3.9/site-packages/airflow/example_dags/example_complex.py
[2024-12-14 16:03:31,756] {processor.py:651} INFO - DAG(s) dict_keys(['example_complex']) retrieved from /home/dev/curso/ambientevirtual/lib/python3.9/site-packages/airflow/example_dags/example_complex.py
[2024-12-14 16:03:31,782] {logging_mixin.py:115} INFO - [2024-12-14 16:03:31,782] {dag.py:2379} INFO - Sync 1 DAGs
[2024-12-14 16:03:31,803] {logging_mixin.py:115} INFO - [2024-12-14 16:03:31,803] {dag.py:2927} INFO - Setting next_dagrun for example_complex to None, run_after=None
[2024-12-14 16:03:31,820] {processor.py:161} INFO - Processing /home/dev/curso/ambientevirtual/lib/python3.9/site-packages/airflow/example_dags/example_complex.py took 0.092 seconds
[2024-12-14 16:04:13,382] {processor.py:153} INFO - Started process (PID=51209) to work on /home/dev/curso/ambientevirtual/lib/python3.9/site-packages/airflow/example_dags/example_complex.py
[2024-12-14 16:04:13,384] {processor.py:641} INFO - Processing file /home/dev/curso/ambientevirtual/lib/python3.9/site-packages/airflow/example_dags/example_complex.py for tasks to queue
[2024-12-14 16:04:13,385] {logging_mixin.py:115} INFO - [2024-12-14 16:04:13,385] {dagbag.py:507} INFO - Filling up the DagBag from /home/dev/curso/ambientevirtual/lib/python3.9/site-packages/airflow/example_dags/example_complex.py
[2024-12-14 16:04:13,407] {processor.py:651} INFO - DAG(s) dict_keys(['example_complex']) retrieved from /home/dev/curso/ambientevirtual/lib/python3.9/site-packages/airflow/example_dags/example_complex.py
[2024-12-14 16:04:13,435] {logging_mixin.py:115} INFO - [2024-12-14 16:04:13,435] {dag.py:2379} INFO - Sync 1 DAGs
[2024-12-14 16:04:13,455] {logging_mixin.py:115} INFO - [2024-12-14 16:04:13,455] {dag.py:2927} INFO - Setting next_dagrun for example_complex to None, run_after=None
[2024-12-14 16:04:13,472] {processor.py:161} INFO - Processing /home/dev/curso/ambientevirtual/lib/python3.9/site-packages/airflow/example_dags/example_complex.py took 0.097 seconds
[2024-12-14 16:04:50,637] {processor.py:153} INFO - Started process (PID=51345) to work on /home/dev/curso/ambientevirtual/lib/python3.9/site-packages/airflow/example_dags/example_complex.py
[2024-12-14 16:04:50,638] {processor.py:641} INFO - Processing file /home/dev/curso/ambientevirtual/lib/python3.9/site-packages/airflow/example_dags/example_complex.py for tasks to queue
[2024-12-14 16:04:50,640] {logging_mixin.py:115} INFO - [2024-12-14 16:04:50,639] {dagbag.py:507} INFO - Filling up the DagBag from /home/dev/curso/ambientevirtual/lib/python3.9/site-packages/airflow/example_dags/example_complex.py
[2024-12-14 16:04:50,664] {processor.py:651} INFO - DAG(s) dict_keys(['example_complex']) retrieved from /home/dev/curso/ambientevirtual/lib/python3.9/site-packages/airflow/example_dags/example_complex.py
[2024-12-14 16:04:50,689] {logging_mixin.py:115} INFO - [2024-12-14 16:04:50,689] {dag.py:2379} INFO - Sync 1 DAGs
[2024-12-14 16:04:50,709] {logging_mixin.py:115} INFO - [2024-12-14 16:04:50,709] {dag.py:2927} INFO - Setting next_dagrun for example_complex to None, run_after=None
[2024-12-14 16:04:50,728] {processor.py:161} INFO - Processing /home/dev/curso/ambientevirtual/lib/python3.9/site-packages/airflow/example_dags/example_complex.py took 0.098 seconds
[2024-12-14 16:05:26,727] {processor.py:153} INFO - Started process (PID=51477) to work on /home/dev/curso/ambientevirtual/lib/python3.9/site-packages/airflow/example_dags/example_complex.py
[2024-12-14 16:05:26,728] {processor.py:641} INFO - Processing file /home/dev/curso/ambientevirtual/lib/python3.9/site-packages/airflow/example_dags/example_complex.py for tasks to queue
[2024-12-14 16:05:26,729] {logging_mixin.py:115} INFO - [2024-12-14 16:05:26,729] {dagbag.py:507} INFO - Filling up the DagBag from /home/dev/curso/ambientevirtual/lib/python3.9/site-packages/airflow/example_dags/example_complex.py
[2024-12-14 16:05:26,747] {processor.py:651} INFO - DAG(s) dict_keys(['example_complex']) retrieved from /home/dev/curso/ambientevirtual/lib/python3.9/site-packages/airflow/example_dags/example_complex.py
[2024-12-14 16:05:26,772] {logging_mixin.py:115} INFO - [2024-12-14 16:05:26,772] {dag.py:2379} INFO - Sync 1 DAGs
[2024-12-14 16:05:26,793] {logging_mixin.py:115} INFO - [2024-12-14 16:05:26,792] {dag.py:2927} INFO - Setting next_dagrun for example_complex to None, run_after=None
[2024-12-14 16:05:26,811] {processor.py:161} INFO - Processing /home/dev/curso/ambientevirtual/lib/python3.9/site-packages/airflow/example_dags/example_complex.py took 0.091 seconds
[2024-12-14 16:06:05,032] {processor.py:153} INFO - Started process (PID=51620) to work on /home/dev/curso/ambientevirtual/lib/python3.9/site-packages/airflow/example_dags/example_complex.py
[2024-12-14 16:06:05,033] {processor.py:641} INFO - Processing file /home/dev/curso/ambientevirtual/lib/python3.9/site-packages/airflow/example_dags/example_complex.py for tasks to queue
[2024-12-14 16:06:05,034] {logging_mixin.py:115} INFO - [2024-12-14 16:06:05,034] {dagbag.py:507} INFO - Filling up the DagBag from /home/dev/curso/ambientevirtual/lib/python3.9/site-packages/airflow/example_dags/example_complex.py
[2024-12-14 16:06:05,048] {processor.py:651} INFO - DAG(s) dict_keys(['example_complex']) retrieved from /home/dev/curso/ambientevirtual/lib/python3.9/site-packages/airflow/example_dags/example_complex.py
[2024-12-14 16:06:05,071] {logging_mixin.py:115} INFO - [2024-12-14 16:06:05,071] {dag.py:2379} INFO - Sync 1 DAGs
[2024-12-14 16:06:05,090] {logging_mixin.py:115} INFO - [2024-12-14 16:06:05,090] {dag.py:2927} INFO - Setting next_dagrun for example_complex to None, run_after=None
[2024-12-14 16:06:05,107] {processor.py:161} INFO - Processing /home/dev/curso/ambientevirtual/lib/python3.9/site-packages/airflow/example_dags/example_complex.py took 0.079 seconds
[2024-12-14 16:06:41,602] {processor.py:153} INFO - Started process (PID=51810) to work on /home/dev/curso/ambientevirtual/lib/python3.9/site-packages/airflow/example_dags/example_complex.py
[2024-12-14 16:06:41,604] {processor.py:641} INFO - Processing file /home/dev/curso/ambientevirtual/lib/python3.9/site-packages/airflow/example_dags/example_complex.py for tasks to queue
[2024-12-14 16:06:41,605] {logging_mixin.py:115} INFO - [2024-12-14 16:06:41,605] {dagbag.py:507} INFO - Filling up the DagBag from /home/dev/curso/ambientevirtual/lib/python3.9/site-packages/airflow/example_dags/example_complex.py
[2024-12-14 16:06:41,624] {processor.py:651} INFO - DAG(s) dict_keys(['example_complex']) retrieved from /home/dev/curso/ambientevirtual/lib/python3.9/site-packages/airflow/example_dags/example_complex.py
[2024-12-14 16:06:41,652] {logging_mixin.py:115} INFO - [2024-12-14 16:06:41,652] {dag.py:2379} INFO - Sync 1 DAGs
[2024-12-14 16:06:41,676] {logging_mixin.py:115} INFO - [2024-12-14 16:06:41,676] {dag.py:2927} INFO - Setting next_dagrun for example_complex to None, run_after=None
[2024-12-14 16:06:41,697] {processor.py:161} INFO - Processing /home/dev/curso/ambientevirtual/lib/python3.9/site-packages/airflow/example_dags/example_complex.py took 0.100 seconds
[2024-12-14 16:07:15,922] {processor.py:153} INFO - Started process (PID=51938) to work on /home/dev/curso/ambientevirtual/lib/python3.9/site-packages/airflow/example_dags/example_complex.py
[2024-12-14 16:07:15,924] {processor.py:641} INFO - Processing file /home/dev/curso/ambientevirtual/lib/python3.9/site-packages/airflow/example_dags/example_complex.py for tasks to queue
[2024-12-14 16:07:15,924] {logging_mixin.py:115} INFO - [2024-12-14 16:07:15,924] {dagbag.py:507} INFO - Filling up the DagBag from /home/dev/curso/ambientevirtual/lib/python3.9/site-packages/airflow/example_dags/example_complex.py
[2024-12-14 16:07:15,940] {processor.py:651} INFO - DAG(s) dict_keys(['example_complex']) retrieved from /home/dev/curso/ambientevirtual/lib/python3.9/site-packages/airflow/example_dags/example_complex.py
[2024-12-14 16:07:16,012] {logging_mixin.py:115} INFO - [2024-12-14 16:07:16,011] {dag.py:2379} INFO - Sync 1 DAGs
[2024-12-14 16:07:16,059] {logging_mixin.py:115} INFO - [2024-12-14 16:07:16,059] {dag.py:2927} INFO - Setting next_dagrun for example_complex to None, run_after=None
[2024-12-14 16:07:16,076] {processor.py:161} INFO - Processing /home/dev/curso/ambientevirtual/lib/python3.9/site-packages/airflow/example_dags/example_complex.py took 0.160 seconds
[2024-12-14 16:07:52,466] {processor.py:153} INFO - Started process (PID=52127) to work on /home/dev/curso/ambientevirtual/lib/python3.9/site-packages/airflow/example_dags/example_complex.py
[2024-12-14 16:07:52,468] {processor.py:641} INFO - Processing file /home/dev/curso/ambientevirtual/lib/python3.9/site-packages/airflow/example_dags/example_complex.py for tasks to queue
[2024-12-14 16:07:52,468] {logging_mixin.py:115} INFO - [2024-12-14 16:07:52,468] {dagbag.py:507} INFO - Filling up the DagBag from /home/dev/curso/ambientevirtual/lib/python3.9/site-packages/airflow/example_dags/example_complex.py
[2024-12-14 16:07:52,483] {processor.py:651} INFO - DAG(s) dict_keys(['example_complex']) retrieved from /home/dev/curso/ambientevirtual/lib/python3.9/site-packages/airflow/example_dags/example_complex.py
[2024-12-14 16:07:52,514] {logging_mixin.py:115} INFO - [2024-12-14 16:07:52,514] {dag.py:2379} INFO - Sync 1 DAGs
[2024-12-14 16:07:52,540] {logging_mixin.py:115} INFO - [2024-12-14 16:07:52,540] {dag.py:2927} INFO - Setting next_dagrun for example_complex to None, run_after=None
[2024-12-14 16:07:52,562] {processor.py:161} INFO - Processing /home/dev/curso/ambientevirtual/lib/python3.9/site-packages/airflow/example_dags/example_complex.py took 0.102 seconds
[2024-12-14 16:08:26,597] {processor.py:153} INFO - Started process (PID=52368) to work on /home/dev/curso/ambientevirtual/lib/python3.9/site-packages/airflow/example_dags/example_complex.py
[2024-12-14 16:08:26,598] {processor.py:641} INFO - Processing file /home/dev/curso/ambientevirtual/lib/python3.9/site-packages/airflow/example_dags/example_complex.py for tasks to queue
[2024-12-14 16:08:26,598] {logging_mixin.py:115} INFO - [2024-12-14 16:08:26,598] {dagbag.py:507} INFO - Filling up the DagBag from /home/dev/curso/ambientevirtual/lib/python3.9/site-packages/airflow/example_dags/example_complex.py
[2024-12-14 16:08:26,623] {processor.py:651} INFO - DAG(s) dict_keys(['example_complex']) retrieved from /home/dev/curso/ambientevirtual/lib/python3.9/site-packages/airflow/example_dags/example_complex.py
[2024-12-14 16:08:26,656] {logging_mixin.py:115} INFO - [2024-12-14 16:08:26,656] {dag.py:2379} INFO - Sync 1 DAGs
[2024-12-14 16:08:26,681] {logging_mixin.py:115} INFO - [2024-12-14 16:08:26,681] {dag.py:2927} INFO - Setting next_dagrun for example_complex to None, run_after=None
[2024-12-14 16:08:26,700] {processor.py:161} INFO - Processing /home/dev/curso/ambientevirtual/lib/python3.9/site-packages/airflow/example_dags/example_complex.py took 0.108 seconds
[2024-12-14 16:09:01,912] {processor.py:153} INFO - Started process (PID=52611) to work on /home/dev/curso/ambientevirtual/lib/python3.9/site-packages/airflow/example_dags/example_complex.py
[2024-12-14 16:09:01,914] {processor.py:641} INFO - Processing file /home/dev/curso/ambientevirtual/lib/python3.9/site-packages/airflow/example_dags/example_complex.py for tasks to queue
[2024-12-14 16:09:01,915] {logging_mixin.py:115} INFO - [2024-12-14 16:09:01,915] {dagbag.py:507} INFO - Filling up the DagBag from /home/dev/curso/ambientevirtual/lib/python3.9/site-packages/airflow/example_dags/example_complex.py
[2024-12-14 16:09:01,933] {processor.py:651} INFO - DAG(s) dict_keys(['example_complex']) retrieved from /home/dev/curso/ambientevirtual/lib/python3.9/site-packages/airflow/example_dags/example_complex.py
[2024-12-14 16:09:01,963] {logging_mixin.py:115} INFO - [2024-12-14 16:09:01,963] {dag.py:2379} INFO - Sync 1 DAGs
[2024-12-14 16:09:01,989] {logging_mixin.py:115} INFO - [2024-12-14 16:09:01,989] {dag.py:2927} INFO - Setting next_dagrun for example_complex to None, run_after=None
[2024-12-14 16:09:02,010] {processor.py:161} INFO - Processing /home/dev/curso/ambientevirtual/lib/python3.9/site-packages/airflow/example_dags/example_complex.py took 0.104 seconds
[2024-12-14 16:09:38,259] {processor.py:153} INFO - Started process (PID=52746) to work on /home/dev/curso/ambientevirtual/lib/python3.9/site-packages/airflow/example_dags/example_complex.py
[2024-12-14 16:09:38,260] {processor.py:641} INFO - Processing file /home/dev/curso/ambientevirtual/lib/python3.9/site-packages/airflow/example_dags/example_complex.py for tasks to queue
[2024-12-14 16:09:38,261] {logging_mixin.py:115} INFO - [2024-12-14 16:09:38,261] {dagbag.py:507} INFO - Filling up the DagBag from /home/dev/curso/ambientevirtual/lib/python3.9/site-packages/airflow/example_dags/example_complex.py
[2024-12-14 16:09:38,289] {processor.py:651} INFO - DAG(s) dict_keys(['example_complex']) retrieved from /home/dev/curso/ambientevirtual/lib/python3.9/site-packages/airflow/example_dags/example_complex.py
[2024-12-14 16:09:38,314] {logging_mixin.py:115} INFO - [2024-12-14 16:09:38,314] {dag.py:2379} INFO - Sync 1 DAGs
[2024-12-14 16:09:38,336] {logging_mixin.py:115} INFO - [2024-12-14 16:09:38,336] {dag.py:2927} INFO - Setting next_dagrun for example_complex to None, run_after=None
[2024-12-14 16:09:38,352] {processor.py:161} INFO - Processing /home/dev/curso/ambientevirtual/lib/python3.9/site-packages/airflow/example_dags/example_complex.py took 0.101 seconds
[2024-12-14 16:10:13,681] {processor.py:153} INFO - Started process (PID=52876) to work on /home/dev/curso/ambientevirtual/lib/python3.9/site-packages/airflow/example_dags/example_complex.py
[2024-12-14 16:10:13,683] {processor.py:641} INFO - Processing file /home/dev/curso/ambientevirtual/lib/python3.9/site-packages/airflow/example_dags/example_complex.py for tasks to queue
[2024-12-14 16:10:13,684] {logging_mixin.py:115} INFO - [2024-12-14 16:10:13,684] {dagbag.py:507} INFO - Filling up the DagBag from /home/dev/curso/ambientevirtual/lib/python3.9/site-packages/airflow/example_dags/example_complex.py
[2024-12-14 16:10:13,698] {processor.py:651} INFO - DAG(s) dict_keys(['example_complex']) retrieved from /home/dev/curso/ambientevirtual/lib/python3.9/site-packages/airflow/example_dags/example_complex.py
[2024-12-14 16:10:13,722] {logging_mixin.py:115} INFO - [2024-12-14 16:10:13,722] {dag.py:2379} INFO - Sync 1 DAGs
[2024-12-14 16:10:13,742] {logging_mixin.py:115} INFO - [2024-12-14 16:10:13,742] {dag.py:2927} INFO - Setting next_dagrun for example_complex to None, run_after=None
[2024-12-14 16:10:13,759] {processor.py:161} INFO - Processing /home/dev/curso/ambientevirtual/lib/python3.9/site-packages/airflow/example_dags/example_complex.py took 0.084 seconds
[2024-12-14 16:10:54,568] {processor.py:153} INFO - Started process (PID=53141) to work on /home/dev/curso/ambientevirtual/lib/python3.9/site-packages/airflow/example_dags/example_complex.py
[2024-12-14 16:10:54,569] {processor.py:641} INFO - Processing file /home/dev/curso/ambientevirtual/lib/python3.9/site-packages/airflow/example_dags/example_complex.py for tasks to queue
[2024-12-14 16:10:54,570] {logging_mixin.py:115} INFO - [2024-12-14 16:10:54,570] {dagbag.py:507} INFO - Filling up the DagBag from /home/dev/curso/ambientevirtual/lib/python3.9/site-packages/airflow/example_dags/example_complex.py
[2024-12-14 16:10:54,584] {processor.py:651} INFO - DAG(s) dict_keys(['example_complex']) retrieved from /home/dev/curso/ambientevirtual/lib/python3.9/site-packages/airflow/example_dags/example_complex.py
[2024-12-14 16:10:54,608] {logging_mixin.py:115} INFO - [2024-12-14 16:10:54,608] {dag.py:2379} INFO - Sync 1 DAGs
[2024-12-14 16:10:54,627] {logging_mixin.py:115} INFO - [2024-12-14 16:10:54,627] {dag.py:2927} INFO - Setting next_dagrun for example_complex to None, run_after=None
[2024-12-14 16:10:54,643] {processor.py:161} INFO - Processing /home/dev/curso/ambientevirtual/lib/python3.9/site-packages/airflow/example_dags/example_complex.py took 0.081 seconds
[2024-12-14 16:11:28,786] {processor.py:153} INFO - Started process (PID=53268) to work on /home/dev/curso/ambientevirtual/lib/python3.9/site-packages/airflow/example_dags/example_complex.py
[2024-12-14 16:11:28,787] {processor.py:641} INFO - Processing file /home/dev/curso/ambientevirtual/lib/python3.9/site-packages/airflow/example_dags/example_complex.py for tasks to queue
[2024-12-14 16:11:28,789] {logging_mixin.py:115} INFO - [2024-12-14 16:11:28,788] {dagbag.py:507} INFO - Filling up the DagBag from /home/dev/curso/ambientevirtual/lib/python3.9/site-packages/airflow/example_dags/example_complex.py
[2024-12-14 16:11:28,806] {processor.py:651} INFO - DAG(s) dict_keys(['example_complex']) retrieved from /home/dev/curso/ambientevirtual/lib/python3.9/site-packages/airflow/example_dags/example_complex.py
[2024-12-14 16:11:28,830] {logging_mixin.py:115} INFO - [2024-12-14 16:11:28,830] {dag.py:2379} INFO - Sync 1 DAGs
[2024-12-14 16:11:28,851] {logging_mixin.py:115} INFO - [2024-12-14 16:11:28,850] {dag.py:2927} INFO - Setting next_dagrun for example_complex to None, run_after=None
[2024-12-14 16:11:28,867] {processor.py:161} INFO - Processing /home/dev/curso/ambientevirtual/lib/python3.9/site-packages/airflow/example_dags/example_complex.py took 0.089 seconds
