[2024-12-14 15:51:52,018] {processor.py:153} INFO - Started process (PID=48104) to work on /home/dev/curso/ambientevirtual/lib/python3.9/site-packages/airflow/example_dags/example_external_task_marker_dag.py
[2024-12-14 15:51:52,019] {processor.py:641} INFO - Processing file /home/dev/curso/ambientevirtual/lib/python3.9/site-packages/airflow/example_dags/example_external_task_marker_dag.py for tasks to queue
[2024-12-14 15:51:52,020] {logging_mixin.py:115} INFO - [2024-12-14 15:51:52,019] {dagbag.py:507} INFO - Filling up the DagBag from /home/dev/curso/ambientevirtual/lib/python3.9/site-packages/airflow/example_dags/example_external_task_marker_dag.py
[2024-12-14 15:51:52,034] {processor.py:651} INFO - DAG(s) dict_keys(['example_external_task_marker_parent', 'example_external_task_marker_child']) retrieved from /home/dev/curso/ambientevirtual/lib/python3.9/site-packages/airflow/example_dags/example_external_task_marker_dag.py
[2024-12-14 15:51:52,190] {logging_mixin.py:115} INFO - [2024-12-14 15:51:52,190] {manager.py:508} INFO - Created Permission View: can delete on DAG:example_external_task_marker_parent
[2024-12-14 15:51:52,204] {logging_mixin.py:115} INFO - [2024-12-14 15:51:52,204] {manager.py:508} INFO - Created Permission View: can edit on DAG:example_external_task_marker_parent
[2024-12-14 15:51:52,225] {logging_mixin.py:115} INFO - [2024-12-14 15:51:52,224] {manager.py:508} INFO - Created Permission View: can read on DAG:example_external_task_marker_parent
[2024-12-14 15:51:52,263] {logging_mixin.py:115} INFO - [2024-12-14 15:51:52,263] {manager.py:508} INFO - Created Permission View: can delete on DAG:example_external_task_marker_child
[2024-12-14 15:51:52,276] {logging_mixin.py:115} INFO - [2024-12-14 15:51:52,276] {manager.py:508} INFO - Created Permission View: can edit on DAG:example_external_task_marker_child
[2024-12-14 15:51:52,289] {logging_mixin.py:115} INFO - [2024-12-14 15:51:52,288] {manager.py:508} INFO - Created Permission View: can read on DAG:example_external_task_marker_child
[2024-12-14 15:51:52,289] {logging_mixin.py:115} INFO - [2024-12-14 15:51:52,289] {dag.py:2379} INFO - Sync 2 DAGs
[2024-12-14 15:51:52,299] {logging_mixin.py:115} INFO - [2024-12-14 15:51:52,299] {dag.py:2398} INFO - Creating ORM DAG for example_external_task_marker_child
[2024-12-14 15:51:52,300] {logging_mixin.py:115} INFO - [2024-12-14 15:51:52,300] {dag.py:2398} INFO - Creating ORM DAG for example_external_task_marker_parent
[2024-12-14 15:51:52,309] {logging_mixin.py:115} INFO - [2024-12-14 15:51:52,309] {dag.py:2927} INFO - Setting next_dagrun for example_external_task_marker_child to None, run_after=None
[2024-12-14 15:51:52,310] {logging_mixin.py:115} INFO - [2024-12-14 15:51:52,310] {dag.py:2927} INFO - Setting next_dagrun for example_external_task_marker_parent to None, run_after=None
[2024-12-14 15:51:52,330] {processor.py:161} INFO - Processing /home/dev/curso/ambientevirtual/lib/python3.9/site-packages/airflow/example_dags/example_external_task_marker_dag.py took 0.321 seconds
[2024-12-14 15:52:28,631] {processor.py:153} INFO - Started process (PID=48353) to work on /home/dev/curso/ambientevirtual/lib/python3.9/site-packages/airflow/example_dags/example_external_task_marker_dag.py
[2024-12-14 15:52:28,632] {processor.py:641} INFO - Processing file /home/dev/curso/ambientevirtual/lib/python3.9/site-packages/airflow/example_dags/example_external_task_marker_dag.py for tasks to queue
[2024-12-14 15:52:28,633] {logging_mixin.py:115} INFO - [2024-12-14 15:52:28,632] {dagbag.py:507} INFO - Filling up the DagBag from /home/dev/curso/ambientevirtual/lib/python3.9/site-packages/airflow/example_dags/example_external_task_marker_dag.py
[2024-12-14 15:52:28,638] {processor.py:651} INFO - DAG(s) dict_keys(['example_external_task_marker_parent', 'example_external_task_marker_child']) retrieved from /home/dev/curso/ambientevirtual/lib/python3.9/site-packages/airflow/example_dags/example_external_task_marker_dag.py
[2024-12-14 15:52:28,670] {logging_mixin.py:115} INFO - [2024-12-14 15:52:28,670] {dag.py:2379} INFO - Sync 2 DAGs
[2024-12-14 15:52:28,688] {logging_mixin.py:115} INFO - [2024-12-14 15:52:28,688] {dag.py:2927} INFO - Setting next_dagrun for example_external_task_marker_child to None, run_after=None
[2024-12-14 15:52:28,689] {logging_mixin.py:115} INFO - [2024-12-14 15:52:28,689] {dag.py:2927} INFO - Setting next_dagrun for example_external_task_marker_parent to None, run_after=None
[2024-12-14 15:52:28,705] {processor.py:161} INFO - Processing /home/dev/curso/ambientevirtual/lib/python3.9/site-packages/airflow/example_dags/example_external_task_marker_dag.py took 0.077 seconds
[2024-12-14 15:53:05,918] {processor.py:153} INFO - Started process (PID=48486) to work on /home/dev/curso/ambientevirtual/lib/python3.9/site-packages/airflow/example_dags/example_external_task_marker_dag.py
[2024-12-14 15:53:05,920] {processor.py:641} INFO - Processing file /home/dev/curso/ambientevirtual/lib/python3.9/site-packages/airflow/example_dags/example_external_task_marker_dag.py for tasks to queue
[2024-12-14 15:53:05,921] {logging_mixin.py:115} INFO - [2024-12-14 15:53:05,921] {dagbag.py:507} INFO - Filling up the DagBag from /home/dev/curso/ambientevirtual/lib/python3.9/site-packages/airflow/example_dags/example_external_task_marker_dag.py
[2024-12-14 15:53:05,931] {processor.py:651} INFO - DAG(s) dict_keys(['example_external_task_marker_parent', 'example_external_task_marker_child']) retrieved from /home/dev/curso/ambientevirtual/lib/python3.9/site-packages/airflow/example_dags/example_external_task_marker_dag.py
[2024-12-14 15:53:05,968] {logging_mixin.py:115} INFO - [2024-12-14 15:53:05,968] {dag.py:2379} INFO - Sync 2 DAGs
[2024-12-14 15:53:05,987] {logging_mixin.py:115} INFO - [2024-12-14 15:53:05,987] {dag.py:2927} INFO - Setting next_dagrun for example_external_task_marker_child to None, run_after=None
[2024-12-14 15:53:05,988] {logging_mixin.py:115} INFO - [2024-12-14 15:53:05,988] {dag.py:2927} INFO - Setting next_dagrun for example_external_task_marker_parent to None, run_after=None
[2024-12-14 15:53:06,005] {processor.py:161} INFO - Processing /home/dev/curso/ambientevirtual/lib/python3.9/site-packages/airflow/example_dags/example_external_task_marker_dag.py took 0.093 seconds
[2024-12-14 15:53:43,915] {processor.py:153} INFO - Started process (PID=48631) to work on /home/dev/curso/ambientevirtual/lib/python3.9/site-packages/airflow/example_dags/example_external_task_marker_dag.py
[2024-12-14 15:53:43,917] {processor.py:641} INFO - Processing file /home/dev/curso/ambientevirtual/lib/python3.9/site-packages/airflow/example_dags/example_external_task_marker_dag.py for tasks to queue
[2024-12-14 15:53:43,918] {logging_mixin.py:115} INFO - [2024-12-14 15:53:43,918] {dagbag.py:507} INFO - Filling up the DagBag from /home/dev/curso/ambientevirtual/lib/python3.9/site-packages/airflow/example_dags/example_external_task_marker_dag.py
[2024-12-14 15:53:43,928] {processor.py:651} INFO - DAG(s) dict_keys(['example_external_task_marker_parent', 'example_external_task_marker_child']) retrieved from /home/dev/curso/ambientevirtual/lib/python3.9/site-packages/airflow/example_dags/example_external_task_marker_dag.py
[2024-12-14 15:53:43,965] {logging_mixin.py:115} INFO - [2024-12-14 15:53:43,965] {dag.py:2379} INFO - Sync 2 DAGs
[2024-12-14 15:53:43,985] {logging_mixin.py:115} INFO - [2024-12-14 15:53:43,985] {dag.py:2927} INFO - Setting next_dagrun for example_external_task_marker_child to None, run_after=None
[2024-12-14 15:53:43,986] {logging_mixin.py:115} INFO - [2024-12-14 15:53:43,986] {dag.py:2927} INFO - Setting next_dagrun for example_external_task_marker_parent to None, run_after=None
[2024-12-14 15:53:44,003] {processor.py:161} INFO - Processing /home/dev/curso/ambientevirtual/lib/python3.9/site-packages/airflow/example_dags/example_external_task_marker_dag.py took 0.094 seconds
[2024-12-14 15:54:19,549] {processor.py:153} INFO - Started process (PID=48761) to work on /home/dev/curso/ambientevirtual/lib/python3.9/site-packages/airflow/example_dags/example_external_task_marker_dag.py
[2024-12-14 15:54:19,551] {processor.py:641} INFO - Processing file /home/dev/curso/ambientevirtual/lib/python3.9/site-packages/airflow/example_dags/example_external_task_marker_dag.py for tasks to queue
[2024-12-14 15:54:19,552] {logging_mixin.py:115} INFO - [2024-12-14 15:54:19,552] {dagbag.py:507} INFO - Filling up the DagBag from /home/dev/curso/ambientevirtual/lib/python3.9/site-packages/airflow/example_dags/example_external_task_marker_dag.py
[2024-12-14 15:54:19,558] {processor.py:651} INFO - DAG(s) dict_keys(['example_external_task_marker_parent', 'example_external_task_marker_child']) retrieved from /home/dev/curso/ambientevirtual/lib/python3.9/site-packages/airflow/example_dags/example_external_task_marker_dag.py
[2024-12-14 15:54:19,593] {logging_mixin.py:115} INFO - [2024-12-14 15:54:19,592] {dag.py:2379} INFO - Sync 2 DAGs
[2024-12-14 15:54:19,613] {logging_mixin.py:115} INFO - [2024-12-14 15:54:19,613] {dag.py:2927} INFO - Setting next_dagrun for example_external_task_marker_child to None, run_after=None
[2024-12-14 15:54:19,613] {logging_mixin.py:115} INFO - [2024-12-14 15:54:19,613] {dag.py:2927} INFO - Setting next_dagrun for example_external_task_marker_parent to None, run_after=None
[2024-12-14 15:54:19,629] {processor.py:161} INFO - Processing /home/dev/curso/ambientevirtual/lib/python3.9/site-packages/airflow/example_dags/example_external_task_marker_dag.py took 0.087 seconds
[2024-12-14 15:54:56,989] {processor.py:153} INFO - Started process (PID=48897) to work on /home/dev/curso/ambientevirtual/lib/python3.9/site-packages/airflow/example_dags/example_external_task_marker_dag.py
[2024-12-14 15:54:56,991] {processor.py:641} INFO - Processing file /home/dev/curso/ambientevirtual/lib/python3.9/site-packages/airflow/example_dags/example_external_task_marker_dag.py for tasks to queue
[2024-12-14 15:54:56,992] {logging_mixin.py:115} INFO - [2024-12-14 15:54:56,992] {dagbag.py:507} INFO - Filling up the DagBag from /home/dev/curso/ambientevirtual/lib/python3.9/site-packages/airflow/example_dags/example_external_task_marker_dag.py
[2024-12-14 15:54:56,999] {processor.py:651} INFO - DAG(s) dict_keys(['example_external_task_marker_parent', 'example_external_task_marker_child']) retrieved from /home/dev/curso/ambientevirtual/lib/python3.9/site-packages/airflow/example_dags/example_external_task_marker_dag.py
[2024-12-14 15:54:57,035] {logging_mixin.py:115} INFO - [2024-12-14 15:54:57,035] {dag.py:2379} INFO - Sync 2 DAGs
[2024-12-14 15:54:57,060] {logging_mixin.py:115} INFO - [2024-12-14 15:54:57,059] {dag.py:2927} INFO - Setting next_dagrun for example_external_task_marker_child to None, run_after=None
[2024-12-14 15:54:57,060] {logging_mixin.py:115} INFO - [2024-12-14 15:54:57,060] {dag.py:2927} INFO - Setting next_dagrun for example_external_task_marker_parent to None, run_after=None
[2024-12-14 15:54:57,080] {processor.py:161} INFO - Processing /home/dev/curso/ambientevirtual/lib/python3.9/site-packages/airflow/example_dags/example_external_task_marker_dag.py took 0.098 seconds
[2024-12-14 15:55:33,912] {processor.py:153} INFO - Started process (PID=49029) to work on /home/dev/curso/ambientevirtual/lib/python3.9/site-packages/airflow/example_dags/example_external_task_marker_dag.py
[2024-12-14 15:55:33,913] {processor.py:641} INFO - Processing file /home/dev/curso/ambientevirtual/lib/python3.9/site-packages/airflow/example_dags/example_external_task_marker_dag.py for tasks to queue
[2024-12-14 15:55:33,914] {logging_mixin.py:115} INFO - [2024-12-14 15:55:33,914] {dagbag.py:507} INFO - Filling up the DagBag from /home/dev/curso/ambientevirtual/lib/python3.9/site-packages/airflow/example_dags/example_external_task_marker_dag.py
[2024-12-14 15:55:33,922] {processor.py:651} INFO - DAG(s) dict_keys(['example_external_task_marker_parent', 'example_external_task_marker_child']) retrieved from /home/dev/curso/ambientevirtual/lib/python3.9/site-packages/airflow/example_dags/example_external_task_marker_dag.py
[2024-12-14 15:55:33,955] {logging_mixin.py:115} INFO - [2024-12-14 15:55:33,955] {dag.py:2379} INFO - Sync 2 DAGs
[2024-12-14 15:55:33,977] {logging_mixin.py:115} INFO - [2024-12-14 15:55:33,977] {dag.py:2927} INFO - Setting next_dagrun for example_external_task_marker_child to None, run_after=None
[2024-12-14 15:55:33,978] {logging_mixin.py:115} INFO - [2024-12-14 15:55:33,978] {dag.py:2927} INFO - Setting next_dagrun for example_external_task_marker_parent to None, run_after=None
[2024-12-14 15:55:33,998] {processor.py:161} INFO - Processing /home/dev/curso/ambientevirtual/lib/python3.9/site-packages/airflow/example_dags/example_external_task_marker_dag.py took 0.093 seconds
[2024-12-14 15:56:11,823] {processor.py:153} INFO - Started process (PID=49165) to work on /home/dev/curso/ambientevirtual/lib/python3.9/site-packages/airflow/example_dags/example_external_task_marker_dag.py
[2024-12-14 15:56:11,824] {processor.py:641} INFO - Processing file /home/dev/curso/ambientevirtual/lib/python3.9/site-packages/airflow/example_dags/example_external_task_marker_dag.py for tasks to queue
[2024-12-14 15:56:11,825] {logging_mixin.py:115} INFO - [2024-12-14 15:56:11,825] {dagbag.py:507} INFO - Filling up the DagBag from /home/dev/curso/ambientevirtual/lib/python3.9/site-packages/airflow/example_dags/example_external_task_marker_dag.py
[2024-12-14 15:56:11,833] {processor.py:651} INFO - DAG(s) dict_keys(['example_external_task_marker_parent', 'example_external_task_marker_child']) retrieved from /home/dev/curso/ambientevirtual/lib/python3.9/site-packages/airflow/example_dags/example_external_task_marker_dag.py
[2024-12-14 15:56:11,876] {logging_mixin.py:115} INFO - [2024-12-14 15:56:11,875] {dag.py:2379} INFO - Sync 2 DAGs
[2024-12-14 15:56:11,899] {logging_mixin.py:115} INFO - [2024-12-14 15:56:11,899] {dag.py:2927} INFO - Setting next_dagrun for example_external_task_marker_child to None, run_after=None
[2024-12-14 15:56:11,900] {logging_mixin.py:115} INFO - [2024-12-14 15:56:11,900] {dag.py:2927} INFO - Setting next_dagrun for example_external_task_marker_parent to None, run_after=None
[2024-12-14 15:56:11,925] {processor.py:161} INFO - Processing /home/dev/curso/ambientevirtual/lib/python3.9/site-packages/airflow/example_dags/example_external_task_marker_dag.py took 0.108 seconds
[2024-12-14 15:56:49,964] {processor.py:153} INFO - Started process (PID=49361) to work on /home/dev/curso/ambientevirtual/lib/python3.9/site-packages/airflow/example_dags/example_external_task_marker_dag.py
[2024-12-14 15:56:49,966] {processor.py:641} INFO - Processing file /home/dev/curso/ambientevirtual/lib/python3.9/site-packages/airflow/example_dags/example_external_task_marker_dag.py for tasks to queue
[2024-12-14 15:56:49,967] {logging_mixin.py:115} INFO - [2024-12-14 15:56:49,967] {dagbag.py:507} INFO - Filling up the DagBag from /home/dev/curso/ambientevirtual/lib/python3.9/site-packages/airflow/example_dags/example_external_task_marker_dag.py
[2024-12-14 15:56:49,973] {processor.py:651} INFO - DAG(s) dict_keys(['example_external_task_marker_parent', 'example_external_task_marker_child']) retrieved from /home/dev/curso/ambientevirtual/lib/python3.9/site-packages/airflow/example_dags/example_external_task_marker_dag.py
[2024-12-14 15:56:50,011] {logging_mixin.py:115} INFO - [2024-12-14 15:56:50,011] {dag.py:2379} INFO - Sync 2 DAGs
[2024-12-14 15:56:50,040] {logging_mixin.py:115} INFO - [2024-12-14 15:56:50,040] {dag.py:2927} INFO - Setting next_dagrun for example_external_task_marker_child to None, run_after=None
[2024-12-14 15:56:50,040] {logging_mixin.py:115} INFO - [2024-12-14 15:56:50,040] {dag.py:2927} INFO - Setting next_dagrun for example_external_task_marker_parent to None, run_after=None
[2024-12-14 15:56:50,063] {processor.py:161} INFO - Processing /home/dev/curso/ambientevirtual/lib/python3.9/site-packages/airflow/example_dags/example_external_task_marker_dag.py took 0.106 seconds
[2024-12-14 15:57:30,880] {processor.py:153} INFO - Started process (PID=49513) to work on /home/dev/curso/ambientevirtual/lib/python3.9/site-packages/airflow/example_dags/example_external_task_marker_dag.py
[2024-12-14 15:57:30,883] {processor.py:641} INFO - Processing file /home/dev/curso/ambientevirtual/lib/python3.9/site-packages/airflow/example_dags/example_external_task_marker_dag.py for tasks to queue
[2024-12-14 15:57:30,884] {logging_mixin.py:115} INFO - [2024-12-14 15:57:30,884] {dagbag.py:507} INFO - Filling up the DagBag from /home/dev/curso/ambientevirtual/lib/python3.9/site-packages/airflow/example_dags/example_external_task_marker_dag.py
[2024-12-14 15:57:30,895] {processor.py:651} INFO - DAG(s) dict_keys(['example_external_task_marker_parent', 'example_external_task_marker_child']) retrieved from /home/dev/curso/ambientevirtual/lib/python3.9/site-packages/airflow/example_dags/example_external_task_marker_dag.py
[2024-12-14 15:57:30,931] {logging_mixin.py:115} INFO - [2024-12-14 15:57:30,931] {dag.py:2379} INFO - Sync 2 DAGs
[2024-12-14 15:57:30,956] {logging_mixin.py:115} INFO - [2024-12-14 15:57:30,955] {dag.py:2927} INFO - Setting next_dagrun for example_external_task_marker_child to None, run_after=None
[2024-12-14 15:57:30,956] {logging_mixin.py:115} INFO - [2024-12-14 15:57:30,956] {dag.py:2927} INFO - Setting next_dagrun for example_external_task_marker_parent to None, run_after=None
[2024-12-14 15:57:30,976] {processor.py:161} INFO - Processing /home/dev/curso/ambientevirtual/lib/python3.9/site-packages/airflow/example_dags/example_external_task_marker_dag.py took 0.105 seconds
[2024-12-14 15:58:06,427] {processor.py:153} INFO - Started process (PID=49642) to work on /home/dev/curso/ambientevirtual/lib/python3.9/site-packages/airflow/example_dags/example_external_task_marker_dag.py
[2024-12-14 15:58:06,429] {processor.py:641} INFO - Processing file /home/dev/curso/ambientevirtual/lib/python3.9/site-packages/airflow/example_dags/example_external_task_marker_dag.py for tasks to queue
[2024-12-14 15:58:06,429] {logging_mixin.py:115} INFO - [2024-12-14 15:58:06,429] {dagbag.py:507} INFO - Filling up the DagBag from /home/dev/curso/ambientevirtual/lib/python3.9/site-packages/airflow/example_dags/example_external_task_marker_dag.py
[2024-12-14 15:58:06,438] {processor.py:651} INFO - DAG(s) dict_keys(['example_external_task_marker_parent', 'example_external_task_marker_child']) retrieved from /home/dev/curso/ambientevirtual/lib/python3.9/site-packages/airflow/example_dags/example_external_task_marker_dag.py
[2024-12-14 15:58:06,475] {logging_mixin.py:115} INFO - [2024-12-14 15:58:06,475] {dag.py:2379} INFO - Sync 2 DAGs
[2024-12-14 15:58:06,497] {logging_mixin.py:115} INFO - [2024-12-14 15:58:06,497] {dag.py:2927} INFO - Setting next_dagrun for example_external_task_marker_child to None, run_after=None
[2024-12-14 15:58:06,498] {logging_mixin.py:115} INFO - [2024-12-14 15:58:06,497] {dag.py:2927} INFO - Setting next_dagrun for example_external_task_marker_parent to None, run_after=None
[2024-12-14 15:58:06,518] {processor.py:161} INFO - Processing /home/dev/curso/ambientevirtual/lib/python3.9/site-packages/airflow/example_dags/example_external_task_marker_dag.py took 0.095 seconds
[2024-12-14 15:58:42,814] {processor.py:153} INFO - Started process (PID=49772) to work on /home/dev/curso/ambientevirtual/lib/python3.9/site-packages/airflow/example_dags/example_external_task_marker_dag.py
[2024-12-14 15:58:42,816] {processor.py:641} INFO - Processing file /home/dev/curso/ambientevirtual/lib/python3.9/site-packages/airflow/example_dags/example_external_task_marker_dag.py for tasks to queue
[2024-12-14 15:58:42,817] {logging_mixin.py:115} INFO - [2024-12-14 15:58:42,817] {dagbag.py:507} INFO - Filling up the DagBag from /home/dev/curso/ambientevirtual/lib/python3.9/site-packages/airflow/example_dags/example_external_task_marker_dag.py
[2024-12-14 15:58:42,827] {processor.py:651} INFO - DAG(s) dict_keys(['example_external_task_marker_parent', 'example_external_task_marker_child']) retrieved from /home/dev/curso/ambientevirtual/lib/python3.9/site-packages/airflow/example_dags/example_external_task_marker_dag.py
[2024-12-14 15:58:42,859] {logging_mixin.py:115} INFO - [2024-12-14 15:58:42,859] {dag.py:2379} INFO - Sync 2 DAGs
[2024-12-14 15:58:42,888] {logging_mixin.py:115} INFO - [2024-12-14 15:58:42,888] {dag.py:2927} INFO - Setting next_dagrun for example_external_task_marker_child to None, run_after=None
[2024-12-14 15:58:42,888] {logging_mixin.py:115} INFO - [2024-12-14 15:58:42,888] {dag.py:2927} INFO - Setting next_dagrun for example_external_task_marker_parent to None, run_after=None
[2024-12-14 15:58:42,904] {processor.py:161} INFO - Processing /home/dev/curso/ambientevirtual/lib/python3.9/site-packages/airflow/example_dags/example_external_task_marker_dag.py took 0.096 seconds
[2024-12-14 15:59:22,482] {processor.py:153} INFO - Started process (PID=49918) to work on /home/dev/curso/ambientevirtual/lib/python3.9/site-packages/airflow/example_dags/example_external_task_marker_dag.py
[2024-12-14 15:59:22,484] {processor.py:641} INFO - Processing file /home/dev/curso/ambientevirtual/lib/python3.9/site-packages/airflow/example_dags/example_external_task_marker_dag.py for tasks to queue
[2024-12-14 15:59:22,485] {logging_mixin.py:115} INFO - [2024-12-14 15:59:22,485] {dagbag.py:507} INFO - Filling up the DagBag from /home/dev/curso/ambientevirtual/lib/python3.9/site-packages/airflow/example_dags/example_external_task_marker_dag.py
[2024-12-14 15:59:22,494] {processor.py:651} INFO - DAG(s) dict_keys(['example_external_task_marker_parent', 'example_external_task_marker_child']) retrieved from /home/dev/curso/ambientevirtual/lib/python3.9/site-packages/airflow/example_dags/example_external_task_marker_dag.py
[2024-12-14 15:59:22,533] {logging_mixin.py:115} INFO - [2024-12-14 15:59:22,532] {dag.py:2379} INFO - Sync 2 DAGs
[2024-12-14 15:59:22,553] {logging_mixin.py:115} INFO - [2024-12-14 15:59:22,553] {dag.py:2927} INFO - Setting next_dagrun for example_external_task_marker_child to None, run_after=None
[2024-12-14 15:59:22,553] {logging_mixin.py:115} INFO - [2024-12-14 15:59:22,553] {dag.py:2927} INFO - Setting next_dagrun for example_external_task_marker_parent to None, run_after=None
[2024-12-14 15:59:22,572] {processor.py:161} INFO - Processing /home/dev/curso/ambientevirtual/lib/python3.9/site-packages/airflow/example_dags/example_external_task_marker_dag.py took 0.097 seconds
[2024-12-14 15:59:59,236] {processor.py:153} INFO - Started process (PID=50054) to work on /home/dev/curso/ambientevirtual/lib/python3.9/site-packages/airflow/example_dags/example_external_task_marker_dag.py
[2024-12-14 15:59:59,238] {processor.py:641} INFO - Processing file /home/dev/curso/ambientevirtual/lib/python3.9/site-packages/airflow/example_dags/example_external_task_marker_dag.py for tasks to queue
[2024-12-14 15:59:59,239] {logging_mixin.py:115} INFO - [2024-12-14 15:59:59,239] {dagbag.py:507} INFO - Filling up the DagBag from /home/dev/curso/ambientevirtual/lib/python3.9/site-packages/airflow/example_dags/example_external_task_marker_dag.py
[2024-12-14 15:59:59,246] {processor.py:651} INFO - DAG(s) dict_keys(['example_external_task_marker_parent', 'example_external_task_marker_child']) retrieved from /home/dev/curso/ambientevirtual/lib/python3.9/site-packages/airflow/example_dags/example_external_task_marker_dag.py
[2024-12-14 15:59:59,277] {logging_mixin.py:115} INFO - [2024-12-14 15:59:59,277] {dag.py:2379} INFO - Sync 2 DAGs
[2024-12-14 15:59:59,297] {logging_mixin.py:115} INFO - [2024-12-14 15:59:59,297] {dag.py:2927} INFO - Setting next_dagrun for example_external_task_marker_child to None, run_after=None
[2024-12-14 15:59:59,297] {logging_mixin.py:115} INFO - [2024-12-14 15:59:59,297] {dag.py:2927} INFO - Setting next_dagrun for example_external_task_marker_parent to None, run_after=None
[2024-12-14 15:59:59,314] {processor.py:161} INFO - Processing /home/dev/curso/ambientevirtual/lib/python3.9/site-packages/airflow/example_dags/example_external_task_marker_dag.py took 0.084 seconds
[2024-12-14 16:00:38,639] {processor.py:153} INFO - Started process (PID=50199) to work on /home/dev/curso/ambientevirtual/lib/python3.9/site-packages/airflow/example_dags/example_external_task_marker_dag.py
[2024-12-14 16:00:38,640] {processor.py:641} INFO - Processing file /home/dev/curso/ambientevirtual/lib/python3.9/site-packages/airflow/example_dags/example_external_task_marker_dag.py for tasks to queue
[2024-12-14 16:00:38,642] {logging_mixin.py:115} INFO - [2024-12-14 16:00:38,642] {dagbag.py:507} INFO - Filling up the DagBag from /home/dev/curso/ambientevirtual/lib/python3.9/site-packages/airflow/example_dags/example_external_task_marker_dag.py
[2024-12-14 16:00:38,651] {processor.py:651} INFO - DAG(s) dict_keys(['example_external_task_marker_parent', 'example_external_task_marker_child']) retrieved from /home/dev/curso/ambientevirtual/lib/python3.9/site-packages/airflow/example_dags/example_external_task_marker_dag.py
[2024-12-14 16:00:38,705] {logging_mixin.py:115} INFO - [2024-12-14 16:00:38,704] {dag.py:2379} INFO - Sync 2 DAGs
[2024-12-14 16:00:38,737] {logging_mixin.py:115} INFO - [2024-12-14 16:00:38,736] {dag.py:2927} INFO - Setting next_dagrun for example_external_task_marker_child to None, run_after=None
[2024-12-14 16:00:38,739] {logging_mixin.py:115} INFO - [2024-12-14 16:00:38,738] {dag.py:2927} INFO - Setting next_dagrun for example_external_task_marker_parent to None, run_after=None
[2024-12-14 16:00:38,756] {processor.py:161} INFO - Processing /home/dev/curso/ambientevirtual/lib/python3.9/site-packages/airflow/example_dags/example_external_task_marker_dag.py took 0.123 seconds
[2024-12-14 16:01:15,699] {processor.py:153} INFO - Started process (PID=50510) to work on /home/dev/curso/ambientevirtual/lib/python3.9/site-packages/airflow/example_dags/example_external_task_marker_dag.py
[2024-12-14 16:01:15,702] {processor.py:641} INFO - Processing file /home/dev/curso/ambientevirtual/lib/python3.9/site-packages/airflow/example_dags/example_external_task_marker_dag.py for tasks to queue
[2024-12-14 16:01:15,710] {logging_mixin.py:115} INFO - [2024-12-14 16:01:15,710] {dagbag.py:507} INFO - Filling up the DagBag from /home/dev/curso/ambientevirtual/lib/python3.9/site-packages/airflow/example_dags/example_external_task_marker_dag.py
[2024-12-14 16:01:15,716] {processor.py:651} INFO - DAG(s) dict_keys(['example_external_task_marker_parent', 'example_external_task_marker_child']) retrieved from /home/dev/curso/ambientevirtual/lib/python3.9/site-packages/airflow/example_dags/example_external_task_marker_dag.py
[2024-12-14 16:01:15,765] {logging_mixin.py:115} INFO - [2024-12-14 16:01:15,765] {dag.py:2379} INFO - Sync 2 DAGs
[2024-12-14 16:01:15,787] {logging_mixin.py:115} INFO - [2024-12-14 16:01:15,787] {dag.py:2927} INFO - Setting next_dagrun for example_external_task_marker_child to None, run_after=None
[2024-12-14 16:01:15,787] {logging_mixin.py:115} INFO - [2024-12-14 16:01:15,787] {dag.py:2927} INFO - Setting next_dagrun for example_external_task_marker_parent to None, run_after=None
[2024-12-14 16:01:15,817] {processor.py:161} INFO - Processing /home/dev/curso/ambientevirtual/lib/python3.9/site-packages/airflow/example_dags/example_external_task_marker_dag.py took 0.133 seconds
[2024-12-14 16:01:54,704] {processor.py:153} INFO - Started process (PID=50647) to work on /home/dev/curso/ambientevirtual/lib/python3.9/site-packages/airflow/example_dags/example_external_task_marker_dag.py
[2024-12-14 16:01:54,707] {processor.py:641} INFO - Processing file /home/dev/curso/ambientevirtual/lib/python3.9/site-packages/airflow/example_dags/example_external_task_marker_dag.py for tasks to queue
[2024-12-14 16:01:54,708] {logging_mixin.py:115} INFO - [2024-12-14 16:01:54,708] {dagbag.py:507} INFO - Filling up the DagBag from /home/dev/curso/ambientevirtual/lib/python3.9/site-packages/airflow/example_dags/example_external_task_marker_dag.py
[2024-12-14 16:01:54,718] {processor.py:651} INFO - DAG(s) dict_keys(['example_external_task_marker_parent', 'example_external_task_marker_child']) retrieved from /home/dev/curso/ambientevirtual/lib/python3.9/site-packages/airflow/example_dags/example_external_task_marker_dag.py
[2024-12-14 16:01:54,754] {logging_mixin.py:115} INFO - [2024-12-14 16:01:54,754] {dag.py:2379} INFO - Sync 2 DAGs
[2024-12-14 16:01:54,775] {logging_mixin.py:115} INFO - [2024-12-14 16:01:54,774] {dag.py:2927} INFO - Setting next_dagrun for example_external_task_marker_child to None, run_after=None
[2024-12-14 16:01:54,775] {logging_mixin.py:115} INFO - [2024-12-14 16:01:54,775] {dag.py:2927} INFO - Setting next_dagrun for example_external_task_marker_parent to None, run_after=None
[2024-12-14 16:01:54,795] {processor.py:161} INFO - Processing /home/dev/curso/ambientevirtual/lib/python3.9/site-packages/airflow/example_dags/example_external_task_marker_dag.py took 0.098 seconds
[2024-12-14 16:02:34,403] {processor.py:153} INFO - Started process (PID=50851) to work on /home/dev/curso/ambientevirtual/lib/python3.9/site-packages/airflow/example_dags/example_external_task_marker_dag.py
[2024-12-14 16:02:34,404] {processor.py:641} INFO - Processing file /home/dev/curso/ambientevirtual/lib/python3.9/site-packages/airflow/example_dags/example_external_task_marker_dag.py for tasks to queue
[2024-12-14 16:02:34,404] {logging_mixin.py:115} INFO - [2024-12-14 16:02:34,404] {dagbag.py:507} INFO - Filling up the DagBag from /home/dev/curso/ambientevirtual/lib/python3.9/site-packages/airflow/example_dags/example_external_task_marker_dag.py
[2024-12-14 16:02:34,409] {processor.py:651} INFO - DAG(s) dict_keys(['example_external_task_marker_parent', 'example_external_task_marker_child']) retrieved from /home/dev/curso/ambientevirtual/lib/python3.9/site-packages/airflow/example_dags/example_external_task_marker_dag.py
[2024-12-14 16:02:34,442] {logging_mixin.py:115} INFO - [2024-12-14 16:02:34,442] {dag.py:2379} INFO - Sync 2 DAGs
[2024-12-14 16:02:34,463] {logging_mixin.py:115} INFO - [2024-12-14 16:02:34,463] {dag.py:2927} INFO - Setting next_dagrun for example_external_task_marker_child to None, run_after=None
[2024-12-14 16:02:34,463] {logging_mixin.py:115} INFO - [2024-12-14 16:02:34,463] {dag.py:2927} INFO - Setting next_dagrun for example_external_task_marker_parent to None, run_after=None
[2024-12-14 16:02:34,481] {processor.py:161} INFO - Processing /home/dev/curso/ambientevirtual/lib/python3.9/site-packages/airflow/example_dags/example_external_task_marker_dag.py took 0.082 seconds
[2024-12-14 16:03:12,360] {processor.py:153} INFO - Started process (PID=50990) to work on /home/dev/curso/ambientevirtual/lib/python3.9/site-packages/airflow/example_dags/example_external_task_marker_dag.py
[2024-12-14 16:03:12,362] {processor.py:641} INFO - Processing file /home/dev/curso/ambientevirtual/lib/python3.9/site-packages/airflow/example_dags/example_external_task_marker_dag.py for tasks to queue
[2024-12-14 16:03:12,362] {logging_mixin.py:115} INFO - [2024-12-14 16:03:12,362] {dagbag.py:507} INFO - Filling up the DagBag from /home/dev/curso/ambientevirtual/lib/python3.9/site-packages/airflow/example_dags/example_external_task_marker_dag.py
[2024-12-14 16:03:12,369] {processor.py:651} INFO - DAG(s) dict_keys(['example_external_task_marker_parent', 'example_external_task_marker_child']) retrieved from /home/dev/curso/ambientevirtual/lib/python3.9/site-packages/airflow/example_dags/example_external_task_marker_dag.py
[2024-12-14 16:03:12,404] {logging_mixin.py:115} INFO - [2024-12-14 16:03:12,404] {dag.py:2379} INFO - Sync 2 DAGs
[2024-12-14 16:03:12,423] {logging_mixin.py:115} INFO - [2024-12-14 16:03:12,423] {dag.py:2927} INFO - Setting next_dagrun for example_external_task_marker_child to None, run_after=None
[2024-12-14 16:03:12,424] {logging_mixin.py:115} INFO - [2024-12-14 16:03:12,424] {dag.py:2927} INFO - Setting next_dagrun for example_external_task_marker_parent to None, run_after=None
[2024-12-14 16:03:12,443] {processor.py:161} INFO - Processing /home/dev/curso/ambientevirtual/lib/python3.9/site-packages/airflow/example_dags/example_external_task_marker_dag.py took 0.088 seconds
[2024-12-14 16:03:52,250] {processor.py:153} INFO - Started process (PID=51136) to work on /home/dev/curso/ambientevirtual/lib/python3.9/site-packages/airflow/example_dags/example_external_task_marker_dag.py
[2024-12-14 16:03:52,252] {processor.py:641} INFO - Processing file /home/dev/curso/ambientevirtual/lib/python3.9/site-packages/airflow/example_dags/example_external_task_marker_dag.py for tasks to queue
[2024-12-14 16:03:52,253] {logging_mixin.py:115} INFO - [2024-12-14 16:03:52,253] {dagbag.py:507} INFO - Filling up the DagBag from /home/dev/curso/ambientevirtual/lib/python3.9/site-packages/airflow/example_dags/example_external_task_marker_dag.py
[2024-12-14 16:03:52,262] {processor.py:651} INFO - DAG(s) dict_keys(['example_external_task_marker_parent', 'example_external_task_marker_child']) retrieved from /home/dev/curso/ambientevirtual/lib/python3.9/site-packages/airflow/example_dags/example_external_task_marker_dag.py
[2024-12-14 16:03:52,298] {logging_mixin.py:115} INFO - [2024-12-14 16:03:52,298] {dag.py:2379} INFO - Sync 2 DAGs
[2024-12-14 16:03:52,327] {logging_mixin.py:115} INFO - [2024-12-14 16:03:52,327] {dag.py:2927} INFO - Setting next_dagrun for example_external_task_marker_child to None, run_after=None
[2024-12-14 16:03:52,327] {logging_mixin.py:115} INFO - [2024-12-14 16:03:52,327] {dag.py:2927} INFO - Setting next_dagrun for example_external_task_marker_parent to None, run_after=None
[2024-12-14 16:03:52,346] {processor.py:161} INFO - Processing /home/dev/curso/ambientevirtual/lib/python3.9/site-packages/airflow/example_dags/example_external_task_marker_dag.py took 0.102 seconds
[2024-12-14 16:04:27,751] {processor.py:153} INFO - Started process (PID=51265) to work on /home/dev/curso/ambientevirtual/lib/python3.9/site-packages/airflow/example_dags/example_external_task_marker_dag.py
[2024-12-14 16:04:27,752] {processor.py:641} INFO - Processing file /home/dev/curso/ambientevirtual/lib/python3.9/site-packages/airflow/example_dags/example_external_task_marker_dag.py for tasks to queue
[2024-12-14 16:04:27,754] {logging_mixin.py:115} INFO - [2024-12-14 16:04:27,753] {dagbag.py:507} INFO - Filling up the DagBag from /home/dev/curso/ambientevirtual/lib/python3.9/site-packages/airflow/example_dags/example_external_task_marker_dag.py
[2024-12-14 16:04:27,763] {processor.py:651} INFO - DAG(s) dict_keys(['example_external_task_marker_parent', 'example_external_task_marker_child']) retrieved from /home/dev/curso/ambientevirtual/lib/python3.9/site-packages/airflow/example_dags/example_external_task_marker_dag.py
[2024-12-14 16:04:27,800] {logging_mixin.py:115} INFO - [2024-12-14 16:04:27,800] {dag.py:2379} INFO - Sync 2 DAGs
[2024-12-14 16:04:27,820] {logging_mixin.py:115} INFO - [2024-12-14 16:04:27,820] {dag.py:2927} INFO - Setting next_dagrun for example_external_task_marker_child to None, run_after=None
[2024-12-14 16:04:27,820] {logging_mixin.py:115} INFO - [2024-12-14 16:04:27,820] {dag.py:2927} INFO - Setting next_dagrun for example_external_task_marker_parent to None, run_after=None
[2024-12-14 16:04:27,838] {processor.py:161} INFO - Processing /home/dev/curso/ambientevirtual/lib/python3.9/site-packages/airflow/example_dags/example_external_task_marker_dag.py took 0.093 seconds
[2024-12-14 16:05:05,666] {processor.py:153} INFO - Started process (PID=51403) to work on /home/dev/curso/ambientevirtual/lib/python3.9/site-packages/airflow/example_dags/example_external_task_marker_dag.py
[2024-12-14 16:05:05,668] {processor.py:641} INFO - Processing file /home/dev/curso/ambientevirtual/lib/python3.9/site-packages/airflow/example_dags/example_external_task_marker_dag.py for tasks to queue
[2024-12-14 16:05:05,669] {logging_mixin.py:115} INFO - [2024-12-14 16:05:05,669] {dagbag.py:507} INFO - Filling up the DagBag from /home/dev/curso/ambientevirtual/lib/python3.9/site-packages/airflow/example_dags/example_external_task_marker_dag.py
[2024-12-14 16:05:05,678] {processor.py:651} INFO - DAG(s) dict_keys(['example_external_task_marker_parent', 'example_external_task_marker_child']) retrieved from /home/dev/curso/ambientevirtual/lib/python3.9/site-packages/airflow/example_dags/example_external_task_marker_dag.py
[2024-12-14 16:05:05,719] {logging_mixin.py:115} INFO - [2024-12-14 16:05:05,719] {dag.py:2379} INFO - Sync 2 DAGs
[2024-12-14 16:05:05,740] {logging_mixin.py:115} INFO - [2024-12-14 16:05:05,740] {dag.py:2927} INFO - Setting next_dagrun for example_external_task_marker_child to None, run_after=None
[2024-12-14 16:05:05,740] {logging_mixin.py:115} INFO - [2024-12-14 16:05:05,740] {dag.py:2927} INFO - Setting next_dagrun for example_external_task_marker_parent to None, run_after=None
[2024-12-14 16:05:05,757] {processor.py:161} INFO - Processing /home/dev/curso/ambientevirtual/lib/python3.9/site-packages/airflow/example_dags/example_external_task_marker_dag.py took 0.098 seconds
[2024-12-14 16:05:41,133] {processor.py:153} INFO - Started process (PID=51533) to work on /home/dev/curso/ambientevirtual/lib/python3.9/site-packages/airflow/example_dags/example_external_task_marker_dag.py
[2024-12-14 16:05:41,134] {processor.py:641} INFO - Processing file /home/dev/curso/ambientevirtual/lib/python3.9/site-packages/airflow/example_dags/example_external_task_marker_dag.py for tasks to queue
[2024-12-14 16:05:41,134] {logging_mixin.py:115} INFO - [2024-12-14 16:05:41,134] {dagbag.py:507} INFO - Filling up the DagBag from /home/dev/curso/ambientevirtual/lib/python3.9/site-packages/airflow/example_dags/example_external_task_marker_dag.py
[2024-12-14 16:05:41,140] {processor.py:651} INFO - DAG(s) dict_keys(['example_external_task_marker_parent', 'example_external_task_marker_child']) retrieved from /home/dev/curso/ambientevirtual/lib/python3.9/site-packages/airflow/example_dags/example_external_task_marker_dag.py
[2024-12-14 16:05:41,184] {logging_mixin.py:115} INFO - [2024-12-14 16:05:41,184] {dag.py:2379} INFO - Sync 2 DAGs
[2024-12-14 16:05:41,206] {logging_mixin.py:115} INFO - [2024-12-14 16:05:41,206] {dag.py:2927} INFO - Setting next_dagrun for example_external_task_marker_child to None, run_after=None
[2024-12-14 16:05:41,207] {logging_mixin.py:115} INFO - [2024-12-14 16:05:41,207] {dag.py:2927} INFO - Setting next_dagrun for example_external_task_marker_parent to None, run_after=None
[2024-12-14 16:05:41,225] {processor.py:161} INFO - Processing /home/dev/curso/ambientevirtual/lib/python3.9/site-packages/airflow/example_dags/example_external_task_marker_dag.py took 0.099 seconds
[2024-12-14 16:06:20,867] {processor.py:153} INFO - Started process (PID=51737) to work on /home/dev/curso/ambientevirtual/lib/python3.9/site-packages/airflow/example_dags/example_external_task_marker_dag.py
[2024-12-14 16:06:20,868] {processor.py:641} INFO - Processing file /home/dev/curso/ambientevirtual/lib/python3.9/site-packages/airflow/example_dags/example_external_task_marker_dag.py for tasks to queue
[2024-12-14 16:06:20,868] {logging_mixin.py:115} INFO - [2024-12-14 16:06:20,868] {dagbag.py:507} INFO - Filling up the DagBag from /home/dev/curso/ambientevirtual/lib/python3.9/site-packages/airflow/example_dags/example_external_task_marker_dag.py
[2024-12-14 16:06:20,876] {processor.py:651} INFO - DAG(s) dict_keys(['example_external_task_marker_parent', 'example_external_task_marker_child']) retrieved from /home/dev/curso/ambientevirtual/lib/python3.9/site-packages/airflow/example_dags/example_external_task_marker_dag.py
[2024-12-14 16:06:20,910] {logging_mixin.py:115} INFO - [2024-12-14 16:06:20,910] {dag.py:2379} INFO - Sync 2 DAGs
[2024-12-14 16:06:20,931] {logging_mixin.py:115} INFO - [2024-12-14 16:06:20,931] {dag.py:2927} INFO - Setting next_dagrun for example_external_task_marker_child to None, run_after=None
[2024-12-14 16:06:20,931] {logging_mixin.py:115} INFO - [2024-12-14 16:06:20,931] {dag.py:2927} INFO - Setting next_dagrun for example_external_task_marker_parent to None, run_after=None
[2024-12-14 16:06:20,952] {processor.py:161} INFO - Processing /home/dev/curso/ambientevirtual/lib/python3.9/site-packages/airflow/example_dags/example_external_task_marker_dag.py took 0.089 seconds
[2024-12-14 16:07:02,771] {processor.py:153} INFO - Started process (PID=51882) to work on /home/dev/curso/ambientevirtual/lib/python3.9/site-packages/airflow/example_dags/example_external_task_marker_dag.py
[2024-12-14 16:07:02,773] {processor.py:641} INFO - Processing file /home/dev/curso/ambientevirtual/lib/python3.9/site-packages/airflow/example_dags/example_external_task_marker_dag.py for tasks to queue
[2024-12-14 16:07:02,773] {logging_mixin.py:115} INFO - [2024-12-14 16:07:02,773] {dagbag.py:507} INFO - Filling up the DagBag from /home/dev/curso/ambientevirtual/lib/python3.9/site-packages/airflow/example_dags/example_external_task_marker_dag.py
[2024-12-14 16:07:02,778] {processor.py:651} INFO - DAG(s) dict_keys(['example_external_task_marker_parent', 'example_external_task_marker_child']) retrieved from /home/dev/curso/ambientevirtual/lib/python3.9/site-packages/airflow/example_dags/example_external_task_marker_dag.py
[2024-12-14 16:07:02,809] {logging_mixin.py:115} INFO - [2024-12-14 16:07:02,809] {dag.py:2379} INFO - Sync 2 DAGs
[2024-12-14 16:07:02,828] {logging_mixin.py:115} INFO - [2024-12-14 16:07:02,828] {dag.py:2927} INFO - Setting next_dagrun for example_external_task_marker_child to None, run_after=None
[2024-12-14 16:07:02,828] {logging_mixin.py:115} INFO - [2024-12-14 16:07:02,828] {dag.py:2927} INFO - Setting next_dagrun for example_external_task_marker_parent to None, run_after=None
[2024-12-14 16:07:02,847] {processor.py:161} INFO - Processing /home/dev/curso/ambientevirtual/lib/python3.9/site-packages/airflow/example_dags/example_external_task_marker_dag.py took 0.079 seconds
[2024-12-14 16:07:43,261] {processor.py:153} INFO - Started process (PID=52093) to work on /home/dev/curso/ambientevirtual/lib/python3.9/site-packages/airflow/example_dags/example_external_task_marker_dag.py
[2024-12-14 16:07:43,262] {processor.py:641} INFO - Processing file /home/dev/curso/ambientevirtual/lib/python3.9/site-packages/airflow/example_dags/example_external_task_marker_dag.py for tasks to queue
[2024-12-14 16:07:43,262] {logging_mixin.py:115} INFO - [2024-12-14 16:07:43,262] {dagbag.py:507} INFO - Filling up the DagBag from /home/dev/curso/ambientevirtual/lib/python3.9/site-packages/airflow/example_dags/example_external_task_marker_dag.py
[2024-12-14 16:07:43,267] {processor.py:651} INFO - DAG(s) dict_keys(['example_external_task_marker_parent', 'example_external_task_marker_child']) retrieved from /home/dev/curso/ambientevirtual/lib/python3.9/site-packages/airflow/example_dags/example_external_task_marker_dag.py
[2024-12-14 16:07:43,312] {logging_mixin.py:115} INFO - [2024-12-14 16:07:43,312] {dag.py:2379} INFO - Sync 2 DAGs
[2024-12-14 16:07:43,343] {logging_mixin.py:115} INFO - [2024-12-14 16:07:43,343] {dag.py:2927} INFO - Setting next_dagrun for example_external_task_marker_child to None, run_after=None
[2024-12-14 16:07:43,344] {logging_mixin.py:115} INFO - [2024-12-14 16:07:43,343] {dag.py:2927} INFO - Setting next_dagrun for example_external_task_marker_parent to None, run_after=None
[2024-12-14 16:07:43,385] {processor.py:161} INFO - Processing /home/dev/curso/ambientevirtual/lib/python3.9/site-packages/airflow/example_dags/example_external_task_marker_dag.py took 0.128 seconds
[2024-12-14 16:08:20,381] {processor.py:153} INFO - Started process (PID=52291) to work on /home/dev/curso/ambientevirtual/lib/python3.9/site-packages/airflow/example_dags/example_external_task_marker_dag.py
[2024-12-14 16:08:20,382] {processor.py:641} INFO - Processing file /home/dev/curso/ambientevirtual/lib/python3.9/site-packages/airflow/example_dags/example_external_task_marker_dag.py for tasks to queue
[2024-12-14 16:08:20,383] {logging_mixin.py:115} INFO - [2024-12-14 16:08:20,383] {dagbag.py:507} INFO - Filling up the DagBag from /home/dev/curso/ambientevirtual/lib/python3.9/site-packages/airflow/example_dags/example_external_task_marker_dag.py
[2024-12-14 16:08:20,393] {processor.py:651} INFO - DAG(s) dict_keys(['example_external_task_marker_parent', 'example_external_task_marker_child']) retrieved from /home/dev/curso/ambientevirtual/lib/python3.9/site-packages/airflow/example_dags/example_external_task_marker_dag.py
[2024-12-14 16:08:20,466] {logging_mixin.py:115} INFO - [2024-12-14 16:08:20,466] {dag.py:2379} INFO - Sync 2 DAGs
[2024-12-14 16:08:20,504] {logging_mixin.py:115} INFO - [2024-12-14 16:08:20,504] {dag.py:2927} INFO - Setting next_dagrun for example_external_task_marker_child to None, run_after=None
[2024-12-14 16:08:20,504] {logging_mixin.py:115} INFO - [2024-12-14 16:08:20,504] {dag.py:2927} INFO - Setting next_dagrun for example_external_task_marker_parent to None, run_after=None
[2024-12-14 16:08:20,536] {processor.py:161} INFO - Processing /home/dev/curso/ambientevirtual/lib/python3.9/site-packages/airflow/example_dags/example_external_task_marker_dag.py took 0.159 seconds
[2024-12-14 16:08:57,058] {processor.py:153} INFO - Started process (PID=52594) to work on /home/dev/curso/ambientevirtual/lib/python3.9/site-packages/airflow/example_dags/example_external_task_marker_dag.py
[2024-12-14 16:08:57,059] {processor.py:641} INFO - Processing file /home/dev/curso/ambientevirtual/lib/python3.9/site-packages/airflow/example_dags/example_external_task_marker_dag.py for tasks to queue
[2024-12-14 16:08:57,060] {logging_mixin.py:115} INFO - [2024-12-14 16:08:57,060] {dagbag.py:507} INFO - Filling up the DagBag from /home/dev/curso/ambientevirtual/lib/python3.9/site-packages/airflow/example_dags/example_external_task_marker_dag.py
[2024-12-14 16:08:57,066] {processor.py:651} INFO - DAG(s) dict_keys(['example_external_task_marker_parent', 'example_external_task_marker_child']) retrieved from /home/dev/curso/ambientevirtual/lib/python3.9/site-packages/airflow/example_dags/example_external_task_marker_dag.py
[2024-12-14 16:08:57,099] {logging_mixin.py:115} INFO - [2024-12-14 16:08:57,099] {dag.py:2379} INFO - Sync 2 DAGs
[2024-12-14 16:08:57,119] {logging_mixin.py:115} INFO - [2024-12-14 16:08:57,119] {dag.py:2927} INFO - Setting next_dagrun for example_external_task_marker_child to None, run_after=None
[2024-12-14 16:08:57,119] {logging_mixin.py:115} INFO - [2024-12-14 16:08:57,119] {dag.py:2927} INFO - Setting next_dagrun for example_external_task_marker_parent to None, run_after=None
[2024-12-14 16:08:57,136] {processor.py:161} INFO - Processing /home/dev/curso/ambientevirtual/lib/python3.9/site-packages/airflow/example_dags/example_external_task_marker_dag.py took 0.084 seconds
[2024-12-14 16:09:33,120] {processor.py:153} INFO - Started process (PID=52723) to work on /home/dev/curso/ambientevirtual/lib/python3.9/site-packages/airflow/example_dags/example_external_task_marker_dag.py
[2024-12-14 16:09:33,120] {processor.py:641} INFO - Processing file /home/dev/curso/ambientevirtual/lib/python3.9/site-packages/airflow/example_dags/example_external_task_marker_dag.py for tasks to queue
[2024-12-14 16:09:33,121] {logging_mixin.py:115} INFO - [2024-12-14 16:09:33,121] {dagbag.py:507} INFO - Filling up the DagBag from /home/dev/curso/ambientevirtual/lib/python3.9/site-packages/airflow/example_dags/example_external_task_marker_dag.py
[2024-12-14 16:09:33,126] {processor.py:651} INFO - DAG(s) dict_keys(['example_external_task_marker_parent', 'example_external_task_marker_child']) retrieved from /home/dev/curso/ambientevirtual/lib/python3.9/site-packages/airflow/example_dags/example_external_task_marker_dag.py
[2024-12-14 16:09:33,158] {logging_mixin.py:115} INFO - [2024-12-14 16:09:33,158] {dag.py:2379} INFO - Sync 2 DAGs
[2024-12-14 16:09:33,182] {logging_mixin.py:115} INFO - [2024-12-14 16:09:33,181] {dag.py:2927} INFO - Setting next_dagrun for example_external_task_marker_child to None, run_after=None
[2024-12-14 16:09:33,182] {logging_mixin.py:115} INFO - [2024-12-14 16:09:33,182] {dag.py:2927} INFO - Setting next_dagrun for example_external_task_marker_parent to None, run_after=None
[2024-12-14 16:09:33,204] {processor.py:161} INFO - Processing /home/dev/curso/ambientevirtual/lib/python3.9/site-packages/airflow/example_dags/example_external_task_marker_dag.py took 0.089 seconds
[2024-12-14 16:10:08,336] {processor.py:153} INFO - Started process (PID=52853) to work on /home/dev/curso/ambientevirtual/lib/python3.9/site-packages/airflow/example_dags/example_external_task_marker_dag.py
[2024-12-14 16:10:08,338] {processor.py:641} INFO - Processing file /home/dev/curso/ambientevirtual/lib/python3.9/site-packages/airflow/example_dags/example_external_task_marker_dag.py for tasks to queue
[2024-12-14 16:10:08,339] {logging_mixin.py:115} INFO - [2024-12-14 16:10:08,339] {dagbag.py:507} INFO - Filling up the DagBag from /home/dev/curso/ambientevirtual/lib/python3.9/site-packages/airflow/example_dags/example_external_task_marker_dag.py
[2024-12-14 16:10:08,348] {processor.py:651} INFO - DAG(s) dict_keys(['example_external_task_marker_parent', 'example_external_task_marker_child']) retrieved from /home/dev/curso/ambientevirtual/lib/python3.9/site-packages/airflow/example_dags/example_external_task_marker_dag.py
[2024-12-14 16:10:08,388] {logging_mixin.py:115} INFO - [2024-12-14 16:10:08,387] {dag.py:2379} INFO - Sync 2 DAGs
[2024-12-14 16:10:08,406] {logging_mixin.py:115} INFO - [2024-12-14 16:10:08,406] {dag.py:2927} INFO - Setting next_dagrun for example_external_task_marker_child to None, run_after=None
[2024-12-14 16:10:08,407] {logging_mixin.py:115} INFO - [2024-12-14 16:10:08,407] {dag.py:2927} INFO - Setting next_dagrun for example_external_task_marker_parent to None, run_after=None
[2024-12-14 16:10:08,424] {processor.py:161} INFO - Processing /home/dev/curso/ambientevirtual/lib/python3.9/site-packages/airflow/example_dags/example_external_task_marker_dag.py took 0.094 seconds
[2024-12-14 16:10:47,766] {processor.py:153} INFO - Started process (PID=53113) to work on /home/dev/curso/ambientevirtual/lib/python3.9/site-packages/airflow/example_dags/example_external_task_marker_dag.py
[2024-12-14 16:10:47,768] {processor.py:641} INFO - Processing file /home/dev/curso/ambientevirtual/lib/python3.9/site-packages/airflow/example_dags/example_external_task_marker_dag.py for tasks to queue
[2024-12-14 16:10:47,768] {logging_mixin.py:115} INFO - [2024-12-14 16:10:47,768] {dagbag.py:507} INFO - Filling up the DagBag from /home/dev/curso/ambientevirtual/lib/python3.9/site-packages/airflow/example_dags/example_external_task_marker_dag.py
[2024-12-14 16:10:47,773] {processor.py:651} INFO - DAG(s) dict_keys(['example_external_task_marker_parent', 'example_external_task_marker_child']) retrieved from /home/dev/curso/ambientevirtual/lib/python3.9/site-packages/airflow/example_dags/example_external_task_marker_dag.py
[2024-12-14 16:10:47,806] {logging_mixin.py:115} INFO - [2024-12-14 16:10:47,806] {dag.py:2379} INFO - Sync 2 DAGs
[2024-12-14 16:10:47,826] {logging_mixin.py:115} INFO - [2024-12-14 16:10:47,826] {dag.py:2927} INFO - Setting next_dagrun for example_external_task_marker_child to None, run_after=None
[2024-12-14 16:10:47,826] {logging_mixin.py:115} INFO - [2024-12-14 16:10:47,826] {dag.py:2927} INFO - Setting next_dagrun for example_external_task_marker_parent to None, run_after=None
[2024-12-14 16:10:47,843] {processor.py:161} INFO - Processing /home/dev/curso/ambientevirtual/lib/python3.9/site-packages/airflow/example_dags/example_external_task_marker_dag.py took 0.082 seconds
[2024-12-14 16:11:23,531] {processor.py:153} INFO - Started process (PID=53245) to work on /home/dev/curso/ambientevirtual/lib/python3.9/site-packages/airflow/example_dags/example_external_task_marker_dag.py
[2024-12-14 16:11:23,532] {processor.py:641} INFO - Processing file /home/dev/curso/ambientevirtual/lib/python3.9/site-packages/airflow/example_dags/example_external_task_marker_dag.py for tasks to queue
[2024-12-14 16:11:23,533] {logging_mixin.py:115} INFO - [2024-12-14 16:11:23,533] {dagbag.py:507} INFO - Filling up the DagBag from /home/dev/curso/ambientevirtual/lib/python3.9/site-packages/airflow/example_dags/example_external_task_marker_dag.py
[2024-12-14 16:11:23,539] {processor.py:651} INFO - DAG(s) dict_keys(['example_external_task_marker_parent', 'example_external_task_marker_child']) retrieved from /home/dev/curso/ambientevirtual/lib/python3.9/site-packages/airflow/example_dags/example_external_task_marker_dag.py
[2024-12-14 16:11:23,580] {logging_mixin.py:115} INFO - [2024-12-14 16:11:23,580] {dag.py:2379} INFO - Sync 2 DAGs
[2024-12-14 16:11:23,617] {logging_mixin.py:115} INFO - [2024-12-14 16:11:23,617] {dag.py:2927} INFO - Setting next_dagrun for example_external_task_marker_child to None, run_after=None
[2024-12-14 16:11:23,617] {logging_mixin.py:115} INFO - [2024-12-14 16:11:23,617] {dag.py:2927} INFO - Setting next_dagrun for example_external_task_marker_parent to None, run_after=None
[2024-12-14 16:11:23,659] {processor.py:161} INFO - Processing /home/dev/curso/ambientevirtual/lib/python3.9/site-packages/airflow/example_dags/example_external_task_marker_dag.py took 0.133 seconds
