[2024-12-14 15:51:27,365] {processor.py:153} INFO - Started process (PID=47784) to work on /home/dev/curso/ambientevirtual/lib/python3.9/site-packages/airflow/example_dags/example_trigger_target_dag.py
[2024-12-14 15:51:27,366] {processor.py:641} INFO - Processing file /home/dev/curso/ambientevirtual/lib/python3.9/site-packages/airflow/example_dags/example_trigger_target_dag.py for tasks to queue
[2024-12-14 15:51:27,366] {logging_mixin.py:115} INFO - [2024-12-14 15:51:27,366] {dagbag.py:507} INFO - Filling up the DagBag from /home/dev/curso/ambientevirtual/lib/python3.9/site-packages/airflow/example_dags/example_trigger_target_dag.py
[2024-12-14 15:51:27,447] {processor.py:651} INFO - DAG(s) dict_keys(['example_trigger_target_dag']) retrieved from /home/dev/curso/ambientevirtual/lib/python3.9/site-packages/airflow/example_dags/example_trigger_target_dag.py
[2024-12-14 15:51:27,737] {logging_mixin.py:115} INFO - [2024-12-14 15:51:27,737] {manager.py:508} INFO - Created Permission View: can delete on DAG:example_trigger_target_dag
[2024-12-14 15:51:27,759] {logging_mixin.py:115} INFO - [2024-12-14 15:51:27,759] {manager.py:508} INFO - Created Permission View: can edit on DAG:example_trigger_target_dag
[2024-12-14 15:51:27,777] {logging_mixin.py:115} INFO - [2024-12-14 15:51:27,777] {manager.py:508} INFO - Created Permission View: can read on DAG:example_trigger_target_dag
[2024-12-14 15:51:27,777] {logging_mixin.py:115} INFO - [2024-12-14 15:51:27,777] {dag.py:2379} INFO - Sync 1 DAGs
[2024-12-14 15:51:27,786] {logging_mixin.py:115} INFO - [2024-12-14 15:51:27,786] {dag.py:2398} INFO - Creating ORM DAG for example_trigger_target_dag
[2024-12-14 15:51:27,806] {logging_mixin.py:115} INFO - [2024-12-14 15:51:27,806] {dag.py:2927} INFO - Setting next_dagrun for example_trigger_target_dag to None, run_after=None
[2024-12-14 15:51:27,859] {processor.py:161} INFO - Processing /home/dev/curso/ambientevirtual/lib/python3.9/site-packages/airflow/example_dags/example_trigger_target_dag.py took 0.522 seconds
[2024-12-14 15:52:05,159] {processor.py:153} INFO - Started process (PID=48269) to work on /home/dev/curso/ambientevirtual/lib/python3.9/site-packages/airflow/example_dags/example_trigger_target_dag.py
[2024-12-14 15:52:05,161] {processor.py:641} INFO - Processing file /home/dev/curso/ambientevirtual/lib/python3.9/site-packages/airflow/example_dags/example_trigger_target_dag.py for tasks to queue
[2024-12-14 15:52:05,163] {logging_mixin.py:115} INFO - [2024-12-14 15:52:05,162] {dagbag.py:507} INFO - Filling up the DagBag from /home/dev/curso/ambientevirtual/lib/python3.9/site-packages/airflow/example_dags/example_trigger_target_dag.py
[2024-12-14 15:52:05,195] {processor.py:651} INFO - DAG(s) dict_keys(['example_trigger_target_dag']) retrieved from /home/dev/curso/ambientevirtual/lib/python3.9/site-packages/airflow/example_dags/example_trigger_target_dag.py
[2024-12-14 15:52:05,215] {logging_mixin.py:115} INFO - [2024-12-14 15:52:05,215] {dag.py:2379} INFO - Sync 1 DAGs
[2024-12-14 15:52:05,238] {logging_mixin.py:115} INFO - [2024-12-14 15:52:05,238] {dag.py:2927} INFO - Setting next_dagrun for example_trigger_target_dag to None, run_after=None
[2024-12-14 15:52:05,257] {processor.py:161} INFO - Processing /home/dev/curso/ambientevirtual/lib/python3.9/site-packages/airflow/example_dags/example_trigger_target_dag.py took 0.104 seconds
[2024-12-14 15:52:42,200] {processor.py:153} INFO - Started process (PID=48405) to work on /home/dev/curso/ambientevirtual/lib/python3.9/site-packages/airflow/example_dags/example_trigger_target_dag.py
[2024-12-14 15:52:42,203] {processor.py:641} INFO - Processing file /home/dev/curso/ambientevirtual/lib/python3.9/site-packages/airflow/example_dags/example_trigger_target_dag.py for tasks to queue
[2024-12-14 15:52:42,204] {logging_mixin.py:115} INFO - [2024-12-14 15:52:42,204] {dagbag.py:507} INFO - Filling up the DagBag from /home/dev/curso/ambientevirtual/lib/python3.9/site-packages/airflow/example_dags/example_trigger_target_dag.py
[2024-12-14 15:52:42,227] {processor.py:651} INFO - DAG(s) dict_keys(['example_trigger_target_dag']) retrieved from /home/dev/curso/ambientevirtual/lib/python3.9/site-packages/airflow/example_dags/example_trigger_target_dag.py
[2024-12-14 15:52:42,245] {logging_mixin.py:115} INFO - [2024-12-14 15:52:42,245] {dag.py:2379} INFO - Sync 1 DAGs
[2024-12-14 15:52:42,263] {logging_mixin.py:115} INFO - [2024-12-14 15:52:42,263] {dag.py:2927} INFO - Setting next_dagrun for example_trigger_target_dag to None, run_after=None
[2024-12-14 15:52:42,278] {processor.py:161} INFO - Processing /home/dev/curso/ambientevirtual/lib/python3.9/site-packages/airflow/example_dags/example_trigger_target_dag.py took 0.083 seconds
[2024-12-14 15:53:14,159] {processor.py:153} INFO - Started process (PID=48519) to work on /home/dev/curso/ambientevirtual/lib/python3.9/site-packages/airflow/example_dags/example_trigger_target_dag.py
[2024-12-14 15:53:14,160] {processor.py:641} INFO - Processing file /home/dev/curso/ambientevirtual/lib/python3.9/site-packages/airflow/example_dags/example_trigger_target_dag.py for tasks to queue
[2024-12-14 15:53:14,161] {logging_mixin.py:115} INFO - [2024-12-14 15:53:14,161] {dagbag.py:507} INFO - Filling up the DagBag from /home/dev/curso/ambientevirtual/lib/python3.9/site-packages/airflow/example_dags/example_trigger_target_dag.py
[2024-12-14 15:53:14,189] {processor.py:651} INFO - DAG(s) dict_keys(['example_trigger_target_dag']) retrieved from /home/dev/curso/ambientevirtual/lib/python3.9/site-packages/airflow/example_dags/example_trigger_target_dag.py
[2024-12-14 15:53:14,209] {logging_mixin.py:115} INFO - [2024-12-14 15:53:14,209] {dag.py:2379} INFO - Sync 1 DAGs
[2024-12-14 15:53:14,228] {logging_mixin.py:115} INFO - [2024-12-14 15:53:14,228] {dag.py:2927} INFO - Setting next_dagrun for example_trigger_target_dag to None, run_after=None
[2024-12-14 15:53:14,246] {processor.py:161} INFO - Processing /home/dev/curso/ambientevirtual/lib/python3.9/site-packages/airflow/example_dags/example_trigger_target_dag.py took 0.093 seconds
[2024-12-14 15:53:48,326] {processor.py:153} INFO - Started process (PID=48647) to work on /home/dev/curso/ambientevirtual/lib/python3.9/site-packages/airflow/example_dags/example_trigger_target_dag.py
[2024-12-14 15:53:48,329] {processor.py:641} INFO - Processing file /home/dev/curso/ambientevirtual/lib/python3.9/site-packages/airflow/example_dags/example_trigger_target_dag.py for tasks to queue
[2024-12-14 15:53:48,330] {logging_mixin.py:115} INFO - [2024-12-14 15:53:48,330] {dagbag.py:507} INFO - Filling up the DagBag from /home/dev/curso/ambientevirtual/lib/python3.9/site-packages/airflow/example_dags/example_trigger_target_dag.py
[2024-12-14 15:53:48,356] {processor.py:651} INFO - DAG(s) dict_keys(['example_trigger_target_dag']) retrieved from /home/dev/curso/ambientevirtual/lib/python3.9/site-packages/airflow/example_dags/example_trigger_target_dag.py
[2024-12-14 15:53:48,378] {logging_mixin.py:115} INFO - [2024-12-14 15:53:48,378] {dag.py:2379} INFO - Sync 1 DAGs
[2024-12-14 15:53:48,399] {logging_mixin.py:115} INFO - [2024-12-14 15:53:48,399] {dag.py:2927} INFO - Setting next_dagrun for example_trigger_target_dag to None, run_after=None
[2024-12-14 15:53:48,416] {processor.py:161} INFO - Processing /home/dev/curso/ambientevirtual/lib/python3.9/site-packages/airflow/example_dags/example_trigger_target_dag.py took 0.097 seconds
[2024-12-14 15:54:24,294] {processor.py:153} INFO - Started process (PID=48777) to work on /home/dev/curso/ambientevirtual/lib/python3.9/site-packages/airflow/example_dags/example_trigger_target_dag.py
[2024-12-14 15:54:24,295] {processor.py:641} INFO - Processing file /home/dev/curso/ambientevirtual/lib/python3.9/site-packages/airflow/example_dags/example_trigger_target_dag.py for tasks to queue
[2024-12-14 15:54:24,296] {logging_mixin.py:115} INFO - [2024-12-14 15:54:24,296] {dagbag.py:507} INFO - Filling up the DagBag from /home/dev/curso/ambientevirtual/lib/python3.9/site-packages/airflow/example_dags/example_trigger_target_dag.py
[2024-12-14 15:54:24,318] {processor.py:651} INFO - DAG(s) dict_keys(['example_trigger_target_dag']) retrieved from /home/dev/curso/ambientevirtual/lib/python3.9/site-packages/airflow/example_dags/example_trigger_target_dag.py
[2024-12-14 15:54:24,339] {logging_mixin.py:115} INFO - [2024-12-14 15:54:24,339] {dag.py:2379} INFO - Sync 1 DAGs
[2024-12-14 15:54:24,359] {logging_mixin.py:115} INFO - [2024-12-14 15:54:24,359] {dag.py:2927} INFO - Setting next_dagrun for example_trigger_target_dag to None, run_after=None
[2024-12-14 15:54:24,376] {processor.py:161} INFO - Processing /home/dev/curso/ambientevirtual/lib/python3.9/site-packages/airflow/example_dags/example_trigger_target_dag.py took 0.089 seconds
[2024-12-14 15:54:59,171] {processor.py:153} INFO - Started process (PID=48906) to work on /home/dev/curso/ambientevirtual/lib/python3.9/site-packages/airflow/example_dags/example_trigger_target_dag.py
[2024-12-14 15:54:59,172] {processor.py:641} INFO - Processing file /home/dev/curso/ambientevirtual/lib/python3.9/site-packages/airflow/example_dags/example_trigger_target_dag.py for tasks to queue
[2024-12-14 15:54:59,173] {logging_mixin.py:115} INFO - [2024-12-14 15:54:59,173] {dagbag.py:507} INFO - Filling up the DagBag from /home/dev/curso/ambientevirtual/lib/python3.9/site-packages/airflow/example_dags/example_trigger_target_dag.py
[2024-12-14 15:54:59,197] {processor.py:651} INFO - DAG(s) dict_keys(['example_trigger_target_dag']) retrieved from /home/dev/curso/ambientevirtual/lib/python3.9/site-packages/airflow/example_dags/example_trigger_target_dag.py
[2024-12-14 15:54:59,223] {logging_mixin.py:115} INFO - [2024-12-14 15:54:59,223] {dag.py:2379} INFO - Sync 1 DAGs
[2024-12-14 15:54:59,247] {logging_mixin.py:115} INFO - [2024-12-14 15:54:59,247] {dag.py:2927} INFO - Setting next_dagrun for example_trigger_target_dag to None, run_after=None
[2024-12-14 15:54:59,265] {processor.py:161} INFO - Processing /home/dev/curso/ambientevirtual/lib/python3.9/site-packages/airflow/example_dags/example_trigger_target_dag.py took 0.101 seconds
[2024-12-14 15:55:30,494] {processor.py:153} INFO - Started process (PID=49020) to work on /home/dev/curso/ambientevirtual/lib/python3.9/site-packages/airflow/example_dags/example_trigger_target_dag.py
[2024-12-14 15:55:30,496] {processor.py:641} INFO - Processing file /home/dev/curso/ambientevirtual/lib/python3.9/site-packages/airflow/example_dags/example_trigger_target_dag.py for tasks to queue
[2024-12-14 15:55:30,497] {logging_mixin.py:115} INFO - [2024-12-14 15:55:30,497] {dagbag.py:507} INFO - Filling up the DagBag from /home/dev/curso/ambientevirtual/lib/python3.9/site-packages/airflow/example_dags/example_trigger_target_dag.py
[2024-12-14 15:55:30,526] {processor.py:651} INFO - DAG(s) dict_keys(['example_trigger_target_dag']) retrieved from /home/dev/curso/ambientevirtual/lib/python3.9/site-packages/airflow/example_dags/example_trigger_target_dag.py
[2024-12-14 15:55:30,545] {logging_mixin.py:115} INFO - [2024-12-14 15:55:30,545] {dag.py:2379} INFO - Sync 1 DAGs
[2024-12-14 15:55:30,564] {logging_mixin.py:115} INFO - [2024-12-14 15:55:30,564] {dag.py:2927} INFO - Setting next_dagrun for example_trigger_target_dag to None, run_after=None
[2024-12-14 15:55:30,580] {processor.py:161} INFO - Processing /home/dev/curso/ambientevirtual/lib/python3.9/site-packages/airflow/example_dags/example_trigger_target_dag.py took 0.091 seconds
[2024-12-14 15:56:07,165] {processor.py:153} INFO - Started process (PID=49153) to work on /home/dev/curso/ambientevirtual/lib/python3.9/site-packages/airflow/example_dags/example_trigger_target_dag.py
[2024-12-14 15:56:07,167] {processor.py:641} INFO - Processing file /home/dev/curso/ambientevirtual/lib/python3.9/site-packages/airflow/example_dags/example_trigger_target_dag.py for tasks to queue
[2024-12-14 15:56:07,168] {logging_mixin.py:115} INFO - [2024-12-14 15:56:07,168] {dagbag.py:507} INFO - Filling up the DagBag from /home/dev/curso/ambientevirtual/lib/python3.9/site-packages/airflow/example_dags/example_trigger_target_dag.py
[2024-12-14 15:56:07,191] {processor.py:651} INFO - DAG(s) dict_keys(['example_trigger_target_dag']) retrieved from /home/dev/curso/ambientevirtual/lib/python3.9/site-packages/airflow/example_dags/example_trigger_target_dag.py
[2024-12-14 15:56:07,214] {logging_mixin.py:115} INFO - [2024-12-14 15:56:07,214] {dag.py:2379} INFO - Sync 1 DAGs
[2024-12-14 15:56:07,243] {logging_mixin.py:115} INFO - [2024-12-14 15:56:07,242] {dag.py:2927} INFO - Setting next_dagrun for example_trigger_target_dag to None, run_after=None
[2024-12-14 15:56:07,261] {processor.py:161} INFO - Processing /home/dev/curso/ambientevirtual/lib/python3.9/site-packages/airflow/example_dags/example_trigger_target_dag.py took 0.104 seconds
[2024-12-14 15:56:44,822] {processor.py:153} INFO - Started process (PID=49310) to work on /home/dev/curso/ambientevirtual/lib/python3.9/site-packages/airflow/example_dags/example_trigger_target_dag.py
[2024-12-14 15:56:44,823] {processor.py:641} INFO - Processing file /home/dev/curso/ambientevirtual/lib/python3.9/site-packages/airflow/example_dags/example_trigger_target_dag.py for tasks to queue
[2024-12-14 15:56:44,823] {logging_mixin.py:115} INFO - [2024-12-14 15:56:44,823] {dagbag.py:507} INFO - Filling up the DagBag from /home/dev/curso/ambientevirtual/lib/python3.9/site-packages/airflow/example_dags/example_trigger_target_dag.py
[2024-12-14 15:56:44,847] {processor.py:651} INFO - DAG(s) dict_keys(['example_trigger_target_dag']) retrieved from /home/dev/curso/ambientevirtual/lib/python3.9/site-packages/airflow/example_dags/example_trigger_target_dag.py
[2024-12-14 15:56:44,871] {logging_mixin.py:115} INFO - [2024-12-14 15:56:44,871] {dag.py:2379} INFO - Sync 1 DAGs
[2024-12-14 15:56:44,893] {logging_mixin.py:115} INFO - [2024-12-14 15:56:44,892] {dag.py:2927} INFO - Setting next_dagrun for example_trigger_target_dag to None, run_after=None
[2024-12-14 15:56:44,913] {processor.py:161} INFO - Processing /home/dev/curso/ambientevirtual/lib/python3.9/site-packages/airflow/example_dags/example_trigger_target_dag.py took 0.095 seconds
[2024-12-14 15:57:19,013] {processor.py:153} INFO - Started process (PID=49465) to work on /home/dev/curso/ambientevirtual/lib/python3.9/site-packages/airflow/example_dags/example_trigger_target_dag.py
[2024-12-14 15:57:19,015] {processor.py:641} INFO - Processing file /home/dev/curso/ambientevirtual/lib/python3.9/site-packages/airflow/example_dags/example_trigger_target_dag.py for tasks to queue
[2024-12-14 15:57:19,015] {logging_mixin.py:115} INFO - [2024-12-14 15:57:19,015] {dagbag.py:507} INFO - Filling up the DagBag from /home/dev/curso/ambientevirtual/lib/python3.9/site-packages/airflow/example_dags/example_trigger_target_dag.py
[2024-12-14 15:57:19,041] {processor.py:651} INFO - DAG(s) dict_keys(['example_trigger_target_dag']) retrieved from /home/dev/curso/ambientevirtual/lib/python3.9/site-packages/airflow/example_dags/example_trigger_target_dag.py
[2024-12-14 15:57:19,061] {logging_mixin.py:115} INFO - [2024-12-14 15:57:19,061] {dag.py:2379} INFO - Sync 1 DAGs
[2024-12-14 15:57:19,084] {logging_mixin.py:115} INFO - [2024-12-14 15:57:19,084] {dag.py:2927} INFO - Setting next_dagrun for example_trigger_target_dag to None, run_after=None
[2024-12-14 15:57:19,106] {processor.py:161} INFO - Processing /home/dev/curso/ambientevirtual/lib/python3.9/site-packages/airflow/example_dags/example_trigger_target_dag.py took 0.098 seconds
[2024-12-14 15:57:53,031] {processor.py:153} INFO - Started process (PID=49587) to work on /home/dev/curso/ambientevirtual/lib/python3.9/site-packages/airflow/example_dags/example_trigger_target_dag.py
[2024-12-14 15:57:53,033] {processor.py:641} INFO - Processing file /home/dev/curso/ambientevirtual/lib/python3.9/site-packages/airflow/example_dags/example_trigger_target_dag.py for tasks to queue
[2024-12-14 15:57:53,033] {logging_mixin.py:115} INFO - [2024-12-14 15:57:53,033] {dagbag.py:507} INFO - Filling up the DagBag from /home/dev/curso/ambientevirtual/lib/python3.9/site-packages/airflow/example_dags/example_trigger_target_dag.py
[2024-12-14 15:57:53,057] {processor.py:651} INFO - DAG(s) dict_keys(['example_trigger_target_dag']) retrieved from /home/dev/curso/ambientevirtual/lib/python3.9/site-packages/airflow/example_dags/example_trigger_target_dag.py
[2024-12-14 15:57:53,077] {logging_mixin.py:115} INFO - [2024-12-14 15:57:53,077] {dag.py:2379} INFO - Sync 1 DAGs
[2024-12-14 15:57:53,101] {logging_mixin.py:115} INFO - [2024-12-14 15:57:53,101] {dag.py:2927} INFO - Setting next_dagrun for example_trigger_target_dag to None, run_after=None
[2024-12-14 15:57:53,120] {processor.py:161} INFO - Processing /home/dev/curso/ambientevirtual/lib/python3.9/site-packages/airflow/example_dags/example_trigger_target_dag.py took 0.094 seconds
[2024-12-14 15:58:30,161] {processor.py:153} INFO - Started process (PID=49723) to work on /home/dev/curso/ambientevirtual/lib/python3.9/site-packages/airflow/example_dags/example_trigger_target_dag.py
[2024-12-14 15:58:30,162] {processor.py:641} INFO - Processing file /home/dev/curso/ambientevirtual/lib/python3.9/site-packages/airflow/example_dags/example_trigger_target_dag.py for tasks to queue
[2024-12-14 15:58:30,163] {logging_mixin.py:115} INFO - [2024-12-14 15:58:30,163] {dagbag.py:507} INFO - Filling up the DagBag from /home/dev/curso/ambientevirtual/lib/python3.9/site-packages/airflow/example_dags/example_trigger_target_dag.py
[2024-12-14 15:58:30,184] {processor.py:651} INFO - DAG(s) dict_keys(['example_trigger_target_dag']) retrieved from /home/dev/curso/ambientevirtual/lib/python3.9/site-packages/airflow/example_dags/example_trigger_target_dag.py
[2024-12-14 15:58:30,203] {logging_mixin.py:115} INFO - [2024-12-14 15:58:30,203] {dag.py:2379} INFO - Sync 1 DAGs
[2024-12-14 15:58:30,223] {logging_mixin.py:115} INFO - [2024-12-14 15:58:30,222] {dag.py:2927} INFO - Setting next_dagrun for example_trigger_target_dag to None, run_after=None
[2024-12-14 15:58:30,240] {processor.py:161} INFO - Processing /home/dev/curso/ambientevirtual/lib/python3.9/site-packages/airflow/example_dags/example_trigger_target_dag.py took 0.083 seconds
[2024-12-14 15:59:01,974] {processor.py:153} INFO - Started process (PID=49844) to work on /home/dev/curso/ambientevirtual/lib/python3.9/site-packages/airflow/example_dags/example_trigger_target_dag.py
[2024-12-14 15:59:01,975] {processor.py:641} INFO - Processing file /home/dev/curso/ambientevirtual/lib/python3.9/site-packages/airflow/example_dags/example_trigger_target_dag.py for tasks to queue
[2024-12-14 15:59:01,976] {logging_mixin.py:115} INFO - [2024-12-14 15:59:01,976] {dagbag.py:507} INFO - Filling up the DagBag from /home/dev/curso/ambientevirtual/lib/python3.9/site-packages/airflow/example_dags/example_trigger_target_dag.py
[2024-12-14 15:59:01,998] {processor.py:651} INFO - DAG(s) dict_keys(['example_trigger_target_dag']) retrieved from /home/dev/curso/ambientevirtual/lib/python3.9/site-packages/airflow/example_dags/example_trigger_target_dag.py
[2024-12-14 15:59:02,017] {logging_mixin.py:115} INFO - [2024-12-14 15:59:02,017] {dag.py:2379} INFO - Sync 1 DAGs
[2024-12-14 15:59:02,036] {logging_mixin.py:115} INFO - [2024-12-14 15:59:02,036] {dag.py:2927} INFO - Setting next_dagrun for example_trigger_target_dag to None, run_after=None
[2024-12-14 15:59:02,054] {processor.py:161} INFO - Processing /home/dev/curso/ambientevirtual/lib/python3.9/site-packages/airflow/example_dags/example_trigger_target_dag.py took 0.086 seconds
[2024-12-14 15:59:38,693] {processor.py:153} INFO - Started process (PID=49974) to work on /home/dev/curso/ambientevirtual/lib/python3.9/site-packages/airflow/example_dags/example_trigger_target_dag.py
[2024-12-14 15:59:38,694] {processor.py:641} INFO - Processing file /home/dev/curso/ambientevirtual/lib/python3.9/site-packages/airflow/example_dags/example_trigger_target_dag.py for tasks to queue
[2024-12-14 15:59:38,695] {logging_mixin.py:115} INFO - [2024-12-14 15:59:38,694] {dagbag.py:507} INFO - Filling up the DagBag from /home/dev/curso/ambientevirtual/lib/python3.9/site-packages/airflow/example_dags/example_trigger_target_dag.py
[2024-12-14 15:59:38,715] {processor.py:651} INFO - DAG(s) dict_keys(['example_trigger_target_dag']) retrieved from /home/dev/curso/ambientevirtual/lib/python3.9/site-packages/airflow/example_dags/example_trigger_target_dag.py
[2024-12-14 15:59:38,734] {logging_mixin.py:115} INFO - [2024-12-14 15:59:38,734] {dag.py:2379} INFO - Sync 1 DAGs
[2024-12-14 15:59:38,752] {logging_mixin.py:115} INFO - [2024-12-14 15:59:38,752] {dag.py:2927} INFO - Setting next_dagrun for example_trigger_target_dag to None, run_after=None
[2024-12-14 15:59:38,769] {processor.py:161} INFO - Processing /home/dev/curso/ambientevirtual/lib/python3.9/site-packages/airflow/example_dags/example_trigger_target_dag.py took 0.081 seconds
[2024-12-14 16:00:13,243] {processor.py:153} INFO - Started process (PID=50102) to work on /home/dev/curso/ambientevirtual/lib/python3.9/site-packages/airflow/example_dags/example_trigger_target_dag.py
[2024-12-14 16:00:13,245] {processor.py:641} INFO - Processing file /home/dev/curso/ambientevirtual/lib/python3.9/site-packages/airflow/example_dags/example_trigger_target_dag.py for tasks to queue
[2024-12-14 16:00:13,246] {logging_mixin.py:115} INFO - [2024-12-14 16:00:13,246] {dagbag.py:507} INFO - Filling up the DagBag from /home/dev/curso/ambientevirtual/lib/python3.9/site-packages/airflow/example_dags/example_trigger_target_dag.py
[2024-12-14 16:00:13,270] {processor.py:651} INFO - DAG(s) dict_keys(['example_trigger_target_dag']) retrieved from /home/dev/curso/ambientevirtual/lib/python3.9/site-packages/airflow/example_dags/example_trigger_target_dag.py
[2024-12-14 16:00:13,288] {logging_mixin.py:115} INFO - [2024-12-14 16:00:13,288] {dag.py:2379} INFO - Sync 1 DAGs
[2024-12-14 16:00:13,308] {logging_mixin.py:115} INFO - [2024-12-14 16:00:13,308] {dag.py:2927} INFO - Setting next_dagrun for example_trigger_target_dag to None, run_after=None
[2024-12-14 16:00:13,326] {processor.py:161} INFO - Processing /home/dev/curso/ambientevirtual/lib/python3.9/site-packages/airflow/example_dags/example_trigger_target_dag.py took 0.089 seconds
[2024-12-14 16:00:46,455] {processor.py:153} INFO - Started process (PID=50225) to work on /home/dev/curso/ambientevirtual/lib/python3.9/site-packages/airflow/example_dags/example_trigger_target_dag.py
[2024-12-14 16:00:46,457] {processor.py:641} INFO - Processing file /home/dev/curso/ambientevirtual/lib/python3.9/site-packages/airflow/example_dags/example_trigger_target_dag.py for tasks to queue
[2024-12-14 16:00:46,458] {logging_mixin.py:115} INFO - [2024-12-14 16:00:46,457] {dagbag.py:507} INFO - Filling up the DagBag from /home/dev/curso/ambientevirtual/lib/python3.9/site-packages/airflow/example_dags/example_trigger_target_dag.py
[2024-12-14 16:00:46,499] {processor.py:651} INFO - DAG(s) dict_keys(['example_trigger_target_dag']) retrieved from /home/dev/curso/ambientevirtual/lib/python3.9/site-packages/airflow/example_dags/example_trigger_target_dag.py
[2024-12-14 16:00:46,526] {logging_mixin.py:115} INFO - [2024-12-14 16:00:46,526] {dag.py:2379} INFO - Sync 1 DAGs
[2024-12-14 16:00:46,560] {logging_mixin.py:115} INFO - [2024-12-14 16:00:46,560] {dag.py:2927} INFO - Setting next_dagrun for example_trigger_target_dag to None, run_after=None
[2024-12-14 16:00:46,587] {processor.py:161} INFO - Processing /home/dev/curso/ambientevirtual/lib/python3.9/site-packages/airflow/example_dags/example_trigger_target_dag.py took 0.142 seconds
[2024-12-14 16:01:21,222] {processor.py:153} INFO - Started process (PID=50525) to work on /home/dev/curso/ambientevirtual/lib/python3.9/site-packages/airflow/example_dags/example_trigger_target_dag.py
[2024-12-14 16:01:21,223] {processor.py:641} INFO - Processing file /home/dev/curso/ambientevirtual/lib/python3.9/site-packages/airflow/example_dags/example_trigger_target_dag.py for tasks to queue
[2024-12-14 16:01:21,224] {logging_mixin.py:115} INFO - [2024-12-14 16:01:21,224] {dagbag.py:507} INFO - Filling up the DagBag from /home/dev/curso/ambientevirtual/lib/python3.9/site-packages/airflow/example_dags/example_trigger_target_dag.py
[2024-12-14 16:01:21,246] {processor.py:651} INFO - DAG(s) dict_keys(['example_trigger_target_dag']) retrieved from /home/dev/curso/ambientevirtual/lib/python3.9/site-packages/airflow/example_dags/example_trigger_target_dag.py
[2024-12-14 16:01:21,265] {logging_mixin.py:115} INFO - [2024-12-14 16:01:21,265] {dag.py:2379} INFO - Sync 1 DAGs
[2024-12-14 16:01:21,286] {logging_mixin.py:115} INFO - [2024-12-14 16:01:21,286] {dag.py:2927} INFO - Setting next_dagrun for example_trigger_target_dag to None, run_after=None
[2024-12-14 16:01:21,305] {processor.py:161} INFO - Processing /home/dev/curso/ambientevirtual/lib/python3.9/site-packages/airflow/example_dags/example_trigger_target_dag.py took 0.087 seconds
[2024-12-14 16:01:58,331] {processor.py:153} INFO - Started process (PID=50656) to work on /home/dev/curso/ambientevirtual/lib/python3.9/site-packages/airflow/example_dags/example_trigger_target_dag.py
[2024-12-14 16:01:58,332] {processor.py:641} INFO - Processing file /home/dev/curso/ambientevirtual/lib/python3.9/site-packages/airflow/example_dags/example_trigger_target_dag.py for tasks to queue
[2024-12-14 16:01:58,333] {logging_mixin.py:115} INFO - [2024-12-14 16:01:58,333] {dagbag.py:507} INFO - Filling up the DagBag from /home/dev/curso/ambientevirtual/lib/python3.9/site-packages/airflow/example_dags/example_trigger_target_dag.py
[2024-12-14 16:01:58,353] {processor.py:651} INFO - DAG(s) dict_keys(['example_trigger_target_dag']) retrieved from /home/dev/curso/ambientevirtual/lib/python3.9/site-packages/airflow/example_dags/example_trigger_target_dag.py
[2024-12-14 16:01:58,372] {logging_mixin.py:115} INFO - [2024-12-14 16:01:58,372] {dag.py:2379} INFO - Sync 1 DAGs
[2024-12-14 16:01:58,390] {logging_mixin.py:115} INFO - [2024-12-14 16:01:58,390] {dag.py:2927} INFO - Setting next_dagrun for example_trigger_target_dag to None, run_after=None
[2024-12-14 16:01:58,407] {processor.py:161} INFO - Processing /home/dev/curso/ambientevirtual/lib/python3.9/site-packages/airflow/example_dags/example_trigger_target_dag.py took 0.080 seconds
[2024-12-14 16:02:30,555] {processor.py:153} INFO - Started process (PID=50835) to work on /home/dev/curso/ambientevirtual/lib/python3.9/site-packages/airflow/example_dags/example_trigger_target_dag.py
[2024-12-14 16:02:30,556] {processor.py:641} INFO - Processing file /home/dev/curso/ambientevirtual/lib/python3.9/site-packages/airflow/example_dags/example_trigger_target_dag.py for tasks to queue
[2024-12-14 16:02:30,557] {logging_mixin.py:115} INFO - [2024-12-14 16:02:30,557] {dagbag.py:507} INFO - Filling up the DagBag from /home/dev/curso/ambientevirtual/lib/python3.9/site-packages/airflow/example_dags/example_trigger_target_dag.py
[2024-12-14 16:02:30,576] {processor.py:651} INFO - DAG(s) dict_keys(['example_trigger_target_dag']) retrieved from /home/dev/curso/ambientevirtual/lib/python3.9/site-packages/airflow/example_dags/example_trigger_target_dag.py
[2024-12-14 16:02:30,595] {logging_mixin.py:115} INFO - [2024-12-14 16:02:30,595] {dag.py:2379} INFO - Sync 1 DAGs
[2024-12-14 16:02:30,616] {logging_mixin.py:115} INFO - [2024-12-14 16:02:30,616] {dag.py:2927} INFO - Setting next_dagrun for example_trigger_target_dag to None, run_after=None
[2024-12-14 16:02:30,634] {processor.py:161} INFO - Processing /home/dev/curso/ambientevirtual/lib/python3.9/site-packages/airflow/example_dags/example_trigger_target_dag.py took 0.082 seconds
[2024-12-14 16:03:03,510] {processor.py:153} INFO - Started process (PID=50957) to work on /home/dev/curso/ambientevirtual/lib/python3.9/site-packages/airflow/example_dags/example_trigger_target_dag.py
[2024-12-14 16:03:03,512] {processor.py:641} INFO - Processing file /home/dev/curso/ambientevirtual/lib/python3.9/site-packages/airflow/example_dags/example_trigger_target_dag.py for tasks to queue
[2024-12-14 16:03:03,513] {logging_mixin.py:115} INFO - [2024-12-14 16:03:03,513] {dagbag.py:507} INFO - Filling up the DagBag from /home/dev/curso/ambientevirtual/lib/python3.9/site-packages/airflow/example_dags/example_trigger_target_dag.py
[2024-12-14 16:03:03,544] {processor.py:651} INFO - DAG(s) dict_keys(['example_trigger_target_dag']) retrieved from /home/dev/curso/ambientevirtual/lib/python3.9/site-packages/airflow/example_dags/example_trigger_target_dag.py
[2024-12-14 16:03:03,565] {logging_mixin.py:115} INFO - [2024-12-14 16:03:03,564] {dag.py:2379} INFO - Sync 1 DAGs
[2024-12-14 16:03:03,585] {logging_mixin.py:115} INFO - [2024-12-14 16:03:03,585] {dag.py:2927} INFO - Setting next_dagrun for example_trigger_target_dag to None, run_after=None
[2024-12-14 16:03:03,605] {processor.py:161} INFO - Processing /home/dev/curso/ambientevirtual/lib/python3.9/site-packages/airflow/example_dags/example_trigger_target_dag.py took 0.102 seconds
[2024-12-14 16:03:38,485] {processor.py:153} INFO - Started process (PID=51081) to work on /home/dev/curso/ambientevirtual/lib/python3.9/site-packages/airflow/example_dags/example_trigger_target_dag.py
[2024-12-14 16:03:38,485] {processor.py:641} INFO - Processing file /home/dev/curso/ambientevirtual/lib/python3.9/site-packages/airflow/example_dags/example_trigger_target_dag.py for tasks to queue
[2024-12-14 16:03:38,486] {logging_mixin.py:115} INFO - [2024-12-14 16:03:38,486] {dagbag.py:507} INFO - Filling up the DagBag from /home/dev/curso/ambientevirtual/lib/python3.9/site-packages/airflow/example_dags/example_trigger_target_dag.py
[2024-12-14 16:03:38,506] {processor.py:651} INFO - DAG(s) dict_keys(['example_trigger_target_dag']) retrieved from /home/dev/curso/ambientevirtual/lib/python3.9/site-packages/airflow/example_dags/example_trigger_target_dag.py
[2024-12-14 16:03:38,525] {logging_mixin.py:115} INFO - [2024-12-14 16:03:38,525] {dag.py:2379} INFO - Sync 1 DAGs
[2024-12-14 16:03:38,546] {logging_mixin.py:115} INFO - [2024-12-14 16:03:38,546] {dag.py:2927} INFO - Setting next_dagrun for example_trigger_target_dag to None, run_after=None
[2024-12-14 16:03:38,569] {processor.py:161} INFO - Processing /home/dev/curso/ambientevirtual/lib/python3.9/site-packages/airflow/example_dags/example_trigger_target_dag.py took 0.087 seconds
[2024-12-14 16:04:12,233] {processor.py:153} INFO - Started process (PID=51208) to work on /home/dev/curso/ambientevirtual/lib/python3.9/site-packages/airflow/example_dags/example_trigger_target_dag.py
[2024-12-14 16:04:12,235] {processor.py:641} INFO - Processing file /home/dev/curso/ambientevirtual/lib/python3.9/site-packages/airflow/example_dags/example_trigger_target_dag.py for tasks to queue
[2024-12-14 16:04:12,235] {logging_mixin.py:115} INFO - [2024-12-14 16:04:12,235] {dagbag.py:507} INFO - Filling up the DagBag from /home/dev/curso/ambientevirtual/lib/python3.9/site-packages/airflow/example_dags/example_trigger_target_dag.py
[2024-12-14 16:04:12,255] {processor.py:651} INFO - DAG(s) dict_keys(['example_trigger_target_dag']) retrieved from /home/dev/curso/ambientevirtual/lib/python3.9/site-packages/airflow/example_dags/example_trigger_target_dag.py
[2024-12-14 16:04:12,274] {logging_mixin.py:115} INFO - [2024-12-14 16:04:12,273] {dag.py:2379} INFO - Sync 1 DAGs
[2024-12-14 16:04:12,293] {logging_mixin.py:115} INFO - [2024-12-14 16:04:12,293] {dag.py:2927} INFO - Setting next_dagrun for example_trigger_target_dag to None, run_after=None
[2024-12-14 16:04:12,312] {processor.py:161} INFO - Processing /home/dev/curso/ambientevirtual/lib/python3.9/site-packages/airflow/example_dags/example_trigger_target_dag.py took 0.083 seconds
[2024-12-14 16:04:49,399] {processor.py:153} INFO - Started process (PID=51338) to work on /home/dev/curso/ambientevirtual/lib/python3.9/site-packages/airflow/example_dags/example_trigger_target_dag.py
[2024-12-14 16:04:49,401] {processor.py:641} INFO - Processing file /home/dev/curso/ambientevirtual/lib/python3.9/site-packages/airflow/example_dags/example_trigger_target_dag.py for tasks to queue
[2024-12-14 16:04:49,402] {logging_mixin.py:115} INFO - [2024-12-14 16:04:49,401] {dagbag.py:507} INFO - Filling up the DagBag from /home/dev/curso/ambientevirtual/lib/python3.9/site-packages/airflow/example_dags/example_trigger_target_dag.py
[2024-12-14 16:04:49,429] {processor.py:651} INFO - DAG(s) dict_keys(['example_trigger_target_dag']) retrieved from /home/dev/curso/ambientevirtual/lib/python3.9/site-packages/airflow/example_dags/example_trigger_target_dag.py
[2024-12-14 16:04:49,459] {logging_mixin.py:115} INFO - [2024-12-14 16:04:49,458] {dag.py:2379} INFO - Sync 1 DAGs
[2024-12-14 16:04:49,479] {logging_mixin.py:115} INFO - [2024-12-14 16:04:49,479] {dag.py:2927} INFO - Setting next_dagrun for example_trigger_target_dag to None, run_after=None
[2024-12-14 16:04:49,495] {processor.py:161} INFO - Processing /home/dev/curso/ambientevirtual/lib/python3.9/site-packages/airflow/example_dags/example_trigger_target_dag.py took 0.103 seconds
[2024-12-14 16:05:21,990] {processor.py:153} INFO - Started process (PID=51460) to work on /home/dev/curso/ambientevirtual/lib/python3.9/site-packages/airflow/example_dags/example_trigger_target_dag.py
[2024-12-14 16:05:21,991] {processor.py:641} INFO - Processing file /home/dev/curso/ambientevirtual/lib/python3.9/site-packages/airflow/example_dags/example_trigger_target_dag.py for tasks to queue
[2024-12-14 16:05:21,992] {logging_mixin.py:115} INFO - [2024-12-14 16:05:21,992] {dagbag.py:507} INFO - Filling up the DagBag from /home/dev/curso/ambientevirtual/lib/python3.9/site-packages/airflow/example_dags/example_trigger_target_dag.py
[2024-12-14 16:05:22,017] {processor.py:651} INFO - DAG(s) dict_keys(['example_trigger_target_dag']) retrieved from /home/dev/curso/ambientevirtual/lib/python3.9/site-packages/airflow/example_dags/example_trigger_target_dag.py
[2024-12-14 16:05:22,037] {logging_mixin.py:115} INFO - [2024-12-14 16:05:22,037] {dag.py:2379} INFO - Sync 1 DAGs
[2024-12-14 16:05:22,057] {logging_mixin.py:115} INFO - [2024-12-14 16:05:22,057] {dag.py:2927} INFO - Setting next_dagrun for example_trigger_target_dag to None, run_after=None
[2024-12-14 16:05:22,081] {processor.py:161} INFO - Processing /home/dev/curso/ambientevirtual/lib/python3.9/site-packages/airflow/example_dags/example_trigger_target_dag.py took 0.097 seconds
[2024-12-14 16:05:56,998] {processor.py:153} INFO - Started process (PID=51588) to work on /home/dev/curso/ambientevirtual/lib/python3.9/site-packages/airflow/example_dags/example_trigger_target_dag.py
[2024-12-14 16:05:56,999] {processor.py:641} INFO - Processing file /home/dev/curso/ambientevirtual/lib/python3.9/site-packages/airflow/example_dags/example_trigger_target_dag.py for tasks to queue
[2024-12-14 16:05:57,000] {logging_mixin.py:115} INFO - [2024-12-14 16:05:57,000] {dagbag.py:507} INFO - Filling up the DagBag from /home/dev/curso/ambientevirtual/lib/python3.9/site-packages/airflow/example_dags/example_trigger_target_dag.py
[2024-12-14 16:05:57,025] {processor.py:651} INFO - DAG(s) dict_keys(['example_trigger_target_dag']) retrieved from /home/dev/curso/ambientevirtual/lib/python3.9/site-packages/airflow/example_dags/example_trigger_target_dag.py
[2024-12-14 16:05:57,046] {logging_mixin.py:115} INFO - [2024-12-14 16:05:57,046] {dag.py:2379} INFO - Sync 1 DAGs
[2024-12-14 16:05:57,070] {logging_mixin.py:115} INFO - [2024-12-14 16:05:57,070] {dag.py:2927} INFO - Setting next_dagrun for example_trigger_target_dag to None, run_after=None
[2024-12-14 16:05:57,090] {processor.py:161} INFO - Processing /home/dev/curso/ambientevirtual/lib/python3.9/site-packages/airflow/example_dags/example_trigger_target_dag.py took 0.098 seconds
[2024-12-14 16:06:30,201] {processor.py:153} INFO - Started process (PID=51769) to work on /home/dev/curso/ambientevirtual/lib/python3.9/site-packages/airflow/example_dags/example_trigger_target_dag.py
[2024-12-14 16:06:30,201] {processor.py:641} INFO - Processing file /home/dev/curso/ambientevirtual/lib/python3.9/site-packages/airflow/example_dags/example_trigger_target_dag.py for tasks to queue
[2024-12-14 16:06:30,202] {logging_mixin.py:115} INFO - [2024-12-14 16:06:30,202] {dagbag.py:507} INFO - Filling up the DagBag from /home/dev/curso/ambientevirtual/lib/python3.9/site-packages/airflow/example_dags/example_trigger_target_dag.py
[2024-12-14 16:06:30,226] {processor.py:651} INFO - DAG(s) dict_keys(['example_trigger_target_dag']) retrieved from /home/dev/curso/ambientevirtual/lib/python3.9/site-packages/airflow/example_dags/example_trigger_target_dag.py
[2024-12-14 16:06:30,249] {logging_mixin.py:115} INFO - [2024-12-14 16:06:30,249] {dag.py:2379} INFO - Sync 1 DAGs
[2024-12-14 16:06:30,269] {logging_mixin.py:115} INFO - [2024-12-14 16:06:30,269] {dag.py:2927} INFO - Setting next_dagrun for example_trigger_target_dag to None, run_after=None
[2024-12-14 16:06:30,292] {processor.py:161} INFO - Processing /home/dev/curso/ambientevirtual/lib/python3.9/site-packages/airflow/example_dags/example_trigger_target_dag.py took 0.095 seconds
[2024-12-14 16:07:05,542] {processor.py:153} INFO - Started process (PID=51897) to work on /home/dev/curso/ambientevirtual/lib/python3.9/site-packages/airflow/example_dags/example_trigger_target_dag.py
[2024-12-14 16:07:05,544] {processor.py:641} INFO - Processing file /home/dev/curso/ambientevirtual/lib/python3.9/site-packages/airflow/example_dags/example_trigger_target_dag.py for tasks to queue
[2024-12-14 16:07:05,545] {logging_mixin.py:115} INFO - [2024-12-14 16:07:05,545] {dagbag.py:507} INFO - Filling up the DagBag from /home/dev/curso/ambientevirtual/lib/python3.9/site-packages/airflow/example_dags/example_trigger_target_dag.py
[2024-12-14 16:07:05,564] {processor.py:651} INFO - DAG(s) dict_keys(['example_trigger_target_dag']) retrieved from /home/dev/curso/ambientevirtual/lib/python3.9/site-packages/airflow/example_dags/example_trigger_target_dag.py
[2024-12-14 16:07:05,590] {logging_mixin.py:115} INFO - [2024-12-14 16:07:05,590] {dag.py:2379} INFO - Sync 1 DAGs
[2024-12-14 16:07:05,616] {logging_mixin.py:115} INFO - [2024-12-14 16:07:05,616] {dag.py:2927} INFO - Setting next_dagrun for example_trigger_target_dag to None, run_after=None
[2024-12-14 16:07:05,642] {processor.py:161} INFO - Processing /home/dev/curso/ambientevirtual/lib/python3.9/site-packages/airflow/example_dags/example_trigger_target_dag.py took 0.106 seconds
[2024-12-14 16:07:38,624] {processor.py:153} INFO - Started process (PID=52077) to work on /home/dev/curso/ambientevirtual/lib/python3.9/site-packages/airflow/example_dags/example_trigger_target_dag.py
[2024-12-14 16:07:38,625] {processor.py:641} INFO - Processing file /home/dev/curso/ambientevirtual/lib/python3.9/site-packages/airflow/example_dags/example_trigger_target_dag.py for tasks to queue
[2024-12-14 16:07:38,625] {logging_mixin.py:115} INFO - [2024-12-14 16:07:38,625] {dagbag.py:507} INFO - Filling up the DagBag from /home/dev/curso/ambientevirtual/lib/python3.9/site-packages/airflow/example_dags/example_trigger_target_dag.py
[2024-12-14 16:07:38,645] {processor.py:651} INFO - DAG(s) dict_keys(['example_trigger_target_dag']) retrieved from /home/dev/curso/ambientevirtual/lib/python3.9/site-packages/airflow/example_dags/example_trigger_target_dag.py
[2024-12-14 16:07:38,665] {logging_mixin.py:115} INFO - [2024-12-14 16:07:38,665] {dag.py:2379} INFO - Sync 1 DAGs
[2024-12-14 16:07:38,688] {logging_mixin.py:115} INFO - [2024-12-14 16:07:38,688] {dag.py:2927} INFO - Setting next_dagrun for example_trigger_target_dag to None, run_after=None
[2024-12-14 16:07:38,706] {processor.py:161} INFO - Processing /home/dev/curso/ambientevirtual/lib/python3.9/site-packages/airflow/example_dags/example_trigger_target_dag.py took 0.086 seconds
[2024-12-14 16:08:13,872] {processor.py:153} INFO - Started process (PID=52201) to work on /home/dev/curso/ambientevirtual/lib/python3.9/site-packages/airflow/example_dags/example_trigger_target_dag.py
[2024-12-14 16:08:13,873] {processor.py:641} INFO - Processing file /home/dev/curso/ambientevirtual/lib/python3.9/site-packages/airflow/example_dags/example_trigger_target_dag.py for tasks to queue
[2024-12-14 16:08:13,874] {logging_mixin.py:115} INFO - [2024-12-14 16:08:13,874] {dagbag.py:507} INFO - Filling up the DagBag from /home/dev/curso/ambientevirtual/lib/python3.9/site-packages/airflow/example_dags/example_trigger_target_dag.py
[2024-12-14 16:08:13,898] {processor.py:651} INFO - DAG(s) dict_keys(['example_trigger_target_dag']) retrieved from /home/dev/curso/ambientevirtual/lib/python3.9/site-packages/airflow/example_dags/example_trigger_target_dag.py
[2024-12-14 16:08:13,918] {logging_mixin.py:115} INFO - [2024-12-14 16:08:13,918] {dag.py:2379} INFO - Sync 1 DAGs
[2024-12-14 16:08:13,945] {logging_mixin.py:115} INFO - [2024-12-14 16:08:13,945] {dag.py:2927} INFO - Setting next_dagrun for example_trigger_target_dag to None, run_after=None
[2024-12-14 16:08:13,974] {processor.py:161} INFO - Processing /home/dev/curso/ambientevirtual/lib/python3.9/site-packages/airflow/example_dags/example_trigger_target_dag.py took 0.107 seconds
[2024-12-14 16:08:48,092] {processor.py:153} INFO - Started process (PID=52560) to work on /home/dev/curso/ambientevirtual/lib/python3.9/site-packages/airflow/example_dags/example_trigger_target_dag.py
[2024-12-14 16:08:48,094] {processor.py:641} INFO - Processing file /home/dev/curso/ambientevirtual/lib/python3.9/site-packages/airflow/example_dags/example_trigger_target_dag.py for tasks to queue
[2024-12-14 16:08:48,094] {logging_mixin.py:115} INFO - [2024-12-14 16:08:48,094] {dagbag.py:507} INFO - Filling up the DagBag from /home/dev/curso/ambientevirtual/lib/python3.9/site-packages/airflow/example_dags/example_trigger_target_dag.py
[2024-12-14 16:08:48,119] {processor.py:651} INFO - DAG(s) dict_keys(['example_trigger_target_dag']) retrieved from /home/dev/curso/ambientevirtual/lib/python3.9/site-packages/airflow/example_dags/example_trigger_target_dag.py
[2024-12-14 16:08:48,148] {logging_mixin.py:115} INFO - [2024-12-14 16:08:48,148] {dag.py:2379} INFO - Sync 1 DAGs
[2024-12-14 16:08:48,174] {logging_mixin.py:115} INFO - [2024-12-14 16:08:48,173] {dag.py:2927} INFO - Setting next_dagrun for example_trigger_target_dag to None, run_after=None
[2024-12-14 16:08:48,192] {processor.py:161} INFO - Processing /home/dev/curso/ambientevirtual/lib/python3.9/site-packages/airflow/example_dags/example_trigger_target_dag.py took 0.103 seconds
[2024-12-14 16:09:22,396] {processor.py:153} INFO - Started process (PID=52682) to work on /home/dev/curso/ambientevirtual/lib/python3.9/site-packages/airflow/example_dags/example_trigger_target_dag.py
[2024-12-14 16:09:22,397] {processor.py:641} INFO - Processing file /home/dev/curso/ambientevirtual/lib/python3.9/site-packages/airflow/example_dags/example_trigger_target_dag.py for tasks to queue
[2024-12-14 16:09:22,399] {logging_mixin.py:115} INFO - [2024-12-14 16:09:22,399] {dagbag.py:507} INFO - Filling up the DagBag from /home/dev/curso/ambientevirtual/lib/python3.9/site-packages/airflow/example_dags/example_trigger_target_dag.py
[2024-12-14 16:09:22,423] {processor.py:651} INFO - DAG(s) dict_keys(['example_trigger_target_dag']) retrieved from /home/dev/curso/ambientevirtual/lib/python3.9/site-packages/airflow/example_dags/example_trigger_target_dag.py
[2024-12-14 16:09:22,447] {logging_mixin.py:115} INFO - [2024-12-14 16:09:22,447] {dag.py:2379} INFO - Sync 1 DAGs
[2024-12-14 16:09:22,471] {logging_mixin.py:115} INFO - [2024-12-14 16:09:22,471] {dag.py:2927} INFO - Setting next_dagrun for example_trigger_target_dag to None, run_after=None
[2024-12-14 16:09:22,490] {processor.py:161} INFO - Processing /home/dev/curso/ambientevirtual/lib/python3.9/site-packages/airflow/example_dags/example_trigger_target_dag.py took 0.100 seconds
[2024-12-14 16:09:55,802] {processor.py:153} INFO - Started process (PID=52805) to work on /home/dev/curso/ambientevirtual/lib/python3.9/site-packages/airflow/example_dags/example_trigger_target_dag.py
[2024-12-14 16:09:55,804] {processor.py:641} INFO - Processing file /home/dev/curso/ambientevirtual/lib/python3.9/site-packages/airflow/example_dags/example_trigger_target_dag.py for tasks to queue
[2024-12-14 16:09:55,805] {logging_mixin.py:115} INFO - [2024-12-14 16:09:55,805] {dagbag.py:507} INFO - Filling up the DagBag from /home/dev/curso/ambientevirtual/lib/python3.9/site-packages/airflow/example_dags/example_trigger_target_dag.py
[2024-12-14 16:09:55,824] {processor.py:651} INFO - DAG(s) dict_keys(['example_trigger_target_dag']) retrieved from /home/dev/curso/ambientevirtual/lib/python3.9/site-packages/airflow/example_dags/example_trigger_target_dag.py
[2024-12-14 16:09:55,843] {logging_mixin.py:115} INFO - [2024-12-14 16:09:55,843] {dag.py:2379} INFO - Sync 1 DAGs
[2024-12-14 16:09:55,863] {logging_mixin.py:115} INFO - [2024-12-14 16:09:55,862] {dag.py:2927} INFO - Setting next_dagrun for example_trigger_target_dag to None, run_after=None
[2024-12-14 16:09:55,881] {processor.py:161} INFO - Processing /home/dev/curso/ambientevirtual/lib/python3.9/site-packages/airflow/example_dags/example_trigger_target_dag.py took 0.086 seconds
[2024-12-14 16:10:29,900] {processor.py:153} INFO - Started process (PID=52932) to work on /home/dev/curso/ambientevirtual/lib/python3.9/site-packages/airflow/example_dags/example_trigger_target_dag.py
[2024-12-14 16:10:29,901] {processor.py:641} INFO - Processing file /home/dev/curso/ambientevirtual/lib/python3.9/site-packages/airflow/example_dags/example_trigger_target_dag.py for tasks to queue
[2024-12-14 16:10:29,903] {logging_mixin.py:115} INFO - [2024-12-14 16:10:29,902] {dagbag.py:507} INFO - Filling up the DagBag from /home/dev/curso/ambientevirtual/lib/python3.9/site-packages/airflow/example_dags/example_trigger_target_dag.py
[2024-12-14 16:10:29,930] {processor.py:651} INFO - DAG(s) dict_keys(['example_trigger_target_dag']) retrieved from /home/dev/curso/ambientevirtual/lib/python3.9/site-packages/airflow/example_dags/example_trigger_target_dag.py
[2024-12-14 16:10:29,948] {logging_mixin.py:115} INFO - [2024-12-14 16:10:29,948] {dag.py:2379} INFO - Sync 1 DAGs
[2024-12-14 16:10:29,967] {logging_mixin.py:115} INFO - [2024-12-14 16:10:29,967] {dag.py:2927} INFO - Setting next_dagrun for example_trigger_target_dag to None, run_after=None
[2024-12-14 16:10:29,987] {processor.py:161} INFO - Processing /home/dev/curso/ambientevirtual/lib/python3.9/site-packages/airflow/example_dags/example_trigger_target_dag.py took 0.094 seconds
[2024-12-14 16:11:06,560] {processor.py:153} INFO - Started process (PID=53177) to work on /home/dev/curso/ambientevirtual/lib/python3.9/site-packages/airflow/example_dags/example_trigger_target_dag.py
[2024-12-14 16:11:06,561] {processor.py:641} INFO - Processing file /home/dev/curso/ambientevirtual/lib/python3.9/site-packages/airflow/example_dags/example_trigger_target_dag.py for tasks to queue
[2024-12-14 16:11:06,562] {logging_mixin.py:115} INFO - [2024-12-14 16:11:06,561] {dagbag.py:507} INFO - Filling up the DagBag from /home/dev/curso/ambientevirtual/lib/python3.9/site-packages/airflow/example_dags/example_trigger_target_dag.py
[2024-12-14 16:11:06,581] {processor.py:651} INFO - DAG(s) dict_keys(['example_trigger_target_dag']) retrieved from /home/dev/curso/ambientevirtual/lib/python3.9/site-packages/airflow/example_dags/example_trigger_target_dag.py
[2024-12-14 16:11:06,600] {logging_mixin.py:115} INFO - [2024-12-14 16:11:06,600] {dag.py:2379} INFO - Sync 1 DAGs
[2024-12-14 16:11:06,624] {logging_mixin.py:115} INFO - [2024-12-14 16:11:06,623] {dag.py:2927} INFO - Setting next_dagrun for example_trigger_target_dag to None, run_after=None
[2024-12-14 16:11:06,640] {processor.py:161} INFO - Processing /home/dev/curso/ambientevirtual/lib/python3.9/site-packages/airflow/example_dags/example_trigger_target_dag.py took 0.084 seconds
[2024-12-14 16:11:38,579] {processor.py:153} INFO - Started process (PID=53299) to work on /home/dev/curso/ambientevirtual/lib/python3.9/site-packages/airflow/example_dags/example_trigger_target_dag.py
[2024-12-14 16:11:38,580] {processor.py:641} INFO - Processing file /home/dev/curso/ambientevirtual/lib/python3.9/site-packages/airflow/example_dags/example_trigger_target_dag.py for tasks to queue
[2024-12-14 16:11:38,580] {logging_mixin.py:115} INFO - [2024-12-14 16:11:38,580] {dagbag.py:507} INFO - Filling up the DagBag from /home/dev/curso/ambientevirtual/lib/python3.9/site-packages/airflow/example_dags/example_trigger_target_dag.py
[2024-12-14 16:11:38,599] {processor.py:651} INFO - DAG(s) dict_keys(['example_trigger_target_dag']) retrieved from /home/dev/curso/ambientevirtual/lib/python3.9/site-packages/airflow/example_dags/example_trigger_target_dag.py
[2024-12-14 16:11:38,619] {logging_mixin.py:115} INFO - [2024-12-14 16:11:38,619] {dag.py:2379} INFO - Sync 1 DAGs
[2024-12-14 16:11:38,639] {logging_mixin.py:115} INFO - [2024-12-14 16:11:38,639] {dag.py:2927} INFO - Setting next_dagrun for example_trigger_target_dag to None, run_after=None
[2024-12-14 16:11:38,658] {processor.py:161} INFO - Processing /home/dev/curso/ambientevirtual/lib/python3.9/site-packages/airflow/example_dags/example_trigger_target_dag.py took 0.083 seconds
