[2024-12-14 15:51:26,639] {processor.py:153} INFO - Started process (PID=47783) to work on /home/dev/curso/ambientevirtual/lib/python3.9/site-packages/airflow/example_dags/example_branch_operator_decorator.py
[2024-12-14 15:51:26,640] {processor.py:641} INFO - Processing file /home/dev/curso/ambientevirtual/lib/python3.9/site-packages/airflow/example_dags/example_branch_operator_decorator.py for tasks to queue
[2024-12-14 15:51:26,640] {logging_mixin.py:115} INFO - [2024-12-14 15:51:26,640] {dagbag.py:507} INFO - Filling up the DagBag from /home/dev/curso/ambientevirtual/lib/python3.9/site-packages/airflow/example_dags/example_branch_operator_decorator.py
[2024-12-14 15:51:26,703] {processor.py:651} INFO - DAG(s) dict_keys(['example_branch_python_operator_decorator']) retrieved from /home/dev/curso/ambientevirtual/lib/python3.9/site-packages/airflow/example_dags/example_branch_operator_decorator.py
[2024-12-14 15:51:26,886] {logging_mixin.py:115} INFO - [2024-12-14 15:51:26,885] {manager.py:508} INFO - Created Permission View: can delete on DAG:example_branch_python_operator_decorator
[2024-12-14 15:51:26,912] {logging_mixin.py:115} INFO - [2024-12-14 15:51:26,912] {manager.py:508} INFO - Created Permission View: can edit on DAG:example_branch_python_operator_decorator
[2024-12-14 15:51:26,925] {logging_mixin.py:115} INFO - [2024-12-14 15:51:26,925] {manager.py:508} INFO - Created Permission View: can read on DAG:example_branch_python_operator_decorator
[2024-12-14 15:51:26,925] {logging_mixin.py:115} INFO - [2024-12-14 15:51:26,925] {dag.py:2379} INFO - Sync 1 DAGs
[2024-12-14 15:51:26,946] {logging_mixin.py:115} INFO - [2024-12-14 15:51:26,946] {dag.py:2398} INFO - Creating ORM DAG for example_branch_python_operator_decorator
[2024-12-14 15:51:26,983] {logging_mixin.py:115} INFO - [2024-12-14 15:51:26,983] {dag.py:2927} INFO - Setting next_dagrun for example_branch_python_operator_decorator to 2024-12-13T00:00:00+00:00, run_after=2024-12-14T00:00:00+00:00
[2024-12-14 15:51:27,025] {processor.py:161} INFO - Processing /home/dev/curso/ambientevirtual/lib/python3.9/site-packages/airflow/example_dags/example_branch_operator_decorator.py took 0.389 seconds
[2024-12-14 15:52:04,788] {processor.py:153} INFO - Started process (PID=48268) to work on /home/dev/curso/ambientevirtual/lib/python3.9/site-packages/airflow/example_dags/example_branch_operator_decorator.py
[2024-12-14 15:52:04,789] {processor.py:641} INFO - Processing file /home/dev/curso/ambientevirtual/lib/python3.9/site-packages/airflow/example_dags/example_branch_operator_decorator.py for tasks to queue
[2024-12-14 15:52:04,790] {logging_mixin.py:115} INFO - [2024-12-14 15:52:04,790] {dagbag.py:507} INFO - Filling up the DagBag from /home/dev/curso/ambientevirtual/lib/python3.9/site-packages/airflow/example_dags/example_branch_operator_decorator.py
[2024-12-14 15:52:04,815] {processor.py:651} INFO - DAG(s) dict_keys(['example_branch_python_operator_decorator']) retrieved from /home/dev/curso/ambientevirtual/lib/python3.9/site-packages/airflow/example_dags/example_branch_operator_decorator.py
[2024-12-14 15:52:04,841] {logging_mixin.py:115} INFO - [2024-12-14 15:52:04,841] {dag.py:2379} INFO - Sync 1 DAGs
[2024-12-14 15:52:04,871] {logging_mixin.py:115} INFO - [2024-12-14 15:52:04,871] {dag.py:2927} INFO - Setting next_dagrun for example_branch_python_operator_decorator to 2024-12-13T00:00:00+00:00, run_after=2024-12-14T00:00:00+00:00
[2024-12-14 15:52:04,893] {processor.py:161} INFO - Processing /home/dev/curso/ambientevirtual/lib/python3.9/site-packages/airflow/example_dags/example_branch_operator_decorator.py took 0.110 seconds
[2024-12-14 15:52:40,967] {processor.py:153} INFO - Started process (PID=48398) to work on /home/dev/curso/ambientevirtual/lib/python3.9/site-packages/airflow/example_dags/example_branch_operator_decorator.py
[2024-12-14 15:52:40,969] {processor.py:641} INFO - Processing file /home/dev/curso/ambientevirtual/lib/python3.9/site-packages/airflow/example_dags/example_branch_operator_decorator.py for tasks to queue
[2024-12-14 15:52:40,970] {logging_mixin.py:115} INFO - [2024-12-14 15:52:40,970] {dagbag.py:507} INFO - Filling up the DagBag from /home/dev/curso/ambientevirtual/lib/python3.9/site-packages/airflow/example_dags/example_branch_operator_decorator.py
[2024-12-14 15:52:41,007] {processor.py:651} INFO - DAG(s) dict_keys(['example_branch_python_operator_decorator']) retrieved from /home/dev/curso/ambientevirtual/lib/python3.9/site-packages/airflow/example_dags/example_branch_operator_decorator.py
[2024-12-14 15:52:41,028] {logging_mixin.py:115} INFO - [2024-12-14 15:52:41,028] {dag.py:2379} INFO - Sync 1 DAGs
[2024-12-14 15:52:41,049] {logging_mixin.py:115} INFO - [2024-12-14 15:52:41,049] {dag.py:2927} INFO - Setting next_dagrun for example_branch_python_operator_decorator to 2024-12-13T00:00:00+00:00, run_after=2024-12-14T00:00:00+00:00
[2024-12-14 15:52:41,066] {processor.py:161} INFO - Processing /home/dev/curso/ambientevirtual/lib/python3.9/site-packages/airflow/example_dags/example_branch_operator_decorator.py took 0.106 seconds
[2024-12-14 15:53:12,904] {processor.py:153} INFO - Started process (PID=48518) to work on /home/dev/curso/ambientevirtual/lib/python3.9/site-packages/airflow/example_dags/example_branch_operator_decorator.py
[2024-12-14 15:53:12,905] {processor.py:641} INFO - Processing file /home/dev/curso/ambientevirtual/lib/python3.9/site-packages/airflow/example_dags/example_branch_operator_decorator.py for tasks to queue
[2024-12-14 15:53:12,906] {logging_mixin.py:115} INFO - [2024-12-14 15:53:12,906] {dagbag.py:507} INFO - Filling up the DagBag from /home/dev/curso/ambientevirtual/lib/python3.9/site-packages/airflow/example_dags/example_branch_operator_decorator.py
[2024-12-14 15:53:12,937] {processor.py:651} INFO - DAG(s) dict_keys(['example_branch_python_operator_decorator']) retrieved from /home/dev/curso/ambientevirtual/lib/python3.9/site-packages/airflow/example_dags/example_branch_operator_decorator.py
[2024-12-14 15:53:12,959] {logging_mixin.py:115} INFO - [2024-12-14 15:53:12,959] {dag.py:2379} INFO - Sync 1 DAGs
[2024-12-14 15:53:12,982] {logging_mixin.py:115} INFO - [2024-12-14 15:53:12,981] {dag.py:2927} INFO - Setting next_dagrun for example_branch_python_operator_decorator to 2024-12-13T00:00:00+00:00, run_after=2024-12-14T00:00:00+00:00
[2024-12-14 15:53:12,999] {processor.py:161} INFO - Processing /home/dev/curso/ambientevirtual/lib/python3.9/site-packages/airflow/example_dags/example_branch_operator_decorator.py took 0.103 seconds
[2024-12-14 15:53:47,079] {processor.py:153} INFO - Started process (PID=48640) to work on /home/dev/curso/ambientevirtual/lib/python3.9/site-packages/airflow/example_dags/example_branch_operator_decorator.py
[2024-12-14 15:53:47,081] {processor.py:641} INFO - Processing file /home/dev/curso/ambientevirtual/lib/python3.9/site-packages/airflow/example_dags/example_branch_operator_decorator.py for tasks to queue
[2024-12-14 15:53:47,082] {logging_mixin.py:115} INFO - [2024-12-14 15:53:47,082] {dagbag.py:507} INFO - Filling up the DagBag from /home/dev/curso/ambientevirtual/lib/python3.9/site-packages/airflow/example_dags/example_branch_operator_decorator.py
[2024-12-14 15:53:47,116] {processor.py:651} INFO - DAG(s) dict_keys(['example_branch_python_operator_decorator']) retrieved from /home/dev/curso/ambientevirtual/lib/python3.9/site-packages/airflow/example_dags/example_branch_operator_decorator.py
[2024-12-14 15:53:47,137] {logging_mixin.py:115} INFO - [2024-12-14 15:53:47,137] {dag.py:2379} INFO - Sync 1 DAGs
[2024-12-14 15:53:47,159] {logging_mixin.py:115} INFO - [2024-12-14 15:53:47,159] {dag.py:2927} INFO - Setting next_dagrun for example_branch_python_operator_decorator to 2024-12-13T00:00:00+00:00, run_after=2024-12-14T00:00:00+00:00
[2024-12-14 15:53:47,176] {processor.py:161} INFO - Processing /home/dev/curso/ambientevirtual/lib/python3.9/site-packages/airflow/example_dags/example_branch_operator_decorator.py took 0.104 seconds
[2024-12-14 15:54:23,194] {processor.py:153} INFO - Started process (PID=48773) to work on /home/dev/curso/ambientevirtual/lib/python3.9/site-packages/airflow/example_dags/example_branch_operator_decorator.py
[2024-12-14 15:54:23,196] {processor.py:641} INFO - Processing file /home/dev/curso/ambientevirtual/lib/python3.9/site-packages/airflow/example_dags/example_branch_operator_decorator.py for tasks to queue
[2024-12-14 15:54:23,196] {logging_mixin.py:115} INFO - [2024-12-14 15:54:23,196] {dagbag.py:507} INFO - Filling up the DagBag from /home/dev/curso/ambientevirtual/lib/python3.9/site-packages/airflow/example_dags/example_branch_operator_decorator.py
[2024-12-14 15:54:23,222] {processor.py:651} INFO - DAG(s) dict_keys(['example_branch_python_operator_decorator']) retrieved from /home/dev/curso/ambientevirtual/lib/python3.9/site-packages/airflow/example_dags/example_branch_operator_decorator.py
[2024-12-14 15:54:23,243] {logging_mixin.py:115} INFO - [2024-12-14 15:54:23,243] {dag.py:2379} INFO - Sync 1 DAGs
[2024-12-14 15:54:23,266] {logging_mixin.py:115} INFO - [2024-12-14 15:54:23,266] {dag.py:2927} INFO - Setting next_dagrun for example_branch_python_operator_decorator to 2024-12-13T00:00:00+00:00, run_after=2024-12-14T00:00:00+00:00
[2024-12-14 15:54:23,283] {processor.py:161} INFO - Processing /home/dev/curso/ambientevirtual/lib/python3.9/site-packages/airflow/example_dags/example_branch_operator_decorator.py took 0.094 seconds
[2024-12-14 15:54:57,934] {processor.py:153} INFO - Started process (PID=48899) to work on /home/dev/curso/ambientevirtual/lib/python3.9/site-packages/airflow/example_dags/example_branch_operator_decorator.py
[2024-12-14 15:54:57,936] {processor.py:641} INFO - Processing file /home/dev/curso/ambientevirtual/lib/python3.9/site-packages/airflow/example_dags/example_branch_operator_decorator.py for tasks to queue
[2024-12-14 15:54:57,937] {logging_mixin.py:115} INFO - [2024-12-14 15:54:57,937] {dagbag.py:507} INFO - Filling up the DagBag from /home/dev/curso/ambientevirtual/lib/python3.9/site-packages/airflow/example_dags/example_branch_operator_decorator.py
[2024-12-14 15:54:57,973] {processor.py:651} INFO - DAG(s) dict_keys(['example_branch_python_operator_decorator']) retrieved from /home/dev/curso/ambientevirtual/lib/python3.9/site-packages/airflow/example_dags/example_branch_operator_decorator.py
[2024-12-14 15:54:57,996] {logging_mixin.py:115} INFO - [2024-12-14 15:54:57,996] {dag.py:2379} INFO - Sync 1 DAGs
[2024-12-14 15:54:58,019] {logging_mixin.py:115} INFO - [2024-12-14 15:54:58,019] {dag.py:2927} INFO - Setting next_dagrun for example_branch_python_operator_decorator to 2024-12-13T00:00:00+00:00, run_after=2024-12-14T00:00:00+00:00
[2024-12-14 15:54:58,038] {processor.py:161} INFO - Processing /home/dev/curso/ambientevirtual/lib/python3.9/site-packages/airflow/example_dags/example_branch_operator_decorator.py took 0.111 seconds
[2024-12-14 15:55:30,067] {processor.py:153} INFO - Started process (PID=49019) to work on /home/dev/curso/ambientevirtual/lib/python3.9/site-packages/airflow/example_dags/example_branch_operator_decorator.py
[2024-12-14 15:55:30,069] {processor.py:641} INFO - Processing file /home/dev/curso/ambientevirtual/lib/python3.9/site-packages/airflow/example_dags/example_branch_operator_decorator.py for tasks to queue
[2024-12-14 15:55:30,070] {logging_mixin.py:115} INFO - [2024-12-14 15:55:30,070] {dagbag.py:507} INFO - Filling up the DagBag from /home/dev/curso/ambientevirtual/lib/python3.9/site-packages/airflow/example_dags/example_branch_operator_decorator.py
[2024-12-14 15:55:30,103] {processor.py:651} INFO - DAG(s) dict_keys(['example_branch_python_operator_decorator']) retrieved from /home/dev/curso/ambientevirtual/lib/python3.9/site-packages/airflow/example_dags/example_branch_operator_decorator.py
[2024-12-14 15:55:30,123] {logging_mixin.py:115} INFO - [2024-12-14 15:55:30,123] {dag.py:2379} INFO - Sync 1 DAGs
[2024-12-14 15:55:30,143] {logging_mixin.py:115} INFO - [2024-12-14 15:55:30,143] {dag.py:2927} INFO - Setting next_dagrun for example_branch_python_operator_decorator to 2024-12-13T00:00:00+00:00, run_after=2024-12-14T00:00:00+00:00
[2024-12-14 15:55:30,161] {processor.py:161} INFO - Processing /home/dev/curso/ambientevirtual/lib/python3.9/site-packages/airflow/example_dags/example_branch_operator_decorator.py took 0.100 seconds
[2024-12-14 15:56:03,392] {processor.py:153} INFO - Started process (PID=49141) to work on /home/dev/curso/ambientevirtual/lib/python3.9/site-packages/airflow/example_dags/example_branch_operator_decorator.py
[2024-12-14 15:56:03,393] {processor.py:641} INFO - Processing file /home/dev/curso/ambientevirtual/lib/python3.9/site-packages/airflow/example_dags/example_branch_operator_decorator.py for tasks to queue
[2024-12-14 15:56:03,394] {logging_mixin.py:115} INFO - [2024-12-14 15:56:03,393] {dagbag.py:507} INFO - Filling up the DagBag from /home/dev/curso/ambientevirtual/lib/python3.9/site-packages/airflow/example_dags/example_branch_operator_decorator.py
[2024-12-14 15:56:03,434] {processor.py:651} INFO - DAG(s) dict_keys(['example_branch_python_operator_decorator']) retrieved from /home/dev/curso/ambientevirtual/lib/python3.9/site-packages/airflow/example_dags/example_branch_operator_decorator.py
[2024-12-14 15:56:03,473] {logging_mixin.py:115} INFO - [2024-12-14 15:56:03,472] {dag.py:2379} INFO - Sync 1 DAGs
[2024-12-14 15:56:03,514] {logging_mixin.py:115} INFO - [2024-12-14 15:56:03,514] {dag.py:2927} INFO - Setting next_dagrun for example_branch_python_operator_decorator to 2024-12-13T00:00:00+00:00, run_after=2024-12-14T00:00:00+00:00
[2024-12-14 15:56:03,546] {processor.py:161} INFO - Processing /home/dev/curso/ambientevirtual/lib/python3.9/site-packages/airflow/example_dags/example_branch_operator_decorator.py took 0.158 seconds
[2024-12-14 15:56:37,763] {processor.py:153} INFO - Started process (PID=49263) to work on /home/dev/curso/ambientevirtual/lib/python3.9/site-packages/airflow/example_dags/example_branch_operator_decorator.py
[2024-12-14 15:56:37,765] {processor.py:641} INFO - Processing file /home/dev/curso/ambientevirtual/lib/python3.9/site-packages/airflow/example_dags/example_branch_operator_decorator.py for tasks to queue
[2024-12-14 15:56:37,767] {logging_mixin.py:115} INFO - [2024-12-14 15:56:37,766] {dagbag.py:507} INFO - Filling up the DagBag from /home/dev/curso/ambientevirtual/lib/python3.9/site-packages/airflow/example_dags/example_branch_operator_decorator.py
[2024-12-14 15:56:37,797] {processor.py:651} INFO - DAG(s) dict_keys(['example_branch_python_operator_decorator']) retrieved from /home/dev/curso/ambientevirtual/lib/python3.9/site-packages/airflow/example_dags/example_branch_operator_decorator.py
[2024-12-14 15:56:37,825] {logging_mixin.py:115} INFO - [2024-12-14 15:56:37,825] {dag.py:2379} INFO - Sync 1 DAGs
[2024-12-14 15:56:37,852] {logging_mixin.py:115} INFO - [2024-12-14 15:56:37,852] {dag.py:2927} INFO - Setting next_dagrun for example_branch_python_operator_decorator to 2024-12-13T00:00:00+00:00, run_after=2024-12-14T00:00:00+00:00
[2024-12-14 15:56:37,871] {processor.py:161} INFO - Processing /home/dev/curso/ambientevirtual/lib/python3.9/site-packages/airflow/example_dags/example_branch_operator_decorator.py took 0.112 seconds
[2024-12-14 15:57:14,224] {processor.py:153} INFO - Started process (PID=49456) to work on /home/dev/curso/ambientevirtual/lib/python3.9/site-packages/airflow/example_dags/example_branch_operator_decorator.py
[2024-12-14 15:57:14,226] {processor.py:641} INFO - Processing file /home/dev/curso/ambientevirtual/lib/python3.9/site-packages/airflow/example_dags/example_branch_operator_decorator.py for tasks to queue
[2024-12-14 15:57:14,226] {logging_mixin.py:115} INFO - [2024-12-14 15:57:14,226] {dagbag.py:507} INFO - Filling up the DagBag from /home/dev/curso/ambientevirtual/lib/python3.9/site-packages/airflow/example_dags/example_branch_operator_decorator.py
[2024-12-14 15:57:14,254] {processor.py:651} INFO - DAG(s) dict_keys(['example_branch_python_operator_decorator']) retrieved from /home/dev/curso/ambientevirtual/lib/python3.9/site-packages/airflow/example_dags/example_branch_operator_decorator.py
[2024-12-14 15:57:14,274] {logging_mixin.py:115} INFO - [2024-12-14 15:57:14,274] {dag.py:2379} INFO - Sync 1 DAGs
[2024-12-14 15:57:14,301] {logging_mixin.py:115} INFO - [2024-12-14 15:57:14,301] {dag.py:2927} INFO - Setting next_dagrun for example_branch_python_operator_decorator to 2024-12-13T00:00:00+00:00, run_after=2024-12-14T00:00:00+00:00
[2024-12-14 15:57:14,318] {processor.py:161} INFO - Processing /home/dev/curso/ambientevirtual/lib/python3.9/site-packages/airflow/example_dags/example_branch_operator_decorator.py took 0.102 seconds
[2024-12-14 15:57:49,886] {processor.py:153} INFO - Started process (PID=49586) to work on /home/dev/curso/ambientevirtual/lib/python3.9/site-packages/airflow/example_dags/example_branch_operator_decorator.py
[2024-12-14 15:57:49,887] {processor.py:641} INFO - Processing file /home/dev/curso/ambientevirtual/lib/python3.9/site-packages/airflow/example_dags/example_branch_operator_decorator.py for tasks to queue
[2024-12-14 15:57:49,887] {logging_mixin.py:115} INFO - [2024-12-14 15:57:49,887] {dagbag.py:507} INFO - Filling up the DagBag from /home/dev/curso/ambientevirtual/lib/python3.9/site-packages/airflow/example_dags/example_branch_operator_decorator.py
[2024-12-14 15:57:49,916] {processor.py:651} INFO - DAG(s) dict_keys(['example_branch_python_operator_decorator']) retrieved from /home/dev/curso/ambientevirtual/lib/python3.9/site-packages/airflow/example_dags/example_branch_operator_decorator.py
[2024-12-14 15:57:49,942] {logging_mixin.py:115} INFO - [2024-12-14 15:57:49,942] {dag.py:2379} INFO - Sync 1 DAGs
[2024-12-14 15:57:49,966] {logging_mixin.py:115} INFO - [2024-12-14 15:57:49,965] {dag.py:2927} INFO - Setting next_dagrun for example_branch_python_operator_decorator to 2024-12-13T00:00:00+00:00, run_after=2024-12-14T00:00:00+00:00
[2024-12-14 15:57:49,989] {processor.py:161} INFO - Processing /home/dev/curso/ambientevirtual/lib/python3.9/site-packages/airflow/example_dags/example_branch_operator_decorator.py took 0.108 seconds
[2024-12-14 15:58:22,509] {processor.py:153} INFO - Started process (PID=49703) to work on /home/dev/curso/ambientevirtual/lib/python3.9/site-packages/airflow/example_dags/example_branch_operator_decorator.py
[2024-12-14 15:58:22,510] {processor.py:641} INFO - Processing file /home/dev/curso/ambientevirtual/lib/python3.9/site-packages/airflow/example_dags/example_branch_operator_decorator.py for tasks to queue
[2024-12-14 15:58:22,511] {logging_mixin.py:115} INFO - [2024-12-14 15:58:22,511] {dagbag.py:507} INFO - Filling up the DagBag from /home/dev/curso/ambientevirtual/lib/python3.9/site-packages/airflow/example_dags/example_branch_operator_decorator.py
[2024-12-14 15:58:22,543] {processor.py:651} INFO - DAG(s) dict_keys(['example_branch_python_operator_decorator']) retrieved from /home/dev/curso/ambientevirtual/lib/python3.9/site-packages/airflow/example_dags/example_branch_operator_decorator.py
[2024-12-14 15:58:22,568] {logging_mixin.py:115} INFO - [2024-12-14 15:58:22,568] {dag.py:2379} INFO - Sync 1 DAGs
[2024-12-14 15:58:22,595] {logging_mixin.py:115} INFO - [2024-12-14 15:58:22,595] {dag.py:2927} INFO - Setting next_dagrun for example_branch_python_operator_decorator to 2024-12-13T00:00:00+00:00, run_after=2024-12-14T00:00:00+00:00
[2024-12-14 15:58:22,612] {processor.py:161} INFO - Processing /home/dev/curso/ambientevirtual/lib/python3.9/site-packages/airflow/example_dags/example_branch_operator_decorator.py took 0.107 seconds
[2024-12-14 15:58:56,173] {processor.py:153} INFO - Started process (PID=49828) to work on /home/dev/curso/ambientevirtual/lib/python3.9/site-packages/airflow/example_dags/example_branch_operator_decorator.py
[2024-12-14 15:58:56,175] {processor.py:641} INFO - Processing file /home/dev/curso/ambientevirtual/lib/python3.9/site-packages/airflow/example_dags/example_branch_operator_decorator.py for tasks to queue
[2024-12-14 15:58:56,176] {logging_mixin.py:115} INFO - [2024-12-14 15:58:56,176] {dagbag.py:507} INFO - Filling up the DagBag from /home/dev/curso/ambientevirtual/lib/python3.9/site-packages/airflow/example_dags/example_branch_operator_decorator.py
[2024-12-14 15:58:56,202] {processor.py:651} INFO - DAG(s) dict_keys(['example_branch_python_operator_decorator']) retrieved from /home/dev/curso/ambientevirtual/lib/python3.9/site-packages/airflow/example_dags/example_branch_operator_decorator.py
[2024-12-14 15:58:56,227] {logging_mixin.py:115} INFO - [2024-12-14 15:58:56,227] {dag.py:2379} INFO - Sync 1 DAGs
[2024-12-14 15:58:56,251] {logging_mixin.py:115} INFO - [2024-12-14 15:58:56,251] {dag.py:2927} INFO - Setting next_dagrun for example_branch_python_operator_decorator to 2024-12-13T00:00:00+00:00, run_after=2024-12-14T00:00:00+00:00
[2024-12-14 15:58:56,266] {processor.py:161} INFO - Processing /home/dev/curso/ambientevirtual/lib/python3.9/site-packages/airflow/example_dags/example_branch_operator_decorator.py took 0.099 seconds
[2024-12-14 15:59:32,771] {processor.py:153} INFO - Started process (PID=49958) to work on /home/dev/curso/ambientevirtual/lib/python3.9/site-packages/airflow/example_dags/example_branch_operator_decorator.py
[2024-12-14 15:59:32,773] {processor.py:641} INFO - Processing file /home/dev/curso/ambientevirtual/lib/python3.9/site-packages/airflow/example_dags/example_branch_operator_decorator.py for tasks to queue
[2024-12-14 15:59:32,774] {logging_mixin.py:115} INFO - [2024-12-14 15:59:32,774] {dagbag.py:507} INFO - Filling up the DagBag from /home/dev/curso/ambientevirtual/lib/python3.9/site-packages/airflow/example_dags/example_branch_operator_decorator.py
[2024-12-14 15:59:32,799] {processor.py:651} INFO - DAG(s) dict_keys(['example_branch_python_operator_decorator']) retrieved from /home/dev/curso/ambientevirtual/lib/python3.9/site-packages/airflow/example_dags/example_branch_operator_decorator.py
[2024-12-14 15:59:32,820] {logging_mixin.py:115} INFO - [2024-12-14 15:59:32,820] {dag.py:2379} INFO - Sync 1 DAGs
[2024-12-14 15:59:32,840] {logging_mixin.py:115} INFO - [2024-12-14 15:59:32,840] {dag.py:2927} INFO - Setting next_dagrun for example_branch_python_operator_decorator to 2024-12-13T00:00:00+00:00, run_after=2024-12-14T00:00:00+00:00
[2024-12-14 15:59:32,856] {processor.py:161} INFO - Processing /home/dev/curso/ambientevirtual/lib/python3.9/site-packages/airflow/example_dags/example_branch_operator_decorator.py took 0.092 seconds
[2024-12-14 16:00:09,844] {processor.py:153} INFO - Started process (PID=50086) to work on /home/dev/curso/ambientevirtual/lib/python3.9/site-packages/airflow/example_dags/example_branch_operator_decorator.py
[2024-12-14 16:00:09,845] {processor.py:641} INFO - Processing file /home/dev/curso/ambientevirtual/lib/python3.9/site-packages/airflow/example_dags/example_branch_operator_decorator.py for tasks to queue
[2024-12-14 16:00:09,846] {logging_mixin.py:115} INFO - [2024-12-14 16:00:09,846] {dagbag.py:507} INFO - Filling up the DagBag from /home/dev/curso/ambientevirtual/lib/python3.9/site-packages/airflow/example_dags/example_branch_operator_decorator.py
[2024-12-14 16:00:09,874] {processor.py:651} INFO - DAG(s) dict_keys(['example_branch_python_operator_decorator']) retrieved from /home/dev/curso/ambientevirtual/lib/python3.9/site-packages/airflow/example_dags/example_branch_operator_decorator.py
[2024-12-14 16:00:09,894] {logging_mixin.py:115} INFO - [2024-12-14 16:00:09,894] {dag.py:2379} INFO - Sync 1 DAGs
[2024-12-14 16:00:09,915] {logging_mixin.py:115} INFO - [2024-12-14 16:00:09,915] {dag.py:2927} INFO - Setting next_dagrun for example_branch_python_operator_decorator to 2024-12-13T00:00:00+00:00, run_after=2024-12-14T00:00:00+00:00
[2024-12-14 16:00:09,931] {processor.py:161} INFO - Processing /home/dev/curso/ambientevirtual/lib/python3.9/site-packages/airflow/example_dags/example_branch_operator_decorator.py took 0.094 seconds
[2024-12-14 16:00:45,679] {processor.py:153} INFO - Started process (PID=50222) to work on /home/dev/curso/ambientevirtual/lib/python3.9/site-packages/airflow/example_dags/example_branch_operator_decorator.py
[2024-12-14 16:00:45,681] {processor.py:641} INFO - Processing file /home/dev/curso/ambientevirtual/lib/python3.9/site-packages/airflow/example_dags/example_branch_operator_decorator.py for tasks to queue
[2024-12-14 16:00:45,682] {logging_mixin.py:115} INFO - [2024-12-14 16:00:45,682] {dagbag.py:507} INFO - Filling up the DagBag from /home/dev/curso/ambientevirtual/lib/python3.9/site-packages/airflow/example_dags/example_branch_operator_decorator.py
[2024-12-14 16:00:45,706] {processor.py:651} INFO - DAG(s) dict_keys(['example_branch_python_operator_decorator']) retrieved from /home/dev/curso/ambientevirtual/lib/python3.9/site-packages/airflow/example_dags/example_branch_operator_decorator.py
[2024-12-14 16:00:45,730] {logging_mixin.py:115} INFO - [2024-12-14 16:00:45,730] {dag.py:2379} INFO - Sync 1 DAGs
[2024-12-14 16:00:45,751] {logging_mixin.py:115} INFO - [2024-12-14 16:00:45,751] {dag.py:2927} INFO - Setting next_dagrun for example_branch_python_operator_decorator to 2024-12-13T00:00:00+00:00, run_after=2024-12-14T00:00:00+00:00
[2024-12-14 16:00:45,767] {processor.py:161} INFO - Processing /home/dev/curso/ambientevirtual/lib/python3.9/site-packages/airflow/example_dags/example_branch_operator_decorator.py took 0.092 seconds
[2024-12-14 16:01:19,995] {processor.py:153} INFO - Started process (PID=50518) to work on /home/dev/curso/ambientevirtual/lib/python3.9/site-packages/airflow/example_dags/example_branch_operator_decorator.py
[2024-12-14 16:01:19,995] {processor.py:641} INFO - Processing file /home/dev/curso/ambientevirtual/lib/python3.9/site-packages/airflow/example_dags/example_branch_operator_decorator.py for tasks to queue
[2024-12-14 16:01:19,996] {logging_mixin.py:115} INFO - [2024-12-14 16:01:19,996] {dagbag.py:507} INFO - Filling up the DagBag from /home/dev/curso/ambientevirtual/lib/python3.9/site-packages/airflow/example_dags/example_branch_operator_decorator.py
[2024-12-14 16:01:20,024] {processor.py:651} INFO - DAG(s) dict_keys(['example_branch_python_operator_decorator']) retrieved from /home/dev/curso/ambientevirtual/lib/python3.9/site-packages/airflow/example_dags/example_branch_operator_decorator.py
[2024-12-14 16:01:20,046] {logging_mixin.py:115} INFO - [2024-12-14 16:01:20,046] {dag.py:2379} INFO - Sync 1 DAGs
[2024-12-14 16:01:20,068] {logging_mixin.py:115} INFO - [2024-12-14 16:01:20,068] {dag.py:2927} INFO - Setting next_dagrun for example_branch_python_operator_decorator to 2024-12-13T00:00:00+00:00, run_after=2024-12-14T00:00:00+00:00
[2024-12-14 16:01:20,089] {processor.py:161} INFO - Processing /home/dev/curso/ambientevirtual/lib/python3.9/site-packages/airflow/example_dags/example_branch_operator_decorator.py took 0.100 seconds
[2024-12-14 16:01:57,108] {processor.py:153} INFO - Started process (PID=50655) to work on /home/dev/curso/ambientevirtual/lib/python3.9/site-packages/airflow/example_dags/example_branch_operator_decorator.py
[2024-12-14 16:01:57,110] {processor.py:641} INFO - Processing file /home/dev/curso/ambientevirtual/lib/python3.9/site-packages/airflow/example_dags/example_branch_operator_decorator.py for tasks to queue
[2024-12-14 16:01:57,112] {logging_mixin.py:115} INFO - [2024-12-14 16:01:57,111] {dagbag.py:507} INFO - Filling up the DagBag from /home/dev/curso/ambientevirtual/lib/python3.9/site-packages/airflow/example_dags/example_branch_operator_decorator.py
[2024-12-14 16:01:57,135] {processor.py:651} INFO - DAG(s) dict_keys(['example_branch_python_operator_decorator']) retrieved from /home/dev/curso/ambientevirtual/lib/python3.9/site-packages/airflow/example_dags/example_branch_operator_decorator.py
[2024-12-14 16:01:57,155] {logging_mixin.py:115} INFO - [2024-12-14 16:01:57,155] {dag.py:2379} INFO - Sync 1 DAGs
[2024-12-14 16:01:57,178] {logging_mixin.py:115} INFO - [2024-12-14 16:01:57,178] {dag.py:2927} INFO - Setting next_dagrun for example_branch_python_operator_decorator to 2024-12-13T00:00:00+00:00, run_after=2024-12-14T00:00:00+00:00
[2024-12-14 16:01:57,195] {processor.py:161} INFO - Processing /home/dev/curso/ambientevirtual/lib/python3.9/site-packages/airflow/example_dags/example_branch_operator_decorator.py took 0.095 seconds
[2024-12-14 16:02:29,416] {processor.py:153} INFO - Started process (PID=50828) to work on /home/dev/curso/ambientevirtual/lib/python3.9/site-packages/airflow/example_dags/example_branch_operator_decorator.py
[2024-12-14 16:02:29,417] {processor.py:641} INFO - Processing file /home/dev/curso/ambientevirtual/lib/python3.9/site-packages/airflow/example_dags/example_branch_operator_decorator.py for tasks to queue
[2024-12-14 16:02:29,417] {logging_mixin.py:115} INFO - [2024-12-14 16:02:29,417] {dagbag.py:507} INFO - Filling up the DagBag from /home/dev/curso/ambientevirtual/lib/python3.9/site-packages/airflow/example_dags/example_branch_operator_decorator.py
[2024-12-14 16:02:29,442] {processor.py:651} INFO - DAG(s) dict_keys(['example_branch_python_operator_decorator']) retrieved from /home/dev/curso/ambientevirtual/lib/python3.9/site-packages/airflow/example_dags/example_branch_operator_decorator.py
[2024-12-14 16:02:29,464] {logging_mixin.py:115} INFO - [2024-12-14 16:02:29,464] {dag.py:2379} INFO - Sync 1 DAGs
[2024-12-14 16:02:29,487] {logging_mixin.py:115} INFO - [2024-12-14 16:02:29,487] {dag.py:2927} INFO - Setting next_dagrun for example_branch_python_operator_decorator to 2024-12-13T00:00:00+00:00, run_after=2024-12-14T00:00:00+00:00
[2024-12-14 16:02:29,504] {processor.py:161} INFO - Processing /home/dev/curso/ambientevirtual/lib/python3.9/site-packages/airflow/example_dags/example_branch_operator_decorator.py took 0.092 seconds
[2024-12-14 16:03:02,364] {processor.py:153} INFO - Started process (PID=50950) to work on /home/dev/curso/ambientevirtual/lib/python3.9/site-packages/airflow/example_dags/example_branch_operator_decorator.py
[2024-12-14 16:03:02,365] {processor.py:641} INFO - Processing file /home/dev/curso/ambientevirtual/lib/python3.9/site-packages/airflow/example_dags/example_branch_operator_decorator.py for tasks to queue
[2024-12-14 16:03:02,366] {logging_mixin.py:115} INFO - [2024-12-14 16:03:02,366] {dagbag.py:507} INFO - Filling up the DagBag from /home/dev/curso/ambientevirtual/lib/python3.9/site-packages/airflow/example_dags/example_branch_operator_decorator.py
[2024-12-14 16:03:02,390] {processor.py:651} INFO - DAG(s) dict_keys(['example_branch_python_operator_decorator']) retrieved from /home/dev/curso/ambientevirtual/lib/python3.9/site-packages/airflow/example_dags/example_branch_operator_decorator.py
[2024-12-14 16:03:02,411] {logging_mixin.py:115} INFO - [2024-12-14 16:03:02,411] {dag.py:2379} INFO - Sync 1 DAGs
[2024-12-14 16:03:02,433] {logging_mixin.py:115} INFO - [2024-12-14 16:03:02,433] {dag.py:2927} INFO - Setting next_dagrun for example_branch_python_operator_decorator to 2024-12-13T00:00:00+00:00, run_after=2024-12-14T00:00:00+00:00
[2024-12-14 16:03:02,455] {processor.py:161} INFO - Processing /home/dev/curso/ambientevirtual/lib/python3.9/site-packages/airflow/example_dags/example_branch_operator_decorator.py took 0.095 seconds
[2024-12-14 16:03:37,242] {processor.py:153} INFO - Started process (PID=51080) to work on /home/dev/curso/ambientevirtual/lib/python3.9/site-packages/airflow/example_dags/example_branch_operator_decorator.py
[2024-12-14 16:03:37,244] {processor.py:641} INFO - Processing file /home/dev/curso/ambientevirtual/lib/python3.9/site-packages/airflow/example_dags/example_branch_operator_decorator.py for tasks to queue
[2024-12-14 16:03:37,245] {logging_mixin.py:115} INFO - [2024-12-14 16:03:37,245] {dagbag.py:507} INFO - Filling up the DagBag from /home/dev/curso/ambientevirtual/lib/python3.9/site-packages/airflow/example_dags/example_branch_operator_decorator.py
[2024-12-14 16:03:37,276] {processor.py:651} INFO - DAG(s) dict_keys(['example_branch_python_operator_decorator']) retrieved from /home/dev/curso/ambientevirtual/lib/python3.9/site-packages/airflow/example_dags/example_branch_operator_decorator.py
[2024-12-14 16:03:37,298] {logging_mixin.py:115} INFO - [2024-12-14 16:03:37,298] {dag.py:2379} INFO - Sync 1 DAGs
[2024-12-14 16:03:37,319] {logging_mixin.py:115} INFO - [2024-12-14 16:03:37,319] {dag.py:2927} INFO - Setting next_dagrun for example_branch_python_operator_decorator to 2024-12-13T00:00:00+00:00, run_after=2024-12-14T00:00:00+00:00
[2024-12-14 16:03:37,336] {processor.py:161} INFO - Processing /home/dev/curso/ambientevirtual/lib/python3.9/site-packages/airflow/example_dags/example_branch_operator_decorator.py took 0.101 seconds
[2024-12-14 16:04:11,008] {processor.py:153} INFO - Started process (PID=51201) to work on /home/dev/curso/ambientevirtual/lib/python3.9/site-packages/airflow/example_dags/example_branch_operator_decorator.py
[2024-12-14 16:04:11,009] {processor.py:641} INFO - Processing file /home/dev/curso/ambientevirtual/lib/python3.9/site-packages/airflow/example_dags/example_branch_operator_decorator.py for tasks to queue
[2024-12-14 16:04:11,010] {logging_mixin.py:115} INFO - [2024-12-14 16:04:11,010] {dagbag.py:507} INFO - Filling up the DagBag from /home/dev/curso/ambientevirtual/lib/python3.9/site-packages/airflow/example_dags/example_branch_operator_decorator.py
[2024-12-14 16:04:11,040] {processor.py:651} INFO - DAG(s) dict_keys(['example_branch_python_operator_decorator']) retrieved from /home/dev/curso/ambientevirtual/lib/python3.9/site-packages/airflow/example_dags/example_branch_operator_decorator.py
[2024-12-14 16:04:11,060] {logging_mixin.py:115} INFO - [2024-12-14 16:04:11,060] {dag.py:2379} INFO - Sync 1 DAGs
[2024-12-14 16:04:11,082] {logging_mixin.py:115} INFO - [2024-12-14 16:04:11,082] {dag.py:2927} INFO - Setting next_dagrun for example_branch_python_operator_decorator to 2024-12-13T00:00:00+00:00, run_after=2024-12-14T00:00:00+00:00
[2024-12-14 16:04:11,101] {processor.py:161} INFO - Processing /home/dev/curso/ambientevirtual/lib/python3.9/site-packages/airflow/example_dags/example_branch_operator_decorator.py took 0.100 seconds
[2024-12-14 16:04:48,253] {processor.py:153} INFO - Started process (PID=51337) to work on /home/dev/curso/ambientevirtual/lib/python3.9/site-packages/airflow/example_dags/example_branch_operator_decorator.py
[2024-12-14 16:04:48,254] {processor.py:641} INFO - Processing file /home/dev/curso/ambientevirtual/lib/python3.9/site-packages/airflow/example_dags/example_branch_operator_decorator.py for tasks to queue
[2024-12-14 16:04:48,255] {logging_mixin.py:115} INFO - [2024-12-14 16:04:48,255] {dagbag.py:507} INFO - Filling up the DagBag from /home/dev/curso/ambientevirtual/lib/python3.9/site-packages/airflow/example_dags/example_branch_operator_decorator.py
[2024-12-14 16:04:48,278] {processor.py:651} INFO - DAG(s) dict_keys(['example_branch_python_operator_decorator']) retrieved from /home/dev/curso/ambientevirtual/lib/python3.9/site-packages/airflow/example_dags/example_branch_operator_decorator.py
[2024-12-14 16:04:48,299] {logging_mixin.py:115} INFO - [2024-12-14 16:04:48,299] {dag.py:2379} INFO - Sync 1 DAGs
[2024-12-14 16:04:48,321] {logging_mixin.py:115} INFO - [2024-12-14 16:04:48,321] {dag.py:2927} INFO - Setting next_dagrun for example_branch_python_operator_decorator to 2024-12-13T00:00:00+00:00, run_after=2024-12-14T00:00:00+00:00
[2024-12-14 16:04:48,340] {processor.py:161} INFO - Processing /home/dev/curso/ambientevirtual/lib/python3.9/site-packages/airflow/example_dags/example_branch_operator_decorator.py took 0.092 seconds
[2024-12-14 16:05:20,719] {processor.py:153} INFO - Started process (PID=51453) to work on /home/dev/curso/ambientevirtual/lib/python3.9/site-packages/airflow/example_dags/example_branch_operator_decorator.py
[2024-12-14 16:05:20,719] {processor.py:641} INFO - Processing file /home/dev/curso/ambientevirtual/lib/python3.9/site-packages/airflow/example_dags/example_branch_operator_decorator.py for tasks to queue
[2024-12-14 16:05:20,720] {logging_mixin.py:115} INFO - [2024-12-14 16:05:20,720] {dagbag.py:507} INFO - Filling up the DagBag from /home/dev/curso/ambientevirtual/lib/python3.9/site-packages/airflow/example_dags/example_branch_operator_decorator.py
[2024-12-14 16:05:20,747] {processor.py:651} INFO - DAG(s) dict_keys(['example_branch_python_operator_decorator']) retrieved from /home/dev/curso/ambientevirtual/lib/python3.9/site-packages/airflow/example_dags/example_branch_operator_decorator.py
[2024-12-14 16:05:20,769] {logging_mixin.py:115} INFO - [2024-12-14 16:05:20,769] {dag.py:2379} INFO - Sync 1 DAGs
[2024-12-14 16:05:20,791] {logging_mixin.py:115} INFO - [2024-12-14 16:05:20,791] {dag.py:2927} INFO - Setting next_dagrun for example_branch_python_operator_decorator to 2024-12-13T00:00:00+00:00, run_after=2024-12-14T00:00:00+00:00
[2024-12-14 16:05:20,811] {processor.py:161} INFO - Processing /home/dev/curso/ambientevirtual/lib/python3.9/site-packages/airflow/example_dags/example_branch_operator_decorator.py took 0.097 seconds
[2024-12-14 16:05:55,757] {processor.py:153} INFO - Started process (PID=51581) to work on /home/dev/curso/ambientevirtual/lib/python3.9/site-packages/airflow/example_dags/example_branch_operator_decorator.py
[2024-12-14 16:05:55,759] {processor.py:641} INFO - Processing file /home/dev/curso/ambientevirtual/lib/python3.9/site-packages/airflow/example_dags/example_branch_operator_decorator.py for tasks to queue
[2024-12-14 16:05:55,759] {logging_mixin.py:115} INFO - [2024-12-14 16:05:55,759] {dagbag.py:507} INFO - Filling up the DagBag from /home/dev/curso/ambientevirtual/lib/python3.9/site-packages/airflow/example_dags/example_branch_operator_decorator.py
[2024-12-14 16:05:55,785] {processor.py:651} INFO - DAG(s) dict_keys(['example_branch_python_operator_decorator']) retrieved from /home/dev/curso/ambientevirtual/lib/python3.9/site-packages/airflow/example_dags/example_branch_operator_decorator.py
[2024-12-14 16:05:55,810] {logging_mixin.py:115} INFO - [2024-12-14 16:05:55,810] {dag.py:2379} INFO - Sync 1 DAGs
[2024-12-14 16:05:55,838] {logging_mixin.py:115} INFO - [2024-12-14 16:05:55,838] {dag.py:2927} INFO - Setting next_dagrun for example_branch_python_operator_decorator to 2024-12-13T00:00:00+00:00, run_after=2024-12-14T00:00:00+00:00
[2024-12-14 16:05:55,860] {processor.py:161} INFO - Processing /home/dev/curso/ambientevirtual/lib/python3.9/site-packages/airflow/example_dags/example_branch_operator_decorator.py took 0.108 seconds
[2024-12-14 16:06:29,143] {processor.py:153} INFO - Started process (PID=51762) to work on /home/dev/curso/ambientevirtual/lib/python3.9/site-packages/airflow/example_dags/example_branch_operator_decorator.py
[2024-12-14 16:06:29,144] {processor.py:641} INFO - Processing file /home/dev/curso/ambientevirtual/lib/python3.9/site-packages/airflow/example_dags/example_branch_operator_decorator.py for tasks to queue
[2024-12-14 16:06:29,145] {logging_mixin.py:115} INFO - [2024-12-14 16:06:29,145] {dagbag.py:507} INFO - Filling up the DagBag from /home/dev/curso/ambientevirtual/lib/python3.9/site-packages/airflow/example_dags/example_branch_operator_decorator.py
[2024-12-14 16:06:29,172] {processor.py:651} INFO - DAG(s) dict_keys(['example_branch_python_operator_decorator']) retrieved from /home/dev/curso/ambientevirtual/lib/python3.9/site-packages/airflow/example_dags/example_branch_operator_decorator.py
[2024-12-14 16:06:29,194] {logging_mixin.py:115} INFO - [2024-12-14 16:06:29,194] {dag.py:2379} INFO - Sync 1 DAGs
[2024-12-14 16:06:29,220] {logging_mixin.py:115} INFO - [2024-12-14 16:06:29,220] {dag.py:2927} INFO - Setting next_dagrun for example_branch_python_operator_decorator to 2024-12-13T00:00:00+00:00, run_after=2024-12-14T00:00:00+00:00
[2024-12-14 16:06:29,242] {processor.py:161} INFO - Processing /home/dev/curso/ambientevirtual/lib/python3.9/site-packages/airflow/example_dags/example_branch_operator_decorator.py took 0.107 seconds
[2024-12-14 16:07:05,069] {processor.py:153} INFO - Started process (PID=51890) to work on /home/dev/curso/ambientevirtual/lib/python3.9/site-packages/airflow/example_dags/example_branch_operator_decorator.py
[2024-12-14 16:07:05,070] {processor.py:641} INFO - Processing file /home/dev/curso/ambientevirtual/lib/python3.9/site-packages/airflow/example_dags/example_branch_operator_decorator.py for tasks to queue
[2024-12-14 16:07:05,071] {logging_mixin.py:115} INFO - [2024-12-14 16:07:05,071] {dagbag.py:507} INFO - Filling up the DagBag from /home/dev/curso/ambientevirtual/lib/python3.9/site-packages/airflow/example_dags/example_branch_operator_decorator.py
[2024-12-14 16:07:05,105] {processor.py:651} INFO - DAG(s) dict_keys(['example_branch_python_operator_decorator']) retrieved from /home/dev/curso/ambientevirtual/lib/python3.9/site-packages/airflow/example_dags/example_branch_operator_decorator.py
[2024-12-14 16:07:05,135] {logging_mixin.py:115} INFO - [2024-12-14 16:07:05,134] {dag.py:2379} INFO - Sync 1 DAGs
[2024-12-14 16:07:05,163] {logging_mixin.py:115} INFO - [2024-12-14 16:07:05,163] {dag.py:2927} INFO - Setting next_dagrun for example_branch_python_operator_decorator to 2024-12-13T00:00:00+00:00, run_after=2024-12-14T00:00:00+00:00
[2024-12-14 16:07:05,186] {processor.py:161} INFO - Processing /home/dev/curso/ambientevirtual/lib/python3.9/site-packages/airflow/example_dags/example_branch_operator_decorator.py took 0.122 seconds
[2024-12-14 16:07:37,484] {processor.py:153} INFO - Started process (PID=52070) to work on /home/dev/curso/ambientevirtual/lib/python3.9/site-packages/airflow/example_dags/example_branch_operator_decorator.py
[2024-12-14 16:07:37,484] {processor.py:641} INFO - Processing file /home/dev/curso/ambientevirtual/lib/python3.9/site-packages/airflow/example_dags/example_branch_operator_decorator.py for tasks to queue
[2024-12-14 16:07:37,485] {logging_mixin.py:115} INFO - [2024-12-14 16:07:37,485] {dagbag.py:507} INFO - Filling up the DagBag from /home/dev/curso/ambientevirtual/lib/python3.9/site-packages/airflow/example_dags/example_branch_operator_decorator.py
[2024-12-14 16:07:37,506] {processor.py:651} INFO - DAG(s) dict_keys(['example_branch_python_operator_decorator']) retrieved from /home/dev/curso/ambientevirtual/lib/python3.9/site-packages/airflow/example_dags/example_branch_operator_decorator.py
[2024-12-14 16:07:37,533] {logging_mixin.py:115} INFO - [2024-12-14 16:07:37,533] {dag.py:2379} INFO - Sync 1 DAGs
[2024-12-14 16:07:37,554] {logging_mixin.py:115} INFO - [2024-12-14 16:07:37,554] {dag.py:2927} INFO - Setting next_dagrun for example_branch_python_operator_decorator to 2024-12-13T00:00:00+00:00, run_after=2024-12-14T00:00:00+00:00
[2024-12-14 16:07:37,571] {processor.py:161} INFO - Processing /home/dev/curso/ambientevirtual/lib/python3.9/site-packages/airflow/example_dags/example_branch_operator_decorator.py took 0.092 seconds
[2024-12-14 16:08:12,634] {processor.py:153} INFO - Started process (PID=52200) to work on /home/dev/curso/ambientevirtual/lib/python3.9/site-packages/airflow/example_dags/example_branch_operator_decorator.py
[2024-12-14 16:08:12,636] {processor.py:641} INFO - Processing file /home/dev/curso/ambientevirtual/lib/python3.9/site-packages/airflow/example_dags/example_branch_operator_decorator.py for tasks to queue
[2024-12-14 16:08:12,637] {logging_mixin.py:115} INFO - [2024-12-14 16:08:12,637] {dagbag.py:507} INFO - Filling up the DagBag from /home/dev/curso/ambientevirtual/lib/python3.9/site-packages/airflow/example_dags/example_branch_operator_decorator.py
[2024-12-14 16:08:12,666] {processor.py:651} INFO - DAG(s) dict_keys(['example_branch_python_operator_decorator']) retrieved from /home/dev/curso/ambientevirtual/lib/python3.9/site-packages/airflow/example_dags/example_branch_operator_decorator.py
[2024-12-14 16:08:12,688] {logging_mixin.py:115} INFO - [2024-12-14 16:08:12,688] {dag.py:2379} INFO - Sync 1 DAGs
[2024-12-14 16:08:12,716] {logging_mixin.py:115} INFO - [2024-12-14 16:08:12,716] {dag.py:2927} INFO - Setting next_dagrun for example_branch_python_operator_decorator to 2024-12-13T00:00:00+00:00, run_after=2024-12-14T00:00:00+00:00
[2024-12-14 16:08:12,737] {processor.py:161} INFO - Processing /home/dev/curso/ambientevirtual/lib/python3.9/site-packages/airflow/example_dags/example_branch_operator_decorator.py took 0.109 seconds
[2024-12-14 16:08:46,854] {processor.py:153} INFO - Started process (PID=52553) to work on /home/dev/curso/ambientevirtual/lib/python3.9/site-packages/airflow/example_dags/example_branch_operator_decorator.py
[2024-12-14 16:08:46,855] {processor.py:641} INFO - Processing file /home/dev/curso/ambientevirtual/lib/python3.9/site-packages/airflow/example_dags/example_branch_operator_decorator.py for tasks to queue
[2024-12-14 16:08:46,856] {logging_mixin.py:115} INFO - [2024-12-14 16:08:46,856] {dagbag.py:507} INFO - Filling up the DagBag from /home/dev/curso/ambientevirtual/lib/python3.9/site-packages/airflow/example_dags/example_branch_operator_decorator.py
[2024-12-14 16:08:46,885] {processor.py:651} INFO - DAG(s) dict_keys(['example_branch_python_operator_decorator']) retrieved from /home/dev/curso/ambientevirtual/lib/python3.9/site-packages/airflow/example_dags/example_branch_operator_decorator.py
[2024-12-14 16:08:46,912] {logging_mixin.py:115} INFO - [2024-12-14 16:08:46,912] {dag.py:2379} INFO - Sync 1 DAGs
[2024-12-14 16:08:46,938] {logging_mixin.py:115} INFO - [2024-12-14 16:08:46,938] {dag.py:2927} INFO - Setting next_dagrun for example_branch_python_operator_decorator to 2024-12-13T00:00:00+00:00, run_after=2024-12-14T00:00:00+00:00
[2024-12-14 16:08:46,961] {processor.py:161} INFO - Processing /home/dev/curso/ambientevirtual/lib/python3.9/site-packages/airflow/example_dags/example_branch_operator_decorator.py took 0.114 seconds
[2024-12-14 16:09:21,150] {processor.py:153} INFO - Started process (PID=52681) to work on /home/dev/curso/ambientevirtual/lib/python3.9/site-packages/airflow/example_dags/example_branch_operator_decorator.py
[2024-12-14 16:09:21,150] {processor.py:641} INFO - Processing file /home/dev/curso/ambientevirtual/lib/python3.9/site-packages/airflow/example_dags/example_branch_operator_decorator.py for tasks to queue
[2024-12-14 16:09:21,151] {logging_mixin.py:115} INFO - [2024-12-14 16:09:21,151] {dagbag.py:507} INFO - Filling up the DagBag from /home/dev/curso/ambientevirtual/lib/python3.9/site-packages/airflow/example_dags/example_branch_operator_decorator.py
[2024-12-14 16:09:21,176] {processor.py:651} INFO - DAG(s) dict_keys(['example_branch_python_operator_decorator']) retrieved from /home/dev/curso/ambientevirtual/lib/python3.9/site-packages/airflow/example_dags/example_branch_operator_decorator.py
[2024-12-14 16:09:21,198] {logging_mixin.py:115} INFO - [2024-12-14 16:09:21,197] {dag.py:2379} INFO - Sync 1 DAGs
[2024-12-14 16:09:21,232] {logging_mixin.py:115} INFO - [2024-12-14 16:09:21,231] {dag.py:2927} INFO - Setting next_dagrun for example_branch_python_operator_decorator to 2024-12-13T00:00:00+00:00, run_after=2024-12-14T00:00:00+00:00
[2024-12-14 16:09:21,255] {processor.py:161} INFO - Processing /home/dev/curso/ambientevirtual/lib/python3.9/site-packages/airflow/example_dags/example_branch_operator_decorator.py took 0.111 seconds
[2024-12-14 16:09:55,525] {processor.py:153} INFO - Started process (PID=52804) to work on /home/dev/curso/ambientevirtual/lib/python3.9/site-packages/airflow/example_dags/example_branch_operator_decorator.py
[2024-12-14 16:09:55,527] {processor.py:641} INFO - Processing file /home/dev/curso/ambientevirtual/lib/python3.9/site-packages/airflow/example_dags/example_branch_operator_decorator.py for tasks to queue
[2024-12-14 16:09:55,528] {logging_mixin.py:115} INFO - [2024-12-14 16:09:55,527] {dagbag.py:507} INFO - Filling up the DagBag from /home/dev/curso/ambientevirtual/lib/python3.9/site-packages/airflow/example_dags/example_branch_operator_decorator.py
[2024-12-14 16:09:55,554] {processor.py:651} INFO - DAG(s) dict_keys(['example_branch_python_operator_decorator']) retrieved from /home/dev/curso/ambientevirtual/lib/python3.9/site-packages/airflow/example_dags/example_branch_operator_decorator.py
[2024-12-14 16:09:55,574] {logging_mixin.py:115} INFO - [2024-12-14 16:09:55,574] {dag.py:2379} INFO - Sync 1 DAGs
[2024-12-14 16:09:55,596] {logging_mixin.py:115} INFO - [2024-12-14 16:09:55,595] {dag.py:2927} INFO - Setting next_dagrun for example_branch_python_operator_decorator to 2024-12-13T00:00:00+00:00, run_after=2024-12-14T00:00:00+00:00
[2024-12-14 16:09:55,613] {processor.py:161} INFO - Processing /home/dev/curso/ambientevirtual/lib/python3.9/site-packages/airflow/example_dags/example_branch_operator_decorator.py took 0.094 seconds
[2024-12-14 16:10:28,764] {processor.py:153} INFO - Started process (PID=52925) to work on /home/dev/curso/ambientevirtual/lib/python3.9/site-packages/airflow/example_dags/example_branch_operator_decorator.py
[2024-12-14 16:10:28,766] {processor.py:641} INFO - Processing file /home/dev/curso/ambientevirtual/lib/python3.9/site-packages/airflow/example_dags/example_branch_operator_decorator.py for tasks to queue
[2024-12-14 16:10:28,766] {logging_mixin.py:115} INFO - [2024-12-14 16:10:28,766] {dagbag.py:507} INFO - Filling up the DagBag from /home/dev/curso/ambientevirtual/lib/python3.9/site-packages/airflow/example_dags/example_branch_operator_decorator.py
[2024-12-14 16:10:28,790] {processor.py:651} INFO - DAG(s) dict_keys(['example_branch_python_operator_decorator']) retrieved from /home/dev/curso/ambientevirtual/lib/python3.9/site-packages/airflow/example_dags/example_branch_operator_decorator.py
[2024-12-14 16:10:28,810] {logging_mixin.py:115} INFO - [2024-12-14 16:10:28,810] {dag.py:2379} INFO - Sync 1 DAGs
[2024-12-14 16:10:28,831] {logging_mixin.py:115} INFO - [2024-12-14 16:10:28,831] {dag.py:2927} INFO - Setting next_dagrun for example_branch_python_operator_decorator to 2024-12-13T00:00:00+00:00, run_after=2024-12-14T00:00:00+00:00
[2024-12-14 16:10:28,848] {processor.py:161} INFO - Processing /home/dev/curso/ambientevirtual/lib/python3.9/site-packages/airflow/example_dags/example_branch_operator_decorator.py took 0.090 seconds
[2024-12-14 16:11:05,429] {processor.py:153} INFO - Started process (PID=53176) to work on /home/dev/curso/ambientevirtual/lib/python3.9/site-packages/airflow/example_dags/example_branch_operator_decorator.py
[2024-12-14 16:11:05,431] {processor.py:641} INFO - Processing file /home/dev/curso/ambientevirtual/lib/python3.9/site-packages/airflow/example_dags/example_branch_operator_decorator.py for tasks to queue
[2024-12-14 16:11:05,432] {logging_mixin.py:115} INFO - [2024-12-14 16:11:05,432] {dagbag.py:507} INFO - Filling up the DagBag from /home/dev/curso/ambientevirtual/lib/python3.9/site-packages/airflow/example_dags/example_branch_operator_decorator.py
[2024-12-14 16:11:05,456] {processor.py:651} INFO - DAG(s) dict_keys(['example_branch_python_operator_decorator']) retrieved from /home/dev/curso/ambientevirtual/lib/python3.9/site-packages/airflow/example_dags/example_branch_operator_decorator.py
[2024-12-14 16:11:05,481] {logging_mixin.py:115} INFO - [2024-12-14 16:11:05,481] {dag.py:2379} INFO - Sync 1 DAGs
[2024-12-14 16:11:05,503] {logging_mixin.py:115} INFO - [2024-12-14 16:11:05,503] {dag.py:2927} INFO - Setting next_dagrun for example_branch_python_operator_decorator to 2024-12-13T00:00:00+00:00, run_after=2024-12-14T00:00:00+00:00
[2024-12-14 16:11:05,520] {processor.py:161} INFO - Processing /home/dev/curso/ambientevirtual/lib/python3.9/site-packages/airflow/example_dags/example_branch_operator_decorator.py took 0.095 seconds
[2024-12-14 16:11:37,359] {processor.py:153} INFO - Started process (PID=53292) to work on /home/dev/curso/ambientevirtual/lib/python3.9/site-packages/airflow/example_dags/example_branch_operator_decorator.py
[2024-12-14 16:11:37,360] {processor.py:641} INFO - Processing file /home/dev/curso/ambientevirtual/lib/python3.9/site-packages/airflow/example_dags/example_branch_operator_decorator.py for tasks to queue
[2024-12-14 16:11:37,361] {logging_mixin.py:115} INFO - [2024-12-14 16:11:37,361] {dagbag.py:507} INFO - Filling up the DagBag from /home/dev/curso/ambientevirtual/lib/python3.9/site-packages/airflow/example_dags/example_branch_operator_decorator.py
[2024-12-14 16:11:37,397] {processor.py:651} INFO - DAG(s) dict_keys(['example_branch_python_operator_decorator']) retrieved from /home/dev/curso/ambientevirtual/lib/python3.9/site-packages/airflow/example_dags/example_branch_operator_decorator.py
[2024-12-14 16:11:37,429] {logging_mixin.py:115} INFO - [2024-12-14 16:11:37,429] {dag.py:2379} INFO - Sync 1 DAGs
[2024-12-14 16:11:37,458] {logging_mixin.py:115} INFO - [2024-12-14 16:11:37,457] {dag.py:2927} INFO - Setting next_dagrun for example_branch_python_operator_decorator to 2024-12-13T00:00:00+00:00, run_after=2024-12-14T00:00:00+00:00
[2024-12-14 16:11:37,479] {processor.py:161} INFO - Processing /home/dev/curso/ambientevirtual/lib/python3.9/site-packages/airflow/example_dags/example_branch_operator_decorator.py took 0.133 seconds
