[2024-12-14 15:51:57,290] {processor.py:153} INFO - Started process (PID=48150) to work on /home/dev/curso/ambientevirtual/lib/python3.9/site-packages/airflow/example_dags/example_sla_dag.py
[2024-12-14 15:51:57,291] {processor.py:641} INFO - Processing file /home/dev/curso/ambientevirtual/lib/python3.9/site-packages/airflow/example_dags/example_sla_dag.py for tasks to queue
[2024-12-14 15:51:57,291] {logging_mixin.py:115} INFO - [2024-12-14 15:51:57,291] {dagbag.py:507} INFO - Filling up the DagBag from /home/dev/curso/ambientevirtual/lib/python3.9/site-packages/airflow/example_dags/example_sla_dag.py
[2024-12-14 15:51:57,333] {processor.py:651} INFO - DAG(s) dict_keys(['example_sla_dag']) retrieved from /home/dev/curso/ambientevirtual/lib/python3.9/site-packages/airflow/example_dags/example_sla_dag.py
[2024-12-14 15:51:57,435] {logging_mixin.py:115} INFO - [2024-12-14 15:51:57,435] {manager.py:508} INFO - Created Permission View: can delete on DAG:example_sla_dag
[2024-12-14 15:51:57,449] {logging_mixin.py:115} INFO - [2024-12-14 15:51:57,449] {manager.py:508} INFO - Created Permission View: can edit on DAG:example_sla_dag
[2024-12-14 15:51:57,464] {logging_mixin.py:115} INFO - [2024-12-14 15:51:57,463] {manager.py:508} INFO - Created Permission View: can read on DAG:example_sla_dag
[2024-12-14 15:51:57,464] {logging_mixin.py:115} INFO - [2024-12-14 15:51:57,464] {dag.py:2379} INFO - Sync 1 DAGs
[2024-12-14 15:51:57,475] {logging_mixin.py:115} INFO - [2024-12-14 15:51:57,474] {dag.py:2398} INFO - Creating ORM DAG for example_sla_dag
[2024-12-14 15:51:57,492] {logging_mixin.py:115} INFO - [2024-12-14 15:51:57,492] {dag.py:2927} INFO - Setting next_dagrun for example_sla_dag to 2024-12-14T18:48:00+00:00, run_after=2024-12-14T18:50:00+00:00
[2024-12-14 15:51:57,516] {processor.py:161} INFO - Processing /home/dev/curso/ambientevirtual/lib/python3.9/site-packages/airflow/example_dags/example_sla_dag.py took 0.233 seconds
[2024-12-14 15:52:36,948] {processor.py:153} INFO - Started process (PID=48382) to work on /home/dev/curso/ambientevirtual/lib/python3.9/site-packages/airflow/example_dags/example_sla_dag.py
[2024-12-14 15:52:36,950] {processor.py:641} INFO - Processing file /home/dev/curso/ambientevirtual/lib/python3.9/site-packages/airflow/example_dags/example_sla_dag.py for tasks to queue
[2024-12-14 15:52:36,951] {logging_mixin.py:115} INFO - [2024-12-14 15:52:36,951] {dagbag.py:507} INFO - Filling up the DagBag from /home/dev/curso/ambientevirtual/lib/python3.9/site-packages/airflow/example_dags/example_sla_dag.py
[2024-12-14 15:52:36,983] {processor.py:651} INFO - DAG(s) dict_keys(['example_sla_dag']) retrieved from /home/dev/curso/ambientevirtual/lib/python3.9/site-packages/airflow/example_dags/example_sla_dag.py
[2024-12-14 15:52:37,002] {logging_mixin.py:115} INFO - [2024-12-14 15:52:37,002] {dag.py:2379} INFO - Sync 1 DAGs
[2024-12-14 15:52:37,027] {logging_mixin.py:115} INFO - [2024-12-14 15:52:37,026] {dag.py:2927} INFO - Setting next_dagrun for example_sla_dag to 2024-12-14T18:50:00+00:00, run_after=2024-12-14T18:52:00+00:00
[2024-12-14 15:52:37,043] {processor.py:161} INFO - Processing /home/dev/curso/ambientevirtual/lib/python3.9/site-packages/airflow/example_dags/example_sla_dag.py took 0.101 seconds
[2024-12-14 15:53:14,573] {processor.py:153} INFO - Started process (PID=48526) to work on /home/dev/curso/ambientevirtual/lib/python3.9/site-packages/airflow/example_dags/example_sla_dag.py
[2024-12-14 15:53:14,575] {processor.py:641} INFO - Processing file /home/dev/curso/ambientevirtual/lib/python3.9/site-packages/airflow/example_dags/example_sla_dag.py for tasks to queue
[2024-12-14 15:53:14,576] {logging_mixin.py:115} INFO - [2024-12-14 15:53:14,576] {dagbag.py:507} INFO - Filling up the DagBag from /home/dev/curso/ambientevirtual/lib/python3.9/site-packages/airflow/example_dags/example_sla_dag.py
[2024-12-14 15:53:14,604] {processor.py:651} INFO - DAG(s) dict_keys(['example_sla_dag']) retrieved from /home/dev/curso/ambientevirtual/lib/python3.9/site-packages/airflow/example_dags/example_sla_dag.py
[2024-12-14 15:53:14,625] {logging_mixin.py:115} INFO - [2024-12-14 15:53:14,625] {dag.py:2379} INFO - Sync 1 DAGs
[2024-12-14 15:53:14,650] {logging_mixin.py:115} INFO - [2024-12-14 15:53:14,650] {dag.py:2927} INFO - Setting next_dagrun for example_sla_dag to 2024-12-14T18:50:00+00:00, run_after=2024-12-14T18:52:00+00:00
[2024-12-14 15:53:14,670] {processor.py:161} INFO - Processing /home/dev/curso/ambientevirtual/lib/python3.9/site-packages/airflow/example_dags/example_sla_dag.py took 0.105 seconds
[2024-12-14 15:53:51,315] {processor.py:153} INFO - Started process (PID=48656) to work on /home/dev/curso/ambientevirtual/lib/python3.9/site-packages/airflow/example_dags/example_sla_dag.py
[2024-12-14 15:53:51,317] {processor.py:641} INFO - Processing file /home/dev/curso/ambientevirtual/lib/python3.9/site-packages/airflow/example_dags/example_sla_dag.py for tasks to queue
[2024-12-14 15:53:51,318] {logging_mixin.py:115} INFO - [2024-12-14 15:53:51,318] {dagbag.py:507} INFO - Filling up the DagBag from /home/dev/curso/ambientevirtual/lib/python3.9/site-packages/airflow/example_dags/example_sla_dag.py
[2024-12-14 15:53:51,342] {processor.py:651} INFO - DAG(s) dict_keys(['example_sla_dag']) retrieved from /home/dev/curso/ambientevirtual/lib/python3.9/site-packages/airflow/example_dags/example_sla_dag.py
[2024-12-14 15:53:51,361] {logging_mixin.py:115} INFO - [2024-12-14 15:53:51,361] {dag.py:2379} INFO - Sync 1 DAGs
[2024-12-14 15:53:51,384] {logging_mixin.py:115} INFO - [2024-12-14 15:53:51,384] {dag.py:2927} INFO - Setting next_dagrun for example_sla_dag to 2024-12-14T18:50:00+00:00, run_after=2024-12-14T18:52:00+00:00
[2024-12-14 15:53:51,399] {processor.py:161} INFO - Processing /home/dev/curso/ambientevirtual/lib/python3.9/site-packages/airflow/example_dags/example_sla_dag.py took 0.091 seconds
[2024-12-14 15:54:29,668] {processor.py:153} INFO - Started process (PID=48792) to work on /home/dev/curso/ambientevirtual/lib/python3.9/site-packages/airflow/example_dags/example_sla_dag.py
[2024-12-14 15:54:29,670] {processor.py:641} INFO - Processing file /home/dev/curso/ambientevirtual/lib/python3.9/site-packages/airflow/example_dags/example_sla_dag.py for tasks to queue
[2024-12-14 15:54:29,671] {logging_mixin.py:115} INFO - [2024-12-14 15:54:29,670] {dagbag.py:507} INFO - Filling up the DagBag from /home/dev/curso/ambientevirtual/lib/python3.9/site-packages/airflow/example_dags/example_sla_dag.py
[2024-12-14 15:54:29,696] {processor.py:651} INFO - DAG(s) dict_keys(['example_sla_dag']) retrieved from /home/dev/curso/ambientevirtual/lib/python3.9/site-packages/airflow/example_dags/example_sla_dag.py
[2024-12-14 15:54:29,714] {logging_mixin.py:115} INFO - [2024-12-14 15:54:29,714] {dag.py:2379} INFO - Sync 1 DAGs
[2024-12-14 15:54:29,736] {logging_mixin.py:115} INFO - [2024-12-14 15:54:29,736] {dag.py:2927} INFO - Setting next_dagrun for example_sla_dag to 2024-12-14T18:52:00+00:00, run_after=2024-12-14T18:54:00+00:00
[2024-12-14 15:54:29,752] {processor.py:161} INFO - Processing /home/dev/curso/ambientevirtual/lib/python3.9/site-packages/airflow/example_dags/example_sla_dag.py took 0.090 seconds
[2024-12-14 15:55:09,896] {processor.py:153} INFO - Started process (PID=48938) to work on /home/dev/curso/ambientevirtual/lib/python3.9/site-packages/airflow/example_dags/example_sla_dag.py
[2024-12-14 15:55:09,897] {processor.py:641} INFO - Processing file /home/dev/curso/ambientevirtual/lib/python3.9/site-packages/airflow/example_dags/example_sla_dag.py for tasks to queue
[2024-12-14 15:55:09,897] {logging_mixin.py:115} INFO - [2024-12-14 15:55:09,897] {dagbag.py:507} INFO - Filling up the DagBag from /home/dev/curso/ambientevirtual/lib/python3.9/site-packages/airflow/example_dags/example_sla_dag.py
[2024-12-14 15:55:09,918] {processor.py:651} INFO - DAG(s) dict_keys(['example_sla_dag']) retrieved from /home/dev/curso/ambientevirtual/lib/python3.9/site-packages/airflow/example_dags/example_sla_dag.py
[2024-12-14 15:55:09,936] {logging_mixin.py:115} INFO - [2024-12-14 15:55:09,936] {dag.py:2379} INFO - Sync 1 DAGs
[2024-12-14 15:55:09,962] {logging_mixin.py:115} INFO - [2024-12-14 15:55:09,962] {dag.py:2927} INFO - Setting next_dagrun for example_sla_dag to 2024-12-14T18:52:00+00:00, run_after=2024-12-14T18:54:00+00:00
[2024-12-14 15:55:09,980] {processor.py:161} INFO - Processing /home/dev/curso/ambientevirtual/lib/python3.9/site-packages/airflow/example_dags/example_sla_dag.py took 0.087 seconds
[2024-12-14 15:55:47,839] {processor.py:153} INFO - Started process (PID=49077) to work on /home/dev/curso/ambientevirtual/lib/python3.9/site-packages/airflow/example_dags/example_sla_dag.py
[2024-12-14 15:55:47,841] {processor.py:641} INFO - Processing file /home/dev/curso/ambientevirtual/lib/python3.9/site-packages/airflow/example_dags/example_sla_dag.py for tasks to queue
[2024-12-14 15:55:47,841] {logging_mixin.py:115} INFO - [2024-12-14 15:55:47,841] {dagbag.py:507} INFO - Filling up the DagBag from /home/dev/curso/ambientevirtual/lib/python3.9/site-packages/airflow/example_dags/example_sla_dag.py
[2024-12-14 15:55:47,863] {processor.py:651} INFO - DAG(s) dict_keys(['example_sla_dag']) retrieved from /home/dev/curso/ambientevirtual/lib/python3.9/site-packages/airflow/example_dags/example_sla_dag.py
[2024-12-14 15:55:47,881] {logging_mixin.py:115} INFO - [2024-12-14 15:55:47,881] {dag.py:2379} INFO - Sync 1 DAGs
[2024-12-14 15:55:47,904] {logging_mixin.py:115} INFO - [2024-12-14 15:55:47,904] {dag.py:2927} INFO - Setting next_dagrun for example_sla_dag to 2024-12-14T18:52:00+00:00, run_after=2024-12-14T18:54:00+00:00
[2024-12-14 15:55:47,920] {processor.py:161} INFO - Processing /home/dev/curso/ambientevirtual/lib/python3.9/site-packages/airflow/example_dags/example_sla_dag.py took 0.084 seconds
[2024-12-14 15:56:26,106] {processor.py:153} INFO - Started process (PID=49221) to work on /home/dev/curso/ambientevirtual/lib/python3.9/site-packages/airflow/example_dags/example_sla_dag.py
[2024-12-14 15:56:26,107] {processor.py:641} INFO - Processing file /home/dev/curso/ambientevirtual/lib/python3.9/site-packages/airflow/example_dags/example_sla_dag.py for tasks to queue
[2024-12-14 15:56:26,108] {logging_mixin.py:115} INFO - [2024-12-14 15:56:26,108] {dagbag.py:507} INFO - Filling up the DagBag from /home/dev/curso/ambientevirtual/lib/python3.9/site-packages/airflow/example_dags/example_sla_dag.py
[2024-12-14 15:56:26,136] {processor.py:651} INFO - DAG(s) dict_keys(['example_sla_dag']) retrieved from /home/dev/curso/ambientevirtual/lib/python3.9/site-packages/airflow/example_dags/example_sla_dag.py
[2024-12-14 15:56:26,160] {logging_mixin.py:115} INFO - [2024-12-14 15:56:26,160] {dag.py:2379} INFO - Sync 1 DAGs
[2024-12-14 15:56:26,189] {logging_mixin.py:115} INFO - [2024-12-14 15:56:26,189] {dag.py:2927} INFO - Setting next_dagrun for example_sla_dag to 2024-12-14T18:54:00+00:00, run_after=2024-12-14T18:56:00+00:00
[2024-12-14 15:56:26,209] {processor.py:161} INFO - Processing /home/dev/curso/ambientevirtual/lib/python3.9/site-packages/airflow/example_dags/example_sla_dag.py took 0.107 seconds
[2024-12-14 15:57:03,276] {processor.py:153} INFO - Started process (PID=49410) to work on /home/dev/curso/ambientevirtual/lib/python3.9/site-packages/airflow/example_dags/example_sla_dag.py
[2024-12-14 15:57:03,277] {processor.py:641} INFO - Processing file /home/dev/curso/ambientevirtual/lib/python3.9/site-packages/airflow/example_dags/example_sla_dag.py for tasks to queue
[2024-12-14 15:57:03,278] {logging_mixin.py:115} INFO - [2024-12-14 15:57:03,278] {dagbag.py:507} INFO - Filling up the DagBag from /home/dev/curso/ambientevirtual/lib/python3.9/site-packages/airflow/example_dags/example_sla_dag.py
[2024-12-14 15:57:03,308] {processor.py:651} INFO - DAG(s) dict_keys(['example_sla_dag']) retrieved from /home/dev/curso/ambientevirtual/lib/python3.9/site-packages/airflow/example_dags/example_sla_dag.py
[2024-12-14 15:57:03,333] {logging_mixin.py:115} INFO - [2024-12-14 15:57:03,333] {dag.py:2379} INFO - Sync 1 DAGs
[2024-12-14 15:57:03,362] {logging_mixin.py:115} INFO - [2024-12-14 15:57:03,362] {dag.py:2927} INFO - Setting next_dagrun for example_sla_dag to 2024-12-14T18:54:00+00:00, run_after=2024-12-14T18:56:00+00:00
[2024-12-14 15:57:03,385] {processor.py:161} INFO - Processing /home/dev/curso/ambientevirtual/lib/python3.9/site-packages/airflow/example_dags/example_sla_dag.py took 0.115 seconds
[2024-12-14 15:57:40,881] {processor.py:153} INFO - Started process (PID=49552) to work on /home/dev/curso/ambientevirtual/lib/python3.9/site-packages/airflow/example_dags/example_sla_dag.py
[2024-12-14 15:57:40,882] {processor.py:641} INFO - Processing file /home/dev/curso/ambientevirtual/lib/python3.9/site-packages/airflow/example_dags/example_sla_dag.py for tasks to queue
[2024-12-14 15:57:40,882] {logging_mixin.py:115} INFO - [2024-12-14 15:57:40,882] {dagbag.py:507} INFO - Filling up the DagBag from /home/dev/curso/ambientevirtual/lib/python3.9/site-packages/airflow/example_dags/example_sla_dag.py
[2024-12-14 15:57:40,909] {processor.py:651} INFO - DAG(s) dict_keys(['example_sla_dag']) retrieved from /home/dev/curso/ambientevirtual/lib/python3.9/site-packages/airflow/example_dags/example_sla_dag.py
[2024-12-14 15:57:40,933] {logging_mixin.py:115} INFO - [2024-12-14 15:57:40,933] {dag.py:2379} INFO - Sync 1 DAGs
[2024-12-14 15:57:40,965] {logging_mixin.py:115} INFO - [2024-12-14 15:57:40,965] {dag.py:2927} INFO - Setting next_dagrun for example_sla_dag to 2024-12-14T18:54:00+00:00, run_after=2024-12-14T18:56:00+00:00
[2024-12-14 15:57:40,984] {processor.py:161} INFO - Processing /home/dev/curso/ambientevirtual/lib/python3.9/site-packages/airflow/example_dags/example_sla_dag.py took 0.107 seconds
[2024-12-14 15:58:20,720] {processor.py:153} INFO - Started process (PID=49698) to work on /home/dev/curso/ambientevirtual/lib/python3.9/site-packages/airflow/example_dags/example_sla_dag.py
[2024-12-14 15:58:20,721] {processor.py:641} INFO - Processing file /home/dev/curso/ambientevirtual/lib/python3.9/site-packages/airflow/example_dags/example_sla_dag.py for tasks to queue
[2024-12-14 15:58:20,722] {logging_mixin.py:115} INFO - [2024-12-14 15:58:20,721] {dagbag.py:507} INFO - Filling up the DagBag from /home/dev/curso/ambientevirtual/lib/python3.9/site-packages/airflow/example_dags/example_sla_dag.py
[2024-12-14 15:58:20,750] {processor.py:651} INFO - DAG(s) dict_keys(['example_sla_dag']) retrieved from /home/dev/curso/ambientevirtual/lib/python3.9/site-packages/airflow/example_dags/example_sla_dag.py
[2024-12-14 15:58:20,774] {logging_mixin.py:115} INFO - [2024-12-14 15:58:20,774] {dag.py:2379} INFO - Sync 1 DAGs
[2024-12-14 15:58:20,805] {logging_mixin.py:115} INFO - [2024-12-14 15:58:20,804] {dag.py:2927} INFO - Setting next_dagrun for example_sla_dag to 2024-12-14T18:56:00+00:00, run_after=2024-12-14T18:58:00+00:00
[2024-12-14 15:58:20,828] {processor.py:161} INFO - Processing /home/dev/curso/ambientevirtual/lib/python3.9/site-packages/airflow/example_dags/example_sla_dag.py took 0.112 seconds
[2024-12-14 15:58:58,806] {processor.py:153} INFO - Started process (PID=49837) to work on /home/dev/curso/ambientevirtual/lib/python3.9/site-packages/airflow/example_dags/example_sla_dag.py
[2024-12-14 15:58:58,809] {processor.py:641} INFO - Processing file /home/dev/curso/ambientevirtual/lib/python3.9/site-packages/airflow/example_dags/example_sla_dag.py for tasks to queue
[2024-12-14 15:58:58,810] {logging_mixin.py:115} INFO - [2024-12-14 15:58:58,810] {dagbag.py:507} INFO - Filling up the DagBag from /home/dev/curso/ambientevirtual/lib/python3.9/site-packages/airflow/example_dags/example_sla_dag.py
[2024-12-14 15:58:58,850] {processor.py:651} INFO - DAG(s) dict_keys(['example_sla_dag']) retrieved from /home/dev/curso/ambientevirtual/lib/python3.9/site-packages/airflow/example_dags/example_sla_dag.py
[2024-12-14 15:58:58,870] {logging_mixin.py:115} INFO - [2024-12-14 15:58:58,870] {dag.py:2379} INFO - Sync 1 DAGs
[2024-12-14 15:58:58,894] {logging_mixin.py:115} INFO - [2024-12-14 15:58:58,894] {dag.py:2927} INFO - Setting next_dagrun for example_sla_dag to 2024-12-14T18:56:00+00:00, run_after=2024-12-14T18:58:00+00:00
[2024-12-14 15:58:58,911] {processor.py:161} INFO - Processing /home/dev/curso/ambientevirtual/lib/python3.9/site-packages/airflow/example_dags/example_sla_dag.py took 0.111 seconds
[2024-12-14 15:59:38,100] {processor.py:153} INFO - Started process (PID=49973) to work on /home/dev/curso/ambientevirtual/lib/python3.9/site-packages/airflow/example_dags/example_sla_dag.py
[2024-12-14 15:59:38,102] {processor.py:641} INFO - Processing file /home/dev/curso/ambientevirtual/lib/python3.9/site-packages/airflow/example_dags/example_sla_dag.py for tasks to queue
[2024-12-14 15:59:38,103] {logging_mixin.py:115} INFO - [2024-12-14 15:59:38,103] {dagbag.py:507} INFO - Filling up the DagBag from /home/dev/curso/ambientevirtual/lib/python3.9/site-packages/airflow/example_dags/example_sla_dag.py
[2024-12-14 15:59:38,135] {processor.py:651} INFO - DAG(s) dict_keys(['example_sla_dag']) retrieved from /home/dev/curso/ambientevirtual/lib/python3.9/site-packages/airflow/example_dags/example_sla_dag.py
[2024-12-14 15:59:38,155] {logging_mixin.py:115} INFO - [2024-12-14 15:59:38,155] {dag.py:2379} INFO - Sync 1 DAGs
[2024-12-14 15:59:38,178] {logging_mixin.py:115} INFO - [2024-12-14 15:59:38,178] {dag.py:2927} INFO - Setting next_dagrun for example_sla_dag to 2024-12-14T18:56:00+00:00, run_after=2024-12-14T18:58:00+00:00
[2024-12-14 15:59:38,194] {processor.py:161} INFO - Processing /home/dev/curso/ambientevirtual/lib/python3.9/site-packages/airflow/example_dags/example_sla_dag.py took 0.100 seconds
[2024-12-14 16:00:18,965] {processor.py:153} INFO - Started process (PID=50126) to work on /home/dev/curso/ambientevirtual/lib/python3.9/site-packages/airflow/example_dags/example_sla_dag.py
[2024-12-14 16:00:18,967] {processor.py:641} INFO - Processing file /home/dev/curso/ambientevirtual/lib/python3.9/site-packages/airflow/example_dags/example_sla_dag.py for tasks to queue
[2024-12-14 16:00:18,968] {logging_mixin.py:115} INFO - [2024-12-14 16:00:18,968] {dagbag.py:507} INFO - Filling up the DagBag from /home/dev/curso/ambientevirtual/lib/python3.9/site-packages/airflow/example_dags/example_sla_dag.py
[2024-12-14 16:00:18,992] {processor.py:651} INFO - DAG(s) dict_keys(['example_sla_dag']) retrieved from /home/dev/curso/ambientevirtual/lib/python3.9/site-packages/airflow/example_dags/example_sla_dag.py
[2024-12-14 16:00:19,010] {logging_mixin.py:115} INFO - [2024-12-14 16:00:19,010] {dag.py:2379} INFO - Sync 1 DAGs
[2024-12-14 16:00:19,034] {logging_mixin.py:115} INFO - [2024-12-14 16:00:19,033] {dag.py:2927} INFO - Setting next_dagrun for example_sla_dag to 2024-12-14T18:58:00+00:00, run_after=2024-12-14T19:00:00+00:00
[2024-12-14 16:00:19,050] {processor.py:161} INFO - Processing /home/dev/curso/ambientevirtual/lib/python3.9/site-packages/airflow/example_dags/example_sla_dag.py took 0.092 seconds
[2024-12-14 16:01:01,293] {processor.py:153} INFO - Started process (PID=50420) to work on /home/dev/curso/ambientevirtual/lib/python3.9/site-packages/airflow/example_dags/example_sla_dag.py
[2024-12-14 16:01:01,295] {processor.py:641} INFO - Processing file /home/dev/curso/ambientevirtual/lib/python3.9/site-packages/airflow/example_dags/example_sla_dag.py for tasks to queue
[2024-12-14 16:01:01,296] {logging_mixin.py:115} INFO - [2024-12-14 16:01:01,295] {dagbag.py:507} INFO - Filling up the DagBag from /home/dev/curso/ambientevirtual/lib/python3.9/site-packages/airflow/example_dags/example_sla_dag.py
[2024-12-14 16:01:01,321] {processor.py:651} INFO - DAG(s) dict_keys(['example_sla_dag']) retrieved from /home/dev/curso/ambientevirtual/lib/python3.9/site-packages/airflow/example_dags/example_sla_dag.py
[2024-12-14 16:01:01,341] {logging_mixin.py:115} INFO - [2024-12-14 16:01:01,341] {dag.py:2379} INFO - Sync 1 DAGs
[2024-12-14 16:01:01,366] {logging_mixin.py:115} INFO - [2024-12-14 16:01:01,366] {dag.py:2927} INFO - Setting next_dagrun for example_sla_dag to 2024-12-14T18:58:00+00:00, run_after=2024-12-14T19:00:00+00:00
[2024-12-14 16:01:01,384] {processor.py:161} INFO - Processing /home/dev/curso/ambientevirtual/lib/python3.9/site-packages/airflow/example_dags/example_sla_dag.py took 0.098 seconds
[2024-12-14 16:01:39,505] {processor.py:153} INFO - Started process (PID=50591) to work on /home/dev/curso/ambientevirtual/lib/python3.9/site-packages/airflow/example_dags/example_sla_dag.py
[2024-12-14 16:01:39,507] {processor.py:641} INFO - Processing file /home/dev/curso/ambientevirtual/lib/python3.9/site-packages/airflow/example_dags/example_sla_dag.py for tasks to queue
[2024-12-14 16:01:39,507] {logging_mixin.py:115} INFO - [2024-12-14 16:01:39,507] {dagbag.py:507} INFO - Filling up the DagBag from /home/dev/curso/ambientevirtual/lib/python3.9/site-packages/airflow/example_dags/example_sla_dag.py
[2024-12-14 16:01:39,530] {processor.py:651} INFO - DAG(s) dict_keys(['example_sla_dag']) retrieved from /home/dev/curso/ambientevirtual/lib/python3.9/site-packages/airflow/example_dags/example_sla_dag.py
[2024-12-14 16:01:39,551] {logging_mixin.py:115} INFO - [2024-12-14 16:01:39,551] {dag.py:2379} INFO - Sync 1 DAGs
[2024-12-14 16:01:39,605] {logging_mixin.py:115} INFO - [2024-12-14 16:01:39,605] {dag.py:2927} INFO - Setting next_dagrun for example_sla_dag to 2024-12-14T18:58:00+00:00, run_after=2024-12-14T19:00:00+00:00
[2024-12-14 16:01:39,630] {processor.py:161} INFO - Processing /home/dev/curso/ambientevirtual/lib/python3.9/site-packages/airflow/example_dags/example_sla_dag.py took 0.129 seconds
[2024-12-14 16:02:18,011] {processor.py:153} INFO - Started process (PID=50794) to work on /home/dev/curso/ambientevirtual/lib/python3.9/site-packages/airflow/example_dags/example_sla_dag.py
[2024-12-14 16:02:18,013] {processor.py:641} INFO - Processing file /home/dev/curso/ambientevirtual/lib/python3.9/site-packages/airflow/example_dags/example_sla_dag.py for tasks to queue
[2024-12-14 16:02:18,014] {logging_mixin.py:115} INFO - [2024-12-14 16:02:18,014] {dagbag.py:507} INFO - Filling up the DagBag from /home/dev/curso/ambientevirtual/lib/python3.9/site-packages/airflow/example_dags/example_sla_dag.py
[2024-12-14 16:02:18,045] {processor.py:651} INFO - DAG(s) dict_keys(['example_sla_dag']) retrieved from /home/dev/curso/ambientevirtual/lib/python3.9/site-packages/airflow/example_dags/example_sla_dag.py
[2024-12-14 16:02:18,064] {logging_mixin.py:115} INFO - [2024-12-14 16:02:18,063] {dag.py:2379} INFO - Sync 1 DAGs
[2024-12-14 16:02:18,087] {logging_mixin.py:115} INFO - [2024-12-14 16:02:18,087] {dag.py:2927} INFO - Setting next_dagrun for example_sla_dag to 2024-12-14T19:00:00+00:00, run_after=2024-12-14T19:02:00+00:00
[2024-12-14 16:02:18,103] {processor.py:161} INFO - Processing /home/dev/curso/ambientevirtual/lib/python3.9/site-packages/airflow/example_dags/example_sla_dag.py took 0.100 seconds
[2024-12-14 16:02:53,585] {processor.py:153} INFO - Started process (PID=50925) to work on /home/dev/curso/ambientevirtual/lib/python3.9/site-packages/airflow/example_dags/example_sla_dag.py
[2024-12-14 16:02:53,588] {processor.py:641} INFO - Processing file /home/dev/curso/ambientevirtual/lib/python3.9/site-packages/airflow/example_dags/example_sla_dag.py for tasks to queue
[2024-12-14 16:02:53,589] {logging_mixin.py:115} INFO - [2024-12-14 16:02:53,589] {dagbag.py:507} INFO - Filling up the DagBag from /home/dev/curso/ambientevirtual/lib/python3.9/site-packages/airflow/example_dags/example_sla_dag.py
[2024-12-14 16:02:53,620] {processor.py:651} INFO - DAG(s) dict_keys(['example_sla_dag']) retrieved from /home/dev/curso/ambientevirtual/lib/python3.9/site-packages/airflow/example_dags/example_sla_dag.py
[2024-12-14 16:02:53,641] {logging_mixin.py:115} INFO - [2024-12-14 16:02:53,641] {dag.py:2379} INFO - Sync 1 DAGs
[2024-12-14 16:02:53,667] {logging_mixin.py:115} INFO - [2024-12-14 16:02:53,666] {dag.py:2927} INFO - Setting next_dagrun for example_sla_dag to 2024-12-14T19:00:00+00:00, run_after=2024-12-14T19:02:00+00:00
[2024-12-14 16:02:53,685] {processor.py:161} INFO - Processing /home/dev/curso/ambientevirtual/lib/python3.9/site-packages/airflow/example_dags/example_sla_dag.py took 0.107 seconds
[2024-12-14 16:03:29,359] {processor.py:153} INFO - Started process (PID=51056) to work on /home/dev/curso/ambientevirtual/lib/python3.9/site-packages/airflow/example_dags/example_sla_dag.py
[2024-12-14 16:03:29,362] {processor.py:641} INFO - Processing file /home/dev/curso/ambientevirtual/lib/python3.9/site-packages/airflow/example_dags/example_sla_dag.py for tasks to queue
[2024-12-14 16:03:29,363] {logging_mixin.py:115} INFO - [2024-12-14 16:03:29,363] {dagbag.py:507} INFO - Filling up the DagBag from /home/dev/curso/ambientevirtual/lib/python3.9/site-packages/airflow/example_dags/example_sla_dag.py
[2024-12-14 16:03:29,397] {processor.py:651} INFO - DAG(s) dict_keys(['example_sla_dag']) retrieved from /home/dev/curso/ambientevirtual/lib/python3.9/site-packages/airflow/example_dags/example_sla_dag.py
[2024-12-14 16:03:29,418] {logging_mixin.py:115} INFO - [2024-12-14 16:03:29,417] {dag.py:2379} INFO - Sync 1 DAGs
[2024-12-14 16:03:29,442] {logging_mixin.py:115} INFO - [2024-12-14 16:03:29,442] {dag.py:2927} INFO - Setting next_dagrun for example_sla_dag to 2024-12-14T19:00:00+00:00, run_after=2024-12-14T19:02:00+00:00
[2024-12-14 16:03:29,459] {processor.py:161} INFO - Processing /home/dev/curso/ambientevirtual/lib/python3.9/site-packages/airflow/example_dags/example_sla_dag.py took 0.106 seconds
[2024-12-14 16:04:06,566] {processor.py:153} INFO - Started process (PID=51193) to work on /home/dev/curso/ambientevirtual/lib/python3.9/site-packages/airflow/example_dags/example_sla_dag.py
[2024-12-14 16:04:06,568] {processor.py:641} INFO - Processing file /home/dev/curso/ambientevirtual/lib/python3.9/site-packages/airflow/example_dags/example_sla_dag.py for tasks to queue
[2024-12-14 16:04:06,569] {logging_mixin.py:115} INFO - [2024-12-14 16:04:06,569] {dagbag.py:507} INFO - Filling up the DagBag from /home/dev/curso/ambientevirtual/lib/python3.9/site-packages/airflow/example_dags/example_sla_dag.py
[2024-12-14 16:04:06,592] {processor.py:651} INFO - DAG(s) dict_keys(['example_sla_dag']) retrieved from /home/dev/curso/ambientevirtual/lib/python3.9/site-packages/airflow/example_dags/example_sla_dag.py
[2024-12-14 16:04:06,611] {logging_mixin.py:115} INFO - [2024-12-14 16:04:06,611] {dag.py:2379} INFO - Sync 1 DAGs
[2024-12-14 16:04:06,636] {logging_mixin.py:115} INFO - [2024-12-14 16:04:06,636] {dag.py:2927} INFO - Setting next_dagrun for example_sla_dag to 2024-12-14T19:02:00+00:00, run_after=2024-12-14T19:04:00+00:00
[2024-12-14 16:04:06,655] {processor.py:161} INFO - Processing /home/dev/curso/ambientevirtual/lib/python3.9/site-packages/airflow/example_dags/example_sla_dag.py took 0.096 seconds
[2024-12-14 16:04:44,724] {processor.py:153} INFO - Started process (PID=51322) to work on /home/dev/curso/ambientevirtual/lib/python3.9/site-packages/airflow/example_dags/example_sla_dag.py
[2024-12-14 16:04:44,725] {processor.py:641} INFO - Processing file /home/dev/curso/ambientevirtual/lib/python3.9/site-packages/airflow/example_dags/example_sla_dag.py for tasks to queue
[2024-12-14 16:04:44,726] {logging_mixin.py:115} INFO - [2024-12-14 16:04:44,726] {dagbag.py:507} INFO - Filling up the DagBag from /home/dev/curso/ambientevirtual/lib/python3.9/site-packages/airflow/example_dags/example_sla_dag.py
[2024-12-14 16:04:44,752] {processor.py:651} INFO - DAG(s) dict_keys(['example_sla_dag']) retrieved from /home/dev/curso/ambientevirtual/lib/python3.9/site-packages/airflow/example_dags/example_sla_dag.py
[2024-12-14 16:04:44,771] {logging_mixin.py:115} INFO - [2024-12-14 16:04:44,771] {dag.py:2379} INFO - Sync 1 DAGs
[2024-12-14 16:04:44,797] {logging_mixin.py:115} INFO - [2024-12-14 16:04:44,797] {dag.py:2927} INFO - Setting next_dagrun for example_sla_dag to 2024-12-14T19:02:00+00:00, run_after=2024-12-14T19:04:00+00:00
[2024-12-14 16:04:44,813] {processor.py:161} INFO - Processing /home/dev/curso/ambientevirtual/lib/python3.9/site-packages/airflow/example_dags/example_sla_dag.py took 0.096 seconds
[2024-12-14 16:05:23,216] {processor.py:153} INFO - Started process (PID=51467) to work on /home/dev/curso/ambientevirtual/lib/python3.9/site-packages/airflow/example_dags/example_sla_dag.py
[2024-12-14 16:05:23,218] {processor.py:641} INFO - Processing file /home/dev/curso/ambientevirtual/lib/python3.9/site-packages/airflow/example_dags/example_sla_dag.py for tasks to queue
[2024-12-14 16:05:23,219] {logging_mixin.py:115} INFO - [2024-12-14 16:05:23,219] {dagbag.py:507} INFO - Filling up the DagBag from /home/dev/curso/ambientevirtual/lib/python3.9/site-packages/airflow/example_dags/example_sla_dag.py
[2024-12-14 16:05:23,241] {processor.py:651} INFO - DAG(s) dict_keys(['example_sla_dag']) retrieved from /home/dev/curso/ambientevirtual/lib/python3.9/site-packages/airflow/example_dags/example_sla_dag.py
[2024-12-14 16:05:23,260] {logging_mixin.py:115} INFO - [2024-12-14 16:05:23,259] {dag.py:2379} INFO - Sync 1 DAGs
[2024-12-14 16:05:23,285] {logging_mixin.py:115} INFO - [2024-12-14 16:05:23,284] {dag.py:2927} INFO - Setting next_dagrun for example_sla_dag to 2024-12-14T19:02:00+00:00, run_after=2024-12-14T19:04:00+00:00
[2024-12-14 16:05:23,301] {processor.py:161} INFO - Processing /home/dev/curso/ambientevirtual/lib/python3.9/site-packages/airflow/example_dags/example_sla_dag.py took 0.089 seconds
[2024-12-14 16:05:59,793] {processor.py:153} INFO - Started process (PID=51597) to work on /home/dev/curso/ambientevirtual/lib/python3.9/site-packages/airflow/example_dags/example_sla_dag.py
[2024-12-14 16:05:59,796] {processor.py:641} INFO - Processing file /home/dev/curso/ambientevirtual/lib/python3.9/site-packages/airflow/example_dags/example_sla_dag.py for tasks to queue
[2024-12-14 16:05:59,797] {logging_mixin.py:115} INFO - [2024-12-14 16:05:59,796] {dagbag.py:507} INFO - Filling up the DagBag from /home/dev/curso/ambientevirtual/lib/python3.9/site-packages/airflow/example_dags/example_sla_dag.py
[2024-12-14 16:05:59,826] {processor.py:651} INFO - DAG(s) dict_keys(['example_sla_dag']) retrieved from /home/dev/curso/ambientevirtual/lib/python3.9/site-packages/airflow/example_dags/example_sla_dag.py
[2024-12-14 16:05:59,844] {logging_mixin.py:115} INFO - [2024-12-14 16:05:59,844] {dag.py:2379} INFO - Sync 1 DAGs
[2024-12-14 16:05:59,867] {logging_mixin.py:115} INFO - [2024-12-14 16:05:59,867] {dag.py:2927} INFO - Setting next_dagrun for example_sla_dag to 2024-12-14T19:02:00+00:00, run_after=2024-12-14T19:04:00+00:00
[2024-12-14 16:05:59,884] {processor.py:161} INFO - Processing /home/dev/curso/ambientevirtual/lib/python3.9/site-packages/airflow/example_dags/example_sla_dag.py took 0.097 seconds
[2024-12-14 16:06:38,507] {processor.py:153} INFO - Started process (PID=51801) to work on /home/dev/curso/ambientevirtual/lib/python3.9/site-packages/airflow/example_dags/example_sla_dag.py
[2024-12-14 16:06:38,508] {processor.py:641} INFO - Processing file /home/dev/curso/ambientevirtual/lib/python3.9/site-packages/airflow/example_dags/example_sla_dag.py for tasks to queue
[2024-12-14 16:06:38,509] {logging_mixin.py:115} INFO - [2024-12-14 16:06:38,509] {dagbag.py:507} INFO - Filling up the DagBag from /home/dev/curso/ambientevirtual/lib/python3.9/site-packages/airflow/example_dags/example_sla_dag.py
[2024-12-14 16:06:38,536] {processor.py:651} INFO - DAG(s) dict_keys(['example_sla_dag']) retrieved from /home/dev/curso/ambientevirtual/lib/python3.9/site-packages/airflow/example_dags/example_sla_dag.py
[2024-12-14 16:06:38,556] {logging_mixin.py:115} INFO - [2024-12-14 16:06:38,555] {dag.py:2379} INFO - Sync 1 DAGs
[2024-12-14 16:06:38,584] {logging_mixin.py:115} INFO - [2024-12-14 16:06:38,584] {dag.py:2927} INFO - Setting next_dagrun for example_sla_dag to 2024-12-14T19:04:00+00:00, run_after=2024-12-14T19:06:00+00:00
[2024-12-14 16:06:38,607] {processor.py:161} INFO - Processing /home/dev/curso/ambientevirtual/lib/python3.9/site-packages/airflow/example_dags/example_sla_dag.py took 0.104 seconds
[2024-12-14 16:07:18,413] {processor.py:153} INFO - Started process (PID=51946) to work on /home/dev/curso/ambientevirtual/lib/python3.9/site-packages/airflow/example_dags/example_sla_dag.py
[2024-12-14 16:07:18,415] {processor.py:641} INFO - Processing file /home/dev/curso/ambientevirtual/lib/python3.9/site-packages/airflow/example_dags/example_sla_dag.py for tasks to queue
[2024-12-14 16:07:18,416] {logging_mixin.py:115} INFO - [2024-12-14 16:07:18,416] {dagbag.py:507} INFO - Filling up the DagBag from /home/dev/curso/ambientevirtual/lib/python3.9/site-packages/airflow/example_dags/example_sla_dag.py
[2024-12-14 16:07:18,443] {processor.py:651} INFO - DAG(s) dict_keys(['example_sla_dag']) retrieved from /home/dev/curso/ambientevirtual/lib/python3.9/site-packages/airflow/example_dags/example_sla_dag.py
[2024-12-14 16:07:18,466] {logging_mixin.py:115} INFO - [2024-12-14 16:07:18,466] {dag.py:2379} INFO - Sync 1 DAGs
[2024-12-14 16:07:18,498] {logging_mixin.py:115} INFO - [2024-12-14 16:07:18,498] {dag.py:2927} INFO - Setting next_dagrun for example_sla_dag to 2024-12-14T19:04:00+00:00, run_after=2024-12-14T19:06:00+00:00
[2024-12-14 16:07:18,516] {processor.py:161} INFO - Processing /home/dev/curso/ambientevirtual/lib/python3.9/site-packages/airflow/example_dags/example_sla_dag.py took 0.109 seconds
[2024-12-14 16:07:53,988] {processor.py:153} INFO - Started process (PID=52135) to work on /home/dev/curso/ambientevirtual/lib/python3.9/site-packages/airflow/example_dags/example_sla_dag.py
[2024-12-14 16:07:53,989] {processor.py:641} INFO - Processing file /home/dev/curso/ambientevirtual/lib/python3.9/site-packages/airflow/example_dags/example_sla_dag.py for tasks to queue
[2024-12-14 16:07:53,990] {logging_mixin.py:115} INFO - [2024-12-14 16:07:53,990] {dagbag.py:507} INFO - Filling up the DagBag from /home/dev/curso/ambientevirtual/lib/python3.9/site-packages/airflow/example_dags/example_sla_dag.py
[2024-12-14 16:07:54,011] {processor.py:651} INFO - DAG(s) dict_keys(['example_sla_dag']) retrieved from /home/dev/curso/ambientevirtual/lib/python3.9/site-packages/airflow/example_dags/example_sla_dag.py
[2024-12-14 16:07:54,031] {logging_mixin.py:115} INFO - [2024-12-14 16:07:54,030] {dag.py:2379} INFO - Sync 1 DAGs
[2024-12-14 16:07:54,056] {logging_mixin.py:115} INFO - [2024-12-14 16:07:54,056] {dag.py:2927} INFO - Setting next_dagrun for example_sla_dag to 2024-12-14T19:04:00+00:00, run_after=2024-12-14T19:06:00+00:00
[2024-12-14 16:07:54,072] {processor.py:161} INFO - Processing /home/dev/curso/ambientevirtual/lib/python3.9/site-packages/airflow/example_dags/example_sla_dag.py took 0.088 seconds
[2024-12-14 16:08:29,268] {processor.py:153} INFO - Started process (PID=52380) to work on /home/dev/curso/ambientevirtual/lib/python3.9/site-packages/airflow/example_dags/example_sla_dag.py
[2024-12-14 16:08:29,270] {processor.py:641} INFO - Processing file /home/dev/curso/ambientevirtual/lib/python3.9/site-packages/airflow/example_dags/example_sla_dag.py for tasks to queue
[2024-12-14 16:08:29,271] {logging_mixin.py:115} INFO - [2024-12-14 16:08:29,271] {dagbag.py:507} INFO - Filling up the DagBag from /home/dev/curso/ambientevirtual/lib/python3.9/site-packages/airflow/example_dags/example_sla_dag.py
[2024-12-14 16:08:29,300] {processor.py:651} INFO - DAG(s) dict_keys(['example_sla_dag']) retrieved from /home/dev/curso/ambientevirtual/lib/python3.9/site-packages/airflow/example_dags/example_sla_dag.py
[2024-12-14 16:08:29,323] {logging_mixin.py:115} INFO - [2024-12-14 16:08:29,323] {dag.py:2379} INFO - Sync 1 DAGs
[2024-12-14 16:08:29,351] {logging_mixin.py:115} INFO - [2024-12-14 16:08:29,351] {dag.py:2927} INFO - Setting next_dagrun for example_sla_dag to 2024-12-14T19:06:00+00:00, run_after=2024-12-14T19:08:00+00:00
[2024-12-14 16:08:29,370] {processor.py:161} INFO - Processing /home/dev/curso/ambientevirtual/lib/python3.9/site-packages/airflow/example_dags/example_sla_dag.py took 0.108 seconds
[2024-12-14 16:09:05,184] {processor.py:153} INFO - Started process (PID=52626) to work on /home/dev/curso/ambientevirtual/lib/python3.9/site-packages/airflow/example_dags/example_sla_dag.py
[2024-12-14 16:09:05,185] {processor.py:641} INFO - Processing file /home/dev/curso/ambientevirtual/lib/python3.9/site-packages/airflow/example_dags/example_sla_dag.py for tasks to queue
[2024-12-14 16:09:05,186] {logging_mixin.py:115} INFO - [2024-12-14 16:09:05,186] {dagbag.py:507} INFO - Filling up the DagBag from /home/dev/curso/ambientevirtual/lib/python3.9/site-packages/airflow/example_dags/example_sla_dag.py
[2024-12-14 16:09:05,214] {processor.py:651} INFO - DAG(s) dict_keys(['example_sla_dag']) retrieved from /home/dev/curso/ambientevirtual/lib/python3.9/site-packages/airflow/example_dags/example_sla_dag.py
[2024-12-14 16:09:05,237] {logging_mixin.py:115} INFO - [2024-12-14 16:09:05,237] {dag.py:2379} INFO - Sync 1 DAGs
[2024-12-14 16:09:05,264] {logging_mixin.py:115} INFO - [2024-12-14 16:09:05,264] {dag.py:2927} INFO - Setting next_dagrun for example_sla_dag to 2024-12-14T19:06:00+00:00, run_after=2024-12-14T19:08:00+00:00
[2024-12-14 16:09:05,283] {processor.py:161} INFO - Processing /home/dev/curso/ambientevirtual/lib/python3.9/site-packages/airflow/example_dags/example_sla_dag.py took 0.105 seconds
[2024-12-14 16:09:43,015] {processor.py:153} INFO - Started process (PID=52762) to work on /home/dev/curso/ambientevirtual/lib/python3.9/site-packages/airflow/example_dags/example_sla_dag.py
[2024-12-14 16:09:43,017] {processor.py:641} INFO - Processing file /home/dev/curso/ambientevirtual/lib/python3.9/site-packages/airflow/example_dags/example_sla_dag.py for tasks to queue
[2024-12-14 16:09:43,018] {logging_mixin.py:115} INFO - [2024-12-14 16:09:43,017] {dagbag.py:507} INFO - Filling up the DagBag from /home/dev/curso/ambientevirtual/lib/python3.9/site-packages/airflow/example_dags/example_sla_dag.py
[2024-12-14 16:09:43,043] {processor.py:651} INFO - DAG(s) dict_keys(['example_sla_dag']) retrieved from /home/dev/curso/ambientevirtual/lib/python3.9/site-packages/airflow/example_dags/example_sla_dag.py
[2024-12-14 16:09:43,062] {logging_mixin.py:115} INFO - [2024-12-14 16:09:43,062] {dag.py:2379} INFO - Sync 1 DAGs
[2024-12-14 16:09:43,085] {logging_mixin.py:115} INFO - [2024-12-14 16:09:43,085] {dag.py:2927} INFO - Setting next_dagrun for example_sla_dag to 2024-12-14T19:06:00+00:00, run_after=2024-12-14T19:08:00+00:00
[2024-12-14 16:09:43,102] {processor.py:161} INFO - Processing /home/dev/curso/ambientevirtual/lib/python3.9/site-packages/airflow/example_dags/example_sla_dag.py took 0.094 seconds
[2024-12-14 16:10:21,585] {processor.py:153} INFO - Started process (PID=52908) to work on /home/dev/curso/ambientevirtual/lib/python3.9/site-packages/airflow/example_dags/example_sla_dag.py
[2024-12-14 16:10:21,587] {processor.py:641} INFO - Processing file /home/dev/curso/ambientevirtual/lib/python3.9/site-packages/airflow/example_dags/example_sla_dag.py for tasks to queue
[2024-12-14 16:10:21,588] {logging_mixin.py:115} INFO - [2024-12-14 16:10:21,587] {dagbag.py:507} INFO - Filling up the DagBag from /home/dev/curso/ambientevirtual/lib/python3.9/site-packages/airflow/example_dags/example_sla_dag.py
[2024-12-14 16:10:21,611] {processor.py:651} INFO - DAG(s) dict_keys(['example_sla_dag']) retrieved from /home/dev/curso/ambientevirtual/lib/python3.9/site-packages/airflow/example_dags/example_sla_dag.py
[2024-12-14 16:10:21,630] {logging_mixin.py:115} INFO - [2024-12-14 16:10:21,629] {dag.py:2379} INFO - Sync 1 DAGs
[2024-12-14 16:10:21,653] {logging_mixin.py:115} INFO - [2024-12-14 16:10:21,652] {dag.py:2927} INFO - Setting next_dagrun for example_sla_dag to 2024-12-14T19:08:00+00:00, run_after=2024-12-14T19:10:00+00:00
[2024-12-14 16:10:21,668] {processor.py:161} INFO - Processing /home/dev/curso/ambientevirtual/lib/python3.9/site-packages/airflow/example_dags/example_sla_dag.py took 0.090 seconds
[2024-12-14 16:11:04,191] {processor.py:153} INFO - Started process (PID=53169) to work on /home/dev/curso/ambientevirtual/lib/python3.9/site-packages/airflow/example_dags/example_sla_dag.py
[2024-12-14 16:11:04,193] {processor.py:641} INFO - Processing file /home/dev/curso/ambientevirtual/lib/python3.9/site-packages/airflow/example_dags/example_sla_dag.py for tasks to queue
[2024-12-14 16:11:04,194] {logging_mixin.py:115} INFO - [2024-12-14 16:11:04,194] {dagbag.py:507} INFO - Filling up the DagBag from /home/dev/curso/ambientevirtual/lib/python3.9/site-packages/airflow/example_dags/example_sla_dag.py
[2024-12-14 16:11:04,220] {processor.py:651} INFO - DAG(s) dict_keys(['example_sla_dag']) retrieved from /home/dev/curso/ambientevirtual/lib/python3.9/site-packages/airflow/example_dags/example_sla_dag.py
[2024-12-14 16:11:04,239] {logging_mixin.py:115} INFO - [2024-12-14 16:11:04,239] {dag.py:2379} INFO - Sync 1 DAGs
[2024-12-14 16:11:04,264] {logging_mixin.py:115} INFO - [2024-12-14 16:11:04,264] {dag.py:2927} INFO - Setting next_dagrun for example_sla_dag to 2024-12-14T19:08:00+00:00, run_after=2024-12-14T19:10:00+00:00
[2024-12-14 16:11:04,281] {processor.py:161} INFO - Processing /home/dev/curso/ambientevirtual/lib/python3.9/site-packages/airflow/example_dags/example_sla_dag.py took 0.097 seconds
