[2024-12-14 15:51:56,022] {processor.py:153} INFO - Started process (PID=48122) to work on /home/dev/curso/ambientevirtual/lib/python3.9/site-packages/airflow/example_dags/example_nested_branch_dag.py
[2024-12-14 15:51:56,023] {processor.py:641} INFO - Processing file /home/dev/curso/ambientevirtual/lib/python3.9/site-packages/airflow/example_dags/example_nested_branch_dag.py for tasks to queue
[2024-12-14 15:51:56,023] {logging_mixin.py:115} INFO - [2024-12-14 15:51:56,023] {dagbag.py:507} INFO - Filling up the DagBag from /home/dev/curso/ambientevirtual/lib/python3.9/site-packages/airflow/example_dags/example_nested_branch_dag.py
[2024-12-14 15:51:56,035] {processor.py:651} INFO - DAG(s) dict_keys(['example_nested_branch_dag']) retrieved from /home/dev/curso/ambientevirtual/lib/python3.9/site-packages/airflow/example_dags/example_nested_branch_dag.py
[2024-12-14 15:51:56,121] {logging_mixin.py:115} INFO - [2024-12-14 15:51:56,121] {manager.py:508} INFO - Created Permission View: can delete on DAG:example_nested_branch_dag
[2024-12-14 15:51:56,136] {logging_mixin.py:115} INFO - [2024-12-14 15:51:56,136] {manager.py:508} INFO - Created Permission View: can edit on DAG:example_nested_branch_dag
[2024-12-14 15:51:56,147] {logging_mixin.py:115} INFO - [2024-12-14 15:51:56,147] {manager.py:508} INFO - Created Permission View: can read on DAG:example_nested_branch_dag
[2024-12-14 15:51:56,147] {logging_mixin.py:115} INFO - [2024-12-14 15:51:56,147] {dag.py:2379} INFO - Sync 1 DAGs
[2024-12-14 15:51:56,156] {logging_mixin.py:115} INFO - [2024-12-14 15:51:56,156] {dag.py:2398} INFO - Creating ORM DAG for example_nested_branch_dag
[2024-12-14 15:51:56,169] {logging_mixin.py:115} INFO - [2024-12-14 15:51:56,169] {dag.py:2927} INFO - Setting next_dagrun for example_nested_branch_dag to 2024-12-13T00:00:00+00:00, run_after=2024-12-14T00:00:00+00:00
[2024-12-14 15:51:56,191] {processor.py:161} INFO - Processing /home/dev/curso/ambientevirtual/lib/python3.9/site-packages/airflow/example_dags/example_nested_branch_dag.py took 0.173 seconds
[2024-12-14 15:52:32,966] {processor.py:153} INFO - Started process (PID=48372) to work on /home/dev/curso/ambientevirtual/lib/python3.9/site-packages/airflow/example_dags/example_nested_branch_dag.py
[2024-12-14 15:52:32,968] {processor.py:641} INFO - Processing file /home/dev/curso/ambientevirtual/lib/python3.9/site-packages/airflow/example_dags/example_nested_branch_dag.py for tasks to queue
[2024-12-14 15:52:32,969] {logging_mixin.py:115} INFO - [2024-12-14 15:52:32,969] {dagbag.py:507} INFO - Filling up the DagBag from /home/dev/curso/ambientevirtual/lib/python3.9/site-packages/airflow/example_dags/example_nested_branch_dag.py
[2024-12-14 15:52:32,990] {processor.py:651} INFO - DAG(s) dict_keys(['example_nested_branch_dag']) retrieved from /home/dev/curso/ambientevirtual/lib/python3.9/site-packages/airflow/example_dags/example_nested_branch_dag.py
[2024-12-14 15:52:33,012] {logging_mixin.py:115} INFO - [2024-12-14 15:52:33,012] {dag.py:2379} INFO - Sync 1 DAGs
[2024-12-14 15:52:33,034] {logging_mixin.py:115} INFO - [2024-12-14 15:52:33,033] {dag.py:2927} INFO - Setting next_dagrun for example_nested_branch_dag to 2024-12-13T00:00:00+00:00, run_after=2024-12-14T00:00:00+00:00
[2024-12-14 15:52:33,050] {processor.py:161} INFO - Processing /home/dev/curso/ambientevirtual/lib/python3.9/site-packages/airflow/example_dags/example_nested_branch_dag.py took 0.091 seconds
[2024-12-14 15:53:12,618] {processor.py:153} INFO - Started process (PID=48517) to work on /home/dev/curso/ambientevirtual/lib/python3.9/site-packages/airflow/example_dags/example_nested_branch_dag.py
[2024-12-14 15:53:12,620] {processor.py:641} INFO - Processing file /home/dev/curso/ambientevirtual/lib/python3.9/site-packages/airflow/example_dags/example_nested_branch_dag.py for tasks to queue
[2024-12-14 15:53:12,622] {logging_mixin.py:115} INFO - [2024-12-14 15:53:12,621] {dagbag.py:507} INFO - Filling up the DagBag from /home/dev/curso/ambientevirtual/lib/python3.9/site-packages/airflow/example_dags/example_nested_branch_dag.py
[2024-12-14 15:53:12,645] {processor.py:651} INFO - DAG(s) dict_keys(['example_nested_branch_dag']) retrieved from /home/dev/curso/ambientevirtual/lib/python3.9/site-packages/airflow/example_dags/example_nested_branch_dag.py
[2024-12-14 15:53:12,670] {logging_mixin.py:115} INFO - [2024-12-14 15:53:12,670] {dag.py:2379} INFO - Sync 1 DAGs
[2024-12-14 15:53:12,692] {logging_mixin.py:115} INFO - [2024-12-14 15:53:12,692] {dag.py:2927} INFO - Setting next_dagrun for example_nested_branch_dag to 2024-12-13T00:00:00+00:00, run_after=2024-12-14T00:00:00+00:00
[2024-12-14 15:53:12,711] {processor.py:161} INFO - Processing /home/dev/curso/ambientevirtual/lib/python3.9/site-packages/airflow/example_dags/example_nested_branch_dag.py took 0.099 seconds
[2024-12-14 15:53:50,708] {processor.py:153} INFO - Started process (PID=48655) to work on /home/dev/curso/ambientevirtual/lib/python3.9/site-packages/airflow/example_dags/example_nested_branch_dag.py
[2024-12-14 15:53:50,710] {processor.py:641} INFO - Processing file /home/dev/curso/ambientevirtual/lib/python3.9/site-packages/airflow/example_dags/example_nested_branch_dag.py for tasks to queue
[2024-12-14 15:53:50,711] {logging_mixin.py:115} INFO - [2024-12-14 15:53:50,711] {dagbag.py:507} INFO - Filling up the DagBag from /home/dev/curso/ambientevirtual/lib/python3.9/site-packages/airflow/example_dags/example_nested_branch_dag.py
[2024-12-14 15:53:50,726] {processor.py:651} INFO - DAG(s) dict_keys(['example_nested_branch_dag']) retrieved from /home/dev/curso/ambientevirtual/lib/python3.9/site-packages/airflow/example_dags/example_nested_branch_dag.py
[2024-12-14 15:53:50,748] {logging_mixin.py:115} INFO - [2024-12-14 15:53:50,748] {dag.py:2379} INFO - Sync 1 DAGs
[2024-12-14 15:53:50,770] {logging_mixin.py:115} INFO - [2024-12-14 15:53:50,770] {dag.py:2927} INFO - Setting next_dagrun for example_nested_branch_dag to 2024-12-13T00:00:00+00:00, run_after=2024-12-14T00:00:00+00:00
[2024-12-14 15:53:50,788] {processor.py:161} INFO - Processing /home/dev/curso/ambientevirtual/lib/python3.9/site-packages/airflow/example_dags/example_nested_branch_dag.py took 0.088 seconds
[2024-12-14 15:54:28,537] {processor.py:153} INFO - Started process (PID=48785) to work on /home/dev/curso/ambientevirtual/lib/python3.9/site-packages/airflow/example_dags/example_nested_branch_dag.py
[2024-12-14 15:54:28,538] {processor.py:641} INFO - Processing file /home/dev/curso/ambientevirtual/lib/python3.9/site-packages/airflow/example_dags/example_nested_branch_dag.py for tasks to queue
[2024-12-14 15:54:28,539] {logging_mixin.py:115} INFO - [2024-12-14 15:54:28,539] {dagbag.py:507} INFO - Filling up the DagBag from /home/dev/curso/ambientevirtual/lib/python3.9/site-packages/airflow/example_dags/example_nested_branch_dag.py
[2024-12-14 15:54:28,556] {processor.py:651} INFO - DAG(s) dict_keys(['example_nested_branch_dag']) retrieved from /home/dev/curso/ambientevirtual/lib/python3.9/site-packages/airflow/example_dags/example_nested_branch_dag.py
[2024-12-14 15:54:28,575] {logging_mixin.py:115} INFO - [2024-12-14 15:54:28,575] {dag.py:2379} INFO - Sync 1 DAGs
[2024-12-14 15:54:28,596] {logging_mixin.py:115} INFO - [2024-12-14 15:54:28,596] {dag.py:2927} INFO - Setting next_dagrun for example_nested_branch_dag to 2024-12-13T00:00:00+00:00, run_after=2024-12-14T00:00:00+00:00
[2024-12-14 15:54:28,613] {processor.py:161} INFO - Processing /home/dev/curso/ambientevirtual/lib/python3.9/site-packages/airflow/example_dags/example_nested_branch_dag.py took 0.082 seconds
[2024-12-14 15:55:09,052] {processor.py:153} INFO - Started process (PID=48934) to work on /home/dev/curso/ambientevirtual/lib/python3.9/site-packages/airflow/example_dags/example_nested_branch_dag.py
[2024-12-14 15:55:09,053] {processor.py:641} INFO - Processing file /home/dev/curso/ambientevirtual/lib/python3.9/site-packages/airflow/example_dags/example_nested_branch_dag.py for tasks to queue
[2024-12-14 15:55:09,054] {logging_mixin.py:115} INFO - [2024-12-14 15:55:09,054] {dagbag.py:507} INFO - Filling up the DagBag from /home/dev/curso/ambientevirtual/lib/python3.9/site-packages/airflow/example_dags/example_nested_branch_dag.py
[2024-12-14 15:55:09,067] {processor.py:651} INFO - DAG(s) dict_keys(['example_nested_branch_dag']) retrieved from /home/dev/curso/ambientevirtual/lib/python3.9/site-packages/airflow/example_dags/example_nested_branch_dag.py
[2024-12-14 15:55:09,088] {logging_mixin.py:115} INFO - [2024-12-14 15:55:09,088] {dag.py:2379} INFO - Sync 1 DAGs
[2024-12-14 15:55:09,110] {logging_mixin.py:115} INFO - [2024-12-14 15:55:09,110] {dag.py:2927} INFO - Setting next_dagrun for example_nested_branch_dag to 2024-12-13T00:00:00+00:00, run_after=2024-12-14T00:00:00+00:00
[2024-12-14 15:55:09,128] {processor.py:161} INFO - Processing /home/dev/curso/ambientevirtual/lib/python3.9/site-packages/airflow/example_dags/example_nested_branch_dag.py took 0.080 seconds
[2024-12-14 15:55:47,442] {processor.py:153} INFO - Started process (PID=49076) to work on /home/dev/curso/ambientevirtual/lib/python3.9/site-packages/airflow/example_dags/example_nested_branch_dag.py
[2024-12-14 15:55:47,443] {processor.py:641} INFO - Processing file /home/dev/curso/ambientevirtual/lib/python3.9/site-packages/airflow/example_dags/example_nested_branch_dag.py for tasks to queue
[2024-12-14 15:55:47,444] {logging_mixin.py:115} INFO - [2024-12-14 15:55:47,443] {dagbag.py:507} INFO - Filling up the DagBag from /home/dev/curso/ambientevirtual/lib/python3.9/site-packages/airflow/example_dags/example_nested_branch_dag.py
[2024-12-14 15:55:47,455] {processor.py:651} INFO - DAG(s) dict_keys(['example_nested_branch_dag']) retrieved from /home/dev/curso/ambientevirtual/lib/python3.9/site-packages/airflow/example_dags/example_nested_branch_dag.py
[2024-12-14 15:55:47,476] {logging_mixin.py:115} INFO - [2024-12-14 15:55:47,476] {dag.py:2379} INFO - Sync 1 DAGs
[2024-12-14 15:55:47,497] {logging_mixin.py:115} INFO - [2024-12-14 15:55:47,496] {dag.py:2927} INFO - Setting next_dagrun for example_nested_branch_dag to 2024-12-13T00:00:00+00:00, run_after=2024-12-14T00:00:00+00:00
[2024-12-14 15:55:47,515] {processor.py:161} INFO - Processing /home/dev/curso/ambientevirtual/lib/python3.9/site-packages/airflow/example_dags/example_nested_branch_dag.py took 0.077 seconds
[2024-12-14 15:56:24,967] {processor.py:153} INFO - Started process (PID=49214) to work on /home/dev/curso/ambientevirtual/lib/python3.9/site-packages/airflow/example_dags/example_nested_branch_dag.py
[2024-12-14 15:56:24,968] {processor.py:641} INFO - Processing file /home/dev/curso/ambientevirtual/lib/python3.9/site-packages/airflow/example_dags/example_nested_branch_dag.py for tasks to queue
[2024-12-14 15:56:24,968] {logging_mixin.py:115} INFO - [2024-12-14 15:56:24,968] {dagbag.py:507} INFO - Filling up the DagBag from /home/dev/curso/ambientevirtual/lib/python3.9/site-packages/airflow/example_dags/example_nested_branch_dag.py
[2024-12-14 15:56:24,984] {processor.py:651} INFO - DAG(s) dict_keys(['example_nested_branch_dag']) retrieved from /home/dev/curso/ambientevirtual/lib/python3.9/site-packages/airflow/example_dags/example_nested_branch_dag.py
[2024-12-14 15:56:25,004] {logging_mixin.py:115} INFO - [2024-12-14 15:56:25,004] {dag.py:2379} INFO - Sync 1 DAGs
[2024-12-14 15:56:25,030] {logging_mixin.py:115} INFO - [2024-12-14 15:56:25,030] {dag.py:2927} INFO - Setting next_dagrun for example_nested_branch_dag to 2024-12-13T00:00:00+00:00, run_after=2024-12-14T00:00:00+00:00
[2024-12-14 15:56:25,050] {processor.py:161} INFO - Processing /home/dev/curso/ambientevirtual/lib/python3.9/site-packages/airflow/example_dags/example_nested_branch_dag.py took 0.087 seconds
[2024-12-14 15:57:02,040] {processor.py:153} INFO - Started process (PID=49409) to work on /home/dev/curso/ambientevirtual/lib/python3.9/site-packages/airflow/example_dags/example_nested_branch_dag.py
[2024-12-14 15:57:02,042] {processor.py:641} INFO - Processing file /home/dev/curso/ambientevirtual/lib/python3.9/site-packages/airflow/example_dags/example_nested_branch_dag.py for tasks to queue
[2024-12-14 15:57:02,044] {logging_mixin.py:115} INFO - [2024-12-14 15:57:02,043] {dagbag.py:507} INFO - Filling up the DagBag from /home/dev/curso/ambientevirtual/lib/python3.9/site-packages/airflow/example_dags/example_nested_branch_dag.py
[2024-12-14 15:57:02,060] {processor.py:651} INFO - DAG(s) dict_keys(['example_nested_branch_dag']) retrieved from /home/dev/curso/ambientevirtual/lib/python3.9/site-packages/airflow/example_dags/example_nested_branch_dag.py
[2024-12-14 15:57:02,081] {logging_mixin.py:115} INFO - [2024-12-14 15:57:02,081] {dag.py:2379} INFO - Sync 1 DAGs
[2024-12-14 15:57:02,108] {logging_mixin.py:115} INFO - [2024-12-14 15:57:02,108] {dag.py:2927} INFO - Setting next_dagrun for example_nested_branch_dag to 2024-12-13T00:00:00+00:00, run_after=2024-12-14T00:00:00+00:00
[2024-12-14 15:57:02,131] {processor.py:161} INFO - Processing /home/dev/curso/ambientevirtual/lib/python3.9/site-packages/airflow/example_dags/example_nested_branch_dag.py took 0.098 seconds
[2024-12-14 15:57:39,655] {processor.py:153} INFO - Started process (PID=49545) to work on /home/dev/curso/ambientevirtual/lib/python3.9/site-packages/airflow/example_dags/example_nested_branch_dag.py
[2024-12-14 15:57:39,657] {processor.py:641} INFO - Processing file /home/dev/curso/ambientevirtual/lib/python3.9/site-packages/airflow/example_dags/example_nested_branch_dag.py for tasks to queue
[2024-12-14 15:57:39,658] {logging_mixin.py:115} INFO - [2024-12-14 15:57:39,658] {dagbag.py:507} INFO - Filling up the DagBag from /home/dev/curso/ambientevirtual/lib/python3.9/site-packages/airflow/example_dags/example_nested_branch_dag.py
[2024-12-14 15:57:39,670] {processor.py:651} INFO - DAG(s) dict_keys(['example_nested_branch_dag']) retrieved from /home/dev/curso/ambientevirtual/lib/python3.9/site-packages/airflow/example_dags/example_nested_branch_dag.py
[2024-12-14 15:57:39,694] {logging_mixin.py:115} INFO - [2024-12-14 15:57:39,694] {dag.py:2379} INFO - Sync 1 DAGs
[2024-12-14 15:57:39,721] {logging_mixin.py:115} INFO - [2024-12-14 15:57:39,720] {dag.py:2927} INFO - Setting next_dagrun for example_nested_branch_dag to 2024-12-13T00:00:00+00:00, run_after=2024-12-14T00:00:00+00:00
[2024-12-14 15:57:39,742] {processor.py:161} INFO - Processing /home/dev/curso/ambientevirtual/lib/python3.9/site-packages/airflow/example_dags/example_nested_branch_dag.py took 0.093 seconds
[2024-12-14 15:58:20,332] {processor.py:153} INFO - Started process (PID=49691) to work on /home/dev/curso/ambientevirtual/lib/python3.9/site-packages/airflow/example_dags/example_nested_branch_dag.py
[2024-12-14 15:58:20,333] {processor.py:641} INFO - Processing file /home/dev/curso/ambientevirtual/lib/python3.9/site-packages/airflow/example_dags/example_nested_branch_dag.py for tasks to queue
[2024-12-14 15:58:20,334] {logging_mixin.py:115} INFO - [2024-12-14 15:58:20,334] {dagbag.py:507} INFO - Filling up the DagBag from /home/dev/curso/ambientevirtual/lib/python3.9/site-packages/airflow/example_dags/example_nested_branch_dag.py
[2024-12-14 15:58:20,351] {processor.py:651} INFO - DAG(s) dict_keys(['example_nested_branch_dag']) retrieved from /home/dev/curso/ambientevirtual/lib/python3.9/site-packages/airflow/example_dags/example_nested_branch_dag.py
[2024-12-14 15:58:20,378] {logging_mixin.py:115} INFO - [2024-12-14 15:58:20,377] {dag.py:2379} INFO - Sync 1 DAGs
[2024-12-14 15:58:20,409] {logging_mixin.py:115} INFO - [2024-12-14 15:58:20,409] {dag.py:2927} INFO - Setting next_dagrun for example_nested_branch_dag to 2024-12-13T00:00:00+00:00, run_after=2024-12-14T00:00:00+00:00
[2024-12-14 15:58:20,432] {processor.py:161} INFO - Processing /home/dev/curso/ambientevirtual/lib/python3.9/site-packages/airflow/example_dags/example_nested_branch_dag.py took 0.106 seconds
[2024-12-14 15:58:58,540] {processor.py:153} INFO - Started process (PID=49836) to work on /home/dev/curso/ambientevirtual/lib/python3.9/site-packages/airflow/example_dags/example_nested_branch_dag.py
[2024-12-14 15:58:58,541] {processor.py:641} INFO - Processing file /home/dev/curso/ambientevirtual/lib/python3.9/site-packages/airflow/example_dags/example_nested_branch_dag.py for tasks to queue
[2024-12-14 15:58:58,542] {logging_mixin.py:115} INFO - [2024-12-14 15:58:58,542] {dagbag.py:507} INFO - Filling up the DagBag from /home/dev/curso/ambientevirtual/lib/python3.9/site-packages/airflow/example_dags/example_nested_branch_dag.py
[2024-12-14 15:58:58,555] {processor.py:651} INFO - DAG(s) dict_keys(['example_nested_branch_dag']) retrieved from /home/dev/curso/ambientevirtual/lib/python3.9/site-packages/airflow/example_dags/example_nested_branch_dag.py
[2024-12-14 15:58:58,577] {logging_mixin.py:115} INFO - [2024-12-14 15:58:58,576] {dag.py:2379} INFO - Sync 1 DAGs
[2024-12-14 15:58:58,598] {logging_mixin.py:115} INFO - [2024-12-14 15:58:58,598] {dag.py:2927} INFO - Setting next_dagrun for example_nested_branch_dag to 2024-12-13T00:00:00+00:00, run_after=2024-12-14T00:00:00+00:00
[2024-12-14 15:58:58,614] {processor.py:161} INFO - Processing /home/dev/curso/ambientevirtual/lib/python3.9/site-packages/airflow/example_dags/example_nested_branch_dag.py took 0.081 seconds
[2024-12-14 15:59:36,951] {processor.py:153} INFO - Started process (PID=49969) to work on /home/dev/curso/ambientevirtual/lib/python3.9/site-packages/airflow/example_dags/example_nested_branch_dag.py
[2024-12-14 15:59:36,952] {processor.py:641} INFO - Processing file /home/dev/curso/ambientevirtual/lib/python3.9/site-packages/airflow/example_dags/example_nested_branch_dag.py for tasks to queue
[2024-12-14 15:59:36,953] {logging_mixin.py:115} INFO - [2024-12-14 15:59:36,952] {dagbag.py:507} INFO - Filling up the DagBag from /home/dev/curso/ambientevirtual/lib/python3.9/site-packages/airflow/example_dags/example_nested_branch_dag.py
[2024-12-14 15:59:36,964] {processor.py:651} INFO - DAG(s) dict_keys(['example_nested_branch_dag']) retrieved from /home/dev/curso/ambientevirtual/lib/python3.9/site-packages/airflow/example_dags/example_nested_branch_dag.py
[2024-12-14 15:59:36,986] {logging_mixin.py:115} INFO - [2024-12-14 15:59:36,986] {dag.py:2379} INFO - Sync 1 DAGs
[2024-12-14 15:59:37,007] {logging_mixin.py:115} INFO - [2024-12-14 15:59:37,007] {dag.py:2927} INFO - Setting next_dagrun for example_nested_branch_dag to 2024-12-13T00:00:00+00:00, run_after=2024-12-14T00:00:00+00:00
[2024-12-14 15:59:37,023] {processor.py:161} INFO - Processing /home/dev/curso/ambientevirtual/lib/python3.9/site-packages/airflow/example_dags/example_nested_branch_dag.py took 0.076 seconds
[2024-12-14 16:00:17,833] {processor.py:153} INFO - Started process (PID=50119) to work on /home/dev/curso/ambientevirtual/lib/python3.9/site-packages/airflow/example_dags/example_nested_branch_dag.py
[2024-12-14 16:00:17,835] {processor.py:641} INFO - Processing file /home/dev/curso/ambientevirtual/lib/python3.9/site-packages/airflow/example_dags/example_nested_branch_dag.py for tasks to queue
[2024-12-14 16:00:17,836] {logging_mixin.py:115} INFO - [2024-12-14 16:00:17,836] {dagbag.py:507} INFO - Filling up the DagBag from /home/dev/curso/ambientevirtual/lib/python3.9/site-packages/airflow/example_dags/example_nested_branch_dag.py
[2024-12-14 16:00:17,852] {processor.py:651} INFO - DAG(s) dict_keys(['example_nested_branch_dag']) retrieved from /home/dev/curso/ambientevirtual/lib/python3.9/site-packages/airflow/example_dags/example_nested_branch_dag.py
[2024-12-14 16:00:17,872] {logging_mixin.py:115} INFO - [2024-12-14 16:00:17,872] {dag.py:2379} INFO - Sync 1 DAGs
[2024-12-14 16:00:17,893] {logging_mixin.py:115} INFO - [2024-12-14 16:00:17,893] {dag.py:2927} INFO - Setting next_dagrun for example_nested_branch_dag to 2024-12-13T00:00:00+00:00, run_after=2024-12-14T00:00:00+00:00
[2024-12-14 16:00:17,910] {processor.py:161} INFO - Processing /home/dev/curso/ambientevirtual/lib/python3.9/site-packages/airflow/example_dags/example_nested_branch_dag.py took 0.084 seconds
[2024-12-14 16:01:00,034] {processor.py:153} INFO - Started process (PID=50389) to work on /home/dev/curso/ambientevirtual/lib/python3.9/site-packages/airflow/example_dags/example_nested_branch_dag.py
[2024-12-14 16:01:00,036] {processor.py:641} INFO - Processing file /home/dev/curso/ambientevirtual/lib/python3.9/site-packages/airflow/example_dags/example_nested_branch_dag.py for tasks to queue
[2024-12-14 16:01:00,037] {logging_mixin.py:115} INFO - [2024-12-14 16:01:00,036] {dagbag.py:507} INFO - Filling up the DagBag from /home/dev/curso/ambientevirtual/lib/python3.9/site-packages/airflow/example_dags/example_nested_branch_dag.py
[2024-12-14 16:01:00,049] {processor.py:651} INFO - DAG(s) dict_keys(['example_nested_branch_dag']) retrieved from /home/dev/curso/ambientevirtual/lib/python3.9/site-packages/airflow/example_dags/example_nested_branch_dag.py
[2024-12-14 16:01:00,075] {logging_mixin.py:115} INFO - [2024-12-14 16:01:00,075] {dag.py:2379} INFO - Sync 1 DAGs
[2024-12-14 16:01:00,104] {logging_mixin.py:115} INFO - [2024-12-14 16:01:00,104] {dag.py:2927} INFO - Setting next_dagrun for example_nested_branch_dag to 2024-12-13T00:00:00+00:00, run_after=2024-12-14T00:00:00+00:00
[2024-12-14 16:01:00,125] {processor.py:161} INFO - Processing /home/dev/curso/ambientevirtual/lib/python3.9/site-packages/airflow/example_dags/example_nested_branch_dag.py took 0.097 seconds
[2024-12-14 16:01:38,353] {processor.py:153} INFO - Started process (PID=50590) to work on /home/dev/curso/ambientevirtual/lib/python3.9/site-packages/airflow/example_dags/example_nested_branch_dag.py
[2024-12-14 16:01:38,355] {processor.py:641} INFO - Processing file /home/dev/curso/ambientevirtual/lib/python3.9/site-packages/airflow/example_dags/example_nested_branch_dag.py for tasks to queue
[2024-12-14 16:01:38,355] {logging_mixin.py:115} INFO - [2024-12-14 16:01:38,355] {dagbag.py:507} INFO - Filling up the DagBag from /home/dev/curso/ambientevirtual/lib/python3.9/site-packages/airflow/example_dags/example_nested_branch_dag.py
[2024-12-14 16:01:38,371] {processor.py:651} INFO - DAG(s) dict_keys(['example_nested_branch_dag']) retrieved from /home/dev/curso/ambientevirtual/lib/python3.9/site-packages/airflow/example_dags/example_nested_branch_dag.py
[2024-12-14 16:01:38,395] {logging_mixin.py:115} INFO - [2024-12-14 16:01:38,395] {dag.py:2379} INFO - Sync 1 DAGs
[2024-12-14 16:01:38,421] {logging_mixin.py:115} INFO - [2024-12-14 16:01:38,421] {dag.py:2927} INFO - Setting next_dagrun for example_nested_branch_dag to 2024-12-13T00:00:00+00:00, run_after=2024-12-14T00:00:00+00:00
[2024-12-14 16:01:38,444] {processor.py:161} INFO - Processing /home/dev/curso/ambientevirtual/lib/python3.9/site-packages/airflow/example_dags/example_nested_branch_dag.py took 0.095 seconds
[2024-12-14 16:02:16,763] {processor.py:153} INFO - Started process (PID=50787) to work on /home/dev/curso/ambientevirtual/lib/python3.9/site-packages/airflow/example_dags/example_nested_branch_dag.py
[2024-12-14 16:02:16,765] {processor.py:641} INFO - Processing file /home/dev/curso/ambientevirtual/lib/python3.9/site-packages/airflow/example_dags/example_nested_branch_dag.py for tasks to queue
[2024-12-14 16:02:16,766] {logging_mixin.py:115} INFO - [2024-12-14 16:02:16,766] {dagbag.py:507} INFO - Filling up the DagBag from /home/dev/curso/ambientevirtual/lib/python3.9/site-packages/airflow/example_dags/example_nested_branch_dag.py
[2024-12-14 16:02:16,785] {processor.py:651} INFO - DAG(s) dict_keys(['example_nested_branch_dag']) retrieved from /home/dev/curso/ambientevirtual/lib/python3.9/site-packages/airflow/example_dags/example_nested_branch_dag.py
[2024-12-14 16:02:16,807] {logging_mixin.py:115} INFO - [2024-12-14 16:02:16,807] {dag.py:2379} INFO - Sync 1 DAGs
[2024-12-14 16:02:16,837] {logging_mixin.py:115} INFO - [2024-12-14 16:02:16,837] {dag.py:2927} INFO - Setting next_dagrun for example_nested_branch_dag to 2024-12-13T00:00:00+00:00, run_after=2024-12-14T00:00:00+00:00
[2024-12-14 16:02:16,857] {processor.py:161} INFO - Processing /home/dev/curso/ambientevirtual/lib/python3.9/site-packages/airflow/example_dags/example_nested_branch_dag.py took 0.101 seconds
[2024-12-14 16:02:52,343] {processor.py:153} INFO - Started process (PID=50918) to work on /home/dev/curso/ambientevirtual/lib/python3.9/site-packages/airflow/example_dags/example_nested_branch_dag.py
[2024-12-14 16:02:52,344] {processor.py:641} INFO - Processing file /home/dev/curso/ambientevirtual/lib/python3.9/site-packages/airflow/example_dags/example_nested_branch_dag.py for tasks to queue
[2024-12-14 16:02:52,345] {logging_mixin.py:115} INFO - [2024-12-14 16:02:52,345] {dagbag.py:507} INFO - Filling up the DagBag from /home/dev/curso/ambientevirtual/lib/python3.9/site-packages/airflow/example_dags/example_nested_branch_dag.py
[2024-12-14 16:02:52,361] {processor.py:651} INFO - DAG(s) dict_keys(['example_nested_branch_dag']) retrieved from /home/dev/curso/ambientevirtual/lib/python3.9/site-packages/airflow/example_dags/example_nested_branch_dag.py
[2024-12-14 16:02:52,387] {logging_mixin.py:115} INFO - [2024-12-14 16:02:52,387] {dag.py:2379} INFO - Sync 1 DAGs
[2024-12-14 16:02:52,419] {logging_mixin.py:115} INFO - [2024-12-14 16:02:52,419] {dag.py:2927} INFO - Setting next_dagrun for example_nested_branch_dag to 2024-12-13T00:00:00+00:00, run_after=2024-12-14T00:00:00+00:00
[2024-12-14 16:02:52,436] {processor.py:161} INFO - Processing /home/dev/curso/ambientevirtual/lib/python3.9/site-packages/airflow/example_dags/example_nested_branch_dag.py took 0.097 seconds
[2024-12-14 16:03:28,202] {processor.py:153} INFO - Started process (PID=51055) to work on /home/dev/curso/ambientevirtual/lib/python3.9/site-packages/airflow/example_dags/example_nested_branch_dag.py
[2024-12-14 16:03:28,203] {processor.py:641} INFO - Processing file /home/dev/curso/ambientevirtual/lib/python3.9/site-packages/airflow/example_dags/example_nested_branch_dag.py for tasks to queue
[2024-12-14 16:03:28,204] {logging_mixin.py:115} INFO - [2024-12-14 16:03:28,204] {dagbag.py:507} INFO - Filling up the DagBag from /home/dev/curso/ambientevirtual/lib/python3.9/site-packages/airflow/example_dags/example_nested_branch_dag.py
[2024-12-14 16:03:28,216] {processor.py:651} INFO - DAG(s) dict_keys(['example_nested_branch_dag']) retrieved from /home/dev/curso/ambientevirtual/lib/python3.9/site-packages/airflow/example_dags/example_nested_branch_dag.py
[2024-12-14 16:03:28,237] {logging_mixin.py:115} INFO - [2024-12-14 16:03:28,237] {dag.py:2379} INFO - Sync 1 DAGs
[2024-12-14 16:03:28,259] {logging_mixin.py:115} INFO - [2024-12-14 16:03:28,259] {dag.py:2927} INFO - Setting next_dagrun for example_nested_branch_dag to 2024-12-13T00:00:00+00:00, run_after=2024-12-14T00:00:00+00:00
[2024-12-14 16:03:28,276] {processor.py:161} INFO - Processing /home/dev/curso/ambientevirtual/lib/python3.9/site-packages/airflow/example_dags/example_nested_branch_dag.py took 0.078 seconds
[2024-12-14 16:04:05,951] {processor.py:153} INFO - Started process (PID=51192) to work on /home/dev/curso/ambientevirtual/lib/python3.9/site-packages/airflow/example_dags/example_nested_branch_dag.py
[2024-12-14 16:04:05,952] {processor.py:641} INFO - Processing file /home/dev/curso/ambientevirtual/lib/python3.9/site-packages/airflow/example_dags/example_nested_branch_dag.py for tasks to queue
[2024-12-14 16:04:05,953] {logging_mixin.py:115} INFO - [2024-12-14 16:04:05,953] {dagbag.py:507} INFO - Filling up the DagBag from /home/dev/curso/ambientevirtual/lib/python3.9/site-packages/airflow/example_dags/example_nested_branch_dag.py
[2024-12-14 16:04:05,965] {processor.py:651} INFO - DAG(s) dict_keys(['example_nested_branch_dag']) retrieved from /home/dev/curso/ambientevirtual/lib/python3.9/site-packages/airflow/example_dags/example_nested_branch_dag.py
[2024-12-14 16:04:05,986] {logging_mixin.py:115} INFO - [2024-12-14 16:04:05,986] {dag.py:2379} INFO - Sync 1 DAGs
[2024-12-14 16:04:06,009] {logging_mixin.py:115} INFO - [2024-12-14 16:04:06,009] {dag.py:2927} INFO - Setting next_dagrun for example_nested_branch_dag to 2024-12-13T00:00:00+00:00, run_after=2024-12-14T00:00:00+00:00
[2024-12-14 16:04:06,026] {processor.py:161} INFO - Processing /home/dev/curso/ambientevirtual/lib/python3.9/site-packages/airflow/example_dags/example_nested_branch_dag.py took 0.078 seconds
[2024-12-14 16:04:41,514] {processor.py:153} INFO - Started process (PID=51321) to work on /home/dev/curso/ambientevirtual/lib/python3.9/site-packages/airflow/example_dags/example_nested_branch_dag.py
[2024-12-14 16:04:41,516] {processor.py:641} INFO - Processing file /home/dev/curso/ambientevirtual/lib/python3.9/site-packages/airflow/example_dags/example_nested_branch_dag.py for tasks to queue
[2024-12-14 16:04:41,517] {logging_mixin.py:115} INFO - [2024-12-14 16:04:41,517] {dagbag.py:507} INFO - Filling up the DagBag from /home/dev/curso/ambientevirtual/lib/python3.9/site-packages/airflow/example_dags/example_nested_branch_dag.py
[2024-12-14 16:04:41,531] {processor.py:651} INFO - DAG(s) dict_keys(['example_nested_branch_dag']) retrieved from /home/dev/curso/ambientevirtual/lib/python3.9/site-packages/airflow/example_dags/example_nested_branch_dag.py
[2024-12-14 16:04:41,554] {logging_mixin.py:115} INFO - [2024-12-14 16:04:41,554] {dag.py:2379} INFO - Sync 1 DAGs
[2024-12-14 16:04:41,578] {logging_mixin.py:115} INFO - [2024-12-14 16:04:41,578] {dag.py:2927} INFO - Setting next_dagrun for example_nested_branch_dag to 2024-12-13T00:00:00+00:00, run_after=2024-12-14T00:00:00+00:00
[2024-12-14 16:04:41,597] {processor.py:161} INFO - Processing /home/dev/curso/ambientevirtual/lib/python3.9/site-packages/airflow/example_dags/example_nested_branch_dag.py took 0.089 seconds
[2024-12-14 16:05:19,767] {processor.py:153} INFO - Started process (PID=51451) to work on /home/dev/curso/ambientevirtual/lib/python3.9/site-packages/airflow/example_dags/example_nested_branch_dag.py
[2024-12-14 16:05:19,769] {processor.py:641} INFO - Processing file /home/dev/curso/ambientevirtual/lib/python3.9/site-packages/airflow/example_dags/example_nested_branch_dag.py for tasks to queue
[2024-12-14 16:05:19,770] {logging_mixin.py:115} INFO - [2024-12-14 16:05:19,770] {dagbag.py:507} INFO - Filling up the DagBag from /home/dev/curso/ambientevirtual/lib/python3.9/site-packages/airflow/example_dags/example_nested_branch_dag.py
[2024-12-14 16:05:19,792] {processor.py:651} INFO - DAG(s) dict_keys(['example_nested_branch_dag']) retrieved from /home/dev/curso/ambientevirtual/lib/python3.9/site-packages/airflow/example_dags/example_nested_branch_dag.py
[2024-12-14 16:05:19,815] {logging_mixin.py:115} INFO - [2024-12-14 16:05:19,815] {dag.py:2379} INFO - Sync 1 DAGs
[2024-12-14 16:05:19,838] {logging_mixin.py:115} INFO - [2024-12-14 16:05:19,838] {dag.py:2927} INFO - Setting next_dagrun for example_nested_branch_dag to 2024-12-13T00:00:00+00:00, run_after=2024-12-14T00:00:00+00:00
[2024-12-14 16:05:19,854] {processor.py:161} INFO - Processing /home/dev/curso/ambientevirtual/lib/python3.9/site-packages/airflow/example_dags/example_nested_branch_dag.py took 0.095 seconds
[2024-12-14 16:05:58,620] {processor.py:153} INFO - Started process (PID=51596) to work on /home/dev/curso/ambientevirtual/lib/python3.9/site-packages/airflow/example_dags/example_nested_branch_dag.py
[2024-12-14 16:05:58,622] {processor.py:641} INFO - Processing file /home/dev/curso/ambientevirtual/lib/python3.9/site-packages/airflow/example_dags/example_nested_branch_dag.py for tasks to queue
[2024-12-14 16:05:58,623] {logging_mixin.py:115} INFO - [2024-12-14 16:05:58,623] {dagbag.py:507} INFO - Filling up the DagBag from /home/dev/curso/ambientevirtual/lib/python3.9/site-packages/airflow/example_dags/example_nested_branch_dag.py
[2024-12-14 16:05:58,637] {processor.py:651} INFO - DAG(s) dict_keys(['example_nested_branch_dag']) retrieved from /home/dev/curso/ambientevirtual/lib/python3.9/site-packages/airflow/example_dags/example_nested_branch_dag.py
[2024-12-14 16:05:58,658] {logging_mixin.py:115} INFO - [2024-12-14 16:05:58,658] {dag.py:2379} INFO - Sync 1 DAGs
[2024-12-14 16:05:58,681] {logging_mixin.py:115} INFO - [2024-12-14 16:05:58,681] {dag.py:2927} INFO - Setting next_dagrun for example_nested_branch_dag to 2024-12-13T00:00:00+00:00, run_after=2024-12-14T00:00:00+00:00
[2024-12-14 16:05:58,699] {processor.py:161} INFO - Processing /home/dev/curso/ambientevirtual/lib/python3.9/site-packages/airflow/example_dags/example_nested_branch_dag.py took 0.083 seconds
[2024-12-14 16:06:37,260] {processor.py:153} INFO - Started process (PID=51794) to work on /home/dev/curso/ambientevirtual/lib/python3.9/site-packages/airflow/example_dags/example_nested_branch_dag.py
[2024-12-14 16:06:37,261] {processor.py:641} INFO - Processing file /home/dev/curso/ambientevirtual/lib/python3.9/site-packages/airflow/example_dags/example_nested_branch_dag.py for tasks to queue
[2024-12-14 16:06:37,262] {logging_mixin.py:115} INFO - [2024-12-14 16:06:37,262] {dagbag.py:507} INFO - Filling up the DagBag from /home/dev/curso/ambientevirtual/lib/python3.9/site-packages/airflow/example_dags/example_nested_branch_dag.py
[2024-12-14 16:06:37,283] {processor.py:651} INFO - DAG(s) dict_keys(['example_nested_branch_dag']) retrieved from /home/dev/curso/ambientevirtual/lib/python3.9/site-packages/airflow/example_dags/example_nested_branch_dag.py
[2024-12-14 16:06:37,306] {logging_mixin.py:115} INFO - [2024-12-14 16:06:37,306] {dag.py:2379} INFO - Sync 1 DAGs
[2024-12-14 16:06:37,333] {logging_mixin.py:115} INFO - [2024-12-14 16:06:37,333] {dag.py:2927} INFO - Setting next_dagrun for example_nested_branch_dag to 2024-12-13T00:00:00+00:00, run_after=2024-12-14T00:00:00+00:00
[2024-12-14 16:06:37,355] {processor.py:161} INFO - Processing /home/dev/curso/ambientevirtual/lib/python3.9/site-packages/airflow/example_dags/example_nested_branch_dag.py took 0.102 seconds
[2024-12-14 16:07:17,179] {processor.py:153} INFO - Started process (PID=51939) to work on /home/dev/curso/ambientevirtual/lib/python3.9/site-packages/airflow/example_dags/example_nested_branch_dag.py
[2024-12-14 16:07:17,181] {processor.py:641} INFO - Processing file /home/dev/curso/ambientevirtual/lib/python3.9/site-packages/airflow/example_dags/example_nested_branch_dag.py for tasks to queue
[2024-12-14 16:07:17,182] {logging_mixin.py:115} INFO - [2024-12-14 16:07:17,182] {dagbag.py:507} INFO - Filling up the DagBag from /home/dev/curso/ambientevirtual/lib/python3.9/site-packages/airflow/example_dags/example_nested_branch_dag.py
[2024-12-14 16:07:17,196] {processor.py:651} INFO - DAG(s) dict_keys(['example_nested_branch_dag']) retrieved from /home/dev/curso/ambientevirtual/lib/python3.9/site-packages/airflow/example_dags/example_nested_branch_dag.py
[2024-12-14 16:07:17,218] {logging_mixin.py:115} INFO - [2024-12-14 16:07:17,218] {dag.py:2379} INFO - Sync 1 DAGs
[2024-12-14 16:07:17,240] {logging_mixin.py:115} INFO - [2024-12-14 16:07:17,240] {dag.py:2927} INFO - Setting next_dagrun for example_nested_branch_dag to 2024-12-13T00:00:00+00:00, run_after=2024-12-14T00:00:00+00:00
[2024-12-14 16:07:17,276] {processor.py:161} INFO - Processing /home/dev/curso/ambientevirtual/lib/python3.9/site-packages/airflow/example_dags/example_nested_branch_dag.py took 0.103 seconds
[2024-12-14 16:07:53,705] {processor.py:153} INFO - Started process (PID=52134) to work on /home/dev/curso/ambientevirtual/lib/python3.9/site-packages/airflow/example_dags/example_nested_branch_dag.py
[2024-12-14 16:07:53,708] {processor.py:641} INFO - Processing file /home/dev/curso/ambientevirtual/lib/python3.9/site-packages/airflow/example_dags/example_nested_branch_dag.py for tasks to queue
[2024-12-14 16:07:53,709] {logging_mixin.py:115} INFO - [2024-12-14 16:07:53,709] {dagbag.py:507} INFO - Filling up the DagBag from /home/dev/curso/ambientevirtual/lib/python3.9/site-packages/airflow/example_dags/example_nested_branch_dag.py
[2024-12-14 16:07:53,735] {processor.py:651} INFO - DAG(s) dict_keys(['example_nested_branch_dag']) retrieved from /home/dev/curso/ambientevirtual/lib/python3.9/site-packages/airflow/example_dags/example_nested_branch_dag.py
[2024-12-14 16:07:53,757] {logging_mixin.py:115} INFO - [2024-12-14 16:07:53,757] {dag.py:2379} INFO - Sync 1 DAGs
[2024-12-14 16:07:53,780] {logging_mixin.py:115} INFO - [2024-12-14 16:07:53,779] {dag.py:2927} INFO - Setting next_dagrun for example_nested_branch_dag to 2024-12-13T00:00:00+00:00, run_after=2024-12-14T00:00:00+00:00
[2024-12-14 16:07:53,798] {processor.py:161} INFO - Processing /home/dev/curso/ambientevirtual/lib/python3.9/site-packages/airflow/example_dags/example_nested_branch_dag.py took 0.104 seconds
[2024-12-14 16:08:28,024] {processor.py:153} INFO - Started process (PID=52373) to work on /home/dev/curso/ambientevirtual/lib/python3.9/site-packages/airflow/example_dags/example_nested_branch_dag.py
[2024-12-14 16:08:28,024] {processor.py:641} INFO - Processing file /home/dev/curso/ambientevirtual/lib/python3.9/site-packages/airflow/example_dags/example_nested_branch_dag.py for tasks to queue
[2024-12-14 16:08:28,025] {logging_mixin.py:115} INFO - [2024-12-14 16:08:28,025] {dagbag.py:507} INFO - Filling up the DagBag from /home/dev/curso/ambientevirtual/lib/python3.9/site-packages/airflow/example_dags/example_nested_branch_dag.py
[2024-12-14 16:08:28,041] {processor.py:651} INFO - DAG(s) dict_keys(['example_nested_branch_dag']) retrieved from /home/dev/curso/ambientevirtual/lib/python3.9/site-packages/airflow/example_dags/example_nested_branch_dag.py
[2024-12-14 16:08:28,071] {logging_mixin.py:115} INFO - [2024-12-14 16:08:28,071] {dag.py:2379} INFO - Sync 1 DAGs
[2024-12-14 16:08:28,102] {logging_mixin.py:115} INFO - [2024-12-14 16:08:28,102] {dag.py:2927} INFO - Setting next_dagrun for example_nested_branch_dag to 2024-12-13T00:00:00+00:00, run_after=2024-12-14T00:00:00+00:00
[2024-12-14 16:08:28,124] {processor.py:161} INFO - Processing /home/dev/curso/ambientevirtual/lib/python3.9/site-packages/airflow/example_dags/example_nested_branch_dag.py took 0.106 seconds
[2024-12-14 16:09:04,283] {processor.py:153} INFO - Started process (PID=52625) to work on /home/dev/curso/ambientevirtual/lib/python3.9/site-packages/airflow/example_dags/example_nested_branch_dag.py
[2024-12-14 16:09:04,284] {processor.py:641} INFO - Processing file /home/dev/curso/ambientevirtual/lib/python3.9/site-packages/airflow/example_dags/example_nested_branch_dag.py for tasks to queue
[2024-12-14 16:09:04,285] {logging_mixin.py:115} INFO - [2024-12-14 16:09:04,285] {dagbag.py:507} INFO - Filling up the DagBag from /home/dev/curso/ambientevirtual/lib/python3.9/site-packages/airflow/example_dags/example_nested_branch_dag.py
[2024-12-14 16:09:04,302] {processor.py:651} INFO - DAG(s) dict_keys(['example_nested_branch_dag']) retrieved from /home/dev/curso/ambientevirtual/lib/python3.9/site-packages/airflow/example_dags/example_nested_branch_dag.py
[2024-12-14 16:09:04,326] {logging_mixin.py:115} INFO - [2024-12-14 16:09:04,326] {dag.py:2379} INFO - Sync 1 DAGs
[2024-12-14 16:09:04,351] {logging_mixin.py:115} INFO - [2024-12-14 16:09:04,351] {dag.py:2927} INFO - Setting next_dagrun for example_nested_branch_dag to 2024-12-13T00:00:00+00:00, run_after=2024-12-14T00:00:00+00:00
[2024-12-14 16:09:04,371] {processor.py:161} INFO - Processing /home/dev/curso/ambientevirtual/lib/python3.9/site-packages/airflow/example_dags/example_nested_branch_dag.py took 0.092 seconds
[2024-12-14 16:09:41,879] {processor.py:153} INFO - Started process (PID=52761) to work on /home/dev/curso/ambientevirtual/lib/python3.9/site-packages/airflow/example_dags/example_nested_branch_dag.py
[2024-12-14 16:09:41,881] {processor.py:641} INFO - Processing file /home/dev/curso/ambientevirtual/lib/python3.9/site-packages/airflow/example_dags/example_nested_branch_dag.py for tasks to queue
[2024-12-14 16:09:41,882] {logging_mixin.py:115} INFO - [2024-12-14 16:09:41,882] {dagbag.py:507} INFO - Filling up the DagBag from /home/dev/curso/ambientevirtual/lib/python3.9/site-packages/airflow/example_dags/example_nested_branch_dag.py
[2024-12-14 16:09:41,901] {processor.py:651} INFO - DAG(s) dict_keys(['example_nested_branch_dag']) retrieved from /home/dev/curso/ambientevirtual/lib/python3.9/site-packages/airflow/example_dags/example_nested_branch_dag.py
[2024-12-14 16:09:41,921] {logging_mixin.py:115} INFO - [2024-12-14 16:09:41,920] {dag.py:2379} INFO - Sync 1 DAGs
[2024-12-14 16:09:41,943] {logging_mixin.py:115} INFO - [2024-12-14 16:09:41,942] {dag.py:2927} INFO - Setting next_dagrun for example_nested_branch_dag to 2024-12-13T00:00:00+00:00, run_after=2024-12-14T00:00:00+00:00
[2024-12-14 16:09:41,960] {processor.py:161} INFO - Processing /home/dev/curso/ambientevirtual/lib/python3.9/site-packages/airflow/example_dags/example_nested_branch_dag.py took 0.088 seconds
[2024-12-14 16:10:21,116] {processor.py:153} INFO - Started process (PID=52901) to work on /home/dev/curso/ambientevirtual/lib/python3.9/site-packages/airflow/example_dags/example_nested_branch_dag.py
[2024-12-14 16:10:21,118] {processor.py:641} INFO - Processing file /home/dev/curso/ambientevirtual/lib/python3.9/site-packages/airflow/example_dags/example_nested_branch_dag.py for tasks to queue
[2024-12-14 16:10:21,119] {logging_mixin.py:115} INFO - [2024-12-14 16:10:21,119] {dagbag.py:507} INFO - Filling up the DagBag from /home/dev/curso/ambientevirtual/lib/python3.9/site-packages/airflow/example_dags/example_nested_branch_dag.py
[2024-12-14 16:10:21,138] {processor.py:651} INFO - DAG(s) dict_keys(['example_nested_branch_dag']) retrieved from /home/dev/curso/ambientevirtual/lib/python3.9/site-packages/airflow/example_dags/example_nested_branch_dag.py
[2024-12-14 16:10:21,159] {logging_mixin.py:115} INFO - [2024-12-14 16:10:21,159] {dag.py:2379} INFO - Sync 1 DAGs
[2024-12-14 16:10:21,186] {logging_mixin.py:115} INFO - [2024-12-14 16:10:21,186] {dag.py:2927} INFO - Setting next_dagrun for example_nested_branch_dag to 2024-12-13T00:00:00+00:00, run_after=2024-12-14T00:00:00+00:00
[2024-12-14 16:10:21,207] {processor.py:161} INFO - Processing /home/dev/curso/ambientevirtual/lib/python3.9/site-packages/airflow/example_dags/example_nested_branch_dag.py took 0.098 seconds
[2024-12-14 16:11:02,955] {processor.py:153} INFO - Started process (PID=53165) to work on /home/dev/curso/ambientevirtual/lib/python3.9/site-packages/airflow/example_dags/example_nested_branch_dag.py
[2024-12-14 16:11:02,956] {processor.py:641} INFO - Processing file /home/dev/curso/ambientevirtual/lib/python3.9/site-packages/airflow/example_dags/example_nested_branch_dag.py for tasks to queue
[2024-12-14 16:11:02,958] {logging_mixin.py:115} INFO - [2024-12-14 16:11:02,958] {dagbag.py:507} INFO - Filling up the DagBag from /home/dev/curso/ambientevirtual/lib/python3.9/site-packages/airflow/example_dags/example_nested_branch_dag.py
[2024-12-14 16:11:02,973] {processor.py:651} INFO - DAG(s) dict_keys(['example_nested_branch_dag']) retrieved from /home/dev/curso/ambientevirtual/lib/python3.9/site-packages/airflow/example_dags/example_nested_branch_dag.py
[2024-12-14 16:11:02,996] {logging_mixin.py:115} INFO - [2024-12-14 16:11:02,996] {dag.py:2379} INFO - Sync 1 DAGs
[2024-12-14 16:11:03,023] {logging_mixin.py:115} INFO - [2024-12-14 16:11:03,023] {dag.py:2927} INFO - Setting next_dagrun for example_nested_branch_dag to 2024-12-13T00:00:00+00:00, run_after=2024-12-14T00:00:00+00:00
[2024-12-14 16:11:03,039] {processor.py:161} INFO - Processing /home/dev/curso/ambientevirtual/lib/python3.9/site-packages/airflow/example_dags/example_nested_branch_dag.py took 0.094 seconds
[2024-12-14 16:11:40,110] {processor.py:153} INFO - Started process (PID=53301) to work on /home/dev/curso/ambientevirtual/lib/python3.9/site-packages/airflow/example_dags/example_nested_branch_dag.py
[2024-12-14 16:11:40,112] {processor.py:641} INFO - Processing file /home/dev/curso/ambientevirtual/lib/python3.9/site-packages/airflow/example_dags/example_nested_branch_dag.py for tasks to queue
[2024-12-14 16:11:40,113] {logging_mixin.py:115} INFO - [2024-12-14 16:11:40,113] {dagbag.py:507} INFO - Filling up the DagBag from /home/dev/curso/ambientevirtual/lib/python3.9/site-packages/airflow/example_dags/example_nested_branch_dag.py
[2024-12-14 16:11:40,124] {processor.py:651} INFO - DAG(s) dict_keys(['example_nested_branch_dag']) retrieved from /home/dev/curso/ambientevirtual/lib/python3.9/site-packages/airflow/example_dags/example_nested_branch_dag.py
[2024-12-14 16:11:40,144] {logging_mixin.py:115} INFO - [2024-12-14 16:11:40,144] {dag.py:2379} INFO - Sync 1 DAGs
[2024-12-14 16:11:40,165] {logging_mixin.py:115} INFO - [2024-12-14 16:11:40,164] {dag.py:2927} INFO - Setting next_dagrun for example_nested_branch_dag to 2024-12-13T00:00:00+00:00, run_after=2024-12-14T00:00:00+00:00
[2024-12-14 16:11:40,181] {processor.py:161} INFO - Processing /home/dev/curso/ambientevirtual/lib/python3.9/site-packages/airflow/example_dags/example_nested_branch_dag.py took 0.077 seconds
