[2024-12-14 15:51:36,304] {processor.py:153} INFO - Started process (PID=47892) to work on /home/dev/curso/ambientevirtual/lib/python3.9/site-packages/airflow/example_dags/example_bash_operator.py
[2024-12-14 15:51:36,305] {processor.py:641} INFO - Processing file /home/dev/curso/ambientevirtual/lib/python3.9/site-packages/airflow/example_dags/example_bash_operator.py for tasks to queue
[2024-12-14 15:51:36,305] {logging_mixin.py:115} INFO - [2024-12-14 15:51:36,305] {dagbag.py:507} INFO - Filling up the DagBag from /home/dev/curso/ambientevirtual/lib/python3.9/site-packages/airflow/example_dags/example_bash_operator.py
[2024-12-14 15:51:36,320] {processor.py:651} INFO - DAG(s) dict_keys(['example_bash_operator']) retrieved from /home/dev/curso/ambientevirtual/lib/python3.9/site-packages/airflow/example_dags/example_bash_operator.py
[2024-12-14 15:51:36,408] {logging_mixin.py:115} INFO - [2024-12-14 15:51:36,408] {manager.py:508} INFO - Created Permission View: can delete on DAG:example_bash_operator
[2024-12-14 15:51:36,421] {logging_mixin.py:115} INFO - [2024-12-14 15:51:36,421] {manager.py:508} INFO - Created Permission View: can edit on DAG:example_bash_operator
[2024-12-14 15:51:36,432] {logging_mixin.py:115} INFO - [2024-12-14 15:51:36,432] {manager.py:508} INFO - Created Permission View: can read on DAG:example_bash_operator
[2024-12-14 15:51:36,432] {logging_mixin.py:115} INFO - [2024-12-14 15:51:36,432] {dag.py:2379} INFO - Sync 1 DAGs
[2024-12-14 15:51:36,440] {logging_mixin.py:115} INFO - [2024-12-14 15:51:36,440] {dag.py:2398} INFO - Creating ORM DAG for example_bash_operator
[2024-12-14 15:51:36,452] {logging_mixin.py:115} INFO - [2024-12-14 15:51:36,452] {dag.py:2927} INFO - Setting next_dagrun for example_bash_operator to 2024-12-13T00:00:00+00:00, run_after=2024-12-14T00:00:00+00:00
[2024-12-14 15:51:36,479] {processor.py:161} INFO - Processing /home/dev/curso/ambientevirtual/lib/python3.9/site-packages/airflow/example_dags/example_bash_operator.py took 0.178 seconds
[2024-12-14 15:52:13,596] {processor.py:153} INFO - Started process (PID=48293) to work on /home/dev/curso/ambientevirtual/lib/python3.9/site-packages/airflow/example_dags/example_bash_operator.py
[2024-12-14 15:52:13,613] {processor.py:641} INFO - Processing file /home/dev/curso/ambientevirtual/lib/python3.9/site-packages/airflow/example_dags/example_bash_operator.py for tasks to queue
[2024-12-14 15:52:13,614] {logging_mixin.py:115} INFO - [2024-12-14 15:52:13,614] {dagbag.py:507} INFO - Filling up the DagBag from /home/dev/curso/ambientevirtual/lib/python3.9/site-packages/airflow/example_dags/example_bash_operator.py
[2024-12-14 15:52:13,633] {processor.py:651} INFO - DAG(s) dict_keys(['example_bash_operator']) retrieved from /home/dev/curso/ambientevirtual/lib/python3.9/site-packages/airflow/example_dags/example_bash_operator.py
[2024-12-14 15:52:13,660] {logging_mixin.py:115} INFO - [2024-12-14 15:52:13,660] {dag.py:2379} INFO - Sync 1 DAGs
[2024-12-14 15:52:13,686] {logging_mixin.py:115} INFO - [2024-12-14 15:52:13,686] {dag.py:2927} INFO - Setting next_dagrun for example_bash_operator to 2024-12-13T00:00:00+00:00, run_after=2024-12-14T00:00:00+00:00
[2024-12-14 15:52:13,844] {processor.py:161} INFO - Processing /home/dev/curso/ambientevirtual/lib/python3.9/site-packages/airflow/example_dags/example_bash_operator.py took 0.253 seconds
[2024-12-14 15:52:49,973] {processor.py:153} INFO - Started process (PID=48429) to work on /home/dev/curso/ambientevirtual/lib/python3.9/site-packages/airflow/example_dags/example_bash_operator.py
[2024-12-14 15:52:49,974] {processor.py:641} INFO - Processing file /home/dev/curso/ambientevirtual/lib/python3.9/site-packages/airflow/example_dags/example_bash_operator.py for tasks to queue
[2024-12-14 15:52:49,975] {logging_mixin.py:115} INFO - [2024-12-14 15:52:49,975] {dagbag.py:507} INFO - Filling up the DagBag from /home/dev/curso/ambientevirtual/lib/python3.9/site-packages/airflow/example_dags/example_bash_operator.py
[2024-12-14 15:52:49,999] {processor.py:651} INFO - DAG(s) dict_keys(['example_bash_operator']) retrieved from /home/dev/curso/ambientevirtual/lib/python3.9/site-packages/airflow/example_dags/example_bash_operator.py
[2024-12-14 15:52:50,019] {logging_mixin.py:115} INFO - [2024-12-14 15:52:50,019] {dag.py:2379} INFO - Sync 1 DAGs
[2024-12-14 15:52:50,038] {logging_mixin.py:115} INFO - [2024-12-14 15:52:50,038] {dag.py:2927} INFO - Setting next_dagrun for example_bash_operator to 2024-12-13T00:00:00+00:00, run_after=2024-12-14T00:00:00+00:00
[2024-12-14 15:52:50,054] {processor.py:161} INFO - Processing /home/dev/curso/ambientevirtual/lib/python3.9/site-packages/airflow/example_dags/example_bash_operator.py took 0.087 seconds
[2024-12-14 15:53:26,508] {processor.py:153} INFO - Started process (PID=48559) to work on /home/dev/curso/ambientevirtual/lib/python3.9/site-packages/airflow/example_dags/example_bash_operator.py
[2024-12-14 15:53:26,510] {processor.py:641} INFO - Processing file /home/dev/curso/ambientevirtual/lib/python3.9/site-packages/airflow/example_dags/example_bash_operator.py for tasks to queue
[2024-12-14 15:53:26,510] {logging_mixin.py:115} INFO - [2024-12-14 15:53:26,510] {dagbag.py:507} INFO - Filling up the DagBag from /home/dev/curso/ambientevirtual/lib/python3.9/site-packages/airflow/example_dags/example_bash_operator.py
[2024-12-14 15:53:26,526] {processor.py:651} INFO - DAG(s) dict_keys(['example_bash_operator']) retrieved from /home/dev/curso/ambientevirtual/lib/python3.9/site-packages/airflow/example_dags/example_bash_operator.py
[2024-12-14 15:53:26,546] {logging_mixin.py:115} INFO - [2024-12-14 15:53:26,546] {dag.py:2379} INFO - Sync 1 DAGs
[2024-12-14 15:53:26,566] {logging_mixin.py:115} INFO - [2024-12-14 15:53:26,566] {dag.py:2927} INFO - Setting next_dagrun for example_bash_operator to 2024-12-13T00:00:00+00:00, run_after=2024-12-14T00:00:00+00:00
[2024-12-14 15:53:26,581] {processor.py:161} INFO - Processing /home/dev/curso/ambientevirtual/lib/python3.9/site-packages/airflow/example_dags/example_bash_operator.py took 0.079 seconds
[2024-12-14 15:54:03,293] {processor.py:153} INFO - Started process (PID=48695) to work on /home/dev/curso/ambientevirtual/lib/python3.9/site-packages/airflow/example_dags/example_bash_operator.py
[2024-12-14 15:54:03,295] {processor.py:641} INFO - Processing file /home/dev/curso/ambientevirtual/lib/python3.9/site-packages/airflow/example_dags/example_bash_operator.py for tasks to queue
[2024-12-14 15:54:03,296] {logging_mixin.py:115} INFO - [2024-12-14 15:54:03,295] {dagbag.py:507} INFO - Filling up the DagBag from /home/dev/curso/ambientevirtual/lib/python3.9/site-packages/airflow/example_dags/example_bash_operator.py
[2024-12-14 15:54:03,314] {processor.py:651} INFO - DAG(s) dict_keys(['example_bash_operator']) retrieved from /home/dev/curso/ambientevirtual/lib/python3.9/site-packages/airflow/example_dags/example_bash_operator.py
[2024-12-14 15:54:03,335] {logging_mixin.py:115} INFO - [2024-12-14 15:54:03,335] {dag.py:2379} INFO - Sync 1 DAGs
[2024-12-14 15:54:03,356] {logging_mixin.py:115} INFO - [2024-12-14 15:54:03,355] {dag.py:2927} INFO - Setting next_dagrun for example_bash_operator to 2024-12-13T00:00:00+00:00, run_after=2024-12-14T00:00:00+00:00
[2024-12-14 15:54:03,371] {processor.py:161} INFO - Processing /home/dev/curso/ambientevirtual/lib/python3.9/site-packages/airflow/example_dags/example_bash_operator.py took 0.084 seconds
[2024-12-14 15:54:37,534] {processor.py:153} INFO - Started process (PID=48818) to work on /home/dev/curso/ambientevirtual/lib/python3.9/site-packages/airflow/example_dags/example_bash_operator.py
[2024-12-14 15:54:37,535] {processor.py:641} INFO - Processing file /home/dev/curso/ambientevirtual/lib/python3.9/site-packages/airflow/example_dags/example_bash_operator.py for tasks to queue
[2024-12-14 15:54:37,535] {logging_mixin.py:115} INFO - [2024-12-14 15:54:37,535] {dagbag.py:507} INFO - Filling up the DagBag from /home/dev/curso/ambientevirtual/lib/python3.9/site-packages/airflow/example_dags/example_bash_operator.py
[2024-12-14 15:54:37,553] {processor.py:651} INFO - DAG(s) dict_keys(['example_bash_operator']) retrieved from /home/dev/curso/ambientevirtual/lib/python3.9/site-packages/airflow/example_dags/example_bash_operator.py
[2024-12-14 15:54:37,581] {logging_mixin.py:115} INFO - [2024-12-14 15:54:37,581] {dag.py:2379} INFO - Sync 1 DAGs
[2024-12-14 15:54:37,624] {logging_mixin.py:115} INFO - [2024-12-14 15:54:37,624] {dag.py:2927} INFO - Setting next_dagrun for example_bash_operator to 2024-12-13T00:00:00+00:00, run_after=2024-12-14T00:00:00+00:00
[2024-12-14 15:54:37,650] {processor.py:161} INFO - Processing /home/dev/curso/ambientevirtual/lib/python3.9/site-packages/airflow/example_dags/example_bash_operator.py took 0.121 seconds
[2024-12-14 15:55:11,363] {processor.py:153} INFO - Started process (PID=48946) to work on /home/dev/curso/ambientevirtual/lib/python3.9/site-packages/airflow/example_dags/example_bash_operator.py
[2024-12-14 15:55:11,365] {processor.py:641} INFO - Processing file /home/dev/curso/ambientevirtual/lib/python3.9/site-packages/airflow/example_dags/example_bash_operator.py for tasks to queue
[2024-12-14 15:55:11,366] {logging_mixin.py:115} INFO - [2024-12-14 15:55:11,366] {dagbag.py:507} INFO - Filling up the DagBag from /home/dev/curso/ambientevirtual/lib/python3.9/site-packages/airflow/example_dags/example_bash_operator.py
[2024-12-14 15:55:11,387] {processor.py:651} INFO - DAG(s) dict_keys(['example_bash_operator']) retrieved from /home/dev/curso/ambientevirtual/lib/python3.9/site-packages/airflow/example_dags/example_bash_operator.py
[2024-12-14 15:55:11,410] {logging_mixin.py:115} INFO - [2024-12-14 15:55:11,410] {dag.py:2379} INFO - Sync 1 DAGs
[2024-12-14 15:55:11,431] {logging_mixin.py:115} INFO - [2024-12-14 15:55:11,431] {dag.py:2927} INFO - Setting next_dagrun for example_bash_operator to 2024-12-13T00:00:00+00:00, run_after=2024-12-14T00:00:00+00:00
[2024-12-14 15:55:11,448] {processor.py:161} INFO - Processing /home/dev/curso/ambientevirtual/lib/python3.9/site-packages/airflow/example_dags/example_bash_operator.py took 0.091 seconds
[2024-12-14 15:55:45,078] {processor.py:153} INFO - Started process (PID=49068) to work on /home/dev/curso/ambientevirtual/lib/python3.9/site-packages/airflow/example_dags/example_bash_operator.py
[2024-12-14 15:55:45,080] {processor.py:641} INFO - Processing file /home/dev/curso/ambientevirtual/lib/python3.9/site-packages/airflow/example_dags/example_bash_operator.py for tasks to queue
[2024-12-14 15:55:45,081] {logging_mixin.py:115} INFO - [2024-12-14 15:55:45,081] {dagbag.py:507} INFO - Filling up the DagBag from /home/dev/curso/ambientevirtual/lib/python3.9/site-packages/airflow/example_dags/example_bash_operator.py
[2024-12-14 15:55:45,106] {processor.py:651} INFO - DAG(s) dict_keys(['example_bash_operator']) retrieved from /home/dev/curso/ambientevirtual/lib/python3.9/site-packages/airflow/example_dags/example_bash_operator.py
[2024-12-14 15:55:45,137] {logging_mixin.py:115} INFO - [2024-12-14 15:55:45,137] {dag.py:2379} INFO - Sync 1 DAGs
[2024-12-14 15:55:45,161] {logging_mixin.py:115} INFO - [2024-12-14 15:55:45,161] {dag.py:2927} INFO - Setting next_dagrun for example_bash_operator to 2024-12-13T00:00:00+00:00, run_after=2024-12-14T00:00:00+00:00
[2024-12-14 15:55:45,177] {processor.py:161} INFO - Processing /home/dev/curso/ambientevirtual/lib/python3.9/site-packages/airflow/example_dags/example_bash_operator.py took 0.106 seconds
[2024-12-14 15:56:20,968] {processor.py:153} INFO - Started process (PID=49198) to work on /home/dev/curso/ambientevirtual/lib/python3.9/site-packages/airflow/example_dags/example_bash_operator.py
[2024-12-14 15:56:20,969] {processor.py:641} INFO - Processing file /home/dev/curso/ambientevirtual/lib/python3.9/site-packages/airflow/example_dags/example_bash_operator.py for tasks to queue
[2024-12-14 15:56:20,969] {logging_mixin.py:115} INFO - [2024-12-14 15:56:20,969] {dagbag.py:507} INFO - Filling up the DagBag from /home/dev/curso/ambientevirtual/lib/python3.9/site-packages/airflow/example_dags/example_bash_operator.py
[2024-12-14 15:56:20,987] {processor.py:651} INFO - DAG(s) dict_keys(['example_bash_operator']) retrieved from /home/dev/curso/ambientevirtual/lib/python3.9/site-packages/airflow/example_dags/example_bash_operator.py
[2024-12-14 15:56:21,008] {logging_mixin.py:115} INFO - [2024-12-14 15:56:21,008] {dag.py:2379} INFO - Sync 1 DAGs
[2024-12-14 15:56:21,035] {logging_mixin.py:115} INFO - [2024-12-14 15:56:21,035] {dag.py:2927} INFO - Setting next_dagrun for example_bash_operator to 2024-12-13T00:00:00+00:00, run_after=2024-12-14T00:00:00+00:00
[2024-12-14 15:56:21,055] {processor.py:161} INFO - Processing /home/dev/curso/ambientevirtual/lib/python3.9/site-packages/airflow/example_dags/example_bash_operator.py took 0.091 seconds
[2024-12-14 15:56:53,958] {processor.py:153} INFO - Started process (PID=49377) to work on /home/dev/curso/ambientevirtual/lib/python3.9/site-packages/airflow/example_dags/example_bash_operator.py
[2024-12-14 15:56:53,959] {processor.py:641} INFO - Processing file /home/dev/curso/ambientevirtual/lib/python3.9/site-packages/airflow/example_dags/example_bash_operator.py for tasks to queue
[2024-12-14 15:56:53,960] {logging_mixin.py:115} INFO - [2024-12-14 15:56:53,960] {dagbag.py:507} INFO - Filling up the DagBag from /home/dev/curso/ambientevirtual/lib/python3.9/site-packages/airflow/example_dags/example_bash_operator.py
[2024-12-14 15:56:53,979] {processor.py:651} INFO - DAG(s) dict_keys(['example_bash_operator']) retrieved from /home/dev/curso/ambientevirtual/lib/python3.9/site-packages/airflow/example_dags/example_bash_operator.py
[2024-12-14 15:56:54,002] {logging_mixin.py:115} INFO - [2024-12-14 15:56:54,002] {dag.py:2379} INFO - Sync 1 DAGs
[2024-12-14 15:56:54,028] {logging_mixin.py:115} INFO - [2024-12-14 15:56:54,027] {dag.py:2927} INFO - Setting next_dagrun for example_bash_operator to 2024-12-13T00:00:00+00:00, run_after=2024-12-14T00:00:00+00:00
[2024-12-14 15:56:54,051] {processor.py:161} INFO - Processing /home/dev/curso/ambientevirtual/lib/python3.9/site-packages/airflow/example_dags/example_bash_operator.py took 0.097 seconds
[2024-12-14 15:57:29,632] {processor.py:153} INFO - Started process (PID=49506) to work on /home/dev/curso/ambientevirtual/lib/python3.9/site-packages/airflow/example_dags/example_bash_operator.py
[2024-12-14 15:57:29,633] {processor.py:641} INFO - Processing file /home/dev/curso/ambientevirtual/lib/python3.9/site-packages/airflow/example_dags/example_bash_operator.py for tasks to queue
[2024-12-14 15:57:29,633] {logging_mixin.py:115} INFO - [2024-12-14 15:57:29,633] {dagbag.py:507} INFO - Filling up the DagBag from /home/dev/curso/ambientevirtual/lib/python3.9/site-packages/airflow/example_dags/example_bash_operator.py
[2024-12-14 15:57:29,653] {processor.py:651} INFO - DAG(s) dict_keys(['example_bash_operator']) retrieved from /home/dev/curso/ambientevirtual/lib/python3.9/site-packages/airflow/example_dags/example_bash_operator.py
[2024-12-14 15:57:29,674] {logging_mixin.py:115} INFO - [2024-12-14 15:57:29,674] {dag.py:2379} INFO - Sync 1 DAGs
[2024-12-14 15:57:29,712] {logging_mixin.py:115} INFO - [2024-12-14 15:57:29,712] {dag.py:2927} INFO - Setting next_dagrun for example_bash_operator to 2024-12-13T00:00:00+00:00, run_after=2024-12-14T00:00:00+00:00
[2024-12-14 15:57:29,732] {processor.py:161} INFO - Processing /home/dev/curso/ambientevirtual/lib/python3.9/site-packages/airflow/example_dags/example_bash_operator.py took 0.104 seconds
[2024-12-14 15:58:05,192] {processor.py:153} INFO - Started process (PID=49635) to work on /home/dev/curso/ambientevirtual/lib/python3.9/site-packages/airflow/example_dags/example_bash_operator.py
[2024-12-14 15:58:05,194] {processor.py:641} INFO - Processing file /home/dev/curso/ambientevirtual/lib/python3.9/site-packages/airflow/example_dags/example_bash_operator.py for tasks to queue
[2024-12-14 15:58:05,195] {logging_mixin.py:115} INFO - [2024-12-14 15:58:05,195] {dagbag.py:507} INFO - Filling up the DagBag from /home/dev/curso/ambientevirtual/lib/python3.9/site-packages/airflow/example_dags/example_bash_operator.py
[2024-12-14 15:58:05,216] {processor.py:651} INFO - DAG(s) dict_keys(['example_bash_operator']) retrieved from /home/dev/curso/ambientevirtual/lib/python3.9/site-packages/airflow/example_dags/example_bash_operator.py
[2024-12-14 15:58:05,240] {logging_mixin.py:115} INFO - [2024-12-14 15:58:05,239] {dag.py:2379} INFO - Sync 1 DAGs
[2024-12-14 15:58:05,262] {logging_mixin.py:115} INFO - [2024-12-14 15:58:05,262] {dag.py:2927} INFO - Setting next_dagrun for example_bash_operator to 2024-12-13T00:00:00+00:00, run_after=2024-12-14T00:00:00+00:00
[2024-12-14 15:58:05,284] {processor.py:161} INFO - Processing /home/dev/curso/ambientevirtual/lib/python3.9/site-packages/airflow/example_dags/example_bash_operator.py took 0.099 seconds
[2024-12-14 15:58:40,553] {processor.py:153} INFO - Started process (PID=49764) to work on /home/dev/curso/ambientevirtual/lib/python3.9/site-packages/airflow/example_dags/example_bash_operator.py
[2024-12-14 15:58:40,555] {processor.py:641} INFO - Processing file /home/dev/curso/ambientevirtual/lib/python3.9/site-packages/airflow/example_dags/example_bash_operator.py for tasks to queue
[2024-12-14 15:58:40,556] {logging_mixin.py:115} INFO - [2024-12-14 15:58:40,556] {dagbag.py:507} INFO - Filling up the DagBag from /home/dev/curso/ambientevirtual/lib/python3.9/site-packages/airflow/example_dags/example_bash_operator.py
[2024-12-14 15:58:40,575] {processor.py:651} INFO - DAG(s) dict_keys(['example_bash_operator']) retrieved from /home/dev/curso/ambientevirtual/lib/python3.9/site-packages/airflow/example_dags/example_bash_operator.py
[2024-12-14 15:58:40,596] {logging_mixin.py:115} INFO - [2024-12-14 15:58:40,596] {dag.py:2379} INFO - Sync 1 DAGs
[2024-12-14 15:58:40,618] {logging_mixin.py:115} INFO - [2024-12-14 15:58:40,618] {dag.py:2927} INFO - Setting next_dagrun for example_bash_operator to 2024-12-13T00:00:00+00:00, run_after=2024-12-14T00:00:00+00:00
[2024-12-14 15:58:40,636] {processor.py:161} INFO - Processing /home/dev/curso/ambientevirtual/lib/python3.9/site-packages/airflow/example_dags/example_bash_operator.py took 0.089 seconds
[2024-12-14 15:59:15,837] {processor.py:153} INFO - Started process (PID=49893) to work on /home/dev/curso/ambientevirtual/lib/python3.9/site-packages/airflow/example_dags/example_bash_operator.py
[2024-12-14 15:59:15,838] {processor.py:641} INFO - Processing file /home/dev/curso/ambientevirtual/lib/python3.9/site-packages/airflow/example_dags/example_bash_operator.py for tasks to queue
[2024-12-14 15:59:15,839] {logging_mixin.py:115} INFO - [2024-12-14 15:59:15,839] {dagbag.py:507} INFO - Filling up the DagBag from /home/dev/curso/ambientevirtual/lib/python3.9/site-packages/airflow/example_dags/example_bash_operator.py
[2024-12-14 15:59:15,860] {processor.py:651} INFO - DAG(s) dict_keys(['example_bash_operator']) retrieved from /home/dev/curso/ambientevirtual/lib/python3.9/site-packages/airflow/example_dags/example_bash_operator.py
[2024-12-14 15:59:15,879] {logging_mixin.py:115} INFO - [2024-12-14 15:59:15,879] {dag.py:2379} INFO - Sync 1 DAGs
[2024-12-14 15:59:15,900] {logging_mixin.py:115} INFO - [2024-12-14 15:59:15,900] {dag.py:2927} INFO - Setting next_dagrun for example_bash_operator to 2024-12-13T00:00:00+00:00, run_after=2024-12-14T00:00:00+00:00
[2024-12-14 15:59:15,916] {processor.py:161} INFO - Processing /home/dev/curso/ambientevirtual/lib/python3.9/site-packages/airflow/example_dags/example_bash_operator.py took 0.086 seconds
[2024-12-14 15:59:48,958] {processor.py:153} INFO - Started process (PID=50014) to work on /home/dev/curso/ambientevirtual/lib/python3.9/site-packages/airflow/example_dags/example_bash_operator.py
[2024-12-14 15:59:48,960] {processor.py:641} INFO - Processing file /home/dev/curso/ambientevirtual/lib/python3.9/site-packages/airflow/example_dags/example_bash_operator.py for tasks to queue
[2024-12-14 15:59:48,961] {logging_mixin.py:115} INFO - [2024-12-14 15:59:48,961] {dagbag.py:507} INFO - Filling up the DagBag from /home/dev/curso/ambientevirtual/lib/python3.9/site-packages/airflow/example_dags/example_bash_operator.py
[2024-12-14 15:59:48,977] {processor.py:651} INFO - DAG(s) dict_keys(['example_bash_operator']) retrieved from /home/dev/curso/ambientevirtual/lib/python3.9/site-packages/airflow/example_dags/example_bash_operator.py
[2024-12-14 15:59:48,996] {logging_mixin.py:115} INFO - [2024-12-14 15:59:48,996] {dag.py:2379} INFO - Sync 1 DAGs
[2024-12-14 15:59:49,016] {logging_mixin.py:115} INFO - [2024-12-14 15:59:49,016] {dag.py:2927} INFO - Setting next_dagrun for example_bash_operator to 2024-12-13T00:00:00+00:00, run_after=2024-12-14T00:00:00+00:00
[2024-12-14 15:59:49,032] {processor.py:161} INFO - Processing /home/dev/curso/ambientevirtual/lib/python3.9/site-packages/airflow/example_dags/example_bash_operator.py took 0.080 seconds
[2024-12-14 16:00:22,238] {processor.py:153} INFO - Started process (PID=50136) to work on /home/dev/curso/ambientevirtual/lib/python3.9/site-packages/airflow/example_dags/example_bash_operator.py
[2024-12-14 16:00:22,240] {processor.py:641} INFO - Processing file /home/dev/curso/ambientevirtual/lib/python3.9/site-packages/airflow/example_dags/example_bash_operator.py for tasks to queue
[2024-12-14 16:00:22,241] {logging_mixin.py:115} INFO - [2024-12-14 16:00:22,241] {dagbag.py:507} INFO - Filling up the DagBag from /home/dev/curso/ambientevirtual/lib/python3.9/site-packages/airflow/example_dags/example_bash_operator.py
[2024-12-14 16:00:22,262] {processor.py:651} INFO - DAG(s) dict_keys(['example_bash_operator']) retrieved from /home/dev/curso/ambientevirtual/lib/python3.9/site-packages/airflow/example_dags/example_bash_operator.py
[2024-12-14 16:00:22,282] {logging_mixin.py:115} INFO - [2024-12-14 16:00:22,282] {dag.py:2379} INFO - Sync 1 DAGs
[2024-12-14 16:00:22,303] {logging_mixin.py:115} INFO - [2024-12-14 16:00:22,303] {dag.py:2927} INFO - Setting next_dagrun for example_bash_operator to 2024-12-13T00:00:00+00:00, run_after=2024-12-14T00:00:00+00:00
[2024-12-14 16:00:22,319] {processor.py:161} INFO - Processing /home/dev/curso/ambientevirtual/lib/python3.9/site-packages/airflow/example_dags/example_bash_operator.py took 0.087 seconds
[2024-12-14 16:00:56,185] {processor.py:153} INFO - Started process (PID=50347) to work on /home/dev/curso/ambientevirtual/lib/python3.9/site-packages/airflow/example_dags/example_bash_operator.py
[2024-12-14 16:00:56,190] {processor.py:641} INFO - Processing file /home/dev/curso/ambientevirtual/lib/python3.9/site-packages/airflow/example_dags/example_bash_operator.py for tasks to queue
[2024-12-14 16:00:56,192] {logging_mixin.py:115} INFO - [2024-12-14 16:00:56,192] {dagbag.py:507} INFO - Filling up the DagBag from /home/dev/curso/ambientevirtual/lib/python3.9/site-packages/airflow/example_dags/example_bash_operator.py
[2024-12-14 16:00:56,212] {processor.py:651} INFO - DAG(s) dict_keys(['example_bash_operator']) retrieved from /home/dev/curso/ambientevirtual/lib/python3.9/site-packages/airflow/example_dags/example_bash_operator.py
[2024-12-14 16:00:56,237] {logging_mixin.py:115} INFO - [2024-12-14 16:00:56,237] {dag.py:2379} INFO - Sync 1 DAGs
[2024-12-14 16:00:56,294] {logging_mixin.py:115} INFO - [2024-12-14 16:00:56,294] {dag.py:2927} INFO - Setting next_dagrun for example_bash_operator to 2024-12-13T00:00:00+00:00, run_after=2024-12-14T00:00:00+00:00
[2024-12-14 16:00:56,539] {processor.py:161} INFO - Processing /home/dev/curso/ambientevirtual/lib/python3.9/site-packages/airflow/example_dags/example_bash_operator.py took 0.358 seconds
[2024-12-14 16:01:30,474] {processor.py:153} INFO - Started process (PID=50558) to work on /home/dev/curso/ambientevirtual/lib/python3.9/site-packages/airflow/example_dags/example_bash_operator.py
[2024-12-14 16:01:30,475] {processor.py:641} INFO - Processing file /home/dev/curso/ambientevirtual/lib/python3.9/site-packages/airflow/example_dags/example_bash_operator.py for tasks to queue
[2024-12-14 16:01:30,476] {logging_mixin.py:115} INFO - [2024-12-14 16:01:30,476] {dagbag.py:507} INFO - Filling up the DagBag from /home/dev/curso/ambientevirtual/lib/python3.9/site-packages/airflow/example_dags/example_bash_operator.py
[2024-12-14 16:01:30,491] {processor.py:651} INFO - DAG(s) dict_keys(['example_bash_operator']) retrieved from /home/dev/curso/ambientevirtual/lib/python3.9/site-packages/airflow/example_dags/example_bash_operator.py
[2024-12-14 16:01:30,521] {logging_mixin.py:115} INFO - [2024-12-14 16:01:30,521] {dag.py:2379} INFO - Sync 1 DAGs
[2024-12-14 16:01:30,554] {logging_mixin.py:115} INFO - [2024-12-14 16:01:30,553] {dag.py:2927} INFO - Setting next_dagrun for example_bash_operator to 2024-12-13T00:00:00+00:00, run_after=2024-12-14T00:00:00+00:00
[2024-12-14 16:01:30,577] {processor.py:161} INFO - Processing /home/dev/curso/ambientevirtual/lib/python3.9/site-packages/airflow/example_dags/example_bash_operator.py took 0.108 seconds
[2024-12-14 16:02:07,491] {processor.py:153} INFO - Started process (PID=50752) to work on /home/dev/curso/ambientevirtual/lib/python3.9/site-packages/airflow/example_dags/example_bash_operator.py
[2024-12-14 16:02:07,493] {processor.py:641} INFO - Processing file /home/dev/curso/ambientevirtual/lib/python3.9/site-packages/airflow/example_dags/example_bash_operator.py for tasks to queue
[2024-12-14 16:02:07,494] {logging_mixin.py:115} INFO - [2024-12-14 16:02:07,493] {dagbag.py:507} INFO - Filling up the DagBag from /home/dev/curso/ambientevirtual/lib/python3.9/site-packages/airflow/example_dags/example_bash_operator.py
[2024-12-14 16:02:07,508] {processor.py:651} INFO - DAG(s) dict_keys(['example_bash_operator']) retrieved from /home/dev/curso/ambientevirtual/lib/python3.9/site-packages/airflow/example_dags/example_bash_operator.py
[2024-12-14 16:02:07,529] {logging_mixin.py:115} INFO - [2024-12-14 16:02:07,529] {dag.py:2379} INFO - Sync 1 DAGs
[2024-12-14 16:02:07,554] {logging_mixin.py:115} INFO - [2024-12-14 16:02:07,554] {dag.py:2927} INFO - Setting next_dagrun for example_bash_operator to 2024-12-13T00:00:00+00:00, run_after=2024-12-14T00:00:00+00:00
[2024-12-14 16:02:07,571] {processor.py:161} INFO - Processing /home/dev/curso/ambientevirtual/lib/python3.9/site-packages/airflow/example_dags/example_bash_operator.py took 0.090 seconds
[2024-12-14 16:02:42,255] {processor.py:153} INFO - Started process (PID=50878) to work on /home/dev/curso/ambientevirtual/lib/python3.9/site-packages/airflow/example_dags/example_bash_operator.py
[2024-12-14 16:02:42,256] {processor.py:641} INFO - Processing file /home/dev/curso/ambientevirtual/lib/python3.9/site-packages/airflow/example_dags/example_bash_operator.py for tasks to queue
[2024-12-14 16:02:42,257] {logging_mixin.py:115} INFO - [2024-12-14 16:02:42,257] {dagbag.py:507} INFO - Filling up the DagBag from /home/dev/curso/ambientevirtual/lib/python3.9/site-packages/airflow/example_dags/example_bash_operator.py
[2024-12-14 16:02:42,270] {processor.py:651} INFO - DAG(s) dict_keys(['example_bash_operator']) retrieved from /home/dev/curso/ambientevirtual/lib/python3.9/site-packages/airflow/example_dags/example_bash_operator.py
[2024-12-14 16:02:42,291] {logging_mixin.py:115} INFO - [2024-12-14 16:02:42,291] {dag.py:2379} INFO - Sync 1 DAGs
[2024-12-14 16:02:42,312] {logging_mixin.py:115} INFO - [2024-12-14 16:02:42,312] {dag.py:2927} INFO - Setting next_dagrun for example_bash_operator to 2024-12-13T00:00:00+00:00, run_after=2024-12-14T00:00:00+00:00
[2024-12-14 16:02:42,331] {processor.py:161} INFO - Processing /home/dev/curso/ambientevirtual/lib/python3.9/site-packages/airflow/example_dags/example_bash_operator.py took 0.079 seconds
[2024-12-14 16:03:15,991] {processor.py:153} INFO - Started process (PID=51006) to work on /home/dev/curso/ambientevirtual/lib/python3.9/site-packages/airflow/example_dags/example_bash_operator.py
[2024-12-14 16:03:15,992] {processor.py:641} INFO - Processing file /home/dev/curso/ambientevirtual/lib/python3.9/site-packages/airflow/example_dags/example_bash_operator.py for tasks to queue
[2024-12-14 16:03:15,993] {logging_mixin.py:115} INFO - [2024-12-14 16:03:15,992] {dagbag.py:507} INFO - Filling up the DagBag from /home/dev/curso/ambientevirtual/lib/python3.9/site-packages/airflow/example_dags/example_bash_operator.py
[2024-12-14 16:03:16,008] {processor.py:651} INFO - DAG(s) dict_keys(['example_bash_operator']) retrieved from /home/dev/curso/ambientevirtual/lib/python3.9/site-packages/airflow/example_dags/example_bash_operator.py
[2024-12-14 16:03:16,030] {logging_mixin.py:115} INFO - [2024-12-14 16:03:16,030] {dag.py:2379} INFO - Sync 1 DAGs
[2024-12-14 16:03:16,052] {logging_mixin.py:115} INFO - [2024-12-14 16:03:16,052] {dag.py:2927} INFO - Setting next_dagrun for example_bash_operator to 2024-12-13T00:00:00+00:00, run_after=2024-12-14T00:00:00+00:00
[2024-12-14 16:03:16,069] {processor.py:161} INFO - Processing /home/dev/curso/ambientevirtual/lib/python3.9/site-packages/airflow/example_dags/example_bash_operator.py took 0.084 seconds
[2024-12-14 16:03:51,005] {processor.py:153} INFO - Started process (PID=51130) to work on /home/dev/curso/ambientevirtual/lib/python3.9/site-packages/airflow/example_dags/example_bash_operator.py
[2024-12-14 16:03:51,006] {processor.py:641} INFO - Processing file /home/dev/curso/ambientevirtual/lib/python3.9/site-packages/airflow/example_dags/example_bash_operator.py for tasks to queue
[2024-12-14 16:03:51,007] {logging_mixin.py:115} INFO - [2024-12-14 16:03:51,007] {dagbag.py:507} INFO - Filling up the DagBag from /home/dev/curso/ambientevirtual/lib/python3.9/site-packages/airflow/example_dags/example_bash_operator.py
[2024-12-14 16:03:51,025] {processor.py:651} INFO - DAG(s) dict_keys(['example_bash_operator']) retrieved from /home/dev/curso/ambientevirtual/lib/python3.9/site-packages/airflow/example_dags/example_bash_operator.py
[2024-12-14 16:03:51,053] {logging_mixin.py:115} INFO - [2024-12-14 16:03:51,052] {dag.py:2379} INFO - Sync 1 DAGs
[2024-12-14 16:03:51,085] {logging_mixin.py:115} INFO - [2024-12-14 16:03:51,084] {dag.py:2927} INFO - Setting next_dagrun for example_bash_operator to 2024-12-13T00:00:00+00:00, run_after=2024-12-14T00:00:00+00:00
[2024-12-14 16:03:51,104] {processor.py:161} INFO - Processing /home/dev/curso/ambientevirtual/lib/python3.9/site-packages/airflow/example_dags/example_bash_operator.py took 0.104 seconds
[2024-12-14 16:04:26,611] {processor.py:153} INFO - Started process (PID=51264) to work on /home/dev/curso/ambientevirtual/lib/python3.9/site-packages/airflow/example_dags/example_bash_operator.py
[2024-12-14 16:04:26,612] {processor.py:641} INFO - Processing file /home/dev/curso/ambientevirtual/lib/python3.9/site-packages/airflow/example_dags/example_bash_operator.py for tasks to queue
[2024-12-14 16:04:26,614] {logging_mixin.py:115} INFO - [2024-12-14 16:04:26,614] {dagbag.py:507} INFO - Filling up the DagBag from /home/dev/curso/ambientevirtual/lib/python3.9/site-packages/airflow/example_dags/example_bash_operator.py
[2024-12-14 16:04:26,629] {processor.py:651} INFO - DAG(s) dict_keys(['example_bash_operator']) retrieved from /home/dev/curso/ambientevirtual/lib/python3.9/site-packages/airflow/example_dags/example_bash_operator.py
[2024-12-14 16:04:26,650] {logging_mixin.py:115} INFO - [2024-12-14 16:04:26,650] {dag.py:2379} INFO - Sync 1 DAGs
[2024-12-14 16:04:26,672] {logging_mixin.py:115} INFO - [2024-12-14 16:04:26,672] {dag.py:2927} INFO - Setting next_dagrun for example_bash_operator to 2024-12-13T00:00:00+00:00, run_after=2024-12-14T00:00:00+00:00
[2024-12-14 16:04:26,689] {processor.py:161} INFO - Processing /home/dev/curso/ambientevirtual/lib/python3.9/site-packages/airflow/example_dags/example_bash_operator.py took 0.082 seconds
[2024-12-14 16:05:03,398] {processor.py:153} INFO - Started process (PID=51395) to work on /home/dev/curso/ambientevirtual/lib/python3.9/site-packages/airflow/example_dags/example_bash_operator.py
[2024-12-14 16:05:03,400] {processor.py:641} INFO - Processing file /home/dev/curso/ambientevirtual/lib/python3.9/site-packages/airflow/example_dags/example_bash_operator.py for tasks to queue
[2024-12-14 16:05:03,401] {logging_mixin.py:115} INFO - [2024-12-14 16:05:03,401] {dagbag.py:507} INFO - Filling up the DagBag from /home/dev/curso/ambientevirtual/lib/python3.9/site-packages/airflow/example_dags/example_bash_operator.py
[2024-12-14 16:05:03,421] {processor.py:651} INFO - DAG(s) dict_keys(['example_bash_operator']) retrieved from /home/dev/curso/ambientevirtual/lib/python3.9/site-packages/airflow/example_dags/example_bash_operator.py
[2024-12-14 16:05:03,444] {logging_mixin.py:115} INFO - [2024-12-14 16:05:03,443] {dag.py:2379} INFO - Sync 1 DAGs
[2024-12-14 16:05:03,465] {logging_mixin.py:115} INFO - [2024-12-14 16:05:03,465] {dag.py:2927} INFO - Setting next_dagrun for example_bash_operator to 2024-12-13T00:00:00+00:00, run_after=2024-12-14T00:00:00+00:00
[2024-12-14 16:05:03,483] {processor.py:161} INFO - Processing /home/dev/curso/ambientevirtual/lib/python3.9/site-packages/airflow/example_dags/example_bash_operator.py took 0.092 seconds
[2024-12-14 16:05:39,405] {processor.py:153} INFO - Started process (PID=51525) to work on /home/dev/curso/ambientevirtual/lib/python3.9/site-packages/airflow/example_dags/example_bash_operator.py
[2024-12-14 16:05:39,407] {processor.py:641} INFO - Processing file /home/dev/curso/ambientevirtual/lib/python3.9/site-packages/airflow/example_dags/example_bash_operator.py for tasks to queue
[2024-12-14 16:05:39,408] {logging_mixin.py:115} INFO - [2024-12-14 16:05:39,408] {dagbag.py:507} INFO - Filling up the DagBag from /home/dev/curso/ambientevirtual/lib/python3.9/site-packages/airflow/example_dags/example_bash_operator.py
[2024-12-14 16:05:39,422] {processor.py:651} INFO - DAG(s) dict_keys(['example_bash_operator']) retrieved from /home/dev/curso/ambientevirtual/lib/python3.9/site-packages/airflow/example_dags/example_bash_operator.py
[2024-12-14 16:05:39,443] {logging_mixin.py:115} INFO - [2024-12-14 16:05:39,442] {dag.py:2379} INFO - Sync 1 DAGs
[2024-12-14 16:05:39,466] {logging_mixin.py:115} INFO - [2024-12-14 16:05:39,466] {dag.py:2927} INFO - Setting next_dagrun for example_bash_operator to 2024-12-13T00:00:00+00:00, run_after=2024-12-14T00:00:00+00:00
[2024-12-14 16:05:39,484] {processor.py:161} INFO - Processing /home/dev/curso/ambientevirtual/lib/python3.9/site-packages/airflow/example_dags/example_bash_operator.py took 0.085 seconds
[2024-12-14 16:06:16,859] {processor.py:153} INFO - Started process (PID=51664) to work on /home/dev/curso/ambientevirtual/lib/python3.9/site-packages/airflow/example_dags/example_bash_operator.py
[2024-12-14 16:06:16,861] {processor.py:641} INFO - Processing file /home/dev/curso/ambientevirtual/lib/python3.9/site-packages/airflow/example_dags/example_bash_operator.py for tasks to queue
[2024-12-14 16:06:16,862] {logging_mixin.py:115} INFO - [2024-12-14 16:06:16,862] {dagbag.py:507} INFO - Filling up the DagBag from /home/dev/curso/ambientevirtual/lib/python3.9/site-packages/airflow/example_dags/example_bash_operator.py
[2024-12-14 16:06:16,882] {processor.py:651} INFO - DAG(s) dict_keys(['example_bash_operator']) retrieved from /home/dev/curso/ambientevirtual/lib/python3.9/site-packages/airflow/example_dags/example_bash_operator.py
[2024-12-14 16:06:16,901] {logging_mixin.py:115} INFO - [2024-12-14 16:06:16,901] {dag.py:2379} INFO - Sync 1 DAGs
[2024-12-14 16:06:16,921] {logging_mixin.py:115} INFO - [2024-12-14 16:06:16,921] {dag.py:2927} INFO - Setting next_dagrun for example_bash_operator to 2024-12-13T00:00:00+00:00, run_after=2024-12-14T00:00:00+00:00
[2024-12-14 16:06:16,939] {processor.py:161} INFO - Processing /home/dev/curso/ambientevirtual/lib/python3.9/site-packages/airflow/example_dags/example_bash_operator.py took 0.086 seconds
[2024-12-14 16:06:50,143] {processor.py:153} INFO - Started process (PID=51842) to work on /home/dev/curso/ambientevirtual/lib/python3.9/site-packages/airflow/example_dags/example_bash_operator.py
[2024-12-14 16:06:50,144] {processor.py:641} INFO - Processing file /home/dev/curso/ambientevirtual/lib/python3.9/site-packages/airflow/example_dags/example_bash_operator.py for tasks to queue
[2024-12-14 16:06:50,144] {logging_mixin.py:115} INFO - [2024-12-14 16:06:50,144] {dagbag.py:507} INFO - Filling up the DagBag from /home/dev/curso/ambientevirtual/lib/python3.9/site-packages/airflow/example_dags/example_bash_operator.py
[2024-12-14 16:06:50,159] {processor.py:651} INFO - DAG(s) dict_keys(['example_bash_operator']) retrieved from /home/dev/curso/ambientevirtual/lib/python3.9/site-packages/airflow/example_dags/example_bash_operator.py
[2024-12-14 16:06:50,183] {logging_mixin.py:115} INFO - [2024-12-14 16:06:50,183] {dag.py:2379} INFO - Sync 1 DAGs
[2024-12-14 16:06:50,209] {logging_mixin.py:115} INFO - [2024-12-14 16:06:50,209] {dag.py:2927} INFO - Setting next_dagrun for example_bash_operator to 2024-12-13T00:00:00+00:00, run_after=2024-12-14T00:00:00+00:00
[2024-12-14 16:06:50,230] {processor.py:161} INFO - Processing /home/dev/curso/ambientevirtual/lib/python3.9/site-packages/airflow/example_dags/example_bash_operator.py took 0.091 seconds
[2024-12-14 16:07:27,454] {processor.py:153} INFO - Started process (PID=52038) to work on /home/dev/curso/ambientevirtual/lib/python3.9/site-packages/airflow/example_dags/example_bash_operator.py
[2024-12-14 16:07:27,456] {processor.py:641} INFO - Processing file /home/dev/curso/ambientevirtual/lib/python3.9/site-packages/airflow/example_dags/example_bash_operator.py for tasks to queue
[2024-12-14 16:07:27,456] {logging_mixin.py:115} INFO - [2024-12-14 16:07:27,456] {dagbag.py:507} INFO - Filling up the DagBag from /home/dev/curso/ambientevirtual/lib/python3.9/site-packages/airflow/example_dags/example_bash_operator.py
[2024-12-14 16:07:27,472] {processor.py:651} INFO - DAG(s) dict_keys(['example_bash_operator']) retrieved from /home/dev/curso/ambientevirtual/lib/python3.9/site-packages/airflow/example_dags/example_bash_operator.py
[2024-12-14 16:07:27,491] {logging_mixin.py:115} INFO - [2024-12-14 16:07:27,491] {dag.py:2379} INFO - Sync 1 DAGs
[2024-12-14 16:07:27,512] {logging_mixin.py:115} INFO - [2024-12-14 16:07:27,511] {dag.py:2927} INFO - Setting next_dagrun for example_bash_operator to 2024-12-13T00:00:00+00:00, run_after=2024-12-14T00:00:00+00:00
[2024-12-14 16:07:27,528] {processor.py:161} INFO - Processing /home/dev/curso/ambientevirtual/lib/python3.9/site-packages/airflow/example_dags/example_bash_operator.py took 0.080 seconds
[2024-12-14 16:08:01,501] {processor.py:153} INFO - Started process (PID=52160) to work on /home/dev/curso/ambientevirtual/lib/python3.9/site-packages/airflow/example_dags/example_bash_operator.py
[2024-12-14 16:08:01,501] {processor.py:641} INFO - Processing file /home/dev/curso/ambientevirtual/lib/python3.9/site-packages/airflow/example_dags/example_bash_operator.py for tasks to queue
[2024-12-14 16:08:01,502] {logging_mixin.py:115} INFO - [2024-12-14 16:08:01,502] {dagbag.py:507} INFO - Filling up the DagBag from /home/dev/curso/ambientevirtual/lib/python3.9/site-packages/airflow/example_dags/example_bash_operator.py
[2024-12-14 16:08:01,523] {processor.py:651} INFO - DAG(s) dict_keys(['example_bash_operator']) retrieved from /home/dev/curso/ambientevirtual/lib/python3.9/site-packages/airflow/example_dags/example_bash_operator.py
[2024-12-14 16:08:01,548] {logging_mixin.py:115} INFO - [2024-12-14 16:08:01,548] {dag.py:2379} INFO - Sync 1 DAGs
[2024-12-14 16:08:01,578] {logging_mixin.py:115} INFO - [2024-12-14 16:08:01,578] {dag.py:2927} INFO - Setting next_dagrun for example_bash_operator to 2024-12-13T00:00:00+00:00, run_after=2024-12-14T00:00:00+00:00
[2024-12-14 16:08:01,596] {processor.py:161} INFO - Processing /home/dev/curso/ambientevirtual/lib/python3.9/site-packages/airflow/example_dags/example_bash_operator.py took 0.101 seconds
[2024-12-14 16:08:38,263] {processor.py:153} INFO - Started process (PID=52439) to work on /home/dev/curso/ambientevirtual/lib/python3.9/site-packages/airflow/example_dags/example_bash_operator.py
[2024-12-14 16:08:38,266] {processor.py:641} INFO - Processing file /home/dev/curso/ambientevirtual/lib/python3.9/site-packages/airflow/example_dags/example_bash_operator.py for tasks to queue
[2024-12-14 16:08:38,267] {logging_mixin.py:115} INFO - [2024-12-14 16:08:38,267] {dagbag.py:507} INFO - Filling up the DagBag from /home/dev/curso/ambientevirtual/lib/python3.9/site-packages/airflow/example_dags/example_bash_operator.py
[2024-12-14 16:08:38,284] {processor.py:651} INFO - DAG(s) dict_keys(['example_bash_operator']) retrieved from /home/dev/curso/ambientevirtual/lib/python3.9/site-packages/airflow/example_dags/example_bash_operator.py
[2024-12-14 16:08:38,310] {logging_mixin.py:115} INFO - [2024-12-14 16:08:38,310] {dag.py:2379} INFO - Sync 1 DAGs
[2024-12-14 16:08:38,340] {logging_mixin.py:115} INFO - [2024-12-14 16:08:38,339] {dag.py:2927} INFO - Setting next_dagrun for example_bash_operator to 2024-12-13T00:00:00+00:00, run_after=2024-12-14T00:00:00+00:00
[2024-12-14 16:08:38,356] {processor.py:161} INFO - Processing /home/dev/curso/ambientevirtual/lib/python3.9/site-packages/airflow/example_dags/example_bash_operator.py took 0.097 seconds
[2024-12-14 16:09:13,222] {processor.py:153} INFO - Started process (PID=52658) to work on /home/dev/curso/ambientevirtual/lib/python3.9/site-packages/airflow/example_dags/example_bash_operator.py
[2024-12-14 16:09:13,225] {processor.py:641} INFO - Processing file /home/dev/curso/ambientevirtual/lib/python3.9/site-packages/airflow/example_dags/example_bash_operator.py for tasks to queue
[2024-12-14 16:09:13,226] {logging_mixin.py:115} INFO - [2024-12-14 16:09:13,226] {dagbag.py:507} INFO - Filling up the DagBag from /home/dev/curso/ambientevirtual/lib/python3.9/site-packages/airflow/example_dags/example_bash_operator.py
[2024-12-14 16:09:13,244] {processor.py:651} INFO - DAG(s) dict_keys(['example_bash_operator']) retrieved from /home/dev/curso/ambientevirtual/lib/python3.9/site-packages/airflow/example_dags/example_bash_operator.py
[2024-12-14 16:09:13,264] {logging_mixin.py:115} INFO - [2024-12-14 16:09:13,264] {dag.py:2379} INFO - Sync 1 DAGs
[2024-12-14 16:09:13,291] {logging_mixin.py:115} INFO - [2024-12-14 16:09:13,291] {dag.py:2927} INFO - Setting next_dagrun for example_bash_operator to 2024-12-13T00:00:00+00:00, run_after=2024-12-14T00:00:00+00:00
[2024-12-14 16:09:13,312] {processor.py:161} INFO - Processing /home/dev/curso/ambientevirtual/lib/python3.9/site-packages/airflow/example_dags/example_bash_operator.py took 0.097 seconds
[2024-12-14 16:09:49,775] {processor.py:153} INFO - Started process (PID=52788) to work on /home/dev/curso/ambientevirtual/lib/python3.9/site-packages/airflow/example_dags/example_bash_operator.py
[2024-12-14 16:09:49,776] {processor.py:641} INFO - Processing file /home/dev/curso/ambientevirtual/lib/python3.9/site-packages/airflow/example_dags/example_bash_operator.py for tasks to queue
[2024-12-14 16:09:49,777] {logging_mixin.py:115} INFO - [2024-12-14 16:09:49,777] {dagbag.py:507} INFO - Filling up the DagBag from /home/dev/curso/ambientevirtual/lib/python3.9/site-packages/airflow/example_dags/example_bash_operator.py
[2024-12-14 16:09:49,801] {processor.py:651} INFO - DAG(s) dict_keys(['example_bash_operator']) retrieved from /home/dev/curso/ambientevirtual/lib/python3.9/site-packages/airflow/example_dags/example_bash_operator.py
[2024-12-14 16:09:49,824] {logging_mixin.py:115} INFO - [2024-12-14 16:09:49,824] {dag.py:2379} INFO - Sync 1 DAGs
[2024-12-14 16:09:49,852] {logging_mixin.py:115} INFO - [2024-12-14 16:09:49,852] {dag.py:2927} INFO - Setting next_dagrun for example_bash_operator to 2024-12-13T00:00:00+00:00, run_after=2024-12-14T00:00:00+00:00
[2024-12-14 16:09:49,873] {processor.py:161} INFO - Processing /home/dev/curso/ambientevirtual/lib/python3.9/site-packages/airflow/example_dags/example_bash_operator.py took 0.106 seconds
[2024-12-14 16:10:22,721] {processor.py:153} INFO - Started process (PID=52909) to work on /home/dev/curso/ambientevirtual/lib/python3.9/site-packages/airflow/example_dags/example_bash_operator.py
[2024-12-14 16:10:22,722] {processor.py:641} INFO - Processing file /home/dev/curso/ambientevirtual/lib/python3.9/site-packages/airflow/example_dags/example_bash_operator.py for tasks to queue
[2024-12-14 16:10:22,723] {logging_mixin.py:115} INFO - [2024-12-14 16:10:22,723] {dagbag.py:507} INFO - Filling up the DagBag from /home/dev/curso/ambientevirtual/lib/python3.9/site-packages/airflow/example_dags/example_bash_operator.py
[2024-12-14 16:10:22,746] {processor.py:651} INFO - DAG(s) dict_keys(['example_bash_operator']) retrieved from /home/dev/curso/ambientevirtual/lib/python3.9/site-packages/airflow/example_dags/example_bash_operator.py
[2024-12-14 16:10:22,767] {logging_mixin.py:115} INFO - [2024-12-14 16:10:22,767] {dag.py:2379} INFO - Sync 1 DAGs
[2024-12-14 16:10:22,788] {logging_mixin.py:115} INFO - [2024-12-14 16:10:22,788] {dag.py:2927} INFO - Setting next_dagrun for example_bash_operator to 2024-12-13T00:00:00+00:00, run_after=2024-12-14T00:00:00+00:00
[2024-12-14 16:10:22,808] {processor.py:161} INFO - Processing /home/dev/curso/ambientevirtual/lib/python3.9/site-packages/airflow/example_dags/example_bash_operator.py took 0.094 seconds
[2024-12-14 16:10:57,448] {processor.py:153} INFO - Started process (PID=53153) to work on /home/dev/curso/ambientevirtual/lib/python3.9/site-packages/airflow/example_dags/example_bash_operator.py
[2024-12-14 16:10:57,450] {processor.py:641} INFO - Processing file /home/dev/curso/ambientevirtual/lib/python3.9/site-packages/airflow/example_dags/example_bash_operator.py for tasks to queue
[2024-12-14 16:10:57,450] {logging_mixin.py:115} INFO - [2024-12-14 16:10:57,450] {dagbag.py:507} INFO - Filling up the DagBag from /home/dev/curso/ambientevirtual/lib/python3.9/site-packages/airflow/example_dags/example_bash_operator.py
[2024-12-14 16:10:57,465] {processor.py:651} INFO - DAG(s) dict_keys(['example_bash_operator']) retrieved from /home/dev/curso/ambientevirtual/lib/python3.9/site-packages/airflow/example_dags/example_bash_operator.py
[2024-12-14 16:10:57,486] {logging_mixin.py:115} INFO - [2024-12-14 16:10:57,485] {dag.py:2379} INFO - Sync 1 DAGs
[2024-12-14 16:10:57,506] {logging_mixin.py:115} INFO - [2024-12-14 16:10:57,506] {dag.py:2927} INFO - Setting next_dagrun for example_bash_operator to 2024-12-13T00:00:00+00:00, run_after=2024-12-14T00:00:00+00:00
[2024-12-14 16:10:57,523] {processor.py:161} INFO - Processing /home/dev/curso/ambientevirtual/lib/python3.9/site-packages/airflow/example_dags/example_bash_operator.py took 0.082 seconds
[2024-12-14 16:11:32,124] {processor.py:153} INFO - Started process (PID=53280) to work on /home/dev/curso/ambientevirtual/lib/python3.9/site-packages/airflow/example_dags/example_bash_operator.py
[2024-12-14 16:11:32,125] {processor.py:641} INFO - Processing file /home/dev/curso/ambientevirtual/lib/python3.9/site-packages/airflow/example_dags/example_bash_operator.py for tasks to queue
[2024-12-14 16:11:32,127] {logging_mixin.py:115} INFO - [2024-12-14 16:11:32,127] {dagbag.py:507} INFO - Filling up the DagBag from /home/dev/curso/ambientevirtual/lib/python3.9/site-packages/airflow/example_dags/example_bash_operator.py
[2024-12-14 16:11:32,154] {processor.py:651} INFO - DAG(s) dict_keys(['example_bash_operator']) retrieved from /home/dev/curso/ambientevirtual/lib/python3.9/site-packages/airflow/example_dags/example_bash_operator.py
[2024-12-14 16:11:32,185] {logging_mixin.py:115} INFO - [2024-12-14 16:11:32,185] {dag.py:2379} INFO - Sync 1 DAGs
[2024-12-14 16:11:32,221] {logging_mixin.py:115} INFO - [2024-12-14 16:11:32,221] {dag.py:2927} INFO - Setting next_dagrun for example_bash_operator to 2024-12-13T00:00:00+00:00, run_after=2024-12-14T00:00:00+00:00
[2024-12-14 16:11:32,238] {processor.py:161} INFO - Processing /home/dev/curso/ambientevirtual/lib/python3.9/site-packages/airflow/example_dags/example_bash_operator.py took 0.119 seconds
