[2024-12-14 15:51:55,023] {processor.py:153} INFO - Started process (PID=48113) to work on /home/dev/curso/ambientevirtual/lib/python3.9/site-packages/airflow/example_dags/tutorial_taskflow_api_etl_virtualenv.py
[2024-12-14 15:51:55,024] {processor.py:641} INFO - Processing file /home/dev/curso/ambientevirtual/lib/python3.9/site-packages/airflow/example_dags/tutorial_taskflow_api_etl_virtualenv.py for tasks to queue
[2024-12-14 15:51:55,025] {logging_mixin.py:115} INFO - [2024-12-14 15:51:55,025] {dagbag.py:507} INFO - Filling up the DagBag from /home/dev/curso/ambientevirtual/lib/python3.9/site-packages/airflow/example_dags/tutorial_taskflow_api_etl_virtualenv.py
[2024-12-14 15:51:55,071] {logging_mixin.py:115} INFO - [2024-12-14 15:51:55,071] {tutorial_taskflow_api_etl_virtualenv.py:29} WARNING - The tutorial_taskflow_api_etl_virtualenv example DAG requires virtualenv, please install it.
[2024-12-14 15:51:55,071] {processor.py:653} WARNING - No viable dags retrieved from /home/dev/curso/ambientevirtual/lib/python3.9/site-packages/airflow/example_dags/tutorial_taskflow_api_etl_virtualenv.py
[2024-12-14 15:51:55,084] {processor.py:161} INFO - Processing /home/dev/curso/ambientevirtual/lib/python3.9/site-packages/airflow/example_dags/tutorial_taskflow_api_etl_virtualenv.py took 0.067 seconds
[2024-12-14 15:52:31,834] {processor.py:153} INFO - Started process (PID=48365) to work on /home/dev/curso/ambientevirtual/lib/python3.9/site-packages/airflow/example_dags/tutorial_taskflow_api_etl_virtualenv.py
[2024-12-14 15:52:31,836] {processor.py:641} INFO - Processing file /home/dev/curso/ambientevirtual/lib/python3.9/site-packages/airflow/example_dags/tutorial_taskflow_api_etl_virtualenv.py for tasks to queue
[2024-12-14 15:52:31,837] {logging_mixin.py:115} INFO - [2024-12-14 15:52:31,837] {dagbag.py:507} INFO - Filling up the DagBag from /home/dev/curso/ambientevirtual/lib/python3.9/site-packages/airflow/example_dags/tutorial_taskflow_api_etl_virtualenv.py
[2024-12-14 15:52:31,889] {logging_mixin.py:115} INFO - [2024-12-14 15:52:31,889] {tutorial_taskflow_api_etl_virtualenv.py:29} WARNING - The tutorial_taskflow_api_etl_virtualenv example DAG requires virtualenv, please install it.
[2024-12-14 15:52:31,889] {processor.py:653} WARNING - No viable dags retrieved from /home/dev/curso/ambientevirtual/lib/python3.9/site-packages/airflow/example_dags/tutorial_taskflow_api_etl_virtualenv.py
[2024-12-14 15:52:31,903] {processor.py:161} INFO - Processing /home/dev/curso/ambientevirtual/lib/python3.9/site-packages/airflow/example_dags/tutorial_taskflow_api_etl_virtualenv.py took 0.076 seconds
[2024-12-14 15:53:11,484] {processor.py:153} INFO - Started process (PID=48510) to work on /home/dev/curso/ambientevirtual/lib/python3.9/site-packages/airflow/example_dags/tutorial_taskflow_api_etl_virtualenv.py
[2024-12-14 15:53:11,486] {processor.py:641} INFO - Processing file /home/dev/curso/ambientevirtual/lib/python3.9/site-packages/airflow/example_dags/tutorial_taskflow_api_etl_virtualenv.py for tasks to queue
[2024-12-14 15:53:11,487] {logging_mixin.py:115} INFO - [2024-12-14 15:53:11,487] {dagbag.py:507} INFO - Filling up the DagBag from /home/dev/curso/ambientevirtual/lib/python3.9/site-packages/airflow/example_dags/tutorial_taskflow_api_etl_virtualenv.py
[2024-12-14 15:53:11,544] {logging_mixin.py:115} INFO - [2024-12-14 15:53:11,544] {tutorial_taskflow_api_etl_virtualenv.py:29} WARNING - The tutorial_taskflow_api_etl_virtualenv example DAG requires virtualenv, please install it.
[2024-12-14 15:53:11,544] {processor.py:653} WARNING - No viable dags retrieved from /home/dev/curso/ambientevirtual/lib/python3.9/site-packages/airflow/example_dags/tutorial_taskflow_api_etl_virtualenv.py
[2024-12-14 15:53:11,557] {processor.py:161} INFO - Processing /home/dev/curso/ambientevirtual/lib/python3.9/site-packages/airflow/example_dags/tutorial_taskflow_api_etl_virtualenv.py took 0.079 seconds
[2024-12-14 15:53:49,573] {processor.py:153} INFO - Started process (PID=48648) to work on /home/dev/curso/ambientevirtual/lib/python3.9/site-packages/airflow/example_dags/tutorial_taskflow_api_etl_virtualenv.py
[2024-12-14 15:53:49,575] {processor.py:641} INFO - Processing file /home/dev/curso/ambientevirtual/lib/python3.9/site-packages/airflow/example_dags/tutorial_taskflow_api_etl_virtualenv.py for tasks to queue
[2024-12-14 15:53:49,576] {logging_mixin.py:115} INFO - [2024-12-14 15:53:49,576] {dagbag.py:507} INFO - Filling up the DagBag from /home/dev/curso/ambientevirtual/lib/python3.9/site-packages/airflow/example_dags/tutorial_taskflow_api_etl_virtualenv.py
[2024-12-14 15:53:49,625] {logging_mixin.py:115} INFO - [2024-12-14 15:53:49,625] {tutorial_taskflow_api_etl_virtualenv.py:29} WARNING - The tutorial_taskflow_api_etl_virtualenv example DAG requires virtualenv, please install it.
[2024-12-14 15:53:49,625] {processor.py:653} WARNING - No viable dags retrieved from /home/dev/curso/ambientevirtual/lib/python3.9/site-packages/airflow/example_dags/tutorial_taskflow_api_etl_virtualenv.py
[2024-12-14 15:53:49,639] {processor.py:161} INFO - Processing /home/dev/curso/ambientevirtual/lib/python3.9/site-packages/airflow/example_dags/tutorial_taskflow_api_etl_virtualenv.py took 0.073 seconds
[2024-12-14 15:54:25,286] {processor.py:153} INFO - Started process (PID=48781) to work on /home/dev/curso/ambientevirtual/lib/python3.9/site-packages/airflow/example_dags/tutorial_taskflow_api_etl_virtualenv.py
[2024-12-14 15:54:25,287] {processor.py:641} INFO - Processing file /home/dev/curso/ambientevirtual/lib/python3.9/site-packages/airflow/example_dags/tutorial_taskflow_api_etl_virtualenv.py for tasks to queue
[2024-12-14 15:54:25,288] {logging_mixin.py:115} INFO - [2024-12-14 15:54:25,287] {dagbag.py:507} INFO - Filling up the DagBag from /home/dev/curso/ambientevirtual/lib/python3.9/site-packages/airflow/example_dags/tutorial_taskflow_api_etl_virtualenv.py
[2024-12-14 15:54:25,331] {logging_mixin.py:115} INFO - [2024-12-14 15:54:25,331] {tutorial_taskflow_api_etl_virtualenv.py:29} WARNING - The tutorial_taskflow_api_etl_virtualenv example DAG requires virtualenv, please install it.
[2024-12-14 15:54:25,331] {processor.py:653} WARNING - No viable dags retrieved from /home/dev/curso/ambientevirtual/lib/python3.9/site-packages/airflow/example_dags/tutorial_taskflow_api_etl_virtualenv.py
[2024-12-14 15:54:25,343] {processor.py:161} INFO - Processing /home/dev/curso/ambientevirtual/lib/python3.9/site-packages/airflow/example_dags/tutorial_taskflow_api_etl_virtualenv.py took 0.061 seconds
[2024-12-14 15:55:03,608] {processor.py:153} INFO - Started process (PID=48914) to work on /home/dev/curso/ambientevirtual/lib/python3.9/site-packages/airflow/example_dags/tutorial_taskflow_api_etl_virtualenv.py
[2024-12-14 15:55:03,609] {processor.py:641} INFO - Processing file /home/dev/curso/ambientevirtual/lib/python3.9/site-packages/airflow/example_dags/tutorial_taskflow_api_etl_virtualenv.py for tasks to queue
[2024-12-14 15:55:03,610] {logging_mixin.py:115} INFO - [2024-12-14 15:55:03,610] {dagbag.py:507} INFO - Filling up the DagBag from /home/dev/curso/ambientevirtual/lib/python3.9/site-packages/airflow/example_dags/tutorial_taskflow_api_etl_virtualenv.py
[2024-12-14 15:55:03,668] {logging_mixin.py:115} INFO - [2024-12-14 15:55:03,668] {tutorial_taskflow_api_etl_virtualenv.py:29} WARNING - The tutorial_taskflow_api_etl_virtualenv example DAG requires virtualenv, please install it.
[2024-12-14 15:55:03,668] {processor.py:653} WARNING - No viable dags retrieved from /home/dev/curso/ambientevirtual/lib/python3.9/site-packages/airflow/example_dags/tutorial_taskflow_api_etl_virtualenv.py
[2024-12-14 15:55:03,683] {processor.py:161} INFO - Processing /home/dev/curso/ambientevirtual/lib/python3.9/site-packages/airflow/example_dags/tutorial_taskflow_api_etl_virtualenv.py took 0.080 seconds
[2024-12-14 15:55:42,442] {processor.py:153} INFO - Started process (PID=49059) to work on /home/dev/curso/ambientevirtual/lib/python3.9/site-packages/airflow/example_dags/tutorial_taskflow_api_etl_virtualenv.py
[2024-12-14 15:55:42,444] {processor.py:641} INFO - Processing file /home/dev/curso/ambientevirtual/lib/python3.9/site-packages/airflow/example_dags/tutorial_taskflow_api_etl_virtualenv.py for tasks to queue
[2024-12-14 15:55:42,445] {logging_mixin.py:115} INFO - [2024-12-14 15:55:42,445] {dagbag.py:507} INFO - Filling up the DagBag from /home/dev/curso/ambientevirtual/lib/python3.9/site-packages/airflow/example_dags/tutorial_taskflow_api_etl_virtualenv.py
[2024-12-14 15:55:42,511] {logging_mixin.py:115} INFO - [2024-12-14 15:55:42,511] {tutorial_taskflow_api_etl_virtualenv.py:29} WARNING - The tutorial_taskflow_api_etl_virtualenv example DAG requires virtualenv, please install it.
[2024-12-14 15:55:42,511] {processor.py:653} WARNING - No viable dags retrieved from /home/dev/curso/ambientevirtual/lib/python3.9/site-packages/airflow/example_dags/tutorial_taskflow_api_etl_virtualenv.py
[2024-12-14 15:55:42,523] {processor.py:161} INFO - Processing /home/dev/curso/ambientevirtual/lib/python3.9/site-packages/airflow/example_dags/tutorial_taskflow_api_etl_virtualenv.py took 0.087 seconds
[2024-12-14 15:56:19,444] {processor.py:153} INFO - Started process (PID=49190) to work on /home/dev/curso/ambientevirtual/lib/python3.9/site-packages/airflow/example_dags/tutorial_taskflow_api_etl_virtualenv.py
[2024-12-14 15:56:19,446] {processor.py:641} INFO - Processing file /home/dev/curso/ambientevirtual/lib/python3.9/site-packages/airflow/example_dags/tutorial_taskflow_api_etl_virtualenv.py for tasks to queue
[2024-12-14 15:56:19,447] {logging_mixin.py:115} INFO - [2024-12-14 15:56:19,446] {dagbag.py:507} INFO - Filling up the DagBag from /home/dev/curso/ambientevirtual/lib/python3.9/site-packages/airflow/example_dags/tutorial_taskflow_api_etl_virtualenv.py
[2024-12-14 15:56:19,513] {logging_mixin.py:115} INFO - [2024-12-14 15:56:19,513] {tutorial_taskflow_api_etl_virtualenv.py:29} WARNING - The tutorial_taskflow_api_etl_virtualenv example DAG requires virtualenv, please install it.
[2024-12-14 15:56:19,514] {processor.py:653} WARNING - No viable dags retrieved from /home/dev/curso/ambientevirtual/lib/python3.9/site-packages/airflow/example_dags/tutorial_taskflow_api_etl_virtualenv.py
[2024-12-14 15:56:19,532] {processor.py:161} INFO - Processing /home/dev/curso/ambientevirtual/lib/python3.9/site-packages/airflow/example_dags/tutorial_taskflow_api_etl_virtualenv.py took 0.096 seconds
[2024-12-14 15:56:57,186] {processor.py:153} INFO - Started process (PID=49392) to work on /home/dev/curso/ambientevirtual/lib/python3.9/site-packages/airflow/example_dags/tutorial_taskflow_api_etl_virtualenv.py
[2024-12-14 15:56:57,187] {processor.py:641} INFO - Processing file /home/dev/curso/ambientevirtual/lib/python3.9/site-packages/airflow/example_dags/tutorial_taskflow_api_etl_virtualenv.py for tasks to queue
[2024-12-14 15:56:57,188] {logging_mixin.py:115} INFO - [2024-12-14 15:56:57,188] {dagbag.py:507} INFO - Filling up the DagBag from /home/dev/curso/ambientevirtual/lib/python3.9/site-packages/airflow/example_dags/tutorial_taskflow_api_etl_virtualenv.py
[2024-12-14 15:56:57,242] {logging_mixin.py:115} INFO - [2024-12-14 15:56:57,241] {tutorial_taskflow_api_etl_virtualenv.py:29} WARNING - The tutorial_taskflow_api_etl_virtualenv example DAG requires virtualenv, please install it.
[2024-12-14 15:56:57,242] {processor.py:653} WARNING - No viable dags retrieved from /home/dev/curso/ambientevirtual/lib/python3.9/site-packages/airflow/example_dags/tutorial_taskflow_api_etl_virtualenv.py
[2024-12-14 15:56:57,256] {processor.py:161} INFO - Processing /home/dev/curso/ambientevirtual/lib/python3.9/site-packages/airflow/example_dags/tutorial_taskflow_api_etl_virtualenv.py took 0.073 seconds
[2024-12-14 15:57:38,513] {processor.py:153} INFO - Started process (PID=49538) to work on /home/dev/curso/ambientevirtual/lib/python3.9/site-packages/airflow/example_dags/tutorial_taskflow_api_etl_virtualenv.py
[2024-12-14 15:57:38,515] {processor.py:641} INFO - Processing file /home/dev/curso/ambientevirtual/lib/python3.9/site-packages/airflow/example_dags/tutorial_taskflow_api_etl_virtualenv.py for tasks to queue
[2024-12-14 15:57:38,516] {logging_mixin.py:115} INFO - [2024-12-14 15:57:38,515] {dagbag.py:507} INFO - Filling up the DagBag from /home/dev/curso/ambientevirtual/lib/python3.9/site-packages/airflow/example_dags/tutorial_taskflow_api_etl_virtualenv.py
[2024-12-14 15:57:38,572] {logging_mixin.py:115} INFO - [2024-12-14 15:57:38,572] {tutorial_taskflow_api_etl_virtualenv.py:29} WARNING - The tutorial_taskflow_api_etl_virtualenv example DAG requires virtualenv, please install it.
[2024-12-14 15:57:38,573] {processor.py:653} WARNING - No viable dags retrieved from /home/dev/curso/ambientevirtual/lib/python3.9/site-packages/airflow/example_dags/tutorial_taskflow_api_etl_virtualenv.py
[2024-12-14 15:57:38,586] {processor.py:161} INFO - Processing /home/dev/curso/ambientevirtual/lib/python3.9/site-packages/airflow/example_dags/tutorial_taskflow_api_etl_virtualenv.py took 0.078 seconds
[2024-12-14 15:58:14,751] {processor.py:153} INFO - Started process (PID=49674) to work on /home/dev/curso/ambientevirtual/lib/python3.9/site-packages/airflow/example_dags/tutorial_taskflow_api_etl_virtualenv.py
[2024-12-14 15:58:14,752] {processor.py:641} INFO - Processing file /home/dev/curso/ambientevirtual/lib/python3.9/site-packages/airflow/example_dags/tutorial_taskflow_api_etl_virtualenv.py for tasks to queue
[2024-12-14 15:58:14,753] {logging_mixin.py:115} INFO - [2024-12-14 15:58:14,753] {dagbag.py:507} INFO - Filling up the DagBag from /home/dev/curso/ambientevirtual/lib/python3.9/site-packages/airflow/example_dags/tutorial_taskflow_api_etl_virtualenv.py
[2024-12-14 15:58:14,810] {logging_mixin.py:115} INFO - [2024-12-14 15:58:14,810] {tutorial_taskflow_api_etl_virtualenv.py:29} WARNING - The tutorial_taskflow_api_etl_virtualenv example DAG requires virtualenv, please install it.
[2024-12-14 15:58:14,810] {processor.py:653} WARNING - No viable dags retrieved from /home/dev/curso/ambientevirtual/lib/python3.9/site-packages/airflow/example_dags/tutorial_taskflow_api_etl_virtualenv.py
[2024-12-14 15:58:14,823] {processor.py:161} INFO - Processing /home/dev/curso/ambientevirtual/lib/python3.9/site-packages/airflow/example_dags/tutorial_taskflow_api_etl_virtualenv.py took 0.082 seconds
[2024-12-14 15:58:54,809] {processor.py:153} INFO - Started process (PID=49820) to work on /home/dev/curso/ambientevirtual/lib/python3.9/site-packages/airflow/example_dags/tutorial_taskflow_api_etl_virtualenv.py
[2024-12-14 15:58:54,811] {processor.py:641} INFO - Processing file /home/dev/curso/ambientevirtual/lib/python3.9/site-packages/airflow/example_dags/tutorial_taskflow_api_etl_virtualenv.py for tasks to queue
[2024-12-14 15:58:54,813] {logging_mixin.py:115} INFO - [2024-12-14 15:58:54,812] {dagbag.py:507} INFO - Filling up the DagBag from /home/dev/curso/ambientevirtual/lib/python3.9/site-packages/airflow/example_dags/tutorial_taskflow_api_etl_virtualenv.py
[2024-12-14 15:58:54,867] {logging_mixin.py:115} INFO - [2024-12-14 15:58:54,867] {tutorial_taskflow_api_etl_virtualenv.py:29} WARNING - The tutorial_taskflow_api_etl_virtualenv example DAG requires virtualenv, please install it.
[2024-12-14 15:58:54,868] {processor.py:653} WARNING - No viable dags retrieved from /home/dev/curso/ambientevirtual/lib/python3.9/site-packages/airflow/example_dags/tutorial_taskflow_api_etl_virtualenv.py
[2024-12-14 15:58:54,880] {processor.py:161} INFO - Processing /home/dev/curso/ambientevirtual/lib/python3.9/site-packages/airflow/example_dags/tutorial_taskflow_api_etl_virtualenv.py took 0.077 seconds
[2024-12-14 15:59:29,974] {processor.py:153} INFO - Started process (PID=49949) to work on /home/dev/curso/ambientevirtual/lib/python3.9/site-packages/airflow/example_dags/tutorial_taskflow_api_etl_virtualenv.py
[2024-12-14 15:59:29,975] {processor.py:641} INFO - Processing file /home/dev/curso/ambientevirtual/lib/python3.9/site-packages/airflow/example_dags/tutorial_taskflow_api_etl_virtualenv.py for tasks to queue
[2024-12-14 15:59:29,976] {logging_mixin.py:115} INFO - [2024-12-14 15:59:29,976] {dagbag.py:507} INFO - Filling up the DagBag from /home/dev/curso/ambientevirtual/lib/python3.9/site-packages/airflow/example_dags/tutorial_taskflow_api_etl_virtualenv.py
[2024-12-14 15:59:30,022] {logging_mixin.py:115} INFO - [2024-12-14 15:59:30,022] {tutorial_taskflow_api_etl_virtualenv.py:29} WARNING - The tutorial_taskflow_api_etl_virtualenv example DAG requires virtualenv, please install it.
[2024-12-14 15:59:30,023] {processor.py:653} WARNING - No viable dags retrieved from /home/dev/curso/ambientevirtual/lib/python3.9/site-packages/airflow/example_dags/tutorial_taskflow_api_etl_virtualenv.py
[2024-12-14 15:59:30,035] {processor.py:161} INFO - Processing /home/dev/curso/ambientevirtual/lib/python3.9/site-packages/airflow/example_dags/tutorial_taskflow_api_etl_virtualenv.py took 0.067 seconds
[2024-12-14 16:00:11,565] {processor.py:153} INFO - Started process (PID=50094) to work on /home/dev/curso/ambientevirtual/lib/python3.9/site-packages/airflow/example_dags/tutorial_taskflow_api_etl_virtualenv.py
[2024-12-14 16:00:11,567] {processor.py:641} INFO - Processing file /home/dev/curso/ambientevirtual/lib/python3.9/site-packages/airflow/example_dags/tutorial_taskflow_api_etl_virtualenv.py for tasks to queue
[2024-12-14 16:00:11,568] {logging_mixin.py:115} INFO - [2024-12-14 16:00:11,567] {dagbag.py:507} INFO - Filling up the DagBag from /home/dev/curso/ambientevirtual/lib/python3.9/site-packages/airflow/example_dags/tutorial_taskflow_api_etl_virtualenv.py
[2024-12-14 16:00:11,626] {logging_mixin.py:115} INFO - [2024-12-14 16:00:11,626] {tutorial_taskflow_api_etl_virtualenv.py:29} WARNING - The tutorial_taskflow_api_etl_virtualenv example DAG requires virtualenv, please install it.
[2024-12-14 16:00:11,627] {processor.py:653} WARNING - No viable dags retrieved from /home/dev/curso/ambientevirtual/lib/python3.9/site-packages/airflow/example_dags/tutorial_taskflow_api_etl_virtualenv.py
[2024-12-14 16:00:11,639] {processor.py:161} INFO - Processing /home/dev/curso/ambientevirtual/lib/python3.9/site-packages/airflow/example_dags/tutorial_taskflow_api_etl_virtualenv.py took 0.081 seconds
[2024-12-14 16:00:50,945] {processor.py:153} INFO - Started process (PID=50298) to work on /home/dev/curso/ambientevirtual/lib/python3.9/site-packages/airflow/example_dags/tutorial_taskflow_api_etl_virtualenv.py
[2024-12-14 16:00:50,947] {processor.py:641} INFO - Processing file /home/dev/curso/ambientevirtual/lib/python3.9/site-packages/airflow/example_dags/tutorial_taskflow_api_etl_virtualenv.py for tasks to queue
[2024-12-14 16:00:50,948] {logging_mixin.py:115} INFO - [2024-12-14 16:00:50,948] {dagbag.py:507} INFO - Filling up the DagBag from /home/dev/curso/ambientevirtual/lib/python3.9/site-packages/airflow/example_dags/tutorial_taskflow_api_etl_virtualenv.py
[2024-12-14 16:00:51,019] {logging_mixin.py:115} INFO - [2024-12-14 16:00:51,019] {tutorial_taskflow_api_etl_virtualenv.py:29} WARNING - The tutorial_taskflow_api_etl_virtualenv example DAG requires virtualenv, please install it.
[2024-12-14 16:00:51,019] {processor.py:653} WARNING - No viable dags retrieved from /home/dev/curso/ambientevirtual/lib/python3.9/site-packages/airflow/example_dags/tutorial_taskflow_api_etl_virtualenv.py
[2024-12-14 16:00:51,033] {processor.py:161} INFO - Processing /home/dev/curso/ambientevirtual/lib/python3.9/site-packages/airflow/example_dags/tutorial_taskflow_api_etl_virtualenv.py took 0.095 seconds
[2024-12-14 16:01:32,853] {processor.py:153} INFO - Started process (PID=50566) to work on /home/dev/curso/ambientevirtual/lib/python3.9/site-packages/airflow/example_dags/tutorial_taskflow_api_etl_virtualenv.py
[2024-12-14 16:01:32,854] {processor.py:641} INFO - Processing file /home/dev/curso/ambientevirtual/lib/python3.9/site-packages/airflow/example_dags/tutorial_taskflow_api_etl_virtualenv.py for tasks to queue
[2024-12-14 16:01:32,855] {logging_mixin.py:115} INFO - [2024-12-14 16:01:32,855] {dagbag.py:507} INFO - Filling up the DagBag from /home/dev/curso/ambientevirtual/lib/python3.9/site-packages/airflow/example_dags/tutorial_taskflow_api_etl_virtualenv.py
[2024-12-14 16:01:32,915] {logging_mixin.py:115} INFO - [2024-12-14 16:01:32,915] {tutorial_taskflow_api_etl_virtualenv.py:29} WARNING - The tutorial_taskflow_api_etl_virtualenv example DAG requires virtualenv, please install it.
[2024-12-14 16:01:32,915] {processor.py:653} WARNING - No viable dags retrieved from /home/dev/curso/ambientevirtual/lib/python3.9/site-packages/airflow/example_dags/tutorial_taskflow_api_etl_virtualenv.py
[2024-12-14 16:01:32,932] {processor.py:161} INFO - Processing /home/dev/curso/ambientevirtual/lib/python3.9/site-packages/airflow/example_dags/tutorial_taskflow_api_etl_virtualenv.py took 0.086 seconds
[2024-12-14 16:02:09,589] {processor.py:153} INFO - Started process (PID=50760) to work on /home/dev/curso/ambientevirtual/lib/python3.9/site-packages/airflow/example_dags/tutorial_taskflow_api_etl_virtualenv.py
[2024-12-14 16:02:09,590] {processor.py:641} INFO - Processing file /home/dev/curso/ambientevirtual/lib/python3.9/site-packages/airflow/example_dags/tutorial_taskflow_api_etl_virtualenv.py for tasks to queue
[2024-12-14 16:02:09,591] {logging_mixin.py:115} INFO - [2024-12-14 16:02:09,590] {dagbag.py:507} INFO - Filling up the DagBag from /home/dev/curso/ambientevirtual/lib/python3.9/site-packages/airflow/example_dags/tutorial_taskflow_api_etl_virtualenv.py
[2024-12-14 16:02:09,662] {logging_mixin.py:115} INFO - [2024-12-14 16:02:09,662] {tutorial_taskflow_api_etl_virtualenv.py:29} WARNING - The tutorial_taskflow_api_etl_virtualenv example DAG requires virtualenv, please install it.
[2024-12-14 16:02:09,663] {processor.py:653} WARNING - No viable dags retrieved from /home/dev/curso/ambientevirtual/lib/python3.9/site-packages/airflow/example_dags/tutorial_taskflow_api_etl_virtualenv.py
[2024-12-14 16:02:09,680] {processor.py:161} INFO - Processing /home/dev/curso/ambientevirtual/lib/python3.9/site-packages/airflow/example_dags/tutorial_taskflow_api_etl_virtualenv.py took 0.095 seconds
[2024-12-14 16:02:47,202] {processor.py:153} INFO - Started process (PID=50901) to work on /home/dev/curso/ambientevirtual/lib/python3.9/site-packages/airflow/example_dags/tutorial_taskflow_api_etl_virtualenv.py
[2024-12-14 16:02:47,203] {processor.py:641} INFO - Processing file /home/dev/curso/ambientevirtual/lib/python3.9/site-packages/airflow/example_dags/tutorial_taskflow_api_etl_virtualenv.py for tasks to queue
[2024-12-14 16:02:47,204] {logging_mixin.py:115} INFO - [2024-12-14 16:02:47,204] {dagbag.py:507} INFO - Filling up the DagBag from /home/dev/curso/ambientevirtual/lib/python3.9/site-packages/airflow/example_dags/tutorial_taskflow_api_etl_virtualenv.py
[2024-12-14 16:02:47,264] {logging_mixin.py:115} INFO - [2024-12-14 16:02:47,264] {tutorial_taskflow_api_etl_virtualenv.py:29} WARNING - The tutorial_taskflow_api_etl_virtualenv example DAG requires virtualenv, please install it.
[2024-12-14 16:02:47,264] {processor.py:653} WARNING - No viable dags retrieved from /home/dev/curso/ambientevirtual/lib/python3.9/site-packages/airflow/example_dags/tutorial_taskflow_api_etl_virtualenv.py
[2024-12-14 16:02:47,277] {processor.py:161} INFO - Processing /home/dev/curso/ambientevirtual/lib/python3.9/site-packages/airflow/example_dags/tutorial_taskflow_api_etl_virtualenv.py took 0.081 seconds
[2024-12-14 16:03:23,059] {processor.py:153} INFO - Started process (PID=51031) to work on /home/dev/curso/ambientevirtual/lib/python3.9/site-packages/airflow/example_dags/tutorial_taskflow_api_etl_virtualenv.py
[2024-12-14 16:03:23,060] {processor.py:641} INFO - Processing file /home/dev/curso/ambientevirtual/lib/python3.9/site-packages/airflow/example_dags/tutorial_taskflow_api_etl_virtualenv.py for tasks to queue
[2024-12-14 16:03:23,061] {logging_mixin.py:115} INFO - [2024-12-14 16:03:23,061] {dagbag.py:507} INFO - Filling up the DagBag from /home/dev/curso/ambientevirtual/lib/python3.9/site-packages/airflow/example_dags/tutorial_taskflow_api_etl_virtualenv.py
[2024-12-14 16:03:23,110] {logging_mixin.py:115} INFO - [2024-12-14 16:03:23,109] {tutorial_taskflow_api_etl_virtualenv.py:29} WARNING - The tutorial_taskflow_api_etl_virtualenv example DAG requires virtualenv, please install it.
[2024-12-14 16:03:23,110] {processor.py:653} WARNING - No viable dags retrieved from /home/dev/curso/ambientevirtual/lib/python3.9/site-packages/airflow/example_dags/tutorial_taskflow_api_etl_virtualenv.py
[2024-12-14 16:03:23,123] {processor.py:161} INFO - Processing /home/dev/curso/ambientevirtual/lib/python3.9/site-packages/airflow/example_dags/tutorial_taskflow_api_etl_virtualenv.py took 0.069 seconds
[2024-12-14 16:03:58,746] {processor.py:153} INFO - Started process (PID=51161) to work on /home/dev/curso/ambientevirtual/lib/python3.9/site-packages/airflow/example_dags/tutorial_taskflow_api_etl_virtualenv.py
[2024-12-14 16:03:58,748] {processor.py:641} INFO - Processing file /home/dev/curso/ambientevirtual/lib/python3.9/site-packages/airflow/example_dags/tutorial_taskflow_api_etl_virtualenv.py for tasks to queue
[2024-12-14 16:03:58,749] {logging_mixin.py:115} INFO - [2024-12-14 16:03:58,749] {dagbag.py:507} INFO - Filling up the DagBag from /home/dev/curso/ambientevirtual/lib/python3.9/site-packages/airflow/example_dags/tutorial_taskflow_api_etl_virtualenv.py
[2024-12-14 16:03:58,805] {logging_mixin.py:115} INFO - [2024-12-14 16:03:58,805] {tutorial_taskflow_api_etl_virtualenv.py:29} WARNING - The tutorial_taskflow_api_etl_virtualenv example DAG requires virtualenv, please install it.
[2024-12-14 16:03:58,805] {processor.py:653} WARNING - No viable dags retrieved from /home/dev/curso/ambientevirtual/lib/python3.9/site-packages/airflow/example_dags/tutorial_taskflow_api_etl_virtualenv.py
[2024-12-14 16:03:58,819] {processor.py:161} INFO - Processing /home/dev/curso/ambientevirtual/lib/python3.9/site-packages/airflow/example_dags/tutorial_taskflow_api_etl_virtualenv.py took 0.080 seconds
[2024-12-14 16:04:35,785] {processor.py:153} INFO - Started process (PID=51297) to work on /home/dev/curso/ambientevirtual/lib/python3.9/site-packages/airflow/example_dags/tutorial_taskflow_api_etl_virtualenv.py
[2024-12-14 16:04:35,787] {processor.py:641} INFO - Processing file /home/dev/curso/ambientevirtual/lib/python3.9/site-packages/airflow/example_dags/tutorial_taskflow_api_etl_virtualenv.py for tasks to queue
[2024-12-14 16:04:35,788] {logging_mixin.py:115} INFO - [2024-12-14 16:04:35,788] {dagbag.py:507} INFO - Filling up the DagBag from /home/dev/curso/ambientevirtual/lib/python3.9/site-packages/airflow/example_dags/tutorial_taskflow_api_etl_virtualenv.py
[2024-12-14 16:04:35,843] {logging_mixin.py:115} INFO - [2024-12-14 16:04:35,843] {tutorial_taskflow_api_etl_virtualenv.py:29} WARNING - The tutorial_taskflow_api_etl_virtualenv example DAG requires virtualenv, please install it.
[2024-12-14 16:04:35,844] {processor.py:653} WARNING - No viable dags retrieved from /home/dev/curso/ambientevirtual/lib/python3.9/site-packages/airflow/example_dags/tutorial_taskflow_api_etl_virtualenv.py
[2024-12-14 16:04:35,857] {processor.py:161} INFO - Processing /home/dev/curso/ambientevirtual/lib/python3.9/site-packages/airflow/example_dags/tutorial_taskflow_api_etl_virtualenv.py took 0.079 seconds
[2024-12-14 16:05:12,769] {processor.py:153} INFO - Started process (PID=51434) to work on /home/dev/curso/ambientevirtual/lib/python3.9/site-packages/airflow/example_dags/tutorial_taskflow_api_etl_virtualenv.py
[2024-12-14 16:05:12,771] {processor.py:641} INFO - Processing file /home/dev/curso/ambientevirtual/lib/python3.9/site-packages/airflow/example_dags/tutorial_taskflow_api_etl_virtualenv.py for tasks to queue
[2024-12-14 16:05:12,771] {logging_mixin.py:115} INFO - [2024-12-14 16:05:12,771] {dagbag.py:507} INFO - Filling up the DagBag from /home/dev/curso/ambientevirtual/lib/python3.9/site-packages/airflow/example_dags/tutorial_taskflow_api_etl_virtualenv.py
[2024-12-14 16:05:12,815] {logging_mixin.py:115} INFO - [2024-12-14 16:05:12,815] {tutorial_taskflow_api_etl_virtualenv.py:29} WARNING - The tutorial_taskflow_api_etl_virtualenv example DAG requires virtualenv, please install it.
[2024-12-14 16:05:12,816] {processor.py:653} WARNING - No viable dags retrieved from /home/dev/curso/ambientevirtual/lib/python3.9/site-packages/airflow/example_dags/tutorial_taskflow_api_etl_virtualenv.py
[2024-12-14 16:05:12,829] {processor.py:161} INFO - Processing /home/dev/curso/ambientevirtual/lib/python3.9/site-packages/airflow/example_dags/tutorial_taskflow_api_etl_virtualenv.py took 0.063 seconds
[2024-12-14 16:05:53,480] {processor.py:153} INFO - Started process (PID=51573) to work on /home/dev/curso/ambientevirtual/lib/python3.9/site-packages/airflow/example_dags/tutorial_taskflow_api_etl_virtualenv.py
[2024-12-14 16:05:53,482] {processor.py:641} INFO - Processing file /home/dev/curso/ambientevirtual/lib/python3.9/site-packages/airflow/example_dags/tutorial_taskflow_api_etl_virtualenv.py for tasks to queue
[2024-12-14 16:05:53,482] {logging_mixin.py:115} INFO - [2024-12-14 16:05:53,482] {dagbag.py:507} INFO - Filling up the DagBag from /home/dev/curso/ambientevirtual/lib/python3.9/site-packages/airflow/example_dags/tutorial_taskflow_api_etl_virtualenv.py
[2024-12-14 16:05:53,553] {logging_mixin.py:115} INFO - [2024-12-14 16:05:53,553] {tutorial_taskflow_api_etl_virtualenv.py:29} WARNING - The tutorial_taskflow_api_etl_virtualenv example DAG requires virtualenv, please install it.
[2024-12-14 16:05:53,554] {processor.py:653} WARNING - No viable dags retrieved from /home/dev/curso/ambientevirtual/lib/python3.9/site-packages/airflow/example_dags/tutorial_taskflow_api_etl_virtualenv.py
[2024-12-14 16:05:53,569] {processor.py:161} INFO - Processing /home/dev/curso/ambientevirtual/lib/python3.9/site-packages/airflow/example_dags/tutorial_taskflow_api_etl_virtualenv.py took 0.093 seconds
[2024-12-14 16:06:33,260] {processor.py:153} INFO - Started process (PID=51778) to work on /home/dev/curso/ambientevirtual/lib/python3.9/site-packages/airflow/example_dags/tutorial_taskflow_api_etl_virtualenv.py
[2024-12-14 16:06:33,262] {processor.py:641} INFO - Processing file /home/dev/curso/ambientevirtual/lib/python3.9/site-packages/airflow/example_dags/tutorial_taskflow_api_etl_virtualenv.py for tasks to queue
[2024-12-14 16:06:33,263] {logging_mixin.py:115} INFO - [2024-12-14 16:06:33,263] {dagbag.py:507} INFO - Filling up the DagBag from /home/dev/curso/ambientevirtual/lib/python3.9/site-packages/airflow/example_dags/tutorial_taskflow_api_etl_virtualenv.py
[2024-12-14 16:06:33,325] {logging_mixin.py:115} INFO - [2024-12-14 16:06:33,325] {tutorial_taskflow_api_etl_virtualenv.py:29} WARNING - The tutorial_taskflow_api_etl_virtualenv example DAG requires virtualenv, please install it.
[2024-12-14 16:06:33,325] {processor.py:653} WARNING - No viable dags retrieved from /home/dev/curso/ambientevirtual/lib/python3.9/site-packages/airflow/example_dags/tutorial_taskflow_api_etl_virtualenv.py
[2024-12-14 16:06:33,338] {processor.py:161} INFO - Processing /home/dev/curso/ambientevirtual/lib/python3.9/site-packages/airflow/example_dags/tutorial_taskflow_api_etl_virtualenv.py took 0.085 seconds
[2024-12-14 16:07:10,427] {processor.py:153} INFO - Started process (PID=51913) to work on /home/dev/curso/ambientevirtual/lib/python3.9/site-packages/airflow/example_dags/tutorial_taskflow_api_etl_virtualenv.py
[2024-12-14 16:07:10,429] {processor.py:641} INFO - Processing file /home/dev/curso/ambientevirtual/lib/python3.9/site-packages/airflow/example_dags/tutorial_taskflow_api_etl_virtualenv.py for tasks to queue
[2024-12-14 16:07:10,430] {logging_mixin.py:115} INFO - [2024-12-14 16:07:10,430] {dagbag.py:507} INFO - Filling up the DagBag from /home/dev/curso/ambientevirtual/lib/python3.9/site-packages/airflow/example_dags/tutorial_taskflow_api_etl_virtualenv.py
[2024-12-14 16:07:10,502] {logging_mixin.py:115} INFO - [2024-12-14 16:07:10,502] {tutorial_taskflow_api_etl_virtualenv.py:29} WARNING - The tutorial_taskflow_api_etl_virtualenv example DAG requires virtualenv, please install it.
[2024-12-14 16:07:10,503] {processor.py:653} WARNING - No viable dags retrieved from /home/dev/curso/ambientevirtual/lib/python3.9/site-packages/airflow/example_dags/tutorial_taskflow_api_etl_virtualenv.py
[2024-12-14 16:07:10,524] {processor.py:161} INFO - Processing /home/dev/curso/ambientevirtual/lib/python3.9/site-packages/airflow/example_dags/tutorial_taskflow_api_etl_virtualenv.py took 0.102 seconds
[2024-12-14 16:07:47,713] {processor.py:153} INFO - Started process (PID=52111) to work on /home/dev/curso/ambientevirtual/lib/python3.9/site-packages/airflow/example_dags/tutorial_taskflow_api_etl_virtualenv.py
[2024-12-14 16:07:47,715] {processor.py:641} INFO - Processing file /home/dev/curso/ambientevirtual/lib/python3.9/site-packages/airflow/example_dags/tutorial_taskflow_api_etl_virtualenv.py for tasks to queue
[2024-12-14 16:07:47,716] {logging_mixin.py:115} INFO - [2024-12-14 16:07:47,716] {dagbag.py:507} INFO - Filling up the DagBag from /home/dev/curso/ambientevirtual/lib/python3.9/site-packages/airflow/example_dags/tutorial_taskflow_api_etl_virtualenv.py
[2024-12-14 16:07:47,774] {logging_mixin.py:115} INFO - [2024-12-14 16:07:47,774] {tutorial_taskflow_api_etl_virtualenv.py:29} WARNING - The tutorial_taskflow_api_etl_virtualenv example DAG requires virtualenv, please install it.
[2024-12-14 16:07:47,775] {processor.py:653} WARNING - No viable dags retrieved from /home/dev/curso/ambientevirtual/lib/python3.9/site-packages/airflow/example_dags/tutorial_taskflow_api_etl_virtualenv.py
[2024-12-14 16:07:47,787] {processor.py:161} INFO - Processing /home/dev/curso/ambientevirtual/lib/python3.9/site-packages/airflow/example_dags/tutorial_taskflow_api_etl_virtualenv.py took 0.080 seconds
[2024-12-14 16:08:26,880] {processor.py:153} INFO - Started process (PID=52372) to work on /home/dev/curso/ambientevirtual/lib/python3.9/site-packages/airflow/example_dags/tutorial_taskflow_api_etl_virtualenv.py
[2024-12-14 16:08:26,882] {processor.py:641} INFO - Processing file /home/dev/curso/ambientevirtual/lib/python3.9/site-packages/airflow/example_dags/tutorial_taskflow_api_etl_virtualenv.py for tasks to queue
[2024-12-14 16:08:26,882] {logging_mixin.py:115} INFO - [2024-12-14 16:08:26,882] {dagbag.py:507} INFO - Filling up the DagBag from /home/dev/curso/ambientevirtual/lib/python3.9/site-packages/airflow/example_dags/tutorial_taskflow_api_etl_virtualenv.py
[2024-12-14 16:08:26,951] {logging_mixin.py:115} INFO - [2024-12-14 16:08:26,951] {tutorial_taskflow_api_etl_virtualenv.py:29} WARNING - The tutorial_taskflow_api_etl_virtualenv example DAG requires virtualenv, please install it.
[2024-12-14 16:08:26,951] {processor.py:653} WARNING - No viable dags retrieved from /home/dev/curso/ambientevirtual/lib/python3.9/site-packages/airflow/example_dags/tutorial_taskflow_api_etl_virtualenv.py
[2024-12-14 16:08:26,970] {processor.py:161} INFO - Processing /home/dev/curso/ambientevirtual/lib/python3.9/site-packages/airflow/example_dags/tutorial_taskflow_api_etl_virtualenv.py took 0.093 seconds
[2024-12-14 16:09:03,153] {processor.py:153} INFO - Started process (PID=52618) to work on /home/dev/curso/ambientevirtual/lib/python3.9/site-packages/airflow/example_dags/tutorial_taskflow_api_etl_virtualenv.py
[2024-12-14 16:09:03,155] {processor.py:641} INFO - Processing file /home/dev/curso/ambientevirtual/lib/python3.9/site-packages/airflow/example_dags/tutorial_taskflow_api_etl_virtualenv.py for tasks to queue
[2024-12-14 16:09:03,155] {logging_mixin.py:115} INFO - [2024-12-14 16:09:03,155] {dagbag.py:507} INFO - Filling up the DagBag from /home/dev/curso/ambientevirtual/lib/python3.9/site-packages/airflow/example_dags/tutorial_taskflow_api_etl_virtualenv.py
[2024-12-14 16:09:03,211] {logging_mixin.py:115} INFO - [2024-12-14 16:09:03,211] {tutorial_taskflow_api_etl_virtualenv.py:29} WARNING - The tutorial_taskflow_api_etl_virtualenv example DAG requires virtualenv, please install it.
[2024-12-14 16:09:03,212] {processor.py:653} WARNING - No viable dags retrieved from /home/dev/curso/ambientevirtual/lib/python3.9/site-packages/airflow/example_dags/tutorial_taskflow_api_etl_virtualenv.py
[2024-12-14 16:09:03,225] {processor.py:161} INFO - Processing /home/dev/curso/ambientevirtual/lib/python3.9/site-packages/airflow/example_dags/tutorial_taskflow_api_etl_virtualenv.py took 0.076 seconds
[2024-12-14 16:09:40,740] {processor.py:153} INFO - Started process (PID=52754) to work on /home/dev/curso/ambientevirtual/lib/python3.9/site-packages/airflow/example_dags/tutorial_taskflow_api_etl_virtualenv.py
[2024-12-14 16:09:40,741] {processor.py:641} INFO - Processing file /home/dev/curso/ambientevirtual/lib/python3.9/site-packages/airflow/example_dags/tutorial_taskflow_api_etl_virtualenv.py for tasks to queue
[2024-12-14 16:09:40,743] {logging_mixin.py:115} INFO - [2024-12-14 16:09:40,742] {dagbag.py:507} INFO - Filling up the DagBag from /home/dev/curso/ambientevirtual/lib/python3.9/site-packages/airflow/example_dags/tutorial_taskflow_api_etl_virtualenv.py
[2024-12-14 16:09:40,805] {logging_mixin.py:115} INFO - [2024-12-14 16:09:40,805] {tutorial_taskflow_api_etl_virtualenv.py:29} WARNING - The tutorial_taskflow_api_etl_virtualenv example DAG requires virtualenv, please install it.
[2024-12-14 16:09:40,805] {processor.py:653} WARNING - No viable dags retrieved from /home/dev/curso/ambientevirtual/lib/python3.9/site-packages/airflow/example_dags/tutorial_taskflow_api_etl_virtualenv.py
[2024-12-14 16:09:40,818] {processor.py:161} INFO - Processing /home/dev/curso/ambientevirtual/lib/python3.9/site-packages/airflow/example_dags/tutorial_taskflow_api_etl_virtualenv.py took 0.082 seconds
[2024-12-14 16:10:15,718] {processor.py:153} INFO - Started process (PID=52884) to work on /home/dev/curso/ambientevirtual/lib/python3.9/site-packages/airflow/example_dags/tutorial_taskflow_api_etl_virtualenv.py
[2024-12-14 16:10:15,719] {processor.py:641} INFO - Processing file /home/dev/curso/ambientevirtual/lib/python3.9/site-packages/airflow/example_dags/tutorial_taskflow_api_etl_virtualenv.py for tasks to queue
[2024-12-14 16:10:15,720] {logging_mixin.py:115} INFO - [2024-12-14 16:10:15,720] {dagbag.py:507} INFO - Filling up the DagBag from /home/dev/curso/ambientevirtual/lib/python3.9/site-packages/airflow/example_dags/tutorial_taskflow_api_etl_virtualenv.py
[2024-12-14 16:10:15,776] {logging_mixin.py:115} INFO - [2024-12-14 16:10:15,776] {tutorial_taskflow_api_etl_virtualenv.py:29} WARNING - The tutorial_taskflow_api_etl_virtualenv example DAG requires virtualenv, please install it.
[2024-12-14 16:10:15,776] {processor.py:653} WARNING - No viable dags retrieved from /home/dev/curso/ambientevirtual/lib/python3.9/site-packages/airflow/example_dags/tutorial_taskflow_api_etl_virtualenv.py
[2024-12-14 16:10:15,789] {processor.py:161} INFO - Processing /home/dev/curso/ambientevirtual/lib/python3.9/site-packages/airflow/example_dags/tutorial_taskflow_api_etl_virtualenv.py took 0.077 seconds
[2024-12-14 16:10:56,836] {processor.py:153} INFO - Started process (PID=53152) to work on /home/dev/curso/ambientevirtual/lib/python3.9/site-packages/airflow/example_dags/tutorial_taskflow_api_etl_virtualenv.py
[2024-12-14 16:10:56,837] {processor.py:641} INFO - Processing file /home/dev/curso/ambientevirtual/lib/python3.9/site-packages/airflow/example_dags/tutorial_taskflow_api_etl_virtualenv.py for tasks to queue
[2024-12-14 16:10:56,838] {logging_mixin.py:115} INFO - [2024-12-14 16:10:56,838] {dagbag.py:507} INFO - Filling up the DagBag from /home/dev/curso/ambientevirtual/lib/python3.9/site-packages/airflow/example_dags/tutorial_taskflow_api_etl_virtualenv.py
[2024-12-14 16:10:56,879] {logging_mixin.py:115} INFO - [2024-12-14 16:10:56,879] {tutorial_taskflow_api_etl_virtualenv.py:29} WARNING - The tutorial_taskflow_api_etl_virtualenv example DAG requires virtualenv, please install it.
[2024-12-14 16:10:56,879] {processor.py:653} WARNING - No viable dags retrieved from /home/dev/curso/ambientevirtual/lib/python3.9/site-packages/airflow/example_dags/tutorial_taskflow_api_etl_virtualenv.py
[2024-12-14 16:10:56,891] {processor.py:161} INFO - Processing /home/dev/curso/ambientevirtual/lib/python3.9/site-packages/airflow/example_dags/tutorial_taskflow_api_etl_virtualenv.py took 0.059 seconds
[2024-12-14 16:11:30,973] {processor.py:153} INFO - Started process (PID=53276) to work on /home/dev/curso/ambientevirtual/lib/python3.9/site-packages/airflow/example_dags/tutorial_taskflow_api_etl_virtualenv.py
[2024-12-14 16:11:30,974] {processor.py:641} INFO - Processing file /home/dev/curso/ambientevirtual/lib/python3.9/site-packages/airflow/example_dags/tutorial_taskflow_api_etl_virtualenv.py for tasks to queue
[2024-12-14 16:11:30,976] {logging_mixin.py:115} INFO - [2024-12-14 16:11:30,975] {dagbag.py:507} INFO - Filling up the DagBag from /home/dev/curso/ambientevirtual/lib/python3.9/site-packages/airflow/example_dags/tutorial_taskflow_api_etl_virtualenv.py
[2024-12-14 16:11:31,042] {logging_mixin.py:115} INFO - [2024-12-14 16:11:31,042] {tutorial_taskflow_api_etl_virtualenv.py:29} WARNING - The tutorial_taskflow_api_etl_virtualenv example DAG requires virtualenv, please install it.
[2024-12-14 16:11:31,042] {processor.py:653} WARNING - No viable dags retrieved from /home/dev/curso/ambientevirtual/lib/python3.9/site-packages/airflow/example_dags/tutorial_taskflow_api_etl_virtualenv.py
[2024-12-14 16:11:31,056] {processor.py:161} INFO - Processing /home/dev/curso/ambientevirtual/lib/python3.9/site-packages/airflow/example_dags/tutorial_taskflow_api_etl_virtualenv.py took 0.088 seconds
