[2024-12-14 15:51:40,309] {processor.py:153} INFO - Started process (PID=47943) to work on /home/dev/curso/ambientevirtual/lib/python3.9/site-packages/airflow/example_dags/tutorial_etl_dag.py
[2024-12-14 15:51:40,310] {processor.py:641} INFO - Processing file /home/dev/curso/ambientevirtual/lib/python3.9/site-packages/airflow/example_dags/tutorial_etl_dag.py for tasks to queue
[2024-12-14 15:51:40,311] {logging_mixin.py:115} INFO - [2024-12-14 15:51:40,311] {dagbag.py:507} INFO - Filling up the DagBag from /home/dev/curso/ambientevirtual/lib/python3.9/site-packages/airflow/example_dags/tutorial_etl_dag.py
[2024-12-14 15:51:40,325] {processor.py:651} INFO - DAG(s) dict_keys(['tutorial_etl_dag']) retrieved from /home/dev/curso/ambientevirtual/lib/python3.9/site-packages/airflow/example_dags/tutorial_etl_dag.py
[2024-12-14 15:51:40,417] {logging_mixin.py:115} INFO - [2024-12-14 15:51:40,417] {manager.py:508} INFO - Created Permission View: can delete on DAG:tutorial_etl_dag
[2024-12-14 15:51:40,431] {logging_mixin.py:115} INFO - [2024-12-14 15:51:40,431] {manager.py:508} INFO - Created Permission View: can edit on DAG:tutorial_etl_dag
[2024-12-14 15:51:40,440] {logging_mixin.py:115} INFO - [2024-12-14 15:51:40,440] {manager.py:508} INFO - Created Permission View: can read on DAG:tutorial_etl_dag
[2024-12-14 15:51:40,441] {logging_mixin.py:115} INFO - [2024-12-14 15:51:40,441] {dag.py:2379} INFO - Sync 1 DAGs
[2024-12-14 15:51:40,449] {logging_mixin.py:115} INFO - [2024-12-14 15:51:40,449] {dag.py:2398} INFO - Creating ORM DAG for tutorial_etl_dag
[2024-12-14 15:51:40,458] {logging_mixin.py:115} INFO - [2024-12-14 15:51:40,458] {dag.py:2927} INFO - Setting next_dagrun for tutorial_etl_dag to None, run_after=None
[2024-12-14 15:51:40,476] {processor.py:161} INFO - Processing /home/dev/curso/ambientevirtual/lib/python3.9/site-packages/airflow/example_dags/tutorial_etl_dag.py took 0.174 seconds
[2024-12-14 15:52:18,482] {processor.py:153} INFO - Started process (PID=48315) to work on /home/dev/curso/ambientevirtual/lib/python3.9/site-packages/airflow/example_dags/tutorial_etl_dag.py
[2024-12-14 15:52:18,483] {processor.py:641} INFO - Processing file /home/dev/curso/ambientevirtual/lib/python3.9/site-packages/airflow/example_dags/tutorial_etl_dag.py for tasks to queue
[2024-12-14 15:52:18,484] {logging_mixin.py:115} INFO - [2024-12-14 15:52:18,484] {dagbag.py:507} INFO - Filling up the DagBag from /home/dev/curso/ambientevirtual/lib/python3.9/site-packages/airflow/example_dags/tutorial_etl_dag.py
[2024-12-14 15:52:18,494] {processor.py:651} INFO - DAG(s) dict_keys(['tutorial_etl_dag']) retrieved from /home/dev/curso/ambientevirtual/lib/python3.9/site-packages/airflow/example_dags/tutorial_etl_dag.py
[2024-12-14 15:52:18,516] {logging_mixin.py:115} INFO - [2024-12-14 15:52:18,516] {dag.py:2379} INFO - Sync 1 DAGs
[2024-12-14 15:52:18,534] {logging_mixin.py:115} INFO - [2024-12-14 15:52:18,534] {dag.py:2927} INFO - Setting next_dagrun for tutorial_etl_dag to None, run_after=None
[2024-12-14 15:52:18,550] {processor.py:161} INFO - Processing /home/dev/curso/ambientevirtual/lib/python3.9/site-packages/airflow/example_dags/tutorial_etl_dag.py took 0.074 seconds
[2024-12-14 15:52:54,515] {processor.py:153} INFO - Started process (PID=48445) to work on /home/dev/curso/ambientevirtual/lib/python3.9/site-packages/airflow/example_dags/tutorial_etl_dag.py
[2024-12-14 15:52:54,517] {processor.py:641} INFO - Processing file /home/dev/curso/ambientevirtual/lib/python3.9/site-packages/airflow/example_dags/tutorial_etl_dag.py for tasks to queue
[2024-12-14 15:52:54,518] {logging_mixin.py:115} INFO - [2024-12-14 15:52:54,518] {dagbag.py:507} INFO - Filling up the DagBag from /home/dev/curso/ambientevirtual/lib/python3.9/site-packages/airflow/example_dags/tutorial_etl_dag.py
[2024-12-14 15:52:54,533] {processor.py:651} INFO - DAG(s) dict_keys(['tutorial_etl_dag']) retrieved from /home/dev/curso/ambientevirtual/lib/python3.9/site-packages/airflow/example_dags/tutorial_etl_dag.py
[2024-12-14 15:52:54,551] {logging_mixin.py:115} INFO - [2024-12-14 15:52:54,551] {dag.py:2379} INFO - Sync 1 DAGs
[2024-12-14 15:52:54,569] {logging_mixin.py:115} INFO - [2024-12-14 15:52:54,569] {dag.py:2927} INFO - Setting next_dagrun for tutorial_etl_dag to None, run_after=None
[2024-12-14 15:52:54,584] {processor.py:161} INFO - Processing /home/dev/curso/ambientevirtual/lib/python3.9/site-packages/airflow/example_dags/tutorial_etl_dag.py took 0.075 seconds
[2024-12-14 15:53:30,507] {processor.py:153} INFO - Started process (PID=48575) to work on /home/dev/curso/ambientevirtual/lib/python3.9/site-packages/airflow/example_dags/tutorial_etl_dag.py
[2024-12-14 15:53:30,509] {processor.py:641} INFO - Processing file /home/dev/curso/ambientevirtual/lib/python3.9/site-packages/airflow/example_dags/tutorial_etl_dag.py for tasks to queue
[2024-12-14 15:53:30,510] {logging_mixin.py:115} INFO - [2024-12-14 15:53:30,510] {dagbag.py:507} INFO - Filling up the DagBag from /home/dev/curso/ambientevirtual/lib/python3.9/site-packages/airflow/example_dags/tutorial_etl_dag.py
[2024-12-14 15:53:30,521] {processor.py:651} INFO - DAG(s) dict_keys(['tutorial_etl_dag']) retrieved from /home/dev/curso/ambientevirtual/lib/python3.9/site-packages/airflow/example_dags/tutorial_etl_dag.py
[2024-12-14 15:53:30,539] {logging_mixin.py:115} INFO - [2024-12-14 15:53:30,539] {dag.py:2379} INFO - Sync 1 DAGs
[2024-12-14 15:53:30,559] {logging_mixin.py:115} INFO - [2024-12-14 15:53:30,559] {dag.py:2927} INFO - Setting next_dagrun for tutorial_etl_dag to None, run_after=None
[2024-12-14 15:53:30,576] {processor.py:161} INFO - Processing /home/dev/curso/ambientevirtual/lib/python3.9/site-packages/airflow/example_dags/tutorial_etl_dag.py took 0.075 seconds
[2024-12-14 15:54:06,268] {processor.py:153} INFO - Started process (PID=48705) to work on /home/dev/curso/ambientevirtual/lib/python3.9/site-packages/airflow/example_dags/tutorial_etl_dag.py
[2024-12-14 15:54:06,269] {processor.py:641} INFO - Processing file /home/dev/curso/ambientevirtual/lib/python3.9/site-packages/airflow/example_dags/tutorial_etl_dag.py for tasks to queue
[2024-12-14 15:54:06,270] {logging_mixin.py:115} INFO - [2024-12-14 15:54:06,270] {dagbag.py:507} INFO - Filling up the DagBag from /home/dev/curso/ambientevirtual/lib/python3.9/site-packages/airflow/example_dags/tutorial_etl_dag.py
[2024-12-14 15:54:06,284] {processor.py:651} INFO - DAG(s) dict_keys(['tutorial_etl_dag']) retrieved from /home/dev/curso/ambientevirtual/lib/python3.9/site-packages/airflow/example_dags/tutorial_etl_dag.py
[2024-12-14 15:54:06,307] {logging_mixin.py:115} INFO - [2024-12-14 15:54:06,307] {dag.py:2379} INFO - Sync 1 DAGs
[2024-12-14 15:54:06,325] {logging_mixin.py:115} INFO - [2024-12-14 15:54:06,325] {dag.py:2927} INFO - Setting next_dagrun for tutorial_etl_dag to None, run_after=None
[2024-12-14 15:54:06,343] {processor.py:161} INFO - Processing /home/dev/curso/ambientevirtual/lib/python3.9/site-packages/airflow/example_dags/tutorial_etl_dag.py took 0.081 seconds
[2024-12-14 15:54:41,941] {processor.py:153} INFO - Started process (PID=48834) to work on /home/dev/curso/ambientevirtual/lib/python3.9/site-packages/airflow/example_dags/tutorial_etl_dag.py
[2024-12-14 15:54:41,943] {processor.py:641} INFO - Processing file /home/dev/curso/ambientevirtual/lib/python3.9/site-packages/airflow/example_dags/tutorial_etl_dag.py for tasks to queue
[2024-12-14 15:54:41,944] {logging_mixin.py:115} INFO - [2024-12-14 15:54:41,944] {dagbag.py:507} INFO - Filling up the DagBag from /home/dev/curso/ambientevirtual/lib/python3.9/site-packages/airflow/example_dags/tutorial_etl_dag.py
[2024-12-14 15:54:41,956] {processor.py:651} INFO - DAG(s) dict_keys(['tutorial_etl_dag']) retrieved from /home/dev/curso/ambientevirtual/lib/python3.9/site-packages/airflow/example_dags/tutorial_etl_dag.py
[2024-12-14 15:54:41,985] {logging_mixin.py:115} INFO - [2024-12-14 15:54:41,985] {dag.py:2379} INFO - Sync 1 DAGs
[2024-12-14 15:54:42,016] {logging_mixin.py:115} INFO - [2024-12-14 15:54:42,016] {dag.py:2927} INFO - Setting next_dagrun for tutorial_etl_dag to None, run_after=None
[2024-12-14 15:54:42,037] {processor.py:161} INFO - Processing /home/dev/curso/ambientevirtual/lib/python3.9/site-packages/airflow/example_dags/tutorial_etl_dag.py took 0.104 seconds
[2024-12-14 15:55:17,305] {processor.py:153} INFO - Started process (PID=48964) to work on /home/dev/curso/ambientevirtual/lib/python3.9/site-packages/airflow/example_dags/tutorial_etl_dag.py
[2024-12-14 15:55:17,308] {processor.py:641} INFO - Processing file /home/dev/curso/ambientevirtual/lib/python3.9/site-packages/airflow/example_dags/tutorial_etl_dag.py for tasks to queue
[2024-12-14 15:55:17,309] {logging_mixin.py:115} INFO - [2024-12-14 15:55:17,309] {dagbag.py:507} INFO - Filling up the DagBag from /home/dev/curso/ambientevirtual/lib/python3.9/site-packages/airflow/example_dags/tutorial_etl_dag.py
[2024-12-14 15:55:17,325] {processor.py:651} INFO - DAG(s) dict_keys(['tutorial_etl_dag']) retrieved from /home/dev/curso/ambientevirtual/lib/python3.9/site-packages/airflow/example_dags/tutorial_etl_dag.py
[2024-12-14 15:55:17,346] {logging_mixin.py:115} INFO - [2024-12-14 15:55:17,346] {dag.py:2379} INFO - Sync 1 DAGs
[2024-12-14 15:55:17,367] {logging_mixin.py:115} INFO - [2024-12-14 15:55:17,367] {dag.py:2927} INFO - Setting next_dagrun for tutorial_etl_dag to None, run_after=None
[2024-12-14 15:55:17,385] {processor.py:161} INFO - Processing /home/dev/curso/ambientevirtual/lib/python3.9/site-packages/airflow/example_dags/tutorial_etl_dag.py took 0.086 seconds
[2024-12-14 15:55:51,254] {processor.py:153} INFO - Started process (PID=49092) to work on /home/dev/curso/ambientevirtual/lib/python3.9/site-packages/airflow/example_dags/tutorial_etl_dag.py
[2024-12-14 15:55:51,256] {processor.py:641} INFO - Processing file /home/dev/curso/ambientevirtual/lib/python3.9/site-packages/airflow/example_dags/tutorial_etl_dag.py for tasks to queue
[2024-12-14 15:55:51,258] {logging_mixin.py:115} INFO - [2024-12-14 15:55:51,257] {dagbag.py:507} INFO - Filling up the DagBag from /home/dev/curso/ambientevirtual/lib/python3.9/site-packages/airflow/example_dags/tutorial_etl_dag.py
[2024-12-14 15:55:51,273] {processor.py:651} INFO - DAG(s) dict_keys(['tutorial_etl_dag']) retrieved from /home/dev/curso/ambientevirtual/lib/python3.9/site-packages/airflow/example_dags/tutorial_etl_dag.py
[2024-12-14 15:55:51,293] {logging_mixin.py:115} INFO - [2024-12-14 15:55:51,293] {dag.py:2379} INFO - Sync 1 DAGs
[2024-12-14 15:55:51,312] {logging_mixin.py:115} INFO - [2024-12-14 15:55:51,312] {dag.py:2927} INFO - Setting next_dagrun for tutorial_etl_dag to None, run_after=None
[2024-12-14 15:55:51,328] {processor.py:161} INFO - Processing /home/dev/curso/ambientevirtual/lib/python3.9/site-packages/airflow/example_dags/tutorial_etl_dag.py took 0.080 seconds
[2024-12-14 15:56:27,362] {processor.py:153} INFO - Started process (PID=49222) to work on /home/dev/curso/ambientevirtual/lib/python3.9/site-packages/airflow/example_dags/tutorial_etl_dag.py
[2024-12-14 15:56:27,364] {processor.py:641} INFO - Processing file /home/dev/curso/ambientevirtual/lib/python3.9/site-packages/airflow/example_dags/tutorial_etl_dag.py for tasks to queue
[2024-12-14 15:56:27,365] {logging_mixin.py:115} INFO - [2024-12-14 15:56:27,365] {dagbag.py:507} INFO - Filling up the DagBag from /home/dev/curso/ambientevirtual/lib/python3.9/site-packages/airflow/example_dags/tutorial_etl_dag.py
[2024-12-14 15:56:27,373] {processor.py:651} INFO - DAG(s) dict_keys(['tutorial_etl_dag']) retrieved from /home/dev/curso/ambientevirtual/lib/python3.9/site-packages/airflow/example_dags/tutorial_etl_dag.py
[2024-12-14 15:56:27,400] {logging_mixin.py:115} INFO - [2024-12-14 15:56:27,400] {dag.py:2379} INFO - Sync 1 DAGs
[2024-12-14 15:56:27,425] {logging_mixin.py:115} INFO - [2024-12-14 15:56:27,425] {dag.py:2927} INFO - Setting next_dagrun for tutorial_etl_dag to None, run_after=None
[2024-12-14 15:56:27,445] {processor.py:161} INFO - Processing /home/dev/curso/ambientevirtual/lib/python3.9/site-packages/airflow/example_dags/tutorial_etl_dag.py took 0.087 seconds
[2024-12-14 15:57:00,784] {processor.py:153} INFO - Started process (PID=49402) to work on /home/dev/curso/ambientevirtual/lib/python3.9/site-packages/airflow/example_dags/tutorial_etl_dag.py
[2024-12-14 15:57:00,785] {processor.py:641} INFO - Processing file /home/dev/curso/ambientevirtual/lib/python3.9/site-packages/airflow/example_dags/tutorial_etl_dag.py for tasks to queue
[2024-12-14 15:57:00,786] {logging_mixin.py:115} INFO - [2024-12-14 15:57:00,785] {dagbag.py:507} INFO - Filling up the DagBag from /home/dev/curso/ambientevirtual/lib/python3.9/site-packages/airflow/example_dags/tutorial_etl_dag.py
[2024-12-14 15:57:00,798] {processor.py:651} INFO - DAG(s) dict_keys(['tutorial_etl_dag']) retrieved from /home/dev/curso/ambientevirtual/lib/python3.9/site-packages/airflow/example_dags/tutorial_etl_dag.py
[2024-12-14 15:57:00,827] {logging_mixin.py:115} INFO - [2024-12-14 15:57:00,827] {dag.py:2379} INFO - Sync 1 DAGs
[2024-12-14 15:57:00,860] {logging_mixin.py:115} INFO - [2024-12-14 15:57:00,860] {dag.py:2927} INFO - Setting next_dagrun for tutorial_etl_dag to None, run_after=None
[2024-12-14 15:57:00,881] {processor.py:161} INFO - Processing /home/dev/curso/ambientevirtual/lib/python3.9/site-packages/airflow/example_dags/tutorial_etl_dag.py took 0.103 seconds
[2024-12-14 15:57:37,374] {processor.py:153} INFO - Started process (PID=49537) to work on /home/dev/curso/ambientevirtual/lib/python3.9/site-packages/airflow/example_dags/tutorial_etl_dag.py
[2024-12-14 15:57:37,376] {processor.py:641} INFO - Processing file /home/dev/curso/ambientevirtual/lib/python3.9/site-packages/airflow/example_dags/tutorial_etl_dag.py for tasks to queue
[2024-12-14 15:57:37,376] {logging_mixin.py:115} INFO - [2024-12-14 15:57:37,376] {dagbag.py:507} INFO - Filling up the DagBag from /home/dev/curso/ambientevirtual/lib/python3.9/site-packages/airflow/example_dags/tutorial_etl_dag.py
[2024-12-14 15:57:37,385] {processor.py:651} INFO - DAG(s) dict_keys(['tutorial_etl_dag']) retrieved from /home/dev/curso/ambientevirtual/lib/python3.9/site-packages/airflow/example_dags/tutorial_etl_dag.py
[2024-12-14 15:57:37,408] {logging_mixin.py:115} INFO - [2024-12-14 15:57:37,408] {dag.py:2379} INFO - Sync 1 DAGs
[2024-12-14 15:57:37,430] {logging_mixin.py:115} INFO - [2024-12-14 15:57:37,430] {dag.py:2927} INFO - Setting next_dagrun for tutorial_etl_dag to None, run_after=None
[2024-12-14 15:57:37,451] {processor.py:161} INFO - Processing /home/dev/curso/ambientevirtual/lib/python3.9/site-packages/airflow/example_dags/tutorial_etl_dag.py took 0.082 seconds
[2024-12-14 15:58:11,572] {processor.py:153} INFO - Started process (PID=49659) to work on /home/dev/curso/ambientevirtual/lib/python3.9/site-packages/airflow/example_dags/tutorial_etl_dag.py
[2024-12-14 15:58:11,573] {processor.py:641} INFO - Processing file /home/dev/curso/ambientevirtual/lib/python3.9/site-packages/airflow/example_dags/tutorial_etl_dag.py for tasks to queue
[2024-12-14 15:58:11,574] {logging_mixin.py:115} INFO - [2024-12-14 15:58:11,574] {dagbag.py:507} INFO - Filling up the DagBag from /home/dev/curso/ambientevirtual/lib/python3.9/site-packages/airflow/example_dags/tutorial_etl_dag.py
[2024-12-14 15:58:11,585] {processor.py:651} INFO - DAG(s) dict_keys(['tutorial_etl_dag']) retrieved from /home/dev/curso/ambientevirtual/lib/python3.9/site-packages/airflow/example_dags/tutorial_etl_dag.py
[2024-12-14 15:58:11,609] {logging_mixin.py:115} INFO - [2024-12-14 15:58:11,609] {dag.py:2379} INFO - Sync 1 DAGs
[2024-12-14 15:58:11,633] {logging_mixin.py:115} INFO - [2024-12-14 15:58:11,633] {dag.py:2927} INFO - Setting next_dagrun for tutorial_etl_dag to None, run_after=None
[2024-12-14 15:58:11,652] {processor.py:161} INFO - Processing /home/dev/curso/ambientevirtual/lib/python3.9/site-packages/airflow/example_dags/tutorial_etl_dag.py took 0.088 seconds
[2024-12-14 15:58:46,039] {processor.py:153} INFO - Started process (PID=49788) to work on /home/dev/curso/ambientevirtual/lib/python3.9/site-packages/airflow/example_dags/tutorial_etl_dag.py
[2024-12-14 15:58:46,041] {processor.py:641} INFO - Processing file /home/dev/curso/ambientevirtual/lib/python3.9/site-packages/airflow/example_dags/tutorial_etl_dag.py for tasks to queue
[2024-12-14 15:58:46,042] {logging_mixin.py:115} INFO - [2024-12-14 15:58:46,042] {dagbag.py:507} INFO - Filling up the DagBag from /home/dev/curso/ambientevirtual/lib/python3.9/site-packages/airflow/example_dags/tutorial_etl_dag.py
[2024-12-14 15:58:46,057] {processor.py:651} INFO - DAG(s) dict_keys(['tutorial_etl_dag']) retrieved from /home/dev/curso/ambientevirtual/lib/python3.9/site-packages/airflow/example_dags/tutorial_etl_dag.py
[2024-12-14 15:58:46,082] {logging_mixin.py:115} INFO - [2024-12-14 15:58:46,082] {dag.py:2379} INFO - Sync 1 DAGs
[2024-12-14 15:58:46,103] {logging_mixin.py:115} INFO - [2024-12-14 15:58:46,103] {dag.py:2927} INFO - Setting next_dagrun for tutorial_etl_dag to None, run_after=None
[2024-12-14 15:58:46,121] {processor.py:161} INFO - Processing /home/dev/curso/ambientevirtual/lib/python3.9/site-packages/airflow/example_dags/tutorial_etl_dag.py took 0.088 seconds
[2024-12-14 15:59:21,349] {processor.py:153} INFO - Started process (PID=49917) to work on /home/dev/curso/ambientevirtual/lib/python3.9/site-packages/airflow/example_dags/tutorial_etl_dag.py
[2024-12-14 15:59:21,351] {processor.py:641} INFO - Processing file /home/dev/curso/ambientevirtual/lib/python3.9/site-packages/airflow/example_dags/tutorial_etl_dag.py for tasks to queue
[2024-12-14 15:59:21,352] {logging_mixin.py:115} INFO - [2024-12-14 15:59:21,352] {dagbag.py:507} INFO - Filling up the DagBag from /home/dev/curso/ambientevirtual/lib/python3.9/site-packages/airflow/example_dags/tutorial_etl_dag.py
[2024-12-14 15:59:21,367] {processor.py:651} INFO - DAG(s) dict_keys(['tutorial_etl_dag']) retrieved from /home/dev/curso/ambientevirtual/lib/python3.9/site-packages/airflow/example_dags/tutorial_etl_dag.py
[2024-12-14 15:59:21,392] {logging_mixin.py:115} INFO - [2024-12-14 15:59:21,392] {dag.py:2379} INFO - Sync 1 DAGs
[2024-12-14 15:59:21,411] {logging_mixin.py:115} INFO - [2024-12-14 15:59:21,411] {dag.py:2927} INFO - Setting next_dagrun for tutorial_etl_dag to None, run_after=None
[2024-12-14 15:59:21,427] {processor.py:161} INFO - Processing /home/dev/curso/ambientevirtual/lib/python3.9/site-packages/airflow/example_dags/tutorial_etl_dag.py took 0.086 seconds
[2024-12-14 15:59:56,369] {processor.py:153} INFO - Started process (PID=50045) to work on /home/dev/curso/ambientevirtual/lib/python3.9/site-packages/airflow/example_dags/tutorial_etl_dag.py
[2024-12-14 15:59:56,371] {processor.py:641} INFO - Processing file /home/dev/curso/ambientevirtual/lib/python3.9/site-packages/airflow/example_dags/tutorial_etl_dag.py for tasks to queue
[2024-12-14 15:59:56,372] {logging_mixin.py:115} INFO - [2024-12-14 15:59:56,371] {dagbag.py:507} INFO - Filling up the DagBag from /home/dev/curso/ambientevirtual/lib/python3.9/site-packages/airflow/example_dags/tutorial_etl_dag.py
[2024-12-14 15:59:56,386] {processor.py:651} INFO - DAG(s) dict_keys(['tutorial_etl_dag']) retrieved from /home/dev/curso/ambientevirtual/lib/python3.9/site-packages/airflow/example_dags/tutorial_etl_dag.py
[2024-12-14 15:59:56,405] {logging_mixin.py:115} INFO - [2024-12-14 15:59:56,405] {dag.py:2379} INFO - Sync 1 DAGs
[2024-12-14 15:59:56,424] {logging_mixin.py:115} INFO - [2024-12-14 15:59:56,424] {dag.py:2927} INFO - Setting next_dagrun for tutorial_etl_dag to None, run_after=None
[2024-12-14 15:59:56,440] {processor.py:161} INFO - Processing /home/dev/curso/ambientevirtual/lib/python3.9/site-packages/airflow/example_dags/tutorial_etl_dag.py took 0.078 seconds
[2024-12-14 16:00:30,503] {processor.py:153} INFO - Started process (PID=50167) to work on /home/dev/curso/ambientevirtual/lib/python3.9/site-packages/airflow/example_dags/tutorial_etl_dag.py
[2024-12-14 16:00:30,505] {processor.py:641} INFO - Processing file /home/dev/curso/ambientevirtual/lib/python3.9/site-packages/airflow/example_dags/tutorial_etl_dag.py for tasks to queue
[2024-12-14 16:00:30,506] {logging_mixin.py:115} INFO - [2024-12-14 16:00:30,505] {dagbag.py:507} INFO - Filling up the DagBag from /home/dev/curso/ambientevirtual/lib/python3.9/site-packages/airflow/example_dags/tutorial_etl_dag.py
[2024-12-14 16:00:30,518] {processor.py:651} INFO - DAG(s) dict_keys(['tutorial_etl_dag']) retrieved from /home/dev/curso/ambientevirtual/lib/python3.9/site-packages/airflow/example_dags/tutorial_etl_dag.py
[2024-12-14 16:00:30,538] {logging_mixin.py:115} INFO - [2024-12-14 16:00:30,538] {dag.py:2379} INFO - Sync 1 DAGs
[2024-12-14 16:00:30,558] {logging_mixin.py:115} INFO - [2024-12-14 16:00:30,558] {dag.py:2927} INFO - Setting next_dagrun for tutorial_etl_dag to None, run_after=None
[2024-12-14 16:00:30,574] {processor.py:161} INFO - Processing /home/dev/curso/ambientevirtual/lib/python3.9/site-packages/airflow/example_dags/tutorial_etl_dag.py took 0.077 seconds
[2024-12-14 16:01:04,715] {processor.py:153} INFO - Started process (PID=50469) to work on /home/dev/curso/ambientevirtual/lib/python3.9/site-packages/airflow/example_dags/tutorial_etl_dag.py
[2024-12-14 16:01:04,716] {processor.py:641} INFO - Processing file /home/dev/curso/ambientevirtual/lib/python3.9/site-packages/airflow/example_dags/tutorial_etl_dag.py for tasks to queue
[2024-12-14 16:01:04,717] {logging_mixin.py:115} INFO - [2024-12-14 16:01:04,717] {dagbag.py:507} INFO - Filling up the DagBag from /home/dev/curso/ambientevirtual/lib/python3.9/site-packages/airflow/example_dags/tutorial_etl_dag.py
[2024-12-14 16:01:04,727] {processor.py:651} INFO - DAG(s) dict_keys(['tutorial_etl_dag']) retrieved from /home/dev/curso/ambientevirtual/lib/python3.9/site-packages/airflow/example_dags/tutorial_etl_dag.py
[2024-12-14 16:01:04,753] {logging_mixin.py:115} INFO - [2024-12-14 16:01:04,753] {dag.py:2379} INFO - Sync 1 DAGs
[2024-12-14 16:01:04,778] {logging_mixin.py:115} INFO - [2024-12-14 16:01:04,778] {dag.py:2927} INFO - Setting next_dagrun for tutorial_etl_dag to None, run_after=None
[2024-12-14 16:01:04,797] {processor.py:161} INFO - Processing /home/dev/curso/ambientevirtual/lib/python3.9/site-packages/airflow/example_dags/tutorial_etl_dag.py took 0.087 seconds
[2024-12-14 16:01:43,508] {processor.py:153} INFO - Started process (PID=50607) to work on /home/dev/curso/ambientevirtual/lib/python3.9/site-packages/airflow/example_dags/tutorial_etl_dag.py
[2024-12-14 16:01:43,509] {processor.py:641} INFO - Processing file /home/dev/curso/ambientevirtual/lib/python3.9/site-packages/airflow/example_dags/tutorial_etl_dag.py for tasks to queue
[2024-12-14 16:01:43,510] {logging_mixin.py:115} INFO - [2024-12-14 16:01:43,509] {dagbag.py:507} INFO - Filling up the DagBag from /home/dev/curso/ambientevirtual/lib/python3.9/site-packages/airflow/example_dags/tutorial_etl_dag.py
[2024-12-14 16:01:43,519] {processor.py:651} INFO - DAG(s) dict_keys(['tutorial_etl_dag']) retrieved from /home/dev/curso/ambientevirtual/lib/python3.9/site-packages/airflow/example_dags/tutorial_etl_dag.py
[2024-12-14 16:01:43,543] {logging_mixin.py:115} INFO - [2024-12-14 16:01:43,543] {dag.py:2379} INFO - Sync 1 DAGs
[2024-12-14 16:01:43,570] {logging_mixin.py:115} INFO - [2024-12-14 16:01:43,570] {dag.py:2927} INFO - Setting next_dagrun for tutorial_etl_dag to None, run_after=None
[2024-12-14 16:01:43,588] {processor.py:161} INFO - Processing /home/dev/curso/ambientevirtual/lib/python3.9/site-packages/airflow/example_dags/tutorial_etl_dag.py took 0.084 seconds
[2024-12-14 16:02:20,969] {processor.py:153} INFO - Started process (PID=50803) to work on /home/dev/curso/ambientevirtual/lib/python3.9/site-packages/airflow/example_dags/tutorial_etl_dag.py
[2024-12-14 16:02:20,971] {processor.py:641} INFO - Processing file /home/dev/curso/ambientevirtual/lib/python3.9/site-packages/airflow/example_dags/tutorial_etl_dag.py for tasks to queue
[2024-12-14 16:02:20,972] {logging_mixin.py:115} INFO - [2024-12-14 16:02:20,972] {dagbag.py:507} INFO - Filling up the DagBag from /home/dev/curso/ambientevirtual/lib/python3.9/site-packages/airflow/example_dags/tutorial_etl_dag.py
[2024-12-14 16:02:20,989] {processor.py:651} INFO - DAG(s) dict_keys(['tutorial_etl_dag']) retrieved from /home/dev/curso/ambientevirtual/lib/python3.9/site-packages/airflow/example_dags/tutorial_etl_dag.py
[2024-12-14 16:02:21,013] {logging_mixin.py:115} INFO - [2024-12-14 16:02:21,013] {dag.py:2379} INFO - Sync 1 DAGs
[2024-12-14 16:02:21,042] {logging_mixin.py:115} INFO - [2024-12-14 16:02:21,042] {dag.py:2927} INFO - Setting next_dagrun for tutorial_etl_dag to None, run_after=None
[2024-12-14 16:02:21,060] {processor.py:161} INFO - Processing /home/dev/curso/ambientevirtual/lib/python3.9/site-packages/airflow/example_dags/tutorial_etl_dag.py took 0.099 seconds
[2024-12-14 16:02:55,188] {processor.py:153} INFO - Started process (PID=50933) to work on /home/dev/curso/ambientevirtual/lib/python3.9/site-packages/airflow/example_dags/tutorial_etl_dag.py
[2024-12-14 16:02:55,189] {processor.py:641} INFO - Processing file /home/dev/curso/ambientevirtual/lib/python3.9/site-packages/airflow/example_dags/tutorial_etl_dag.py for tasks to queue
[2024-12-14 16:02:55,190] {logging_mixin.py:115} INFO - [2024-12-14 16:02:55,190] {dagbag.py:507} INFO - Filling up the DagBag from /home/dev/curso/ambientevirtual/lib/python3.9/site-packages/airflow/example_dags/tutorial_etl_dag.py
[2024-12-14 16:02:55,200] {processor.py:651} INFO - DAG(s) dict_keys(['tutorial_etl_dag']) retrieved from /home/dev/curso/ambientevirtual/lib/python3.9/site-packages/airflow/example_dags/tutorial_etl_dag.py
[2024-12-14 16:02:55,220] {logging_mixin.py:115} INFO - [2024-12-14 16:02:55,220] {dag.py:2379} INFO - Sync 1 DAGs
[2024-12-14 16:02:55,240] {logging_mixin.py:115} INFO - [2024-12-14 16:02:55,240] {dag.py:2927} INFO - Setting next_dagrun for tutorial_etl_dag to None, run_after=None
[2024-12-14 16:02:55,259] {processor.py:161} INFO - Processing /home/dev/curso/ambientevirtual/lib/python3.9/site-packages/airflow/example_dags/tutorial_etl_dag.py took 0.077 seconds
[2024-12-14 16:03:30,603] {processor.py:153} INFO - Started process (PID=51063) to work on /home/dev/curso/ambientevirtual/lib/python3.9/site-packages/airflow/example_dags/tutorial_etl_dag.py
[2024-12-14 16:03:30,605] {processor.py:641} INFO - Processing file /home/dev/curso/ambientevirtual/lib/python3.9/site-packages/airflow/example_dags/tutorial_etl_dag.py for tasks to queue
[2024-12-14 16:03:30,606] {logging_mixin.py:115} INFO - [2024-12-14 16:03:30,606] {dagbag.py:507} INFO - Filling up the DagBag from /home/dev/curso/ambientevirtual/lib/python3.9/site-packages/airflow/example_dags/tutorial_etl_dag.py
[2024-12-14 16:03:30,623] {processor.py:651} INFO - DAG(s) dict_keys(['tutorial_etl_dag']) retrieved from /home/dev/curso/ambientevirtual/lib/python3.9/site-packages/airflow/example_dags/tutorial_etl_dag.py
[2024-12-14 16:03:30,643] {logging_mixin.py:115} INFO - [2024-12-14 16:03:30,643] {dag.py:2379} INFO - Sync 1 DAGs
[2024-12-14 16:03:30,666] {logging_mixin.py:115} INFO - [2024-12-14 16:03:30,666] {dag.py:2927} INFO - Setting next_dagrun for tutorial_etl_dag to None, run_after=None
[2024-12-14 16:03:30,683] {processor.py:161} INFO - Processing /home/dev/curso/ambientevirtual/lib/python3.9/site-packages/airflow/example_dags/tutorial_etl_dag.py took 0.087 seconds
[2024-12-14 16:04:02,554] {processor.py:153} INFO - Started process (PID=51177) to work on /home/dev/curso/ambientevirtual/lib/python3.9/site-packages/airflow/example_dags/tutorial_etl_dag.py
[2024-12-14 16:04:02,555] {processor.py:641} INFO - Processing file /home/dev/curso/ambientevirtual/lib/python3.9/site-packages/airflow/example_dags/tutorial_etl_dag.py for tasks to queue
[2024-12-14 16:04:02,555] {logging_mixin.py:115} INFO - [2024-12-14 16:04:02,555] {dagbag.py:507} INFO - Filling up the DagBag from /home/dev/curso/ambientevirtual/lib/python3.9/site-packages/airflow/example_dags/tutorial_etl_dag.py
[2024-12-14 16:04:02,565] {processor.py:651} INFO - DAG(s) dict_keys(['tutorial_etl_dag']) retrieved from /home/dev/curso/ambientevirtual/lib/python3.9/site-packages/airflow/example_dags/tutorial_etl_dag.py
[2024-12-14 16:04:02,585] {logging_mixin.py:115} INFO - [2024-12-14 16:04:02,585] {dag.py:2379} INFO - Sync 1 DAGs
[2024-12-14 16:04:02,606] {logging_mixin.py:115} INFO - [2024-12-14 16:04:02,606] {dag.py:2927} INFO - Setting next_dagrun for tutorial_etl_dag to None, run_after=None
[2024-12-14 16:04:02,624] {processor.py:161} INFO - Processing /home/dev/curso/ambientevirtual/lib/python3.9/site-packages/airflow/example_dags/tutorial_etl_dag.py took 0.073 seconds
[2024-12-14 16:04:39,280] {processor.py:153} INFO - Started process (PID=51312) to work on /home/dev/curso/ambientevirtual/lib/python3.9/site-packages/airflow/example_dags/tutorial_etl_dag.py
[2024-12-14 16:04:39,282] {processor.py:641} INFO - Processing file /home/dev/curso/ambientevirtual/lib/python3.9/site-packages/airflow/example_dags/tutorial_etl_dag.py for tasks to queue
[2024-12-14 16:04:39,282] {logging_mixin.py:115} INFO - [2024-12-14 16:04:39,282] {dagbag.py:507} INFO - Filling up the DagBag from /home/dev/curso/ambientevirtual/lib/python3.9/site-packages/airflow/example_dags/tutorial_etl_dag.py
[2024-12-14 16:04:39,291] {processor.py:651} INFO - DAG(s) dict_keys(['tutorial_etl_dag']) retrieved from /home/dev/curso/ambientevirtual/lib/python3.9/site-packages/airflow/example_dags/tutorial_etl_dag.py
[2024-12-14 16:04:39,310] {logging_mixin.py:115} INFO - [2024-12-14 16:04:39,310] {dag.py:2379} INFO - Sync 1 DAGs
[2024-12-14 16:04:39,331] {logging_mixin.py:115} INFO - [2024-12-14 16:04:39,331] {dag.py:2927} INFO - Setting next_dagrun for tutorial_etl_dag to None, run_after=None
[2024-12-14 16:04:39,349] {processor.py:161} INFO - Processing /home/dev/curso/ambientevirtual/lib/python3.9/site-packages/airflow/example_dags/tutorial_etl_dag.py took 0.073 seconds
[2024-12-14 16:05:14,168] {processor.py:153} INFO - Started process (PID=51436) to work on /home/dev/curso/ambientevirtual/lib/python3.9/site-packages/airflow/example_dags/tutorial_etl_dag.py
[2024-12-14 16:05:14,169] {processor.py:641} INFO - Processing file /home/dev/curso/ambientevirtual/lib/python3.9/site-packages/airflow/example_dags/tutorial_etl_dag.py for tasks to queue
[2024-12-14 16:05:14,170] {logging_mixin.py:115} INFO - [2024-12-14 16:05:14,169] {dagbag.py:507} INFO - Filling up the DagBag from /home/dev/curso/ambientevirtual/lib/python3.9/site-packages/airflow/example_dags/tutorial_etl_dag.py
[2024-12-14 16:05:14,182] {processor.py:651} INFO - DAG(s) dict_keys(['tutorial_etl_dag']) retrieved from /home/dev/curso/ambientevirtual/lib/python3.9/site-packages/airflow/example_dags/tutorial_etl_dag.py
[2024-12-14 16:05:14,204] {logging_mixin.py:115} INFO - [2024-12-14 16:05:14,204] {dag.py:2379} INFO - Sync 1 DAGs
[2024-12-14 16:05:14,223] {logging_mixin.py:115} INFO - [2024-12-14 16:05:14,223] {dag.py:2927} INFO - Setting next_dagrun for tutorial_etl_dag to None, run_after=None
[2024-12-14 16:05:14,241] {processor.py:161} INFO - Processing /home/dev/curso/ambientevirtual/lib/python3.9/site-packages/airflow/example_dags/tutorial_etl_dag.py took 0.081 seconds
[2024-12-14 16:05:48,687] {processor.py:153} INFO - Started process (PID=51564) to work on /home/dev/curso/ambientevirtual/lib/python3.9/site-packages/airflow/example_dags/tutorial_etl_dag.py
[2024-12-14 16:05:48,688] {processor.py:641} INFO - Processing file /home/dev/curso/ambientevirtual/lib/python3.9/site-packages/airflow/example_dags/tutorial_etl_dag.py for tasks to queue
[2024-12-14 16:05:48,689] {logging_mixin.py:115} INFO - [2024-12-14 16:05:48,689] {dagbag.py:507} INFO - Filling up the DagBag from /home/dev/curso/ambientevirtual/lib/python3.9/site-packages/airflow/example_dags/tutorial_etl_dag.py
[2024-12-14 16:05:48,700] {processor.py:651} INFO - DAG(s) dict_keys(['tutorial_etl_dag']) retrieved from /home/dev/curso/ambientevirtual/lib/python3.9/site-packages/airflow/example_dags/tutorial_etl_dag.py
[2024-12-14 16:05:48,723] {logging_mixin.py:115} INFO - [2024-12-14 16:05:48,723] {dag.py:2379} INFO - Sync 1 DAGs
[2024-12-14 16:05:48,751] {logging_mixin.py:115} INFO - [2024-12-14 16:05:48,750] {dag.py:2927} INFO - Setting next_dagrun for tutorial_etl_dag to None, run_after=None
[2024-12-14 16:05:48,773] {processor.py:161} INFO - Processing /home/dev/curso/ambientevirtual/lib/python3.9/site-packages/airflow/example_dags/tutorial_etl_dag.py took 0.090 seconds
[2024-12-14 16:06:23,155] {processor.py:153} INFO - Started process (PID=51745) to work on /home/dev/curso/ambientevirtual/lib/python3.9/site-packages/airflow/example_dags/tutorial_etl_dag.py
[2024-12-14 16:06:23,157] {processor.py:641} INFO - Processing file /home/dev/curso/ambientevirtual/lib/python3.9/site-packages/airflow/example_dags/tutorial_etl_dag.py for tasks to queue
[2024-12-14 16:06:23,158] {logging_mixin.py:115} INFO - [2024-12-14 16:06:23,158] {dagbag.py:507} INFO - Filling up the DagBag from /home/dev/curso/ambientevirtual/lib/python3.9/site-packages/airflow/example_dags/tutorial_etl_dag.py
[2024-12-14 16:06:23,176] {processor.py:651} INFO - DAG(s) dict_keys(['tutorial_etl_dag']) retrieved from /home/dev/curso/ambientevirtual/lib/python3.9/site-packages/airflow/example_dags/tutorial_etl_dag.py
[2024-12-14 16:06:23,196] {logging_mixin.py:115} INFO - [2024-12-14 16:06:23,196] {dag.py:2379} INFO - Sync 1 DAGs
[2024-12-14 16:06:23,216] {logging_mixin.py:115} INFO - [2024-12-14 16:06:23,216] {dag.py:2927} INFO - Setting next_dagrun for tutorial_etl_dag to None, run_after=None
[2024-12-14 16:06:23,232] {processor.py:161} INFO - Processing /home/dev/curso/ambientevirtual/lib/python3.9/site-packages/airflow/example_dags/tutorial_etl_dag.py took 0.088 seconds
[2024-12-14 16:06:57,899] {processor.py:153} INFO - Started process (PID=51873) to work on /home/dev/curso/ambientevirtual/lib/python3.9/site-packages/airflow/example_dags/tutorial_etl_dag.py
[2024-12-14 16:06:57,900] {processor.py:641} INFO - Processing file /home/dev/curso/ambientevirtual/lib/python3.9/site-packages/airflow/example_dags/tutorial_etl_dag.py for tasks to queue
[2024-12-14 16:06:57,902] {logging_mixin.py:115} INFO - [2024-12-14 16:06:57,902] {dagbag.py:507} INFO - Filling up the DagBag from /home/dev/curso/ambientevirtual/lib/python3.9/site-packages/airflow/example_dags/tutorial_etl_dag.py
[2024-12-14 16:06:57,912] {processor.py:651} INFO - DAG(s) dict_keys(['tutorial_etl_dag']) retrieved from /home/dev/curso/ambientevirtual/lib/python3.9/site-packages/airflow/example_dags/tutorial_etl_dag.py
[2024-12-14 16:06:57,938] {logging_mixin.py:115} INFO - [2024-12-14 16:06:57,938] {dag.py:2379} INFO - Sync 1 DAGs
[2024-12-14 16:06:57,968] {logging_mixin.py:115} INFO - [2024-12-14 16:06:57,968] {dag.py:2927} INFO - Setting next_dagrun for tutorial_etl_dag to None, run_after=None
[2024-12-14 16:06:57,986] {processor.py:161} INFO - Processing /home/dev/curso/ambientevirtual/lib/python3.9/site-packages/airflow/example_dags/tutorial_etl_dag.py took 0.091 seconds
[2024-12-14 16:07:39,761] {processor.py:153} INFO - Started process (PID=52078) to work on /home/dev/curso/ambientevirtual/lib/python3.9/site-packages/airflow/example_dags/tutorial_etl_dag.py
[2024-12-14 16:07:39,763] {processor.py:641} INFO - Processing file /home/dev/curso/ambientevirtual/lib/python3.9/site-packages/airflow/example_dags/tutorial_etl_dag.py for tasks to queue
[2024-12-14 16:07:39,763] {logging_mixin.py:115} INFO - [2024-12-14 16:07:39,763] {dagbag.py:507} INFO - Filling up the DagBag from /home/dev/curso/ambientevirtual/lib/python3.9/site-packages/airflow/example_dags/tutorial_etl_dag.py
[2024-12-14 16:07:39,772] {processor.py:651} INFO - DAG(s) dict_keys(['tutorial_etl_dag']) retrieved from /home/dev/curso/ambientevirtual/lib/python3.9/site-packages/airflow/example_dags/tutorial_etl_dag.py
[2024-12-14 16:07:39,792] {logging_mixin.py:115} INFO - [2024-12-14 16:07:39,792] {dag.py:2379} INFO - Sync 1 DAGs
[2024-12-14 16:07:39,814] {logging_mixin.py:115} INFO - [2024-12-14 16:07:39,814] {dag.py:2927} INFO - Setting next_dagrun for tutorial_etl_dag to None, run_after=None
[2024-12-14 16:07:39,831] {processor.py:161} INFO - Processing /home/dev/curso/ambientevirtual/lib/python3.9/site-packages/airflow/example_dags/tutorial_etl_dag.py took 0.073 seconds
[2024-12-14 16:08:15,108] {processor.py:153} INFO - Started process (PID=52208) to work on /home/dev/curso/ambientevirtual/lib/python3.9/site-packages/airflow/example_dags/tutorial_etl_dag.py
[2024-12-14 16:08:15,109] {processor.py:641} INFO - Processing file /home/dev/curso/ambientevirtual/lib/python3.9/site-packages/airflow/example_dags/tutorial_etl_dag.py for tasks to queue
[2024-12-14 16:08:15,110] {logging_mixin.py:115} INFO - [2024-12-14 16:08:15,110] {dagbag.py:507} INFO - Filling up the DagBag from /home/dev/curso/ambientevirtual/lib/python3.9/site-packages/airflow/example_dags/tutorial_etl_dag.py
[2024-12-14 16:08:15,130] {processor.py:651} INFO - DAG(s) dict_keys(['tutorial_etl_dag']) retrieved from /home/dev/curso/ambientevirtual/lib/python3.9/site-packages/airflow/example_dags/tutorial_etl_dag.py
[2024-12-14 16:08:15,160] {logging_mixin.py:115} INFO - [2024-12-14 16:08:15,160] {dag.py:2379} INFO - Sync 1 DAGs
[2024-12-14 16:08:15,193] {logging_mixin.py:115} INFO - [2024-12-14 16:08:15,193] {dag.py:2927} INFO - Setting next_dagrun for tutorial_etl_dag to None, run_after=None
[2024-12-14 16:08:15,216] {processor.py:161} INFO - Processing /home/dev/curso/ambientevirtual/lib/python3.9/site-packages/airflow/example_dags/tutorial_etl_dag.py took 0.117 seconds
[2024-12-14 16:08:49,337] {processor.py:153} INFO - Started process (PID=52561) to work on /home/dev/curso/ambientevirtual/lib/python3.9/site-packages/airflow/example_dags/tutorial_etl_dag.py
[2024-12-14 16:08:49,338] {processor.py:641} INFO - Processing file /home/dev/curso/ambientevirtual/lib/python3.9/site-packages/airflow/example_dags/tutorial_etl_dag.py for tasks to queue
[2024-12-14 16:08:49,339] {logging_mixin.py:115} INFO - [2024-12-14 16:08:49,339] {dagbag.py:507} INFO - Filling up the DagBag from /home/dev/curso/ambientevirtual/lib/python3.9/site-packages/airflow/example_dags/tutorial_etl_dag.py
[2024-12-14 16:08:49,347] {processor.py:651} INFO - DAG(s) dict_keys(['tutorial_etl_dag']) retrieved from /home/dev/curso/ambientevirtual/lib/python3.9/site-packages/airflow/example_dags/tutorial_etl_dag.py
[2024-12-14 16:08:49,367] {logging_mixin.py:115} INFO - [2024-12-14 16:08:49,367] {dag.py:2379} INFO - Sync 1 DAGs
[2024-12-14 16:08:49,394] {logging_mixin.py:115} INFO - [2024-12-14 16:08:49,394] {dag.py:2927} INFO - Setting next_dagrun for tutorial_etl_dag to None, run_after=None
[2024-12-14 16:08:49,412] {processor.py:161} INFO - Processing /home/dev/curso/ambientevirtual/lib/python3.9/site-packages/airflow/example_dags/tutorial_etl_dag.py took 0.078 seconds
[2024-12-14 16:09:22,882] {processor.py:153} INFO - Started process (PID=52683) to work on /home/dev/curso/ambientevirtual/lib/python3.9/site-packages/airflow/example_dags/tutorial_etl_dag.py
[2024-12-14 16:09:22,883] {processor.py:641} INFO - Processing file /home/dev/curso/ambientevirtual/lib/python3.9/site-packages/airflow/example_dags/tutorial_etl_dag.py for tasks to queue
[2024-12-14 16:09:22,885] {logging_mixin.py:115} INFO - [2024-12-14 16:09:22,884] {dagbag.py:507} INFO - Filling up the DagBag from /home/dev/curso/ambientevirtual/lib/python3.9/site-packages/airflow/example_dags/tutorial_etl_dag.py
[2024-12-14 16:09:22,895] {processor.py:651} INFO - DAG(s) dict_keys(['tutorial_etl_dag']) retrieved from /home/dev/curso/ambientevirtual/lib/python3.9/site-packages/airflow/example_dags/tutorial_etl_dag.py
[2024-12-14 16:09:22,922] {logging_mixin.py:115} INFO - [2024-12-14 16:09:22,921] {dag.py:2379} INFO - Sync 1 DAGs
[2024-12-14 16:09:22,950] {logging_mixin.py:115} INFO - [2024-12-14 16:09:22,950] {dag.py:2927} INFO - Setting next_dagrun for tutorial_etl_dag to None, run_after=None
[2024-12-14 16:09:22,972] {processor.py:161} INFO - Processing /home/dev/curso/ambientevirtual/lib/python3.9/site-packages/airflow/example_dags/tutorial_etl_dag.py took 0.097 seconds
[2024-12-14 16:09:56,934] {processor.py:153} INFO - Started process (PID=52812) to work on /home/dev/curso/ambientevirtual/lib/python3.9/site-packages/airflow/example_dags/tutorial_etl_dag.py
[2024-12-14 16:09:56,936] {processor.py:641} INFO - Processing file /home/dev/curso/ambientevirtual/lib/python3.9/site-packages/airflow/example_dags/tutorial_etl_dag.py for tasks to queue
[2024-12-14 16:09:56,937] {logging_mixin.py:115} INFO - [2024-12-14 16:09:56,937] {dagbag.py:507} INFO - Filling up the DagBag from /home/dev/curso/ambientevirtual/lib/python3.9/site-packages/airflow/example_dags/tutorial_etl_dag.py
[2024-12-14 16:09:56,946] {processor.py:651} INFO - DAG(s) dict_keys(['tutorial_etl_dag']) retrieved from /home/dev/curso/ambientevirtual/lib/python3.9/site-packages/airflow/example_dags/tutorial_etl_dag.py
[2024-12-14 16:09:56,967] {logging_mixin.py:115} INFO - [2024-12-14 16:09:56,967] {dag.py:2379} INFO - Sync 1 DAGs
[2024-12-14 16:09:56,986] {logging_mixin.py:115} INFO - [2024-12-14 16:09:56,986] {dag.py:2927} INFO - Setting next_dagrun for tutorial_etl_dag to None, run_after=None
[2024-12-14 16:09:57,002] {processor.py:161} INFO - Processing /home/dev/curso/ambientevirtual/lib/python3.9/site-packages/airflow/example_dags/tutorial_etl_dag.py took 0.074 seconds
[2024-12-14 16:10:33,895] {processor.py:153} INFO - Started process (PID=52948) to work on /home/dev/curso/ambientevirtual/lib/python3.9/site-packages/airflow/example_dags/tutorial_etl_dag.py
[2024-12-14 16:10:33,896] {processor.py:641} INFO - Processing file /home/dev/curso/ambientevirtual/lib/python3.9/site-packages/airflow/example_dags/tutorial_etl_dag.py for tasks to queue
[2024-12-14 16:10:33,897] {logging_mixin.py:115} INFO - [2024-12-14 16:10:33,897] {dagbag.py:507} INFO - Filling up the DagBag from /home/dev/curso/ambientevirtual/lib/python3.9/site-packages/airflow/example_dags/tutorial_etl_dag.py
[2024-12-14 16:10:33,907] {processor.py:651} INFO - DAG(s) dict_keys(['tutorial_etl_dag']) retrieved from /home/dev/curso/ambientevirtual/lib/python3.9/site-packages/airflow/example_dags/tutorial_etl_dag.py
[2024-12-14 16:10:33,928] {logging_mixin.py:115} INFO - [2024-12-14 16:10:33,928] {dag.py:2379} INFO - Sync 1 DAGs
[2024-12-14 16:10:33,948] {logging_mixin.py:115} INFO - [2024-12-14 16:10:33,948] {dag.py:2927} INFO - Setting next_dagrun for tutorial_etl_dag to None, run_after=None
[2024-12-14 16:10:33,965] {processor.py:161} INFO - Processing /home/dev/curso/ambientevirtual/lib/python3.9/site-packages/airflow/example_dags/tutorial_etl_dag.py took 0.075 seconds
[2024-12-14 16:11:10,351] {processor.py:153} INFO - Started process (PID=53193) to work on /home/dev/curso/ambientevirtual/lib/python3.9/site-packages/airflow/example_dags/tutorial_etl_dag.py
[2024-12-14 16:11:10,352] {processor.py:641} INFO - Processing file /home/dev/curso/ambientevirtual/lib/python3.9/site-packages/airflow/example_dags/tutorial_etl_dag.py for tasks to queue
[2024-12-14 16:11:10,352] {logging_mixin.py:115} INFO - [2024-12-14 16:11:10,352] {dagbag.py:507} INFO - Filling up the DagBag from /home/dev/curso/ambientevirtual/lib/python3.9/site-packages/airflow/example_dags/tutorial_etl_dag.py
[2024-12-14 16:11:10,362] {processor.py:651} INFO - DAG(s) dict_keys(['tutorial_etl_dag']) retrieved from /home/dev/curso/ambientevirtual/lib/python3.9/site-packages/airflow/example_dags/tutorial_etl_dag.py
[2024-12-14 16:11:10,384] {logging_mixin.py:115} INFO - [2024-12-14 16:11:10,384] {dag.py:2379} INFO - Sync 1 DAGs
[2024-12-14 16:11:10,403] {logging_mixin.py:115} INFO - [2024-12-14 16:11:10,403] {dag.py:2927} INFO - Setting next_dagrun for tutorial_etl_dag to None, run_after=None
[2024-12-14 16:11:10,420] {processor.py:161} INFO - Processing /home/dev/curso/ambientevirtual/lib/python3.9/site-packages/airflow/example_dags/tutorial_etl_dag.py took 0.073 seconds
