[2024-12-14 15:51:39,429] {processor.py:153} INFO - Started process (PID=47940) to work on /home/dev/curso/ambientevirtual/lib/python3.9/site-packages/airflow/example_dags/tutorial.py
[2024-12-14 15:51:39,429] {processor.py:641} INFO - Processing file /home/dev/curso/ambientevirtual/lib/python3.9/site-packages/airflow/example_dags/tutorial.py for tasks to queue
[2024-12-14 15:51:39,430] {logging_mixin.py:115} INFO - [2024-12-14 15:51:39,430] {dagbag.py:507} INFO - Filling up the DagBag from /home/dev/curso/ambientevirtual/lib/python3.9/site-packages/airflow/example_dags/tutorial.py
[2024-12-14 15:51:39,437] {processor.py:651} INFO - DAG(s) dict_keys(['tutorial']) retrieved from /home/dev/curso/ambientevirtual/lib/python3.9/site-packages/airflow/example_dags/tutorial.py
[2024-12-14 15:51:39,518] {logging_mixin.py:115} INFO - [2024-12-14 15:51:39,518] {manager.py:508} INFO - Created Permission View: can delete on DAG:tutorial
[2024-12-14 15:51:39,533] {logging_mixin.py:115} INFO - [2024-12-14 15:51:39,533] {manager.py:508} INFO - Created Permission View: can edit on DAG:tutorial
[2024-12-14 15:51:39,544] {logging_mixin.py:115} INFO - [2024-12-14 15:51:39,543] {manager.py:508} INFO - Created Permission View: can read on DAG:tutorial
[2024-12-14 15:51:39,544] {logging_mixin.py:115} INFO - [2024-12-14 15:51:39,544] {dag.py:2379} INFO - Sync 1 DAGs
[2024-12-14 15:51:39,552] {logging_mixin.py:115} INFO - [2024-12-14 15:51:39,552] {dag.py:2398} INFO - Creating ORM DAG for tutorial
[2024-12-14 15:51:39,562] {logging_mixin.py:115} INFO - [2024-12-14 15:51:39,562] {dag.py:2927} INFO - Setting next_dagrun for tutorial to 2024-12-13T18:51:39.562552+00:00, run_after=2024-12-14T18:51:39.562552+00:00
[2024-12-14 15:51:39,583] {processor.py:161} INFO - Processing /home/dev/curso/ambientevirtual/lib/python3.9/site-packages/airflow/example_dags/tutorial.py took 0.158 seconds
[2024-12-14 15:52:17,333] {processor.py:153} INFO - Started process (PID=48308) to work on /home/dev/curso/ambientevirtual/lib/python3.9/site-packages/airflow/example_dags/tutorial.py
[2024-12-14 15:52:17,334] {processor.py:641} INFO - Processing file /home/dev/curso/ambientevirtual/lib/python3.9/site-packages/airflow/example_dags/tutorial.py for tasks to queue
[2024-12-14 15:52:17,335] {logging_mixin.py:115} INFO - [2024-12-14 15:52:17,335] {dagbag.py:507} INFO - Filling up the DagBag from /home/dev/curso/ambientevirtual/lib/python3.9/site-packages/airflow/example_dags/tutorial.py
[2024-12-14 15:52:17,343] {processor.py:651} INFO - DAG(s) dict_keys(['tutorial']) retrieved from /home/dev/curso/ambientevirtual/lib/python3.9/site-packages/airflow/example_dags/tutorial.py
[2024-12-14 15:52:17,363] {logging_mixin.py:115} INFO - [2024-12-14 15:52:17,363] {dag.py:2379} INFO - Sync 1 DAGs
[2024-12-14 15:52:17,383] {logging_mixin.py:115} INFO - [2024-12-14 15:52:17,382] {dag.py:2927} INFO - Setting next_dagrun for tutorial to 2024-12-13T18:52:17.382610+00:00, run_after=2024-12-14T18:52:17.382610+00:00
[2024-12-14 15:52:17,400] {processor.py:161} INFO - Processing /home/dev/curso/ambientevirtual/lib/python3.9/site-packages/airflow/example_dags/tutorial.py took 0.070 seconds
[2024-12-14 15:52:53,383] {processor.py:153} INFO - Started process (PID=48438) to work on /home/dev/curso/ambientevirtual/lib/python3.9/site-packages/airflow/example_dags/tutorial.py
[2024-12-14 15:52:53,385] {processor.py:641} INFO - Processing file /home/dev/curso/ambientevirtual/lib/python3.9/site-packages/airflow/example_dags/tutorial.py for tasks to queue
[2024-12-14 15:52:53,386] {logging_mixin.py:115} INFO - [2024-12-14 15:52:53,385] {dagbag.py:507} INFO - Filling up the DagBag from /home/dev/curso/ambientevirtual/lib/python3.9/site-packages/airflow/example_dags/tutorial.py
[2024-12-14 15:52:53,393] {processor.py:651} INFO - DAG(s) dict_keys(['tutorial']) retrieved from /home/dev/curso/ambientevirtual/lib/python3.9/site-packages/airflow/example_dags/tutorial.py
[2024-12-14 15:52:53,415] {logging_mixin.py:115} INFO - [2024-12-14 15:52:53,414] {dag.py:2379} INFO - Sync 1 DAGs
[2024-12-14 15:52:53,433] {logging_mixin.py:115} INFO - [2024-12-14 15:52:53,433] {dag.py:2927} INFO - Setting next_dagrun for tutorial to 2024-12-13T18:52:53.433121+00:00, run_after=2024-12-14T18:52:53.433121+00:00
[2024-12-14 15:52:53,448] {processor.py:161} INFO - Processing /home/dev/curso/ambientevirtual/lib/python3.9/site-packages/airflow/example_dags/tutorial.py took 0.072 seconds
[2024-12-14 15:53:29,909] {processor.py:153} INFO - Started process (PID=48574) to work on /home/dev/curso/ambientevirtual/lib/python3.9/site-packages/airflow/example_dags/tutorial.py
[2024-12-14 15:53:29,910] {processor.py:641} INFO - Processing file /home/dev/curso/ambientevirtual/lib/python3.9/site-packages/airflow/example_dags/tutorial.py for tasks to queue
[2024-12-14 15:53:29,911] {logging_mixin.py:115} INFO - [2024-12-14 15:53:29,911] {dagbag.py:507} INFO - Filling up the DagBag from /home/dev/curso/ambientevirtual/lib/python3.9/site-packages/airflow/example_dags/tutorial.py
[2024-12-14 15:53:29,922] {processor.py:651} INFO - DAG(s) dict_keys(['tutorial']) retrieved from /home/dev/curso/ambientevirtual/lib/python3.9/site-packages/airflow/example_dags/tutorial.py
[2024-12-14 15:53:29,941] {logging_mixin.py:115} INFO - [2024-12-14 15:53:29,941] {dag.py:2379} INFO - Sync 1 DAGs
[2024-12-14 15:53:29,959] {logging_mixin.py:115} INFO - [2024-12-14 15:53:29,959] {dag.py:2927} INFO - Setting next_dagrun for tutorial to 2024-12-13T18:53:29.958986+00:00, run_after=2024-12-14T18:53:29.958986+00:00
[2024-12-14 15:53:29,975] {processor.py:161} INFO - Processing /home/dev/curso/ambientevirtual/lib/python3.9/site-packages/airflow/example_dags/tutorial.py took 0.072 seconds
[2024-12-14 15:54:05,132] {processor.py:153} INFO - Started process (PID=48704) to work on /home/dev/curso/ambientevirtual/lib/python3.9/site-packages/airflow/example_dags/tutorial.py
[2024-12-14 15:54:05,134] {processor.py:641} INFO - Processing file /home/dev/curso/ambientevirtual/lib/python3.9/site-packages/airflow/example_dags/tutorial.py for tasks to queue
[2024-12-14 15:54:05,135] {logging_mixin.py:115} INFO - [2024-12-14 15:54:05,135] {dagbag.py:507} INFO - Filling up the DagBag from /home/dev/curso/ambientevirtual/lib/python3.9/site-packages/airflow/example_dags/tutorial.py
[2024-12-14 15:54:05,143] {processor.py:651} INFO - DAG(s) dict_keys(['tutorial']) retrieved from /home/dev/curso/ambientevirtual/lib/python3.9/site-packages/airflow/example_dags/tutorial.py
[2024-12-14 15:54:05,164] {logging_mixin.py:115} INFO - [2024-12-14 15:54:05,164] {dag.py:2379} INFO - Sync 1 DAGs
[2024-12-14 15:54:05,182] {logging_mixin.py:115} INFO - [2024-12-14 15:54:05,182] {dag.py:2927} INFO - Setting next_dagrun for tutorial to 2024-12-13T18:54:05.182377+00:00, run_after=2024-12-14T18:54:05.182377+00:00
[2024-12-14 15:54:05,199] {processor.py:161} INFO - Processing /home/dev/curso/ambientevirtual/lib/python3.9/site-packages/airflow/example_dags/tutorial.py took 0.073 seconds
[2024-12-14 15:54:41,168] {processor.py:153} INFO - Started process (PID=48833) to work on /home/dev/curso/ambientevirtual/lib/python3.9/site-packages/airflow/example_dags/tutorial.py
[2024-12-14 15:54:41,170] {processor.py:641} INFO - Processing file /home/dev/curso/ambientevirtual/lib/python3.9/site-packages/airflow/example_dags/tutorial.py for tasks to queue
[2024-12-14 15:54:41,170] {logging_mixin.py:115} INFO - [2024-12-14 15:54:41,170] {dagbag.py:507} INFO - Filling up the DagBag from /home/dev/curso/ambientevirtual/lib/python3.9/site-packages/airflow/example_dags/tutorial.py
[2024-12-14 15:54:41,183] {processor.py:651} INFO - DAG(s) dict_keys(['tutorial']) retrieved from /home/dev/curso/ambientevirtual/lib/python3.9/site-packages/airflow/example_dags/tutorial.py
[2024-12-14 15:54:41,204] {logging_mixin.py:115} INFO - [2024-12-14 15:54:41,203] {dag.py:2379} INFO - Sync 1 DAGs
[2024-12-14 15:54:41,230] {logging_mixin.py:115} INFO - [2024-12-14 15:54:41,230] {dag.py:2927} INFO - Setting next_dagrun for tutorial to 2024-12-13T18:54:41.230395+00:00, run_after=2024-12-14T18:54:41.230395+00:00
[2024-12-14 15:54:41,251] {processor.py:161} INFO - Processing /home/dev/curso/ambientevirtual/lib/python3.9/site-packages/airflow/example_dags/tutorial.py took 0.087 seconds
[2024-12-14 15:55:16,167] {processor.py:153} INFO - Started process (PID=48963) to work on /home/dev/curso/ambientevirtual/lib/python3.9/site-packages/airflow/example_dags/tutorial.py
[2024-12-14 15:55:16,167] {processor.py:641} INFO - Processing file /home/dev/curso/ambientevirtual/lib/python3.9/site-packages/airflow/example_dags/tutorial.py for tasks to queue
[2024-12-14 15:55:16,168] {logging_mixin.py:115} INFO - [2024-12-14 15:55:16,168] {dagbag.py:507} INFO - Filling up the DagBag from /home/dev/curso/ambientevirtual/lib/python3.9/site-packages/airflow/example_dags/tutorial.py
[2024-12-14 15:55:16,174] {processor.py:651} INFO - DAG(s) dict_keys(['tutorial']) retrieved from /home/dev/curso/ambientevirtual/lib/python3.9/site-packages/airflow/example_dags/tutorial.py
[2024-12-14 15:55:16,194] {logging_mixin.py:115} INFO - [2024-12-14 15:55:16,194] {dag.py:2379} INFO - Sync 1 DAGs
[2024-12-14 15:55:16,215] {logging_mixin.py:115} INFO - [2024-12-14 15:55:16,215] {dag.py:2927} INFO - Setting next_dagrun for tutorial to 2024-12-13T18:55:16.214993+00:00, run_after=2024-12-14T18:55:16.214993+00:00
[2024-12-14 15:55:16,232] {processor.py:161} INFO - Processing /home/dev/curso/ambientevirtual/lib/python3.9/site-packages/airflow/example_dags/tutorial.py took 0.069 seconds
[2024-12-14 15:55:50,123] {processor.py:153} INFO - Started process (PID=49085) to work on /home/dev/curso/ambientevirtual/lib/python3.9/site-packages/airflow/example_dags/tutorial.py
[2024-12-14 15:55:50,125] {processor.py:641} INFO - Processing file /home/dev/curso/ambientevirtual/lib/python3.9/site-packages/airflow/example_dags/tutorial.py for tasks to queue
[2024-12-14 15:55:50,126] {logging_mixin.py:115} INFO - [2024-12-14 15:55:50,126] {dagbag.py:507} INFO - Filling up the DagBag from /home/dev/curso/ambientevirtual/lib/python3.9/site-packages/airflow/example_dags/tutorial.py
[2024-12-14 15:55:50,138] {processor.py:651} INFO - DAG(s) dict_keys(['tutorial']) retrieved from /home/dev/curso/ambientevirtual/lib/python3.9/site-packages/airflow/example_dags/tutorial.py
[2024-12-14 15:55:50,159] {logging_mixin.py:115} INFO - [2024-12-14 15:55:50,159] {dag.py:2379} INFO - Sync 1 DAGs
[2024-12-14 15:55:50,179] {logging_mixin.py:115} INFO - [2024-12-14 15:55:50,179] {dag.py:2927} INFO - Setting next_dagrun for tutorial to 2024-12-13T18:55:50.179048+00:00, run_after=2024-12-14T18:55:50.179048+00:00
[2024-12-14 15:55:50,196] {processor.py:161} INFO - Processing /home/dev/curso/ambientevirtual/lib/python3.9/site-packages/airflow/example_dags/tutorial.py took 0.079 seconds
[2024-12-14 15:56:24,430] {processor.py:153} INFO - Started process (PID=49213) to work on /home/dev/curso/ambientevirtual/lib/python3.9/site-packages/airflow/example_dags/tutorial.py
[2024-12-14 15:56:24,431] {processor.py:641} INFO - Processing file /home/dev/curso/ambientevirtual/lib/python3.9/site-packages/airflow/example_dags/tutorial.py for tasks to queue
[2024-12-14 15:56:24,432] {logging_mixin.py:115} INFO - [2024-12-14 15:56:24,432] {dagbag.py:507} INFO - Filling up the DagBag from /home/dev/curso/ambientevirtual/lib/python3.9/site-packages/airflow/example_dags/tutorial.py
[2024-12-14 15:56:24,441] {processor.py:651} INFO - DAG(s) dict_keys(['tutorial']) retrieved from /home/dev/curso/ambientevirtual/lib/python3.9/site-packages/airflow/example_dags/tutorial.py
[2024-12-14 15:56:24,462] {logging_mixin.py:115} INFO - [2024-12-14 15:56:24,462] {dag.py:2379} INFO - Sync 1 DAGs
[2024-12-14 15:56:24,491] {logging_mixin.py:115} INFO - [2024-12-14 15:56:24,491] {dag.py:2927} INFO - Setting next_dagrun for tutorial to 2024-12-13T18:56:24.491213+00:00, run_after=2024-12-14T18:56:24.491213+00:00
[2024-12-14 15:56:24,514] {processor.py:161} INFO - Processing /home/dev/curso/ambientevirtual/lib/python3.9/site-packages/airflow/example_dags/tutorial.py took 0.090 seconds
[2024-12-14 15:57:00,442] {processor.py:153} INFO - Started process (PID=49401) to work on /home/dev/curso/ambientevirtual/lib/python3.9/site-packages/airflow/example_dags/tutorial.py
[2024-12-14 15:57:00,444] {processor.py:641} INFO - Processing file /home/dev/curso/ambientevirtual/lib/python3.9/site-packages/airflow/example_dags/tutorial.py for tasks to queue
[2024-12-14 15:57:00,445] {logging_mixin.py:115} INFO - [2024-12-14 15:57:00,445] {dagbag.py:507} INFO - Filling up the DagBag from /home/dev/curso/ambientevirtual/lib/python3.9/site-packages/airflow/example_dags/tutorial.py
[2024-12-14 15:57:00,458] {processor.py:651} INFO - DAG(s) dict_keys(['tutorial']) retrieved from /home/dev/curso/ambientevirtual/lib/python3.9/site-packages/airflow/example_dags/tutorial.py
[2024-12-14 15:57:00,483] {logging_mixin.py:115} INFO - [2024-12-14 15:57:00,483] {dag.py:2379} INFO - Sync 1 DAGs
[2024-12-14 15:57:00,509] {logging_mixin.py:115} INFO - [2024-12-14 15:57:00,509] {dag.py:2927} INFO - Setting next_dagrun for tutorial to 2024-12-13T18:57:00.508870+00:00, run_after=2024-12-14T18:57:00.508870+00:00
[2024-12-14 15:57:00,530] {processor.py:161} INFO - Processing /home/dev/curso/ambientevirtual/lib/python3.9/site-packages/airflow/example_dags/tutorial.py took 0.095 seconds
[2024-12-14 15:57:36,645] {processor.py:153} INFO - Started process (PID=49530) to work on /home/dev/curso/ambientevirtual/lib/python3.9/site-packages/airflow/example_dags/tutorial.py
[2024-12-14 15:57:36,647] {processor.py:641} INFO - Processing file /home/dev/curso/ambientevirtual/lib/python3.9/site-packages/airflow/example_dags/tutorial.py for tasks to queue
[2024-12-14 15:57:36,649] {logging_mixin.py:115} INFO - [2024-12-14 15:57:36,649] {dagbag.py:507} INFO - Filling up the DagBag from /home/dev/curso/ambientevirtual/lib/python3.9/site-packages/airflow/example_dags/tutorial.py
[2024-12-14 15:57:36,657] {processor.py:651} INFO - DAG(s) dict_keys(['tutorial']) retrieved from /home/dev/curso/ambientevirtual/lib/python3.9/site-packages/airflow/example_dags/tutorial.py
[2024-12-14 15:57:36,681] {logging_mixin.py:115} INFO - [2024-12-14 15:57:36,681] {dag.py:2379} INFO - Sync 1 DAGs
[2024-12-14 15:57:36,702] {logging_mixin.py:115} INFO - [2024-12-14 15:57:36,702] {dag.py:2927} INFO - Setting next_dagrun for tutorial to 2024-12-13T18:57:36.702170+00:00, run_after=2024-12-14T18:57:36.702170+00:00
[2024-12-14 15:57:36,725] {processor.py:161} INFO - Processing /home/dev/curso/ambientevirtual/lib/python3.9/site-packages/airflow/example_dags/tutorial.py took 0.088 seconds
[2024-12-14 15:58:10,425] {processor.py:153} INFO - Started process (PID=49658) to work on /home/dev/curso/ambientevirtual/lib/python3.9/site-packages/airflow/example_dags/tutorial.py
[2024-12-14 15:58:10,425] {processor.py:641} INFO - Processing file /home/dev/curso/ambientevirtual/lib/python3.9/site-packages/airflow/example_dags/tutorial.py for tasks to queue
[2024-12-14 15:58:10,427] {logging_mixin.py:115} INFO - [2024-12-14 15:58:10,426] {dagbag.py:507} INFO - Filling up the DagBag from /home/dev/curso/ambientevirtual/lib/python3.9/site-packages/airflow/example_dags/tutorial.py
[2024-12-14 15:58:10,440] {processor.py:651} INFO - DAG(s) dict_keys(['tutorial']) retrieved from /home/dev/curso/ambientevirtual/lib/python3.9/site-packages/airflow/example_dags/tutorial.py
[2024-12-14 15:58:10,464] {logging_mixin.py:115} INFO - [2024-12-14 15:58:10,464] {dag.py:2379} INFO - Sync 1 DAGs
[2024-12-14 15:58:10,486] {logging_mixin.py:115} INFO - [2024-12-14 15:58:10,486] {dag.py:2927} INFO - Setting next_dagrun for tutorial to 2024-12-13T18:58:10.485750+00:00, run_after=2024-12-14T18:58:10.485750+00:00
[2024-12-14 15:58:10,508] {processor.py:161} INFO - Processing /home/dev/curso/ambientevirtual/lib/python3.9/site-packages/airflow/example_dags/tutorial.py took 0.087 seconds
[2024-12-14 15:58:44,905] {processor.py:153} INFO - Started process (PID=49781) to work on /home/dev/curso/ambientevirtual/lib/python3.9/site-packages/airflow/example_dags/tutorial.py
[2024-12-14 15:58:44,906] {processor.py:641} INFO - Processing file /home/dev/curso/ambientevirtual/lib/python3.9/site-packages/airflow/example_dags/tutorial.py for tasks to queue
[2024-12-14 15:58:44,908] {logging_mixin.py:115} INFO - [2024-12-14 15:58:44,907] {dagbag.py:507} INFO - Filling up the DagBag from /home/dev/curso/ambientevirtual/lib/python3.9/site-packages/airflow/example_dags/tutorial.py
[2024-12-14 15:58:44,921] {processor.py:651} INFO - DAG(s) dict_keys(['tutorial']) retrieved from /home/dev/curso/ambientevirtual/lib/python3.9/site-packages/airflow/example_dags/tutorial.py
[2024-12-14 15:58:44,944] {logging_mixin.py:115} INFO - [2024-12-14 15:58:44,944] {dag.py:2379} INFO - Sync 1 DAGs
[2024-12-14 15:58:44,964] {logging_mixin.py:115} INFO - [2024-12-14 15:58:44,964] {dag.py:2927} INFO - Setting next_dagrun for tutorial to 2024-12-13T18:58:44.963737+00:00, run_after=2024-12-14T18:58:44.963737+00:00
[2024-12-14 15:58:44,985] {processor.py:161} INFO - Processing /home/dev/curso/ambientevirtual/lib/python3.9/site-packages/airflow/example_dags/tutorial.py took 0.087 seconds
[2024-12-14 15:59:20,733] {processor.py:153} INFO - Started process (PID=49916) to work on /home/dev/curso/ambientevirtual/lib/python3.9/site-packages/airflow/example_dags/tutorial.py
[2024-12-14 15:59:20,735] {processor.py:641} INFO - Processing file /home/dev/curso/ambientevirtual/lib/python3.9/site-packages/airflow/example_dags/tutorial.py for tasks to queue
[2024-12-14 15:59:20,736] {logging_mixin.py:115} INFO - [2024-12-14 15:59:20,735] {dagbag.py:507} INFO - Filling up the DagBag from /home/dev/curso/ambientevirtual/lib/python3.9/site-packages/airflow/example_dags/tutorial.py
[2024-12-14 15:59:20,747] {processor.py:651} INFO - DAG(s) dict_keys(['tutorial']) retrieved from /home/dev/curso/ambientevirtual/lib/python3.9/site-packages/airflow/example_dags/tutorial.py
[2024-12-14 15:59:20,771] {logging_mixin.py:115} INFO - [2024-12-14 15:59:20,770] {dag.py:2379} INFO - Sync 1 DAGs
[2024-12-14 15:59:20,792] {logging_mixin.py:115} INFO - [2024-12-14 15:59:20,792] {dag.py:2927} INFO - Setting next_dagrun for tutorial to 2024-12-13T18:59:20.791957+00:00, run_after=2024-12-14T18:59:20.791957+00:00
[2024-12-14 15:59:20,809] {processor.py:161} INFO - Processing /home/dev/curso/ambientevirtual/lib/python3.9/site-packages/airflow/example_dags/tutorial.py took 0.082 seconds
[2024-12-14 15:59:55,237] {processor.py:153} INFO - Started process (PID=50038) to work on /home/dev/curso/ambientevirtual/lib/python3.9/site-packages/airflow/example_dags/tutorial.py
[2024-12-14 15:59:55,238] {processor.py:641} INFO - Processing file /home/dev/curso/ambientevirtual/lib/python3.9/site-packages/airflow/example_dags/tutorial.py for tasks to queue
[2024-12-14 15:59:55,239] {logging_mixin.py:115} INFO - [2024-12-14 15:59:55,239] {dagbag.py:507} INFO - Filling up the DagBag from /home/dev/curso/ambientevirtual/lib/python3.9/site-packages/airflow/example_dags/tutorial.py
[2024-12-14 15:59:55,251] {processor.py:651} INFO - DAG(s) dict_keys(['tutorial']) retrieved from /home/dev/curso/ambientevirtual/lib/python3.9/site-packages/airflow/example_dags/tutorial.py
[2024-12-14 15:59:55,272] {logging_mixin.py:115} INFO - [2024-12-14 15:59:55,271] {dag.py:2379} INFO - Sync 1 DAGs
[2024-12-14 15:59:55,291] {logging_mixin.py:115} INFO - [2024-12-14 15:59:55,291] {dag.py:2927} INFO - Setting next_dagrun for tutorial to 2024-12-13T18:59:55.291392+00:00, run_after=2024-12-14T18:59:55.291392+00:00
[2024-12-14 15:59:55,308] {processor.py:161} INFO - Processing /home/dev/curso/ambientevirtual/lib/python3.9/site-packages/airflow/example_dags/tutorial.py took 0.078 seconds
[2024-12-14 16:00:29,270] {processor.py:153} INFO - Started process (PID=50166) to work on /home/dev/curso/ambientevirtual/lib/python3.9/site-packages/airflow/example_dags/tutorial.py
[2024-12-14 16:00:29,271] {processor.py:641} INFO - Processing file /home/dev/curso/ambientevirtual/lib/python3.9/site-packages/airflow/example_dags/tutorial.py for tasks to queue
[2024-12-14 16:00:29,273] {logging_mixin.py:115} INFO - [2024-12-14 16:00:29,272] {dagbag.py:507} INFO - Filling up the DagBag from /home/dev/curso/ambientevirtual/lib/python3.9/site-packages/airflow/example_dags/tutorial.py
[2024-12-14 16:00:29,285] {processor.py:651} INFO - DAG(s) dict_keys(['tutorial']) retrieved from /home/dev/curso/ambientevirtual/lib/python3.9/site-packages/airflow/example_dags/tutorial.py
[2024-12-14 16:00:29,304] {logging_mixin.py:115} INFO - [2024-12-14 16:00:29,304] {dag.py:2379} INFO - Sync 1 DAGs
[2024-12-14 16:00:29,325] {logging_mixin.py:115} INFO - [2024-12-14 16:00:29,325] {dag.py:2927} INFO - Setting next_dagrun for tutorial to 2024-12-13T19:00:29.325130+00:00, run_after=2024-12-14T19:00:29.325130+00:00
[2024-12-14 16:00:29,341] {processor.py:161} INFO - Processing /home/dev/curso/ambientevirtual/lib/python3.9/site-packages/airflow/example_dags/tutorial.py took 0.100 seconds
[2024-12-14 16:01:03,972] {processor.py:153} INFO - Started process (PID=50462) to work on /home/dev/curso/ambientevirtual/lib/python3.9/site-packages/airflow/example_dags/tutorial.py
[2024-12-14 16:01:03,974] {processor.py:641} INFO - Processing file /home/dev/curso/ambientevirtual/lib/python3.9/site-packages/airflow/example_dags/tutorial.py for tasks to queue
[2024-12-14 16:01:03,975] {logging_mixin.py:115} INFO - [2024-12-14 16:01:03,975] {dagbag.py:507} INFO - Filling up the DagBag from /home/dev/curso/ambientevirtual/lib/python3.9/site-packages/airflow/example_dags/tutorial.py
[2024-12-14 16:01:03,983] {processor.py:651} INFO - DAG(s) dict_keys(['tutorial']) retrieved from /home/dev/curso/ambientevirtual/lib/python3.9/site-packages/airflow/example_dags/tutorial.py
[2024-12-14 16:01:04,004] {logging_mixin.py:115} INFO - [2024-12-14 16:01:04,004] {dag.py:2379} INFO - Sync 1 DAGs
[2024-12-14 16:01:04,027] {logging_mixin.py:115} INFO - [2024-12-14 16:01:04,027] {dag.py:2927} INFO - Setting next_dagrun for tutorial to 2024-12-13T19:01:04.027227+00:00, run_after=2024-12-14T19:01:04.027227+00:00
[2024-12-14 16:01:04,044] {processor.py:161} INFO - Processing /home/dev/curso/ambientevirtual/lib/python3.9/site-packages/airflow/example_dags/tutorial.py took 0.075 seconds
[2024-12-14 16:01:43,138] {processor.py:153} INFO - Started process (PID=50606) to work on /home/dev/curso/ambientevirtual/lib/python3.9/site-packages/airflow/example_dags/tutorial.py
[2024-12-14 16:01:43,139] {processor.py:641} INFO - Processing file /home/dev/curso/ambientevirtual/lib/python3.9/site-packages/airflow/example_dags/tutorial.py for tasks to queue
[2024-12-14 16:01:43,140] {logging_mixin.py:115} INFO - [2024-12-14 16:01:43,140] {dagbag.py:507} INFO - Filling up the DagBag from /home/dev/curso/ambientevirtual/lib/python3.9/site-packages/airflow/example_dags/tutorial.py
[2024-12-14 16:01:43,148] {processor.py:651} INFO - DAG(s) dict_keys(['tutorial']) retrieved from /home/dev/curso/ambientevirtual/lib/python3.9/site-packages/airflow/example_dags/tutorial.py
[2024-12-14 16:01:43,173] {logging_mixin.py:115} INFO - [2024-12-14 16:01:43,173] {dag.py:2379} INFO - Sync 1 DAGs
[2024-12-14 16:01:43,201] {logging_mixin.py:115} INFO - [2024-12-14 16:01:43,201] {dag.py:2927} INFO - Setting next_dagrun for tutorial to 2024-12-13T19:01:43.200979+00:00, run_after=2024-12-14T19:01:43.200979+00:00
[2024-12-14 16:01:43,223] {processor.py:161} INFO - Processing /home/dev/curso/ambientevirtual/lib/python3.9/site-packages/airflow/example_dags/tutorial.py took 0.089 seconds
[2024-12-14 16:02:19,831] {processor.py:153} INFO - Started process (PID=50802) to work on /home/dev/curso/ambientevirtual/lib/python3.9/site-packages/airflow/example_dags/tutorial.py
[2024-12-14 16:02:19,833] {processor.py:641} INFO - Processing file /home/dev/curso/ambientevirtual/lib/python3.9/site-packages/airflow/example_dags/tutorial.py for tasks to queue
[2024-12-14 16:02:19,833] {logging_mixin.py:115} INFO - [2024-12-14 16:02:19,833] {dagbag.py:507} INFO - Filling up the DagBag from /home/dev/curso/ambientevirtual/lib/python3.9/site-packages/airflow/example_dags/tutorial.py
[2024-12-14 16:02:19,841] {processor.py:651} INFO - DAG(s) dict_keys(['tutorial']) retrieved from /home/dev/curso/ambientevirtual/lib/python3.9/site-packages/airflow/example_dags/tutorial.py
[2024-12-14 16:02:19,861] {logging_mixin.py:115} INFO - [2024-12-14 16:02:19,861] {dag.py:2379} INFO - Sync 1 DAGs
[2024-12-14 16:02:19,882] {logging_mixin.py:115} INFO - [2024-12-14 16:02:19,882] {dag.py:2927} INFO - Setting next_dagrun for tutorial to 2024-12-13T19:02:19.882000+00:00, run_after=2024-12-14T19:02:19.882000+00:00
[2024-12-14 16:02:19,899] {processor.py:161} INFO - Processing /home/dev/curso/ambientevirtual/lib/python3.9/site-packages/airflow/example_dags/tutorial.py took 0.075 seconds
[2024-12-14 16:02:54,042] {processor.py:153} INFO - Started process (PID=50926) to work on /home/dev/curso/ambientevirtual/lib/python3.9/site-packages/airflow/example_dags/tutorial.py
[2024-12-14 16:02:54,043] {processor.py:641} INFO - Processing file /home/dev/curso/ambientevirtual/lib/python3.9/site-packages/airflow/example_dags/tutorial.py for tasks to queue
[2024-12-14 16:02:54,044] {logging_mixin.py:115} INFO - [2024-12-14 16:02:54,044] {dagbag.py:507} INFO - Filling up the DagBag from /home/dev/curso/ambientevirtual/lib/python3.9/site-packages/airflow/example_dags/tutorial.py
[2024-12-14 16:02:54,058] {processor.py:651} INFO - DAG(s) dict_keys(['tutorial']) retrieved from /home/dev/curso/ambientevirtual/lib/python3.9/site-packages/airflow/example_dags/tutorial.py
[2024-12-14 16:02:54,080] {logging_mixin.py:115} INFO - [2024-12-14 16:02:54,080] {dag.py:2379} INFO - Sync 1 DAGs
[2024-12-14 16:02:54,101] {logging_mixin.py:115} INFO - [2024-12-14 16:02:54,101] {dag.py:2927} INFO - Setting next_dagrun for tutorial to 2024-12-13T19:02:54.101321+00:00, run_after=2024-12-14T19:02:54.101321+00:00
[2024-12-14 16:02:54,120] {processor.py:161} INFO - Processing /home/dev/curso/ambientevirtual/lib/python3.9/site-packages/airflow/example_dags/tutorial.py took 0.084 seconds
[2024-12-14 16:03:26,127] {processor.py:153} INFO - Started process (PID=51046) to work on /home/dev/curso/ambientevirtual/lib/python3.9/site-packages/airflow/example_dags/tutorial.py
[2024-12-14 16:03:26,128] {processor.py:641} INFO - Processing file /home/dev/curso/ambientevirtual/lib/python3.9/site-packages/airflow/example_dags/tutorial.py for tasks to queue
[2024-12-14 16:03:26,128] {logging_mixin.py:115} INFO - [2024-12-14 16:03:26,128] {dagbag.py:507} INFO - Filling up the DagBag from /home/dev/curso/ambientevirtual/lib/python3.9/site-packages/airflow/example_dags/tutorial.py
[2024-12-14 16:03:26,136] {processor.py:651} INFO - DAG(s) dict_keys(['tutorial']) retrieved from /home/dev/curso/ambientevirtual/lib/python3.9/site-packages/airflow/example_dags/tutorial.py
[2024-12-14 16:03:26,156] {logging_mixin.py:115} INFO - [2024-12-14 16:03:26,156] {dag.py:2379} INFO - Sync 1 DAGs
[2024-12-14 16:03:26,177] {logging_mixin.py:115} INFO - [2024-12-14 16:03:26,177] {dag.py:2927} INFO - Setting next_dagrun for tutorial to 2024-12-13T19:03:26.176923+00:00, run_after=2024-12-14T19:03:26.176923+00:00
[2024-12-14 16:03:26,196] {processor.py:161} INFO - Processing /home/dev/curso/ambientevirtual/lib/python3.9/site-packages/airflow/example_dags/tutorial.py took 0.073 seconds
[2024-12-14 16:04:01,395] {processor.py:153} INFO - Started process (PID=51170) to work on /home/dev/curso/ambientevirtual/lib/python3.9/site-packages/airflow/example_dags/tutorial.py
[2024-12-14 16:04:01,397] {processor.py:641} INFO - Processing file /home/dev/curso/ambientevirtual/lib/python3.9/site-packages/airflow/example_dags/tutorial.py for tasks to queue
[2024-12-14 16:04:01,399] {logging_mixin.py:115} INFO - [2024-12-14 16:04:01,398] {dagbag.py:507} INFO - Filling up the DagBag from /home/dev/curso/ambientevirtual/lib/python3.9/site-packages/airflow/example_dags/tutorial.py
[2024-12-14 16:04:01,410] {processor.py:651} INFO - DAG(s) dict_keys(['tutorial']) retrieved from /home/dev/curso/ambientevirtual/lib/python3.9/site-packages/airflow/example_dags/tutorial.py
[2024-12-14 16:04:01,432] {logging_mixin.py:115} INFO - [2024-12-14 16:04:01,432] {dag.py:2379} INFO - Sync 1 DAGs
[2024-12-14 16:04:01,455] {logging_mixin.py:115} INFO - [2024-12-14 16:04:01,455] {dag.py:2927} INFO - Setting next_dagrun for tutorial to 2024-12-13T19:04:01.454669+00:00, run_after=2024-12-14T19:04:01.454669+00:00
[2024-12-14 16:04:01,475] {processor.py:161} INFO - Processing /home/dev/curso/ambientevirtual/lib/python3.9/site-packages/airflow/example_dags/tutorial.py took 0.086 seconds
[2024-12-14 16:04:38,155] {processor.py:153} INFO - Started process (PID=51305) to work on /home/dev/curso/ambientevirtual/lib/python3.9/site-packages/airflow/example_dags/tutorial.py
[2024-12-14 16:04:38,157] {processor.py:641} INFO - Processing file /home/dev/curso/ambientevirtual/lib/python3.9/site-packages/airflow/example_dags/tutorial.py for tasks to queue
[2024-12-14 16:04:38,158] {logging_mixin.py:115} INFO - [2024-12-14 16:04:38,158] {dagbag.py:507} INFO - Filling up the DagBag from /home/dev/curso/ambientevirtual/lib/python3.9/site-packages/airflow/example_dags/tutorial.py
[2024-12-14 16:04:38,167] {processor.py:651} INFO - DAG(s) dict_keys(['tutorial']) retrieved from /home/dev/curso/ambientevirtual/lib/python3.9/site-packages/airflow/example_dags/tutorial.py
[2024-12-14 16:04:38,190] {logging_mixin.py:115} INFO - [2024-12-14 16:04:38,190] {dag.py:2379} INFO - Sync 1 DAGs
[2024-12-14 16:04:38,211] {logging_mixin.py:115} INFO - [2024-12-14 16:04:38,211] {dag.py:2927} INFO - Setting next_dagrun for tutorial to 2024-12-13T19:04:38.210721+00:00, run_after=2024-12-14T19:04:38.210721+00:00
[2024-12-14 16:04:38,230] {processor.py:161} INFO - Processing /home/dev/curso/ambientevirtual/lib/python3.9/site-packages/airflow/example_dags/tutorial.py took 0.082 seconds
[2024-12-14 16:05:13,016] {processor.py:153} INFO - Started process (PID=51435) to work on /home/dev/curso/ambientevirtual/lib/python3.9/site-packages/airflow/example_dags/tutorial.py
[2024-12-14 16:05:13,018] {processor.py:641} INFO - Processing file /home/dev/curso/ambientevirtual/lib/python3.9/site-packages/airflow/example_dags/tutorial.py for tasks to queue
[2024-12-14 16:05:13,018] {logging_mixin.py:115} INFO - [2024-12-14 16:05:13,018] {dagbag.py:507} INFO - Filling up the DagBag from /home/dev/curso/ambientevirtual/lib/python3.9/site-packages/airflow/example_dags/tutorial.py
[2024-12-14 16:05:13,025] {processor.py:651} INFO - DAG(s) dict_keys(['tutorial']) retrieved from /home/dev/curso/ambientevirtual/lib/python3.9/site-packages/airflow/example_dags/tutorial.py
[2024-12-14 16:05:13,046] {logging_mixin.py:115} INFO - [2024-12-14 16:05:13,045] {dag.py:2379} INFO - Sync 1 DAGs
[2024-12-14 16:05:13,067] {logging_mixin.py:115} INFO - [2024-12-14 16:05:13,067] {dag.py:2927} INFO - Setting next_dagrun for tutorial to 2024-12-13T19:05:13.067162+00:00, run_after=2024-12-14T19:05:13.067162+00:00
[2024-12-14 16:05:13,086] {processor.py:161} INFO - Processing /home/dev/curso/ambientevirtual/lib/python3.9/site-packages/airflow/example_dags/tutorial.py took 0.074 seconds
[2024-12-14 16:05:47,550] {processor.py:153} INFO - Started process (PID=51557) to work on /home/dev/curso/ambientevirtual/lib/python3.9/site-packages/airflow/example_dags/tutorial.py
[2024-12-14 16:05:47,550] {processor.py:641} INFO - Processing file /home/dev/curso/ambientevirtual/lib/python3.9/site-packages/airflow/example_dags/tutorial.py for tasks to queue
[2024-12-14 16:05:47,551] {logging_mixin.py:115} INFO - [2024-12-14 16:05:47,551] {dagbag.py:507} INFO - Filling up the DagBag from /home/dev/curso/ambientevirtual/lib/python3.9/site-packages/airflow/example_dags/tutorial.py
[2024-12-14 16:05:47,558] {processor.py:651} INFO - DAG(s) dict_keys(['tutorial']) retrieved from /home/dev/curso/ambientevirtual/lib/python3.9/site-packages/airflow/example_dags/tutorial.py
[2024-12-14 16:05:47,584] {logging_mixin.py:115} INFO - [2024-12-14 16:05:47,584] {dag.py:2379} INFO - Sync 1 DAGs
[2024-12-14 16:05:47,611] {logging_mixin.py:115} INFO - [2024-12-14 16:05:47,611] {dag.py:2927} INFO - Setting next_dagrun for tutorial to 2024-12-13T19:05:47.611088+00:00, run_after=2024-12-14T19:05:47.611088+00:00
[2024-12-14 16:05:47,632] {processor.py:161} INFO - Processing /home/dev/curso/ambientevirtual/lib/python3.9/site-packages/airflow/example_dags/tutorial.py took 0.086 seconds
[2024-12-14 16:06:22,016] {processor.py:153} INFO - Started process (PID=51744) to work on /home/dev/curso/ambientevirtual/lib/python3.9/site-packages/airflow/example_dags/tutorial.py
[2024-12-14 16:06:22,018] {processor.py:641} INFO - Processing file /home/dev/curso/ambientevirtual/lib/python3.9/site-packages/airflow/example_dags/tutorial.py for tasks to queue
[2024-12-14 16:06:22,019] {logging_mixin.py:115} INFO - [2024-12-14 16:06:22,019] {dagbag.py:507} INFO - Filling up the DagBag from /home/dev/curso/ambientevirtual/lib/python3.9/site-packages/airflow/example_dags/tutorial.py
[2024-12-14 16:06:22,027] {processor.py:651} INFO - DAG(s) dict_keys(['tutorial']) retrieved from /home/dev/curso/ambientevirtual/lib/python3.9/site-packages/airflow/example_dags/tutorial.py
[2024-12-14 16:06:22,048] {logging_mixin.py:115} INFO - [2024-12-14 16:06:22,048] {dag.py:2379} INFO - Sync 1 DAGs
[2024-12-14 16:06:22,069] {logging_mixin.py:115} INFO - [2024-12-14 16:06:22,069] {dag.py:2927} INFO - Setting next_dagrun for tutorial to 2024-12-13T19:06:22.069014+00:00, run_after=2024-12-14T19:06:22.069014+00:00
[2024-12-14 16:06:22,092] {processor.py:161} INFO - Processing /home/dev/curso/ambientevirtual/lib/python3.9/site-packages/airflow/example_dags/tutorial.py took 0.083 seconds
[2024-12-14 16:06:56,768] {processor.py:153} INFO - Started process (PID=51866) to work on /home/dev/curso/ambientevirtual/lib/python3.9/site-packages/airflow/example_dags/tutorial.py
[2024-12-14 16:06:56,768] {processor.py:641} INFO - Processing file /home/dev/curso/ambientevirtual/lib/python3.9/site-packages/airflow/example_dags/tutorial.py for tasks to queue
[2024-12-14 16:06:56,769] {logging_mixin.py:115} INFO - [2024-12-14 16:06:56,769] {dagbag.py:507} INFO - Filling up the DagBag from /home/dev/curso/ambientevirtual/lib/python3.9/site-packages/airflow/example_dags/tutorial.py
[2024-12-14 16:06:56,777] {processor.py:651} INFO - DAG(s) dict_keys(['tutorial']) retrieved from /home/dev/curso/ambientevirtual/lib/python3.9/site-packages/airflow/example_dags/tutorial.py
[2024-12-14 16:06:56,800] {logging_mixin.py:115} INFO - [2024-12-14 16:06:56,800] {dag.py:2379} INFO - Sync 1 DAGs
[2024-12-14 16:06:56,819] {logging_mixin.py:115} INFO - [2024-12-14 16:06:56,819] {dag.py:2927} INFO - Setting next_dagrun for tutorial to 2024-12-13T19:06:56.819320+00:00, run_after=2024-12-14T19:06:56.819320+00:00
[2024-12-14 16:06:56,837] {processor.py:161} INFO - Processing /home/dev/curso/ambientevirtual/lib/python3.9/site-packages/airflow/example_dags/tutorial.py took 0.073 seconds
[2024-12-14 16:07:30,194] {processor.py:153} INFO - Started process (PID=52047) to work on /home/dev/curso/ambientevirtual/lib/python3.9/site-packages/airflow/example_dags/tutorial.py
[2024-12-14 16:07:30,197] {processor.py:641} INFO - Processing file /home/dev/curso/ambientevirtual/lib/python3.9/site-packages/airflow/example_dags/tutorial.py for tasks to queue
[2024-12-14 16:07:30,198] {logging_mixin.py:115} INFO - [2024-12-14 16:07:30,197] {dagbag.py:507} INFO - Filling up the DagBag from /home/dev/curso/ambientevirtual/lib/python3.9/site-packages/airflow/example_dags/tutorial.py
[2024-12-14 16:07:30,208] {processor.py:651} INFO - DAG(s) dict_keys(['tutorial']) retrieved from /home/dev/curso/ambientevirtual/lib/python3.9/site-packages/airflow/example_dags/tutorial.py
[2024-12-14 16:07:30,234] {logging_mixin.py:115} INFO - [2024-12-14 16:07:30,234] {dag.py:2379} INFO - Sync 1 DAGs
[2024-12-14 16:07:30,265] {logging_mixin.py:115} INFO - [2024-12-14 16:07:30,265] {dag.py:2927} INFO - Setting next_dagrun for tutorial to 2024-12-13T19:07:30.264761+00:00, run_after=2024-12-14T19:07:30.264761+00:00
[2024-12-14 16:07:30,287] {processor.py:161} INFO - Processing /home/dev/curso/ambientevirtual/lib/python3.9/site-packages/airflow/example_dags/tutorial.py took 0.097 seconds
[2024-12-14 16:08:04,293] {processor.py:153} INFO - Started process (PID=52175) to work on /home/dev/curso/ambientevirtual/lib/python3.9/site-packages/airflow/example_dags/tutorial.py
[2024-12-14 16:08:04,294] {processor.py:641} INFO - Processing file /home/dev/curso/ambientevirtual/lib/python3.9/site-packages/airflow/example_dags/tutorial.py for tasks to queue
[2024-12-14 16:08:04,295] {logging_mixin.py:115} INFO - [2024-12-14 16:08:04,295] {dagbag.py:507} INFO - Filling up the DagBag from /home/dev/curso/ambientevirtual/lib/python3.9/site-packages/airflow/example_dags/tutorial.py
[2024-12-14 16:08:04,304] {processor.py:651} INFO - DAG(s) dict_keys(['tutorial']) retrieved from /home/dev/curso/ambientevirtual/lib/python3.9/site-packages/airflow/example_dags/tutorial.py
[2024-12-14 16:08:04,328] {logging_mixin.py:115} INFO - [2024-12-14 16:08:04,327] {dag.py:2379} INFO - Sync 1 DAGs
[2024-12-14 16:08:04,355] {logging_mixin.py:115} INFO - [2024-12-14 16:08:04,355] {dag.py:2927} INFO - Setting next_dagrun for tutorial to 2024-12-13T19:08:04.354855+00:00, run_after=2024-12-14T19:08:04.354855+00:00
[2024-12-14 16:08:04,375] {processor.py:161} INFO - Processing /home/dev/curso/ambientevirtual/lib/python3.9/site-packages/airflow/example_dags/tutorial.py took 0.089 seconds
[2024-12-14 16:08:41,772] {processor.py:153} INFO - Started process (PID=52487) to work on /home/dev/curso/ambientevirtual/lib/python3.9/site-packages/airflow/example_dags/tutorial.py
[2024-12-14 16:08:41,773] {processor.py:641} INFO - Processing file /home/dev/curso/ambientevirtual/lib/python3.9/site-packages/airflow/example_dags/tutorial.py for tasks to queue
[2024-12-14 16:08:41,774] {logging_mixin.py:115} INFO - [2024-12-14 16:08:41,774] {dagbag.py:507} INFO - Filling up the DagBag from /home/dev/curso/ambientevirtual/lib/python3.9/site-packages/airflow/example_dags/tutorial.py
[2024-12-14 16:08:41,786] {processor.py:651} INFO - DAG(s) dict_keys(['tutorial']) retrieved from /home/dev/curso/ambientevirtual/lib/python3.9/site-packages/airflow/example_dags/tutorial.py
[2024-12-14 16:08:41,811] {logging_mixin.py:115} INFO - [2024-12-14 16:08:41,811] {dag.py:2379} INFO - Sync 1 DAGs
[2024-12-14 16:08:41,831] {logging_mixin.py:115} INFO - [2024-12-14 16:08:41,831] {dag.py:2927} INFO - Setting next_dagrun for tutorial to 2024-12-13T19:08:41.830655+00:00, run_after=2024-12-14T19:08:41.830655+00:00
[2024-12-14 16:08:41,846] {processor.py:161} INFO - Processing /home/dev/curso/ambientevirtual/lib/python3.9/site-packages/airflow/example_dags/tutorial.py took 0.082 seconds
[2024-12-14 16:09:18,873] {processor.py:153} INFO - Started process (PID=52673) to work on /home/dev/curso/ambientevirtual/lib/python3.9/site-packages/airflow/example_dags/tutorial.py
[2024-12-14 16:09:18,876] {processor.py:641} INFO - Processing file /home/dev/curso/ambientevirtual/lib/python3.9/site-packages/airflow/example_dags/tutorial.py for tasks to queue
[2024-12-14 16:09:18,877] {logging_mixin.py:115} INFO - [2024-12-14 16:09:18,877] {dagbag.py:507} INFO - Filling up the DagBag from /home/dev/curso/ambientevirtual/lib/python3.9/site-packages/airflow/example_dags/tutorial.py
[2024-12-14 16:09:18,885] {processor.py:651} INFO - DAG(s) dict_keys(['tutorial']) retrieved from /home/dev/curso/ambientevirtual/lib/python3.9/site-packages/airflow/example_dags/tutorial.py
[2024-12-14 16:09:18,909] {logging_mixin.py:115} INFO - [2024-12-14 16:09:18,909] {dag.py:2379} INFO - Sync 1 DAGs
[2024-12-14 16:09:18,932] {logging_mixin.py:115} INFO - [2024-12-14 16:09:18,931] {dag.py:2927} INFO - Setting next_dagrun for tutorial to 2024-12-13T19:09:18.931510+00:00, run_after=2024-12-14T19:09:18.931510+00:00
[2024-12-14 16:09:18,954] {processor.py:161} INFO - Processing /home/dev/curso/ambientevirtual/lib/python3.9/site-packages/airflow/example_dags/tutorial.py took 0.085 seconds
[2024-12-14 16:09:54,933] {processor.py:153} INFO - Started process (PID=52803) to work on /home/dev/curso/ambientevirtual/lib/python3.9/site-packages/airflow/example_dags/tutorial.py
[2024-12-14 16:09:54,934] {processor.py:641} INFO - Processing file /home/dev/curso/ambientevirtual/lib/python3.9/site-packages/airflow/example_dags/tutorial.py for tasks to queue
[2024-12-14 16:09:54,935] {logging_mixin.py:115} INFO - [2024-12-14 16:09:54,935] {dagbag.py:507} INFO - Filling up the DagBag from /home/dev/curso/ambientevirtual/lib/python3.9/site-packages/airflow/example_dags/tutorial.py
[2024-12-14 16:09:54,947] {processor.py:651} INFO - DAG(s) dict_keys(['tutorial']) retrieved from /home/dev/curso/ambientevirtual/lib/python3.9/site-packages/airflow/example_dags/tutorial.py
[2024-12-14 16:09:54,975] {logging_mixin.py:115} INFO - [2024-12-14 16:09:54,975] {dag.py:2379} INFO - Sync 1 DAGs
[2024-12-14 16:09:54,997] {logging_mixin.py:115} INFO - [2024-12-14 16:09:54,997] {dag.py:2927} INFO - Setting next_dagrun for tutorial to 2024-12-13T19:09:54.997122+00:00, run_after=2024-12-14T19:09:54.997122+00:00
[2024-12-14 16:09:55,014] {processor.py:161} INFO - Processing /home/dev/curso/ambientevirtual/lib/python3.9/site-packages/airflow/example_dags/tutorial.py took 0.089 seconds
[2024-12-14 16:10:33,548] {processor.py:153} INFO - Started process (PID=52941) to work on /home/dev/curso/ambientevirtual/lib/python3.9/site-packages/airflow/example_dags/tutorial.py
[2024-12-14 16:10:33,550] {processor.py:641} INFO - Processing file /home/dev/curso/ambientevirtual/lib/python3.9/site-packages/airflow/example_dags/tutorial.py for tasks to queue
[2024-12-14 16:10:33,551] {logging_mixin.py:115} INFO - [2024-12-14 16:10:33,550] {dagbag.py:507} INFO - Filling up the DagBag from /home/dev/curso/ambientevirtual/lib/python3.9/site-packages/airflow/example_dags/tutorial.py
[2024-12-14 16:10:33,558] {processor.py:651} INFO - DAG(s) dict_keys(['tutorial']) retrieved from /home/dev/curso/ambientevirtual/lib/python3.9/site-packages/airflow/example_dags/tutorial.py
[2024-12-14 16:10:33,577] {logging_mixin.py:115} INFO - [2024-12-14 16:10:33,577] {dag.py:2379} INFO - Sync 1 DAGs
[2024-12-14 16:10:33,597] {logging_mixin.py:115} INFO - [2024-12-14 16:10:33,597] {dag.py:2927} INFO - Setting next_dagrun for tutorial to 2024-12-13T19:10:33.597173+00:00, run_after=2024-12-14T19:10:33.597173+00:00
[2024-12-14 16:10:33,614] {processor.py:161} INFO - Processing /home/dev/curso/ambientevirtual/lib/python3.9/site-packages/airflow/example_dags/tutorial.py took 0.073 seconds
[2024-12-14 16:11:09,223] {processor.py:153} INFO - Started process (PID=53189) to work on /home/dev/curso/ambientevirtual/lib/python3.9/site-packages/airflow/example_dags/tutorial.py
[2024-12-14 16:11:09,223] {processor.py:641} INFO - Processing file /home/dev/curso/ambientevirtual/lib/python3.9/site-packages/airflow/example_dags/tutorial.py for tasks to queue
[2024-12-14 16:11:09,224] {logging_mixin.py:115} INFO - [2024-12-14 16:11:09,224] {dagbag.py:507} INFO - Filling up the DagBag from /home/dev/curso/ambientevirtual/lib/python3.9/site-packages/airflow/example_dags/tutorial.py
[2024-12-14 16:11:09,245] {processor.py:651} INFO - DAG(s) dict_keys(['tutorial']) retrieved from /home/dev/curso/ambientevirtual/lib/python3.9/site-packages/airflow/example_dags/tutorial.py
[2024-12-14 16:11:09,272] {logging_mixin.py:115} INFO - [2024-12-14 16:11:09,272] {dag.py:2379} INFO - Sync 1 DAGs
[2024-12-14 16:11:09,293] {logging_mixin.py:115} INFO - [2024-12-14 16:11:09,293] {dag.py:2927} INFO - Setting next_dagrun for tutorial to 2024-12-13T19:11:09.292998+00:00, run_after=2024-12-14T19:11:09.292998+00:00
[2024-12-14 16:11:09,308] {processor.py:161} INFO - Processing /home/dev/curso/ambientevirtual/lib/python3.9/site-packages/airflow/example_dags/tutorial.py took 0.090 seconds
