[2024-12-24 19:46:08,029] {taskinstance.py:1159} INFO - Dependencies all met for <TaskInstance: TwitterDAG.twitter_datascience scheduled__2024-12-22T00:00:00+00:00 [queued]>
[2024-12-24 19:46:08,038] {taskinstance.py:1159} INFO - Dependencies all met for <TaskInstance: TwitterDAG.twitter_datascience scheduled__2024-12-22T00:00:00+00:00 [queued]>
[2024-12-24 19:46:08,038] {taskinstance.py:1356} INFO - 
--------------------------------------------------------------------------------
[2024-12-24 19:46:08,038] {taskinstance.py:1357} INFO - Starting attempt 1 of 1
[2024-12-24 19:46:08,038] {taskinstance.py:1358} INFO - 
--------------------------------------------------------------------------------
[2024-12-24 19:46:08,063] {taskinstance.py:1377} INFO - Executing <Task(TwitterOperator): twitter_datascience> on 2024-12-22 00:00:00+00:00
[2024-12-24 19:46:08,066] {standard_task_runner.py:52} INFO - Started process 982896 to run task
[2024-12-24 19:46:08,071] {standard_task_runner.py:79} INFO - Running: ['airflow', 'tasks', 'run', 'TwitterDAG', 'twitter_datascience', 'scheduled__2024-12-22T00:00:00+00:00', '--job-id', '13', '--raw', '--subdir', 'DAGS_FOLDER/twitter_dag.py', '--cfg-path', '/tmp/tmpna_u49z2', '--error-file', '/tmp/tmpx_071hr_']
[2024-12-24 19:46:08,072] {standard_task_runner.py:80} INFO - Job 13: Subtask twitter_datascience
[2024-12-24 19:46:08,135] {task_command.py:370} INFO - Running <TaskInstance: TwitterDAG.twitter_datascience scheduled__2024-12-22T00:00:00+00:00 [running]> on host ANDERSON.
[2024-12-24 19:46:08,211] {taskinstance.py:1569} INFO - Exporting the following env vars:
AIRFLOW_CTX_DAG_OWNER=airflow
AIRFLOW_CTX_DAG_ID=TwitterDAG
AIRFLOW_CTX_TASK_ID=twitter_datascience
AIRFLOW_CTX_EXECUTION_DATE=2024-12-22T00:00:00+00:00
AIRFLOW_CTX_TRY_NUMBER=1
AIRFLOW_CTX_DAG_RUN_ID=scheduled__2024-12-22T00:00:00+00:00
[2024-12-24 19:46:08,226] {taskinstance.py:1889} ERROR - Task failed with exception
Traceback (most recent call last):
  File "/home/dev/curso/airflow_pipeline/operators/twiter_operator.py", line 31, in execute
    for pg in TwiterHook(end_time, start_time, query).run():
  File "/home/dev/curso/airflow_pipeline/hook/twiter_hook.py", line 46, in run
    session = self.get_conn()
  File "/home/dev/curso/ambientevirtual/lib/python3.9/site-packages/airflow/providers/http/hooks/http.py", line 68, in get_conn
    conn = self.get_connection(self.http_conn_id)
  File "/home/dev/curso/ambientevirtual/lib/python3.9/site-packages/airflow/hooks/base.py", line 67, in get_connection
    conn = Connection.get_connection_from_secrets(conn_id)
  File "/home/dev/curso/ambientevirtual/lib/python3.9/site-packages/airflow/models/connection.py", line 430, in get_connection_from_secrets
    raise AirflowNotFoundException(f"The conn_id `{conn_id}` isn't defined")
airflow.exceptions.AirflowNotFoundException: The conn_id `conexao` isn't defined
[2024-12-24 19:46:08,230] {taskinstance.py:1395} INFO - Marking task as FAILED. dag_id=TwitterDAG, task_id=twitter_datascience, execution_date=20241222T000000, start_date=20241224T224608, end_date=20241224T224608
[2024-12-24 19:46:08,246] {standard_task_runner.py:92} ERROR - Failed to execute job 13 for task twitter_datascience (The conn_id `conexao` isn't defined; 982896)
[2024-12-24 19:46:08,284] {local_task_job.py:156} INFO - Task exited with return code 1
[2024-12-24 19:46:08,303] {local_task_job.py:273} INFO - 0 downstream tasks scheduled from follow-on schedule check
[2024-12-24 19:49:39,392] {taskinstance.py:1159} INFO - Dependencies all met for <TaskInstance: TwitterDAG.twitter_datascience scheduled__2024-12-22T00:00:00+00:00 [queued]>
[2024-12-24 19:49:39,400] {taskinstance.py:1159} INFO - Dependencies all met for <TaskInstance: TwitterDAG.twitter_datascience scheduled__2024-12-22T00:00:00+00:00 [queued]>
[2024-12-24 19:49:39,400] {taskinstance.py:1356} INFO - 
--------------------------------------------------------------------------------
[2024-12-24 19:49:39,400] {taskinstance.py:1357} INFO - Starting attempt 1 of 1
[2024-12-24 19:49:39,400] {taskinstance.py:1358} INFO - 
--------------------------------------------------------------------------------
[2024-12-24 19:49:39,425] {taskinstance.py:1377} INFO - Executing <Task(TwitterOperator): twitter_datascience> on 2024-12-22 00:00:00+00:00
[2024-12-24 19:49:39,427] {standard_task_runner.py:52} INFO - Started process 985041 to run task
[2024-12-24 19:49:39,434] {standard_task_runner.py:79} INFO - Running: ['airflow', 'tasks', 'run', 'TwitterDAG', 'twitter_datascience', 'scheduled__2024-12-22T00:00:00+00:00', '--job-id', '13', '--raw', '--subdir', 'DAGS_FOLDER/twitter_dag.py', '--cfg-path', '/tmp/tmpiabl601l', '--error-file', '/tmp/tmpvje_1ruf']
[2024-12-24 19:49:39,435] {standard_task_runner.py:80} INFO - Job 13: Subtask twitter_datascience
[2024-12-24 19:49:39,498] {task_command.py:370} INFO - Running <TaskInstance: TwitterDAG.twitter_datascience scheduled__2024-12-22T00:00:00+00:00 [running]> on host ANDERSON.
[2024-12-24 19:49:39,578] {taskinstance.py:1569} INFO - Exporting the following env vars:
AIRFLOW_CTX_DAG_OWNER=airflow
AIRFLOW_CTX_DAG_ID=TwitterDAG
AIRFLOW_CTX_TASK_ID=twitter_datascience
AIRFLOW_CTX_EXECUTION_DATE=2024-12-22T00:00:00+00:00
AIRFLOW_CTX_TRY_NUMBER=1
AIRFLOW_CTX_DAG_RUN_ID=scheduled__2024-12-22T00:00:00+00:00
[2024-12-24 19:49:39,583] {base.py:68} INFO - Using connection ID 'conexao' for task execution.
[2024-12-24 19:49:39,587] {twiter_hook.py:27} INFO - URL: https://labdados.com/2/tweets/search/recent?query=datascience&tweet.fields=author_id,conversation_id,created_at,id,in_reply_to_user_id,public_metrics,lang,text&expansions=author_id&user.fields=id,name,username,created_at&start_time=2024-12-22T00:00:00.00Z&end_time=2024-12-23T00:00:00.00Z
[2024-12-24 19:49:40,277] {twiter_hook.py:27} INFO - URL: https://labdados.com/2/tweets/search/recent?query=datascience&tweet.fields=author_id,conversation_id,created_at,id,in_reply_to_user_id,public_metrics,lang,text&expansions=author_id&user.fields=id,name,username,created_at&start_time=2024-12-22T00:00:00.00Z&end_time=2024-12-23T00:00:00.00Z&next_token=1234567890abcdef
[2024-12-24 19:49:40,401] {twiter_hook.py:27} INFO - URL: https://labdados.com/2/tweets/search/recent?query=datascience&tweet.fields=author_id,conversation_id,created_at,id,in_reply_to_user_id,public_metrics,lang,text&expansions=author_id&user.fields=id,name,username,created_at&start_time=2024-12-22T00:00:00.00Z&end_time=2024-12-23T00:00:00.00Z&next_token=1234567890abcdef
[2024-12-24 19:49:40,503] {twiter_hook.py:27} INFO - URL: https://labdados.com/2/tweets/search/recent?query=datascience&tweet.fields=author_id,conversation_id,created_at,id,in_reply_to_user_id,public_metrics,lang,text&expansions=author_id&user.fields=id,name,username,created_at&start_time=2024-12-22T00:00:00.00Z&end_time=2024-12-23T00:00:00.00Z&next_token=1234567890abcdef
[2024-12-24 19:49:40,605] {twiter_hook.py:27} INFO - URL: https://labdados.com/2/tweets/search/recent?query=datascience&tweet.fields=author_id,conversation_id,created_at,id,in_reply_to_user_id,public_metrics,lang,text&expansions=author_id&user.fields=id,name,username,created_at&start_time=2024-12-22T00:00:00.00Z&end_time=2024-12-23T00:00:00.00Z&next_token=1234567890abcdef
[2024-12-24 19:49:40,726] {twiter_hook.py:27} INFO - URL: https://labdados.com/2/tweets/search/recent?query=datascience&tweet.fields=author_id,conversation_id,created_at,id,in_reply_to_user_id,public_metrics,lang,text&expansions=author_id&user.fields=id,name,username,created_at&start_time=2024-12-22T00:00:00.00Z&end_time=2024-12-23T00:00:00.00Z&next_token=1234567890abcdef
[2024-12-24 19:49:40,828] {twiter_hook.py:27} INFO - URL: https://labdados.com/2/tweets/search/recent?query=datascience&tweet.fields=author_id,conversation_id,created_at,id,in_reply_to_user_id,public_metrics,lang,text&expansions=author_id&user.fields=id,name,username,created_at&start_time=2024-12-22T00:00:00.00Z&end_time=2024-12-23T00:00:00.00Z&next_token=1234567890abcdef
[2024-12-24 19:49:40,932] {twiter_hook.py:27} INFO - URL: https://labdados.com/2/tweets/search/recent?query=datascience&tweet.fields=author_id,conversation_id,created_at,id,in_reply_to_user_id,public_metrics,lang,text&expansions=author_id&user.fields=id,name,username,created_at&start_time=2024-12-22T00:00:00.00Z&end_time=2024-12-23T00:00:00.00Z&next_token=1234567890abcdef
[2024-12-24 19:49:41,042] {twiter_hook.py:27} INFO - URL: https://labdados.com/2/tweets/search/recent?query=datascience&tweet.fields=author_id,conversation_id,created_at,id,in_reply_to_user_id,public_metrics,lang,text&expansions=author_id&user.fields=id,name,username,created_at&start_time=2024-12-22T00:00:00.00Z&end_time=2024-12-23T00:00:00.00Z&next_token=1234567890abcdef
[2024-12-24 19:49:41,145] {twiter_hook.py:27} INFO - URL: https://labdados.com/2/tweets/search/recent?query=datascience&tweet.fields=author_id,conversation_id,created_at,id,in_reply_to_user_id,public_metrics,lang,text&expansions=author_id&user.fields=id,name,username,created_at&start_time=2024-12-22T00:00:00.00Z&end_time=2024-12-23T00:00:00.00Z&next_token=1234567890abcdef
[2024-12-24 19:49:41,248] {twiter_hook.py:27} INFO - URL: https://labdados.com/2/tweets/search/recent?query=datascience&tweet.fields=author_id,conversation_id,created_at,id,in_reply_to_user_id,public_metrics,lang,text&expansions=author_id&user.fields=id,name,username,created_at&start_time=2024-12-22T00:00:00.00Z&end_time=2024-12-23T00:00:00.00Z&next_token=1234567890abcdef
[2024-12-24 19:49:41,350] {twiter_hook.py:27} INFO - URL: https://labdados.com/2/tweets/search/recent?query=datascience&tweet.fields=author_id,conversation_id,created_at,id,in_reply_to_user_id,public_metrics,lang,text&expansions=author_id&user.fields=id,name,username,created_at&start_time=2024-12-22T00:00:00.00Z&end_time=2024-12-23T00:00:00.00Z&next_token=1234567890abcdef
[2024-12-24 19:49:41,455] {twiter_hook.py:27} INFO - URL: https://labdados.com/2/tweets/search/recent?query=datascience&tweet.fields=author_id,conversation_id,created_at,id,in_reply_to_user_id,public_metrics,lang,text&expansions=author_id&user.fields=id,name,username,created_at&start_time=2024-12-22T00:00:00.00Z&end_time=2024-12-23T00:00:00.00Z&next_token=1234567890abcdef
[2024-12-24 19:49:41,557] {twiter_hook.py:27} INFO - URL: https://labdados.com/2/tweets/search/recent?query=datascience&tweet.fields=author_id,conversation_id,created_at,id,in_reply_to_user_id,public_metrics,lang,text&expansions=author_id&user.fields=id,name,username,created_at&start_time=2024-12-22T00:00:00.00Z&end_time=2024-12-23T00:00:00.00Z&next_token=1234567890abcdef
[2024-12-24 19:49:41,678] {twiter_hook.py:27} INFO - URL: https://labdados.com/2/tweets/search/recent?query=datascience&tweet.fields=author_id,conversation_id,created_at,id,in_reply_to_user_id,public_metrics,lang,text&expansions=author_id&user.fields=id,name,username,created_at&start_time=2024-12-22T00:00:00.00Z&end_time=2024-12-23T00:00:00.00Z&next_token=1234567890abcdef
[2024-12-24 19:49:41,783] {twiter_hook.py:27} INFO - URL: https://labdados.com/2/tweets/search/recent?query=datascience&tweet.fields=author_id,conversation_id,created_at,id,in_reply_to_user_id,public_metrics,lang,text&expansions=author_id&user.fields=id,name,username,created_at&start_time=2024-12-22T00:00:00.00Z&end_time=2024-12-23T00:00:00.00Z&next_token=1234567890abcdef
[2024-12-24 19:49:41,884] {twiter_hook.py:27} INFO - URL: https://labdados.com/2/tweets/search/recent?query=datascience&tweet.fields=author_id,conversation_id,created_at,id,in_reply_to_user_id,public_metrics,lang,text&expansions=author_id&user.fields=id,name,username,created_at&start_time=2024-12-22T00:00:00.00Z&end_time=2024-12-23T00:00:00.00Z&next_token=1234567890abcdef
[2024-12-24 19:49:41,989] {twiter_hook.py:27} INFO - URL: https://labdados.com/2/tweets/search/recent?query=datascience&tweet.fields=author_id,conversation_id,created_at,id,in_reply_to_user_id,public_metrics,lang,text&expansions=author_id&user.fields=id,name,username,created_at&start_time=2024-12-22T00:00:00.00Z&end_time=2024-12-23T00:00:00.00Z&next_token=1234567890abcdef
[2024-12-24 19:49:42,092] {twiter_hook.py:27} INFO - URL: https://labdados.com/2/tweets/search/recent?query=datascience&tweet.fields=author_id,conversation_id,created_at,id,in_reply_to_user_id,public_metrics,lang,text&expansions=author_id&user.fields=id,name,username,created_at&start_time=2024-12-22T00:00:00.00Z&end_time=2024-12-23T00:00:00.00Z&next_token=1234567890abcdef
[2024-12-24 19:49:42,195] {twiter_hook.py:27} INFO - URL: https://labdados.com/2/tweets/search/recent?query=datascience&tweet.fields=author_id,conversation_id,created_at,id,in_reply_to_user_id,public_metrics,lang,text&expansions=author_id&user.fields=id,name,username,created_at&start_time=2024-12-22T00:00:00.00Z&end_time=2024-12-23T00:00:00.00Z&next_token=1234567890abcdef
[2024-12-24 19:49:42,300] {twiter_hook.py:27} INFO - URL: https://labdados.com/2/tweets/search/recent?query=datascience&tweet.fields=author_id,conversation_id,created_at,id,in_reply_to_user_id,public_metrics,lang,text&expansions=author_id&user.fields=id,name,username,created_at&start_time=2024-12-22T00:00:00.00Z&end_time=2024-12-23T00:00:00.00Z&next_token=1234567890abcdef
[2024-12-24 19:49:42,405] {twiter_hook.py:27} INFO - URL: https://labdados.com/2/tweets/search/recent?query=datascience&tweet.fields=author_id,conversation_id,created_at,id,in_reply_to_user_id,public_metrics,lang,text&expansions=author_id&user.fields=id,name,username,created_at&start_time=2024-12-22T00:00:00.00Z&end_time=2024-12-23T00:00:00.00Z&next_token=1234567890abcdef
[2024-12-24 19:49:42,507] {twiter_hook.py:27} INFO - URL: https://labdados.com/2/tweets/search/recent?query=datascience&tweet.fields=author_id,conversation_id,created_at,id,in_reply_to_user_id,public_metrics,lang,text&expansions=author_id&user.fields=id,name,username,created_at&start_time=2024-12-22T00:00:00.00Z&end_time=2024-12-23T00:00:00.00Z&next_token=1234567890abcdef
[2024-12-24 19:49:42,609] {twiter_hook.py:27} INFO - URL: https://labdados.com/2/tweets/search/recent?query=datascience&tweet.fields=author_id,conversation_id,created_at,id,in_reply_to_user_id,public_metrics,lang,text&expansions=author_id&user.fields=id,name,username,created_at&start_time=2024-12-22T00:00:00.00Z&end_time=2024-12-23T00:00:00.00Z&next_token=1234567890abcdef
[2024-12-24 19:49:42,710] {twiter_hook.py:27} INFO - URL: https://labdados.com/2/tweets/search/recent?query=datascience&tweet.fields=author_id,conversation_id,created_at,id,in_reply_to_user_id,public_metrics,lang,text&expansions=author_id&user.fields=id,name,username,created_at&start_time=2024-12-22T00:00:00.00Z&end_time=2024-12-23T00:00:00.00Z&next_token=1234567890abcdef
[2024-12-24 19:49:42,812] {twiter_hook.py:27} INFO - URL: https://labdados.com/2/tweets/search/recent?query=datascience&tweet.fields=author_id,conversation_id,created_at,id,in_reply_to_user_id,public_metrics,lang,text&expansions=author_id&user.fields=id,name,username,created_at&start_time=2024-12-22T00:00:00.00Z&end_time=2024-12-23T00:00:00.00Z&next_token=1234567890abcdef
[2024-12-24 19:49:42,927] {twiter_hook.py:27} INFO - URL: https://labdados.com/2/tweets/search/recent?query=datascience&tweet.fields=author_id,conversation_id,created_at,id,in_reply_to_user_id,public_metrics,lang,text&expansions=author_id&user.fields=id,name,username,created_at&start_time=2024-12-22T00:00:00.00Z&end_time=2024-12-23T00:00:00.00Z&next_token=1234567890abcdef
[2024-12-24 19:49:43,037] {twiter_hook.py:27} INFO - URL: https://labdados.com/2/tweets/search/recent?query=datascience&tweet.fields=author_id,conversation_id,created_at,id,in_reply_to_user_id,public_metrics,lang,text&expansions=author_id&user.fields=id,name,username,created_at&start_time=2024-12-22T00:00:00.00Z&end_time=2024-12-23T00:00:00.00Z&next_token=1234567890abcdef
[2024-12-24 19:49:43,138] {twiter_hook.py:27} INFO - URL: https://labdados.com/2/tweets/search/recent?query=datascience&tweet.fields=author_id,conversation_id,created_at,id,in_reply_to_user_id,public_metrics,lang,text&expansions=author_id&user.fields=id,name,username,created_at&start_time=2024-12-22T00:00:00.00Z&end_time=2024-12-23T00:00:00.00Z&next_token=1234567890abcdef
[2024-12-24 19:49:43,250] {twiter_hook.py:27} INFO - URL: https://labdados.com/2/tweets/search/recent?query=datascience&tweet.fields=author_id,conversation_id,created_at,id,in_reply_to_user_id,public_metrics,lang,text&expansions=author_id&user.fields=id,name,username,created_at&start_time=2024-12-22T00:00:00.00Z&end_time=2024-12-23T00:00:00.00Z&next_token=1234567890abcdef
[2024-12-24 19:49:43,351] {twiter_hook.py:27} INFO - URL: https://labdados.com/2/tweets/search/recent?query=datascience&tweet.fields=author_id,conversation_id,created_at,id,in_reply_to_user_id,public_metrics,lang,text&expansions=author_id&user.fields=id,name,username,created_at&start_time=2024-12-22T00:00:00.00Z&end_time=2024-12-23T00:00:00.00Z&next_token=1234567890abcdef
[2024-12-24 19:49:43,455] {twiter_hook.py:27} INFO - URL: https://labdados.com/2/tweets/search/recent?query=datascience&tweet.fields=author_id,conversation_id,created_at,id,in_reply_to_user_id,public_metrics,lang,text&expansions=author_id&user.fields=id,name,username,created_at&start_time=2024-12-22T00:00:00.00Z&end_time=2024-12-23T00:00:00.00Z&next_token=1234567890abcdef
[2024-12-24 19:49:43,562] {twiter_hook.py:27} INFO - URL: https://labdados.com/2/tweets/search/recent?query=datascience&tweet.fields=author_id,conversation_id,created_at,id,in_reply_to_user_id,public_metrics,lang,text&expansions=author_id&user.fields=id,name,username,created_at&start_time=2024-12-22T00:00:00.00Z&end_time=2024-12-23T00:00:00.00Z&next_token=1234567890abcdef
[2024-12-24 19:49:43,665] {twiter_hook.py:27} INFO - URL: https://labdados.com/2/tweets/search/recent?query=datascience&tweet.fields=author_id,conversation_id,created_at,id,in_reply_to_user_id,public_metrics,lang,text&expansions=author_id&user.fields=id,name,username,created_at&start_time=2024-12-22T00:00:00.00Z&end_time=2024-12-23T00:00:00.00Z&next_token=1234567890abcdef
[2024-12-24 19:49:43,766] {twiter_hook.py:27} INFO - URL: https://labdados.com/2/tweets/search/recent?query=datascience&tweet.fields=author_id,conversation_id,created_at,id,in_reply_to_user_id,public_metrics,lang,text&expansions=author_id&user.fields=id,name,username,created_at&start_time=2024-12-22T00:00:00.00Z&end_time=2024-12-23T00:00:00.00Z&next_token=1234567890abcdef
[2024-12-24 19:49:43,873] {twiter_hook.py:27} INFO - URL: https://labdados.com/2/tweets/search/recent?query=datascience&tweet.fields=author_id,conversation_id,created_at,id,in_reply_to_user_id,public_metrics,lang,text&expansions=author_id&user.fields=id,name,username,created_at&start_time=2024-12-22T00:00:00.00Z&end_time=2024-12-23T00:00:00.00Z&next_token=1234567890abcdef
[2024-12-24 19:49:43,975] {twiter_hook.py:27} INFO - URL: https://labdados.com/2/tweets/search/recent?query=datascience&tweet.fields=author_id,conversation_id,created_at,id,in_reply_to_user_id,public_metrics,lang,text&expansions=author_id&user.fields=id,name,username,created_at&start_time=2024-12-22T00:00:00.00Z&end_time=2024-12-23T00:00:00.00Z&next_token=1234567890abcdef
[2024-12-24 19:49:44,081] {twiter_hook.py:27} INFO - URL: https://labdados.com/2/tweets/search/recent?query=datascience&tweet.fields=author_id,conversation_id,created_at,id,in_reply_to_user_id,public_metrics,lang,text&expansions=author_id&user.fields=id,name,username,created_at&start_time=2024-12-22T00:00:00.00Z&end_time=2024-12-23T00:00:00.00Z&next_token=1234567890abcdef
[2024-12-24 19:49:44,191] {twiter_hook.py:27} INFO - URL: https://labdados.com/2/tweets/search/recent?query=datascience&tweet.fields=author_id,conversation_id,created_at,id,in_reply_to_user_id,public_metrics,lang,text&expansions=author_id&user.fields=id,name,username,created_at&start_time=2024-12-22T00:00:00.00Z&end_time=2024-12-23T00:00:00.00Z&next_token=1234567890abcdef
[2024-12-24 19:49:44,299] {twiter_hook.py:27} INFO - URL: https://labdados.com/2/tweets/search/recent?query=datascience&tweet.fields=author_id,conversation_id,created_at,id,in_reply_to_user_id,public_metrics,lang,text&expansions=author_id&user.fields=id,name,username,created_at&start_time=2024-12-22T00:00:00.00Z&end_time=2024-12-23T00:00:00.00Z&next_token=1234567890abcdef
[2024-12-24 19:49:44,409] {twiter_hook.py:27} INFO - URL: https://labdados.com/2/tweets/search/recent?query=datascience&tweet.fields=author_id,conversation_id,created_at,id,in_reply_to_user_id,public_metrics,lang,text&expansions=author_id&user.fields=id,name,username,created_at&start_time=2024-12-22T00:00:00.00Z&end_time=2024-12-23T00:00:00.00Z&next_token=1234567890abcdef
[2024-12-24 19:49:44,514] {twiter_hook.py:27} INFO - URL: https://labdados.com/2/tweets/search/recent?query=datascience&tweet.fields=author_id,conversation_id,created_at,id,in_reply_to_user_id,public_metrics,lang,text&expansions=author_id&user.fields=id,name,username,created_at&start_time=2024-12-22T00:00:00.00Z&end_time=2024-12-23T00:00:00.00Z&next_token=1234567890abcdef
[2024-12-24 19:49:44,616] {twiter_hook.py:27} INFO - URL: https://labdados.com/2/tweets/search/recent?query=datascience&tweet.fields=author_id,conversation_id,created_at,id,in_reply_to_user_id,public_metrics,lang,text&expansions=author_id&user.fields=id,name,username,created_at&start_time=2024-12-22T00:00:00.00Z&end_time=2024-12-23T00:00:00.00Z&next_token=1234567890abcdef
[2024-12-24 19:49:44,719] {twiter_hook.py:27} INFO - URL: https://labdados.com/2/tweets/search/recent?query=datascience&tweet.fields=author_id,conversation_id,created_at,id,in_reply_to_user_id,public_metrics,lang,text&expansions=author_id&user.fields=id,name,username,created_at&start_time=2024-12-22T00:00:00.00Z&end_time=2024-12-23T00:00:00.00Z&next_token=1234567890abcdef
[2024-12-24 19:49:44,822] {twiter_hook.py:27} INFO - URL: https://labdados.com/2/tweets/search/recent?query=datascience&tweet.fields=author_id,conversation_id,created_at,id,in_reply_to_user_id,public_metrics,lang,text&expansions=author_id&user.fields=id,name,username,created_at&start_time=2024-12-22T00:00:00.00Z&end_time=2024-12-23T00:00:00.00Z&next_token=1234567890abcdef
[2024-12-24 19:49:44,923] {twiter_hook.py:27} INFO - URL: https://labdados.com/2/tweets/search/recent?query=datascience&tweet.fields=author_id,conversation_id,created_at,id,in_reply_to_user_id,public_metrics,lang,text&expansions=author_id&user.fields=id,name,username,created_at&start_time=2024-12-22T00:00:00.00Z&end_time=2024-12-23T00:00:00.00Z&next_token=1234567890abcdef
[2024-12-24 19:49:45,025] {twiter_hook.py:27} INFO - URL: https://labdados.com/2/tweets/search/recent?query=datascience&tweet.fields=author_id,conversation_id,created_at,id,in_reply_to_user_id,public_metrics,lang,text&expansions=author_id&user.fields=id,name,username,created_at&start_time=2024-12-22T00:00:00.00Z&end_time=2024-12-23T00:00:00.00Z&next_token=1234567890abcdef
[2024-12-24 19:49:45,127] {twiter_hook.py:27} INFO - URL: https://labdados.com/2/tweets/search/recent?query=datascience&tweet.fields=author_id,conversation_id,created_at,id,in_reply_to_user_id,public_metrics,lang,text&expansions=author_id&user.fields=id,name,username,created_at&start_time=2024-12-22T00:00:00.00Z&end_time=2024-12-23T00:00:00.00Z&next_token=1234567890abcdef
[2024-12-24 19:49:45,229] {twiter_hook.py:27} INFO - URL: https://labdados.com/2/tweets/search/recent?query=datascience&tweet.fields=author_id,conversation_id,created_at,id,in_reply_to_user_id,public_metrics,lang,text&expansions=author_id&user.fields=id,name,username,created_at&start_time=2024-12-22T00:00:00.00Z&end_time=2024-12-23T00:00:00.00Z&next_token=1234567890abcdef
[2024-12-24 19:49:45,332] {twiter_hook.py:27} INFO - URL: https://labdados.com/2/tweets/search/recent?query=datascience&tweet.fields=author_id,conversation_id,created_at,id,in_reply_to_user_id,public_metrics,lang,text&expansions=author_id&user.fields=id,name,username,created_at&start_time=2024-12-22T00:00:00.00Z&end_time=2024-12-23T00:00:00.00Z&next_token=1234567890abcdef
[2024-12-24 19:49:45,445] {twiter_hook.py:27} INFO - URL: https://labdados.com/2/tweets/search/recent?query=datascience&tweet.fields=author_id,conversation_id,created_at,id,in_reply_to_user_id,public_metrics,lang,text&expansions=author_id&user.fields=id,name,username,created_at&start_time=2024-12-22T00:00:00.00Z&end_time=2024-12-23T00:00:00.00Z&next_token=1234567890abcdef
[2024-12-24 19:49:45,546] {twiter_hook.py:27} INFO - URL: https://labdados.com/2/tweets/search/recent?query=datascience&tweet.fields=author_id,conversation_id,created_at,id,in_reply_to_user_id,public_metrics,lang,text&expansions=author_id&user.fields=id,name,username,created_at&start_time=2024-12-22T00:00:00.00Z&end_time=2024-12-23T00:00:00.00Z&next_token=1234567890abcdef
[2024-12-24 19:49:45,647] {twiter_hook.py:27} INFO - URL: https://labdados.com/2/tweets/search/recent?query=datascience&tweet.fields=author_id,conversation_id,created_at,id,in_reply_to_user_id,public_metrics,lang,text&expansions=author_id&user.fields=id,name,username,created_at&start_time=2024-12-22T00:00:00.00Z&end_time=2024-12-23T00:00:00.00Z&next_token=1234567890abcdef
[2024-12-24 19:49:45,749] {twiter_hook.py:27} INFO - URL: https://labdados.com/2/tweets/search/recent?query=datascience&tweet.fields=author_id,conversation_id,created_at,id,in_reply_to_user_id,public_metrics,lang,text&expansions=author_id&user.fields=id,name,username,created_at&start_time=2024-12-22T00:00:00.00Z&end_time=2024-12-23T00:00:00.00Z&next_token=1234567890abcdef
[2024-12-24 19:49:45,851] {twiter_hook.py:27} INFO - URL: https://labdados.com/2/tweets/search/recent?query=datascience&tweet.fields=author_id,conversation_id,created_at,id,in_reply_to_user_id,public_metrics,lang,text&expansions=author_id&user.fields=id,name,username,created_at&start_time=2024-12-22T00:00:00.00Z&end_time=2024-12-23T00:00:00.00Z&next_token=1234567890abcdef
[2024-12-24 19:49:45,954] {twiter_hook.py:27} INFO - URL: https://labdados.com/2/tweets/search/recent?query=datascience&tweet.fields=author_id,conversation_id,created_at,id,in_reply_to_user_id,public_metrics,lang,text&expansions=author_id&user.fields=id,name,username,created_at&start_time=2024-12-22T00:00:00.00Z&end_time=2024-12-23T00:00:00.00Z&next_token=1234567890abcdef
[2024-12-24 19:49:46,055] {twiter_hook.py:27} INFO - URL: https://labdados.com/2/tweets/search/recent?query=datascience&tweet.fields=author_id,conversation_id,created_at,id,in_reply_to_user_id,public_metrics,lang,text&expansions=author_id&user.fields=id,name,username,created_at&start_time=2024-12-22T00:00:00.00Z&end_time=2024-12-23T00:00:00.00Z&next_token=1234567890abcdef
[2024-12-24 19:49:46,157] {twiter_hook.py:27} INFO - URL: https://labdados.com/2/tweets/search/recent?query=datascience&tweet.fields=author_id,conversation_id,created_at,id,in_reply_to_user_id,public_metrics,lang,text&expansions=author_id&user.fields=id,name,username,created_at&start_time=2024-12-22T00:00:00.00Z&end_time=2024-12-23T00:00:00.00Z&next_token=1234567890abcdef
[2024-12-24 19:49:46,261] {twiter_hook.py:27} INFO - URL: https://labdados.com/2/tweets/search/recent?query=datascience&tweet.fields=author_id,conversation_id,created_at,id,in_reply_to_user_id,public_metrics,lang,text&expansions=author_id&user.fields=id,name,username,created_at&start_time=2024-12-22T00:00:00.00Z&end_time=2024-12-23T00:00:00.00Z&next_token=1234567890abcdef
[2024-12-24 19:49:46,363] {twiter_hook.py:27} INFO - URL: https://labdados.com/2/tweets/search/recent?query=datascience&tweet.fields=author_id,conversation_id,created_at,id,in_reply_to_user_id,public_metrics,lang,text&expansions=author_id&user.fields=id,name,username,created_at&start_time=2024-12-22T00:00:00.00Z&end_time=2024-12-23T00:00:00.00Z&next_token=1234567890abcdef
[2024-12-24 19:49:46,465] {twiter_hook.py:27} INFO - URL: https://labdados.com/2/tweets/search/recent?query=datascience&tweet.fields=author_id,conversation_id,created_at,id,in_reply_to_user_id,public_metrics,lang,text&expansions=author_id&user.fields=id,name,username,created_at&start_time=2024-12-22T00:00:00.00Z&end_time=2024-12-23T00:00:00.00Z&next_token=1234567890abcdef
[2024-12-24 19:49:46,565] {twiter_hook.py:27} INFO - URL: https://labdados.com/2/tweets/search/recent?query=datascience&tweet.fields=author_id,conversation_id,created_at,id,in_reply_to_user_id,public_metrics,lang,text&expansions=author_id&user.fields=id,name,username,created_at&start_time=2024-12-22T00:00:00.00Z&end_time=2024-12-23T00:00:00.00Z&next_token=1234567890abcdef
[2024-12-24 19:49:46,667] {twiter_hook.py:27} INFO - URL: https://labdados.com/2/tweets/search/recent?query=datascience&tweet.fields=author_id,conversation_id,created_at,id,in_reply_to_user_id,public_metrics,lang,text&expansions=author_id&user.fields=id,name,username,created_at&start_time=2024-12-22T00:00:00.00Z&end_time=2024-12-23T00:00:00.00Z&next_token=1234567890abcdef
[2024-12-24 19:49:46,769] {twiter_hook.py:27} INFO - URL: https://labdados.com/2/tweets/search/recent?query=datascience&tweet.fields=author_id,conversation_id,created_at,id,in_reply_to_user_id,public_metrics,lang,text&expansions=author_id&user.fields=id,name,username,created_at&start_time=2024-12-22T00:00:00.00Z&end_time=2024-12-23T00:00:00.00Z&next_token=1234567890abcdef
[2024-12-24 19:49:46,871] {twiter_hook.py:27} INFO - URL: https://labdados.com/2/tweets/search/recent?query=datascience&tweet.fields=author_id,conversation_id,created_at,id,in_reply_to_user_id,public_metrics,lang,text&expansions=author_id&user.fields=id,name,username,created_at&start_time=2024-12-22T00:00:00.00Z&end_time=2024-12-23T00:00:00.00Z&next_token=1234567890abcdef
[2024-12-24 19:49:46,973] {twiter_hook.py:27} INFO - URL: https://labdados.com/2/tweets/search/recent?query=datascience&tweet.fields=author_id,conversation_id,created_at,id,in_reply_to_user_id,public_metrics,lang,text&expansions=author_id&user.fields=id,name,username,created_at&start_time=2024-12-22T00:00:00.00Z&end_time=2024-12-23T00:00:00.00Z&next_token=1234567890abcdef
[2024-12-24 19:49:47,077] {twiter_hook.py:27} INFO - URL: https://labdados.com/2/tweets/search/recent?query=datascience&tweet.fields=author_id,conversation_id,created_at,id,in_reply_to_user_id,public_metrics,lang,text&expansions=author_id&user.fields=id,name,username,created_at&start_time=2024-12-22T00:00:00.00Z&end_time=2024-12-23T00:00:00.00Z&next_token=1234567890abcdef
[2024-12-24 19:49:47,179] {twiter_hook.py:27} INFO - URL: https://labdados.com/2/tweets/search/recent?query=datascience&tweet.fields=author_id,conversation_id,created_at,id,in_reply_to_user_id,public_metrics,lang,text&expansions=author_id&user.fields=id,name,username,created_at&start_time=2024-12-22T00:00:00.00Z&end_time=2024-12-23T00:00:00.00Z&next_token=1234567890abcdef
[2024-12-24 19:49:47,282] {twiter_hook.py:27} INFO - URL: https://labdados.com/2/tweets/search/recent?query=datascience&tweet.fields=author_id,conversation_id,created_at,id,in_reply_to_user_id,public_metrics,lang,text&expansions=author_id&user.fields=id,name,username,created_at&start_time=2024-12-22T00:00:00.00Z&end_time=2024-12-23T00:00:00.00Z&next_token=1234567890abcdef
[2024-12-24 19:49:47,390] {twiter_hook.py:27} INFO - URL: https://labdados.com/2/tweets/search/recent?query=datascience&tweet.fields=author_id,conversation_id,created_at,id,in_reply_to_user_id,public_metrics,lang,text&expansions=author_id&user.fields=id,name,username,created_at&start_time=2024-12-22T00:00:00.00Z&end_time=2024-12-23T00:00:00.00Z&next_token=1234567890abcdef
[2024-12-24 19:49:47,491] {twiter_hook.py:27} INFO - URL: https://labdados.com/2/tweets/search/recent?query=datascience&tweet.fields=author_id,conversation_id,created_at,id,in_reply_to_user_id,public_metrics,lang,text&expansions=author_id&user.fields=id,name,username,created_at&start_time=2024-12-22T00:00:00.00Z&end_time=2024-12-23T00:00:00.00Z&next_token=1234567890abcdef
[2024-12-24 19:49:47,593] {twiter_hook.py:27} INFO - URL: https://labdados.com/2/tweets/search/recent?query=datascience&tweet.fields=author_id,conversation_id,created_at,id,in_reply_to_user_id,public_metrics,lang,text&expansions=author_id&user.fields=id,name,username,created_at&start_time=2024-12-22T00:00:00.00Z&end_time=2024-12-23T00:00:00.00Z&next_token=1234567890abcdef
[2024-12-24 19:49:47,700] {twiter_hook.py:27} INFO - URL: https://labdados.com/2/tweets/search/recent?query=datascience&tweet.fields=author_id,conversation_id,created_at,id,in_reply_to_user_id,public_metrics,lang,text&expansions=author_id&user.fields=id,name,username,created_at&start_time=2024-12-22T00:00:00.00Z&end_time=2024-12-23T00:00:00.00Z&next_token=1234567890abcdef
[2024-12-24 19:49:47,813] {twiter_hook.py:27} INFO - URL: https://labdados.com/2/tweets/search/recent?query=datascience&tweet.fields=author_id,conversation_id,created_at,id,in_reply_to_user_id,public_metrics,lang,text&expansions=author_id&user.fields=id,name,username,created_at&start_time=2024-12-22T00:00:00.00Z&end_time=2024-12-23T00:00:00.00Z&next_token=1234567890abcdef
[2024-12-24 19:49:47,924] {twiter_hook.py:27} INFO - URL: https://labdados.com/2/tweets/search/recent?query=datascience&tweet.fields=author_id,conversation_id,created_at,id,in_reply_to_user_id,public_metrics,lang,text&expansions=author_id&user.fields=id,name,username,created_at&start_time=2024-12-22T00:00:00.00Z&end_time=2024-12-23T00:00:00.00Z&next_token=1234567890abcdef
[2024-12-24 19:49:48,033] {twiter_hook.py:27} INFO - URL: https://labdados.com/2/tweets/search/recent?query=datascience&tweet.fields=author_id,conversation_id,created_at,id,in_reply_to_user_id,public_metrics,lang,text&expansions=author_id&user.fields=id,name,username,created_at&start_time=2024-12-22T00:00:00.00Z&end_time=2024-12-23T00:00:00.00Z&next_token=1234567890abcdef
[2024-12-24 19:49:48,144] {twiter_hook.py:27} INFO - URL: https://labdados.com/2/tweets/search/recent?query=datascience&tweet.fields=author_id,conversation_id,created_at,id,in_reply_to_user_id,public_metrics,lang,text&expansions=author_id&user.fields=id,name,username,created_at&start_time=2024-12-22T00:00:00.00Z&end_time=2024-12-23T00:00:00.00Z&next_token=1234567890abcdef
[2024-12-24 19:49:48,249] {twiter_hook.py:27} INFO - URL: https://labdados.com/2/tweets/search/recent?query=datascience&tweet.fields=author_id,conversation_id,created_at,id,in_reply_to_user_id,public_metrics,lang,text&expansions=author_id&user.fields=id,name,username,created_at&start_time=2024-12-22T00:00:00.00Z&end_time=2024-12-23T00:00:00.00Z&next_token=1234567890abcdef
[2024-12-24 19:49:48,360] {twiter_hook.py:27} INFO - URL: https://labdados.com/2/tweets/search/recent?query=datascience&tweet.fields=author_id,conversation_id,created_at,id,in_reply_to_user_id,public_metrics,lang,text&expansions=author_id&user.fields=id,name,username,created_at&start_time=2024-12-22T00:00:00.00Z&end_time=2024-12-23T00:00:00.00Z&next_token=1234567890abcdef
[2024-12-24 19:49:48,463] {twiter_hook.py:27} INFO - URL: https://labdados.com/2/tweets/search/recent?query=datascience&tweet.fields=author_id,conversation_id,created_at,id,in_reply_to_user_id,public_metrics,lang,text&expansions=author_id&user.fields=id,name,username,created_at&start_time=2024-12-22T00:00:00.00Z&end_time=2024-12-23T00:00:00.00Z&next_token=1234567890abcdef
[2024-12-24 19:49:48,580] {twiter_hook.py:27} INFO - URL: https://labdados.com/2/tweets/search/recent?query=datascience&tweet.fields=author_id,conversation_id,created_at,id,in_reply_to_user_id,public_metrics,lang,text&expansions=author_id&user.fields=id,name,username,created_at&start_time=2024-12-22T00:00:00.00Z&end_time=2024-12-23T00:00:00.00Z&next_token=1234567890abcdef
[2024-12-24 19:49:48,683] {twiter_hook.py:27} INFO - URL: https://labdados.com/2/tweets/search/recent?query=datascience&tweet.fields=author_id,conversation_id,created_at,id,in_reply_to_user_id,public_metrics,lang,text&expansions=author_id&user.fields=id,name,username,created_at&start_time=2024-12-22T00:00:00.00Z&end_time=2024-12-23T00:00:00.00Z&next_token=1234567890abcdef
[2024-12-24 19:49:48,785] {twiter_hook.py:27} INFO - URL: https://labdados.com/2/tweets/search/recent?query=datascience&tweet.fields=author_id,conversation_id,created_at,id,in_reply_to_user_id,public_metrics,lang,text&expansions=author_id&user.fields=id,name,username,created_at&start_time=2024-12-22T00:00:00.00Z&end_time=2024-12-23T00:00:00.00Z&next_token=1234567890abcdef
[2024-12-24 19:49:48,886] {twiter_hook.py:27} INFO - URL: https://labdados.com/2/tweets/search/recent?query=datascience&tweet.fields=author_id,conversation_id,created_at,id,in_reply_to_user_id,public_metrics,lang,text&expansions=author_id&user.fields=id,name,username,created_at&start_time=2024-12-22T00:00:00.00Z&end_time=2024-12-23T00:00:00.00Z&next_token=1234567890abcdef
[2024-12-24 19:49:48,989] {twiter_hook.py:27} INFO - URL: https://labdados.com/2/tweets/search/recent?query=datascience&tweet.fields=author_id,conversation_id,created_at,id,in_reply_to_user_id,public_metrics,lang,text&expansions=author_id&user.fields=id,name,username,created_at&start_time=2024-12-22T00:00:00.00Z&end_time=2024-12-23T00:00:00.00Z&next_token=1234567890abcdef
[2024-12-24 19:49:49,100] {twiter_hook.py:27} INFO - URL: https://labdados.com/2/tweets/search/recent?query=datascience&tweet.fields=author_id,conversation_id,created_at,id,in_reply_to_user_id,public_metrics,lang,text&expansions=author_id&user.fields=id,name,username,created_at&start_time=2024-12-22T00:00:00.00Z&end_time=2024-12-23T00:00:00.00Z&next_token=1234567890abcdef
[2024-12-24 19:49:49,203] {twiter_hook.py:27} INFO - URL: https://labdados.com/2/tweets/search/recent?query=datascience&tweet.fields=author_id,conversation_id,created_at,id,in_reply_to_user_id,public_metrics,lang,text&expansions=author_id&user.fields=id,name,username,created_at&start_time=2024-12-22T00:00:00.00Z&end_time=2024-12-23T00:00:00.00Z&next_token=1234567890abcdef
[2024-12-24 19:49:49,307] {twiter_hook.py:27} INFO - URL: https://labdados.com/2/tweets/search/recent?query=datascience&tweet.fields=author_id,conversation_id,created_at,id,in_reply_to_user_id,public_metrics,lang,text&expansions=author_id&user.fields=id,name,username,created_at&start_time=2024-12-22T00:00:00.00Z&end_time=2024-12-23T00:00:00.00Z&next_token=1234567890abcdef
[2024-12-24 19:49:49,410] {twiter_hook.py:27} INFO - URL: https://labdados.com/2/tweets/search/recent?query=datascience&tweet.fields=author_id,conversation_id,created_at,id,in_reply_to_user_id,public_metrics,lang,text&expansions=author_id&user.fields=id,name,username,created_at&start_time=2024-12-22T00:00:00.00Z&end_time=2024-12-23T00:00:00.00Z&next_token=1234567890abcdef
[2024-12-24 19:49:49,513] {twiter_hook.py:27} INFO - URL: https://labdados.com/2/tweets/search/recent?query=datascience&tweet.fields=author_id,conversation_id,created_at,id,in_reply_to_user_id,public_metrics,lang,text&expansions=author_id&user.fields=id,name,username,created_at&start_time=2024-12-22T00:00:00.00Z&end_time=2024-12-23T00:00:00.00Z&next_token=1234567890abcdef
[2024-12-24 19:49:49,620] {twiter_hook.py:27} INFO - URL: https://labdados.com/2/tweets/search/recent?query=datascience&tweet.fields=author_id,conversation_id,created_at,id,in_reply_to_user_id,public_metrics,lang,text&expansions=author_id&user.fields=id,name,username,created_at&start_time=2024-12-22T00:00:00.00Z&end_time=2024-12-23T00:00:00.00Z&next_token=1234567890abcdef
[2024-12-24 19:49:49,723] {twiter_hook.py:27} INFO - URL: https://labdados.com/2/tweets/search/recent?query=datascience&tweet.fields=author_id,conversation_id,created_at,id,in_reply_to_user_id,public_metrics,lang,text&expansions=author_id&user.fields=id,name,username,created_at&start_time=2024-12-22T00:00:00.00Z&end_time=2024-12-23T00:00:00.00Z&next_token=1234567890abcdef
[2024-12-24 19:49:49,827] {twiter_hook.py:27} INFO - URL: https://labdados.com/2/tweets/search/recent?query=datascience&tweet.fields=author_id,conversation_id,created_at,id,in_reply_to_user_id,public_metrics,lang,text&expansions=author_id&user.fields=id,name,username,created_at&start_time=2024-12-22T00:00:00.00Z&end_time=2024-12-23T00:00:00.00Z&next_token=1234567890abcdef
[2024-12-24 19:49:49,933] {twiter_hook.py:27} INFO - URL: https://labdados.com/2/tweets/search/recent?query=datascience&tweet.fields=author_id,conversation_id,created_at,id,in_reply_to_user_id,public_metrics,lang,text&expansions=author_id&user.fields=id,name,username,created_at&start_time=2024-12-22T00:00:00.00Z&end_time=2024-12-23T00:00:00.00Z&next_token=1234567890abcdef
[2024-12-24 19:49:50,036] {twiter_hook.py:27} INFO - URL: https://labdados.com/2/tweets/search/recent?query=datascience&tweet.fields=author_id,conversation_id,created_at,id,in_reply_to_user_id,public_metrics,lang,text&expansions=author_id&user.fields=id,name,username,created_at&start_time=2024-12-22T00:00:00.00Z&end_time=2024-12-23T00:00:00.00Z&next_token=1234567890abcdef
[2024-12-24 19:49:50,147] {twiter_hook.py:27} INFO - URL: https://labdados.com/2/tweets/search/recent?query=datascience&tweet.fields=author_id,conversation_id,created_at,id,in_reply_to_user_id,public_metrics,lang,text&expansions=author_id&user.fields=id,name,username,created_at&start_time=2024-12-22T00:00:00.00Z&end_time=2024-12-23T00:00:00.00Z&next_token=1234567890abcdef
[2024-12-24 19:49:50,252] {twiter_hook.py:27} INFO - URL: https://labdados.com/2/tweets/search/recent?query=datascience&tweet.fields=author_id,conversation_id,created_at,id,in_reply_to_user_id,public_metrics,lang,text&expansions=author_id&user.fields=id,name,username,created_at&start_time=2024-12-22T00:00:00.00Z&end_time=2024-12-23T00:00:00.00Z&next_token=1234567890abcdef
[2024-12-24 19:49:50,356] {twiter_hook.py:27} INFO - URL: https://labdados.com/2/tweets/search/recent?query=datascience&tweet.fields=author_id,conversation_id,created_at,id,in_reply_to_user_id,public_metrics,lang,text&expansions=author_id&user.fields=id,name,username,created_at&start_time=2024-12-22T00:00:00.00Z&end_time=2024-12-23T00:00:00.00Z&next_token=1234567890abcdef
[2024-12-24 19:49:50,459] {twiter_hook.py:27} INFO - URL: https://labdados.com/2/tweets/search/recent?query=datascience&tweet.fields=author_id,conversation_id,created_at,id,in_reply_to_user_id,public_metrics,lang,text&expansions=author_id&user.fields=id,name,username,created_at&start_time=2024-12-22T00:00:00.00Z&end_time=2024-12-23T00:00:00.00Z&next_token=1234567890abcdef
[2024-12-24 19:49:50,595] {twiter_hook.py:27} INFO - URL: https://labdados.com/2/tweets/search/recent?query=datascience&tweet.fields=author_id,conversation_id,created_at,id,in_reply_to_user_id,public_metrics,lang,text&expansions=author_id&user.fields=id,name,username,created_at&start_time=2024-12-22T00:00:00.00Z&end_time=2024-12-23T00:00:00.00Z&next_token=1234567890abcdef
[2024-12-24 19:49:50,780] {taskinstance.py:1395} INFO - Marking task as SUCCESS. dag_id=TwitterDAG, task_id=twitter_datascience, execution_date=20241222T000000, start_date=20241224T224939, end_date=20241224T224950
[2024-12-24 19:49:50,835] {local_task_job.py:156} INFO - Task exited with return code 0
[2024-12-24 19:49:50,848] {local_task_job.py:273} INFO - 0 downstream tasks scheduled from follow-on schedule check
